[0.134s] -- The C compiler identification is GNU 7.4.0
[0.234s] -- The CXX compiler identification is GNU 7.4.0
[0.241s] -- Check for working C compiler: /usr/bin/cc
[0.352s] -- Check for working C compiler: /usr/bin/cc -- works
[0.353s] -- Detecting C compiler ABI info
[0.505s] -- Detecting C compiler ABI info - done
[0.513s] -- Detecting C compile features
[0.851s] -- Detecting C compile features - done
[0.856s] -- Check for working CXX compiler: /usr/bin/c++
[0.976s] -- Check for working CXX compiler: /usr/bin/c++ -- works
[0.977s] -- Detecting CXX compiler ABI info
[1.092s] -- Detecting CXX compiler ABI info - done
[1.092s] -- Detecting CXX compile features
[1.575s] -- Detecting CXX compile features - done
[1.580s] -- Found ament_cmake: 0.7.4 (/opt/ros/dashing/share/ament_cmake/cmake)
[1.667s] -- Found PythonInterp: /usr/bin/python3 (found suitable version "3.6.9", minimum required is "3") 
[1.668s] -- Using PYTHON_EXECUTABLE: /usr/bin/python3
[1.960s] -- Override CMake install command with custom implementation using symlinks instead of copying resources
[2.084s] -- Configuring done
[2.086s] -- Generating done
[2.086s] -- Build files have been written to: /home/common/colcon_ws/build/turtlebot3_bringup
