[0.138s] -- The C compiler identification is GNU 7.4.0
[0.227s] -- The CXX compiler identification is GNU 7.4.0
[0.234s] -- Check for working C compiler: /usr/bin/cc
[0.350s] -- Check for working C compiler: /usr/bin/cc -- works
[0.351s] -- Detecting C compiler ABI info
[0.467s] -- Detecting C compiler ABI info - done
[0.476s] -- Detecting C compile features
[0.818s] -- Detecting C compile features - done
[0.821s] -- Check for working CXX compiler: /usr/bin/c++
[0.956s] -- Check for working CXX compiler: /usr/bin/c++ -- works
[0.957s] -- Detecting CXX compiler ABI info
[1.116s] -- Detecting CXX compiler ABI info - done
[1.124s] -- Detecting CXX compile features
[1.675s] -- Detecting CXX compile features - done
[1.682s] -- Found ament_cmake: 0.7.4 (/opt/ros/dashing/share/ament_cmake/cmake)
[1.765s] -- Found PythonInterp: /usr/bin/python3 (found suitable version "3.6.9", minimum required is "3") 
[1.766s] -- Using PYTHON_EXECUTABLE: /usr/bin/python3
[2.167s] -- Override CMake install command with custom implementation using symlinks instead of copying resources
[2.250s] -- Found example_interfaces: 0.7.1 (/opt/ros/dashing/share/example_interfaces/cmake)
[2.306s] -- Found rosidl_adapter: 0.7.8 (/opt/ros/dashing/share/rosidl_adapter/cmake)
[2.438s] -- Found rclcpp: 0.7.12 (/opt/ros/dashing/share/rclcpp/cmake)
[2.477s] -- Found rmw_implementation_cmake: 0.7.2 (/opt/ros/dashing/share/rmw_implementation_cmake/cmake)
[2.483s] -- Using RMW implementation 'rmw_fastrtps_cpp' as default
[2.484s] -- Looking for pthread.h
[2.604s] -- Looking for pthread.h - found
[2.605s] -- Looking for pthread_create
[2.936s] -- Looking for pthread_create - not found
[2.937s] -- Looking for pthread_create in pthreads
[3.344s] -- Looking for pthread_create in pthreads - not found
[3.344s] -- Looking for pthread_create in pthread
[3.742s] -- Looking for pthread_create in pthread - found
[3.744s] -- Found Threads: TRUE  
[3.899s] -- Found rclcpp_action: 0.7.12 (/opt/ros/dashing/share/rclcpp_action/cmake)
[5.014s] -- Configuring done
[5.159s] -- Generating done
[5.184s] -- Build files have been written to: /home/common/colcon_ws/build/examples_rclcpp_minimal_action_client
[5.460s] [35m[1mScanning dependencies of target action_client_member_functions[0m
[5.497s] [35m[1mScanning dependencies of target action_client_not_composable[0m
[5.498s] [35m[1mScanning dependencies of target action_client_not_composable_with_cancel[0m
[5.498s] [35m[1mScanning dependencies of target action_client_not_composable_with_feedback[0m
[5.608s] [ 12%] [32mBuilding CXX object CMakeFiles/action_client_member_functions.dir/member_functions.cpp.o[0m
[5.614s] [ 25%] [32mBuilding CXX object CMakeFiles/action_client_not_composable_with_cancel.dir/not_composable_with_cancel.cpp.o[0m
[5.664s] [ 37%] [32mBuilding CXX object CMakeFiles/action_client_not_composable.dir/not_composable.cpp.o[0m
[5.664s] [ 50%] [32mBuilding CXX object CMakeFiles/action_client_not_composable_with_feedback.dir/not_composable_with_feedback.cpp.o[0m
[14.096s] [ 62%] [32m[1mLinking CXX executable action_client_not_composable_with_feedback[0m
[14.553s] [ 75%] [32m[1mLinking CXX executable action_client_not_composable[0m
[14.583s] [ 75%] Built target action_client_not_composable_with_feedback
[14.633s] [ 87%] [32m[1mLinking CXX executable action_client_not_composable_with_cancel[0m
[14.761s] [100%] [32m[1mLinking CXX executable action_client_member_functions[0m
[15.093s] [100%] Built target action_client_not_composable_with_cancel
[15.093s] [100%] Built target action_client_not_composable
[15.262s] [100%] Built target action_client_member_functions
[16.344s] [ 25%] Built target action_client_not_composable_with_cancel
[16.376s] [ 50%] Built target action_client_not_composable_with_feedback
[16.378s] [100%] Built target action_client_member_functions
[16.379s] [ 75%] Built target action_client_not_composable
[16.502s] [36mInstall the project...[0m
[16.554s] -- Install configuration: ""
[16.555s] -- Execute custom install script
[16.572s] -- Up-to-date symlink: /home/common/colcon_ws/install/examples_rclcpp_minimal_action_client/lib/examples_rclcpp_minimal_action_client/action_client_member_functions
[16.572s] -- Up-to-date symlink: /home/common/colcon_ws/install/examples_rclcpp_minimal_action_client/lib/examples_rclcpp_minimal_action_client/action_client_not_composable
[16.573s] -- Up-to-date symlink: /home/common/colcon_ws/install/examples_rclcpp_minimal_action_client/lib/examples_rclcpp_minimal_action_client/action_client_not_composable_with_cancel
[16.573s] -- Up-to-date symlink: /home/common/colcon_ws/install/examples_rclcpp_minimal_action_client/lib/examples_rclcpp_minimal_action_client/action_client_not_composable_with_feedback
[16.574s] -- Up-to-date symlink: /home/common/colcon_ws/install/examples_rclcpp_minimal_action_client/share/ament_index/resource_index/package_run_dependencies/examples_rclcpp_minimal_action_client
[16.574s] -- Up-to-date symlink: /home/common/colcon_ws/install/examples_rclcpp_minimal_action_client/share/ament_index/resource_index/parent_prefix_path/examples_rclcpp_minimal_action_client
[16.575s] -- Up-to-date symlink: /home/common/colcon_ws/install/examples_rclcpp_minimal_action_client/share/examples_rclcpp_minimal_action_client/environment/ament_prefix_path.sh
[16.576s] -- Up-to-date symlink: /home/common/colcon_ws/install/examples_rclcpp_minimal_action_client/share/examples_rclcpp_minimal_action_client/environment/path.sh
[16.576s] -- Up-to-date symlink: /home/common/colcon_ws/install/examples_rclcpp_minimal_action_client/share/examples_rclcpp_minimal_action_client/local_setup.bash
[16.577s] -- Up-to-date symlink: /home/common/colcon_ws/install/examples_rclcpp_minimal_action_client/share/examples_rclcpp_minimal_action_client/local_setup.sh
[16.577s] -- Up-to-date symlink: /home/common/colcon_ws/install/examples_rclcpp_minimal_action_client/share/examples_rclcpp_minimal_action_client/local_setup.zsh
[16.578s] -- Up-to-date symlink: /home/common/colcon_ws/install/examples_rclcpp_minimal_action_client/share/ament_index/resource_index/packages/examples_rclcpp_minimal_action_client
[16.578s] -- Up-to-date symlink: /home/common/colcon_ws/install/examples_rclcpp_minimal_action_client/share/examples_rclcpp_minimal_action_client/cmake/examples_rclcpp_minimal_action_clientConfig.cmake
[16.579s] -- Up-to-date symlink: /home/common/colcon_ws/install/examples_rclcpp_minimal_action_client/share/examples_rclcpp_minimal_action_client/cmake/examples_rclcpp_minimal_action_clientConfig-version.cmake
[16.579s] -- Symlinking: /home/common/colcon_ws/install/examples_rclcpp_minimal_action_client/share/examples_rclcpp_minimal_action_client/package.xml
