[0.065s] Invoking command in '/home/common/colcon_ws/build/turtlebot3_msgs': CMAKE_PREFIX_PATH=/opt/ros/dashing:${CMAKE_PREFIX_PATH} /usr/bin/cmake --build /home/common/colcon_ws/build/turtlebot3_msgs -- -j8 -l8
[0.133s] [  1%] Built target turtlebot3_msgs__cpp
[0.133s] [ 13%] Built target turtlebot3_msgs__rosidl_generator_c
[0.185s] [ 24%] Built target turtlebot3_msgs__rosidl_typesupport_fastrtps_cpp
[0.191s] [ 35%] Built target turtlebot3_msgs__rosidl_typesupport_introspection_c
[0.196s] [ 47%] Built target turtlebot3_msgs__rosidl_typesupport_introspection_cpp
[0.248s] [ 58%] Built target turtlebot3_msgs__rosidl_typesupport_cpp
[0.268s] [ 69%] Built target turtlebot3_msgs__rosidl_typesupport_fastrtps_c
[0.324s] [ 81%] Built target turtlebot3_msgs__rosidl_typesupport_c
[0.360s] [ 81%] Built target turtlebot3_msgs
[0.391s] [ 83%] Built target turtlebot3_msgs__py
[0.431s] [ 92%] Built target turtlebot3_msgs__python
[0.476s] [ 96%] Built target turtlebot3_msgs__rosidl_typesupport_fastrtps_c__pyext
[0.477s] [100%] Built target turtlebot3_msgs__rosidl_typesupport_c__pyext
[0.521s] Invoked command in '/home/common/colcon_ws/build/turtlebot3_msgs' returned '0': CMAKE_PREFIX_PATH=/opt/ros/dashing:${CMAKE_PREFIX_PATH} /usr/bin/cmake --build /home/common/colcon_ws/build/turtlebot3_msgs -- -j8 -l8
[0.714s] Invoking command in '/home/common/colcon_ws/build/turtlebot3_msgs': CMAKE_PREFIX_PATH=/opt/ros/dashing:${CMAKE_PREFIX_PATH} /usr/bin/cmake --build /home/common/colcon_ws/build/turtlebot3_msgs --target install -- -j8 -l8
[0.789s] [  1%] Built target turtlebot3_msgs__cpp
[0.793s] [ 13%] Built target turtlebot3_msgs__rosidl_generator_c
[0.823s] [ 24%] Built target turtlebot3_msgs__rosidl_typesupport_introspection_cpp
[0.829s] [ 35%] Built target turtlebot3_msgs__rosidl_typesupport_fastrtps_cpp
[0.834s] [ 47%] Built target turtlebot3_msgs__rosidl_typesupport_introspection_c
[0.870s] [ 67%] Built target turtlebot3_msgs__rosidl_typesupport_cpp
[0.870s] [ 69%] Built target turtlebot3_msgs__rosidl_typesupport_fastrtps_c
[0.900s] [ 81%] Built target turtlebot3_msgs__rosidl_typesupport_c
[0.922s] [ 81%] Built target turtlebot3_msgs
[0.946s] [ 83%] Built target turtlebot3_msgs__py
[0.987s] [ 92%] Built target turtlebot3_msgs__python
[1.021s] [ 96%] Built target turtlebot3_msgs__rosidl_typesupport_fastrtps_c__pyext
[1.024s] [100%] Built target turtlebot3_msgs__rosidl_typesupport_c__pyext
[1.047s] [36mInstall the project...[0m
[1.057s] -- Install configuration: ""
[1.057s] -- Execute custom install script
[1.057s] -- Up-to-date symlink: /home/common/colcon_ws/install/turtlebot3_msgs/share/ament_index/resource_index/rosidl_interfaces/turtlebot3_msgs
[1.058s] -- Up-to-date symlink: /home/common/colcon_ws/install/turtlebot3_msgs/lib/libturtlebot3_msgs__rosidl_typesupport_c.so
[1.058s] -- Up-to-date symlink: /home/common/colcon_ws/install/turtlebot3_msgs/share/turtlebot3_msgs/environment/library_path.sh
[1.058s] -- Up-to-date symlink: /home/common/colcon_ws/install/turtlebot3_msgs/lib/libturtlebot3_msgs__rosidl_typesupport_cpp.so
[1.059s] -- Up-to-date symlink: /home/common/colcon_ws/install/turtlebot3_msgs/include/turtlebot3_msgs/msg/rosidl_typesupport_fastrtps_c__visibility_control.h
[1.059s] -- Up-to-date symlink: /home/common/colcon_ws/install/turtlebot3_msgs/include/turtlebot3_msgs/msg/sensor_state__rosidl_typesupport_fastrtps_c.h
[1.060s] -- Up-to-date symlink: /home/common/colcon_ws/install/turtlebot3_msgs/include/turtlebot3_msgs/msg/sound__rosidl_typesupport_fastrtps_c.h
[1.060s] -- Up-to-date symlink: /home/common/colcon_ws/install/turtlebot3_msgs/include/turtlebot3_msgs/msg/version_info__rosidl_typesupport_fastrtps_c.h
[1.060s] -- Up-to-date symlink: /home/common/colcon_ws/install/turtlebot3_msgs/include/turtlebot3_msgs/srv/sound__rosidl_typesupport_fastrtps_c.h
[1.060s] -- Up-to-date symlink: /home/common/colcon_ws/install/turtlebot3_msgs/lib/libturtlebot3_msgs__rosidl_typesupport_fastrtps_c.so
[1.061s] -- Up-to-date symlink: /home/common/colcon_ws/install/turtlebot3_msgs/include/turtlebot3_msgs/msg/rosidl_generator_c__visibility_control.h
[1.061s] -- Up-to-date symlink: /home/common/colcon_ws/install/turtlebot3_msgs/include/turtlebot3_msgs/msg/sensor_state.h
[1.061s] -- Up-to-date symlink: /home/common/colcon_ws/install/turtlebot3_msgs/include/turtlebot3_msgs/msg/sensor_state__functions.h
[1.061s] -- Up-to-date symlink: /home/common/colcon_ws/install/turtlebot3_msgs/include/turtlebot3_msgs/msg/sensor_state__struct.h
[1.061s] -- Up-to-date symlink: /home/common/colcon_ws/install/turtlebot3_msgs/include/turtlebot3_msgs/msg/sensor_state__type_support.h
[1.061s] -- Up-to-date symlink: /home/common/colcon_ws/install/turtlebot3_msgs/include/turtlebot3_msgs/msg/sound.h
[1.061s] -- Up-to-date symlink: /home/common/colcon_ws/install/turtlebot3_msgs/include/turtlebot3_msgs/msg/sound__functions.h
[1.062s] -- Up-to-date symlink: /home/common/colcon_ws/install/turtlebot3_msgs/include/turtlebot3_msgs/msg/sound__struct.h
[1.062s] -- Up-to-date symlink: /home/common/colcon_ws/install/turtlebot3_msgs/include/turtlebot3_msgs/msg/sound__type_support.h
[1.062s] -- Up-to-date symlink: /home/common/colcon_ws/install/turtlebot3_msgs/include/turtlebot3_msgs/msg/version_info.h
[1.062s] -- Up-to-date symlink: /home/common/colcon_ws/install/turtlebot3_msgs/include/turtlebot3_msgs/msg/version_info__functions.h
[1.062s] -- Up-to-date symlink: /home/common/colcon_ws/install/turtlebot3_msgs/include/turtlebot3_msgs/msg/version_info__struct.h
[1.062s] -- Up-to-date symlink: /home/common/colcon_ws/install/turtlebot3_msgs/include/turtlebot3_msgs/msg/version_info__type_support.h
[1.062s] -- Up-to-date symlink: /home/common/colcon_ws/install/turtlebot3_msgs/include/turtlebot3_msgs/srv/sound.h
[1.063s] -- Up-to-date symlink: /home/common/colcon_ws/install/turtlebot3_msgs/include/turtlebot3_msgs/srv/sound__functions.h
[1.063s] -- Up-to-date symlink: /home/common/colcon_ws/install/turtlebot3_msgs/include/turtlebot3_msgs/srv/sound__struct.h
[1.063s] -- Up-to-date symlink: /home/common/colcon_ws/install/turtlebot3_msgs/include/turtlebot3_msgs/srv/sound__type_support.h
[1.063s] -- Up-to-date symlink: /home/common/colcon_ws/install/turtlebot3_msgs/lib/libturtlebot3_msgs__rosidl_generator_c.so
[1.064s] -- Up-to-date symlink: /home/common/colcon_ws/install/turtlebot3_msgs/include/turtlebot3_msgs/msg/rosidl_typesupport_fastrtps_cpp__visibility_control.h
[1.064s] -- Up-to-date symlink: /home/common/colcon_ws/install/turtlebot3_msgs/include/turtlebot3_msgs/msg/sensor_state__rosidl_typesupport_fastrtps_cpp.hpp
[1.064s] -- Up-to-date symlink: /home/common/colcon_ws/install/turtlebot3_msgs/include/turtlebot3_msgs/msg/sound__rosidl_typesupport_fastrtps_cpp.hpp
[1.064s] -- Up-to-date symlink: /home/common/colcon_ws/install/turtlebot3_msgs/include/turtlebot3_msgs/msg/version_info__rosidl_typesupport_fastrtps_cpp.hpp
[1.064s] -- Up-to-date symlink: /home/common/colcon_ws/install/turtlebot3_msgs/include/turtlebot3_msgs/srv/sound__rosidl_typesupport_fastrtps_cpp.hpp
[1.065s] -- Up-to-date symlink: /home/common/colcon_ws/install/turtlebot3_msgs/lib/libturtlebot3_msgs__rosidl_typesupport_fastrtps_cpp.so
[1.065s] -- Up-to-date symlink: /home/common/colcon_ws/install/turtlebot3_msgs/include/turtlebot3_msgs/msg/sensor_state.hpp
[1.065s] -- Up-to-date symlink: /home/common/colcon_ws/install/turtlebot3_msgs/include/turtlebot3_msgs/msg/sensor_state__struct.hpp
[1.066s] -- Up-to-date symlink: /home/common/colcon_ws/install/turtlebot3_msgs/include/turtlebot3_msgs/msg/sensor_state__traits.hpp
[1.066s] -- Up-to-date symlink: /home/common/colcon_ws/install/turtlebot3_msgs/include/turtlebot3_msgs/msg/sound.hpp
[1.066s] -- Up-to-date symlink: /home/common/colcon_ws/install/turtlebot3_msgs/include/turtlebot3_msgs/msg/sound__struct.hpp
[1.066s] -- Up-to-date symlink: /home/common/colcon_ws/install/turtlebot3_msgs/include/turtlebot3_msgs/msg/sound__traits.hpp
[1.066s] -- Up-to-date symlink: /home/common/colcon_ws/install/turtlebot3_msgs/include/turtlebot3_msgs/msg/version_info.hpp
[1.066s] -- Up-to-date symlink: /home/common/colcon_ws/install/turtlebot3_msgs/include/turtlebot3_msgs/msg/version_info__struct.hpp
[1.067s] -- Up-to-date symlink: /home/common/colcon_ws/install/turtlebot3_msgs/include/turtlebot3_msgs/msg/version_info__traits.hpp
[1.067s] -- Up-to-date symlink: /home/common/colcon_ws/install/turtlebot3_msgs/include/turtlebot3_msgs/srv/sound.hpp
[1.067s] -- Up-to-date symlink: /home/common/colcon_ws/install/turtlebot3_msgs/include/turtlebot3_msgs/srv/sound__struct.hpp
[1.067s] -- Up-to-date symlink: /home/common/colcon_ws/install/turtlebot3_msgs/include/turtlebot3_msgs/srv/sound__traits.hpp
[1.067s] -- Up-to-date symlink: /home/common/colcon_ws/install/turtlebot3_msgs/include/turtlebot3_msgs/msg/rosidl_typesupport_introspection_c__visibility_control.h
[1.067s] -- Up-to-date symlink: /home/common/colcon_ws/install/turtlebot3_msgs/include/turtlebot3_msgs/msg/sensor_state__rosidl_typesupport_introspection_c.h
[1.068s] -- Up-to-date symlink: /home/common/colcon_ws/install/turtlebot3_msgs/include/turtlebot3_msgs/msg/sound__rosidl_typesupport_introspection_c.h
[1.068s] -- Up-to-date symlink: /home/common/colcon_ws/install/turtlebot3_msgs/include/turtlebot3_msgs/msg/version_info__rosidl_typesupport_introspection_c.h
[1.068s] -- Up-to-date symlink: /home/common/colcon_ws/install/turtlebot3_msgs/include/turtlebot3_msgs/srv/sound__rosidl_typesupport_introspection_c.h
[1.068s] -- Up-to-date symlink: /home/common/colcon_ws/install/turtlebot3_msgs/lib/libturtlebot3_msgs__rosidl_typesupport_introspection_c.so
[1.069s] -- Up-to-date symlink: /home/common/colcon_ws/install/turtlebot3_msgs/include/turtlebot3_msgs/msg/sensor_state__rosidl_typesupport_introspection_cpp.hpp
[1.069s] -- Up-to-date symlink: /home/common/colcon_ws/install/turtlebot3_msgs/include/turtlebot3_msgs/msg/sound__rosidl_typesupport_introspection_cpp.hpp
[1.069s] -- Up-to-date symlink: /home/common/colcon_ws/install/turtlebot3_msgs/include/turtlebot3_msgs/msg/version_info__rosidl_typesupport_introspection_cpp.hpp
[1.069s] -- Up-to-date symlink: /home/common/colcon_ws/install/turtlebot3_msgs/include/turtlebot3_msgs/srv/sound__rosidl_typesupport_introspection_cpp.hpp
[1.069s] -- Up-to-date symlink: /home/common/colcon_ws/install/turtlebot3_msgs/lib/libturtlebot3_msgs__rosidl_typesupport_introspection_cpp.so
[1.070s] -- Up-to-date symlink: /home/common/colcon_ws/install/turtlebot3_msgs/share/turtlebot3_msgs/environment/pythonpath.sh
[1.070s] -- Up-to-date symlink: /home/common/colcon_ws/install/turtlebot3_msgs/lib/python3.6/site-packages/turtlebot3_msgs/__init__.py
[1.070s] -- Up-to-date symlink: /home/common/colcon_ws/install/turtlebot3_msgs/lib/python3.6/site-packages/turtlebot3_msgs/msg/__init__.py
[1.071s] -- Up-to-date symlink: /home/common/colcon_ws/install/turtlebot3_msgs/lib/python3.6/site-packages/turtlebot3_msgs/msg/_sensor_state.py
[1.071s] -- Up-to-date symlink: /home/common/colcon_ws/install/turtlebot3_msgs/lib/python3.6/site-packages/turtlebot3_msgs/msg/_sound.py
[1.071s] -- Up-to-date symlink: /home/common/colcon_ws/install/turtlebot3_msgs/lib/python3.6/site-packages/turtlebot3_msgs/msg/_version_info.py
[1.071s] -- Up-to-date symlink: /home/common/colcon_ws/install/turtlebot3_msgs/lib/python3.6/site-packages/turtlebot3_msgs/srv/__init__.py
[1.071s] -- Up-to-date symlink: /home/common/colcon_ws/install/turtlebot3_msgs/lib/python3.6/site-packages/turtlebot3_msgs/srv/_sound.py
[1.072s] -- Up-to-date symlink: /home/common/colcon_ws/install/turtlebot3_msgs/lib/python3.6/site-packages/turtlebot3_msgs/turtlebot3_msgs_s__rosidl_typesupport_c.cpython-36m-x86_64-linux-gnu.so
[1.072s] -- Up-to-date symlink: /home/common/colcon_ws/install/turtlebot3_msgs/lib/python3.6/site-packages/turtlebot3_msgs/turtlebot3_msgs_s__rosidl_typesupport_fastrtps_c.cpython-36m-x86_64-linux-gnu.so
[1.072s] -- Up-to-date symlink: /home/common/colcon_ws/install/turtlebot3_msgs/lib/libturtlebot3_msgs__python.so
[1.073s] -- Up-to-date symlink: /home/common/colcon_ws/install/turtlebot3_msgs/share/turtlebot3_msgs/msg/SensorState.idl
[1.073s] -- Up-to-date symlink: /home/common/colcon_ws/install/turtlebot3_msgs/share/turtlebot3_msgs/msg/Sound.idl
[1.073s] -- Up-to-date symlink: /home/common/colcon_ws/install/turtlebot3_msgs/share/turtlebot3_msgs/msg/VersionInfo.idl
[1.073s] -- Up-to-date symlink: /home/common/colcon_ws/install/turtlebot3_msgs/share/turtlebot3_msgs/srv/Sound.idl
[1.074s] -- Up-to-date symlink: /home/common/colcon_ws/install/turtlebot3_msgs/share/turtlebot3_msgs/msg/SensorState.msg
[1.074s] -- Up-to-date symlink: /home/common/colcon_ws/install/turtlebot3_msgs/share/turtlebot3_msgs/msg/Sound.msg
[1.074s] -- Up-to-date symlink: /home/common/colcon_ws/install/turtlebot3_msgs/share/turtlebot3_msgs/msg/VersionInfo.msg
[1.074s] -- Up-to-date symlink: /home/common/colcon_ws/install/turtlebot3_msgs/share/turtlebot3_msgs/srv/Sound.srv
[1.075s] -- Up-to-date symlink: /home/common/colcon_ws/install/turtlebot3_msgs/share/turtlebot3_msgs/srv/Sound_Request.msg
[1.075s] -- Up-to-date symlink: /home/common/colcon_ws/install/turtlebot3_msgs/share/turtlebot3_msgs/srv/Sound_Response.msg
[1.075s] -- Up-to-date symlink: /home/common/colcon_ws/install/turtlebot3_msgs/share/ament_index/resource_index/package_run_dependencies/turtlebot3_msgs
[1.075s] -- Up-to-date symlink: /home/common/colcon_ws/install/turtlebot3_msgs/share/ament_index/resource_index/parent_prefix_path/turtlebot3_msgs
[1.075s] -- Up-to-date symlink: /home/common/colcon_ws/install/turtlebot3_msgs/share/turtlebot3_msgs/environment/ament_prefix_path.sh
[1.076s] -- Up-to-date symlink: /home/common/colcon_ws/install/turtlebot3_msgs/share/turtlebot3_msgs/environment/path.sh
[1.076s] -- Up-to-date symlink: /home/common/colcon_ws/install/turtlebot3_msgs/share/turtlebot3_msgs/local_setup.bash
[1.076s] -- Up-to-date symlink: /home/common/colcon_ws/install/turtlebot3_msgs/share/turtlebot3_msgs/local_setup.sh
[1.076s] -- Up-to-date symlink: /home/common/colcon_ws/install/turtlebot3_msgs/share/turtlebot3_msgs/local_setup.zsh
[1.076s] -- Up-to-date symlink: /home/common/colcon_ws/install/turtlebot3_msgs/share/ament_index/resource_index/packages/turtlebot3_msgs
[1.077s] -- Up-to-date symlink: /home/common/colcon_ws/install/turtlebot3_msgs/share/turtlebot3_msgs/cmake/rosidl_cmake-extras.cmake
[1.077s] -- Up-to-date symlink: /home/common/colcon_ws/install/turtlebot3_msgs/share/turtlebot3_msgs/cmake/ament_cmake_export_dependencies-extras.cmake
[1.077s] -- Up-to-date symlink: /home/common/colcon_ws/install/turtlebot3_msgs/share/turtlebot3_msgs/cmake/ament_cmake_export_libraries-extras.cmake
[1.077s] -- Up-to-date symlink: /home/common/colcon_ws/install/turtlebot3_msgs/share/turtlebot3_msgs/cmake/ament_cmake_export_include_directories-extras.cmake
[1.078s] -- Up-to-date symlink: /home/common/colcon_ws/install/turtlebot3_msgs/share/turtlebot3_msgs/cmake/turtlebot3_msgsConfig.cmake
[1.078s] -- Up-to-date symlink: /home/common/colcon_ws/install/turtlebot3_msgs/share/turtlebot3_msgs/cmake/turtlebot3_msgsConfig-version.cmake
[1.078s] -- Up-to-date symlink: /home/common/colcon_ws/install/turtlebot3_msgs/share/turtlebot3_msgs/package.xml
[1.584s] Invoked command in '/home/common/colcon_ws/build/turtlebot3_msgs' returned '0': CMAKE_PREFIX_PATH=/opt/ros/dashing:${CMAKE_PREFIX_PATH} /usr/bin/cmake --build /home/common/colcon_ws/build/turtlebot3_msgs --target install -- -j8 -l8
