[0.036s] Invoking command in '/home/common/colcon_ws/build/turtlebot3_description': CMAKE_PREFIX_PATH=/opt/ros/dashing:${CMAKE_PREFIX_PATH} /usr/bin/cmake /home/common/colcon_ws/src/ros2_tms/turtlebot3/turtlebot3/turtlebot3_description -DAMENT_CMAKE_SYMLINK_INSTALL=1 -DCMAKE_INSTALL_PREFIX=/home/common/colcon_ws/install/turtlebot3_description
[0.076s] -- Found ament_cmake: 0.7.4 (/opt/ros/dashing/share/ament_cmake/cmake)
[0.086s] -- Found PythonInterp: /usr/bin/python3 (found suitable version "3.6.9", minimum required is "3") 
[0.087s] -- Using PYTHON_EXECUTABLE: /usr/bin/python3
[0.391s] -- Override CMake install command with custom implementation using symlinks instead of copying resources
[0.424s] -- Found urdf: 2.2.0 (/opt/ros/dashing/share/urdf/cmake)
[0.803s] -- Configuring done
[0.805s] -- Generating done
[0.806s] -- Build files have been written to: /home/common/colcon_ws/build/turtlebot3_description
[0.813s] Invoked command in '/home/common/colcon_ws/build/turtlebot3_description' returned '0': CMAKE_PREFIX_PATH=/opt/ros/dashing:${CMAKE_PREFIX_PATH} /usr/bin/cmake /home/common/colcon_ws/src/ros2_tms/turtlebot3/turtlebot3/turtlebot3_description -DAMENT_CMAKE_SYMLINK_INSTALL=1 -DCMAKE_INSTALL_PREFIX=/home/common/colcon_ws/install/turtlebot3_description
[0.814s] Invoking command in '/home/common/colcon_ws/build/turtlebot3_description': CMAKE_PREFIX_PATH=/opt/ros/dashing:${CMAKE_PREFIX_PATH} /usr/bin/cmake --build /home/common/colcon_ws/build/turtlebot3_description -- -j8 -l8
[0.885s] Invoked command in '/home/common/colcon_ws/build/turtlebot3_description' returned '0': CMAKE_PREFIX_PATH=/opt/ros/dashing:${CMAKE_PREFIX_PATH} /usr/bin/cmake --build /home/common/colcon_ws/build/turtlebot3_description -- -j8 -l8
[1.143s] Invoking command in '/home/common/colcon_ws/build/turtlebot3_description': CMAKE_PREFIX_PATH=/opt/ros/dashing:${CMAKE_PREFIX_PATH} /usr/bin/cmake --build /home/common/colcon_ws/build/turtlebot3_description --target install -- -j8 -l8
[1.325s] [36mInstall the project...[0m
[1.340s] -- Install configuration: ""
[1.341s] -- Execute custom install script
[1.342s] -- Symlinking: /home/common/colcon_ws/install/turtlebot3_description/share/turtlebot3_description/meshes/bases/burger_base.stl
[1.371s] -- Symlinking: /home/common/colcon_ws/install/turtlebot3_description/share/turtlebot3_description/meshes/bases/waffle_base.stl
[1.394s] -- Symlinking: /home/common/colcon_ws/install/turtlebot3_description/share/turtlebot3_description/meshes/bases/waffle_pi_base.stl
[1.409s] -- Symlinking: /home/common/colcon_ws/install/turtlebot3_description/share/turtlebot3_description/meshes/sensors/astra.dae
[1.424s] -- Symlinking: /home/common/colcon_ws/install/turtlebot3_description/share/turtlebot3_description/meshes/sensors/astra.jpg
[1.443s] -- Symlinking: /home/common/colcon_ws/install/turtlebot3_description/share/turtlebot3_description/meshes/sensors/lds.stl
[1.458s] -- Symlinking: /home/common/colcon_ws/install/turtlebot3_description/share/turtlebot3_description/meshes/sensors/r200.dae
[1.474s] -- Symlinking: /home/common/colcon_ws/install/turtlebot3_description/share/turtlebot3_description/meshes/sensors/r200.jpg
[1.488s] -- Symlinking: /home/common/colcon_ws/install/turtlebot3_description/share/turtlebot3_description/meshes/wheels/left_tire.stl
[1.504s] -- Symlinking: /home/common/colcon_ws/install/turtlebot3_description/share/turtlebot3_description/meshes/wheels/right_tire.stl
[1.522s] -- Symlinking: /home/common/colcon_ws/install/turtlebot3_description/share/turtlebot3_description/rviz/model.rviz
[1.537s] -- Symlinking: /home/common/colcon_ws/install/turtlebot3_description/share/turtlebot3_description/urdf/common_properties.urdf
[1.552s] -- Symlinking: /home/common/colcon_ws/install/turtlebot3_description/share/turtlebot3_description/urdf/turtlebot3_burger.urdf
[1.567s] -- Symlinking: /home/common/colcon_ws/install/turtlebot3_description/share/turtlebot3_description/urdf/turtlebot3_waffle.urdf
[1.579s] -- Symlinking: /home/common/colcon_ws/install/turtlebot3_description/share/turtlebot3_description/urdf/turtlebot3_waffle_pi.urdf
[1.594s] -- Symlinking: /home/common/colcon_ws/install/turtlebot3_description/share/ament_index/resource_index/package_run_dependencies/turtlebot3_description
[1.604s] -- Symlinking: /home/common/colcon_ws/install/turtlebot3_description/share/ament_index/resource_index/parent_prefix_path/turtlebot3_description
[1.614s] -- Symlinking: /home/common/colcon_ws/install/turtlebot3_description/share/turtlebot3_description/environment/ament_prefix_path.sh
[1.628s] -- Symlinking: /home/common/colcon_ws/install/turtlebot3_description/share/turtlebot3_description/environment/path.sh
[1.641s] -- Symlinking: /home/common/colcon_ws/install/turtlebot3_description/share/turtlebot3_description/local_setup.bash
[1.650s] -- Symlinking: /home/common/colcon_ws/install/turtlebot3_description/share/turtlebot3_description/local_setup.sh
[1.665s] -- Symlinking: /home/common/colcon_ws/install/turtlebot3_description/share/turtlebot3_description/local_setup.zsh
[1.678s] -- Symlinking: /home/common/colcon_ws/install/turtlebot3_description/share/ament_index/resource_index/packages/turtlebot3_description
[1.690s] -- Symlinking: /home/common/colcon_ws/install/turtlebot3_description/share/turtlebot3_description/cmake/turtlebot3_descriptionConfig.cmake
[1.704s] -- Symlinking: /home/common/colcon_ws/install/turtlebot3_description/share/turtlebot3_description/cmake/turtlebot3_descriptionConfig-version.cmake
[1.719s] -- Symlinking: /home/common/colcon_ws/install/turtlebot3_description/share/turtlebot3_description/package.xml
[1.831s] Invoked command in '/home/common/colcon_ws/build/turtlebot3_description' returned '0': CMAKE_PREFIX_PATH=/opt/ros/dashing:${CMAKE_PREFIX_PATH} /usr/bin/cmake --build /home/common/colcon_ws/build/turtlebot3_description --target install -- -j8 -l8
