[1.125s] running develop
[1.874s] running egg_info
[1.874s] writing /home/common/colcon_ws/build/tms_rc_double/tms_rc_double.egg-info/PKG-INFO
[1.874s] writing dependency_links to /home/common/colcon_ws/build/tms_rc_double/tms_rc_double.egg-info/dependency_links.txt
[1.874s] writing entry points to /home/common/colcon_ws/build/tms_rc_double/tms_rc_double.egg-info/entry_points.txt
[1.875s] writing requirements to /home/common/colcon_ws/build/tms_rc_double/tms_rc_double.egg-info/requires.txt
[1.875s] writing top-level names to /home/common/colcon_ws/build/tms_rc_double/tms_rc_double.egg-info/top_level.txt
[1.903s] reading manifest file '/home/common/colcon_ws/build/tms_rc_double/tms_rc_double.egg-info/SOURCES.txt'
[1.904s] writing manifest file '/home/common/colcon_ws/build/tms_rc_double/tms_rc_double.egg-info/SOURCES.txt'
[1.904s] running build
[1.904s] running build_py
[1.904s] creating /home/common/colcon_ws/build/tms_rc_double/build
[1.904s] creating /home/common/colcon_ws/build/tms_rc_double/build/lib
[1.905s] creating /home/common/colcon_ws/build/tms_rc_double/build/lib/tms_rc_double
[1.905s] copying tms_rc_double/double_node.py -> /home/common/colcon_ws/build/tms_rc_double/build/lib/tms_rc_double
[1.905s] copying tms_rc_double/vicon_control.py -> /home/common/colcon_ws/build/tms_rc_double/build/lib/tms_rc_double
[1.905s] copying tms_rc_double/convert_twist2vector3.py -> /home/common/colcon_ws/build/tms_rc_double/build/lib/tms_rc_double
[1.905s] copying tms_rc_double/__init__.py -> /home/common/colcon_ws/build/tms_rc_double/build/lib/tms_rc_double
[1.905s] running install
[1.905s] running install_lib
[1.905s] creating /home/common/colcon_ws/install/tms_rc_double/lib/python3.6/site-packages/tms_rc_double
[1.906s] copying /home/common/colcon_ws/build/tms_rc_double/build/lib/tms_rc_double/double_node.py -> /home/common/colcon_ws/install/tms_rc_double/lib/python3.6/site-packages/tms_rc_double
[1.906s] copying /home/common/colcon_ws/build/tms_rc_double/build/lib/tms_rc_double/vicon_control.py -> /home/common/colcon_ws/install/tms_rc_double/lib/python3.6/site-packages/tms_rc_double
[1.906s] copying /home/common/colcon_ws/build/tms_rc_double/build/lib/tms_rc_double/convert_twist2vector3.py -> /home/common/colcon_ws/install/tms_rc_double/lib/python3.6/site-packages/tms_rc_double
[1.906s] copying /home/common/colcon_ws/build/tms_rc_double/build/lib/tms_rc_double/__init__.py -> /home/common/colcon_ws/install/tms_rc_double/lib/python3.6/site-packages/tms_rc_double
[1.906s] byte-compiling /home/common/colcon_ws/install/tms_rc_double/lib/python3.6/site-packages/tms_rc_double/double_node.py to double_node.cpython-36.pyc
[1.908s] byte-compiling /home/common/colcon_ws/install/tms_rc_double/lib/python3.6/site-packages/tms_rc_double/vicon_control.py to vicon_control.cpython-36.pyc
[1.910s] byte-compiling /home/common/colcon_ws/install/tms_rc_double/lib/python3.6/site-packages/tms_rc_double/convert_twist2vector3.py to convert_twist2vector3.cpython-36.pyc
[1.910s] byte-compiling /home/common/colcon_ws/install/tms_rc_double/lib/python3.6/site-packages/tms_rc_double/__init__.py to __init__.cpython-36.pyc
[1.910s] running install_data
[1.910s] running install_egg_info
[1.912s] Copying /home/common/colcon_ws/build/tms_rc_double/tms_rc_double.egg-info to /home/common/colcon_ws/install/tms_rc_double/lib/python3.6/site-packages/tms_rc_double-0.1.0-py3.6.egg-info
[1.913s] running install_scripts
[1.928s] Installing convert_twist2vector3 script to /home/common/colcon_ws/install/tms_rc_double/lib/tms_rc_double
[1.928s] Installing vicon_control script to /home/common/colcon_ws/install/tms_rc_double/lib/tms_rc_double
[1.929s] writing list of installed files to '/home/common/colcon_ws/build/tms_rc_double/install.log'
