[0.152s] [  3%] Built target tms_nw_rp__cpp
[0.164s] [ 13%] Built target tms_nw_rp__rosidl_generator_c
[0.202s] [ 24%] Built target tms_nw_rp__rosidl_typesupport_introspection_cpp
[0.215s] [ 34%] Built target tms_nw_rp__rosidl_typesupport_fastrtps_cpp
[0.217s] [ 44%] Built target tms_nw_rp__rosidl_typesupport_introspection_c
[0.265s] [ 55%] Built target tms_nw_rp__rosidl_typesupport_fastrtps_c
[0.267s] [ 65%] Built target tms_nw_rp__rosidl_typesupport_cpp
[0.308s] [ 75%] Built target tms_nw_rp__rosidl_typesupport_c
[0.342s] [ 75%] Built target tms_nw_rp
[0.373s] [ 79%] Built target tms_nw_rp__py
[0.403s] [ 86%] Built target tms_nw_rp__python
[0.429s] [ 93%] Built target tms_nw_rp__rosidl_typesupport_c__pyext
[0.432s] [100%] Built target tms_nw_rp__rosidl_typesupport_fastrtps_c__pyext
[1.024s] [  3%] Built target tms_nw_rp__cpp
[1.029s] [ 13%] Built target tms_nw_rp__rosidl_generator_c
[1.124s] [ 24%] Built target tms_nw_rp__rosidl_typesupport_introspection_c
[1.133s] [ 34%] Built target tms_nw_rp__rosidl_typesupport_fastrtps_cpp
[1.139s] [ 44%] Built target tms_nw_rp__rosidl_typesupport_introspection_cpp
[1.193s] [ 55%] Built target tms_nw_rp__rosidl_typesupport_fastrtps_c
[1.291s] [ 68%] Built target tms_nw_rp__rosidl_typesupport_cpp
[1.294s] [ 75%] Built target tms_nw_rp__rosidl_typesupport_c
[1.319s] [ 75%] Built target tms_nw_rp
[1.362s] [ 79%] Built target tms_nw_rp__py
[1.409s] [ 86%] Built target tms_nw_rp__python
[1.461s] [ 93%] Built target tms_nw_rp__rosidl_typesupport_c__pyext
[1.474s] [100%] Built target tms_nw_rp__rosidl_typesupport_fastrtps_c__pyext
[1.532s] [36mInstall the project...[0m
[1.547s] -- Install configuration: ""
[1.548s] -- Execute custom install script
[1.549s] -- Up-to-date symlink: /home/common/colcon_ws/install/tms_nw_rp/share/ament_index/resource_index/rosidl_interfaces/tms_nw_rp
[1.550s] -- Up-to-date symlink: /home/common/colcon_ws/install/tms_nw_rp/include/tms_nw_rp/srv/tms_nw_req.hpp
[1.550s] -- Up-to-date symlink: /home/common/colcon_ws/install/tms_nw_rp/include/tms_nw_rp/srv/tms_nw_req__struct.hpp
[1.550s] -- Up-to-date symlink: /home/common/colcon_ws/install/tms_nw_rp/include/tms_nw_rp/srv/tms_nw_req__traits.hpp
[1.551s] -- Up-to-date symlink: /home/common/colcon_ws/install/tms_nw_rp/include/tms_nw_rp/msg/rosidl_generator_c__visibility_control.h
[1.551s] -- Up-to-date symlink: /home/common/colcon_ws/install/tms_nw_rp/include/tms_nw_rp/srv/tms_nw_req.h
[1.552s] -- Up-to-date symlink: /home/common/colcon_ws/install/tms_nw_rp/include/tms_nw_rp/srv/tms_nw_req__functions.h
[1.552s] -- Up-to-date symlink: /home/common/colcon_ws/install/tms_nw_rp/include/tms_nw_rp/srv/tms_nw_req__struct.h
[1.552s] -- Up-to-date symlink: /home/common/colcon_ws/install/tms_nw_rp/include/tms_nw_rp/srv/tms_nw_req__type_support.h
[1.553s] -- Up-to-date symlink: /home/common/colcon_ws/install/tms_nw_rp/share/tms_nw_rp/environment/library_path.sh
[1.554s] -- Up-to-date symlink: /home/common/colcon_ws/install/tms_nw_rp/lib/libtms_nw_rp__rosidl_generator_c.so
[1.555s] -- Up-to-date symlink: /home/common/colcon_ws/install/tms_nw_rp/lib/libtms_nw_rp__rosidl_typesupport_c.so
[1.555s] -- Up-to-date symlink: /home/common/colcon_ws/install/tms_nw_rp/lib/libtms_nw_rp__rosidl_typesupport_cpp.so
[1.556s] -- Up-to-date symlink: /home/common/colcon_ws/install/tms_nw_rp/include/tms_nw_rp/msg/rosidl_typesupport_introspection_c__visibility_control.h
[1.556s] -- Up-to-date symlink: /home/common/colcon_ws/install/tms_nw_rp/include/tms_nw_rp/srv/tms_nw_req__rosidl_typesupport_introspection_c.h
[1.557s] -- Up-to-date symlink: /home/common/colcon_ws/install/tms_nw_rp/lib/libtms_nw_rp__rosidl_typesupport_introspection_c.so
[1.558s] -- Up-to-date symlink: /home/common/colcon_ws/install/tms_nw_rp/include/tms_nw_rp/srv/tms_nw_req__rosidl_typesupport_introspection_cpp.hpp
[1.558s] -- Up-to-date symlink: /home/common/colcon_ws/install/tms_nw_rp/lib/libtms_nw_rp__rosidl_typesupport_introspection_cpp.so
[1.559s] -- Up-to-date symlink: /home/common/colcon_ws/install/tms_nw_rp/include/tms_nw_rp/msg/rosidl_typesupport_fastrtps_c__visibility_control.h
[1.560s] -- Up-to-date symlink: /home/common/colcon_ws/install/tms_nw_rp/include/tms_nw_rp/srv/tms_nw_req__rosidl_typesupport_fastrtps_c.h
[1.560s] -- Up-to-date symlink: /home/common/colcon_ws/install/tms_nw_rp/lib/libtms_nw_rp__rosidl_typesupport_fastrtps_c.so
[1.561s] -- Up-to-date symlink: /home/common/colcon_ws/install/tms_nw_rp/include/tms_nw_rp/msg/rosidl_typesupport_fastrtps_cpp__visibility_control.h
[1.562s] -- Up-to-date symlink: /home/common/colcon_ws/install/tms_nw_rp/include/tms_nw_rp/srv/tms_nw_req__rosidl_typesupport_fastrtps_cpp.hpp
[1.562s] -- Up-to-date symlink: /home/common/colcon_ws/install/tms_nw_rp/lib/libtms_nw_rp__rosidl_typesupport_fastrtps_cpp.so
[1.563s] -- Up-to-date symlink: /home/common/colcon_ws/install/tms_nw_rp/share/tms_nw_rp/environment/pythonpath.sh
[1.564s] -- Up-to-date symlink: /home/common/colcon_ws/install/tms_nw_rp/lib/python3.6/site-packages/tms_nw_rp/__init__.py
[1.565s] -- Up-to-date symlink: /home/common/colcon_ws/install/tms_nw_rp/lib/python3.6/site-packages/tms_nw_rp/srv/__init__.py
[1.566s] -- Up-to-date symlink: /home/common/colcon_ws/install/tms_nw_rp/lib/python3.6/site-packages/tms_nw_rp/srv/_tms_nw_req.py
[1.567s] -- Up-to-date symlink: /home/common/colcon_ws/install/tms_nw_rp/lib/python3.6/site-packages/tms_nw_rp/tms_nw_rp_s__rosidl_typesupport_c.cpython-36m-x86_64-linux-gnu.so
[1.567s] -- Up-to-date symlink: /home/common/colcon_ws/install/tms_nw_rp/lib/python3.6/site-packages/tms_nw_rp/tms_nw_rp_s__rosidl_typesupport_fastrtps_c.cpython-36m-x86_64-linux-gnu.so
[1.568s] -- Up-to-date symlink: /home/common/colcon_ws/install/tms_nw_rp/lib/libtms_nw_rp__python.so
[1.568s] -- Up-to-date symlink: /home/common/colcon_ws/install/tms_nw_rp/share/tms_nw_rp/srv/TmsNwReq.idl
[1.569s] -- Up-to-date symlink: /home/common/colcon_ws/install/tms_nw_rp/share/tms_nw_rp/srv/TmsNwReq.srv
[1.569s] -- Up-to-date symlink: /home/common/colcon_ws/install/tms_nw_rp/share/tms_nw_rp/srv/TmsNwReq_Request.msg
[1.570s] -- Up-to-date symlink: /home/common/colcon_ws/install/tms_nw_rp/share/tms_nw_rp/srv/TmsNwReq_Response.msg
[1.570s] -- Up-to-date symlink: /home/common/colcon_ws/install/tms_nw_rp/share/ament_index/resource_index/package_run_dependencies/tms_nw_rp
[1.571s] -- Up-to-date symlink: /home/common/colcon_ws/install/tms_nw_rp/share/ament_index/resource_index/parent_prefix_path/tms_nw_rp
[1.571s] -- Up-to-date symlink: /home/common/colcon_ws/install/tms_nw_rp/share/tms_nw_rp/environment/ament_prefix_path.sh
[1.572s] -- Up-to-date symlink: /home/common/colcon_ws/install/tms_nw_rp/share/tms_nw_rp/environment/path.sh
[1.572s] -- Up-to-date symlink: /home/common/colcon_ws/install/tms_nw_rp/share/tms_nw_rp/local_setup.bash
[1.573s] -- Up-to-date symlink: /home/common/colcon_ws/install/tms_nw_rp/share/tms_nw_rp/local_setup.sh
[1.573s] -- Up-to-date symlink: /home/common/colcon_ws/install/tms_nw_rp/share/tms_nw_rp/local_setup.zsh
[1.574s] -- Up-to-date symlink: /home/common/colcon_ws/install/tms_nw_rp/share/ament_index/resource_index/packages/tms_nw_rp
[1.574s] -- Up-to-date symlink: /home/common/colcon_ws/install/tms_nw_rp/share/tms_nw_rp/cmake/rosidl_cmake-extras.cmake
[1.575s] -- Up-to-date symlink: /home/common/colcon_ws/install/tms_nw_rp/share/tms_nw_rp/cmake/ament_cmake_export_dependencies-extras.cmake
[1.575s] -- Up-to-date symlink: /home/common/colcon_ws/install/tms_nw_rp/share/tms_nw_rp/cmake/ament_cmake_export_include_directories-extras.cmake
[1.576s] -- Up-to-date symlink: /home/common/colcon_ws/install/tms_nw_rp/share/tms_nw_rp/cmake/ament_cmake_export_libraries-extras.cmake
[1.576s] -- Up-to-date symlink: /home/common/colcon_ws/install/tms_nw_rp/share/tms_nw_rp/cmake/tms_nw_rpConfig.cmake
[1.577s] -- Up-to-date symlink: /home/common/colcon_ws/install/tms_nw_rp/share/tms_nw_rp/cmake/tms_nw_rpConfig-version.cmake
[1.578s] -- Up-to-date symlink: /home/common/colcon_ws/install/tms_nw_rp/share/tms_nw_rp/package.xml
