[0.066s] Invoking command in '/home/common/colcon_ws/build/turtlebot3_msgs': CMAKE_PREFIX_PATH=/home/common/colcon_ws/install/turtlebot3_bringup:/home/common/colcon_ws/install/turtlebot3_node:/home/common/colcon_ws/install/turtlebot3_navigation2:/home/common/colcon_ws/install/turtlebot3_fake_node:/home/common/colcon_ws/install/turtlebot3_msgs:/home/common/colcon_ws/install/turtlebot3_gazebo:/home/common/colcon_ws/install/turtlebot3_description:/home/common/colcon_ws/install/turtlebot3_cartographer:/home/common/colcon_ws/install/tms_rc_bot:/home/common/colcon_ws/install/tms_nw_rp:/home/common/colcon_ws/install/tms_msg_ss:/home/common/colcon_ws/install/tms_msg_rc:/home/common/colcon_ws/install/tms_msg_db:/home/common/colcon_ws/install/object_recognition_msgs:/home/common/colcon_ws/install/hls_lfcd_lds_driver:/home/common/colcon_ws/install/examples_rclcpp_minimal_timer:/home/common/colcon_ws/install/examples_rclcpp_minimal_subscriber:/home/common/colcon_ws/install/examples_rclcpp_minimal_service:/home/common/colcon_ws/install/examples_rclcpp_minimal_publisher:/home/common/colcon_ws/install/examples_rclcpp_minimal_composition:/home/common/colcon_ws/install/examples_rclcpp_minimal_client:/home/common/colcon_ws/install/examples_rclcpp_minimal_action_server:/home/common/colcon_ws/install/examples_rclcpp_minimal_action_client:/home/common/colcon_ws/install/dynamixel_sdk:/home/common/colcon_ws/install/turtlebot3_teleop:/home/common/colcon_ws/install/tms_ss_whs1:/home/common/colcon_ws/install/tms_rc_double:/opt/ros/dashing:/opt/ros/melodic /usr/bin/cmake --build /home/common/colcon_ws/build/turtlebot3_msgs -- -j8 -l8
[0.149s] [ 11%] Built target turtlebot3_msgs__rosidl_generator_c
[0.154s] [ 13%] Built target turtlebot3_msgs__cpp
[0.210s] [ 28%] Built target turtlebot3_msgs__rosidl_typesupport_introspection_cpp
[0.216s] [ 35%] Built target turtlebot3_msgs__rosidl_typesupport_introspection_c
[0.217s] [ 47%] Built target turtlebot3_msgs__rosidl_typesupport_fastrtps_cpp
[0.276s] [ 58%] Built target turtlebot3_msgs__rosidl_typesupport_fastrtps_c
[0.286s] [ 69%] Built target turtlebot3_msgs__rosidl_typesupport_cpp
[0.331s] [ 81%] Built target turtlebot3_msgs__rosidl_typesupport_c
[0.366s] [ 81%] Built target turtlebot3_msgs
[0.408s] [ 83%] Built target turtlebot3_msgs__py
[0.448s] [ 92%] Built target turtlebot3_msgs__python
[0.485s] [ 96%] Built target turtlebot3_msgs__rosidl_typesupport_c__pyext
[0.488s] [100%] Built target turtlebot3_msgs__rosidl_typesupport_fastrtps_c__pyext
[0.727s] Invoked command in '/home/common/colcon_ws/build/turtlebot3_msgs' returned '0': CMAKE_PREFIX_PATH=/home/common/colcon_ws/install/turtlebot3_bringup:/home/common/colcon_ws/install/turtlebot3_node:/home/common/colcon_ws/install/turtlebot3_navigation2:/home/common/colcon_ws/install/turtlebot3_fake_node:/home/common/colcon_ws/install/turtlebot3_msgs:/home/common/colcon_ws/install/turtlebot3_gazebo:/home/common/colcon_ws/install/turtlebot3_description:/home/common/colcon_ws/install/turtlebot3_cartographer:/home/common/colcon_ws/install/tms_rc_bot:/home/common/colcon_ws/install/tms_nw_rp:/home/common/colcon_ws/install/tms_msg_ss:/home/common/colcon_ws/install/tms_msg_rc:/home/common/colcon_ws/install/tms_msg_db:/home/common/colcon_ws/install/object_recognition_msgs:/home/common/colcon_ws/install/hls_lfcd_lds_driver:/home/common/colcon_ws/install/examples_rclcpp_minimal_timer:/home/common/colcon_ws/install/examples_rclcpp_minimal_subscriber:/home/common/colcon_ws/install/examples_rclcpp_minimal_service:/home/common/colcon_ws/install/examples_rclcpp_minimal_publisher:/home/common/colcon_ws/install/examples_rclcpp_minimal_composition:/home/common/colcon_ws/install/examples_rclcpp_minimal_client:/home/common/colcon_ws/install/examples_rclcpp_minimal_action_server:/home/common/colcon_ws/install/examples_rclcpp_minimal_action_client:/home/common/colcon_ws/install/dynamixel_sdk:/home/common/colcon_ws/install/turtlebot3_teleop:/home/common/colcon_ws/install/tms_ss_whs1:/home/common/colcon_ws/install/tms_rc_double:/opt/ros/dashing:/opt/ros/melodic /usr/bin/cmake --build /home/common/colcon_ws/build/turtlebot3_msgs -- -j8 -l8
[1.077s] Invoking command in '/home/common/colcon_ws/build/turtlebot3_msgs': CMAKE_PREFIX_PATH=/home/common/colcon_ws/install/turtlebot3_bringup:/home/common/colcon_ws/install/turtlebot3_node:/home/common/colcon_ws/install/turtlebot3_navigation2:/home/common/colcon_ws/install/turtlebot3_fake_node:/home/common/colcon_ws/install/turtlebot3_msgs:/home/common/colcon_ws/install/turtlebot3_gazebo:/home/common/colcon_ws/install/turtlebot3_description:/home/common/colcon_ws/install/turtlebot3_cartographer:/home/common/colcon_ws/install/tms_rc_bot:/home/common/colcon_ws/install/tms_nw_rp:/home/common/colcon_ws/install/tms_msg_ss:/home/common/colcon_ws/install/tms_msg_rc:/home/common/colcon_ws/install/tms_msg_db:/home/common/colcon_ws/install/object_recognition_msgs:/home/common/colcon_ws/install/hls_lfcd_lds_driver:/home/common/colcon_ws/install/examples_rclcpp_minimal_timer:/home/common/colcon_ws/install/examples_rclcpp_minimal_subscriber:/home/common/colcon_ws/install/examples_rclcpp_minimal_service:/home/common/colcon_ws/install/examples_rclcpp_minimal_publisher:/home/common/colcon_ws/install/examples_rclcpp_minimal_composition:/home/common/colcon_ws/install/examples_rclcpp_minimal_client:/home/common/colcon_ws/install/examples_rclcpp_minimal_action_server:/home/common/colcon_ws/install/examples_rclcpp_minimal_action_client:/home/common/colcon_ws/install/dynamixel_sdk:/home/common/colcon_ws/install/turtlebot3_teleop:/home/common/colcon_ws/install/tms_ss_whs1:/home/common/colcon_ws/install/tms_rc_double:/opt/ros/dashing:/opt/ros/melodic /usr/bin/cmake --build /home/common/colcon_ws/build/turtlebot3_msgs --target install -- -j8 -l8
[1.192s] [  1%] Built target turtlebot3_msgs__cpp
[1.211s] [ 13%] Built target turtlebot3_msgs__rosidl_generator_c
[1.286s] [ 24%] Built target turtlebot3_msgs__rosidl_typesupport_introspection_cpp
[1.309s] [ 35%] Built target turtlebot3_msgs__rosidl_typesupport_fastrtps_cpp
[1.312s] [ 47%] Built target turtlebot3_msgs__rosidl_typesupport_introspection_c
[1.366s] [ 58%] Built target turtlebot3_msgs__rosidl_typesupport_fastrtps_c
[1.385s] [ 69%] Built target turtlebot3_msgs__rosidl_typesupport_cpp
[1.437s] [ 81%] Built target turtlebot3_msgs__rosidl_typesupport_c
[1.490s] [ 81%] Built target turtlebot3_msgs
[1.563s] [ 83%] Built target turtlebot3_msgs__py
[1.618s] [ 92%] Built target turtlebot3_msgs__python
[1.659s] [ 96%] Built target turtlebot3_msgs__rosidl_typesupport_fastrtps_c__pyext
[1.664s] [100%] Built target turtlebot3_msgs__rosidl_typesupport_c__pyext
[1.696s] [36mInstall the project...[0m
[1.714s] -- Install configuration: ""
[1.715s] -- Execute custom install script
[1.715s] -- Up-to-date symlink: /home/common/colcon_ws/install/turtlebot3_msgs/share/ament_index/resource_index/rosidl_interfaces/turtlebot3_msgs
[1.716s] -- Up-to-date symlink: /home/common/colcon_ws/install/turtlebot3_msgs/lib/libturtlebot3_msgs__rosidl_typesupport_c.so
[1.717s] -- Up-to-date symlink: /home/common/colcon_ws/install/turtlebot3_msgs/share/turtlebot3_msgs/environment/library_path.sh
[1.717s] -- Up-to-date symlink: /home/common/colcon_ws/install/turtlebot3_msgs/lib/libturtlebot3_msgs__rosidl_typesupport_cpp.so
[1.718s] -- Up-to-date symlink: /home/common/colcon_ws/install/turtlebot3_msgs/include/turtlebot3_msgs/msg/rosidl_typesupport_fastrtps_c__visibility_control.h
[1.719s] -- Up-to-date symlink: /home/common/colcon_ws/install/turtlebot3_msgs/include/turtlebot3_msgs/msg/sensor_state__rosidl_typesupport_fastrtps_c.h
[1.719s] -- Up-to-date symlink: /home/common/colcon_ws/install/turtlebot3_msgs/include/turtlebot3_msgs/msg/sound__rosidl_typesupport_fastrtps_c.h
[1.719s] -- Up-to-date symlink: /home/common/colcon_ws/install/turtlebot3_msgs/include/turtlebot3_msgs/msg/version_info__rosidl_typesupport_fastrtps_c.h
[1.722s] -- Up-to-date symlink: /home/common/colcon_ws/install/turtlebot3_msgs/include/turtlebot3_msgs/srv/sound__rosidl_typesupport_fastrtps_c.h
[1.722s] -- Up-to-date symlink: /home/common/colcon_ws/install/turtlebot3_msgs/lib/libturtlebot3_msgs__rosidl_typesupport_fastrtps_c.so
[1.722s] -- Up-to-date symlink: /home/common/colcon_ws/install/turtlebot3_msgs/include/turtlebot3_msgs/msg/rosidl_generator_c__visibility_control.h
[1.723s] -- Up-to-date symlink: /home/common/colcon_ws/install/turtlebot3_msgs/include/turtlebot3_msgs/msg/sensor_state.h
[1.723s] -- Up-to-date symlink: /home/common/colcon_ws/install/turtlebot3_msgs/include/turtlebot3_msgs/msg/sensor_state__functions.h
[1.723s] -- Up-to-date symlink: /home/common/colcon_ws/install/turtlebot3_msgs/include/turtlebot3_msgs/msg/sensor_state__struct.h
[1.723s] -- Up-to-date symlink: /home/common/colcon_ws/install/turtlebot3_msgs/include/turtlebot3_msgs/msg/sensor_state__type_support.h
[1.724s] -- Up-to-date symlink: /home/common/colcon_ws/install/turtlebot3_msgs/include/turtlebot3_msgs/msg/sound.h
[1.724s] -- Up-to-date symlink: /home/common/colcon_ws/install/turtlebot3_msgs/include/turtlebot3_msgs/msg/sound__functions.h
[1.724s] -- Up-to-date symlink: /home/common/colcon_ws/install/turtlebot3_msgs/include/turtlebot3_msgs/msg/sound__struct.h
[1.724s] -- Up-to-date symlink: /home/common/colcon_ws/install/turtlebot3_msgs/include/turtlebot3_msgs/msg/sound__type_support.h
[1.724s] -- Up-to-date symlink: /home/common/colcon_ws/install/turtlebot3_msgs/include/turtlebot3_msgs/msg/version_info.h
[1.724s] -- Up-to-date symlink: /home/common/colcon_ws/install/turtlebot3_msgs/include/turtlebot3_msgs/msg/version_info__functions.h
[1.724s] -- Up-to-date symlink: /home/common/colcon_ws/install/turtlebot3_msgs/include/turtlebot3_msgs/msg/version_info__struct.h
[1.725s] -- Up-to-date symlink: /home/common/colcon_ws/install/turtlebot3_msgs/include/turtlebot3_msgs/msg/version_info__type_support.h
[1.725s] -- Up-to-date symlink: /home/common/colcon_ws/install/turtlebot3_msgs/include/turtlebot3_msgs/srv/sound.h
[1.725s] -- Up-to-date symlink: /home/common/colcon_ws/install/turtlebot3_msgs/include/turtlebot3_msgs/srv/sound__functions.h
[1.725s] -- Up-to-date symlink: /home/common/colcon_ws/install/turtlebot3_msgs/include/turtlebot3_msgs/srv/sound__struct.h
[1.726s] -- Up-to-date symlink: /home/common/colcon_ws/install/turtlebot3_msgs/include/turtlebot3_msgs/srv/sound__type_support.h
[1.726s] -- Up-to-date symlink: /home/common/colcon_ws/install/turtlebot3_msgs/lib/libturtlebot3_msgs__rosidl_generator_c.so
[1.727s] -- Up-to-date symlink: /home/common/colcon_ws/install/turtlebot3_msgs/include/turtlebot3_msgs/msg/rosidl_typesupport_fastrtps_cpp__visibility_control.h
[1.728s] -- Up-to-date symlink: /home/common/colcon_ws/install/turtlebot3_msgs/include/turtlebot3_msgs/msg/sensor_state__rosidl_typesupport_fastrtps_cpp.hpp
[1.728s] -- Up-to-date symlink: /home/common/colcon_ws/install/turtlebot3_msgs/include/turtlebot3_msgs/msg/sound__rosidl_typesupport_fastrtps_cpp.hpp
[1.728s] -- Up-to-date symlink: /home/common/colcon_ws/install/turtlebot3_msgs/include/turtlebot3_msgs/msg/version_info__rosidl_typesupport_fastrtps_cpp.hpp
[1.728s] -- Up-to-date symlink: /home/common/colcon_ws/install/turtlebot3_msgs/include/turtlebot3_msgs/srv/sound__rosidl_typesupport_fastrtps_cpp.hpp
[1.729s] -- Up-to-date symlink: /home/common/colcon_ws/install/turtlebot3_msgs/lib/libturtlebot3_msgs__rosidl_typesupport_fastrtps_cpp.so
[1.730s] -- Up-to-date symlink: /home/common/colcon_ws/install/turtlebot3_msgs/include/turtlebot3_msgs/msg/sensor_state.hpp
[1.730s] -- Up-to-date symlink: /home/common/colcon_ws/install/turtlebot3_msgs/include/turtlebot3_msgs/msg/sensor_state__struct.hpp
[1.731s] -- Up-to-date symlink: /home/common/colcon_ws/install/turtlebot3_msgs/include/turtlebot3_msgs/msg/sensor_state__traits.hpp
[1.731s] -- Up-to-date symlink: /home/common/colcon_ws/install/turtlebot3_msgs/include/turtlebot3_msgs/msg/sound.hpp
[1.731s] -- Up-to-date symlink: /home/common/colcon_ws/install/turtlebot3_msgs/include/turtlebot3_msgs/msg/sound__struct.hpp
[1.731s] -- Up-to-date symlink: /home/common/colcon_ws/install/turtlebot3_msgs/include/turtlebot3_msgs/msg/sound__traits.hpp
[1.732s] -- Up-to-date symlink: /home/common/colcon_ws/install/turtlebot3_msgs/include/turtlebot3_msgs/msg/version_info.hpp
[1.732s] -- Up-to-date symlink: /home/common/colcon_ws/install/turtlebot3_msgs/include/turtlebot3_msgs/msg/version_info__struct.hpp
[1.732s] -- Up-to-date symlink: /home/common/colcon_ws/install/turtlebot3_msgs/include/turtlebot3_msgs/msg/version_info__traits.hpp
[1.733s] -- Up-to-date symlink: /home/common/colcon_ws/install/turtlebot3_msgs/include/turtlebot3_msgs/srv/sound.hpp
[1.733s] -- Up-to-date symlink: /home/common/colcon_ws/install/turtlebot3_msgs/include/turtlebot3_msgs/srv/sound__struct.hpp
[1.733s] -- Up-to-date symlink: /home/common/colcon_ws/install/turtlebot3_msgs/include/turtlebot3_msgs/srv/sound__traits.hpp
[1.734s] -- Up-to-date symlink: /home/common/colcon_ws/install/turtlebot3_msgs/include/turtlebot3_msgs/msg/rosidl_typesupport_introspection_c__visibility_control.h
[1.734s] -- Up-to-date symlink: /home/common/colcon_ws/install/turtlebot3_msgs/include/turtlebot3_msgs/msg/sensor_state__rosidl_typesupport_introspection_c.h
[1.734s] -- Up-to-date symlink: /home/common/colcon_ws/install/turtlebot3_msgs/include/turtlebot3_msgs/msg/sound__rosidl_typesupport_introspection_c.h
[1.735s] -- Up-to-date symlink: /home/common/colcon_ws/install/turtlebot3_msgs/include/turtlebot3_msgs/msg/version_info__rosidl_typesupport_introspection_c.h
[1.735s] -- Up-to-date symlink: /home/common/colcon_ws/install/turtlebot3_msgs/include/turtlebot3_msgs/srv/sound__rosidl_typesupport_introspection_c.h
[1.736s] -- Up-to-date symlink: /home/common/colcon_ws/install/turtlebot3_msgs/lib/libturtlebot3_msgs__rosidl_typesupport_introspection_c.so
[1.736s] -- Up-to-date symlink: /home/common/colcon_ws/install/turtlebot3_msgs/include/turtlebot3_msgs/msg/sensor_state__rosidl_typesupport_introspection_cpp.hpp
[1.737s] -- Up-to-date symlink: /home/common/colcon_ws/install/turtlebot3_msgs/include/turtlebot3_msgs/msg/sound__rosidl_typesupport_introspection_cpp.hpp
[1.737s] -- Up-to-date symlink: /home/common/colcon_ws/install/turtlebot3_msgs/include/turtlebot3_msgs/msg/version_info__rosidl_typesupport_introspection_cpp.hpp
[1.737s] -- Up-to-date symlink: /home/common/colcon_ws/install/turtlebot3_msgs/include/turtlebot3_msgs/srv/sound__rosidl_typesupport_introspection_cpp.hpp
[1.738s] -- Up-to-date symlink: /home/common/colcon_ws/install/turtlebot3_msgs/lib/libturtlebot3_msgs__rosidl_typesupport_introspection_cpp.so
[1.738s] -- Up-to-date symlink: /home/common/colcon_ws/install/turtlebot3_msgs/share/turtlebot3_msgs/environment/pythonpath.sh
[1.739s] -- Up-to-date symlink: /home/common/colcon_ws/install/turtlebot3_msgs/lib/python3.6/site-packages/turtlebot3_msgs/__init__.py
[1.740s] -- Up-to-date symlink: /home/common/colcon_ws/install/turtlebot3_msgs/lib/python3.6/site-packages/turtlebot3_msgs/msg/__init__.py
[1.740s] -- Up-to-date symlink: /home/common/colcon_ws/install/turtlebot3_msgs/lib/python3.6/site-packages/turtlebot3_msgs/msg/_sensor_state.py
[1.740s] -- Up-to-date symlink: /home/common/colcon_ws/install/turtlebot3_msgs/lib/python3.6/site-packages/turtlebot3_msgs/msg/_sound.py
[1.740s] -- Up-to-date symlink: /home/common/colcon_ws/install/turtlebot3_msgs/lib/python3.6/site-packages/turtlebot3_msgs/msg/_version_info.py
[1.741s] -- Up-to-date symlink: /home/common/colcon_ws/install/turtlebot3_msgs/lib/python3.6/site-packages/turtlebot3_msgs/srv/__init__.py
[1.741s] -- Up-to-date symlink: /home/common/colcon_ws/install/turtlebot3_msgs/lib/python3.6/site-packages/turtlebot3_msgs/srv/_sound.py
[1.742s] -- Up-to-date symlink: /home/common/colcon_ws/install/turtlebot3_msgs/lib/python3.6/site-packages/turtlebot3_msgs/turtlebot3_msgs_s__rosidl_typesupport_c.cpython-36m-x86_64-linux-gnu.so
[1.743s] -- Up-to-date symlink: /home/common/colcon_ws/install/turtlebot3_msgs/lib/python3.6/site-packages/turtlebot3_msgs/turtlebot3_msgs_s__rosidl_typesupport_fastrtps_c.cpython-36m-x86_64-linux-gnu.so
[1.743s] -- Up-to-date symlink: /home/common/colcon_ws/install/turtlebot3_msgs/lib/libturtlebot3_msgs__python.so
[1.744s] -- Up-to-date symlink: /home/common/colcon_ws/install/turtlebot3_msgs/share/turtlebot3_msgs/msg/SensorState.idl
[1.744s] -- Up-to-date symlink: /home/common/colcon_ws/install/turtlebot3_msgs/share/turtlebot3_msgs/msg/Sound.idl
[1.744s] -- Up-to-date symlink: /home/common/colcon_ws/install/turtlebot3_msgs/share/turtlebot3_msgs/msg/VersionInfo.idl
[1.745s] -- Up-to-date symlink: /home/common/colcon_ws/install/turtlebot3_msgs/share/turtlebot3_msgs/srv/Sound.idl
[1.745s] -- Up-to-date symlink: /home/common/colcon_ws/install/turtlebot3_msgs/share/turtlebot3_msgs/msg/SensorState.msg
[1.746s] -- Up-to-date symlink: /home/common/colcon_ws/install/turtlebot3_msgs/share/turtlebot3_msgs/msg/Sound.msg
[1.746s] -- Up-to-date symlink: /home/common/colcon_ws/install/turtlebot3_msgs/share/turtlebot3_msgs/msg/VersionInfo.msg
[1.747s] -- Up-to-date symlink: /home/common/colcon_ws/install/turtlebot3_msgs/share/turtlebot3_msgs/srv/Sound.srv
[1.747s] -- Up-to-date symlink: /home/common/colcon_ws/install/turtlebot3_msgs/share/turtlebot3_msgs/srv/Sound_Request.msg
[1.748s] -- Up-to-date symlink: /home/common/colcon_ws/install/turtlebot3_msgs/share/turtlebot3_msgs/srv/Sound_Response.msg
[1.748s] -- Up-to-date symlink: /home/common/colcon_ws/install/turtlebot3_msgs/share/ament_index/resource_index/package_run_dependencies/turtlebot3_msgs
[1.749s] -- Up-to-date symlink: /home/common/colcon_ws/install/turtlebot3_msgs/share/ament_index/resource_index/parent_prefix_path/turtlebot3_msgs
[1.749s] -- Up-to-date symlink: /home/common/colcon_ws/install/turtlebot3_msgs/share/turtlebot3_msgs/environment/ament_prefix_path.sh
[1.749s] -- Up-to-date symlink: /home/common/colcon_ws/install/turtlebot3_msgs/share/turtlebot3_msgs/environment/path.sh
[1.750s] -- Up-to-date symlink: /home/common/colcon_ws/install/turtlebot3_msgs/share/turtlebot3_msgs/local_setup.bash
[1.750s] -- Up-to-date symlink: /home/common/colcon_ws/install/turtlebot3_msgs/share/turtlebot3_msgs/local_setup.sh
[1.751s] -- Up-to-date symlink: /home/common/colcon_ws/install/turtlebot3_msgs/share/turtlebot3_msgs/local_setup.zsh
[1.751s] -- Up-to-date symlink: /home/common/colcon_ws/install/turtlebot3_msgs/share/ament_index/resource_index/packages/turtlebot3_msgs
[1.752s] -- Up-to-date symlink: /home/common/colcon_ws/install/turtlebot3_msgs/share/turtlebot3_msgs/cmake/rosidl_cmake-extras.cmake
[1.752s] -- Up-to-date symlink: /home/common/colcon_ws/install/turtlebot3_msgs/share/turtlebot3_msgs/cmake/ament_cmake_export_dependencies-extras.cmake
[1.752s] -- Up-to-date symlink: /home/common/colcon_ws/install/turtlebot3_msgs/share/turtlebot3_msgs/cmake/ament_cmake_export_libraries-extras.cmake
[1.753s] -- Up-to-date symlink: /home/common/colcon_ws/install/turtlebot3_msgs/share/turtlebot3_msgs/cmake/ament_cmake_export_include_directories-extras.cmake
[1.753s] -- Up-to-date symlink: /home/common/colcon_ws/install/turtlebot3_msgs/share/turtlebot3_msgs/cmake/turtlebot3_msgsConfig.cmake
[1.753s] -- Up-to-date symlink: /home/common/colcon_ws/install/turtlebot3_msgs/share/turtlebot3_msgs/cmake/turtlebot3_msgsConfig-version.cmake
[1.754s] -- Up-to-date symlink: /home/common/colcon_ws/install/turtlebot3_msgs/share/turtlebot3_msgs/package.xml
[1.871s] Invoked command in '/home/common/colcon_ws/build/turtlebot3_msgs' returned '0': CMAKE_PREFIX_PATH=/home/common/colcon_ws/install/turtlebot3_bringup:/home/common/colcon_ws/install/turtlebot3_node:/home/common/colcon_ws/install/turtlebot3_navigation2:/home/common/colcon_ws/install/turtlebot3_fake_node:/home/common/colcon_ws/install/turtlebot3_msgs:/home/common/colcon_ws/install/turtlebot3_gazebo:/home/common/colcon_ws/install/turtlebot3_description:/home/common/colcon_ws/install/turtlebot3_cartographer:/home/common/colcon_ws/install/tms_rc_bot:/home/common/colcon_ws/install/tms_nw_rp:/home/common/colcon_ws/install/tms_msg_ss:/home/common/colcon_ws/install/tms_msg_rc:/home/common/colcon_ws/install/tms_msg_db:/home/common/colcon_ws/install/object_recognition_msgs:/home/common/colcon_ws/install/hls_lfcd_lds_driver:/home/common/colcon_ws/install/examples_rclcpp_minimal_timer:/home/common/colcon_ws/install/examples_rclcpp_minimal_subscriber:/home/common/colcon_ws/install/examples_rclcpp_minimal_service:/home/common/colcon_ws/install/examples_rclcpp_minimal_publisher:/home/common/colcon_ws/install/examples_rclcpp_minimal_composition:/home/common/colcon_ws/install/examples_rclcpp_minimal_client:/home/common/colcon_ws/install/examples_rclcpp_minimal_action_server:/home/common/colcon_ws/install/examples_rclcpp_minimal_action_client:/home/common/colcon_ws/install/dynamixel_sdk:/home/common/colcon_ws/install/turtlebot3_teleop:/home/common/colcon_ws/install/tms_ss_whs1:/home/common/colcon_ws/install/tms_rc_double:/opt/ros/dashing:/opt/ros/melodic /usr/bin/cmake --build /home/common/colcon_ws/build/turtlebot3_msgs --target install -- -j8 -l8
