[0.069s] Invoking command in '/home/common/colcon_ws/build/turtlebot3_cartographer': CMAKE_PREFIX_PATH=/opt/ros/dashing:${CMAKE_PREFIX_PATH} /usr/bin/cmake --build /home/common/colcon_ws/build/turtlebot3_cartographer -- -j8 -l8
[0.134s] Invoked command in '/home/common/colcon_ws/build/turtlebot3_cartographer' returned '0': CMAKE_PREFIX_PATH=/opt/ros/dashing:${CMAKE_PREFIX_PATH} /usr/bin/cmake --build /home/common/colcon_ws/build/turtlebot3_cartographer -- -j8 -l8
[0.197s] Invoking command in '/home/common/colcon_ws/build/turtlebot3_cartographer': CMAKE_PREFIX_PATH=/opt/ros/dashing:${CMAKE_PREFIX_PATH} /usr/bin/cmake --build /home/common/colcon_ws/build/turtlebot3_cartographer --target install -- -j8 -l8
[0.275s] [36mInstall the project...[0m
[0.286s] -- Install configuration: ""
[0.286s] -- Execute custom install script
[0.287s] -- Up-to-date symlink: /home/common/colcon_ws/install/turtlebot3_cartographer/share/turtlebot3_cartographer/config/turtlebot3_lds_2d.lua
[0.288s] -- Up-to-date symlink: /home/common/colcon_ws/install/turtlebot3_cartographer/share/turtlebot3_cartographer/launch/cartographer.launch.py
[0.288s] -- Up-to-date symlink: /home/common/colcon_ws/install/turtlebot3_cartographer/share/turtlebot3_cartographer/launch/occupancy_grid.launch.py
[0.288s] -- Up-to-date symlink: /home/common/colcon_ws/install/turtlebot3_cartographer/share/turtlebot3_cartographer/rviz/tb3_cartographer.rviz
[0.288s] -- Up-to-date symlink: /home/common/colcon_ws/install/turtlebot3_cartographer/share/ament_index/resource_index/package_run_dependencies/turtlebot3_cartographer
[0.290s] -- Up-to-date symlink: /home/common/colcon_ws/install/turtlebot3_cartographer/share/ament_index/resource_index/parent_prefix_path/turtlebot3_cartographer
[0.290s] -- Up-to-date symlink: /home/common/colcon_ws/install/turtlebot3_cartographer/share/turtlebot3_cartographer/environment/ament_prefix_path.sh
[0.290s] -- Up-to-date symlink: /home/common/colcon_ws/install/turtlebot3_cartographer/share/turtlebot3_cartographer/environment/path.sh
[0.290s] -- Up-to-date symlink: /home/common/colcon_ws/install/turtlebot3_cartographer/share/turtlebot3_cartographer/local_setup.bash
[0.290s] -- Up-to-date symlink: /home/common/colcon_ws/install/turtlebot3_cartographer/share/turtlebot3_cartographer/local_setup.sh
[0.291s] -- Up-to-date symlink: /home/common/colcon_ws/install/turtlebot3_cartographer/share/turtlebot3_cartographer/local_setup.zsh
[0.296s] -- Up-to-date symlink: /home/common/colcon_ws/install/turtlebot3_cartographer/share/ament_index/resource_index/packages/turtlebot3_cartographer
[0.297s] -- Up-to-date symlink: /home/common/colcon_ws/install/turtlebot3_cartographer/share/turtlebot3_cartographer/cmake/turtlebot3_cartographerConfig.cmake
[0.297s] -- Up-to-date symlink: /home/common/colcon_ws/install/turtlebot3_cartographer/share/turtlebot3_cartographer/cmake/turtlebot3_cartographerConfig-version.cmake
[0.297s] -- Up-to-date symlink: /home/common/colcon_ws/install/turtlebot3_cartographer/share/turtlebot3_cartographer/package.xml
[0.314s] Invoked command in '/home/common/colcon_ws/build/turtlebot3_cartographer' returned '0': CMAKE_PREFIX_PATH=/opt/ros/dashing:${CMAKE_PREFIX_PATH} /usr/bin/cmake --build /home/common/colcon_ws/build/turtlebot3_cartographer --target install -- -j8 -l8
