[0.197s] -- The C compiler identification is GNU 7.4.0
[0.291s] -- The CXX compiler identification is GNU 7.4.0
[0.301s] -- Check for working C compiler: /usr/bin/cc
[0.422s] -- Check for working C compiler: /usr/bin/cc -- works
[0.423s] -- Detecting C compiler ABI info
[0.564s] -- Detecting C compiler ABI info - done
[0.573s] -- Detecting C compile features
[0.971s] -- Detecting C compile features - done
[0.974s] -- Check for working CXX compiler: /usr/bin/c++
[1.103s] -- Check for working CXX compiler: /usr/bin/c++ -- works
[1.104s] -- Detecting CXX compiler ABI info
[1.237s] -- Detecting CXX compiler ABI info - done
[1.246s] -- Detecting CXX compile features
[1.817s] -- Detecting CXX compile features - done
[1.822s] -- Found ament_cmake: 0.7.4 (/opt/ros/dashing/share/ament_cmake/cmake)
[1.904s] -- Found PythonInterp: /usr/bin/python3 (found suitable version "3.6.9", minimum required is "3") 
[1.904s] -- Using PYTHON_EXECUTABLE: /usr/bin/python3
[2.318s] -- Override CMake install command with custom implementation using symlinks instead of copying resources
[2.362s] -- Found dynamixel_sdk: 3.7.20 (/home/common/colcon_ws/install/dynamixel_sdk/share/dynamixel_sdk/cmake)
[2.367s] -- Found geometry_msgs: 0.7.0 (/opt/ros/dashing/share/geometry_msgs/cmake)
[2.405s] -- Found rosidl_adapter: 0.7.8 (/opt/ros/dashing/share/rosidl_adapter/cmake)
[2.490s] -- Found message_filters: 3.1.3 (/opt/ros/dashing/share/message_filters/cmake)
[2.495s] -- Found nav_msgs: 0.7.0 (/opt/ros/dashing/share/nav_msgs/cmake)
[2.513s] -- Found rclcpp: 0.7.12 (/opt/ros/dashing/share/rclcpp/cmake)
[2.543s] -- Found rmw_implementation_cmake: 0.7.2 (/opt/ros/dashing/share/rmw_implementation_cmake/cmake)
[2.550s] -- Using RMW implementation 'rmw_fastrtps_cpp' as default
[2.551s] -- Looking for pthread.h
[2.687s] -- Looking for pthread.h - found
[2.687s] -- Looking for pthread_create
[2.832s] -- Looking for pthread_create - not found
[2.832s] -- Looking for pthread_create in pthreads
[2.938s] -- Looking for pthread_create in pthreads - not found
[2.938s] -- Looking for pthread_create in pthread
[3.052s] -- Looking for pthread_create in pthread - found
[3.054s] -- Found Threads: TRUE  
[3.115s] -- Found sensor_msgs: 0.7.0 (/opt/ros/dashing/share/sensor_msgs/cmake)
[3.139s] -- Found std_srvs: 0.7.0 (/opt/ros/dashing/share/std_srvs/cmake)
[3.149s] -- Found tf2: 0.11.6 (/opt/ros/dashing/share/tf2/cmake)
[3.159s] -- Found tf2_ros: 0.11.6 (/opt/ros/dashing/share/tf2_ros/cmake)
[3.251s] -- Found turtlebot3_msgs: 2.1.0 (/home/common/colcon_ws/install/turtlebot3_msgs/share/turtlebot3_msgs/cmake)
[3.771s] -- Configuring done
[3.849s] -- Generating done
[3.852s] -- Build files have been written to: /home/common/colcon_ws/build/turtlebot3_node
[3.952s] [35m[1mScanning dependencies of target turtlebot3_node_lib[0m
[4.046s] [ 85%] Built target turtlebot3_node_lib
[4.069s] [35m[1mScanning dependencies of target turtlebot3_ros[0m
[4.124s] [100%] Built target turtlebot3_ros
[4.391s] [ 85%] Built target turtlebot3_node_lib
[4.442s] [100%] Built target turtlebot3_ros
[4.476s] [36mInstall the project...[0m
[4.507s] -- Install configuration: ""
[4.508s] -- Execute custom install script
[4.509s] -- Up-to-date symlink: /home/common/colcon_ws/install/turtlebot3_node/share/turtlebot3_node/param/burger.yaml
[4.509s] -- Up-to-date symlink: /home/common/colcon_ws/install/turtlebot3_node/share/turtlebot3_node/param/waffle.yaml
[4.509s] -- Up-to-date symlink: /home/common/colcon_ws/install/turtlebot3_node/share/turtlebot3_node/param/waffle_pi.yaml
[4.510s] -- Up-to-date symlink: /home/common/colcon_ws/install/turtlebot3_node/lib/turtlebot3_node/turtlebot3_ros
[4.518s] -- Up-to-date symlink: /home/common/colcon_ws/install/turtlebot3_node/share/ament_index/resource_index/package_run_dependencies/turtlebot3_node
[4.518s] -- Up-to-date symlink: /home/common/colcon_ws/install/turtlebot3_node/share/ament_index/resource_index/parent_prefix_path/turtlebot3_node
[4.518s] -- Up-to-date symlink: /home/common/colcon_ws/install/turtlebot3_node/share/turtlebot3_node/environment/ament_prefix_path.sh
[4.518s] -- Up-to-date symlink: /home/common/colcon_ws/install/turtlebot3_node/share/turtlebot3_node/environment/path.sh
[4.518s] -- Up-to-date symlink: /home/common/colcon_ws/install/turtlebot3_node/share/turtlebot3_node/local_setup.bash
[4.518s] -- Up-to-date symlink: /home/common/colcon_ws/install/turtlebot3_node/share/turtlebot3_node/local_setup.sh
[4.518s] -- Up-to-date symlink: /home/common/colcon_ws/install/turtlebot3_node/share/turtlebot3_node/local_setup.zsh
[4.522s] -- Up-to-date symlink: /home/common/colcon_ws/install/turtlebot3_node/share/ament_index/resource_index/packages/turtlebot3_node
[4.522s] -- Up-to-date symlink: /home/common/colcon_ws/install/turtlebot3_node/share/turtlebot3_node/cmake/ament_cmake_export_include_directories-extras.cmake
[4.522s] -- Up-to-date symlink: /home/common/colcon_ws/install/turtlebot3_node/share/turtlebot3_node/cmake/turtlebot3_nodeConfig.cmake
[4.531s] -- Up-to-date symlink: /home/common/colcon_ws/install/turtlebot3_node/share/turtlebot3_node/cmake/turtlebot3_nodeConfig-version.cmake
[4.531s] -- Up-to-date symlink: /home/common/colcon_ws/install/turtlebot3_node/share/turtlebot3_node/package.xml
