[0.122s] -- The C compiler identification is GNU 7.4.0
[0.206s] -- The CXX compiler identification is GNU 7.4.0
[0.213s] -- Check for working C compiler: /usr/bin/cc
[0.324s] -- Check for working C compiler: /usr/bin/cc -- works
[0.324s] -- Detecting C compiler ABI info
[0.423s] -- Detecting C compiler ABI info - done
[0.429s] -- Detecting C compile features
[0.744s] -- Detecting C compile features - done
[0.744s] -- Check for working CXX compiler: /usr/bin/c++
[0.871s] -- Check for working CXX compiler: /usr/bin/c++ -- works
[0.872s] -- Detecting CXX compiler ABI info
[0.980s] -- Detecting CXX compiler ABI info - done
[0.984s] -- Detecting CXX compile features
[1.419s] -- Detecting CXX compile features - done
[1.421s] -- Found ament_cmake: 0.7.4 (/opt/ros/dashing/share/ament_cmake/cmake)
[1.473s] -- Found PythonInterp: /usr/bin/python3 (found suitable version "3.6.9", minimum required is "3") 
[1.473s] -- Using PYTHON_EXECUTABLE: /usr/bin/python3
[1.716s] -- Override CMake install command with custom implementation using symlinks instead of copying resources
[1.737s] -- Found rclcpp: 0.7.12 (/opt/ros/dashing/share/rclcpp/cmake)
[1.758s] -- Found rosidl_adapter: 0.7.8 (/opt/ros/dashing/share/rosidl_adapter/cmake)
[1.796s] -- Found rmw_implementation_cmake: 0.7.2 (/opt/ros/dashing/share/rmw_implementation_cmake/cmake)
[1.798s] -- Using RMW implementation 'rmw_fastrtps_cpp' as default
[1.799s] -- Looking for pthread.h
[1.866s] -- Looking for pthread.h - found
[1.866s] -- Looking for pthread_create
[1.932s] -- Looking for pthread_create - not found
[1.932s] -- Looking for pthread_create in pthreads
[1.984s] -- Looking for pthread_create in pthreads - not found
[1.984s] -- Looking for pthread_create in pthread
[2.048s] -- Looking for pthread_create in pthread - found
[2.049s] -- Found Threads: TRUE  
[2.159s] -- Configuring done
[2.171s] -- Generating done
[2.172s] -- Build files have been written to: /home/common/colcon_ws/build/examples_rclcpp_minimal_timer
