[0.049s] Invoking command in '/home/common/colcon_ws/build/octomap_msgs': CMAKE_PREFIX_PATH=/home/common/colcon_ws/install/octomap_msgs:/home/common/colcon_ws/install/turtlebot3_teleop:/home/common/colcon_ws/install/tms_ur_speaker:/home/common/colcon_ws/install/tms_ur_listener:/home/common/colcon_ws/install/tms_ts_ts:/home/common/colcon_ws/install/tms_ts_test:/home/common/colcon_ws/install/tms_ts_subtask:/home/common/colcon_ws/install/tms_ss_whs1:/home/common/colcon_ws/install/tms_rc_double:/home/common/colcon_ws/install/tms_db_manager:/opt/ros/dashing:/opt/ros/melodic:/home/common/colcon_ws/install/turtlebot3:/home/common/colcon_ws/install/turtlebot3_simulations:/home/common/colcon_ws/install/turtlebot3_bringup:/home/common/colcon_ws/install/turtlebot3_node:/home/common/colcon_ws/install/turtlebot3_navigation2:/home/common/colcon_ws/install/turtlebot3_fake_node:/home/common/colcon_ws/install/doublenode:/home/common/colcon_ws/install/turtlebot3_msgs:/home/common/colcon_ws/install/turtlebot3_gazebo:/home/common/colcon_ws/install/turtlebot3_description:/home/common/colcon_ws/install/turtlebot3_cartographer:/home/common/colcon_ws/install/tms_ss_vicon:/home/common/colcon_ws/install/tms_rc_tfnode:/home/common/colcon_ws/install/tms_rc_bot:/home/common/colcon_ws/install/tms_nw_rp:/home/common/colcon_ws/install/tms_msg_ur:/home/common/colcon_ws/install/tms_msg_ts:/home/common/colcon_ws/install/tms_msg_ss:/home/common/colcon_ws/install/tms_msg_rc:/home/common/colcon_ws/install/tms_msg_db:/home/common/colcon_ws/install/object_recognition_msgs:/home/common/colcon_ws/install/hls_lfcd_lds_driver:/home/common/colcon_ws/install/examples_rclcpp_minimal_timer:/home/common/colcon_ws/install/examples_rclcpp_minimal_subscriber:/home/common/colcon_ws/install/examples_rclcpp_minimal_service:/home/common/colcon_ws/install/examples_rclcpp_minimal_publisher:/home/common/colcon_ws/install/examples_rclcpp_minimal_composition:/home/common/colcon_ws/install/examples_rclcpp_minimal_client:/home/common/colcon_ws/install/examples_rclcpp_minimal_action_server:/home/common/colcon_ws/install/examples_rclcpp_minimal_action_client:/home/common/colcon_ws/install/dynamixel_sdk /usr/bin/cmake /home/common/colcon_ws/src/octomap_msgs -DAMENT_CMAKE_SYMLINK_INSTALL=1 -DCMAKE_INSTALL_PREFIX=/home/common/colcon_ws/install/octomap_msgs
[0.125s] -- The C compiler identification is GNU 7.4.0
[0.201s] -- The CXX compiler identification is GNU 7.4.0
[0.206s] -- Check for working C compiler: /usr/bin/cc
[0.301s] -- Check for working C compiler: /usr/bin/cc -- works
[0.302s] -- Detecting C compiler ABI info
[0.396s] -- Detecting C compiler ABI info - done
[0.403s] -- Detecting C compile features
[0.687s] -- Detecting C compile features - done
[0.689s] -- Check for working CXX compiler: /usr/bin/c++
[0.802s] -- Check for working CXX compiler: /usr/bin/c++ -- works
[0.803s] -- Detecting CXX compiler ABI info
[0.936s] -- Detecting CXX compiler ABI info - done
[0.944s] -- Detecting CXX compile features
[1.526s] -- Detecting CXX compile features - done
[1.532s] -- Found ament_cmake: 0.7.4 (/opt/ros/dashing/share/ament_cmake/cmake)
[1.616s] -- Found PythonInterp: /usr/bin/python3 (found suitable version "3.6.9", minimum required is "3") 
[1.616s] -- Using PYTHON_EXECUTABLE: /usr/bin/python3
[2.052s] -- Override CMake install command with custom implementation using symlinks instead of copying resources
[2.083s] -- Found rosidl_default_generators: 0.7.0 (/opt/ros/dashing/share/rosidl_default_generators/cmake)
[2.269s] -- Found OpenSSL: /usr/lib/x86_64-linux-gnu/libcrypto.so (found version "1.1.1") 
[2.309s] -- Found FastRTPS: /opt/ros/dashing/include  
[2.338s] -- Found rosidl_adapter: 0.7.8 (/opt/ros/dashing/share/rosidl_adapter/cmake)
[2.471s] -- Found std_msgs: 0.7.0 (/opt/ros/dashing/share/std_msgs/cmake)
[2.500s] -- Found geometry_msgs: 0.7.0 (/opt/ros/dashing/share/geometry_msgs/cmake)
[2.598s] -- Found PythonInterp: /usr/bin/python3 (found version "3.6.9") 
[3.079s] -- Using single matching rosidl_typesupport_c: rosidl_typesupport_fastrtps_c
[3.182s] -- Using single matching rosidl_typesupport_cpp: rosidl_typesupport_fastrtps_cpp
[3.864s] -- Found rmw_implementation_cmake: 0.7.2 (/opt/ros/dashing/share/rmw_implementation_cmake/cmake)
[3.945s] -- Found PythonInterp: /usr/bin/python3 (found suitable version "3.6.9", minimum required is "3.5") 
[3.948s] -- Found python_cmake_module: 0.7.10 (/opt/ros/dashing/share/python_cmake_module/cmake)
[4.037s] -- Found PythonLibs: /usr/lib/x86_64-linux-gnu/libpython3.6m.so (found suitable version "3.6.9", minimum required is "3.5") 
[4.037s] -- Using PYTHON_EXECUTABLE: /usr/bin/python3
[4.037s] -- Using PYTHON_INCLUDE_DIRS: /usr/include/python3.6m
[4.037s] -- Using PYTHON_LIBRARIES: /usr/lib/x86_64-linux-gnu/libpython3.6m.so
[4.118s] -- Found PythonExtra: .so  
[4.515s] -- Configuring done
[4.851s] -- Generating done
[4.858s] -- Build files have been written to: /home/common/colcon_ws/build/octomap_msgs
[4.868s] Invoked command in '/home/common/colcon_ws/build/octomap_msgs' returned '0': CMAKE_PREFIX_PATH=/home/common/colcon_ws/install/octomap_msgs:/home/common/colcon_ws/install/turtlebot3_teleop:/home/common/colcon_ws/install/tms_ur_speaker:/home/common/colcon_ws/install/tms_ur_listener:/home/common/colcon_ws/install/tms_ts_ts:/home/common/colcon_ws/install/tms_ts_test:/home/common/colcon_ws/install/tms_ts_subtask:/home/common/colcon_ws/install/tms_ss_whs1:/home/common/colcon_ws/install/tms_rc_double:/home/common/colcon_ws/install/tms_db_manager:/opt/ros/dashing:/opt/ros/melodic:/home/common/colcon_ws/install/turtlebot3:/home/common/colcon_ws/install/turtlebot3_simulations:/home/common/colcon_ws/install/turtlebot3_bringup:/home/common/colcon_ws/install/turtlebot3_node:/home/common/colcon_ws/install/turtlebot3_navigation2:/home/common/colcon_ws/install/turtlebot3_fake_node:/home/common/colcon_ws/install/doublenode:/home/common/colcon_ws/install/turtlebot3_msgs:/home/common/colcon_ws/install/turtlebot3_gazebo:/home/common/colcon_ws/install/turtlebot3_description:/home/common/colcon_ws/install/turtlebot3_cartographer:/home/common/colcon_ws/install/tms_ss_vicon:/home/common/colcon_ws/install/tms_rc_tfnode:/home/common/colcon_ws/install/tms_rc_bot:/home/common/colcon_ws/install/tms_nw_rp:/home/common/colcon_ws/install/tms_msg_ur:/home/common/colcon_ws/install/tms_msg_ts:/home/common/colcon_ws/install/tms_msg_ss:/home/common/colcon_ws/install/tms_msg_rc:/home/common/colcon_ws/install/tms_msg_db:/home/common/colcon_ws/install/object_recognition_msgs:/home/common/colcon_ws/install/hls_lfcd_lds_driver:/home/common/colcon_ws/install/examples_rclcpp_minimal_timer:/home/common/colcon_ws/install/examples_rclcpp_minimal_subscriber:/home/common/colcon_ws/install/examples_rclcpp_minimal_service:/home/common/colcon_ws/install/examples_rclcpp_minimal_publisher:/home/common/colcon_ws/install/examples_rclcpp_minimal_composition:/home/common/colcon_ws/install/examples_rclcpp_minimal_client:/home/common/colcon_ws/install/examples_rclcpp_minimal_action_server:/home/common/colcon_ws/install/examples_rclcpp_minimal_action_client:/home/common/colcon_ws/install/dynamixel_sdk /usr/bin/cmake /home/common/colcon_ws/src/octomap_msgs -DAMENT_CMAKE_SYMLINK_INSTALL=1 -DCMAKE_INSTALL_PREFIX=/home/common/colcon_ws/install/octomap_msgs
[4.869s] Invoking command in '/home/common/colcon_ws/build/octomap_msgs': CMAKE_PREFIX_PATH=/home/common/colcon_ws/install/octomap_msgs:/home/common/colcon_ws/install/turtlebot3_teleop:/home/common/colcon_ws/install/tms_ur_speaker:/home/common/colcon_ws/install/tms_ur_listener:/home/common/colcon_ws/install/tms_ts_ts:/home/common/colcon_ws/install/tms_ts_test:/home/common/colcon_ws/install/tms_ts_subtask:/home/common/colcon_ws/install/tms_ss_whs1:/home/common/colcon_ws/install/tms_rc_double:/home/common/colcon_ws/install/tms_db_manager:/opt/ros/dashing:/opt/ros/melodic:/home/common/colcon_ws/install/turtlebot3:/home/common/colcon_ws/install/turtlebot3_simulations:/home/common/colcon_ws/install/turtlebot3_bringup:/home/common/colcon_ws/install/turtlebot3_node:/home/common/colcon_ws/install/turtlebot3_navigation2:/home/common/colcon_ws/install/turtlebot3_fake_node:/home/common/colcon_ws/install/doublenode:/home/common/colcon_ws/install/turtlebot3_msgs:/home/common/colcon_ws/install/turtlebot3_gazebo:/home/common/colcon_ws/install/turtlebot3_description:/home/common/colcon_ws/install/turtlebot3_cartographer:/home/common/colcon_ws/install/tms_ss_vicon:/home/common/colcon_ws/install/tms_rc_tfnode:/home/common/colcon_ws/install/tms_rc_bot:/home/common/colcon_ws/install/tms_nw_rp:/home/common/colcon_ws/install/tms_msg_ur:/home/common/colcon_ws/install/tms_msg_ts:/home/common/colcon_ws/install/tms_msg_ss:/home/common/colcon_ws/install/tms_msg_rc:/home/common/colcon_ws/install/tms_msg_db:/home/common/colcon_ws/install/object_recognition_msgs:/home/common/colcon_ws/install/hls_lfcd_lds_driver:/home/common/colcon_ws/install/examples_rclcpp_minimal_timer:/home/common/colcon_ws/install/examples_rclcpp_minimal_subscriber:/home/common/colcon_ws/install/examples_rclcpp_minimal_service:/home/common/colcon_ws/install/examples_rclcpp_minimal_publisher:/home/common/colcon_ws/install/examples_rclcpp_minimal_composition:/home/common/colcon_ws/install/examples_rclcpp_minimal_client:/home/common/colcon_ws/install/examples_rclcpp_minimal_action_server:/home/common/colcon_ws/install/examples_rclcpp_minimal_action_client:/home/common/colcon_ws/install/dynamixel_sdk /usr/bin/cmake --build /home/common/colcon_ws/build/octomap_msgs -- -j8 -l8
[4.953s] [35m[1mScanning dependencies of target octomap_msgs__cpp[0m
[4.964s] [35m[1mScanning dependencies of target octomap_msgs__rosidl_generator_c[0m
[4.988s] [  1%] Built target octomap_msgs__cpp
[5.003s] [ 13%] Built target octomap_msgs__rosidl_generator_c
[5.021s] [35m[1mScanning dependencies of target octomap_msgs__rosidl_typesupport_fastrtps_cpp[0m
[5.026s] [35m[1mScanning dependencies of target octomap_msgs__rosidl_typesupport_introspection_cpp[0m
[5.039s] [35m[1mScanning dependencies of target octomap_msgs__rosidl_typesupport_introspection_c[0m
[5.063s] [ 24%] Built target octomap_msgs__rosidl_typesupport_introspection_cpp
[5.065s] [ 35%] Built target octomap_msgs__rosidl_typesupport_fastrtps_cpp
[5.086s] [ 47%] Built target octomap_msgs__rosidl_typesupport_introspection_c
[5.089s] [35m[1mScanning dependencies of target octomap_msgs__rosidl_typesupport_fastrtps_c[0m
[5.089s] [35m[1mScanning dependencies of target octomap_msgs__rosidl_typesupport_cpp[0m
[5.127s] [ 58%] Built target octomap_msgs__rosidl_typesupport_cpp
[5.135s] [ 69%] Built target octomap_msgs__rosidl_typesupport_fastrtps_c
[5.154s] [35m[1mScanning dependencies of target octomap_msgs__rosidl_typesupport_c[0m
[5.182s] [ 81%] Built target octomap_msgs__rosidl_typesupport_c
[5.201s] [35m[1mScanning dependencies of target octomap_msgs[0m
[5.217s] [ 81%] Built target octomap_msgs
[5.259s] [ 83%] Built target octomap_msgs__py
[5.283s] [35m[1mScanning dependencies of target octomap_msgs__python[0m
[5.338s] [ 92%] Built target octomap_msgs__python
[5.358s] [35m[1mScanning dependencies of target octomap_msgs__rosidl_typesupport_fastrtps_c__pyext[0m
[5.373s] [35m[1mScanning dependencies of target octomap_msgs__rosidl_typesupport_c__pyext[0m
[5.397s] [ 96%] Built target octomap_msgs__rosidl_typesupport_fastrtps_c__pyext
[5.430s] [100%] Built target octomap_msgs__rosidl_typesupport_c__pyext
[5.883s] Invoked command in '/home/common/colcon_ws/build/octomap_msgs' returned '0': CMAKE_PREFIX_PATH=/home/common/colcon_ws/install/octomap_msgs:/home/common/colcon_ws/install/turtlebot3_teleop:/home/common/colcon_ws/install/tms_ur_speaker:/home/common/colcon_ws/install/tms_ur_listener:/home/common/colcon_ws/install/tms_ts_ts:/home/common/colcon_ws/install/tms_ts_test:/home/common/colcon_ws/install/tms_ts_subtask:/home/common/colcon_ws/install/tms_ss_whs1:/home/common/colcon_ws/install/tms_rc_double:/home/common/colcon_ws/install/tms_db_manager:/opt/ros/dashing:/opt/ros/melodic:/home/common/colcon_ws/install/turtlebot3:/home/common/colcon_ws/install/turtlebot3_simulations:/home/common/colcon_ws/install/turtlebot3_bringup:/home/common/colcon_ws/install/turtlebot3_node:/home/common/colcon_ws/install/turtlebot3_navigation2:/home/common/colcon_ws/install/turtlebot3_fake_node:/home/common/colcon_ws/install/doublenode:/home/common/colcon_ws/install/turtlebot3_msgs:/home/common/colcon_ws/install/turtlebot3_gazebo:/home/common/colcon_ws/install/turtlebot3_description:/home/common/colcon_ws/install/turtlebot3_cartographer:/home/common/colcon_ws/install/tms_ss_vicon:/home/common/colcon_ws/install/tms_rc_tfnode:/home/common/colcon_ws/install/tms_rc_bot:/home/common/colcon_ws/install/tms_nw_rp:/home/common/colcon_ws/install/tms_msg_ur:/home/common/colcon_ws/install/tms_msg_ts:/home/common/colcon_ws/install/tms_msg_ss:/home/common/colcon_ws/install/tms_msg_rc:/home/common/colcon_ws/install/tms_msg_db:/home/common/colcon_ws/install/object_recognition_msgs:/home/common/colcon_ws/install/hls_lfcd_lds_driver:/home/common/colcon_ws/install/examples_rclcpp_minimal_timer:/home/common/colcon_ws/install/examples_rclcpp_minimal_subscriber:/home/common/colcon_ws/install/examples_rclcpp_minimal_service:/home/common/colcon_ws/install/examples_rclcpp_minimal_publisher:/home/common/colcon_ws/install/examples_rclcpp_minimal_composition:/home/common/colcon_ws/install/examples_rclcpp_minimal_client:/home/common/colcon_ws/install/examples_rclcpp_minimal_action_server:/home/common/colcon_ws/install/examples_rclcpp_minimal_action_client:/home/common/colcon_ws/install/dynamixel_sdk /usr/bin/cmake --build /home/common/colcon_ws/build/octomap_msgs -- -j8 -l8
[6.397s] Invoking command in '/home/common/colcon_ws/build/octomap_msgs': CMAKE_PREFIX_PATH=/home/common/colcon_ws/install/octomap_msgs:/home/common/colcon_ws/install/turtlebot3_teleop:/home/common/colcon_ws/install/tms_ur_speaker:/home/common/colcon_ws/install/tms_ur_listener:/home/common/colcon_ws/install/tms_ts_ts:/home/common/colcon_ws/install/tms_ts_test:/home/common/colcon_ws/install/tms_ts_subtask:/home/common/colcon_ws/install/tms_ss_whs1:/home/common/colcon_ws/install/tms_rc_double:/home/common/colcon_ws/install/tms_db_manager:/opt/ros/dashing:/opt/ros/melodic:/home/common/colcon_ws/install/turtlebot3:/home/common/colcon_ws/install/turtlebot3_simulations:/home/common/colcon_ws/install/turtlebot3_bringup:/home/common/colcon_ws/install/turtlebot3_node:/home/common/colcon_ws/install/turtlebot3_navigation2:/home/common/colcon_ws/install/turtlebot3_fake_node:/home/common/colcon_ws/install/doublenode:/home/common/colcon_ws/install/turtlebot3_msgs:/home/common/colcon_ws/install/turtlebot3_gazebo:/home/common/colcon_ws/install/turtlebot3_description:/home/common/colcon_ws/install/turtlebot3_cartographer:/home/common/colcon_ws/install/tms_ss_vicon:/home/common/colcon_ws/install/tms_rc_tfnode:/home/common/colcon_ws/install/tms_rc_bot:/home/common/colcon_ws/install/tms_nw_rp:/home/common/colcon_ws/install/tms_msg_ur:/home/common/colcon_ws/install/tms_msg_ts:/home/common/colcon_ws/install/tms_msg_ss:/home/common/colcon_ws/install/tms_msg_rc:/home/common/colcon_ws/install/tms_msg_db:/home/common/colcon_ws/install/object_recognition_msgs:/home/common/colcon_ws/install/hls_lfcd_lds_driver:/home/common/colcon_ws/install/examples_rclcpp_minimal_timer:/home/common/colcon_ws/install/examples_rclcpp_minimal_subscriber:/home/common/colcon_ws/install/examples_rclcpp_minimal_service:/home/common/colcon_ws/install/examples_rclcpp_minimal_publisher:/home/common/colcon_ws/install/examples_rclcpp_minimal_composition:/home/common/colcon_ws/install/examples_rclcpp_minimal_client:/home/common/colcon_ws/install/examples_rclcpp_minimal_action_server:/home/common/colcon_ws/install/examples_rclcpp_minimal_action_client:/home/common/colcon_ws/install/dynamixel_sdk /usr/bin/cmake --build /home/common/colcon_ws/build/octomap_msgs --target install -- -j8 -l8
[6.505s] [  1%] Built target octomap_msgs__cpp
[6.505s] [ 13%] Built target octomap_msgs__rosidl_generator_c
[6.577s] [ 24%] Built target octomap_msgs__rosidl_typesupport_introspection_c
[6.579s] [ 35%] Built target octomap_msgs__rosidl_typesupport_fastrtps_cpp
[6.585s] [ 47%] Built target octomap_msgs__rosidl_typesupport_introspection_cpp
[6.646s] [ 58%] Built target octomap_msgs__rosidl_typesupport_fastrtps_c
[6.658s] [ 69%] Built target octomap_msgs__rosidl_typesupport_cpp
[6.710s] [ 81%] Built target octomap_msgs__rosidl_typesupport_c
[6.756s] [ 81%] Built target octomap_msgs
[6.794s] [ 83%] Built target octomap_msgs__py
[6.853s] [ 92%] Built target octomap_msgs__python
[6.921s] [ 96%] Built target octomap_msgs__rosidl_typesupport_c__pyext
[6.926s] [100%] Built target octomap_msgs__rosidl_typesupport_fastrtps_c__pyext
[6.963s] [36mInstall the project...[0m
[6.979s] -- Install configuration: ""
[6.980s] -- Execute custom install script
[6.980s] -- Up-to-date symlink: /home/common/colcon_ws/install/octomap_msgs/share/ament_index/resource_index/rosidl_interfaces/octomap_msgs
[6.981s] -- Up-to-date symlink: /home/common/colcon_ws/install/octomap_msgs/lib/liboctomap_msgs__rosidl_typesupport_c.so
[6.981s] -- Up-to-date symlink: /home/common/colcon_ws/install/octomap_msgs/share/octomap_msgs/environment/library_path.sh
[6.982s] -- Up-to-date symlink: /home/common/colcon_ws/install/octomap_msgs/lib/liboctomap_msgs__rosidl_typesupport_cpp.so
[6.983s] -- Up-to-date symlink: /home/common/colcon_ws/install/octomap_msgs/include/octomap_msgs/msg/octomap__rosidl_typesupport_fastrtps_c.h
[6.983s] -- Up-to-date symlink: /home/common/colcon_ws/install/octomap_msgs/include/octomap_msgs/msg/octomap_with_pose__rosidl_typesupport_fastrtps_c.h
[6.983s] -- Up-to-date symlink: /home/common/colcon_ws/install/octomap_msgs/include/octomap_msgs/msg/rosidl_typesupport_fastrtps_c__visibility_control.h
[6.984s] -- Up-to-date symlink: /home/common/colcon_ws/install/octomap_msgs/include/octomap_msgs/srv/bounding_box_query__rosidl_typesupport_fastrtps_c.h
[6.984s] -- Up-to-date symlink: /home/common/colcon_ws/install/octomap_msgs/include/octomap_msgs/srv/get_octomap__rosidl_typesupport_fastrtps_c.h
[6.985s] -- Up-to-date symlink: /home/common/colcon_ws/install/octomap_msgs/lib/liboctomap_msgs__rosidl_typesupport_fastrtps_c.so
[6.986s] -- Up-to-date symlink: /home/common/colcon_ws/install/octomap_msgs/include/octomap_msgs/msg/octomap.h
[6.986s] -- Up-to-date symlink: /home/common/colcon_ws/install/octomap_msgs/include/octomap_msgs/msg/octomap__functions.h
[6.986s] -- Up-to-date symlink: /home/common/colcon_ws/install/octomap_msgs/include/octomap_msgs/msg/octomap__struct.h
[6.986s] -- Up-to-date symlink: /home/common/colcon_ws/install/octomap_msgs/include/octomap_msgs/msg/octomap__type_support.h
[6.987s] -- Up-to-date symlink: /home/common/colcon_ws/install/octomap_msgs/include/octomap_msgs/msg/octomap_with_pose.h
[6.987s] -- Up-to-date symlink: /home/common/colcon_ws/install/octomap_msgs/include/octomap_msgs/msg/octomap_with_pose__functions.h
[6.987s] -- Up-to-date symlink: /home/common/colcon_ws/install/octomap_msgs/include/octomap_msgs/msg/octomap_with_pose__struct.h
[6.988s] -- Up-to-date symlink: /home/common/colcon_ws/install/octomap_msgs/include/octomap_msgs/msg/octomap_with_pose__type_support.h
[6.988s] -- Up-to-date symlink: /home/common/colcon_ws/install/octomap_msgs/include/octomap_msgs/msg/rosidl_generator_c__visibility_control.h
[6.988s] -- Up-to-date symlink: /home/common/colcon_ws/install/octomap_msgs/include/octomap_msgs/srv/bounding_box_query.h
[6.989s] -- Up-to-date symlink: /home/common/colcon_ws/install/octomap_msgs/include/octomap_msgs/srv/bounding_box_query__functions.h
[6.989s] -- Up-to-date symlink: /home/common/colcon_ws/install/octomap_msgs/include/octomap_msgs/srv/bounding_box_query__struct.h
[6.989s] -- Up-to-date symlink: /home/common/colcon_ws/install/octomap_msgs/include/octomap_msgs/srv/bounding_box_query__type_support.h
[6.989s] -- Up-to-date symlink: /home/common/colcon_ws/install/octomap_msgs/include/octomap_msgs/srv/get_octomap.h
[6.990s] -- Up-to-date symlink: /home/common/colcon_ws/install/octomap_msgs/include/octomap_msgs/srv/get_octomap__functions.h
[6.990s] -- Up-to-date symlink: /home/common/colcon_ws/install/octomap_msgs/include/octomap_msgs/srv/get_octomap__struct.h
[6.990s] -- Up-to-date symlink: /home/common/colcon_ws/install/octomap_msgs/include/octomap_msgs/srv/get_octomap__type_support.h
[6.990s] -- Up-to-date symlink: /home/common/colcon_ws/install/octomap_msgs/lib/liboctomap_msgs__rosidl_generator_c.so
[6.991s] -- Up-to-date symlink: /home/common/colcon_ws/install/octomap_msgs/include/octomap_msgs/msg/octomap__rosidl_typesupport_fastrtps_cpp.hpp
[6.991s] -- Up-to-date symlink: /home/common/colcon_ws/install/octomap_msgs/include/octomap_msgs/msg/octomap_with_pose__rosidl_typesupport_fastrtps_cpp.hpp
[6.992s] -- Up-to-date symlink: /home/common/colcon_ws/install/octomap_msgs/include/octomap_msgs/msg/rosidl_typesupport_fastrtps_cpp__visibility_control.h
[6.992s] -- Up-to-date symlink: /home/common/colcon_ws/install/octomap_msgs/include/octomap_msgs/srv/bounding_box_query__rosidl_typesupport_fastrtps_cpp.hpp
[6.992s] -- Up-to-date symlink: /home/common/colcon_ws/install/octomap_msgs/include/octomap_msgs/srv/get_octomap__rosidl_typesupport_fastrtps_cpp.hpp
[6.993s] -- Up-to-date symlink: /home/common/colcon_ws/install/octomap_msgs/lib/liboctomap_msgs__rosidl_typesupport_fastrtps_cpp.so
[6.993s] -- Up-to-date symlink: /home/common/colcon_ws/install/octomap_msgs/include/octomap_msgs/msg/octomap.hpp
[6.994s] -- Up-to-date symlink: /home/common/colcon_ws/install/octomap_msgs/include/octomap_msgs/msg/octomap__struct.hpp
[6.994s] -- Up-to-date symlink: /home/common/colcon_ws/install/octomap_msgs/include/octomap_msgs/msg/octomap__traits.hpp
[6.994s] -- Up-to-date symlink: /home/common/colcon_ws/install/octomap_msgs/include/octomap_msgs/msg/octomap_with_pose.hpp
[6.994s] -- Up-to-date symlink: /home/common/colcon_ws/install/octomap_msgs/include/octomap_msgs/msg/octomap_with_pose__struct.hpp
[6.994s] -- Up-to-date symlink: /home/common/colcon_ws/install/octomap_msgs/include/octomap_msgs/msg/octomap_with_pose__traits.hpp
[6.995s] -- Up-to-date symlink: /home/common/colcon_ws/install/octomap_msgs/include/octomap_msgs/srv/bounding_box_query.hpp
[6.995s] -- Up-to-date symlink: /home/common/colcon_ws/install/octomap_msgs/include/octomap_msgs/srv/bounding_box_query__struct.hpp
[6.995s] -- Up-to-date symlink: /home/common/colcon_ws/install/octomap_msgs/include/octomap_msgs/srv/bounding_box_query__traits.hpp
[6.995s] -- Up-to-date symlink: /home/common/colcon_ws/install/octomap_msgs/include/octomap_msgs/srv/get_octomap.hpp
[6.995s] -- Up-to-date symlink: /home/common/colcon_ws/install/octomap_msgs/include/octomap_msgs/srv/get_octomap__struct.hpp
[6.996s] -- Up-to-date symlink: /home/common/colcon_ws/install/octomap_msgs/include/octomap_msgs/srv/get_octomap__traits.hpp
[6.996s] -- Up-to-date symlink: /home/common/colcon_ws/install/octomap_msgs/include/octomap_msgs/msg/octomap__rosidl_typesupport_introspection_c.h
[6.997s] -- Up-to-date symlink: /home/common/colcon_ws/install/octomap_msgs/include/octomap_msgs/msg/octomap_with_pose__rosidl_typesupport_introspection_c.h
[6.997s] -- Up-to-date symlink: /home/common/colcon_ws/install/octomap_msgs/include/octomap_msgs/msg/rosidl_typesupport_introspection_c__visibility_control.h
[6.997s] -- Up-to-date symlink: /home/common/colcon_ws/install/octomap_msgs/include/octomap_msgs/srv/bounding_box_query__rosidl_typesupport_introspection_c.h
[6.997s] -- Up-to-date symlink: /home/common/colcon_ws/install/octomap_msgs/include/octomap_msgs/srv/get_octomap__rosidl_typesupport_introspection_c.h
[6.998s] -- Up-to-date symlink: /home/common/colcon_ws/install/octomap_msgs/lib/liboctomap_msgs__rosidl_typesupport_introspection_c.so
[6.998s] -- Up-to-date symlink: /home/common/colcon_ws/install/octomap_msgs/include/octomap_msgs/msg/octomap__rosidl_typesupport_introspection_cpp.hpp
[6.999s] -- Up-to-date symlink: /home/common/colcon_ws/install/octomap_msgs/include/octomap_msgs/msg/octomap_with_pose__rosidl_typesupport_introspection_cpp.hpp
[6.999s] -- Up-to-date symlink: /home/common/colcon_ws/install/octomap_msgs/include/octomap_msgs/srv/bounding_box_query__rosidl_typesupport_introspection_cpp.hpp
[6.999s] -- Up-to-date symlink: /home/common/colcon_ws/install/octomap_msgs/include/octomap_msgs/srv/get_octomap__rosidl_typesupport_introspection_cpp.hpp
[7.000s] -- Up-to-date symlink: /home/common/colcon_ws/install/octomap_msgs/lib/liboctomap_msgs__rosidl_typesupport_introspection_cpp.so
[7.000s] -- Up-to-date symlink: /home/common/colcon_ws/install/octomap_msgs/share/octomap_msgs/environment/pythonpath.sh
[7.000s] -- Up-to-date symlink: /home/common/colcon_ws/install/octomap_msgs/lib/python3.6/site-packages/octomap_msgs/__init__.py
[7.001s] -- Up-to-date symlink: /home/common/colcon_ws/install/octomap_msgs/lib/python3.6/site-packages/octomap_msgs/msg/__init__.py
[7.001s] -- Up-to-date symlink: /home/common/colcon_ws/install/octomap_msgs/lib/python3.6/site-packages/octomap_msgs/msg/_octomap.py
[7.001s] -- Up-to-date symlink: /home/common/colcon_ws/install/octomap_msgs/lib/python3.6/site-packages/octomap_msgs/msg/_octomap_with_pose.py
[7.002s] -- Up-to-date symlink: /home/common/colcon_ws/install/octomap_msgs/lib/python3.6/site-packages/octomap_msgs/srv/__init__.py
[7.002s] -- Up-to-date symlink: /home/common/colcon_ws/install/octomap_msgs/lib/python3.6/site-packages/octomap_msgs/srv/_bounding_box_query.py
[7.002s] -- Up-to-date symlink: /home/common/colcon_ws/install/octomap_msgs/lib/python3.6/site-packages/octomap_msgs/srv/_get_octomap.py
[7.003s] -- Up-to-date symlink: /home/common/colcon_ws/install/octomap_msgs/lib/python3.6/site-packages/octomap_msgs/octomap_msgs_s__rosidl_typesupport_c.cpython-36m-x86_64-linux-gnu.so
[7.004s] -- Up-to-date symlink: /home/common/colcon_ws/install/octomap_msgs/lib/python3.6/site-packages/octomap_msgs/octomap_msgs_s__rosidl_typesupport_fastrtps_c.cpython-36m-x86_64-linux-gnu.so
[7.004s] -- Up-to-date symlink: /home/common/colcon_ws/install/octomap_msgs/lib/liboctomap_msgs__python.so
[7.005s] -- Up-to-date symlink: /home/common/colcon_ws/install/octomap_msgs/share/octomap_msgs/msg/Octomap.idl
[7.005s] -- Up-to-date symlink: /home/common/colcon_ws/install/octomap_msgs/share/octomap_msgs/msg/OctomapWithPose.idl
[7.005s] -- Up-to-date symlink: /home/common/colcon_ws/install/octomap_msgs/share/octomap_msgs/srv/BoundingBoxQuery.idl
[7.006s] -- Up-to-date symlink: /home/common/colcon_ws/install/octomap_msgs/share/octomap_msgs/srv/GetOctomap.idl
[7.006s] -- Up-to-date symlink: /home/common/colcon_ws/install/octomap_msgs/share/octomap_msgs/msg/Octomap.msg
[7.007s] -- Up-to-date symlink: /home/common/colcon_ws/install/octomap_msgs/share/octomap_msgs/msg/OctomapWithPose.msg
[7.007s] -- Up-to-date symlink: /home/common/colcon_ws/install/octomap_msgs/share/octomap_msgs/srv/BoundingBoxQuery.srv
[7.008s] -- Up-to-date symlink: /home/common/colcon_ws/install/octomap_msgs/share/octomap_msgs/srv/BoundingBoxQuery_Request.msg
[7.008s] -- Up-to-date symlink: /home/common/colcon_ws/install/octomap_msgs/share/octomap_msgs/srv/BoundingBoxQuery_Response.msg
[7.008s] -- Up-to-date symlink: /home/common/colcon_ws/install/octomap_msgs/share/octomap_msgs/srv/GetOctomap.srv
[7.009s] -- Up-to-date symlink: /home/common/colcon_ws/install/octomap_msgs/share/octomap_msgs/srv/GetOctomap_Request.msg
[7.009s] -- Up-to-date symlink: /home/common/colcon_ws/install/octomap_msgs/share/octomap_msgs/srv/GetOctomap_Response.msg
[7.009s] -- Up-to-date symlink: /home/common/colcon_ws/install/octomap_msgs/share/ament_index/resource_index/package_run_dependencies/octomap_msgs
[7.010s] -- Up-to-date symlink: /home/common/colcon_ws/install/octomap_msgs/share/ament_index/resource_index/parent_prefix_path/octomap_msgs
[7.010s] -- Up-to-date symlink: /home/common/colcon_ws/install/octomap_msgs/share/octomap_msgs/environment/ament_prefix_path.sh
[7.010s] -- Up-to-date symlink: /home/common/colcon_ws/install/octomap_msgs/share/octomap_msgs/environment/path.sh
[7.010s] -- Up-to-date symlink: /home/common/colcon_ws/install/octomap_msgs/share/octomap_msgs/local_setup.bash
[7.011s] -- Up-to-date symlink: /home/common/colcon_ws/install/octomap_msgs/share/octomap_msgs/local_setup.sh
[7.011s] -- Up-to-date symlink: /home/common/colcon_ws/install/octomap_msgs/share/octomap_msgs/local_setup.zsh
[7.011s] -- Up-to-date symlink: /home/common/colcon_ws/install/octomap_msgs/share/ament_index/resource_index/packages/octomap_msgs
[7.012s] -- Up-to-date symlink: /home/common/colcon_ws/install/octomap_msgs/share/octomap_msgs/cmake/rosidl_cmake-extras.cmake
[7.012s] -- Up-to-date symlink: /home/common/colcon_ws/install/octomap_msgs/share/octomap_msgs/cmake/ament_cmake_export_dependencies-extras.cmake
[7.013s] -- Up-to-date symlink: /home/common/colcon_ws/install/octomap_msgs/share/octomap_msgs/cmake/ament_cmake_export_libraries-extras.cmake
[7.013s] -- Up-to-date symlink: /home/common/colcon_ws/install/octomap_msgs/share/octomap_msgs/cmake/ament_cmake_export_include_directories-extras.cmake
[7.013s] -- Up-to-date symlink: /home/common/colcon_ws/install/octomap_msgs/share/octomap_msgs/cmake/octomap_msgsConfig.cmake
[7.014s] -- Up-to-date symlink: /home/common/colcon_ws/install/octomap_msgs/share/octomap_msgs/cmake/octomap_msgsConfig-version.cmake
[7.014s] -- Up-to-date symlink: /home/common/colcon_ws/install/octomap_msgs/share/octomap_msgs/package.xml
[7.103s] Compiling '/home/common/colcon_ws/install/octomap_msgs/lib/python3.6/site-packages/octomap_msgs/__init__.py'...
[7.108s] -- Up-to-date: /home/common/colcon_ws/install/octomap_msgs/include
[7.109s] -- Up-to-date: /home/common/colcon_ws/install/octomap_msgs/include/octomap_msgs
[7.111s] -- Up-to-date: /home/common/colcon_ws/install/octomap_msgs/include/octomap_msgs/conversions.h
[7.115s] Invoked command in '/home/common/colcon_ws/build/octomap_msgs' returned '0': CMAKE_PREFIX_PATH=/home/common/colcon_ws/install/octomap_msgs:/home/common/colcon_ws/install/turtlebot3_teleop:/home/common/colcon_ws/install/tms_ur_speaker:/home/common/colcon_ws/install/tms_ur_listener:/home/common/colcon_ws/install/tms_ts_ts:/home/common/colcon_ws/install/tms_ts_test:/home/common/colcon_ws/install/tms_ts_subtask:/home/common/colcon_ws/install/tms_ss_whs1:/home/common/colcon_ws/install/tms_rc_double:/home/common/colcon_ws/install/tms_db_manager:/opt/ros/dashing:/opt/ros/melodic:/home/common/colcon_ws/install/turtlebot3:/home/common/colcon_ws/install/turtlebot3_simulations:/home/common/colcon_ws/install/turtlebot3_bringup:/home/common/colcon_ws/install/turtlebot3_node:/home/common/colcon_ws/install/turtlebot3_navigation2:/home/common/colcon_ws/install/turtlebot3_fake_node:/home/common/colcon_ws/install/doublenode:/home/common/colcon_ws/install/turtlebot3_msgs:/home/common/colcon_ws/install/turtlebot3_gazebo:/home/common/colcon_ws/install/turtlebot3_description:/home/common/colcon_ws/install/turtlebot3_cartographer:/home/common/colcon_ws/install/tms_ss_vicon:/home/common/colcon_ws/install/tms_rc_tfnode:/home/common/colcon_ws/install/tms_rc_bot:/home/common/colcon_ws/install/tms_nw_rp:/home/common/colcon_ws/install/tms_msg_ur:/home/common/colcon_ws/install/tms_msg_ts:/home/common/colcon_ws/install/tms_msg_ss:/home/common/colcon_ws/install/tms_msg_rc:/home/common/colcon_ws/install/tms_msg_db:/home/common/colcon_ws/install/object_recognition_msgs:/home/common/colcon_ws/install/hls_lfcd_lds_driver:/home/common/colcon_ws/install/examples_rclcpp_minimal_timer:/home/common/colcon_ws/install/examples_rclcpp_minimal_subscriber:/home/common/colcon_ws/install/examples_rclcpp_minimal_service:/home/common/colcon_ws/install/examples_rclcpp_minimal_publisher:/home/common/colcon_ws/install/examples_rclcpp_minimal_composition:/home/common/colcon_ws/install/examples_rclcpp_minimal_client:/home/common/colcon_ws/install/examples_rclcpp_minimal_action_server:/home/common/colcon_ws/install/examples_rclcpp_minimal_action_client:/home/common/colcon_ws/install/dynamixel_sdk /usr/bin/cmake --build /home/common/colcon_ws/build/octomap_msgs --target install -- -j8 -l8
