[0.112s] -- The C compiler identification is GNU 7.4.0
[0.198s] -- The CXX compiler identification is GNU 7.4.0
[0.203s] -- Check for working C compiler: /usr/bin/cc
[0.318s] -- Check for working C compiler: /usr/bin/cc -- works
[0.318s] -- Detecting C compiler ABI info
[0.430s] -- Detecting C compiler ABI info - done
[0.439s] -- Detecting C compile features
[0.781s] -- Detecting C compile features - done
[0.784s] -- Check for working CXX compiler: /usr/bin/c++
[0.942s] -- Check for working CXX compiler: /usr/bin/c++ -- works
[0.943s] -- Detecting CXX compiler ABI info
[1.085s] -- Detecting CXX compiler ABI info - done
[1.094s] -- Detecting CXX compile features
[1.659s] -- Detecting CXX compile features - done
[1.667s] -- Found ament_cmake: 0.7.4 (/opt/ros/dashing/share/ament_cmake/cmake)
[1.750s] -- Found PythonInterp: /usr/bin/python3 (found suitable version "3.6.9", minimum required is "3") 
[1.750s] -- Using PYTHON_EXECUTABLE: /usr/bin/python3
[2.158s] -- Override CMake install command with custom implementation using symlinks instead of copying resources
[2.242s] -- Found rosidl_default_generators: 0.7.0 (/opt/ros/dashing/share/rosidl_default_generators/cmake)
[2.464s] -- Found OpenSSL: /usr/lib/x86_64-linux-gnu/libcrypto.so (found version "1.1.1") 
[2.508s] -- Found FastRTPS: /opt/ros/dashing/include  
[2.557s] -- Found rosidl_adapter: 0.7.8 (/opt/ros/dashing/share/rosidl_adapter/cmake)
[2.811s] -- Found action_msgs: 0.7.4 (/opt/ros/dashing/share/action_msgs/cmake)
[2.883s] -- Found std_msgs: 0.7.0 (/opt/ros/dashing/share/std_msgs/cmake)
[2.902s] -- Found geometry_msgs: 0.7.0 (/opt/ros/dashing/share/geometry_msgs/cmake)
[2.919s] -- Found sensor_msgs: 0.7.0 (/opt/ros/dashing/share/sensor_msgs/cmake)
[2.945s] -- Found shape_msgs: 0.7.0 (/opt/ros/dashing/share/shape_msgs/cmake)
[2.962s] -- Found object_recognition_msgs: 0.4.1 (/home/common/colcon_ws/install/object_recognition_msgs/share/object_recognition_msgs/cmake)
[3.128s] -- Found trajectory_msgs: 0.7.0 (/opt/ros/dashing/share/trajectory_msgs/cmake)
[3.264s] -- Found PythonInterp: /usr/bin/python3 (found version "3.6.9") 
[6.307s] -- Using single matching rosidl_typesupport_c: rosidl_typesupport_fastrtps_c
[7.013s] -- Using single matching rosidl_typesupport_cpp: rosidl_typesupport_fastrtps_cpp
[10.465s] -- Found rmw_implementation_cmake: 0.7.2 (/opt/ros/dashing/share/rmw_implementation_cmake/cmake)
[10.631s] -- Found PythonInterp: /usr/bin/python3 (found suitable version "3.6.9", minimum required is "3.5") 
[10.638s] -- Found python_cmake_module: 0.7.10 (/opt/ros/dashing/share/python_cmake_module/cmake)
[10.811s] -- Found PythonLibs: /usr/lib/x86_64-linux-gnu/libpython3.6m.so (found suitable version "3.6.9", minimum required is "3.5") 
[10.812s] -- Using PYTHON_EXECUTABLE: /usr/bin/python3
[10.812s] -- Using PYTHON_INCLUDE_DIRS: /usr/include/python3.6m
[10.812s] -- Using PYTHON_LIBRARIES: /usr/lib/x86_64-linux-gnu/libpython3.6m.so
[11.001s] -- Found PythonExtra: .so  
[12.644s] -- Configuring done
[14.519s] -- Generating done
[14.528s] -- Build files have been written to: /home/common/colcon_ws/build/moveit_msgs
[14.948s] [35m[1mScanning dependencies of target moveit_msgs__cpp[0m
[14.967s] [  0%] [34m[1mGenerating C code for ROS interfaces[0m
[15.051s] [  0%] [34m[1mGenerating C++ code for ROS interfaces[0m
[31.466s] [  0%] Built target moveit_msgs__cpp
[31.505s] [  1%] [34m[1mGenerating C++ type support for eProsima Fast-RTPS[0m
[31.515s] [  1%] [34m[1mGenerating C++ introspection for ROS interfaces[0m
[33.694s] [35m[1mScanning dependencies of target moveit_msgs__rosidl_generator_c[0m
[33.793s] [  1%] [32mBuilding C object CMakeFiles/moveit_msgs__rosidl_generator_c.dir/rosidl_generator_c/moveit_msgs/msg/allowed_collision_entry__functions.c.o[0m
[33.798s] [  1%] [32mBuilding C object CMakeFiles/moveit_msgs__rosidl_generator_c.dir/rosidl_generator_c/moveit_msgs/msg/attached_collision_object__functions.c.o[0m
[33.802s] [  2%] [32mBuilding C object CMakeFiles/moveit_msgs__rosidl_generator_c.dir/rosidl_generator_c/moveit_msgs/msg/allowed_collision_matrix__functions.c.o[0m
[33.814s] [  2%] [32mBuilding C object CMakeFiles/moveit_msgs__rosidl_generator_c.dir/rosidl_generator_c/moveit_msgs/msg/constraint_eval_result__functions.c.o[0m
[33.826s] [  2%] [32mBuilding C object CMakeFiles/moveit_msgs__rosidl_generator_c.dir/rosidl_generator_c/moveit_msgs/msg/bounding_volume__functions.c.o[0m
[33.827s] [  2%] [32mBuilding C object CMakeFiles/moveit_msgs__rosidl_generator_c.dir/rosidl_generator_c/moveit_msgs/msg/collision_object__functions.c.o[0m
[33.916s] [  2%] [32mBuilding C object CMakeFiles/moveit_msgs__rosidl_generator_c.dir/rosidl_generator_c/moveit_msgs/msg/cost_source__functions.c.o[0m
[33.922s] [  2%] [32mBuilding C object CMakeFiles/moveit_msgs__rosidl_generator_c.dir/rosidl_generator_c/moveit_msgs/msg/contact_information__functions.c.o[0m
[33.925s] [  3%] [32mBuilding C object CMakeFiles/moveit_msgs__rosidl_generator_c.dir/rosidl_generator_c/moveit_msgs/msg/constraints__functions.c.o[0m
[33.940s] [  3%] [32mBuilding C object CMakeFiles/moveit_msgs__rosidl_generator_c.dir/rosidl_generator_c/moveit_msgs/msg/display_trajectory__functions.c.o[0m
[33.944s] [  3%] [32mBuilding C object CMakeFiles/moveit_msgs__rosidl_generator_c.dir/rosidl_generator_c/moveit_msgs/msg/display_robot_state__functions.c.o[0m
[33.981s] [  4%] [32mBuilding C object CMakeFiles/moveit_msgs__rosidl_generator_c.dir/rosidl_generator_c/moveit_msgs/msg/grasp__functions.c.o[0m
[34.045s] [  4%] [32mBuilding C object CMakeFiles/moveit_msgs__rosidl_generator_c.dir/rosidl_generator_c/moveit_msgs/msg/joint_constraint__functions.c.o[0m
[34.049s] [  4%] [32mBuilding C object CMakeFiles/moveit_msgs__rosidl_generator_c.dir/rosidl_generator_c/moveit_msgs/msg/gripper_translation__functions.c.o[0m
[34.065s] [  4%] [32mBuilding C object CMakeFiles/moveit_msgs__rosidl_generator_c.dir/rosidl_generator_c/moveit_msgs/msg/joint_limits__functions.c.o[0m
[34.077s] [  4%] [32mBuilding C object CMakeFiles/moveit_msgs__rosidl_generator_c.dir/rosidl_generator_c/moveit_msgs/msg/link_padding__functions.c.o[0m
[34.107s] [  4%] [32mBuilding C object CMakeFiles/moveit_msgs__rosidl_generator_c.dir/rosidl_generator_c/moveit_msgs/msg/motion_plan_request__functions.c.o[0m
[34.111s] [  5%] [32mBuilding C object CMakeFiles/moveit_msgs__rosidl_generator_c.dir/rosidl_generator_c/moveit_msgs/msg/link_scale__functions.c.o[0m
[34.133s] [  5%] [32mBuilding C object CMakeFiles/moveit_msgs__rosidl_generator_c.dir/rosidl_generator_c/moveit_msgs/msg/motion_plan_response__functions.c.o[0m
[34.158s] [  5%] [32mBuilding C object CMakeFiles/moveit_msgs__rosidl_generator_c.dir/rosidl_generator_c/moveit_msgs/msg/move_it_error_codes__functions.c.o[0m
[34.162s] [  5%] [32mBuilding C object CMakeFiles/moveit_msgs__rosidl_generator_c.dir/rosidl_generator_c/moveit_msgs/msg/motion_plan_detailed_response__functions.c.o[0m
[34.178s] [  5%] [32mBuilding C object CMakeFiles/moveit_msgs__rosidl_generator_c.dir/rosidl_generator_c/moveit_msgs/msg/trajectory_constraints__functions.c.o[0m
[34.225s] [  6%] [32mBuilding C object CMakeFiles/moveit_msgs__rosidl_generator_c.dir/rosidl_generator_c/moveit_msgs/msg/object_color__functions.c.o[0m
[34.275s] [  6%] [32mBuilding C object CMakeFiles/moveit_msgs__rosidl_generator_c.dir/rosidl_generator_c/moveit_msgs/msg/orientation_constraint__functions.c.o[0m
[34.279s] [  6%] [32mBuilding C object CMakeFiles/moveit_msgs__rosidl_generator_c.dir/rosidl_generator_c/moveit_msgs/msg/oriented_bounding_box__functions.c.o[0m
[34.332s] [  6%] [32mBuilding C object CMakeFiles/moveit_msgs__rosidl_generator_c.dir/rosidl_generator_c/moveit_msgs/msg/planner_interface_description__functions.c.o[0m
[34.333s] [  6%] [32mBuilding C object CMakeFiles/moveit_msgs__rosidl_generator_c.dir/rosidl_generator_c/moveit_msgs/msg/place_location__functions.c.o[0m
[34.340s] [  7%] [32mBuilding C object CMakeFiles/moveit_msgs__rosidl_generator_c.dir/rosidl_generator_c/moveit_msgs/msg/planner_params__functions.c.o[0m
[34.386s] [  7%] [32mBuilding C object CMakeFiles/moveit_msgs__rosidl_generator_c.dir/rosidl_generator_c/moveit_msgs/msg/planning_scene__functions.c.o[0m
[34.395s] [  7%] [32mBuilding C object CMakeFiles/moveit_msgs__rosidl_generator_c.dir/rosidl_generator_c/moveit_msgs/msg/planning_scene_components__functions.c.o[0m
[34.424s] [  7%] [32mBuilding C object CMakeFiles/moveit_msgs__rosidl_generator_c.dir/rosidl_generator_c/moveit_msgs/msg/planning_scene_world__functions.c.o[0m
[34.427s] [  8%] [32mBuilding C object CMakeFiles/moveit_msgs__rosidl_generator_c.dir/rosidl_generator_c/moveit_msgs/msg/position_constraint__functions.c.o[0m
[34.428s] [  7%] [32mBuilding C object CMakeFiles/moveit_msgs__rosidl_generator_c.dir/rosidl_generator_c/moveit_msgs/msg/planning_options__functions.c.o[0m
[34.438s] CMakeFiles/moveit_msgs__rosidl_generator_c.dir/build.make:1865: recipe for target 'CMakeFiles/moveit_msgs__rosidl_generator_c.dir/rosidl_generator_c/moveit_msgs/msg/planning_scene__functions.c.o' failed
[34.450s] [  8%] [32mBuilding C object CMakeFiles/moveit_msgs__rosidl_generator_c.dir/rosidl_generator_c/moveit_msgs/msg/robot_state__functions.c.o[0m
[34.460s] CMakeFiles/moveit_msgs__rosidl_generator_c.dir/build.make:1913: recipe for target 'CMakeFiles/moveit_msgs__rosidl_generator_c.dir/rosidl_generator_c/moveit_msgs/msg/planning_scene_world__functions.c.o' failed
[34.463s] CMakeFiles/moveit_msgs__rosidl_generator_c.dir/build.make:1937: recipe for target 'CMakeFiles/moveit_msgs__rosidl_generator_c.dir/rosidl_generator_c/moveit_msgs/msg/planning_options__functions.c.o' failed
[34.501s] CMakeFiles/Makefile2:270: recipe for target 'CMakeFiles/moveit_msgs__rosidl_generator_c.dir/all' failed
[41.003s] [35m[1mScanning dependencies of target moveit_msgs__rosidl_typesupport_introspection_cpp[0m
[41.077s] [  9%] [32mBuilding CXX object CMakeFiles/moveit_msgs__rosidl_typesupport_introspection_cpp.dir/rosidl_typesupport_introspection_cpp/moveit_msgs/msg/allowed_collision_entry__type_support.cpp.o[0m
[41.078s] [  9%] [32mBuilding CXX object CMakeFiles/moveit_msgs__rosidl_typesupport_introspection_cpp.dir/rosidl_typesupport_introspection_cpp/moveit_msgs/msg/allowed_collision_matrix__type_support.cpp.o[0m
[41.080s] [  9%] [32mBuilding CXX object CMakeFiles/moveit_msgs__rosidl_typesupport_introspection_cpp.dir/rosidl_typesupport_introspection_cpp/moveit_msgs/msg/bounding_volume__type_support.cpp.o[0m
[41.081s] [  9%] [32mBuilding CXX object CMakeFiles/moveit_msgs__rosidl_typesupport_introspection_cpp.dir/rosidl_typesupport_introspection_cpp/moveit_msgs/msg/collision_object__type_support.cpp.o[0m
[41.081s] [  9%] [32mBuilding CXX object CMakeFiles/moveit_msgs__rosidl_typesupport_introspection_cpp.dir/rosidl_typesupport_introspection_cpp/moveit_msgs/msg/attached_collision_object__type_support.cpp.o[0m
[41.091s] [ 10%] [32mBuilding CXX object CMakeFiles/moveit_msgs__rosidl_typesupport_introspection_cpp.dir/rosidl_typesupport_introspection_cpp/moveit_msgs/msg/constraints__type_support.cpp.o[0m
[41.097s] [ 10%] [32mBuilding CXX object CMakeFiles/moveit_msgs__rosidl_typesupport_introspection_cpp.dir/rosidl_typesupport_introspection_cpp/moveit_msgs/msg/constraint_eval_result__type_support.cpp.o[0m
[41.593s] [ 10%] [32mBuilding CXX object CMakeFiles/moveit_msgs__rosidl_typesupport_introspection_cpp.dir/rosidl_typesupport_introspection_cpp/moveit_msgs/msg/cost_source__type_support.cpp.o[0m
[41.611s] [ 10%] [32mBuilding CXX object CMakeFiles/moveit_msgs__rosidl_typesupport_introspection_cpp.dir/rosidl_typesupport_introspection_cpp/moveit_msgs/msg/contact_information__type_support.cpp.o[0m
[41.771s] [ 10%] [32mBuilding CXX object CMakeFiles/moveit_msgs__rosidl_typesupport_introspection_cpp.dir/rosidl_typesupport_introspection_cpp/moveit_msgs/msg/display_trajectory__type_support.cpp.o[0m
[41.829s] [ 10%] [32mBuilding CXX object CMakeFiles/moveit_msgs__rosidl_typesupport_introspection_cpp.dir/rosidl_typesupport_introspection_cpp/moveit_msgs/msg/display_robot_state__type_support.cpp.o[0m
[41.844s] [ 11%] [32mBuilding CXX object CMakeFiles/moveit_msgs__rosidl_typesupport_introspection_cpp.dir/rosidl_typesupport_introspection_cpp/moveit_msgs/msg/grasp__type_support.cpp.o[0m
[41.967s] [ 11%] [32mBuilding CXX object CMakeFiles/moveit_msgs__rosidl_typesupport_introspection_cpp.dir/rosidl_typesupport_introspection_cpp/moveit_msgs/msg/gripper_translation__type_support.cpp.o[0m
[42.062s] [ 11%] [32mBuilding CXX object CMakeFiles/moveit_msgs__rosidl_typesupport_introspection_cpp.dir/rosidl_typesupport_introspection_cpp/moveit_msgs/msg/joint_constraint__type_support.cpp.o[0m
[42.067s] [ 11%] [32mBuilding CXX object CMakeFiles/moveit_msgs__rosidl_typesupport_introspection_cpp.dir/rosidl_typesupport_introspection_cpp/moveit_msgs/msg/joint_limits__type_support.cpp.o[0m
[42.154s] [ 11%] [32mBuilding CXX object CMakeFiles/moveit_msgs__rosidl_typesupport_introspection_cpp.dir/rosidl_typesupport_introspection_cpp/moveit_msgs/msg/link_padding__type_support.cpp.o[0m
[42.468s] [ 12%] [32mBuilding CXX object CMakeFiles/moveit_msgs__rosidl_typesupport_introspection_cpp.dir/rosidl_typesupport_introspection_cpp/moveit_msgs/msg/link_scale__type_support.cpp.o[0m
[42.489s] [ 12%] [32mBuilding CXX object CMakeFiles/moveit_msgs__rosidl_typesupport_introspection_cpp.dir/rosidl_typesupport_introspection_cpp/moveit_msgs/msg/motion_plan_request__type_support.cpp.o[0m
[42.501s] [ 12%] [32mBuilding CXX object CMakeFiles/moveit_msgs__rosidl_typesupport_introspection_cpp.dir/rosidl_typesupport_introspection_cpp/moveit_msgs/msg/motion_plan_detailed_response__type_support.cpp.o[0m
[42.508s] [ 12%] [32mBuilding CXX object CMakeFiles/moveit_msgs__rosidl_typesupport_introspection_cpp.dir/rosidl_typesupport_introspection_cpp/moveit_msgs/msg/motion_plan_response__type_support.cpp.o[0m
[42.614s] [ 12%] [32mBuilding CXX object CMakeFiles/moveit_msgs__rosidl_typesupport_introspection_cpp.dir/rosidl_typesupport_introspection_cpp/moveit_msgs/msg/move_it_error_codes__type_support.cpp.o[0m
[42.646s] [ 13%] [32mBuilding CXX object CMakeFiles/moveit_msgs__rosidl_typesupport_introspection_cpp.dir/rosidl_typesupport_introspection_cpp/moveit_msgs/msg/trajectory_constraints__type_support.cpp.o[0m
[42.647s] [ 13%] [32mBuilding CXX object CMakeFiles/moveit_msgs__rosidl_typesupport_introspection_cpp.dir/rosidl_typesupport_introspection_cpp/moveit_msgs/msg/object_color__type_support.cpp.o[0m
[42.961s] [ 13%] [32mBuilding CXX object CMakeFiles/moveit_msgs__rosidl_typesupport_introspection_cpp.dir/rosidl_typesupport_introspection_cpp/moveit_msgs/msg/orientation_constraint__type_support.cpp.o[0m
[43.026s] [ 13%] [32mBuilding CXX object CMakeFiles/moveit_msgs__rosidl_typesupport_introspection_cpp.dir/rosidl_typesupport_introspection_cpp/moveit_msgs/msg/oriented_bounding_box__type_support.cpp.o[0m
[43.079s] [ 13%] [32mBuilding CXX object CMakeFiles/moveit_msgs__rosidl_typesupport_introspection_cpp.dir/rosidl_typesupport_introspection_cpp/moveit_msgs/msg/place_location__type_support.cpp.o[0m
[43.080s] [ 13%] [32mBuilding CXX object CMakeFiles/moveit_msgs__rosidl_typesupport_introspection_cpp.dir/rosidl_typesupport_introspection_cpp/moveit_msgs/msg/planner_interface_description__type_support.cpp.o[0m
[43.364s] [ 14%] [32mBuilding CXX object CMakeFiles/moveit_msgs__rosidl_typesupport_introspection_cpp.dir/rosidl_typesupport_introspection_cpp/moveit_msgs/msg/planner_params__type_support.cpp.o[0m
[43.393s] [ 14%] [32mBuilding CXX object CMakeFiles/moveit_msgs__rosidl_typesupport_introspection_cpp.dir/rosidl_typesupport_introspection_cpp/moveit_msgs/msg/planning_scene__type_support.cpp.o[0m
[43.464s] [ 14%] [32mBuilding CXX object CMakeFiles/moveit_msgs__rosidl_typesupport_introspection_cpp.dir/rosidl_typesupport_introspection_cpp/moveit_msgs/msg/planning_scene_components__type_support.cpp.o[0m
[43.497s] [ 14%] [32mBuilding CXX object CMakeFiles/moveit_msgs__rosidl_typesupport_introspection_cpp.dir/rosidl_typesupport_introspection_cpp/moveit_msgs/msg/planning_scene_world__type_support.cpp.o[0m
[43.501s] CMakeFiles/moveit_msgs__rosidl_typesupport_introspection_cpp.dir/build.make:1293: recipe for target 'CMakeFiles/moveit_msgs__rosidl_typesupport_introspection_cpp.dir/rosidl_typesupport_introspection_cpp/moveit_msgs/msg/planning_scene__type_support.cpp.o' failed
[43.578s] CMakeFiles/moveit_msgs__rosidl_typesupport_introspection_cpp.dir/build.make:1341: recipe for target 'CMakeFiles/moveit_msgs__rosidl_typesupport_introspection_cpp.dir/rosidl_typesupport_introspection_cpp/moveit_msgs/msg/planning_scene_world__type_support.cpp.o' failed
[43.871s] CMakeFiles/Makefile2:609: recipe for target 'CMakeFiles/moveit_msgs__rosidl_typesupport_introspection_cpp.dir/all' failed
[43.888s] [35m[1mScanning dependencies of target moveit_msgs__rosidl_typesupport_fastrtps_cpp[0m
[43.970s] [ 14%] [32mBuilding CXX object CMakeFiles/moveit_msgs__rosidl_typesupport_fastrtps_cpp.dir/rosidl_typesupport_fastrtps_cpp/moveit_msgs/msg/dds_fastrtps/allowed_collision_matrix__type_support.cpp.o[0m
[43.970s] [ 14%] [32mBuilding CXX object CMakeFiles/moveit_msgs__rosidl_typesupport_fastrtps_cpp.dir/rosidl_typesupport_fastrtps_cpp/moveit_msgs/msg/dds_fastrtps/allowed_collision_entry__type_support.cpp.o[0m
[43.972s] [ 14%] [32mBuilding CXX object CMakeFiles/moveit_msgs__rosidl_typesupport_fastrtps_cpp.dir/rosidl_typesupport_fastrtps_cpp/moveit_msgs/msg/dds_fastrtps/attached_collision_object__type_support.cpp.o[0m
[43.973s] [ 14%] [32mBuilding CXX object CMakeFiles/moveit_msgs__rosidl_typesupport_fastrtps_cpp.dir/rosidl_typesupport_fastrtps_cpp/moveit_msgs/msg/dds_fastrtps/constraint_eval_result__type_support.cpp.o[0m
[43.973s] [ 15%] [32mBuilding CXX object CMakeFiles/moveit_msgs__rosidl_typesupport_fastrtps_cpp.dir/rosidl_typesupport_fastrtps_cpp/moveit_msgs/msg/dds_fastrtps/collision_object__type_support.cpp.o[0m
[43.973s] [ 15%] [32mBuilding CXX object CMakeFiles/moveit_msgs__rosidl_typesupport_fastrtps_cpp.dir/rosidl_typesupport_fastrtps_cpp/moveit_msgs/msg/dds_fastrtps/cost_source__type_support.cpp.o[0m
[43.974s] [ 15%] [32mBuilding CXX object CMakeFiles/moveit_msgs__rosidl_typesupport_fastrtps_cpp.dir/rosidl_typesupport_fastrtps_cpp/moveit_msgs/msg/dds_fastrtps/bounding_volume__type_support.cpp.o[0m
[43.984s] [ 15%] [32mBuilding CXX object CMakeFiles/moveit_msgs__rosidl_typesupport_fastrtps_cpp.dir/rosidl_typesupport_fastrtps_cpp/moveit_msgs/msg/dds_fastrtps/constraints__type_support.cpp.o[0m
[44.602s] [ 15%] [32mBuilding CXX object CMakeFiles/moveit_msgs__rosidl_typesupport_fastrtps_cpp.dir/rosidl_typesupport_fastrtps_cpp/moveit_msgs/msg/dds_fastrtps/contact_information__type_support.cpp.o[0m
[44.607s] [ 15%] [32mBuilding CXX object CMakeFiles/moveit_msgs__rosidl_typesupport_fastrtps_cpp.dir/rosidl_typesupport_fastrtps_cpp/moveit_msgs/msg/dds_fastrtps/display_trajectory__type_support.cpp.o[0m
[44.705s] [ 16%] [32mBuilding CXX object CMakeFiles/moveit_msgs__rosidl_typesupport_fastrtps_cpp.dir/rosidl_typesupport_fastrtps_cpp/moveit_msgs/msg/dds_fastrtps/display_robot_state__type_support.cpp.o[0m
[44.725s] [ 16%] [32mBuilding CXX object CMakeFiles/moveit_msgs__rosidl_typesupport_fastrtps_cpp.dir/rosidl_typesupport_fastrtps_cpp/moveit_msgs/msg/dds_fastrtps/grasp__type_support.cpp.o[0m
[44.774s] [ 16%] [32mBuilding CXX object CMakeFiles/moveit_msgs__rosidl_typesupport_fastrtps_cpp.dir/rosidl_typesupport_fastrtps_cpp/moveit_msgs/msg/dds_fastrtps/gripper_translation__type_support.cpp.o[0m
[44.923s] [ 16%] [32mBuilding CXX object CMakeFiles/moveit_msgs__rosidl_typesupport_fastrtps_cpp.dir/rosidl_typesupport_fastrtps_cpp/moveit_msgs/msg/dds_fastrtps/joint_constraint__type_support.cpp.o[0m
[44.971s] [ 16%] [32mBuilding CXX object CMakeFiles/moveit_msgs__rosidl_typesupport_fastrtps_cpp.dir/rosidl_typesupport_fastrtps_cpp/moveit_msgs/msg/dds_fastrtps/joint_limits__type_support.cpp.o[0m
[45.172s] [ 17%] [32mBuilding CXX object CMakeFiles/moveit_msgs__rosidl_typesupport_fastrtps_cpp.dir/rosidl_typesupport_fastrtps_cpp/moveit_msgs/msg/dds_fastrtps/link_padding__type_support.cpp.o[0m
[45.290s] [ 17%] [32mBuilding CXX object CMakeFiles/moveit_msgs__rosidl_typesupport_fastrtps_cpp.dir/rosidl_typesupport_fastrtps_cpp/moveit_msgs/msg/dds_fastrtps/link_scale__type_support.cpp.o[0m
[45.414s] [ 17%] [32mBuilding CXX object CMakeFiles/moveit_msgs__rosidl_typesupport_fastrtps_cpp.dir/rosidl_typesupport_fastrtps_cpp/moveit_msgs/msg/dds_fastrtps/motion_plan_request__type_support.cpp.o[0m
[45.470s] [ 17%] [32mBuilding CXX object CMakeFiles/moveit_msgs__rosidl_typesupport_fastrtps_cpp.dir/rosidl_typesupport_fastrtps_cpp/moveit_msgs/msg/dds_fastrtps/motion_plan_response__type_support.cpp.o[0m
[45.491s] [ 17%] [32mBuilding CXX object CMakeFiles/moveit_msgs__rosidl_typesupport_fastrtps_cpp.dir/rosidl_typesupport_fastrtps_cpp/moveit_msgs/msg/dds_fastrtps/motion_plan_detailed_response__type_support.cpp.o[0m
[45.509s] [ 18%] [32mBuilding CXX object CMakeFiles/moveit_msgs__rosidl_typesupport_fastrtps_cpp.dir/rosidl_typesupport_fastrtps_cpp/moveit_msgs/msg/dds_fastrtps/move_it_error_codes__type_support.cpp.o[0m
[45.565s] [ 18%] [32mBuilding CXX object CMakeFiles/moveit_msgs__rosidl_typesupport_fastrtps_cpp.dir/rosidl_typesupport_fastrtps_cpp/moveit_msgs/msg/dds_fastrtps/trajectory_constraints__type_support.cpp.o[0m
[45.687s] [ 18%] [32mBuilding CXX object CMakeFiles/moveit_msgs__rosidl_typesupport_fastrtps_cpp.dir/rosidl_typesupport_fastrtps_cpp/moveit_msgs/msg/dds_fastrtps/object_color__type_support.cpp.o[0m
[45.822s] [ 18%] [32mBuilding CXX object CMakeFiles/moveit_msgs__rosidl_typesupport_fastrtps_cpp.dir/rosidl_typesupport_fastrtps_cpp/moveit_msgs/msg/dds_fastrtps/orientation_constraint__type_support.cpp.o[0m
[45.924s] [ 18%] [32mBuilding CXX object CMakeFiles/moveit_msgs__rosidl_typesupport_fastrtps_cpp.dir/rosidl_typesupport_fastrtps_cpp/moveit_msgs/msg/dds_fastrtps/oriented_bounding_box__type_support.cpp.o[0m
[46.131s] [ 19%] [32mBuilding CXX object CMakeFiles/moveit_msgs__rosidl_typesupport_fastrtps_cpp.dir/rosidl_typesupport_fastrtps_cpp/moveit_msgs/msg/dds_fastrtps/place_location__type_support.cpp.o[0m
[46.161s] [ 19%] [32mBuilding CXX object CMakeFiles/moveit_msgs__rosidl_typesupport_fastrtps_cpp.dir/rosidl_typesupport_fastrtps_cpp/moveit_msgs/msg/dds_fastrtps/planner_interface_description__type_support.cpp.o[0m
[46.320s] [ 19%] [32mBuilding CXX object CMakeFiles/moveit_msgs__rosidl_typesupport_fastrtps_cpp.dir/rosidl_typesupport_fastrtps_cpp/moveit_msgs/msg/dds_fastrtps/planner_params__type_support.cpp.o[0m
[46.373s] [ 19%] [32mBuilding CXX object CMakeFiles/moveit_msgs__rosidl_typesupport_fastrtps_cpp.dir/rosidl_typesupport_fastrtps_cpp/moveit_msgs/msg/dds_fastrtps/planning_scene__type_support.cpp.o[0m
[46.450s] [ 19%] [32mBuilding CXX object CMakeFiles/moveit_msgs__rosidl_typesupport_fastrtps_cpp.dir/rosidl_typesupport_fastrtps_cpp/moveit_msgs/msg/dds_fastrtps/planning_scene_components__type_support.cpp.o[0m
[46.455s] CMakeFiles/moveit_msgs__rosidl_typesupport_fastrtps_cpp.dir/build.make:1293: recipe for target 'CMakeFiles/moveit_msgs__rosidl_typesupport_fastrtps_cpp.dir/rosidl_typesupport_fastrtps_cpp/moveit_msgs/msg/dds_fastrtps/planning_scene__type_support.cpp.o' failed
[46.462s] [ 19%] [32mBuilding CXX object CMakeFiles/moveit_msgs__rosidl_typesupport_fastrtps_cpp.dir/rosidl_typesupport_fastrtps_cpp/moveit_msgs/msg/dds_fastrtps/planning_scene_world__type_support.cpp.o[0m
[46.535s] CMakeFiles/moveit_msgs__rosidl_typesupport_fastrtps_cpp.dir/build.make:1341: recipe for target 'CMakeFiles/moveit_msgs__rosidl_typesupport_fastrtps_cpp.dir/rosidl_typesupport_fastrtps_cpp/moveit_msgs/msg/dds_fastrtps/planning_scene_world__type_support.cpp.o' failed
[46.848s] CMakeFiles/Makefile2:459: recipe for target 'CMakeFiles/moveit_msgs__rosidl_typesupport_fastrtps_cpp.dir/all' failed
[46.849s] Makefile:140: recipe for target 'all' failed
