[0.061s] Invoking command in '/home/common/colcon_ws/build/tms_msg_db': CMAKE_PREFIX_PATH=/home/common/colcon_ws/install/octomap_msgs:/home/common/colcon_ws/install/turtlebot3_teleop:/home/common/colcon_ws/install/tms_ur_speaker:/home/common/colcon_ws/install/tms_ur_listener:/home/common/colcon_ws/install/tms_ts_ts:/home/common/colcon_ws/install/tms_ts_test:/home/common/colcon_ws/install/tms_ts_subtask:/home/common/colcon_ws/install/tms_ss_whs1:/home/common/colcon_ws/install/tms_rc_double:/home/common/colcon_ws/install/tms_db_manager:/opt/ros/dashing:/opt/ros/melodic:/home/common/colcon_ws/install/turtlebot3:/home/common/colcon_ws/install/turtlebot3_simulations:/home/common/colcon_ws/install/turtlebot3_bringup:/home/common/colcon_ws/install/turtlebot3_node:/home/common/colcon_ws/install/turtlebot3_navigation2:/home/common/colcon_ws/install/turtlebot3_fake_node:/home/common/colcon_ws/install/doublenode:/home/common/colcon_ws/install/turtlebot3_msgs:/home/common/colcon_ws/install/turtlebot3_gazebo:/home/common/colcon_ws/install/turtlebot3_description:/home/common/colcon_ws/install/turtlebot3_cartographer:/home/common/colcon_ws/install/tms_ss_vicon:/home/common/colcon_ws/install/tms_rc_tfnode:/home/common/colcon_ws/install/tms_rc_bot:/home/common/colcon_ws/install/tms_nw_rp:/home/common/colcon_ws/install/tms_msg_ur:/home/common/colcon_ws/install/tms_msg_ts:/home/common/colcon_ws/install/tms_msg_ss:/home/common/colcon_ws/install/tms_msg_rc:/home/common/colcon_ws/install/tms_msg_db:/home/common/colcon_ws/install/object_recognition_msgs:/home/common/colcon_ws/install/hls_lfcd_lds_driver:/home/common/colcon_ws/install/examples_rclcpp_minimal_timer:/home/common/colcon_ws/install/examples_rclcpp_minimal_subscriber:/home/common/colcon_ws/install/examples_rclcpp_minimal_service:/home/common/colcon_ws/install/examples_rclcpp_minimal_publisher:/home/common/colcon_ws/install/examples_rclcpp_minimal_composition:/home/common/colcon_ws/install/examples_rclcpp_minimal_client:/home/common/colcon_ws/install/examples_rclcpp_minimal_action_server:/home/common/colcon_ws/install/examples_rclcpp_minimal_action_client:/home/common/colcon_ws/install/dynamixel_sdk /usr/bin/cmake /home/common/colcon_ws/src/ros_tms/tms_msg/tms_msg_db -DAMENT_CMAKE_SYMLINK_INSTALL=1 -DCMAKE_INSTALL_PREFIX=/home/common/colcon_ws/install/tms_msg_db
[0.140s] -- The C compiler identification is GNU 7.4.0
[0.215s] -- The CXX compiler identification is GNU 7.4.0
[0.222s] -- Check for working C compiler: /usr/bin/cc
[0.318s] -- Check for working C compiler: /usr/bin/cc -- works
[0.318s] -- Detecting C compiler ABI info
[0.423s] -- Detecting C compiler ABI info - done
[0.430s] -- Detecting C compile features
[0.719s] -- Detecting C compile features - done
[0.722s] -- Check for working CXX compiler: /usr/bin/c++
[0.839s] -- Check for working CXX compiler: /usr/bin/c++ -- works
[0.839s] -- Detecting CXX compiler ABI info
[0.969s] -- Detecting CXX compiler ABI info - done
[0.976s] -- Detecting CXX compile features
[1.555s] -- Detecting CXX compile features - done
[1.557s] -- Found ament_cmake: 0.7.4 (/opt/ros/dashing/share/ament_cmake/cmake)
[1.636s] -- Found PythonInterp: /usr/bin/python3 (found suitable version "3.6.9", minimum required is "3") 
[1.637s] -- Using PYTHON_EXECUTABLE: /usr/bin/python3
[2.062s] -- Override CMake install command with custom implementation using symlinks instead of copying resources
[2.104s] -- Found rosidl_default_generators: 0.7.0 (/opt/ros/dashing/share/rosidl_default_generators/cmake)
[2.286s] -- Found OpenSSL: /usr/lib/x86_64-linux-gnu/libcrypto.so (found version "1.1.1") 
[2.333s] -- Found FastRTPS: /opt/ros/dashing/include  
[2.359s] -- Found rosidl_adapter: 0.7.8 (/opt/ros/dashing/share/rosidl_adapter/cmake)
[2.488s] -- Found rclcpp: 0.7.12 (/opt/ros/dashing/share/rclcpp/cmake)
[2.532s] -- Found rmw_implementation_cmake: 0.7.2 (/opt/ros/dashing/share/rmw_implementation_cmake/cmake)
[2.538s] -- Using RMW implementation 'rmw_fastrtps_cpp' as default
[2.539s] -- Looking for pthread.h
[2.659s] -- Looking for pthread.h - found
[2.659s] -- Looking for pthread_create
[2.774s] -- Looking for pthread_create - not found
[2.774s] -- Looking for pthread_create in pthreads
[2.871s] -- Looking for pthread_create in pthreads - not found
[2.872s] -- Looking for pthread_create in pthread
[2.981s] -- Looking for pthread_create in pthread - found
[2.983s] -- Found Threads: TRUE  
[3.027s] -- Found std_msgs: 0.7.0 (/opt/ros/dashing/share/std_msgs/cmake)
[3.038s] -- Found sensor_msgs: 0.7.0 (/opt/ros/dashing/share/sensor_msgs/cmake)
[3.074s] -- Found ament_lint_auto: 0.7.11 (/opt/ros/dashing/share/ament_lint_auto/cmake)
[3.327s] -- Found PythonInterp: /usr/bin/python3 (found version "3.6.9") 
[4.047s] -- Using single matching rosidl_typesupport_c: rosidl_typesupport_fastrtps_c
[4.190s] -- Using single matching rosidl_typesupport_cpp: rosidl_typesupport_fastrtps_cpp
[5.293s] -- Found PythonInterp: /usr/bin/python3 (found suitable version "3.6.9", minimum required is "3.5") 
[5.298s] -- Found python_cmake_module: 0.7.10 (/opt/ros/dashing/share/python_cmake_module/cmake)
[5.386s] -- Found PythonLibs: /usr/lib/x86_64-linux-gnu/libpython3.6m.so (found suitable version "3.6.9", minimum required is "3.5") 
[5.387s] -- Using PYTHON_EXECUTABLE: /usr/bin/python3
[5.387s] -- Using PYTHON_INCLUDE_DIRS: /usr/include/python3.6m
[5.387s] -- Using PYTHON_LIBRARIES: /usr/lib/x86_64-linux-gnu/libpython3.6m.so
[5.465s] -- Found PythonExtra: .so  
[5.929s] -- Added test 'lint_cmake' to check CMake code style
[5.932s] -- Added test 'xmllint' to check XML markup files
[5.943s] -- Configuring done
[6.338s] -- Generating done
[6.343s] -- Build files have been written to: /home/common/colcon_ws/build/tms_msg_db
[6.375s] Invoked command in '/home/common/colcon_ws/build/tms_msg_db' returned '0': CMAKE_PREFIX_PATH=/home/common/colcon_ws/install/octomap_msgs:/home/common/colcon_ws/install/turtlebot3_teleop:/home/common/colcon_ws/install/tms_ur_speaker:/home/common/colcon_ws/install/tms_ur_listener:/home/common/colcon_ws/install/tms_ts_ts:/home/common/colcon_ws/install/tms_ts_test:/home/common/colcon_ws/install/tms_ts_subtask:/home/common/colcon_ws/install/tms_ss_whs1:/home/common/colcon_ws/install/tms_rc_double:/home/common/colcon_ws/install/tms_db_manager:/opt/ros/dashing:/opt/ros/melodic:/home/common/colcon_ws/install/turtlebot3:/home/common/colcon_ws/install/turtlebot3_simulations:/home/common/colcon_ws/install/turtlebot3_bringup:/home/common/colcon_ws/install/turtlebot3_node:/home/common/colcon_ws/install/turtlebot3_navigation2:/home/common/colcon_ws/install/turtlebot3_fake_node:/home/common/colcon_ws/install/doublenode:/home/common/colcon_ws/install/turtlebot3_msgs:/home/common/colcon_ws/install/turtlebot3_gazebo:/home/common/colcon_ws/install/turtlebot3_description:/home/common/colcon_ws/install/turtlebot3_cartographer:/home/common/colcon_ws/install/tms_ss_vicon:/home/common/colcon_ws/install/tms_rc_tfnode:/home/common/colcon_ws/install/tms_rc_bot:/home/common/colcon_ws/install/tms_nw_rp:/home/common/colcon_ws/install/tms_msg_ur:/home/common/colcon_ws/install/tms_msg_ts:/home/common/colcon_ws/install/tms_msg_ss:/home/common/colcon_ws/install/tms_msg_rc:/home/common/colcon_ws/install/tms_msg_db:/home/common/colcon_ws/install/object_recognition_msgs:/home/common/colcon_ws/install/hls_lfcd_lds_driver:/home/common/colcon_ws/install/examples_rclcpp_minimal_timer:/home/common/colcon_ws/install/examples_rclcpp_minimal_subscriber:/home/common/colcon_ws/install/examples_rclcpp_minimal_service:/home/common/colcon_ws/install/examples_rclcpp_minimal_publisher:/home/common/colcon_ws/install/examples_rclcpp_minimal_composition:/home/common/colcon_ws/install/examples_rclcpp_minimal_client:/home/common/colcon_ws/install/examples_rclcpp_minimal_action_server:/home/common/colcon_ws/install/examples_rclcpp_minimal_action_client:/home/common/colcon_ws/install/dynamixel_sdk /usr/bin/cmake /home/common/colcon_ws/src/ros_tms/tms_msg/tms_msg_db -DAMENT_CMAKE_SYMLINK_INSTALL=1 -DCMAKE_INSTALL_PREFIX=/home/common/colcon_ws/install/tms_msg_db
[6.378s] Invoking command in '/home/common/colcon_ws/build/tms_msg_db': CMAKE_PREFIX_PATH=/home/common/colcon_ws/install/octomap_msgs:/home/common/colcon_ws/install/turtlebot3_teleop:/home/common/colcon_ws/install/tms_ur_speaker:/home/common/colcon_ws/install/tms_ur_listener:/home/common/colcon_ws/install/tms_ts_ts:/home/common/colcon_ws/install/tms_ts_test:/home/common/colcon_ws/install/tms_ts_subtask:/home/common/colcon_ws/install/tms_ss_whs1:/home/common/colcon_ws/install/tms_rc_double:/home/common/colcon_ws/install/tms_db_manager:/opt/ros/dashing:/opt/ros/melodic:/home/common/colcon_ws/install/turtlebot3:/home/common/colcon_ws/install/turtlebot3_simulations:/home/common/colcon_ws/install/turtlebot3_bringup:/home/common/colcon_ws/install/turtlebot3_node:/home/common/colcon_ws/install/turtlebot3_navigation2:/home/common/colcon_ws/install/turtlebot3_fake_node:/home/common/colcon_ws/install/doublenode:/home/common/colcon_ws/install/turtlebot3_msgs:/home/common/colcon_ws/install/turtlebot3_gazebo:/home/common/colcon_ws/install/turtlebot3_description:/home/common/colcon_ws/install/turtlebot3_cartographer:/home/common/colcon_ws/install/tms_ss_vicon:/home/common/colcon_ws/install/tms_rc_tfnode:/home/common/colcon_ws/install/tms_rc_bot:/home/common/colcon_ws/install/tms_nw_rp:/home/common/colcon_ws/install/tms_msg_ur:/home/common/colcon_ws/install/tms_msg_ts:/home/common/colcon_ws/install/tms_msg_ss:/home/common/colcon_ws/install/tms_msg_rc:/home/common/colcon_ws/install/tms_msg_db:/home/common/colcon_ws/install/object_recognition_msgs:/home/common/colcon_ws/install/hls_lfcd_lds_driver:/home/common/colcon_ws/install/examples_rclcpp_minimal_timer:/home/common/colcon_ws/install/examples_rclcpp_minimal_subscriber:/home/common/colcon_ws/install/examples_rclcpp_minimal_service:/home/common/colcon_ws/install/examples_rclcpp_minimal_publisher:/home/common/colcon_ws/install/examples_rclcpp_minimal_composition:/home/common/colcon_ws/install/examples_rclcpp_minimal_client:/home/common/colcon_ws/install/examples_rclcpp_minimal_action_server:/home/common/colcon_ws/install/examples_rclcpp_minimal_action_client:/home/common/colcon_ws/install/dynamixel_sdk /usr/bin/cmake --build /home/common/colcon_ws/build/tms_msg_db -- -j8 -l8
[6.471s] [35m[1mScanning dependencies of target tms_msg_db__cpp[0m
[6.494s] [  0%] Built target tms_msg_db__cpp
[6.494s] [35m[1mScanning dependencies of target tms_msg_db__rosidl_generator_c[0m
[6.529s] [35m[1mScanning dependencies of target tms_msg_db__rosidl_typesupport_introspection_cpp[0m
[6.538s] [ 12%] Built target tms_msg_db__rosidl_generator_c
[6.542s] [35m[1mScanning dependencies of target tms_msg_db__rosidl_typesupport_fastrtps_cpp[0m
[6.590s] [35m[1mScanning dependencies of target tms_msg_db__rosidl_typesupport_introspection_c[0m
[6.599s] [ 25%] Built target tms_msg_db__rosidl_typesupport_introspection_cpp
[6.625s] [ 37%] Built target tms_msg_db__rosidl_typesupport_fastrtps_cpp
[6.657s] [ 49%] Built target tms_msg_db__rosidl_typesupport_introspection_c
[6.658s] [35m[1mScanning dependencies of target tms_msg_db__rosidl_typesupport_cpp[0m
[6.661s] [35m[1mScanning dependencies of target tms_msg_db__rosidl_typesupport_fastrtps_c[0m
[6.722s] [ 61%] Built target tms_msg_db__rosidl_typesupport_cpp
[6.755s] [ 73%] Built target tms_msg_db__rosidl_typesupport_fastrtps_c
[6.788s] [35m[1mScanning dependencies of target tms_msg_db__rosidl_typesupport_c[0m
[6.840s] [ 86%] Built target tms_msg_db__rosidl_typesupport_c
[6.861s] [35m[1mScanning dependencies of target tms_msg_db[0m
[6.884s] [ 86%] Built target tms_msg_db
[6.925s] [ 87%] Built target tms_msg_db__py
[6.960s] [35m[1mScanning dependencies of target tms_msg_db__python[0m
[7.119s] [ 98%] Built target tms_msg_db__python
[7.140s] [35m[1mScanning dependencies of target tms_msg_db__rosidl_typesupport_c__pyext[0m
[7.146s] [35m[1mScanning dependencies of target tms_msg_db__rosidl_typesupport_fastrtps_c__pyext[0m
[7.187s] [ 99%] Built target tms_msg_db__rosidl_typesupport_c__pyext
[7.192s] [100%] Built target tms_msg_db__rosidl_typesupport_fastrtps_c__pyext
[7.244s] Invoked command in '/home/common/colcon_ws/build/tms_msg_db' returned '0': CMAKE_PREFIX_PATH=/home/common/colcon_ws/install/octomap_msgs:/home/common/colcon_ws/install/turtlebot3_teleop:/home/common/colcon_ws/install/tms_ur_speaker:/home/common/colcon_ws/install/tms_ur_listener:/home/common/colcon_ws/install/tms_ts_ts:/home/common/colcon_ws/install/tms_ts_test:/home/common/colcon_ws/install/tms_ts_subtask:/home/common/colcon_ws/install/tms_ss_whs1:/home/common/colcon_ws/install/tms_rc_double:/home/common/colcon_ws/install/tms_db_manager:/opt/ros/dashing:/opt/ros/melodic:/home/common/colcon_ws/install/turtlebot3:/home/common/colcon_ws/install/turtlebot3_simulations:/home/common/colcon_ws/install/turtlebot3_bringup:/home/common/colcon_ws/install/turtlebot3_node:/home/common/colcon_ws/install/turtlebot3_navigation2:/home/common/colcon_ws/install/turtlebot3_fake_node:/home/common/colcon_ws/install/doublenode:/home/common/colcon_ws/install/turtlebot3_msgs:/home/common/colcon_ws/install/turtlebot3_gazebo:/home/common/colcon_ws/install/turtlebot3_description:/home/common/colcon_ws/install/turtlebot3_cartographer:/home/common/colcon_ws/install/tms_ss_vicon:/home/common/colcon_ws/install/tms_rc_tfnode:/home/common/colcon_ws/install/tms_rc_bot:/home/common/colcon_ws/install/tms_nw_rp:/home/common/colcon_ws/install/tms_msg_ur:/home/common/colcon_ws/install/tms_msg_ts:/home/common/colcon_ws/install/tms_msg_ss:/home/common/colcon_ws/install/tms_msg_rc:/home/common/colcon_ws/install/tms_msg_db:/home/common/colcon_ws/install/object_recognition_msgs:/home/common/colcon_ws/install/hls_lfcd_lds_driver:/home/common/colcon_ws/install/examples_rclcpp_minimal_timer:/home/common/colcon_ws/install/examples_rclcpp_minimal_subscriber:/home/common/colcon_ws/install/examples_rclcpp_minimal_service:/home/common/colcon_ws/install/examples_rclcpp_minimal_publisher:/home/common/colcon_ws/install/examples_rclcpp_minimal_composition:/home/common/colcon_ws/install/examples_rclcpp_minimal_client:/home/common/colcon_ws/install/examples_rclcpp_minimal_action_server:/home/common/colcon_ws/install/examples_rclcpp_minimal_action_client:/home/common/colcon_ws/install/dynamixel_sdk /usr/bin/cmake --build /home/common/colcon_ws/build/tms_msg_db -- -j8 -l8
[8.401s] Invoking command in '/home/common/colcon_ws/build/tms_msg_db': CMAKE_PREFIX_PATH=/home/common/colcon_ws/install/octomap_msgs:/home/common/colcon_ws/install/turtlebot3_teleop:/home/common/colcon_ws/install/tms_ur_speaker:/home/common/colcon_ws/install/tms_ur_listener:/home/common/colcon_ws/install/tms_ts_ts:/home/common/colcon_ws/install/tms_ts_test:/home/common/colcon_ws/install/tms_ts_subtask:/home/common/colcon_ws/install/tms_ss_whs1:/home/common/colcon_ws/install/tms_rc_double:/home/common/colcon_ws/install/tms_db_manager:/opt/ros/dashing:/opt/ros/melodic:/home/common/colcon_ws/install/turtlebot3:/home/common/colcon_ws/install/turtlebot3_simulations:/home/common/colcon_ws/install/turtlebot3_bringup:/home/common/colcon_ws/install/turtlebot3_node:/home/common/colcon_ws/install/turtlebot3_navigation2:/home/common/colcon_ws/install/turtlebot3_fake_node:/home/common/colcon_ws/install/doublenode:/home/common/colcon_ws/install/turtlebot3_msgs:/home/common/colcon_ws/install/turtlebot3_gazebo:/home/common/colcon_ws/install/turtlebot3_description:/home/common/colcon_ws/install/turtlebot3_cartographer:/home/common/colcon_ws/install/tms_ss_vicon:/home/common/colcon_ws/install/tms_rc_tfnode:/home/common/colcon_ws/install/tms_rc_bot:/home/common/colcon_ws/install/tms_nw_rp:/home/common/colcon_ws/install/tms_msg_ur:/home/common/colcon_ws/install/tms_msg_ts:/home/common/colcon_ws/install/tms_msg_ss:/home/common/colcon_ws/install/tms_msg_rc:/home/common/colcon_ws/install/tms_msg_db:/home/common/colcon_ws/install/object_recognition_msgs:/home/common/colcon_ws/install/hls_lfcd_lds_driver:/home/common/colcon_ws/install/examples_rclcpp_minimal_timer:/home/common/colcon_ws/install/examples_rclcpp_minimal_subscriber:/home/common/colcon_ws/install/examples_rclcpp_minimal_service:/home/common/colcon_ws/install/examples_rclcpp_minimal_publisher:/home/common/colcon_ws/install/examples_rclcpp_minimal_composition:/home/common/colcon_ws/install/examples_rclcpp_minimal_client:/home/common/colcon_ws/install/examples_rclcpp_minimal_action_server:/home/common/colcon_ws/install/examples_rclcpp_minimal_action_client:/home/common/colcon_ws/install/dynamixel_sdk /usr/bin/cmake --build /home/common/colcon_ws/build/tms_msg_db --target install -- -j8 -l8
[8.529s] [  0%] Built target tms_msg_db__cpp
[8.549s] [ 12%] Built target tms_msg_db__rosidl_generator_c
[8.619s] [ 25%] Built target tms_msg_db__rosidl_typesupport_introspection_cpp
[8.633s] [ 37%] Built target tms_msg_db__rosidl_typesupport_introspection_c
[8.651s] [ 49%] Built target tms_msg_db__rosidl_typesupport_fastrtps_cpp
[8.734s] [ 61%] Built target tms_msg_db__rosidl_typesupport_cpp
[8.737s] [ 73%] Built target tms_msg_db__rosidl_typesupport_fastrtps_c
[8.803s] [ 86%] Built target tms_msg_db__rosidl_typesupport_c
[8.844s] [ 86%] Built target tms_msg_db
[8.894s] [ 87%] Built target tms_msg_db__py
[8.982s] [ 98%] Built target tms_msg_db__python
[9.053s] [ 99%] Built target tms_msg_db__rosidl_typesupport_fastrtps_c__pyext
[9.070s] [100%] Built target tms_msg_db__rosidl_typesupport_c__pyext
[9.108s] [36mInstall the project...[0m
[9.123s] -- Install configuration: ""
[9.125s] -- Execute custom install script
[9.125s] -- Up-to-date symlink: /home/common/colcon_ws/install/tms_msg_db/share/ament_index/resource_index/rosidl_interfaces/tms_msg_db
[9.126s] -- Up-to-date symlink: /home/common/colcon_ws/install/tms_msg_db/lib/libtms_msg_db__rosidl_typesupport_c.so
[9.127s] -- Up-to-date symlink: /home/common/colcon_ws/install/tms_msg_db/share/tms_msg_db/environment/library_path.sh
[9.128s] -- Up-to-date symlink: /home/common/colcon_ws/install/tms_msg_db/lib/libtms_msg_db__rosidl_typesupport_cpp.so
[9.130s] -- Up-to-date symlink: /home/common/colcon_ws/install/tms_msg_db/include/tms_msg_db/msg/rosidl_typesupport_fastrtps_c__visibility_control.h
[9.131s] -- Up-to-date symlink: /home/common/colcon_ws/install/tms_msg_db/include/tms_msg_db/msg/tms_data__rosidl_typesupport_fastrtps_c.h
[9.132s] -- Up-to-date symlink: /home/common/colcon_ws/install/tms_msg_db/include/tms_msg_db/msg/tms_data_stamped__rosidl_typesupport_fastrtps_c.h
[9.132s] -- Up-to-date symlink: /home/common/colcon_ws/install/tms_msg_db/include/tms_msg_db/msg/tmsdb__rosidl_typesupport_fastrtps_c.h
[9.133s] -- Up-to-date symlink: /home/common/colcon_ws/install/tms_msg_db/include/tms_msg_db/msg/tmsdb_stamped__rosidl_typesupport_fastrtps_c.h
[9.134s] -- Up-to-date symlink: /home/common/colcon_ws/install/tms_msg_db/include/tms_msg_db/srv/tmsdb_get_data__rosidl_typesupport_fastrtps_c.h
[9.134s] -- Up-to-date symlink: /home/common/colcon_ws/install/tms_msg_db/include/tms_msg_db/srv/tmsdb_objectsdata__rosidl_typesupport_fastrtps_c.h
[9.135s] -- Up-to-date symlink: /home/common/colcon_ws/install/tms_msg_db/include/tms_msg_db/srv/tmsdb_planning__rosidl_typesupport_fastrtps_c.h
[9.135s] -- Up-to-date symlink: /home/common/colcon_ws/install/tms_msg_db/include/tms_msg_db/srv/tmsdbfileconservation__rosidl_typesupport_fastrtps_c.h
[9.136s] -- Up-to-date symlink: /home/common/colcon_ws/install/tms_msg_db/include/tms_msg_db/srv/tmsdbgetfurnituresinfo__rosidl_typesupport_fastrtps_c.h
[9.136s] -- Up-to-date symlink: /home/common/colcon_ws/install/tms_msg_db/include/tms_msg_db/srv/tmsdbgetmovablefurnituresinfo__rosidl_typesupport_fastrtps_c.h
[9.137s] -- Up-to-date symlink: /home/common/colcon_ws/install/tms_msg_db/include/tms_msg_db/srv/tmsdbgetobjectsinfo__rosidl_typesupport_fastrtps_c.h
[9.137s] -- Up-to-date symlink: /home/common/colcon_ws/install/tms_msg_db/include/tms_msg_db/srv/tmsdbgetpcdinfo__rosidl_typesupport_fastrtps_c.h
[9.138s] -- Up-to-date symlink: /home/common/colcon_ws/install/tms_msg_db/include/tms_msg_db/srv/tmsdbgetpersonbehaviorinfo__rosidl_typesupport_fastrtps_c.h
[9.138s] -- Up-to-date symlink: /home/common/colcon_ws/install/tms_msg_db/include/tms_msg_db/srv/tmsdbgetpersoninfo__rosidl_typesupport_fastrtps_c.h
[9.139s] -- Up-to-date symlink: /home/common/colcon_ws/install/tms_msg_db/include/tms_msg_db/srv/tmsdbgetrobotinfo__rosidl_typesupport_fastrtps_c.h
[9.139s] -- Up-to-date symlink: /home/common/colcon_ws/install/tms_msg_db/include/tms_msg_db/srv/tmsdbgetrobotsinfo__rosidl_typesupport_fastrtps_c.h
[9.140s] -- Up-to-date symlink: /home/common/colcon_ws/install/tms_msg_db/include/tms_msg_db/srv/tmsdbgettasklist__rosidl_typesupport_fastrtps_c.h
[9.141s] -- Up-to-date symlink: /home/common/colcon_ws/install/tms_msg_db/include/tms_msg_db/srv/tmsdbgetunknownobject__rosidl_typesupport_fastrtps_c.h
[9.141s] -- Up-to-date symlink: /home/common/colcon_ws/install/tms_msg_db/include/tms_msg_db/srv/tmsdbmissingobjectschecker__rosidl_typesupport_fastrtps_c.h
[9.142s] -- Up-to-date symlink: /home/common/colcon_ws/install/tms_msg_db/include/tms_msg_db/srv/tmsdbobjdt__rosidl_typesupport_fastrtps_c.h
[9.143s] -- Up-to-date symlink: /home/common/colcon_ws/install/tms_msg_db/lib/libtms_msg_db__rosidl_typesupport_fastrtps_c.so
[9.145s] -- Up-to-date symlink: /home/common/colcon_ws/install/tms_msg_db/include/tms_msg_db/msg/rosidl_generator_c__visibility_control.h
[9.145s] -- Up-to-date symlink: /home/common/colcon_ws/install/tms_msg_db/include/tms_msg_db/msg/tms_data.h
[9.146s] -- Up-to-date symlink: /home/common/colcon_ws/install/tms_msg_db/include/tms_msg_db/msg/tms_data__functions.h
[9.146s] -- Up-to-date symlink: /home/common/colcon_ws/install/tms_msg_db/include/tms_msg_db/msg/tms_data__struct.h
[9.146s] -- Up-to-date symlink: /home/common/colcon_ws/install/tms_msg_db/include/tms_msg_db/msg/tms_data__type_support.h
[9.147s] -- Up-to-date symlink: /home/common/colcon_ws/install/tms_msg_db/include/tms_msg_db/msg/tms_data_stamped.h
[9.147s] -- Up-to-date symlink: /home/common/colcon_ws/install/tms_msg_db/include/tms_msg_db/msg/tms_data_stamped__functions.h
[9.147s] -- Up-to-date symlink: /home/common/colcon_ws/install/tms_msg_db/include/tms_msg_db/msg/tms_data_stamped__struct.h
[9.148s] -- Up-to-date symlink: /home/common/colcon_ws/install/tms_msg_db/include/tms_msg_db/msg/tms_data_stamped__type_support.h
[9.148s] -- Up-to-date symlink: /home/common/colcon_ws/install/tms_msg_db/include/tms_msg_db/msg/tmsdb.h
[9.148s] -- Up-to-date symlink: /home/common/colcon_ws/install/tms_msg_db/include/tms_msg_db/msg/tmsdb__functions.h
[9.149s] -- Up-to-date symlink: /home/common/colcon_ws/install/tms_msg_db/include/tms_msg_db/msg/tmsdb__struct.h
[9.149s] -- Up-to-date symlink: /home/common/colcon_ws/install/tms_msg_db/include/tms_msg_db/msg/tmsdb__type_support.h
[9.149s] -- Up-to-date symlink: /home/common/colcon_ws/install/tms_msg_db/include/tms_msg_db/msg/tmsdb_stamped.h
[9.150s] -- Up-to-date symlink: /home/common/colcon_ws/install/tms_msg_db/include/tms_msg_db/msg/tmsdb_stamped__functions.h
[9.150s] -- Up-to-date symlink: /home/common/colcon_ws/install/tms_msg_db/include/tms_msg_db/msg/tmsdb_stamped__struct.h
[9.150s] -- Up-to-date symlink: /home/common/colcon_ws/install/tms_msg_db/include/tms_msg_db/msg/tmsdb_stamped__type_support.h
[9.151s] -- Up-to-date symlink: /home/common/colcon_ws/install/tms_msg_db/include/tms_msg_db/srv/tmsdb_get_data.h
[9.151s] -- Up-to-date symlink: /home/common/colcon_ws/install/tms_msg_db/include/tms_msg_db/srv/tmsdb_get_data__functions.h
[9.152s] -- Up-to-date symlink: /home/common/colcon_ws/install/tms_msg_db/include/tms_msg_db/srv/tmsdb_get_data__struct.h
[9.152s] -- Up-to-date symlink: /home/common/colcon_ws/install/tms_msg_db/include/tms_msg_db/srv/tmsdb_get_data__type_support.h
[9.152s] -- Up-to-date symlink: /home/common/colcon_ws/install/tms_msg_db/include/tms_msg_db/srv/tmsdb_objectsdata.h
[9.153s] -- Up-to-date symlink: /home/common/colcon_ws/install/tms_msg_db/include/tms_msg_db/srv/tmsdb_objectsdata__functions.h
[9.153s] -- Up-to-date symlink: /home/common/colcon_ws/install/tms_msg_db/include/tms_msg_db/srv/tmsdb_objectsdata__struct.h
[9.153s] -- Up-to-date symlink: /home/common/colcon_ws/install/tms_msg_db/include/tms_msg_db/srv/tmsdb_objectsdata__type_support.h
[9.154s] -- Up-to-date symlink: /home/common/colcon_ws/install/tms_msg_db/include/tms_msg_db/srv/tmsdb_planning.h
[9.154s] -- Up-to-date symlink: /home/common/colcon_ws/install/tms_msg_db/include/tms_msg_db/srv/tmsdb_planning__functions.h
[9.154s] -- Up-to-date symlink: /home/common/colcon_ws/install/tms_msg_db/include/tms_msg_db/srv/tmsdb_planning__struct.h
[9.155s] -- Up-to-date symlink: /home/common/colcon_ws/install/tms_msg_db/include/tms_msg_db/srv/tmsdb_planning__type_support.h
[9.155s] -- Up-to-date symlink: /home/common/colcon_ws/install/tms_msg_db/include/tms_msg_db/srv/tmsdbfileconservation.h
[9.155s] -- Up-to-date symlink: /home/common/colcon_ws/install/tms_msg_db/include/tms_msg_db/srv/tmsdbfileconservation__functions.h
[9.155s] -- Up-to-date symlink: /home/common/colcon_ws/install/tms_msg_db/include/tms_msg_db/srv/tmsdbfileconservation__struct.h
[9.156s] -- Up-to-date symlink: /home/common/colcon_ws/install/tms_msg_db/include/tms_msg_db/srv/tmsdbfileconservation__type_support.h
[9.156s] -- Up-to-date symlink: /home/common/colcon_ws/install/tms_msg_db/include/tms_msg_db/srv/tmsdbgetfurnituresinfo.h
[9.156s] -- Up-to-date symlink: /home/common/colcon_ws/install/tms_msg_db/include/tms_msg_db/srv/tmsdbgetfurnituresinfo__functions.h
[9.157s] -- Up-to-date symlink: /home/common/colcon_ws/install/tms_msg_db/include/tms_msg_db/srv/tmsdbgetfurnituresinfo__struct.h
[9.157s] -- Up-to-date symlink: /home/common/colcon_ws/install/tms_msg_db/include/tms_msg_db/srv/tmsdbgetfurnituresinfo__type_support.h
[9.157s] -- Up-to-date symlink: /home/common/colcon_ws/install/tms_msg_db/include/tms_msg_db/srv/tmsdbgetmovablefurnituresinfo.h
[9.158s] -- Up-to-date symlink: /home/common/colcon_ws/install/tms_msg_db/include/tms_msg_db/srv/tmsdbgetmovablefurnituresinfo__functions.h
[9.158s] -- Up-to-date symlink: /home/common/colcon_ws/install/tms_msg_db/include/tms_msg_db/srv/tmsdbgetmovablefurnituresinfo__struct.h
[9.159s] -- Up-to-date symlink: /home/common/colcon_ws/install/tms_msg_db/include/tms_msg_db/srv/tmsdbgetmovablefurnituresinfo__type_support.h
[9.159s] -- Up-to-date symlink: /home/common/colcon_ws/install/tms_msg_db/include/tms_msg_db/srv/tmsdbgetobjectsinfo.h
[9.159s] -- Up-to-date symlink: /home/common/colcon_ws/install/tms_msg_db/include/tms_msg_db/srv/tmsdbgetobjectsinfo__functions.h
[9.160s] -- Up-to-date symlink: /home/common/colcon_ws/install/tms_msg_db/include/tms_msg_db/srv/tmsdbgetobjectsinfo__struct.h
[9.160s] -- Up-to-date symlink: /home/common/colcon_ws/install/tms_msg_db/include/tms_msg_db/srv/tmsdbgetobjectsinfo__type_support.h
[9.160s] -- Up-to-date symlink: /home/common/colcon_ws/install/tms_msg_db/include/tms_msg_db/srv/tmsdbgetpcdinfo.h
[9.161s] -- Up-to-date symlink: /home/common/colcon_ws/install/tms_msg_db/include/tms_msg_db/srv/tmsdbgetpcdinfo__functions.h
[9.161s] -- Up-to-date symlink: /home/common/colcon_ws/install/tms_msg_db/include/tms_msg_db/srv/tmsdbgetpcdinfo__struct.h
[9.161s] -- Up-to-date symlink: /home/common/colcon_ws/install/tms_msg_db/include/tms_msg_db/srv/tmsdbgetpcdinfo__type_support.h
[9.161s] -- Up-to-date symlink: /home/common/colcon_ws/install/tms_msg_db/include/tms_msg_db/srv/tmsdbgetpersonbehaviorinfo.h
[9.161s] -- Up-to-date symlink: /home/common/colcon_ws/install/tms_msg_db/include/tms_msg_db/srv/tmsdbgetpersonbehaviorinfo__functions.h
[9.162s] -- Up-to-date symlink: /home/common/colcon_ws/install/tms_msg_db/include/tms_msg_db/srv/tmsdbgetpersonbehaviorinfo__struct.h
[9.162s] -- Up-to-date symlink: /home/common/colcon_ws/install/tms_msg_db/include/tms_msg_db/srv/tmsdbgetpersonbehaviorinfo__type_support.h
[9.162s] -- Up-to-date symlink: /home/common/colcon_ws/install/tms_msg_db/include/tms_msg_db/srv/tmsdbgetpersoninfo.h
[9.162s] -- Up-to-date symlink: /home/common/colcon_ws/install/tms_msg_db/include/tms_msg_db/srv/tmsdbgetpersoninfo__functions.h
[9.162s] -- Up-to-date symlink: /home/common/colcon_ws/install/tms_msg_db/include/tms_msg_db/srv/tmsdbgetpersoninfo__struct.h
[9.163s] -- Up-to-date symlink: /home/common/colcon_ws/install/tms_msg_db/include/tms_msg_db/srv/tmsdbgetpersoninfo__type_support.h
[9.163s] -- Up-to-date symlink: /home/common/colcon_ws/install/tms_msg_db/include/tms_msg_db/srv/tmsdbgetrobotinfo.h
[9.163s] -- Up-to-date symlink: /home/common/colcon_ws/install/tms_msg_db/include/tms_msg_db/srv/tmsdbgetrobotinfo__functions.h
[9.163s] -- Up-to-date symlink: /home/common/colcon_ws/install/tms_msg_db/include/tms_msg_db/srv/tmsdbgetrobotinfo__struct.h
[9.163s] -- Up-to-date symlink: /home/common/colcon_ws/install/tms_msg_db/include/tms_msg_db/srv/tmsdbgetrobotinfo__type_support.h
[9.164s] -- Up-to-date symlink: /home/common/colcon_ws/install/tms_msg_db/include/tms_msg_db/srv/tmsdbgetrobotsinfo.h
[9.164s] -- Up-to-date symlink: /home/common/colcon_ws/install/tms_msg_db/include/tms_msg_db/srv/tmsdbgetrobotsinfo__functions.h
[9.164s] -- Up-to-date symlink: /home/common/colcon_ws/install/tms_msg_db/include/tms_msg_db/srv/tmsdbgetrobotsinfo__struct.h
[9.164s] -- Up-to-date symlink: /home/common/colcon_ws/install/tms_msg_db/include/tms_msg_db/srv/tmsdbgetrobotsinfo__type_support.h
[9.166s] -- Up-to-date symlink: /home/common/colcon_ws/install/tms_msg_db/include/tms_msg_db/srv/tmsdbgettasklist.h
[9.168s] -- Up-to-date symlink: /home/common/colcon_ws/install/tms_msg_db/include/tms_msg_db/srv/tmsdbgettasklist__functions.h
[9.168s] -- Up-to-date symlink: /home/common/colcon_ws/install/tms_msg_db/include/tms_msg_db/srv/tmsdbgettasklist__struct.h
[9.168s] -- Up-to-date symlink: /home/common/colcon_ws/install/tms_msg_db/include/tms_msg_db/srv/tmsdbgettasklist__type_support.h
[9.168s] -- Up-to-date symlink: /home/common/colcon_ws/install/tms_msg_db/include/tms_msg_db/srv/tmsdbgetunknownobject.h
[9.168s] -- Up-to-date symlink: /home/common/colcon_ws/install/tms_msg_db/include/tms_msg_db/srv/tmsdbgetunknownobject__functions.h
[9.169s] -- Up-to-date symlink: /home/common/colcon_ws/install/tms_msg_db/include/tms_msg_db/srv/tmsdbgetunknownobject__struct.h
[9.169s] -- Up-to-date symlink: /home/common/colcon_ws/install/tms_msg_db/include/tms_msg_db/srv/tmsdbgetunknownobject__type_support.h
[9.169s] -- Up-to-date symlink: /home/common/colcon_ws/install/tms_msg_db/include/tms_msg_db/srv/tmsdbmissingobjectschecker.h
[9.169s] -- Up-to-date symlink: /home/common/colcon_ws/install/tms_msg_db/include/tms_msg_db/srv/tmsdbmissingobjectschecker__functions.h
[9.169s] -- Up-to-date symlink: /home/common/colcon_ws/install/tms_msg_db/include/tms_msg_db/srv/tmsdbmissingobjectschecker__struct.h
[9.169s] -- Up-to-date symlink: /home/common/colcon_ws/install/tms_msg_db/include/tms_msg_db/srv/tmsdbmissingobjectschecker__type_support.h
[9.169s] -- Up-to-date symlink: /home/common/colcon_ws/install/tms_msg_db/include/tms_msg_db/srv/tmsdbobjdt.h
[9.169s] -- Up-to-date symlink: /home/common/colcon_ws/install/tms_msg_db/include/tms_msg_db/srv/tmsdbobjdt__functions.h
[9.169s] -- Up-to-date symlink: /home/common/colcon_ws/install/tms_msg_db/include/tms_msg_db/srv/tmsdbobjdt__struct.h
[9.169s] -- Up-to-date symlink: /home/common/colcon_ws/install/tms_msg_db/include/tms_msg_db/srv/tmsdbobjdt__type_support.h
[9.181s] -- Up-to-date symlink: /home/common/colcon_ws/install/tms_msg_db/lib/libtms_msg_db__rosidl_generator_c.so
[9.182s] -- Up-to-date symlink: /home/common/colcon_ws/install/tms_msg_db/include/tms_msg_db/msg/rosidl_typesupport_fastrtps_cpp__visibility_control.h
[9.182s] -- Up-to-date symlink: /home/common/colcon_ws/install/tms_msg_db/include/tms_msg_db/msg/tms_data__rosidl_typesupport_fastrtps_cpp.hpp
[9.182s] -- Up-to-date symlink: /home/common/colcon_ws/install/tms_msg_db/include/tms_msg_db/msg/tms_data_stamped__rosidl_typesupport_fastrtps_cpp.hpp
[9.182s] -- Up-to-date symlink: /home/common/colcon_ws/install/tms_msg_db/include/tms_msg_db/msg/tmsdb__rosidl_typesupport_fastrtps_cpp.hpp
[9.182s] -- Up-to-date symlink: /home/common/colcon_ws/install/tms_msg_db/include/tms_msg_db/msg/tmsdb_stamped__rosidl_typesupport_fastrtps_cpp.hpp
[9.182s] -- Up-to-date symlink: /home/common/colcon_ws/install/tms_msg_db/include/tms_msg_db/srv/tmsdb_get_data__rosidl_typesupport_fastrtps_cpp.hpp
[9.183s] -- Up-to-date symlink: /home/common/colcon_ws/install/tms_msg_db/include/tms_msg_db/srv/tmsdb_objectsdata__rosidl_typesupport_fastrtps_cpp.hpp
[9.183s] -- Up-to-date symlink: /home/common/colcon_ws/install/tms_msg_db/include/tms_msg_db/srv/tmsdb_planning__rosidl_typesupport_fastrtps_cpp.hpp
[9.183s] -- Up-to-date symlink: /home/common/colcon_ws/install/tms_msg_db/include/tms_msg_db/srv/tmsdbfileconservation__rosidl_typesupport_fastrtps_cpp.hpp
[9.183s] -- Up-to-date symlink: /home/common/colcon_ws/install/tms_msg_db/include/tms_msg_db/srv/tmsdbgetfurnituresinfo__rosidl_typesupport_fastrtps_cpp.hpp
[9.183s] -- Up-to-date symlink: /home/common/colcon_ws/install/tms_msg_db/include/tms_msg_db/srv/tmsdbgetmovablefurnituresinfo__rosidl_typesupport_fastrtps_cpp.hpp
[9.183s] -- Up-to-date symlink: /home/common/colcon_ws/install/tms_msg_db/include/tms_msg_db/srv/tmsdbgetobjectsinfo__rosidl_typesupport_fastrtps_cpp.hpp
[9.184s] -- Up-to-date symlink: /home/common/colcon_ws/install/tms_msg_db/include/tms_msg_db/srv/tmsdbgetpcdinfo__rosidl_typesupport_fastrtps_cpp.hpp
[9.184s] -- Up-to-date symlink: /home/common/colcon_ws/install/tms_msg_db/include/tms_msg_db/srv/tmsdbgetpersonbehaviorinfo__rosidl_typesupport_fastrtps_cpp.hpp
[9.184s] -- Up-to-date symlink: /home/common/colcon_ws/install/tms_msg_db/include/tms_msg_db/srv/tmsdbgetpersoninfo__rosidl_typesupport_fastrtps_cpp.hpp
[9.184s] -- Up-to-date symlink: /home/common/colcon_ws/install/tms_msg_db/include/tms_msg_db/srv/tmsdbgetrobotinfo__rosidl_typesupport_fastrtps_cpp.hpp
[9.184s] -- Up-to-date symlink: /home/common/colcon_ws/install/tms_msg_db/include/tms_msg_db/srv/tmsdbgetrobotsinfo__rosidl_typesupport_fastrtps_cpp.hpp
[9.184s] -- Up-to-date symlink: /home/common/colcon_ws/install/tms_msg_db/include/tms_msg_db/srv/tmsdbgettasklist__rosidl_typesupport_fastrtps_cpp.hpp
[9.185s] -- Up-to-date symlink: /home/common/colcon_ws/install/tms_msg_db/include/tms_msg_db/srv/tmsdbgetunknownobject__rosidl_typesupport_fastrtps_cpp.hpp
[9.185s] -- Up-to-date symlink: /home/common/colcon_ws/install/tms_msg_db/include/tms_msg_db/srv/tmsdbmissingobjectschecker__rosidl_typesupport_fastrtps_cpp.hpp
[9.185s] -- Up-to-date symlink: /home/common/colcon_ws/install/tms_msg_db/include/tms_msg_db/srv/tmsdbobjdt__rosidl_typesupport_fastrtps_cpp.hpp
[9.185s] -- Up-to-date symlink: /home/common/colcon_ws/install/tms_msg_db/lib/libtms_msg_db__rosidl_typesupport_fastrtps_cpp.so
[9.186s] -- Up-to-date symlink: /home/common/colcon_ws/install/tms_msg_db/include/tms_msg_db/msg/tms_data.hpp
[9.186s] -- Up-to-date symlink: /home/common/colcon_ws/install/tms_msg_db/include/tms_msg_db/msg/tms_data__struct.hpp
[9.186s] -- Up-to-date symlink: /home/common/colcon_ws/install/tms_msg_db/include/tms_msg_db/msg/tms_data__traits.hpp
[9.186s] -- Up-to-date symlink: /home/common/colcon_ws/install/tms_msg_db/include/tms_msg_db/msg/tms_data_stamped.hpp
[9.186s] -- Up-to-date symlink: /home/common/colcon_ws/install/tms_msg_db/include/tms_msg_db/msg/tms_data_stamped__struct.hpp
[9.186s] -- Up-to-date symlink: /home/common/colcon_ws/install/tms_msg_db/include/tms_msg_db/msg/tms_data_stamped__traits.hpp
[9.186s] -- Up-to-date symlink: /home/common/colcon_ws/install/tms_msg_db/include/tms_msg_db/msg/tmsdb.hpp
[9.186s] -- Up-to-date symlink: /home/common/colcon_ws/install/tms_msg_db/include/tms_msg_db/msg/tmsdb__struct.hpp
[9.187s] -- Up-to-date symlink: /home/common/colcon_ws/install/tms_msg_db/include/tms_msg_db/msg/tmsdb__traits.hpp
[9.187s] -- Up-to-date symlink: /home/common/colcon_ws/install/tms_msg_db/include/tms_msg_db/msg/tmsdb_stamped.hpp
[9.187s] -- Up-to-date symlink: /home/common/colcon_ws/install/tms_msg_db/include/tms_msg_db/msg/tmsdb_stamped__struct.hpp
[9.187s] -- Up-to-date symlink: /home/common/colcon_ws/install/tms_msg_db/include/tms_msg_db/msg/tmsdb_stamped__traits.hpp
[9.187s] -- Up-to-date symlink: /home/common/colcon_ws/install/tms_msg_db/include/tms_msg_db/srv/tmsdb_get_data.hpp
[9.187s] -- Up-to-date symlink: /home/common/colcon_ws/install/tms_msg_db/include/tms_msg_db/srv/tmsdb_get_data__struct.hpp
[9.187s] -- Up-to-date symlink: /home/common/colcon_ws/install/tms_msg_db/include/tms_msg_db/srv/tmsdb_get_data__traits.hpp
[9.188s] -- Up-to-date symlink: /home/common/colcon_ws/install/tms_msg_db/include/tms_msg_db/srv/tmsdb_objectsdata.hpp
[9.188s] -- Up-to-date symlink: /home/common/colcon_ws/install/tms_msg_db/include/tms_msg_db/srv/tmsdb_objectsdata__struct.hpp
[9.188s] -- Up-to-date symlink: /home/common/colcon_ws/install/tms_msg_db/include/tms_msg_db/srv/tmsdb_objectsdata__traits.hpp
[9.188s] -- Up-to-date symlink: /home/common/colcon_ws/install/tms_msg_db/include/tms_msg_db/srv/tmsdb_planning.hpp
[9.188s] -- Up-to-date symlink: /home/common/colcon_ws/install/tms_msg_db/include/tms_msg_db/srv/tmsdb_planning__struct.hpp
[9.188s] -- Up-to-date symlink: /home/common/colcon_ws/install/tms_msg_db/include/tms_msg_db/srv/tmsdb_planning__traits.hpp
[9.188s] -- Up-to-date symlink: /home/common/colcon_ws/install/tms_msg_db/include/tms_msg_db/srv/tmsdbfileconservation.hpp
[9.189s] -- Up-to-date symlink: /home/common/colcon_ws/install/tms_msg_db/include/tms_msg_db/srv/tmsdbfileconservation__struct.hpp
[9.189s] -- Up-to-date symlink: /home/common/colcon_ws/install/tms_msg_db/include/tms_msg_db/srv/tmsdbfileconservation__traits.hpp
[9.189s] -- Up-to-date symlink: /home/common/colcon_ws/install/tms_msg_db/include/tms_msg_db/srv/tmsdbgetfurnituresinfo.hpp
[9.189s] -- Up-to-date symlink: /home/common/colcon_ws/install/tms_msg_db/include/tms_msg_db/srv/tmsdbgetfurnituresinfo__struct.hpp
[9.189s] -- Up-to-date symlink: /home/common/colcon_ws/install/tms_msg_db/include/tms_msg_db/srv/tmsdbgetfurnituresinfo__traits.hpp
[9.189s] -- Up-to-date symlink: /home/common/colcon_ws/install/tms_msg_db/include/tms_msg_db/srv/tmsdbgetmovablefurnituresinfo.hpp
[9.190s] -- Up-to-date symlink: /home/common/colcon_ws/install/tms_msg_db/include/tms_msg_db/srv/tmsdbgetmovablefurnituresinfo__struct.hpp
[9.190s] -- Up-to-date symlink: /home/common/colcon_ws/install/tms_msg_db/include/tms_msg_db/srv/tmsdbgetmovablefurnituresinfo__traits.hpp
[9.190s] -- Up-to-date symlink: /home/common/colcon_ws/install/tms_msg_db/include/tms_msg_db/srv/tmsdbgetobjectsinfo.hpp
[9.190s] -- Up-to-date symlink: /home/common/colcon_ws/install/tms_msg_db/include/tms_msg_db/srv/tmsdbgetobjectsinfo__struct.hpp
[9.190s] -- Up-to-date symlink: /home/common/colcon_ws/install/tms_msg_db/include/tms_msg_db/srv/tmsdbgetobjectsinfo__traits.hpp
[9.191s] -- Up-to-date symlink: /home/common/colcon_ws/install/tms_msg_db/include/tms_msg_db/srv/tmsdbgetpcdinfo.hpp
[9.191s] -- Up-to-date symlink: /home/common/colcon_ws/install/tms_msg_db/include/tms_msg_db/srv/tmsdbgetpcdinfo__struct.hpp
[9.191s] -- Up-to-date symlink: /home/common/colcon_ws/install/tms_msg_db/include/tms_msg_db/srv/tmsdbgetpcdinfo__traits.hpp
[9.191s] -- Up-to-date symlink: /home/common/colcon_ws/install/tms_msg_db/include/tms_msg_db/srv/tmsdbgetpersonbehaviorinfo.hpp
[9.191s] -- Up-to-date symlink: /home/common/colcon_ws/install/tms_msg_db/include/tms_msg_db/srv/tmsdbgetpersonbehaviorinfo__struct.hpp
[9.191s] -- Up-to-date symlink: /home/common/colcon_ws/install/tms_msg_db/include/tms_msg_db/srv/tmsdbgetpersonbehaviorinfo__traits.hpp
[9.192s] -- Up-to-date symlink: /home/common/colcon_ws/install/tms_msg_db/include/tms_msg_db/srv/tmsdbgetpersoninfo.hpp
[9.192s] -- Up-to-date symlink: /home/common/colcon_ws/install/tms_msg_db/include/tms_msg_db/srv/tmsdbgetpersoninfo__struct.hpp
[9.192s] -- Up-to-date symlink: /home/common/colcon_ws/install/tms_msg_db/include/tms_msg_db/srv/tmsdbgetpersoninfo__traits.hpp
[9.192s] -- Up-to-date symlink: /home/common/colcon_ws/install/tms_msg_db/include/tms_msg_db/srv/tmsdbgetrobotinfo.hpp
[9.192s] -- Up-to-date symlink: /home/common/colcon_ws/install/tms_msg_db/include/tms_msg_db/srv/tmsdbgetrobotinfo__struct.hpp
[9.192s] -- Up-to-date symlink: /home/common/colcon_ws/install/tms_msg_db/include/tms_msg_db/srv/tmsdbgetrobotinfo__traits.hpp
[9.193s] -- Up-to-date symlink: /home/common/colcon_ws/install/tms_msg_db/include/tms_msg_db/srv/tmsdbgetrobotsinfo.hpp
[9.193s] -- Up-to-date symlink: /home/common/colcon_ws/install/tms_msg_db/include/tms_msg_db/srv/tmsdbgetrobotsinfo__struct.hpp
[9.193s] -- Up-to-date symlink: /home/common/colcon_ws/install/tms_msg_db/include/tms_msg_db/srv/tmsdbgetrobotsinfo__traits.hpp
[9.193s] -- Up-to-date symlink: /home/common/colcon_ws/install/tms_msg_db/include/tms_msg_db/srv/tmsdbgettasklist.hpp
[9.193s] -- Up-to-date symlink: /home/common/colcon_ws/install/tms_msg_db/include/tms_msg_db/srv/tmsdbgettasklist__struct.hpp
[9.194s] -- Up-to-date symlink: /home/common/colcon_ws/install/tms_msg_db/include/tms_msg_db/srv/tmsdbgettasklist__traits.hpp
[9.194s] -- Up-to-date symlink: /home/common/colcon_ws/install/tms_msg_db/include/tms_msg_db/srv/tmsdbgetunknownobject.hpp
[9.194s] -- Up-to-date symlink: /home/common/colcon_ws/install/tms_msg_db/include/tms_msg_db/srv/tmsdbgetunknownobject__struct.hpp
[9.194s] -- Up-to-date symlink: /home/common/colcon_ws/install/tms_msg_db/include/tms_msg_db/srv/tmsdbgetunknownobject__traits.hpp
[9.194s] -- Up-to-date symlink: /home/common/colcon_ws/install/tms_msg_db/include/tms_msg_db/srv/tmsdbmissingobjectschecker.hpp
[9.194s] -- Up-to-date symlink: /home/common/colcon_ws/install/tms_msg_db/include/tms_msg_db/srv/tmsdbmissingobjectschecker__struct.hpp
[9.195s] -- Up-to-date symlink: /home/common/colcon_ws/install/tms_msg_db/include/tms_msg_db/srv/tmsdbmissingobjectschecker__traits.hpp
[9.195s] -- Up-to-date symlink: /home/common/colcon_ws/install/tms_msg_db/include/tms_msg_db/srv/tmsdbobjdt.hpp
[9.195s] -- Up-to-date symlink: /home/common/colcon_ws/install/tms_msg_db/include/tms_msg_db/srv/tmsdbobjdt__struct.hpp
[9.195s] -- Up-to-date symlink: /home/common/colcon_ws/install/tms_msg_db/include/tms_msg_db/srv/tmsdbobjdt__traits.hpp
[9.196s] -- Up-to-date symlink: /home/common/colcon_ws/install/tms_msg_db/include/tms_msg_db/msg/rosidl_typesupport_introspection_c__visibility_control.h
[9.196s] -- Up-to-date symlink: /home/common/colcon_ws/install/tms_msg_db/include/tms_msg_db/msg/tms_data__rosidl_typesupport_introspection_c.h
[9.197s] -- Up-to-date symlink: /home/common/colcon_ws/install/tms_msg_db/include/tms_msg_db/msg/tms_data_stamped__rosidl_typesupport_introspection_c.h
[9.197s] -- Up-to-date symlink: /home/common/colcon_ws/install/tms_msg_db/include/tms_msg_db/msg/tmsdb__rosidl_typesupport_introspection_c.h
[9.197s] -- Up-to-date symlink: /home/common/colcon_ws/install/tms_msg_db/include/tms_msg_db/msg/tmsdb_stamped__rosidl_typesupport_introspection_c.h
[9.198s] -- Up-to-date symlink: /home/common/colcon_ws/install/tms_msg_db/include/tms_msg_db/srv/tmsdb_get_data__rosidl_typesupport_introspection_c.h
[9.198s] -- Up-to-date symlink: /home/common/colcon_ws/install/tms_msg_db/include/tms_msg_db/srv/tmsdb_objectsdata__rosidl_typesupport_introspection_c.h
[9.198s] -- Up-to-date symlink: /home/common/colcon_ws/install/tms_msg_db/include/tms_msg_db/srv/tmsdb_planning__rosidl_typesupport_introspection_c.h
[9.199s] -- Up-to-date symlink: /home/common/colcon_ws/install/tms_msg_db/include/tms_msg_db/srv/tmsdbfileconservation__rosidl_typesupport_introspection_c.h
[9.199s] -- Up-to-date symlink: /home/common/colcon_ws/install/tms_msg_db/include/tms_msg_db/srv/tmsdbgetfurnituresinfo__rosidl_typesupport_introspection_c.h
[9.199s] -- Up-to-date symlink: /home/common/colcon_ws/install/tms_msg_db/include/tms_msg_db/srv/tmsdbgetmovablefurnituresinfo__rosidl_typesupport_introspection_c.h
[9.199s] -- Up-to-date symlink: /home/common/colcon_ws/install/tms_msg_db/include/tms_msg_db/srv/tmsdbgetobjectsinfo__rosidl_typesupport_introspection_c.h
[9.200s] -- Up-to-date symlink: /home/common/colcon_ws/install/tms_msg_db/include/tms_msg_db/srv/tmsdbgetpcdinfo__rosidl_typesupport_introspection_c.h
[9.200s] -- Up-to-date symlink: /home/common/colcon_ws/install/tms_msg_db/include/tms_msg_db/srv/tmsdbgetpersonbehaviorinfo__rosidl_typesupport_introspection_c.h
[9.200s] -- Up-to-date symlink: /home/common/colcon_ws/install/tms_msg_db/include/tms_msg_db/srv/tmsdbgetpersoninfo__rosidl_typesupport_introspection_c.h
[9.200s] -- Up-to-date symlink: /home/common/colcon_ws/install/tms_msg_db/include/tms_msg_db/srv/tmsdbgetrobotinfo__rosidl_typesupport_introspection_c.h
[9.201s] -- Up-to-date symlink: /home/common/colcon_ws/install/tms_msg_db/include/tms_msg_db/srv/tmsdbgetrobotsinfo__rosidl_typesupport_introspection_c.h
[9.201s] -- Up-to-date symlink: /home/common/colcon_ws/install/tms_msg_db/include/tms_msg_db/srv/tmsdbgettasklist__rosidl_typesupport_introspection_c.h
[9.201s] -- Up-to-date symlink: /home/common/colcon_ws/install/tms_msg_db/include/tms_msg_db/srv/tmsdbgetunknownobject__rosidl_typesupport_introspection_c.h
[9.202s] -- Up-to-date symlink: /home/common/colcon_ws/install/tms_msg_db/include/tms_msg_db/srv/tmsdbmissingobjectschecker__rosidl_typesupport_introspection_c.h
[9.202s] -- Up-to-date symlink: /home/common/colcon_ws/install/tms_msg_db/include/tms_msg_db/srv/tmsdbobjdt__rosidl_typesupport_introspection_c.h
[9.202s] -- Up-to-date symlink: /home/common/colcon_ws/install/tms_msg_db/lib/libtms_msg_db__rosidl_typesupport_introspection_c.so
[9.204s] -- Up-to-date symlink: /home/common/colcon_ws/install/tms_msg_db/include/tms_msg_db/msg/tms_data__rosidl_typesupport_introspection_cpp.hpp
[9.204s] -- Up-to-date symlink: /home/common/colcon_ws/install/tms_msg_db/include/tms_msg_db/msg/tms_data_stamped__rosidl_typesupport_introspection_cpp.hpp
[9.204s] -- Up-to-date symlink: /home/common/colcon_ws/install/tms_msg_db/include/tms_msg_db/msg/tmsdb__rosidl_typesupport_introspection_cpp.hpp
[9.204s] -- Up-to-date symlink: /home/common/colcon_ws/install/tms_msg_db/include/tms_msg_db/msg/tmsdb_stamped__rosidl_typesupport_introspection_cpp.hpp
[9.205s] -- Up-to-date symlink: /home/common/colcon_ws/install/tms_msg_db/include/tms_msg_db/srv/tmsdb_get_data__rosidl_typesupport_introspection_cpp.hpp
[9.205s] -- Up-to-date symlink: /home/common/colcon_ws/install/tms_msg_db/include/tms_msg_db/srv/tmsdb_objectsdata__rosidl_typesupport_introspection_cpp.hpp
[9.205s] -- Up-to-date symlink: /home/common/colcon_ws/install/tms_msg_db/include/tms_msg_db/srv/tmsdb_planning__rosidl_typesupport_introspection_cpp.hpp
[9.206s] -- Up-to-date symlink: /home/common/colcon_ws/install/tms_msg_db/include/tms_msg_db/srv/tmsdbfileconservation__rosidl_typesupport_introspection_cpp.hpp
[9.206s] -- Up-to-date symlink: /home/common/colcon_ws/install/tms_msg_db/include/tms_msg_db/srv/tmsdbgetfurnituresinfo__rosidl_typesupport_introspection_cpp.hpp
[9.206s] -- Up-to-date symlink: /home/common/colcon_ws/install/tms_msg_db/include/tms_msg_db/srv/tmsdbgetmovablefurnituresinfo__rosidl_typesupport_introspection_cpp.hpp
[9.206s] -- Up-to-date symlink: /home/common/colcon_ws/install/tms_msg_db/include/tms_msg_db/srv/tmsdbgetobjectsinfo__rosidl_typesupport_introspection_cpp.hpp
[9.207s] -- Up-to-date symlink: /home/common/colcon_ws/install/tms_msg_db/include/tms_msg_db/srv/tmsdbgetpcdinfo__rosidl_typesupport_introspection_cpp.hpp
[9.207s] -- Up-to-date symlink: /home/common/colcon_ws/install/tms_msg_db/include/tms_msg_db/srv/tmsdbgetpersonbehaviorinfo__rosidl_typesupport_introspection_cpp.hpp
[9.207s] -- Up-to-date symlink: /home/common/colcon_ws/install/tms_msg_db/include/tms_msg_db/srv/tmsdbgetpersoninfo__rosidl_typesupport_introspection_cpp.hpp
[9.207s] -- Up-to-date symlink: /home/common/colcon_ws/install/tms_msg_db/include/tms_msg_db/srv/tmsdbgetrobotinfo__rosidl_typesupport_introspection_cpp.hpp
[9.208s] -- Up-to-date symlink: /home/common/colcon_ws/install/tms_msg_db/include/tms_msg_db/srv/tmsdbgetrobotsinfo__rosidl_typesupport_introspection_cpp.hpp
[9.208s] -- Up-to-date symlink: /home/common/colcon_ws/install/tms_msg_db/include/tms_msg_db/srv/tmsdbgettasklist__rosidl_typesupport_introspection_cpp.hpp
[9.208s] -- Up-to-date symlink: /home/common/colcon_ws/install/tms_msg_db/include/tms_msg_db/srv/tmsdbgetunknownobject__rosidl_typesupport_introspection_cpp.hpp
[9.209s] -- Up-to-date symlink: /home/common/colcon_ws/install/tms_msg_db/include/tms_msg_db/srv/tmsdbmissingobjectschecker__rosidl_typesupport_introspection_cpp.hpp
[9.209s] -- Up-to-date symlink: /home/common/colcon_ws/install/tms_msg_db/include/tms_msg_db/srv/tmsdbobjdt__rosidl_typesupport_introspection_cpp.hpp
[9.209s] -- Up-to-date symlink: /home/common/colcon_ws/install/tms_msg_db/lib/libtms_msg_db__rosidl_typesupport_introspection_cpp.so
[9.210s] -- Up-to-date symlink: /home/common/colcon_ws/install/tms_msg_db/share/tms_msg_db/environment/pythonpath.sh
[9.210s] -- Up-to-date symlink: /home/common/colcon_ws/install/tms_msg_db/lib/python3.6/site-packages/tms_msg_db/__init__.py
[9.211s] -- Up-to-date symlink: /home/common/colcon_ws/install/tms_msg_db/lib/python3.6/site-packages/tms_msg_db/msg/__init__.py
[9.211s] -- Up-to-date symlink: /home/common/colcon_ws/install/tms_msg_db/lib/python3.6/site-packages/tms_msg_db/msg/_tms_data.py
[9.211s] -- Up-to-date symlink: /home/common/colcon_ws/install/tms_msg_db/lib/python3.6/site-packages/tms_msg_db/msg/_tms_data_stamped.py
[9.212s] -- Up-to-date symlink: /home/common/colcon_ws/install/tms_msg_db/lib/python3.6/site-packages/tms_msg_db/msg/_tmsdb.py
[9.212s] -- Up-to-date symlink: /home/common/colcon_ws/install/tms_msg_db/lib/python3.6/site-packages/tms_msg_db/msg/_tmsdb_stamped.py
[9.213s] -- Up-to-date symlink: /home/common/colcon_ws/install/tms_msg_db/lib/python3.6/site-packages/tms_msg_db/srv/__init__.py
[9.213s] -- Up-to-date symlink: /home/common/colcon_ws/install/tms_msg_db/lib/python3.6/site-packages/tms_msg_db/srv/_tmsdb_get_data.py
[9.213s] -- Up-to-date symlink: /home/common/colcon_ws/install/tms_msg_db/lib/python3.6/site-packages/tms_msg_db/srv/_tmsdb_objectsdata.py
[9.213s] -- Up-to-date symlink: /home/common/colcon_ws/install/tms_msg_db/lib/python3.6/site-packages/tms_msg_db/srv/_tmsdb_planning.py
[9.214s] -- Up-to-date symlink: /home/common/colcon_ws/install/tms_msg_db/lib/python3.6/site-packages/tms_msg_db/srv/_tmsdbfileconservation.py
[9.214s] -- Up-to-date symlink: /home/common/colcon_ws/install/tms_msg_db/lib/python3.6/site-packages/tms_msg_db/srv/_tmsdbgetfurnituresinfo.py
[9.214s] -- Up-to-date symlink: /home/common/colcon_ws/install/tms_msg_db/lib/python3.6/site-packages/tms_msg_db/srv/_tmsdbgetmovablefurnituresinfo.py
[9.214s] -- Up-to-date symlink: /home/common/colcon_ws/install/tms_msg_db/lib/python3.6/site-packages/tms_msg_db/srv/_tmsdbgetobjectsinfo.py
[9.214s] -- Up-to-date symlink: /home/common/colcon_ws/install/tms_msg_db/lib/python3.6/site-packages/tms_msg_db/srv/_tmsdbgetpcdinfo.py
[9.215s] -- Up-to-date symlink: /home/common/colcon_ws/install/tms_msg_db/lib/python3.6/site-packages/tms_msg_db/srv/_tmsdbgetpersonbehaviorinfo.py
[9.215s] -- Up-to-date symlink: /home/common/colcon_ws/install/tms_msg_db/lib/python3.6/site-packages/tms_msg_db/srv/_tmsdbgetpersoninfo.py
[9.215s] -- Up-to-date symlink: /home/common/colcon_ws/install/tms_msg_db/lib/python3.6/site-packages/tms_msg_db/srv/_tmsdbgetrobotinfo.py
[9.215s] -- Up-to-date symlink: /home/common/colcon_ws/install/tms_msg_db/lib/python3.6/site-packages/tms_msg_db/srv/_tmsdbgetrobotsinfo.py
[9.215s] -- Up-to-date symlink: /home/common/colcon_ws/install/tms_msg_db/lib/python3.6/site-packages/tms_msg_db/srv/_tmsdbgettasklist.py
[9.216s] -- Up-to-date symlink: /home/common/colcon_ws/install/tms_msg_db/lib/python3.6/site-packages/tms_msg_db/srv/_tmsdbgetunknownobject.py
[9.216s] -- Up-to-date symlink: /home/common/colcon_ws/install/tms_msg_db/lib/python3.6/site-packages/tms_msg_db/srv/_tmsdbmissingobjectschecker.py
[9.216s] -- Up-to-date symlink: /home/common/colcon_ws/install/tms_msg_db/lib/python3.6/site-packages/tms_msg_db/srv/_tmsdbobjdt.py
[9.216s] -- Up-to-date symlink: /home/common/colcon_ws/install/tms_msg_db/lib/python3.6/site-packages/tms_msg_db/tms_msg_db_s__rosidl_typesupport_c.cpython-36m-x86_64-linux-gnu.so
[9.217s] -- Up-to-date symlink: /home/common/colcon_ws/install/tms_msg_db/lib/python3.6/site-packages/tms_msg_db/tms_msg_db_s__rosidl_typesupport_fastrtps_c.cpython-36m-x86_64-linux-gnu.so
[9.217s] -- Up-to-date symlink: /home/common/colcon_ws/install/tms_msg_db/lib/libtms_msg_db__python.so
[9.218s] -- Up-to-date symlink: /home/common/colcon_ws/install/tms_msg_db/share/tms_msg_db/msg/Tmsdb.idl
[9.218s] -- Up-to-date symlink: /home/common/colcon_ws/install/tms_msg_db/share/tms_msg_db/msg/TmsdbStamped.idl
[9.218s] -- Up-to-date symlink: /home/common/colcon_ws/install/tms_msg_db/share/tms_msg_db/msg/TmsData.idl
[9.219s] -- Up-to-date symlink: /home/common/colcon_ws/install/tms_msg_db/share/tms_msg_db/msg/TmsDataStamped.idl
[9.219s] -- Up-to-date symlink: /home/common/colcon_ws/install/tms_msg_db/share/tms_msg_db/srv/TmsdbGetData.idl
[9.220s] -- Up-to-date symlink: /home/common/colcon_ws/install/tms_msg_db/share/tms_msg_db/srv/Tmsdbgetfurnituresinfo.idl
[9.220s] -- Up-to-date symlink: /home/common/colcon_ws/install/tms_msg_db/share/tms_msg_db/srv/Tmsdbgetmovablefurnituresinfo.idl
[9.220s] -- Up-to-date symlink: /home/common/colcon_ws/install/tms_msg_db/share/tms_msg_db/srv/Tmsdbgetobjectsinfo.idl
[9.221s] -- Up-to-date symlink: /home/common/colcon_ws/install/tms_msg_db/share/tms_msg_db/srv/Tmsdbgetpersoninfo.idl
[9.221s] -- Up-to-date symlink: /home/common/colcon_ws/install/tms_msg_db/share/tms_msg_db/srv/Tmsdbgetrobotsinfo.idl
[9.221s] -- Up-to-date symlink: /home/common/colcon_ws/install/tms_msg_db/share/tms_msg_db/srv/Tmsdbgetrobotinfo.idl
[9.222s] -- Up-to-date symlink: /home/common/colcon_ws/install/tms_msg_db/share/tms_msg_db/srv/Tmsdbgetpersonbehaviorinfo.idl
[9.222s] -- Up-to-date symlink: /home/common/colcon_ws/install/tms_msg_db/share/tms_msg_db/srv/Tmsdbgetpcdinfo.idl
[9.223s] -- Up-to-date symlink: /home/common/colcon_ws/install/tms_msg_db/share/tms_msg_db/srv/Tmsdbgettasklist.idl
[9.223s] -- Up-to-date symlink: /home/common/colcon_ws/install/tms_msg_db/share/tms_msg_db/srv/Tmsdbmissingobjectschecker.idl
[9.223s] -- Up-to-date symlink: /home/common/colcon_ws/install/tms_msg_db/share/tms_msg_db/srv/Tmsdbobjdt.idl
[9.224s] -- Up-to-date symlink: /home/common/colcon_ws/install/tms_msg_db/share/tms_msg_db/srv/TmsdbPlanning.idl
[9.224s] -- Up-to-date symlink: /home/common/colcon_ws/install/tms_msg_db/share/tms_msg_db/srv/Tmsdbfileconservation.idl
[9.224s] -- Up-to-date symlink: /home/common/colcon_ws/install/tms_msg_db/share/tms_msg_db/srv/TmsdbObjectsdata.idl
[9.225s] -- Up-to-date symlink: /home/common/colcon_ws/install/tms_msg_db/share/tms_msg_db/srv/Tmsdbgetunknownobject.idl
[9.225s] -- Up-to-date symlink: /home/common/colcon_ws/install/tms_msg_db/share/tms_msg_db/msg/Tmsdb.msg
[9.225s] -- Up-to-date symlink: /home/common/colcon_ws/install/tms_msg_db/share/tms_msg_db/msg/TmsdbStamped.msg
[9.226s] -- Up-to-date symlink: /home/common/colcon_ws/install/tms_msg_db/share/tms_msg_db/msg/TmsData.msg
[9.226s] -- Up-to-date symlink: /home/common/colcon_ws/install/tms_msg_db/share/tms_msg_db/msg/TmsDataStamped.msg
[9.227s] -- Up-to-date symlink: /home/common/colcon_ws/install/tms_msg_db/share/tms_msg_db/srv/TmsdbGetData.srv
[9.227s] -- Up-to-date symlink: /home/common/colcon_ws/install/tms_msg_db/share/tms_msg_db/srv/TmsdbGetData_Request.msg
[9.227s] -- Up-to-date symlink: /home/common/colcon_ws/install/tms_msg_db/share/tms_msg_db/srv/TmsdbGetData_Response.msg
[9.228s] -- Up-to-date symlink: /home/common/colcon_ws/install/tms_msg_db/share/tms_msg_db/srv/Tmsdbgetfurnituresinfo.srv
[9.228s] -- Up-to-date symlink: /home/common/colcon_ws/install/tms_msg_db/share/tms_msg_db/srv/Tmsdbgetfurnituresinfo_Request.msg
[9.228s] -- Up-to-date symlink: /home/common/colcon_ws/install/tms_msg_db/share/tms_msg_db/srv/Tmsdbgetfurnituresinfo_Response.msg
[9.229s] -- Up-to-date symlink: /home/common/colcon_ws/install/tms_msg_db/share/tms_msg_db/srv/Tmsdbgetmovablefurnituresinfo.srv
[9.229s] -- Up-to-date symlink: /home/common/colcon_ws/install/tms_msg_db/share/tms_msg_db/srv/Tmsdbgetmovablefurnituresinfo_Request.msg
[9.235s] -- Up-to-date symlink: /home/common/colcon_ws/install/tms_msg_db/share/tms_msg_db/srv/Tmsdbgetmovablefurnituresinfo_Response.msg
[9.243s] -- Up-to-date symlink: /home/common/colcon_ws/install/tms_msg_db/share/tms_msg_db/srv/Tmsdbgetobjectsinfo.srv
[9.243s] -- Up-to-date symlink: /home/common/colcon_ws/install/tms_msg_db/share/tms_msg_db/srv/Tmsdbgetobjectsinfo_Request.msg
[9.243s] -- Up-to-date symlink: /home/common/colcon_ws/install/tms_msg_db/share/tms_msg_db/srv/Tmsdbgetobjectsinfo_Response.msg
[9.243s] -- Up-to-date symlink: /home/common/colcon_ws/install/tms_msg_db/share/tms_msg_db/srv/Tmsdbgetpersoninfo.srv
[9.243s] -- Up-to-date symlink: /home/common/colcon_ws/install/tms_msg_db/share/tms_msg_db/srv/Tmsdbgetpersoninfo_Request.msg
[9.244s] -- Up-to-date symlink: /home/common/colcon_ws/install/tms_msg_db/share/tms_msg_db/srv/Tmsdbgetpersoninfo_Response.msg
[9.244s] -- Up-to-date symlink: /home/common/colcon_ws/install/tms_msg_db/share/tms_msg_db/srv/Tmsdbgetrobotsinfo.srv
[9.244s] -- Up-to-date symlink: /home/common/colcon_ws/install/tms_msg_db/share/tms_msg_db/srv/Tmsdbgetrobotsinfo_Request.msg
[9.244s] -- Up-to-date symlink: /home/common/colcon_ws/install/tms_msg_db/share/tms_msg_db/srv/Tmsdbgetrobotsinfo_Response.msg
[9.244s] -- Up-to-date symlink: /home/common/colcon_ws/install/tms_msg_db/share/tms_msg_db/srv/Tmsdbgetrobotinfo.srv
[9.244s] -- Up-to-date symlink: /home/common/colcon_ws/install/tms_msg_db/share/tms_msg_db/srv/Tmsdbgetrobotinfo_Request.msg
[9.245s] -- Up-to-date symlink: /home/common/colcon_ws/install/tms_msg_db/share/tms_msg_db/srv/Tmsdbgetrobotinfo_Response.msg
[9.245s] -- Up-to-date symlink: /home/common/colcon_ws/install/tms_msg_db/share/tms_msg_db/srv/Tmsdbgetpersonbehaviorinfo.srv
[9.245s] -- Up-to-date symlink: /home/common/colcon_ws/install/tms_msg_db/share/tms_msg_db/srv/Tmsdbgetpersonbehaviorinfo_Request.msg
[9.245s] -- Up-to-date symlink: /home/common/colcon_ws/install/tms_msg_db/share/tms_msg_db/srv/Tmsdbgetpersonbehaviorinfo_Response.msg
[9.245s] -- Up-to-date symlink: /home/common/colcon_ws/install/tms_msg_db/share/tms_msg_db/srv/Tmsdbgetpcdinfo.srv
[9.245s] -- Up-to-date symlink: /home/common/colcon_ws/install/tms_msg_db/share/tms_msg_db/srv/Tmsdbgetpcdinfo_Request.msg
[9.246s] -- Up-to-date symlink: /home/common/colcon_ws/install/tms_msg_db/share/tms_msg_db/srv/Tmsdbgetpcdinfo_Response.msg
[9.246s] -- Up-to-date symlink: /home/common/colcon_ws/install/tms_msg_db/share/tms_msg_db/srv/Tmsdbgettasklist.srv
[9.246s] -- Up-to-date symlink: /home/common/colcon_ws/install/tms_msg_db/share/tms_msg_db/srv/Tmsdbgettasklist_Request.msg
[9.246s] -- Up-to-date symlink: /home/common/colcon_ws/install/tms_msg_db/share/tms_msg_db/srv/Tmsdbgettasklist_Response.msg
[9.246s] -- Up-to-date symlink: /home/common/colcon_ws/install/tms_msg_db/share/tms_msg_db/srv/Tmsdbmissingobjectschecker.srv
[9.246s] -- Up-to-date symlink: /home/common/colcon_ws/install/tms_msg_db/share/tms_msg_db/srv/Tmsdbmissingobjectschecker_Request.msg
[9.246s] -- Up-to-date symlink: /home/common/colcon_ws/install/tms_msg_db/share/tms_msg_db/srv/Tmsdbmissingobjectschecker_Response.msg
[9.246s] -- Up-to-date symlink: /home/common/colcon_ws/install/tms_msg_db/share/tms_msg_db/srv/Tmsdbobjdt.srv
[9.246s] -- Up-to-date symlink: /home/common/colcon_ws/install/tms_msg_db/share/tms_msg_db/srv/Tmsdbobjdt_Request.msg
[9.246s] -- Up-to-date symlink: /home/common/colcon_ws/install/tms_msg_db/share/tms_msg_db/srv/Tmsdbobjdt_Response.msg
[9.247s] -- Up-to-date symlink: /home/common/colcon_ws/install/tms_msg_db/share/tms_msg_db/srv/TmsdbPlanning.srv
[9.247s] -- Up-to-date symlink: /home/common/colcon_ws/install/tms_msg_db/share/tms_msg_db/srv/TmsdbPlanning_Request.msg
[9.248s] -- Up-to-date symlink: /home/common/colcon_ws/install/tms_msg_db/share/tms_msg_db/srv/TmsdbPlanning_Response.msg
[9.248s] -- Up-to-date symlink: /home/common/colcon_ws/install/tms_msg_db/share/tms_msg_db/srv/Tmsdbfileconservation.srv
[9.248s] -- Up-to-date symlink: /home/common/colcon_ws/install/tms_msg_db/share/tms_msg_db/srv/Tmsdbfileconservation_Request.msg
[9.249s] -- Up-to-date symlink: /home/common/colcon_ws/install/tms_msg_db/share/tms_msg_db/srv/Tmsdbfileconservation_Response.msg
[9.249s] -- Up-to-date symlink: /home/common/colcon_ws/install/tms_msg_db/share/tms_msg_db/srv/TmsdbObjectsdata.srv
[9.250s] -- Up-to-date symlink: /home/common/colcon_ws/install/tms_msg_db/share/tms_msg_db/srv/TmsdbObjectsdata_Request.msg
[9.250s] -- Up-to-date symlink: /home/common/colcon_ws/install/tms_msg_db/share/tms_msg_db/srv/TmsdbObjectsdata_Response.msg
[9.251s] -- Up-to-date symlink: /home/common/colcon_ws/install/tms_msg_db/share/tms_msg_db/srv/Tmsdbgetunknownobject.srv
[9.251s] -- Up-to-date symlink: /home/common/colcon_ws/install/tms_msg_db/share/tms_msg_db/srv/Tmsdbgetunknownobject_Request.msg
[9.252s] -- Up-to-date symlink: /home/common/colcon_ws/install/tms_msg_db/share/tms_msg_db/srv/Tmsdbgetunknownobject_Response.msg
[9.252s] -- Up-to-date symlink: /home/common/colcon_ws/install/tms_msg_db/share/ament_index/resource_index/package_run_dependencies/tms_msg_db
[9.252s] -- Up-to-date symlink: /home/common/colcon_ws/install/tms_msg_db/share/ament_index/resource_index/parent_prefix_path/tms_msg_db
[9.253s] -- Up-to-date symlink: /home/common/colcon_ws/install/tms_msg_db/share/tms_msg_db/environment/ament_prefix_path.sh
[9.253s] -- Up-to-date symlink: /home/common/colcon_ws/install/tms_msg_db/share/tms_msg_db/environment/path.sh
[9.254s] -- Up-to-date symlink: /home/common/colcon_ws/install/tms_msg_db/share/tms_msg_db/local_setup.bash
[9.254s] -- Up-to-date symlink: /home/common/colcon_ws/install/tms_msg_db/share/tms_msg_db/local_setup.sh
[9.255s] -- Up-to-date symlink: /home/common/colcon_ws/install/tms_msg_db/share/tms_msg_db/local_setup.zsh
[9.255s] -- Up-to-date symlink: /home/common/colcon_ws/install/tms_msg_db/share/ament_index/resource_index/packages/tms_msg_db
[9.256s] -- Up-to-date symlink: /home/common/colcon_ws/install/tms_msg_db/share/tms_msg_db/cmake/rosidl_cmake-extras.cmake
[9.256s] -- Up-to-date symlink: /home/common/colcon_ws/install/tms_msg_db/share/tms_msg_db/cmake/ament_cmake_export_dependencies-extras.cmake
[9.256s] -- Up-to-date symlink: /home/common/colcon_ws/install/tms_msg_db/share/tms_msg_db/cmake/ament_cmake_export_libraries-extras.cmake
[9.257s] -- Up-to-date symlink: /home/common/colcon_ws/install/tms_msg_db/share/tms_msg_db/cmake/ament_cmake_export_include_directories-extras.cmake
[9.257s] -- Up-to-date symlink: /home/common/colcon_ws/install/tms_msg_db/share/tms_msg_db/cmake/tms_msg_dbConfig.cmake
[9.258s] -- Up-to-date symlink: /home/common/colcon_ws/install/tms_msg_db/share/tms_msg_db/cmake/tms_msg_dbConfig-version.cmake
[9.258s] -- Up-to-date symlink: /home/common/colcon_ws/install/tms_msg_db/share/tms_msg_db/package.xml
[9.350s] Compiling '/home/common/colcon_ws/install/tms_msg_db/lib/python3.6/site-packages/tms_msg_db/__init__.py'...
[9.368s] Invoked command in '/home/common/colcon_ws/build/tms_msg_db' returned '0': CMAKE_PREFIX_PATH=/home/common/colcon_ws/install/octomap_msgs:/home/common/colcon_ws/install/turtlebot3_teleop:/home/common/colcon_ws/install/tms_ur_speaker:/home/common/colcon_ws/install/tms_ur_listener:/home/common/colcon_ws/install/tms_ts_ts:/home/common/colcon_ws/install/tms_ts_test:/home/common/colcon_ws/install/tms_ts_subtask:/home/common/colcon_ws/install/tms_ss_whs1:/home/common/colcon_ws/install/tms_rc_double:/home/common/colcon_ws/install/tms_db_manager:/opt/ros/dashing:/opt/ros/melodic:/home/common/colcon_ws/install/turtlebot3:/home/common/colcon_ws/install/turtlebot3_simulations:/home/common/colcon_ws/install/turtlebot3_bringup:/home/common/colcon_ws/install/turtlebot3_node:/home/common/colcon_ws/install/turtlebot3_navigation2:/home/common/colcon_ws/install/turtlebot3_fake_node:/home/common/colcon_ws/install/doublenode:/home/common/colcon_ws/install/turtlebot3_msgs:/home/common/colcon_ws/install/turtlebot3_gazebo:/home/common/colcon_ws/install/turtlebot3_description:/home/common/colcon_ws/install/turtlebot3_cartographer:/home/common/colcon_ws/install/tms_ss_vicon:/home/common/colcon_ws/install/tms_rc_tfnode:/home/common/colcon_ws/install/tms_rc_bot:/home/common/colcon_ws/install/tms_nw_rp:/home/common/colcon_ws/install/tms_msg_ur:/home/common/colcon_ws/install/tms_msg_ts:/home/common/colcon_ws/install/tms_msg_ss:/home/common/colcon_ws/install/tms_msg_rc:/home/common/colcon_ws/install/tms_msg_db:/home/common/colcon_ws/install/object_recognition_msgs:/home/common/colcon_ws/install/hls_lfcd_lds_driver:/home/common/colcon_ws/install/examples_rclcpp_minimal_timer:/home/common/colcon_ws/install/examples_rclcpp_minimal_subscriber:/home/common/colcon_ws/install/examples_rclcpp_minimal_service:/home/common/colcon_ws/install/examples_rclcpp_minimal_publisher:/home/common/colcon_ws/install/examples_rclcpp_minimal_composition:/home/common/colcon_ws/install/examples_rclcpp_minimal_client:/home/common/colcon_ws/install/examples_rclcpp_minimal_action_server:/home/common/colcon_ws/install/examples_rclcpp_minimal_action_client:/home/common/colcon_ws/install/dynamixel_sdk /usr/bin/cmake --build /home/common/colcon_ws/build/tms_msg_db --target install -- -j8 -l8
