[0.061s] Invoking command in '/home/common/colcon_ws/build/turtlebot3_cartographer': CMAKE_PREFIX_PATH=/home/common/colcon_ws/install/turtlebot3_teleop:/home/common/colcon_ws/install/tms_ss_whs1:/home/common/colcon_ws/install/tms_rc_double:/opt/ros/dashing:${CMAKE_PREFIX_PATH} /usr/bin/cmake /home/common/colcon_ws/src/ros2_tms/turtlebot3/turtlebot3/turtlebot3_cartographer -DCMAKE_INSTALL_PREFIX=/home/common/colcon_ws/install/turtlebot3_cartographer
[0.099s] -- Found ament_cmake: 0.7.4 (/opt/ros/dashing/share/ament_cmake/cmake)
[0.153s] -- Using PYTHON_EXECUTABLE: /usr/bin/python3
[0.479s] -- Override CMake install command with custom implementation using symlinks instead of copying resources
[0.589s] -- Configuring done
[0.591s] -- Generating done
[0.593s] -- Build files have been written to: /home/common/colcon_ws/build/turtlebot3_cartographer
[0.597s] Invoked command in '/home/common/colcon_ws/build/turtlebot3_cartographer' returned '0': CMAKE_PREFIX_PATH=/home/common/colcon_ws/install/turtlebot3_teleop:/home/common/colcon_ws/install/tms_ss_whs1:/home/common/colcon_ws/install/tms_rc_double:/opt/ros/dashing:${CMAKE_PREFIX_PATH} /usr/bin/cmake /home/common/colcon_ws/src/ros2_tms/turtlebot3/turtlebot3/turtlebot3_cartographer -DCMAKE_INSTALL_PREFIX=/home/common/colcon_ws/install/turtlebot3_cartographer
[0.599s] Invoking command in '/home/common/colcon_ws/build/turtlebot3_cartographer': CMAKE_PREFIX_PATH=/home/common/colcon_ws/install/turtlebot3_teleop:/home/common/colcon_ws/install/tms_ss_whs1:/home/common/colcon_ws/install/tms_rc_double:/opt/ros/dashing:${CMAKE_PREFIX_PATH} /usr/bin/cmake --build /home/common/colcon_ws/build/turtlebot3_cartographer -- -j8 -l8
[0.678s] Invoked command in '/home/common/colcon_ws/build/turtlebot3_cartographer' returned '0': CMAKE_PREFIX_PATH=/home/common/colcon_ws/install/turtlebot3_teleop:/home/common/colcon_ws/install/tms_ss_whs1:/home/common/colcon_ws/install/tms_rc_double:/opt/ros/dashing:${CMAKE_PREFIX_PATH} /usr/bin/cmake --build /home/common/colcon_ws/build/turtlebot3_cartographer -- -j8 -l8
[0.720s] Invoking command in '/home/common/colcon_ws/build/turtlebot3_cartographer': CMAKE_PREFIX_PATH=/home/common/colcon_ws/install/turtlebot3_teleop:/home/common/colcon_ws/install/tms_ss_whs1:/home/common/colcon_ws/install/tms_rc_double:/opt/ros/dashing:${CMAKE_PREFIX_PATH} /usr/bin/cmake --build /home/common/colcon_ws/build/turtlebot3_cartographer --target install -- -j8 -l8
[0.801s] [36mInstall the project...[0m
[0.812s] -- Install configuration: ""
[0.814s] -- Execute custom install script
[0.816s] -- Up-to-date symlink: /home/common/colcon_ws/install/turtlebot3_cartographer/share/turtlebot3_cartographer/config/turtlebot3_lds_2d.lua
[0.816s] -- Up-to-date symlink: /home/common/colcon_ws/install/turtlebot3_cartographer/share/turtlebot3_cartographer/launch/cartographer.launch.py
[0.817s] -- Up-to-date symlink: /home/common/colcon_ws/install/turtlebot3_cartographer/share/turtlebot3_cartographer/launch/occupancy_grid.launch.py
[0.817s] -- Up-to-date symlink: /home/common/colcon_ws/install/turtlebot3_cartographer/share/turtlebot3_cartographer/rviz/tb3_cartographer.rviz
[0.817s] -- Up-to-date symlink: /home/common/colcon_ws/install/turtlebot3_cartographer/share/ament_index/resource_index/package_run_dependencies/turtlebot3_cartographer
[0.817s] -- Up-to-date symlink: /home/common/colcon_ws/install/turtlebot3_cartographer/share/ament_index/resource_index/parent_prefix_path/turtlebot3_cartographer
[0.817s] -- Up-to-date symlink: /home/common/colcon_ws/install/turtlebot3_cartographer/share/turtlebot3_cartographer/environment/ament_prefix_path.sh
[0.817s] -- Up-to-date symlink: /home/common/colcon_ws/install/turtlebot3_cartographer/share/turtlebot3_cartographer/environment/path.sh
[0.818s] -- Up-to-date symlink: /home/common/colcon_ws/install/turtlebot3_cartographer/share/turtlebot3_cartographer/local_setup.bash
[0.819s] -- Up-to-date symlink: /home/common/colcon_ws/install/turtlebot3_cartographer/share/turtlebot3_cartographer/local_setup.sh
[0.819s] -- Up-to-date symlink: /home/common/colcon_ws/install/turtlebot3_cartographer/share/turtlebot3_cartographer/local_setup.zsh
[0.819s] -- Up-to-date symlink: /home/common/colcon_ws/install/turtlebot3_cartographer/share/ament_index/resource_index/packages/turtlebot3_cartographer
[0.821s] -- Up-to-date symlink: /home/common/colcon_ws/install/turtlebot3_cartographer/share/turtlebot3_cartographer/cmake/turtlebot3_cartographerConfig.cmake
[0.823s] -- Up-to-date symlink: /home/common/colcon_ws/install/turtlebot3_cartographer/share/turtlebot3_cartographer/cmake/turtlebot3_cartographerConfig-version.cmake
[0.823s] -- Up-to-date symlink: /home/common/colcon_ws/install/turtlebot3_cartographer/share/turtlebot3_cartographer/package.xml
[0.834s] Invoked command in '/home/common/colcon_ws/build/turtlebot3_cartographer' returned '0': CMAKE_PREFIX_PATH=/home/common/colcon_ws/install/turtlebot3_teleop:/home/common/colcon_ws/install/tms_ss_whs1:/home/common/colcon_ws/install/tms_rc_double:/opt/ros/dashing:${CMAKE_PREFIX_PATH} /usr/bin/cmake --build /home/common/colcon_ws/build/turtlebot3_cartographer --target install -- -j8 -l8
