[0.185s] -- The C compiler identification is GNU 7.4.0
[0.288s] -- The CXX compiler identification is GNU 7.4.0
[0.293s] -- Check for working C compiler: /usr/bin/cc
[0.410s] -- Check for working C compiler: /usr/bin/cc -- works
[0.410s] -- Detecting C compiler ABI info
[0.542s] -- Detecting C compiler ABI info - done
[0.551s] -- Detecting C compile features
[0.966s] -- Detecting C compile features - done
[0.969s] -- Check for working CXX compiler: /usr/bin/c++
[1.095s] -- Check for working CXX compiler: /usr/bin/c++ -- works
[1.097s] -- Detecting CXX compiler ABI info
[1.238s] -- Detecting CXX compiler ABI info - done
[1.246s] -- Detecting CXX compile features
[1.806s] -- Detecting CXX compile features - done
[1.811s] -- Found ament_cmake: 0.7.4 (/opt/ros/dashing/share/ament_cmake/cmake)
[1.895s] -- Found PythonInterp: /usr/bin/python3 (found suitable version "3.6.9", minimum required is "3") 
[1.895s] -- Using PYTHON_EXECUTABLE: /usr/bin/python3
[2.317s] -- Override CMake install command with custom implementation using symlinks instead of copying resources
[2.361s] -- Found dynamixel_sdk: 3.7.20 (/home/common/colcon_ws/install/dynamixel_sdk/share/dynamixel_sdk/cmake)
[2.367s] -- Found geometry_msgs: 0.7.0 (/opt/ros/dashing/share/geometry_msgs/cmake)
[2.404s] -- Found rosidl_adapter: 0.7.8 (/opt/ros/dashing/share/rosidl_adapter/cmake)
[2.487s] -- Found message_filters: 3.1.3 (/opt/ros/dashing/share/message_filters/cmake)
[2.492s] -- Found nav_msgs: 0.7.0 (/opt/ros/dashing/share/nav_msgs/cmake)
[2.514s] -- Found rclcpp: 0.7.12 (/opt/ros/dashing/share/rclcpp/cmake)
[2.541s] -- Found rmw_implementation_cmake: 0.7.2 (/opt/ros/dashing/share/rmw_implementation_cmake/cmake)
[2.547s] -- Using RMW implementation 'rmw_fastrtps_cpp' as default
[2.549s] -- Looking for pthread.h
[2.760s] -- Looking for pthread.h - found
[2.760s] -- Looking for pthread_create
[2.889s] -- Looking for pthread_create - not found
[2.890s] -- Looking for pthread_create in pthreads
[2.987s] -- Looking for pthread_create in pthreads - not found
[2.987s] -- Looking for pthread_create in pthread
[3.114s] -- Looking for pthread_create in pthread - found
[3.116s] -- Found Threads: TRUE  
[3.176s] -- Found sensor_msgs: 0.7.0 (/opt/ros/dashing/share/sensor_msgs/cmake)
[3.199s] -- Found std_srvs: 0.7.0 (/opt/ros/dashing/share/std_srvs/cmake)
[3.209s] -- Found tf2: 0.11.6 (/opt/ros/dashing/share/tf2/cmake)
[3.220s] -- Found tf2_ros: 0.11.6 (/opt/ros/dashing/share/tf2_ros/cmake)
[3.306s] -- Found turtlebot3_msgs: 2.1.0 (/home/common/colcon_ws/install/turtlebot3_msgs/share/turtlebot3_msgs/cmake)
[3.835s] -- Configuring done
[3.905s] -- Generating done
[3.907s] -- Build files have been written to: /home/common/colcon_ws/build/turtlebot3_node
[4.005s] [35m[1mScanning dependencies of target turtlebot3_node_lib[0m
[4.099s] [ 85%] Built target turtlebot3_node_lib
[4.118s] [35m[1mScanning dependencies of target turtlebot3_ros[0m
[4.169s] [100%] Built target turtlebot3_ros
[4.428s] [ 85%] Built target turtlebot3_node_lib
[4.490s] [100%] Built target turtlebot3_ros
[4.526s] [36mInstall the project...[0m
[4.544s] -- Install configuration: ""
[4.545s] -- Execute custom install script
[4.546s] -- Up-to-date symlink: /home/common/colcon_ws/install/turtlebot3_node/share/turtlebot3_node/param/burger.yaml
[4.546s] -- Up-to-date symlink: /home/common/colcon_ws/install/turtlebot3_node/share/turtlebot3_node/param/waffle.yaml
[4.547s] -- Up-to-date symlink: /home/common/colcon_ws/install/turtlebot3_node/share/turtlebot3_node/param/waffle_pi.yaml
[4.547s] -- Up-to-date symlink: /home/common/colcon_ws/install/turtlebot3_node/lib/turtlebot3_node/turtlebot3_ros
[4.548s] -- Up-to-date symlink: /home/common/colcon_ws/install/turtlebot3_node/share/ament_index/resource_index/package_run_dependencies/turtlebot3_node
[4.549s] -- Up-to-date symlink: /home/common/colcon_ws/install/turtlebot3_node/share/ament_index/resource_index/parent_prefix_path/turtlebot3_node
[4.549s] -- Up-to-date symlink: /home/common/colcon_ws/install/turtlebot3_node/share/turtlebot3_node/environment/ament_prefix_path.sh
[4.550s] -- Up-to-date symlink: /home/common/colcon_ws/install/turtlebot3_node/share/turtlebot3_node/environment/path.sh
[4.550s] -- Up-to-date symlink: /home/common/colcon_ws/install/turtlebot3_node/share/turtlebot3_node/local_setup.bash
[4.551s] -- Up-to-date symlink: /home/common/colcon_ws/install/turtlebot3_node/share/turtlebot3_node/local_setup.sh
[4.551s] -- Up-to-date symlink: /home/common/colcon_ws/install/turtlebot3_node/share/turtlebot3_node/local_setup.zsh
[4.552s] -- Up-to-date symlink: /home/common/colcon_ws/install/turtlebot3_node/share/ament_index/resource_index/packages/turtlebot3_node
[4.552s] -- Up-to-date symlink: /home/common/colcon_ws/install/turtlebot3_node/share/turtlebot3_node/cmake/ament_cmake_export_include_directories-extras.cmake
[4.553s] -- Up-to-date symlink: /home/common/colcon_ws/install/turtlebot3_node/share/turtlebot3_node/cmake/turtlebot3_nodeConfig.cmake
[4.553s] -- Up-to-date symlink: /home/common/colcon_ws/install/turtlebot3_node/share/turtlebot3_node/cmake/turtlebot3_nodeConfig-version.cmake
[4.554s] -- Up-to-date symlink: /home/common/colcon_ws/install/turtlebot3_node/share/turtlebot3_node/package.xml
