[0.082s] Invoking command in '/home/common/colcon_ws/build/tms_rc_tfnode': /usr/bin/cmake --build /home/common/colcon_ws/build/tms_rc_tfnode -- -j8 -l8
[0.167s] [100%] Built target Tfnode
[0.611s] Invoked command in '/home/common/colcon_ws/build/tms_rc_tfnode' returned '0': /usr/bin/cmake --build /home/common/colcon_ws/build/tms_rc_tfnode -- -j8 -l8
[1.113s] Invoking command in '/home/common/colcon_ws/build/tms_rc_tfnode': /usr/bin/cmake --build /home/common/colcon_ws/build/tms_rc_tfnode --target install -- -j8 -l8
[1.210s] [100%] Built target Tfnode
[1.257s] [36mInstall the project...[0m
[1.287s] -- Install configuration: ""
[1.288s] -- Execute custom install script
[1.290s] -- Up-to-date symlink: /home/common/colcon_ws/install/tms_rc_tfnode/lib/tms_rc_tfnode/Tfnode
[1.291s] -- Up-to-date symlink: /home/common/colcon_ws/install/tms_rc_tfnode/share/ament_index/resource_index/package_run_dependencies/tms_rc_tfnode
[1.291s] -- Up-to-date symlink: /home/common/colcon_ws/install/tms_rc_tfnode/share/ament_index/resource_index/parent_prefix_path/tms_rc_tfnode
[1.291s] -- Up-to-date symlink: /home/common/colcon_ws/install/tms_rc_tfnode/share/tms_rc_tfnode/environment/ament_prefix_path.sh
[1.292s] -- Up-to-date symlink: /home/common/colcon_ws/install/tms_rc_tfnode/share/tms_rc_tfnode/environment/path.sh
[1.292s] -- Up-to-date symlink: /home/common/colcon_ws/install/tms_rc_tfnode/share/tms_rc_tfnode/local_setup.bash
[1.292s] -- Up-to-date symlink: /home/common/colcon_ws/install/tms_rc_tfnode/share/tms_rc_tfnode/local_setup.sh
[1.293s] -- Up-to-date symlink: /home/common/colcon_ws/install/tms_rc_tfnode/share/tms_rc_tfnode/local_setup.zsh
[1.293s] -- Up-to-date symlink: /home/common/colcon_ws/install/tms_rc_tfnode/share/ament_index/resource_index/packages/tms_rc_tfnode
[1.293s] -- Up-to-date symlink: /home/common/colcon_ws/install/tms_rc_tfnode/share/tms_rc_tfnode/cmake/tms_rc_tfnodeConfig.cmake
[1.294s] -- Up-to-date symlink: /home/common/colcon_ws/install/tms_rc_tfnode/share/tms_rc_tfnode/cmake/tms_rc_tfnodeConfig-version.cmake
[1.294s] -- Up-to-date symlink: /home/common/colcon_ws/install/tms_rc_tfnode/share/tms_rc_tfnode/package.xml
[1.326s] Invoked command in '/home/common/colcon_ws/build/tms_rc_tfnode' returned '0': /usr/bin/cmake --build /home/common/colcon_ws/build/tms_rc_tfnode --target install -- -j8 -l8
