[0.164s] -- The C compiler identification is GNU 7.4.0
[0.267s] -- The CXX compiler identification is GNU 7.4.0
[0.276s] -- Check for working C compiler: /usr/bin/cc
[0.386s] -- Check for working C compiler: /usr/bin/cc -- works
[0.387s] -- Detecting C compiler ABI info
[0.504s] -- Detecting C compiler ABI info - done
[0.523s] -- Detecting C compile features
[0.913s] -- Detecting C compile features - done
[0.917s] -- Check for working CXX compiler: /usr/bin/c++
[1.064s] -- Check for working CXX compiler: /usr/bin/c++ -- works
[1.065s] -- Detecting CXX compiler ABI info
[1.242s] -- Detecting CXX compiler ABI info - done
[1.257s] -- Detecting CXX compile features
[1.844s] -- Detecting CXX compile features - done
[1.847s] -- Using CATKIN_DEVEL_PREFIX: /home/common/colcon_ws/build/moveit_msgs/devel
[1.847s] -- Using CMAKE_PREFIX_PATH: /home/common/colcon_ws/install/octomap_msgs;/home/common/colcon_ws/install/object_recognition_msgs;/opt/ros/melodic;/home/common/colcon_ws/install/turtlebot3;/home/common/colcon_ws/install/turtlebot3_simulations;/home/common/colcon_ws/install/turtlebot3_bringup;/home/common/colcon_ws/install/turtlebot3_node;/home/common/colcon_ws/install/turtlebot3_navigation2;/home/common/colcon_ws/install/turtlebot3_fake_node;/home/common/colcon_ws/install/doublenode;/home/common/colcon_ws/install/turtlebot3_msgs;/home/common/colcon_ws/install/turtlebot3_gazebo;/home/common/colcon_ws/install/turtlebot3_description;/home/common/colcon_ws/install/turtlebot3_cartographer;/home/common/colcon_ws/install/tms_ss_vicon;/home/common/colcon_ws/install/tms_rc_tfnode;/home/common/colcon_ws/install/tms_rc_bot;/home/common/colcon_ws/install/tms_nw_rp;/home/common/colcon_ws/install/tms_msg_ur;/home/common/colcon_ws/install/tms_msg_ts;/home/common/colcon_ws/install/tms_msg_ss;/home/common/colcon_ws/install/tms_msg_rc;/home/common/colcon_ws/install/tms_msg_db;/home/common/colcon_ws/install/hls_lfcd_lds_driver;/home/common/colcon_ws/install/examples_rclcpp_minimal_timer;/home/common/colcon_ws/install/examples_rclcpp_minimal_subscriber;/home/common/colcon_ws/install/examples_rclcpp_minimal_service;/home/common/colcon_ws/install/examples_rclcpp_minimal_publisher;/home/common/colcon_ws/install/examples_rclcpp_minimal_composition;/home/common/colcon_ws/install/examples_rclcpp_minimal_client;/home/common/colcon_ws/install/examples_rclcpp_minimal_action_server;/home/common/colcon_ws/install/examples_rclcpp_minimal_action_client;/home/common/colcon_ws/install/dynamixel_sdk
[1.848s] -- This workspace overlays: /opt/ros/melodic
[1.935s] -- Found PythonInterp: /usr/bin/python3 (found suitable version "3.6.9", minimum required is "3") 
[1.935s] -- Using PYTHON_EXECUTABLE: /usr/bin/python3
[1.935s] -- Using Debian Python package layout
[1.937s] -- Using empy: /usr/bin/empy
[2.175s] -- Using CATKIN_ENABLE_TESTING: ON
[2.175s] -- Call enable_testing()
[2.179s] -- Using CATKIN_TEST_RESULTS_DIR: /home/common/colcon_ws/build/moveit_msgs/test_results
[2.222s] -- Found gtest sources under '/usr/src/googletest': gtests will be built
[2.222s] -- Found gmock sources under '/usr/src/googletest': gmock will be built
[2.305s] -- Found PythonInterp: /usr/bin/python3 (found version "3.6.9") 
[2.307s] -- Looking for pthread.h
[2.431s] -- Looking for pthread.h - found
[2.432s] -- Looking for pthread_create
[2.551s] -- Looking for pthread_create - not found
[2.551s] -- Looking for pthread_create in pthreads
[2.650s] -- Looking for pthread_create in pthreads - not found
[2.650s] -- Looking for pthread_create in pthread
[2.763s] -- Looking for pthread_create in pthread - found
[2.765s] -- Found Threads: TRUE  
[2.773s] -- Using Python nosetests: /usr/bin/nosetests
[2.909s] -- catkin 0.7.19
[2.909s] -- BUILD_SHARED_LIBS is on
[3.456s] Traceback (most recent call last):
[3.456s]   File "/home/common/colcon_ws/build/moveit_msgs/catkin_generated/generate_cached_setup.py", line 22, in <module>
[3.456s]     code = generate_environment_script('/home/common/colcon_ws/build/moveit_msgs/devel/env.sh')
[3.457s]   File "/opt/ros/melodic/lib/python2.7/dist-packages/catkin/environment_cache.py", line 62, in generate_environment_script
[3.457s]     env_after = ast.literal_eval(output.decode('utf8'))
[3.457s]   File "/usr/lib/python3.6/ast.py", line 48, in literal_eval
[3.457s]     node_or_string = parse(node_or_string, mode='eval')
[3.457s]   File "/usr/lib/python3.6/ast.py", line 35, in parse
[3.457s]     return compile(source, filename, mode, PyCF_ONLY_AST)
[3.457s]   File "<unknown>", line 1
[3.457s]     ROS_DISTRO was set to 'dashing' before. Please make sure that the environment does not mix paths from different distributions.
[3.458s]                  ^
[3.458s] SyntaxError: invalid syntax
[3.472s] CMake Error at /opt/ros/melodic/share/catkin/cmake/safe_execute_process.cmake:11 (message):
[3.473s]   execute_process(/usr/bin/python3
[3.474s]   "/home/common/colcon_ws/build/moveit_msgs/catkin_generated/generate_cached_setup.py")
[3.475s]   returned error code 1
[3.475s] Call Stack (most recent call first):
[3.475s]   /opt/ros/melodic/share/catkin/cmake/all.cmake:208 (safe_execute_process)
[3.475s]   /opt/ros/melodic/share/catkin/cmake/catkinConfig.cmake:20 (include)
[3.475s]   CMakeLists.txt:14 (find_package)
[3.475s] 
[3.475s] 
[3.476s] -- Configuring incomplete, errors occurred!
[3.477s] See also "/home/common/colcon_ws/build/moveit_msgs/CMakeFiles/CMakeOutput.log".
[3.477s] See also "/home/common/colcon_ws/build/moveit_msgs/CMakeFiles/CMakeError.log".
