[0.995s] Invoking command in '/home/common/colcon_ws/build/doublenode': AMENT_PREFIX_PATH=/home/common/colcon_ws/install/turtlebot3_msgs:${AMENT_PREFIX_PATH} CMAKE_PREFIX_PATH=/home/common/colcon_ws/install/turtlebot3_msgs:/opt/ros/dashing:${CMAKE_PREFIX_PATH} LD_LIBRARY_PATH=/home/common/colcon_ws/install/turtlebot3_msgs/lib:${LD_LIBRARY_PATH} PYTHONPATH=/home/common/colcon_ws/install/turtlebot3_msgs/lib/python3.6/site-packages:${PYTHONPATH} /usr/bin/cmake --build /home/common/colcon_ws/build/doublenode -- -j8 -l8
[1.690s] [ 60%] Built target doublenode
[1.691s] [100%] Built target double_odom
[1.938s] Invoked command in '/home/common/colcon_ws/build/doublenode' returned '0': AMENT_PREFIX_PATH=/home/common/colcon_ws/install/turtlebot3_msgs:${AMENT_PREFIX_PATH} CMAKE_PREFIX_PATH=/home/common/colcon_ws/install/turtlebot3_msgs:/opt/ros/dashing:${CMAKE_PREFIX_PATH} LD_LIBRARY_PATH=/home/common/colcon_ws/install/turtlebot3_msgs/lib:${LD_LIBRARY_PATH} PYTHONPATH=/home/common/colcon_ws/install/turtlebot3_msgs/lib/python3.6/site-packages:${PYTHONPATH} /usr/bin/cmake --build /home/common/colcon_ws/build/doublenode -- -j8 -l8
[2.527s] Invoking command in '/home/common/colcon_ws/build/doublenode': AMENT_PREFIX_PATH=/home/common/colcon_ws/install/turtlebot3_msgs:${AMENT_PREFIX_PATH} CMAKE_PREFIX_PATH=/home/common/colcon_ws/install/turtlebot3_msgs:/opt/ros/dashing:${CMAKE_PREFIX_PATH} LD_LIBRARY_PATH=/home/common/colcon_ws/install/turtlebot3_msgs/lib:${LD_LIBRARY_PATH} PYTHONPATH=/home/common/colcon_ws/install/turtlebot3_msgs/lib/python3.6/site-packages:${PYTHONPATH} /usr/bin/cmake --build /home/common/colcon_ws/build/doublenode --target install -- -j8 -l8
[2.601s] [ 60%] Built target doublenode
[2.643s] [100%] Built target double_odom
[2.672s] [36mInstall the project...[0m
[2.686s] -- Install configuration: ""
[2.687s] -- Execute custom install script
[2.688s] -- Up-to-date symlink: /home/common/colcon_ws/install/doublenode/lib/doublenode/double_odom
[2.688s] -- Up-to-date symlink: /home/common/colcon_ws/install/doublenode/share/ament_index/resource_index/package_run_dependencies/doublenode
[2.688s] -- Up-to-date symlink: /home/common/colcon_ws/install/doublenode/share/ament_index/resource_index/parent_prefix_path/doublenode
[2.689s] -- Up-to-date symlink: /home/common/colcon_ws/install/doublenode/share/doublenode/environment/ament_prefix_path.sh
[2.689s] -- Up-to-date symlink: /home/common/colcon_ws/install/doublenode/share/doublenode/environment/path.sh
[2.690s] -- Up-to-date symlink: /home/common/colcon_ws/install/doublenode/share/doublenode/local_setup.bash
[2.690s] -- Up-to-date symlink: /home/common/colcon_ws/install/doublenode/share/doublenode/local_setup.sh
[2.690s] -- Up-to-date symlink: /home/common/colcon_ws/install/doublenode/share/doublenode/local_setup.zsh
[2.691s] -- Up-to-date symlink: /home/common/colcon_ws/install/doublenode/share/ament_index/resource_index/packages/doublenode
[2.691s] -- Up-to-date symlink: /home/common/colcon_ws/install/doublenode/share/doublenode/cmake/ament_cmake_export_dependencies-extras.cmake
[2.692s] -- Up-to-date symlink: /home/common/colcon_ws/install/doublenode/share/doublenode/cmake/doublenodeConfig.cmake
[2.692s] -- Up-to-date symlink: /home/common/colcon_ws/install/doublenode/share/doublenode/cmake/doublenodeConfig-version.cmake
[2.692s] -- Up-to-date symlink: /home/common/colcon_ws/install/doublenode/share/doublenode/package.xml
[2.698s] Invoked command in '/home/common/colcon_ws/build/doublenode' returned '0': AMENT_PREFIX_PATH=/home/common/colcon_ws/install/turtlebot3_msgs:${AMENT_PREFIX_PATH} CMAKE_PREFIX_PATH=/home/common/colcon_ws/install/turtlebot3_msgs:/opt/ros/dashing:${CMAKE_PREFIX_PATH} LD_LIBRARY_PATH=/home/common/colcon_ws/install/turtlebot3_msgs/lib:${LD_LIBRARY_PATH} PYTHONPATH=/home/common/colcon_ws/install/turtlebot3_msgs/lib/python3.6/site-packages:${PYTHONPATH} /usr/bin/cmake --build /home/common/colcon_ws/build/doublenode --target install -- -j8 -l8
