[0.385s] -- Found ament_cmake: 0.7.4 (/opt/ros/dashing/share/ament_cmake/cmake)
[0.431s] -- Found PythonInterp: /usr/bin/python3 (found suitable version "3.6.9", minimum required is "3") 
[0.432s] -- Using PYTHON_EXECUTABLE: /usr/bin/python3
[0.626s] -- Found rclcpp: 0.7.12 (/opt/ros/dashing/share/rclcpp/cmake)
[0.636s] -- Found rosidl_adapter: 0.7.8 (/opt/ros/dashing/share/rosidl_adapter/cmake)
[0.660s] -- Found rmw_implementation_cmake: 0.7.2 (/opt/ros/dashing/share/rmw_implementation_cmake/cmake)
[0.668s] -- Using RMW implementation 'rmw_fastrtps_cpp' as default
[0.726s] -- Using CATKIN_DEVEL_PREFIX: /home/common/colcon_ws/build/tms_rc_smartpal_control/devel
[0.727s] -- Using CMAKE_PREFIX_PATH: /home/common/colcon_ws/install/turtlebot3_bringup;/home/common/colcon_ws/install/turtlebot3_node;/home/common/colcon_ws/install/turtlebot3_navigation2;/home/common/colcon_ws/install/turtlebot3_fake_node;/home/common/colcon_ws/install/turtlebot3_msgs;/home/common/colcon_ws/install/turtlebot3_gazebo;/home/common/colcon_ws/install/turtlebot3_description;/home/common/colcon_ws/install/turtlebot3_cartographer;/home/common/colcon_ws/install/tms_rc_bot;/home/common/colcon_ws/install/tms_nw_rp;/home/common/colcon_ws/install/tms_msg_ss;/home/common/colcon_ws/install/tms_msg_rc;/home/common/colcon_ws/install/tms_msg_db;/home/common/colcon_ws/install/object_recognition_msgs;/home/common/colcon_ws/install/hls_lfcd_lds_driver;/home/common/colcon_ws/install/examples_rclcpp_minimal_timer;/home/common/colcon_ws/install/examples_rclcpp_minimal_subscriber;/home/common/colcon_ws/install/examples_rclcpp_minimal_service;/home/common/colcon_ws/install/examples_rclcpp_minimal_publisher;/home/common/colcon_ws/install/examples_rclcpp_minimal_composition;/home/common/colcon_ws/install/examples_rclcpp_minimal_client;/home/common/colcon_ws/install/examples_rclcpp_minimal_action_server;/home/common/colcon_ws/install/examples_rclcpp_minimal_action_client;/home/common/colcon_ws/install/dynamixel_sdk;/opt/ros/melodic
[0.727s] -- This workspace overlays: /opt/ros/melodic
[0.803s] -- Using PYTHON_EXECUTABLE: /usr/bin/python3
[0.803s] -- Using Debian Python package layout
[0.803s] -- Using empy: /usr/bin/empy
[1.085s] -- Using CATKIN_ENABLE_TESTING: ON
[1.085s] -- Call enable_testing()
[1.086s] -- Using CATKIN_TEST_RESULTS_DIR: /home/common/colcon_ws/build/tms_rc_smartpal_control/test_results
[1.122s] -- Found gtest sources under '/usr/src/googletest': gtests will be built
[1.123s] -- Found gmock sources under '/usr/src/googletest': gmock will be built
[1.194s] -- Found PythonInterp: /usr/bin/python3 (found version "3.6.9") 
[1.204s] -- Using Python nosetests: /usr/bin/nosetests
[1.316s] -- catkin 0.7.19
[1.316s] -- BUILD_SHARED_LIBS is on
[1.560s] Traceback (most recent call last):
[1.560s]   File "/home/common/colcon_ws/build/tms_rc_smartpal_control/catkin_generated/generate_cached_setup.py", line 22, in <module>
[1.561s]     code = generate_environment_script('/home/common/colcon_ws/build/tms_rc_smartpal_control/devel/env.sh')
[1.561s]   File "/opt/ros/melodic/lib/python2.7/dist-packages/catkin/environment_cache.py", line 62, in generate_environment_script
[1.561s]     env_after = ast.literal_eval(output.decode('utf8'))
[1.561s]   File "/usr/lib/python3.6/ast.py", line 48, in literal_eval
[1.561s]     node_or_string = parse(node_or_string, mode='eval')
[1.561s]   File "/usr/lib/python3.6/ast.py", line 35, in parse
[1.561s]     return compile(source, filename, mode, PyCF_ONLY_AST)
[1.561s]   File "<unknown>", line 1
[1.562s]     ROS_DISTRO was set to 'dashing' before. Please make sure that the environment does not mix paths from different distributions.
[1.562s]                  ^
[1.562s] SyntaxError: invalid syntax
[1.570s] CMake Error at /opt/ros/melodic/share/catkin/cmake/safe_execute_process.cmake:11 (message):
[1.571s]   execute_process(/usr/bin/python3
[1.571s]   "/home/common/colcon_ws/build/tms_rc_smartpal_control/catkin_generated/generate_cached_setup.py")
[1.571s]   returned error code 1
[1.571s] Call Stack (most recent call first):
[1.571s]   /opt/ros/melodic/share/catkin/cmake/all.cmake:208 (safe_execute_process)
[1.571s]   /opt/ros/melodic/share/catkin/cmake/catkinConfig.cmake:20 (include)
[1.571s]   /opt/ros/melodic/share/genmsg/cmake/genmsg-extras.cmake:9 (find_package)
[1.571s]   /opt/ros/melodic/share/genmsg/cmake/genmsgConfig.cmake:222 (include)
[1.572s]   /opt/ros/melodic/share/actionlib_msgs/cmake/actionlib_msgs-extras.cmake:2 (find_package)
[1.572s]   /opt/ros/melodic/share/actionlib_msgs/cmake/actionlib_msgsConfig.cmake:222 (include)
[1.572s]   /opt/ros/melodic/share/moveit_msgs/cmake/moveit_msgsConfig.cmake:197 (find_package)
[1.572s]   CMakeLists.txt:19 (find_package)
[1.572s] 
[1.572s] 
[1.572s] -- Configuring incomplete, errors occurred!
[1.572s] See also "/home/common/colcon_ws/build/tms_rc_smartpal_control/CMakeFiles/CMakeOutput.log".
[1.573s] See also "/home/common/colcon_ws/build/tms_rc_smartpal_control/CMakeFiles/CMakeError.log".
