[0.060s] Invoking command in '/home/common/colcon_ws/build/turtlebot3_fake_node': AMENT_PREFIX_PATH=/home/common/colcon_ws/install/turtlebot3_msgs:${AMENT_PREFIX_PATH} CMAKE_PREFIX_PATH=/home/common/colcon_ws/install/turtlebot3_msgs:/opt/ros/dashing:${CMAKE_PREFIX_PATH} LD_LIBRARY_PATH=/home/common/colcon_ws/install/turtlebot3_msgs/lib:${LD_LIBRARY_PATH} PYTHONPATH=/home/common/colcon_ws/install/turtlebot3_msgs/lib/python3.6/site-packages:${PYTHONPATH} /usr/bin/cmake --build /home/common/colcon_ws/build/turtlebot3_fake_node -- -j8 -l8
[0.111s] [100%] Built target turtlebot3_fake_node
[0.141s] Invoked command in '/home/common/colcon_ws/build/turtlebot3_fake_node' returned '0': AMENT_PREFIX_PATH=/home/common/colcon_ws/install/turtlebot3_msgs:${AMENT_PREFIX_PATH} CMAKE_PREFIX_PATH=/home/common/colcon_ws/install/turtlebot3_msgs:/opt/ros/dashing:${CMAKE_PREFIX_PATH} LD_LIBRARY_PATH=/home/common/colcon_ws/install/turtlebot3_msgs/lib:${LD_LIBRARY_PATH} PYTHONPATH=/home/common/colcon_ws/install/turtlebot3_msgs/lib/python3.6/site-packages:${PYTHONPATH} /usr/bin/cmake --build /home/common/colcon_ws/build/turtlebot3_fake_node -- -j8 -l8
[0.218s] Invoking command in '/home/common/colcon_ws/build/turtlebot3_fake_node': AMENT_PREFIX_PATH=/home/common/colcon_ws/install/turtlebot3_msgs:${AMENT_PREFIX_PATH} CMAKE_PREFIX_PATH=/home/common/colcon_ws/install/turtlebot3_msgs:/opt/ros/dashing:${CMAKE_PREFIX_PATH} LD_LIBRARY_PATH=/home/common/colcon_ws/install/turtlebot3_msgs/lib:${LD_LIBRARY_PATH} PYTHONPATH=/home/common/colcon_ws/install/turtlebot3_msgs/lib/python3.6/site-packages:${PYTHONPATH} /usr/bin/cmake --build /home/common/colcon_ws/build/turtlebot3_fake_node --target install -- -j8 -l8
[0.309s] [100%] Built target turtlebot3_fake_node
[0.341s] [36mInstall the project...[0m
[0.357s] -- Install configuration: ""
[0.357s] -- Execute custom install script
[0.357s] -- Up-to-date symlink: /home/common/colcon_ws/install/turtlebot3_fake_node/lib/turtlebot3_fake_node/turtlebot3_fake_node
[0.357s] -- Up-to-date symlink: /home/common/colcon_ws/install/turtlebot3_fake_node/share/turtlebot3_fake_node/launch/rviz2.launch.py
[0.358s] -- Up-to-date symlink: /home/common/colcon_ws/install/turtlebot3_fake_node/share/turtlebot3_fake_node/launch/turtlebot3_fake_node.launch.py
[0.358s] -- Up-to-date symlink: /home/common/colcon_ws/install/turtlebot3_fake_node/share/turtlebot3_fake_node/param/burger.yaml
[0.358s] -- Up-to-date symlink: /home/common/colcon_ws/install/turtlebot3_fake_node/share/turtlebot3_fake_node/param/waffle.yaml
[0.358s] -- Up-to-date symlink: /home/common/colcon_ws/install/turtlebot3_fake_node/share/turtlebot3_fake_node/param/waffle_pi.yaml
[0.358s] -- Up-to-date symlink: /home/common/colcon_ws/install/turtlebot3_fake_node/share/turtlebot3_fake_node/rviz/model.rviz
[0.358s] -- Up-to-date symlink: /home/common/colcon_ws/install/turtlebot3_fake_node/include//turtlebot3_fake_node/turtlebot3_fake_node.hpp
[0.359s] -- Up-to-date symlink: /home/common/colcon_ws/install/turtlebot3_fake_node/share/ament_index/resource_index/package_run_dependencies/turtlebot3_fake_node
[0.359s] -- Up-to-date symlink: /home/common/colcon_ws/install/turtlebot3_fake_node/share/ament_index/resource_index/parent_prefix_path/turtlebot3_fake_node
[0.359s] -- Up-to-date symlink: /home/common/colcon_ws/install/turtlebot3_fake_node/share/turtlebot3_fake_node/environment/ament_prefix_path.sh
[0.360s] -- Up-to-date symlink: /home/common/colcon_ws/install/turtlebot3_fake_node/share/turtlebot3_fake_node/environment/path.sh
[0.360s] -- Up-to-date symlink: /home/common/colcon_ws/install/turtlebot3_fake_node/share/turtlebot3_fake_node/local_setup.bash
[0.361s] -- Up-to-date symlink: /home/common/colcon_ws/install/turtlebot3_fake_node/share/turtlebot3_fake_node/local_setup.sh
[0.361s] -- Up-to-date symlink: /home/common/colcon_ws/install/turtlebot3_fake_node/share/turtlebot3_fake_node/local_setup.zsh
[0.362s] -- Up-to-date symlink: /home/common/colcon_ws/install/turtlebot3_fake_node/share/ament_index/resource_index/packages/turtlebot3_fake_node
[0.363s] -- Up-to-date symlink: /home/common/colcon_ws/install/turtlebot3_fake_node/share/turtlebot3_fake_node/cmake/ament_cmake_export_include_directories-extras.cmake
[0.363s] -- Up-to-date symlink: /home/common/colcon_ws/install/turtlebot3_fake_node/share/turtlebot3_fake_node/cmake/ament_cmake_export_dependencies-extras.cmake
[0.363s] -- Up-to-date symlink: /home/common/colcon_ws/install/turtlebot3_fake_node/share/turtlebot3_fake_node/cmake/turtlebot3_fake_nodeConfig.cmake
[0.363s] -- Up-to-date symlink: /home/common/colcon_ws/install/turtlebot3_fake_node/share/turtlebot3_fake_node/cmake/turtlebot3_fake_nodeConfig-version.cmake
[0.364s] -- Up-to-date symlink: /home/common/colcon_ws/install/turtlebot3_fake_node/share/turtlebot3_fake_node/package.xml
[0.370s] Invoked command in '/home/common/colcon_ws/build/turtlebot3_fake_node' returned '0': AMENT_PREFIX_PATH=/home/common/colcon_ws/install/turtlebot3_msgs:${AMENT_PREFIX_PATH} CMAKE_PREFIX_PATH=/home/common/colcon_ws/install/turtlebot3_msgs:/opt/ros/dashing:${CMAKE_PREFIX_PATH} LD_LIBRARY_PATH=/home/common/colcon_ws/install/turtlebot3_msgs/lib:${LD_LIBRARY_PATH} PYTHONPATH=/home/common/colcon_ws/install/turtlebot3_msgs/lib/python3.6/site-packages:${PYTHONPATH} /usr/bin/cmake --build /home/common/colcon_ws/build/turtlebot3_fake_node --target install -- -j8 -l8
