[0.146s] [  1%] Built target tms_msg_ur__cpp
[0.160s] [ 13%] Built target tms_msg_ur__rosidl_generator_c
[0.203s] [ 24%] Built target tms_msg_ur__rosidl_typesupport_introspection_cpp
[0.204s] [ 35%] Built target tms_msg_ur__rosidl_typesupport_fastrtps_cpp
[0.210s] [ 47%] Built target tms_msg_ur__rosidl_typesupport_introspection_c
[0.268s] [ 58%] Built target tms_msg_ur__rosidl_typesupport_fastrtps_c
[0.274s] [ 69%] Built target tms_msg_ur__rosidl_typesupport_cpp
[0.310s] [ 81%] Built target tms_msg_ur__rosidl_typesupport_c
[0.345s] [ 81%] Built target tms_msg_ur
[0.381s] [ 83%] Built target tms_msg_ur__py
[0.430s] [ 92%] Built target tms_msg_ur__python
[0.463s] [ 96%] Built target tms_msg_ur__rosidl_typesupport_fastrtps_c__pyext
[0.468s] [100%] Built target tms_msg_ur__rosidl_typesupport_c__pyext
[1.536s] [  1%] Built target tms_msg_ur__cpp
[1.536s] [ 13%] Built target tms_msg_ur__rosidl_generator_c
[1.536s] [ 24%] Built target tms_msg_ur__rosidl_typesupport_introspection_cpp
[1.537s] [ 35%] Built target tms_msg_ur__rosidl_typesupport_fastrtps_cpp
[1.537s] [ 47%] Built target tms_msg_ur__rosidl_typesupport_introspection_c
[1.538s] [ 58%] Built target tms_msg_ur__rosidl_typesupport_fastrtps_c
[1.538s] [ 69%] Built target tms_msg_ur__rosidl_typesupport_cpp
[1.539s] [ 81%] Built target tms_msg_ur__rosidl_typesupport_c
[1.539s] [ 81%] Built target tms_msg_ur
[1.539s] [ 83%] Built target tms_msg_ur__py
[1.541s] [ 92%] Built target tms_msg_ur__python
[1.541s] [ 96%] Built target tms_msg_ur__rosidl_typesupport_fastrtps_c__pyext
[1.542s] [100%] Built target tms_msg_ur__rosidl_typesupport_c__pyext
[1.542s] [36mInstall the project...[0m
[1.546s] -- Install configuration: ""
[1.553s] -- Execute custom install script
[1.554s] -- Up-to-date symlink: /home/common/colcon_ws/install/tms_msg_ur/share/ament_index/resource_index/rosidl_interfaces/tms_msg_ur
[1.554s] -- Up-to-date symlink: /home/common/colcon_ws/install/tms_msg_ur/include/tms_msg_ur/msg/julius_msg.hpp
[1.554s] -- Up-to-date symlink: /home/common/colcon_ws/install/tms_msg_ur/include/tms_msg_ur/msg/julius_msg__struct.hpp
[1.554s] -- Up-to-date symlink: /home/common/colcon_ws/install/tms_msg_ur/include/tms_msg_ur/msg/julius_msg__traits.hpp
[1.554s] -- Up-to-date symlink: /home/common/colcon_ws/install/tms_msg_ur/include/tms_msg_ur/srv/g_speech_srv.hpp
[1.554s] -- Up-to-date symlink: /home/common/colcon_ws/install/tms_msg_ur/include/tms_msg_ur/srv/g_speech_srv__struct.hpp
[1.555s] -- Up-to-date symlink: /home/common/colcon_ws/install/tms_msg_ur/include/tms_msg_ur/srv/g_speech_srv__traits.hpp
[1.555s] -- Up-to-date symlink: /home/common/colcon_ws/install/tms_msg_ur/include/tms_msg_ur/srv/slack_srv.hpp
[1.555s] -- Up-to-date symlink: /home/common/colcon_ws/install/tms_msg_ur/include/tms_msg_ur/srv/slack_srv__struct.hpp
[1.555s] -- Up-to-date symlink: /home/common/colcon_ws/install/tms_msg_ur/include/tms_msg_ur/srv/slack_srv__traits.hpp
[1.555s] -- Up-to-date symlink: /home/common/colcon_ws/install/tms_msg_ur/include/tms_msg_ur/srv/speaker_srv.hpp
[1.555s] -- Up-to-date symlink: /home/common/colcon_ws/install/tms_msg_ur/include/tms_msg_ur/srv/speaker_srv__struct.hpp
[1.556s] -- Up-to-date symlink: /home/common/colcon_ws/install/tms_msg_ur/include/tms_msg_ur/srv/speaker_srv__traits.hpp
[1.556s] -- Up-to-date symlink: /home/common/colcon_ws/install/tms_msg_ur/include/tms_msg_ur/msg/julius_msg.h
[1.556s] -- Up-to-date symlink: /home/common/colcon_ws/install/tms_msg_ur/include/tms_msg_ur/msg/julius_msg__functions.h
[1.556s] -- Up-to-date symlink: /home/common/colcon_ws/install/tms_msg_ur/include/tms_msg_ur/msg/julius_msg__struct.h
[1.556s] -- Up-to-date symlink: /home/common/colcon_ws/install/tms_msg_ur/include/tms_msg_ur/msg/julius_msg__type_support.h
[1.557s] -- Up-to-date symlink: /home/common/colcon_ws/install/tms_msg_ur/include/tms_msg_ur/msg/rosidl_generator_c__visibility_control.h
[1.557s] -- Up-to-date symlink: /home/common/colcon_ws/install/tms_msg_ur/include/tms_msg_ur/srv/g_speech_srv.h
[1.557s] -- Up-to-date symlink: /home/common/colcon_ws/install/tms_msg_ur/include/tms_msg_ur/srv/g_speech_srv__functions.h
[1.557s] -- Up-to-date symlink: /home/common/colcon_ws/install/tms_msg_ur/include/tms_msg_ur/srv/g_speech_srv__struct.h
[1.557s] -- Up-to-date symlink: /home/common/colcon_ws/install/tms_msg_ur/include/tms_msg_ur/srv/g_speech_srv__type_support.h
[1.557s] -- Up-to-date symlink: /home/common/colcon_ws/install/tms_msg_ur/include/tms_msg_ur/srv/slack_srv.h
[1.558s] -- Up-to-date symlink: /home/common/colcon_ws/install/tms_msg_ur/include/tms_msg_ur/srv/slack_srv__functions.h
[1.558s] -- Up-to-date symlink: /home/common/colcon_ws/install/tms_msg_ur/include/tms_msg_ur/srv/slack_srv__struct.h
[1.558s] -- Up-to-date symlink: /home/common/colcon_ws/install/tms_msg_ur/include/tms_msg_ur/srv/slack_srv__type_support.h
[1.558s] -- Up-to-date symlink: /home/common/colcon_ws/install/tms_msg_ur/include/tms_msg_ur/srv/speaker_srv.h
[1.558s] -- Up-to-date symlink: /home/common/colcon_ws/install/tms_msg_ur/include/tms_msg_ur/srv/speaker_srv__functions.h
[1.558s] -- Up-to-date symlink: /home/common/colcon_ws/install/tms_msg_ur/include/tms_msg_ur/srv/speaker_srv__struct.h
[1.559s] -- Up-to-date symlink: /home/common/colcon_ws/install/tms_msg_ur/include/tms_msg_ur/srv/speaker_srv__type_support.h
[1.559s] -- Up-to-date symlink: /home/common/colcon_ws/install/tms_msg_ur/share/tms_msg_ur/environment/library_path.sh
[1.559s] -- Up-to-date symlink: /home/common/colcon_ws/install/tms_msg_ur/lib/libtms_msg_ur__rosidl_generator_c.so
[1.559s] -- Up-to-date symlink: /home/common/colcon_ws/install/tms_msg_ur/lib/libtms_msg_ur__rosidl_typesupport_c.so
[1.559s] -- Up-to-date symlink: /home/common/colcon_ws/install/tms_msg_ur/lib/libtms_msg_ur__rosidl_typesupport_cpp.so
[1.559s] -- Up-to-date symlink: /home/common/colcon_ws/install/tms_msg_ur/include/tms_msg_ur/msg/julius_msg__rosidl_typesupport_introspection_c.h
[1.560s] -- Up-to-date symlink: /home/common/colcon_ws/install/tms_msg_ur/include/tms_msg_ur/msg/rosidl_typesupport_introspection_c__visibility_control.h
[1.560s] -- Up-to-date symlink: /home/common/colcon_ws/install/tms_msg_ur/include/tms_msg_ur/srv/g_speech_srv__rosidl_typesupport_introspection_c.h
[1.560s] -- Up-to-date symlink: /home/common/colcon_ws/install/tms_msg_ur/include/tms_msg_ur/srv/slack_srv__rosidl_typesupport_introspection_c.h
[1.560s] -- Up-to-date symlink: /home/common/colcon_ws/install/tms_msg_ur/include/tms_msg_ur/srv/speaker_srv__rosidl_typesupport_introspection_c.h
[1.560s] -- Up-to-date symlink: /home/common/colcon_ws/install/tms_msg_ur/lib/libtms_msg_ur__rosidl_typesupport_introspection_c.so
[1.560s] -- Up-to-date symlink: /home/common/colcon_ws/install/tms_msg_ur/include/tms_msg_ur/msg/julius_msg__rosidl_typesupport_introspection_cpp.hpp
[1.561s] -- Up-to-date symlink: /home/common/colcon_ws/install/tms_msg_ur/include/tms_msg_ur/srv/g_speech_srv__rosidl_typesupport_introspection_cpp.hpp
[1.561s] -- Up-to-date symlink: /home/common/colcon_ws/install/tms_msg_ur/include/tms_msg_ur/srv/slack_srv__rosidl_typesupport_introspection_cpp.hpp
[1.561s] -- Up-to-date symlink: /home/common/colcon_ws/install/tms_msg_ur/include/tms_msg_ur/srv/speaker_srv__rosidl_typesupport_introspection_cpp.hpp
[1.561s] -- Up-to-date symlink: /home/common/colcon_ws/install/tms_msg_ur/lib/libtms_msg_ur__rosidl_typesupport_introspection_cpp.so
[1.561s] -- Up-to-date symlink: /home/common/colcon_ws/install/tms_msg_ur/include/tms_msg_ur/msg/julius_msg__rosidl_typesupport_fastrtps_c.h
[1.561s] -- Up-to-date symlink: /home/common/colcon_ws/install/tms_msg_ur/include/tms_msg_ur/msg/rosidl_typesupport_fastrtps_c__visibility_control.h
[1.562s] -- Up-to-date symlink: /home/common/colcon_ws/install/tms_msg_ur/include/tms_msg_ur/srv/g_speech_srv__rosidl_typesupport_fastrtps_c.h
[1.562s] -- Up-to-date symlink: /home/common/colcon_ws/install/tms_msg_ur/include/tms_msg_ur/srv/slack_srv__rosidl_typesupport_fastrtps_c.h
[1.562s] -- Up-to-date symlink: /home/common/colcon_ws/install/tms_msg_ur/include/tms_msg_ur/srv/speaker_srv__rosidl_typesupport_fastrtps_c.h
[1.562s] -- Up-to-date symlink: /home/common/colcon_ws/install/tms_msg_ur/lib/libtms_msg_ur__rosidl_typesupport_fastrtps_c.so
[1.562s] -- Up-to-date symlink: /home/common/colcon_ws/install/tms_msg_ur/include/tms_msg_ur/msg/julius_msg__rosidl_typesupport_fastrtps_cpp.hpp
[1.562s] -- Up-to-date symlink: /home/common/colcon_ws/install/tms_msg_ur/include/tms_msg_ur/msg/rosidl_typesupport_fastrtps_cpp__visibility_control.h
[1.563s] -- Up-to-date symlink: /home/common/colcon_ws/install/tms_msg_ur/include/tms_msg_ur/srv/g_speech_srv__rosidl_typesupport_fastrtps_cpp.hpp
[1.563s] -- Up-to-date symlink: /home/common/colcon_ws/install/tms_msg_ur/include/tms_msg_ur/srv/slack_srv__rosidl_typesupport_fastrtps_cpp.hpp
[1.563s] -- Up-to-date symlink: /home/common/colcon_ws/install/tms_msg_ur/include/tms_msg_ur/srv/speaker_srv__rosidl_typesupport_fastrtps_cpp.hpp
[1.563s] -- Up-to-date symlink: /home/common/colcon_ws/install/tms_msg_ur/lib/libtms_msg_ur__rosidl_typesupport_fastrtps_cpp.so
[1.563s] -- Up-to-date symlink: /home/common/colcon_ws/install/tms_msg_ur/share/tms_msg_ur/environment/pythonpath.sh
[1.563s] -- Up-to-date symlink: /home/common/colcon_ws/install/tms_msg_ur/lib/python3.6/site-packages/tms_msg_ur/__init__.py
[1.564s] -- Up-to-date symlink: /home/common/colcon_ws/install/tms_msg_ur/lib/python3.6/site-packages/tms_msg_ur/msg/__init__.py
[1.564s] -- Up-to-date symlink: /home/common/colcon_ws/install/tms_msg_ur/lib/python3.6/site-packages/tms_msg_ur/msg/_julius_msg.py
[1.564s] -- Up-to-date symlink: /home/common/colcon_ws/install/tms_msg_ur/lib/python3.6/site-packages/tms_msg_ur/srv/__init__.py
[1.564s] -- Up-to-date symlink: /home/common/colcon_ws/install/tms_msg_ur/lib/python3.6/site-packages/tms_msg_ur/srv/_g_speech_srv.py
[1.564s] -- Up-to-date symlink: /home/common/colcon_ws/install/tms_msg_ur/lib/python3.6/site-packages/tms_msg_ur/srv/_slack_srv.py
[1.564s] -- Up-to-date symlink: /home/common/colcon_ws/install/tms_msg_ur/lib/python3.6/site-packages/tms_msg_ur/srv/_speaker_srv.py
[1.565s] -- Up-to-date symlink: /home/common/colcon_ws/install/tms_msg_ur/lib/python3.6/site-packages/tms_msg_ur/tms_msg_ur_s__rosidl_typesupport_c.cpython-36m-x86_64-linux-gnu.so
[1.565s] -- Up-to-date symlink: /home/common/colcon_ws/install/tms_msg_ur/lib/python3.6/site-packages/tms_msg_ur/tms_msg_ur_s__rosidl_typesupport_fastrtps_c.cpython-36m-x86_64-linux-gnu.so
[1.565s] -- Up-to-date symlink: /home/common/colcon_ws/install/tms_msg_ur/lib/libtms_msg_ur__python.so
[1.565s] -- Up-to-date symlink: /home/common/colcon_ws/install/tms_msg_ur/share/tms_msg_ur/msg/JuliusMsg.idl
[1.565s] -- Up-to-date symlink: /home/common/colcon_ws/install/tms_msg_ur/share/tms_msg_ur/srv/GSpeechSrv.idl
[1.565s] -- Up-to-date symlink: /home/common/colcon_ws/install/tms_msg_ur/share/tms_msg_ur/srv/SlackSrv.idl
[1.566s] -- Up-to-date symlink: /home/common/colcon_ws/install/tms_msg_ur/share/tms_msg_ur/srv/SpeakerSrv.idl
[1.566s] -- Up-to-date symlink: /home/common/colcon_ws/install/tms_msg_ur/share/tms_msg_ur/msg/JuliusMsg.msg
[1.566s] -- Up-to-date symlink: /home/common/colcon_ws/install/tms_msg_ur/share/tms_msg_ur/srv/GSpeechSrv.srv
[1.566s] -- Up-to-date symlink: /home/common/colcon_ws/install/tms_msg_ur/share/tms_msg_ur/srv/GSpeechSrv_Request.msg
[1.566s] -- Up-to-date symlink: /home/common/colcon_ws/install/tms_msg_ur/share/tms_msg_ur/srv/GSpeechSrv_Response.msg
[1.566s] -- Up-to-date symlink: /home/common/colcon_ws/install/tms_msg_ur/share/tms_msg_ur/srv/SlackSrv.srv
[1.567s] -- Up-to-date symlink: /home/common/colcon_ws/install/tms_msg_ur/share/tms_msg_ur/srv/SlackSrv_Request.msg
[1.567s] -- Up-to-date symlink: /home/common/colcon_ws/install/tms_msg_ur/share/tms_msg_ur/srv/SlackSrv_Response.msg
[1.567s] -- Up-to-date symlink: /home/common/colcon_ws/install/tms_msg_ur/share/tms_msg_ur/srv/SpeakerSrv.srv
[1.567s] -- Up-to-date symlink: /home/common/colcon_ws/install/tms_msg_ur/share/tms_msg_ur/srv/SpeakerSrv_Request.msg
[1.567s] -- Up-to-date symlink: /home/common/colcon_ws/install/tms_msg_ur/share/tms_msg_ur/srv/SpeakerSrv_Response.msg
[1.567s] -- Up-to-date symlink: /home/common/colcon_ws/install/tms_msg_ur/share/ament_index/resource_index/package_run_dependencies/tms_msg_ur
[1.568s] -- Up-to-date symlink: /home/common/colcon_ws/install/tms_msg_ur/share/ament_index/resource_index/parent_prefix_path/tms_msg_ur
[1.586s] -- Up-to-date symlink: /home/common/colcon_ws/install/tms_msg_ur/share/tms_msg_ur/environment/ament_prefix_path.sh
[1.593s] -- Up-to-date symlink: /home/common/colcon_ws/install/tms_msg_ur/share/tms_msg_ur/environment/path.sh
[1.593s] -- Up-to-date symlink: /home/common/colcon_ws/install/tms_msg_ur/share/tms_msg_ur/local_setup.bash
[1.593s] -- Up-to-date symlink: /home/common/colcon_ws/install/tms_msg_ur/share/tms_msg_ur/local_setup.sh
[1.594s] -- Up-to-date symlink: /home/common/colcon_ws/install/tms_msg_ur/share/tms_msg_ur/local_setup.zsh
[1.594s] -- Up-to-date symlink: /home/common/colcon_ws/install/tms_msg_ur/share/ament_index/resource_index/packages/tms_msg_ur
[1.595s] -- Up-to-date symlink: /home/common/colcon_ws/install/tms_msg_ur/share/tms_msg_ur/cmake/rosidl_cmake-extras.cmake
[1.596s] -- Up-to-date symlink: /home/common/colcon_ws/install/tms_msg_ur/share/tms_msg_ur/cmake/ament_cmake_export_dependencies-extras.cmake
[1.596s] -- Up-to-date symlink: /home/common/colcon_ws/install/tms_msg_ur/share/tms_msg_ur/cmake/ament_cmake_export_include_directories-extras.cmake
[1.596s] -- Up-to-date symlink: /home/common/colcon_ws/install/tms_msg_ur/share/tms_msg_ur/cmake/ament_cmake_export_libraries-extras.cmake
[1.596s] -- Up-to-date symlink: /home/common/colcon_ws/install/tms_msg_ur/share/tms_msg_ur/cmake/tms_msg_urConfig.cmake
[1.596s] -- Up-to-date symlink: /home/common/colcon_ws/install/tms_msg_ur/share/tms_msg_ur/cmake/tms_msg_urConfig-version.cmake
[1.596s] -- Up-to-date symlink: /home/common/colcon_ws/install/tms_msg_ur/share/tms_msg_ur/package.xml
