[0.180s] [ 11%] Built target object_recognition_msgs__rosidl_generator_c
[0.189s] [ 12%] Built target object_recognition_msgs__cpp
[0.250s] [ 24%] Built target object_recognition_msgs__rosidl_typesupport_fastrtps_cpp
[0.258s] [ 36%] Built target object_recognition_msgs__rosidl_typesupport_introspection_c
[0.265s] [ 48%] Built target object_recognition_msgs__rosidl_typesupport_introspection_cpp
[0.333s] [ 60%] Built target object_recognition_msgs__rosidl_typesupport_fastrtps_c
[0.334s] [ 71%] Built target object_recognition_msgs__rosidl_typesupport_cpp
[0.380s] [ 83%] Built target object_recognition_msgs__rosidl_typesupport_c
[0.412s] [ 83%] Built target object_recognition_msgs
[0.447s] [ 84%] Built target object_recognition_msgs__py
[0.494s] [ 95%] Built target object_recognition_msgs__python
[0.532s] [ 97%] Built target object_recognition_msgs__rosidl_typesupport_fastrtps_c__pyext
[0.537s] [100%] Built target object_recognition_msgs__rosidl_typesupport_c__pyext
[1.124s] [  1%] Built target object_recognition_msgs__cpp
[1.139s] [ 12%] Built target object_recognition_msgs__rosidl_generator_c
[1.224s] [ 24%] Built target object_recognition_msgs__rosidl_typesupport_introspection_cpp
[1.232s] [ 36%] Built target object_recognition_msgs__rosidl_typesupport_fastrtps_cpp
[1.249s] [ 48%] Built target object_recognition_msgs__rosidl_typesupport_introspection_c
[1.313s] [ 60%] Built target object_recognition_msgs__rosidl_typesupport_cpp
[1.325s] [ 71%] Built target object_recognition_msgs__rosidl_typesupport_fastrtps_c
[1.394s] [ 83%] Built target object_recognition_msgs__rosidl_typesupport_c
[1.444s] [ 83%] Built target object_recognition_msgs
[1.491s] [ 84%] Built target object_recognition_msgs__py
[1.577s] [ 95%] Built target object_recognition_msgs__python
[1.646s] [ 97%] Built target object_recognition_msgs__rosidl_typesupport_c__pyext
[1.647s] [100%] Built target object_recognition_msgs__rosidl_typesupport_fastrtps_c__pyext
[1.696s] [36mInstall the project...[0m
[1.712s] -- Install configuration: ""
[1.713s] -- Execute custom install script
[1.713s] -- Up-to-date symlink: /home/common/colcon_ws/install/object_recognition_msgs/share/ament_index/resource_index/rosidl_interfaces/object_recognition_msgs
[1.714s] -- Up-to-date symlink: /home/common/colcon_ws/install/object_recognition_msgs/lib/libobject_recognition_msgs__rosidl_typesupport_c.so
[1.715s] -- Up-to-date symlink: /home/common/colcon_ws/install/object_recognition_msgs/share/object_recognition_msgs/environment/library_path.sh
[1.715s] -- Up-to-date symlink: /home/common/colcon_ws/install/object_recognition_msgs/lib/libobject_recognition_msgs__rosidl_typesupport_cpp.so
[1.717s] -- Up-to-date symlink: /home/common/colcon_ws/install/object_recognition_msgs/include/object_recognition_msgs/action/object_recognition__rosidl_typesupport_fastrtps_c.h
[1.717s] -- Up-to-date symlink: /home/common/colcon_ws/install/object_recognition_msgs/include/object_recognition_msgs/msg/object_information__rosidl_typesupport_fastrtps_c.h
[1.717s] -- Up-to-date symlink: /home/common/colcon_ws/install/object_recognition_msgs/include/object_recognition_msgs/msg/object_type__rosidl_typesupport_fastrtps_c.h
[1.717s] -- Up-to-date symlink: /home/common/colcon_ws/install/object_recognition_msgs/include/object_recognition_msgs/msg/recognized_object__rosidl_typesupport_fastrtps_c.h
[1.718s] -- Up-to-date symlink: /home/common/colcon_ws/install/object_recognition_msgs/include/object_recognition_msgs/msg/recognized_object_array__rosidl_typesupport_fastrtps_c.h
[1.718s] -- Up-to-date symlink: /home/common/colcon_ws/install/object_recognition_msgs/include/object_recognition_msgs/msg/rosidl_typesupport_fastrtps_c__visibility_control.h
[1.718s] -- Up-to-date symlink: /home/common/colcon_ws/install/object_recognition_msgs/include/object_recognition_msgs/msg/table__rosidl_typesupport_fastrtps_c.h
[1.719s] -- Up-to-date symlink: /home/common/colcon_ws/install/object_recognition_msgs/include/object_recognition_msgs/msg/table_array__rosidl_typesupport_fastrtps_c.h
[1.719s] -- Up-to-date symlink: /home/common/colcon_ws/install/object_recognition_msgs/include/object_recognition_msgs/srv/get_object_information__rosidl_typesupport_fastrtps_c.h
[1.720s] -- Up-to-date symlink: /home/common/colcon_ws/install/object_recognition_msgs/lib/libobject_recognition_msgs__rosidl_typesupport_fastrtps_c.so
[1.721s] -- Up-to-date symlink: /home/common/colcon_ws/install/object_recognition_msgs/include/object_recognition_msgs/action/object_recognition.h
[1.721s] -- Up-to-date symlink: /home/common/colcon_ws/install/object_recognition_msgs/include/object_recognition_msgs/action/object_recognition__functions.h
[1.721s] -- Up-to-date symlink: /home/common/colcon_ws/install/object_recognition_msgs/include/object_recognition_msgs/action/object_recognition__struct.h
[1.722s] -- Up-to-date symlink: /home/common/colcon_ws/install/object_recognition_msgs/include/object_recognition_msgs/action/object_recognition__type_support.h
[1.722s] -- Up-to-date symlink: /home/common/colcon_ws/install/object_recognition_msgs/include/object_recognition_msgs/msg/object_information.h
[1.722s] -- Up-to-date symlink: /home/common/colcon_ws/install/object_recognition_msgs/include/object_recognition_msgs/msg/object_information__functions.h
[1.722s] -- Up-to-date symlink: /home/common/colcon_ws/install/object_recognition_msgs/include/object_recognition_msgs/msg/object_information__struct.h
[1.723s] -- Up-to-date symlink: /home/common/colcon_ws/install/object_recognition_msgs/include/object_recognition_msgs/msg/object_information__type_support.h
[1.723s] -- Up-to-date symlink: /home/common/colcon_ws/install/object_recognition_msgs/include/object_recognition_msgs/msg/object_type.h
[1.723s] -- Up-to-date symlink: /home/common/colcon_ws/install/object_recognition_msgs/include/object_recognition_msgs/msg/object_type__functions.h
[1.724s] -- Up-to-date symlink: /home/common/colcon_ws/install/object_recognition_msgs/include/object_recognition_msgs/msg/object_type__struct.h
[1.724s] -- Up-to-date symlink: /home/common/colcon_ws/install/object_recognition_msgs/include/object_recognition_msgs/msg/object_type__type_support.h
[1.724s] -- Up-to-date symlink: /home/common/colcon_ws/install/object_recognition_msgs/include/object_recognition_msgs/msg/recognized_object.h
[1.725s] -- Up-to-date symlink: /home/common/colcon_ws/install/object_recognition_msgs/include/object_recognition_msgs/msg/recognized_object__functions.h
[1.725s] -- Up-to-date symlink: /home/common/colcon_ws/install/object_recognition_msgs/include/object_recognition_msgs/msg/recognized_object__struct.h
[1.725s] -- Up-to-date symlink: /home/common/colcon_ws/install/object_recognition_msgs/include/object_recognition_msgs/msg/recognized_object__type_support.h
[1.725s] -- Up-to-date symlink: /home/common/colcon_ws/install/object_recognition_msgs/include/object_recognition_msgs/msg/recognized_object_array.h
[1.726s] -- Up-to-date symlink: /home/common/colcon_ws/install/object_recognition_msgs/include/object_recognition_msgs/msg/recognized_object_array__functions.h
[1.726s] -- Up-to-date symlink: /home/common/colcon_ws/install/object_recognition_msgs/include/object_recognition_msgs/msg/recognized_object_array__struct.h
[1.726s] -- Up-to-date symlink: /home/common/colcon_ws/install/object_recognition_msgs/include/object_recognition_msgs/msg/recognized_object_array__type_support.h
[1.726s] -- Up-to-date symlink: /home/common/colcon_ws/install/object_recognition_msgs/include/object_recognition_msgs/msg/rosidl_generator_c__visibility_control.h
[1.727s] -- Up-to-date symlink: /home/common/colcon_ws/install/object_recognition_msgs/include/object_recognition_msgs/msg/table.h
[1.727s] -- Up-to-date symlink: /home/common/colcon_ws/install/object_recognition_msgs/include/object_recognition_msgs/msg/table__functions.h
[1.727s] -- Up-to-date symlink: /home/common/colcon_ws/install/object_recognition_msgs/include/object_recognition_msgs/msg/table__struct.h
[1.728s] -- Up-to-date symlink: /home/common/colcon_ws/install/object_recognition_msgs/include/object_recognition_msgs/msg/table__type_support.h
[1.728s] -- Up-to-date symlink: /home/common/colcon_ws/install/object_recognition_msgs/include/object_recognition_msgs/msg/table_array.h
[1.728s] -- Up-to-date symlink: /home/common/colcon_ws/install/object_recognition_msgs/include/object_recognition_msgs/msg/table_array__functions.h
[1.729s] -- Up-to-date symlink: /home/common/colcon_ws/install/object_recognition_msgs/include/object_recognition_msgs/msg/table_array__struct.h
[1.729s] -- Up-to-date symlink: /home/common/colcon_ws/install/object_recognition_msgs/include/object_recognition_msgs/msg/table_array__type_support.h
[1.729s] -- Up-to-date symlink: /home/common/colcon_ws/install/object_recognition_msgs/include/object_recognition_msgs/srv/get_object_information.h
[1.730s] -- Up-to-date symlink: /home/common/colcon_ws/install/object_recognition_msgs/include/object_recognition_msgs/srv/get_object_information__functions.h
[1.730s] -- Up-to-date symlink: /home/common/colcon_ws/install/object_recognition_msgs/include/object_recognition_msgs/srv/get_object_information__struct.h
[1.730s] -- Up-to-date symlink: /home/common/colcon_ws/install/object_recognition_msgs/include/object_recognition_msgs/srv/get_object_information__type_support.h
[1.731s] -- Up-to-date symlink: /home/common/colcon_ws/install/object_recognition_msgs/lib/libobject_recognition_msgs__rosidl_generator_c.so
[1.732s] -- Up-to-date symlink: /home/common/colcon_ws/install/object_recognition_msgs/include/object_recognition_msgs/action/object_recognition__rosidl_typesupport_fastrtps_cpp.hpp
[1.732s] -- Up-to-date symlink: /home/common/colcon_ws/install/object_recognition_msgs/include/object_recognition_msgs/msg/object_information__rosidl_typesupport_fastrtps_cpp.hpp
[1.733s] -- Up-to-date symlink: /home/common/colcon_ws/install/object_recognition_msgs/include/object_recognition_msgs/msg/object_type__rosidl_typesupport_fastrtps_cpp.hpp
[1.733s] -- Up-to-date symlink: /home/common/colcon_ws/install/object_recognition_msgs/include/object_recognition_msgs/msg/recognized_object__rosidl_typesupport_fastrtps_cpp.hpp
[1.733s] -- Up-to-date symlink: /home/common/colcon_ws/install/object_recognition_msgs/include/object_recognition_msgs/msg/recognized_object_array__rosidl_typesupport_fastrtps_cpp.hpp
[1.734s] -- Up-to-date symlink: /home/common/colcon_ws/install/object_recognition_msgs/include/object_recognition_msgs/msg/rosidl_typesupport_fastrtps_cpp__visibility_control.h
[1.734s] -- Up-to-date symlink: /home/common/colcon_ws/install/object_recognition_msgs/include/object_recognition_msgs/msg/table__rosidl_typesupport_fastrtps_cpp.hpp
[1.734s] -- Up-to-date symlink: /home/common/colcon_ws/install/object_recognition_msgs/include/object_recognition_msgs/msg/table_array__rosidl_typesupport_fastrtps_cpp.hpp
[1.735s] -- Up-to-date symlink: /home/common/colcon_ws/install/object_recognition_msgs/include/object_recognition_msgs/srv/get_object_information__rosidl_typesupport_fastrtps_cpp.hpp
[1.735s] -- Up-to-date symlink: /home/common/colcon_ws/install/object_recognition_msgs/lib/libobject_recognition_msgs__rosidl_typesupport_fastrtps_cpp.so
[1.736s] -- Up-to-date symlink: /home/common/colcon_ws/install/object_recognition_msgs/include/object_recognition_msgs/action/object_recognition.hpp
[1.737s] -- Up-to-date symlink: /home/common/colcon_ws/install/object_recognition_msgs/include/object_recognition_msgs/action/object_recognition__struct.hpp
[1.737s] -- Up-to-date symlink: /home/common/colcon_ws/install/object_recognition_msgs/include/object_recognition_msgs/action/object_recognition__traits.hpp
[1.738s] -- Up-to-date symlink: /home/common/colcon_ws/install/object_recognition_msgs/include/object_recognition_msgs/msg/object_information.hpp
[1.741s] -- Up-to-date symlink: /home/common/colcon_ws/install/object_recognition_msgs/include/object_recognition_msgs/msg/object_information__struct.hpp
[1.742s] -- Up-to-date symlink: /home/common/colcon_ws/install/object_recognition_msgs/include/object_recognition_msgs/msg/object_information__traits.hpp
[1.742s] -- Up-to-date symlink: /home/common/colcon_ws/install/object_recognition_msgs/include/object_recognition_msgs/msg/object_type.hpp
[1.742s] -- Up-to-date symlink: /home/common/colcon_ws/install/object_recognition_msgs/include/object_recognition_msgs/msg/object_type__struct.hpp
[1.742s] -- Up-to-date symlink: /home/common/colcon_ws/install/object_recognition_msgs/include/object_recognition_msgs/msg/object_type__traits.hpp
[1.744s] -- Up-to-date symlink: /home/common/colcon_ws/install/object_recognition_msgs/include/object_recognition_msgs/msg/recognized_object.hpp
[1.745s] -- Up-to-date symlink: /home/common/colcon_ws/install/object_recognition_msgs/include/object_recognition_msgs/msg/recognized_object__struct.hpp
[1.745s] -- Up-to-date symlink: /home/common/colcon_ws/install/object_recognition_msgs/include/object_recognition_msgs/msg/recognized_object__traits.hpp
[1.745s] -- Up-to-date symlink: /home/common/colcon_ws/install/object_recognition_msgs/include/object_recognition_msgs/msg/recognized_object_array.hpp
[1.746s] -- Up-to-date symlink: /home/common/colcon_ws/install/object_recognition_msgs/include/object_recognition_msgs/msg/recognized_object_array__struct.hpp
[1.746s] -- Up-to-date symlink: /home/common/colcon_ws/install/object_recognition_msgs/include/object_recognition_msgs/msg/recognized_object_array__traits.hpp
[1.746s] -- Up-to-date symlink: /home/common/colcon_ws/install/object_recognition_msgs/include/object_recognition_msgs/msg/table.hpp
[1.746s] -- Up-to-date symlink: /home/common/colcon_ws/install/object_recognition_msgs/include/object_recognition_msgs/msg/table__struct.hpp
[1.747s] -- Up-to-date symlink: /home/common/colcon_ws/install/object_recognition_msgs/include/object_recognition_msgs/msg/table__traits.hpp
[1.747s] -- Up-to-date symlink: /home/common/colcon_ws/install/object_recognition_msgs/include/object_recognition_msgs/msg/table_array.hpp
[1.748s] -- Up-to-date symlink: /home/common/colcon_ws/install/object_recognition_msgs/include/object_recognition_msgs/msg/table_array__struct.hpp
[1.748s] -- Up-to-date symlink: /home/common/colcon_ws/install/object_recognition_msgs/include/object_recognition_msgs/msg/table_array__traits.hpp
[1.748s] -- Up-to-date symlink: /home/common/colcon_ws/install/object_recognition_msgs/include/object_recognition_msgs/srv/get_object_information.hpp
[1.749s] -- Up-to-date symlink: /home/common/colcon_ws/install/object_recognition_msgs/include/object_recognition_msgs/srv/get_object_information__struct.hpp
[1.749s] -- Up-to-date symlink: /home/common/colcon_ws/install/object_recognition_msgs/include/object_recognition_msgs/srv/get_object_information__traits.hpp
[1.749s] -- Up-to-date symlink: /home/common/colcon_ws/install/object_recognition_msgs/include/object_recognition_msgs/action/object_recognition__rosidl_typesupport_introspection_c.h
[1.749s] -- Up-to-date symlink: /home/common/colcon_ws/install/object_recognition_msgs/include/object_recognition_msgs/msg/object_information__rosidl_typesupport_introspection_c.h
[1.749s] -- Up-to-date symlink: /home/common/colcon_ws/install/object_recognition_msgs/include/object_recognition_msgs/msg/object_type__rosidl_typesupport_introspection_c.h
[1.749s] -- Up-to-date symlink: /home/common/colcon_ws/install/object_recognition_msgs/include/object_recognition_msgs/msg/recognized_object__rosidl_typesupport_introspection_c.h
[1.750s] -- Up-to-date symlink: /home/common/colcon_ws/install/object_recognition_msgs/include/object_recognition_msgs/msg/recognized_object_array__rosidl_typesupport_introspection_c.h
[1.750s] -- Up-to-date symlink: /home/common/colcon_ws/install/object_recognition_msgs/include/object_recognition_msgs/msg/rosidl_typesupport_introspection_c__visibility_control.h
[1.750s] -- Up-to-date symlink: /home/common/colcon_ws/install/object_recognition_msgs/include/object_recognition_msgs/msg/table__rosidl_typesupport_introspection_c.h
[1.750s] -- Up-to-date symlink: /home/common/colcon_ws/install/object_recognition_msgs/include/object_recognition_msgs/msg/table_array__rosidl_typesupport_introspection_c.h
[1.750s] -- Up-to-date symlink: /home/common/colcon_ws/install/object_recognition_msgs/include/object_recognition_msgs/srv/get_object_information__rosidl_typesupport_introspection_c.h
[1.750s] -- Up-to-date symlink: /home/common/colcon_ws/install/object_recognition_msgs/lib/libobject_recognition_msgs__rosidl_typesupport_introspection_c.so
[1.752s] -- Up-to-date symlink: /home/common/colcon_ws/install/object_recognition_msgs/include/object_recognition_msgs/action/object_recognition__rosidl_typesupport_introspection_cpp.hpp
[1.752s] -- Up-to-date symlink: /home/common/colcon_ws/install/object_recognition_msgs/include/object_recognition_msgs/msg/object_information__rosidl_typesupport_introspection_cpp.hpp
[1.753s] -- Up-to-date symlink: /home/common/colcon_ws/install/object_recognition_msgs/include/object_recognition_msgs/msg/object_type__rosidl_typesupport_introspection_cpp.hpp
[1.753s] -- Up-to-date symlink: /home/common/colcon_ws/install/object_recognition_msgs/include/object_recognition_msgs/msg/recognized_object__rosidl_typesupport_introspection_cpp.hpp
[1.753s] -- Up-to-date symlink: /home/common/colcon_ws/install/object_recognition_msgs/include/object_recognition_msgs/msg/recognized_object_array__rosidl_typesupport_introspection_cpp.hpp
[1.753s] -- Up-to-date symlink: /home/common/colcon_ws/install/object_recognition_msgs/include/object_recognition_msgs/msg/table__rosidl_typesupport_introspection_cpp.hpp
[1.753s] -- Up-to-date symlink: /home/common/colcon_ws/install/object_recognition_msgs/include/object_recognition_msgs/msg/table_array__rosidl_typesupport_introspection_cpp.hpp
[1.754s] -- Up-to-date symlink: /home/common/colcon_ws/install/object_recognition_msgs/include/object_recognition_msgs/srv/get_object_information__rosidl_typesupport_introspection_cpp.hpp
[1.754s] -- Up-to-date symlink: /home/common/colcon_ws/install/object_recognition_msgs/lib/libobject_recognition_msgs__rosidl_typesupport_introspection_cpp.so
[1.755s] -- Up-to-date symlink: /home/common/colcon_ws/install/object_recognition_msgs/share/object_recognition_msgs/environment/pythonpath.sh
[1.755s] -- Up-to-date symlink: /home/common/colcon_ws/install/object_recognition_msgs/lib/python3.6/site-packages/object_recognition_msgs/__init__.py
[1.755s] -- Up-to-date symlink: /home/common/colcon_ws/install/object_recognition_msgs/lib/python3.6/site-packages/object_recognition_msgs/msg/__init__.py
[1.756s] -- Up-to-date symlink: /home/common/colcon_ws/install/object_recognition_msgs/lib/python3.6/site-packages/object_recognition_msgs/msg/_object_information.py
[1.756s] -- Up-to-date symlink: /home/common/colcon_ws/install/object_recognition_msgs/lib/python3.6/site-packages/object_recognition_msgs/msg/_object_type.py
[1.756s] -- Up-to-date symlink: /home/common/colcon_ws/install/object_recognition_msgs/lib/python3.6/site-packages/object_recognition_msgs/msg/_recognized_object.py
[1.756s] -- Up-to-date symlink: /home/common/colcon_ws/install/object_recognition_msgs/lib/python3.6/site-packages/object_recognition_msgs/msg/_recognized_object_array.py
[1.757s] -- Up-to-date symlink: /home/common/colcon_ws/install/object_recognition_msgs/lib/python3.6/site-packages/object_recognition_msgs/msg/_table.py
[1.757s] -- Up-to-date symlink: /home/common/colcon_ws/install/object_recognition_msgs/lib/python3.6/site-packages/object_recognition_msgs/msg/_table_array.py
[1.758s] -- Up-to-date symlink: /home/common/colcon_ws/install/object_recognition_msgs/lib/python3.6/site-packages/object_recognition_msgs/srv/__init__.py
[1.758s] -- Up-to-date symlink: /home/common/colcon_ws/install/object_recognition_msgs/lib/python3.6/site-packages/object_recognition_msgs/srv/_get_object_information.py
[1.759s] -- Up-to-date symlink: /home/common/colcon_ws/install/object_recognition_msgs/lib/python3.6/site-packages/object_recognition_msgs/action/__init__.py
[1.759s] -- Up-to-date symlink: /home/common/colcon_ws/install/object_recognition_msgs/lib/python3.6/site-packages/object_recognition_msgs/action/_object_recognition.py
[1.760s] -- Up-to-date symlink: /home/common/colcon_ws/install/object_recognition_msgs/lib/python3.6/site-packages/object_recognition_msgs/object_recognition_msgs_s__rosidl_typesupport_c.cpython-36m-x86_64-linux-gnu.so
[1.763s] -- Up-to-date symlink: /home/common/colcon_ws/install/object_recognition_msgs/lib/python3.6/site-packages/object_recognition_msgs/object_recognition_msgs_s__rosidl_typesupport_fastrtps_c.cpython-36m-x86_64-linux-gnu.so
[1.764s] -- Up-to-date symlink: /home/common/colcon_ws/install/object_recognition_msgs/lib/libobject_recognition_msgs__python.so
[1.764s] -- Up-to-date symlink: /home/common/colcon_ws/install/object_recognition_msgs/share/object_recognition_msgs/msg/ObjectInformation.idl
[1.764s] -- Up-to-date symlink: /home/common/colcon_ws/install/object_recognition_msgs/share/object_recognition_msgs/msg/ObjectType.idl
[1.767s] -- Up-to-date symlink: /home/common/colcon_ws/install/object_recognition_msgs/share/object_recognition_msgs/msg/RecognizedObject.idl
[1.767s] -- Up-to-date symlink: /home/common/colcon_ws/install/object_recognition_msgs/share/object_recognition_msgs/msg/RecognizedObjectArray.idl
[1.767s] -- Up-to-date symlink: /home/common/colcon_ws/install/object_recognition_msgs/share/object_recognition_msgs/msg/Table.idl
[1.767s] -- Up-to-date symlink: /home/common/colcon_ws/install/object_recognition_msgs/share/object_recognition_msgs/msg/TableArray.idl
[1.767s] -- Up-to-date symlink: /home/common/colcon_ws/install/object_recognition_msgs/share/object_recognition_msgs/srv/GetObjectInformation.idl
[1.768s] -- Up-to-date symlink: /home/common/colcon_ws/install/object_recognition_msgs/share/object_recognition_msgs/action/ObjectRecognition.idl
[1.768s] -- Up-to-date symlink: /home/common/colcon_ws/install/object_recognition_msgs/share/object_recognition_msgs/msg/ObjectInformation.msg
[1.768s] -- Up-to-date symlink: /home/common/colcon_ws/install/object_recognition_msgs/share/object_recognition_msgs/msg/ObjectType.msg
[1.768s] -- Up-to-date symlink: /home/common/colcon_ws/install/object_recognition_msgs/share/object_recognition_msgs/msg/RecognizedObject.msg
[1.768s] -- Up-to-date symlink: /home/common/colcon_ws/install/object_recognition_msgs/share/object_recognition_msgs/msg/RecognizedObjectArray.msg
[1.768s] -- Up-to-date symlink: /home/common/colcon_ws/install/object_recognition_msgs/share/object_recognition_msgs/msg/Table.msg
[1.769s] -- Up-to-date symlink: /home/common/colcon_ws/install/object_recognition_msgs/share/object_recognition_msgs/msg/TableArray.msg
[1.769s] -- Up-to-date symlink: /home/common/colcon_ws/install/object_recognition_msgs/share/object_recognition_msgs/srv/GetObjectInformation.srv
[1.770s] -- Up-to-date symlink: /home/common/colcon_ws/install/object_recognition_msgs/share/object_recognition_msgs/srv/GetObjectInformation_Request.msg
[1.770s] -- Up-to-date symlink: /home/common/colcon_ws/install/object_recognition_msgs/share/object_recognition_msgs/srv/GetObjectInformation_Response.msg
[1.771s] -- Up-to-date symlink: /home/common/colcon_ws/install/object_recognition_msgs/share/object_recognition_msgs/action/ObjectRecognition.action
[1.771s] -- Up-to-date symlink: /home/common/colcon_ws/install/object_recognition_msgs/share/ament_index/resource_index/package_run_dependencies/object_recognition_msgs
[1.772s] -- Up-to-date symlink: /home/common/colcon_ws/install/object_recognition_msgs/share/ament_index/resource_index/parent_prefix_path/object_recognition_msgs
[1.772s] -- Up-to-date symlink: /home/common/colcon_ws/install/object_recognition_msgs/share/object_recognition_msgs/environment/ament_prefix_path.sh
[1.773s] -- Up-to-date symlink: /home/common/colcon_ws/install/object_recognition_msgs/share/object_recognition_msgs/environment/path.sh
[1.773s] -- Up-to-date symlink: /home/common/colcon_ws/install/object_recognition_msgs/share/object_recognition_msgs/local_setup.bash
[1.774s] -- Up-to-date symlink: /home/common/colcon_ws/install/object_recognition_msgs/share/object_recognition_msgs/local_setup.sh
[1.774s] -- Up-to-date symlink: /home/common/colcon_ws/install/object_recognition_msgs/share/object_recognition_msgs/local_setup.zsh
[1.775s] -- Up-to-date symlink: /home/common/colcon_ws/install/object_recognition_msgs/share/ament_index/resource_index/packages/object_recognition_msgs
[1.775s] -- Up-to-date symlink: /home/common/colcon_ws/install/object_recognition_msgs/share/object_recognition_msgs/cmake/rosidl_cmake-extras.cmake
[1.775s] -- Up-to-date symlink: /home/common/colcon_ws/install/object_recognition_msgs/share/object_recognition_msgs/cmake/ament_cmake_export_dependencies-extras.cmake
[1.776s] -- Up-to-date symlink: /home/common/colcon_ws/install/object_recognition_msgs/share/object_recognition_msgs/cmake/ament_cmake_export_libraries-extras.cmake
[1.776s] -- Up-to-date symlink: /home/common/colcon_ws/install/object_recognition_msgs/share/object_recognition_msgs/cmake/ament_cmake_export_include_directories-extras.cmake
[1.777s] -- Up-to-date symlink: /home/common/colcon_ws/install/object_recognition_msgs/share/object_recognition_msgs/cmake/object_recognition_msgsConfig.cmake
[1.777s] -- Up-to-date symlink: /home/common/colcon_ws/install/object_recognition_msgs/share/object_recognition_msgs/cmake/object_recognition_msgsConfig-version.cmake
[1.778s] -- Up-to-date symlink: /home/common/colcon_ws/install/object_recognition_msgs/share/object_recognition_msgs/package.xml
