[0.064s] Invoking command in '/home/common/colcon_ws/build/tms_msg_ss': CMAKE_PREFIX_PATH=/opt/ros/dashing:${CMAKE_PREFIX_PATH} /usr/bin/cmake --build /home/common/colcon_ws/build/tms_msg_ss -- -j8 -l8
[0.147s] [  3%] Built target tms_msg_ss__cpp
[0.155s] [ 13%] Built target tms_msg_ss__rosidl_generator_c
[0.201s] [ 24%] Built target tms_msg_ss__rosidl_typesupport_introspection_cpp
[0.203s] [ 34%] Built target tms_msg_ss__rosidl_typesupport_fastrtps_cpp
[0.207s] [ 44%] Built target tms_msg_ss__rosidl_typesupport_introspection_c
[0.257s] [ 55%] Built target tms_msg_ss__rosidl_typesupport_fastrtps_c
[0.261s] [ 65%] Built target tms_msg_ss__rosidl_typesupport_cpp
[0.320s] [ 75%] Built target tms_msg_ss__rosidl_typesupport_c
[0.352s] [ 75%] Built target tms_msg_ss
[0.439s] [ 79%] Built target tms_msg_ss__py
[0.521s] [ 86%] Built target tms_msg_ss__python
[0.599s] [ 93%] Built target tms_msg_ss__rosidl_typesupport_fastrtps_c__pyext
[0.604s] [100%] Built target tms_msg_ss__rosidl_typesupport_c__pyext
[0.852s] Invoked command in '/home/common/colcon_ws/build/tms_msg_ss' returned '0': CMAKE_PREFIX_PATH=/opt/ros/dashing:${CMAKE_PREFIX_PATH} /usr/bin/cmake --build /home/common/colcon_ws/build/tms_msg_ss -- -j8 -l8
[1.177s] Invoking command in '/home/common/colcon_ws/build/tms_msg_ss': CMAKE_PREFIX_PATH=/opt/ros/dashing:${CMAKE_PREFIX_PATH} /usr/bin/cmake --build /home/common/colcon_ws/build/tms_msg_ss --target install -- -j8 -l8
[1.241s] [  3%] Built target tms_msg_ss__cpp
[1.241s] [ 13%] Built target tms_msg_ss__rosidl_generator_c
[1.282s] [ 24%] Built target tms_msg_ss__rosidl_typesupport_introspection_c
[1.293s] [ 34%] Built target tms_msg_ss__rosidl_typesupport_fastrtps_cpp
[1.293s] [ 44%] Built target tms_msg_ss__rosidl_typesupport_introspection_cpp
[1.336s] [ 55%] Built target tms_msg_ss__rosidl_typesupport_cpp
[1.338s] [ 65%] Built target tms_msg_ss__rosidl_typesupport_fastrtps_c
[1.372s] [ 75%] Built target tms_msg_ss__rosidl_typesupport_c
[1.402s] [ 75%] Built target tms_msg_ss
[1.426s] [ 79%] Built target tms_msg_ss__py
[1.459s] [ 86%] Built target tms_msg_ss__python
[1.495s] [ 93%] Built target tms_msg_ss__rosidl_typesupport_c__pyext
[1.495s] [100%] Built target tms_msg_ss__rosidl_typesupport_fastrtps_c__pyext
[1.521s] [36mInstall the project...[0m
[1.529s] -- Install configuration: ""
[1.530s] -- Execute custom install script
[1.531s] -- Up-to-date symlink: /home/common/colcon_ws/install/tms_msg_ss/share/ament_index/resource_index/rosidl_interfaces/tms_msg_ss
[1.531s] -- Up-to-date symlink: /home/common/colcon_ws/install/tms_msg_ss/lib/libtms_msg_ss__rosidl_typesupport_c.so
[1.532s] -- Up-to-date symlink: /home/common/colcon_ws/install/tms_msg_ss/share/tms_msg_ss/environment/library_path.sh
[1.532s] -- Up-to-date symlink: /home/common/colcon_ws/install/tms_msg_ss/lib/libtms_msg_ss__rosidl_typesupport_cpp.so
[1.533s] -- Up-to-date symlink: /home/common/colcon_ws/install/tms_msg_ss/include/tms_msg_ss/msg/rosidl_typesupport_fastrtps_c__visibility_control.h
[1.533s] -- Up-to-date symlink: /home/common/colcon_ws/install/tms_msg_ss/include/tms_msg_ss/msg/vicon_data__rosidl_typesupport_fastrtps_c.h
[1.534s] -- Up-to-date symlink: /home/common/colcon_ws/install/tms_msg_ss/lib/libtms_msg_ss__rosidl_typesupport_fastrtps_c.so
[1.534s] -- Up-to-date symlink: /home/common/colcon_ws/install/tms_msg_ss/include/tms_msg_ss/msg/rosidl_generator_c__visibility_control.h
[1.535s] -- Up-to-date symlink: /home/common/colcon_ws/install/tms_msg_ss/include/tms_msg_ss/msg/vicon_data.h
[1.535s] -- Up-to-date symlink: /home/common/colcon_ws/install/tms_msg_ss/include/tms_msg_ss/msg/vicon_data__functions.h
[1.535s] -- Up-to-date symlink: /home/common/colcon_ws/install/tms_msg_ss/include/tms_msg_ss/msg/vicon_data__struct.h
[1.535s] -- Up-to-date symlink: /home/common/colcon_ws/install/tms_msg_ss/include/tms_msg_ss/msg/vicon_data__type_support.h
[1.536s] -- Up-to-date symlink: /home/common/colcon_ws/install/tms_msg_ss/lib/libtms_msg_ss__rosidl_generator_c.so
[1.537s] -- Up-to-date symlink: /home/common/colcon_ws/install/tms_msg_ss/include/tms_msg_ss/msg/rosidl_typesupport_fastrtps_cpp__visibility_control.h
[1.537s] -- Up-to-date symlink: /home/common/colcon_ws/install/tms_msg_ss/include/tms_msg_ss/msg/vicon_data__rosidl_typesupport_fastrtps_cpp.hpp
[1.538s] -- Up-to-date symlink: /home/common/colcon_ws/install/tms_msg_ss/lib/libtms_msg_ss__rosidl_typesupport_fastrtps_cpp.so
[1.538s] -- Up-to-date symlink: /home/common/colcon_ws/install/tms_msg_ss/include/tms_msg_ss/msg/vicon_data.hpp
[1.538s] -- Up-to-date symlink: /home/common/colcon_ws/install/tms_msg_ss/include/tms_msg_ss/msg/vicon_data__struct.hpp
[1.539s] -- Up-to-date symlink: /home/common/colcon_ws/install/tms_msg_ss/include/tms_msg_ss/msg/vicon_data__traits.hpp
[1.539s] -- Up-to-date symlink: /home/common/colcon_ws/install/tms_msg_ss/include/tms_msg_ss/msg/rosidl_typesupport_introspection_c__visibility_control.h
[1.539s] -- Up-to-date symlink: /home/common/colcon_ws/install/tms_msg_ss/include/tms_msg_ss/msg/vicon_data__rosidl_typesupport_introspection_c.h
[1.540s] -- Up-to-date symlink: /home/common/colcon_ws/install/tms_msg_ss/lib/libtms_msg_ss__rosidl_typesupport_introspection_c.so
[1.541s] -- Up-to-date symlink: /home/common/colcon_ws/install/tms_msg_ss/include/tms_msg_ss/msg/vicon_data__rosidl_typesupport_introspection_cpp.hpp
[1.541s] -- Up-to-date symlink: /home/common/colcon_ws/install/tms_msg_ss/lib/libtms_msg_ss__rosidl_typesupport_introspection_cpp.so
[1.541s] -- Up-to-date symlink: /home/common/colcon_ws/install/tms_msg_ss/share/tms_msg_ss/environment/pythonpath.sh
[1.542s] -- Up-to-date symlink: /home/common/colcon_ws/install/tms_msg_ss/lib/python3.6/site-packages/tms_msg_ss/__init__.py
[1.542s] -- Up-to-date symlink: /home/common/colcon_ws/install/tms_msg_ss/lib/python3.6/site-packages/tms_msg_ss/msg/__init__.py
[1.543s] -- Up-to-date symlink: /home/common/colcon_ws/install/tms_msg_ss/lib/python3.6/site-packages/tms_msg_ss/msg/_vicon_data.py
[1.543s] -- Up-to-date symlink: /home/common/colcon_ws/install/tms_msg_ss/lib/python3.6/site-packages/tms_msg_ss/tms_msg_ss_s__rosidl_typesupport_c.cpython-36m-x86_64-linux-gnu.so
[1.543s] -- Up-to-date symlink: /home/common/colcon_ws/install/tms_msg_ss/lib/python3.6/site-packages/tms_msg_ss/tms_msg_ss_s__rosidl_typesupport_fastrtps_c.cpython-36m-x86_64-linux-gnu.so
[1.544s] -- Up-to-date symlink: /home/common/colcon_ws/install/tms_msg_ss/lib/libtms_msg_ss__python.so
[1.544s] -- Up-to-date symlink: /home/common/colcon_ws/install/tms_msg_ss/share/tms_msg_ss/msg/ViconData.idl
[1.544s] -- Up-to-date symlink: /home/common/colcon_ws/install/tms_msg_ss/share/tms_msg_ss/msg/ViconData.msg
[1.545s] -- Up-to-date symlink: /home/common/colcon_ws/install/tms_msg_ss/share/ament_index/resource_index/package_run_dependencies/tms_msg_ss
[1.545s] -- Up-to-date symlink: /home/common/colcon_ws/install/tms_msg_ss/share/ament_index/resource_index/parent_prefix_path/tms_msg_ss
[1.546s] -- Up-to-date symlink: /home/common/colcon_ws/install/tms_msg_ss/share/tms_msg_ss/environment/ament_prefix_path.sh
[1.546s] -- Up-to-date symlink: /home/common/colcon_ws/install/tms_msg_ss/share/tms_msg_ss/environment/path.sh
[1.546s] -- Up-to-date symlink: /home/common/colcon_ws/install/tms_msg_ss/share/tms_msg_ss/local_setup.bash
[1.547s] -- Up-to-date symlink: /home/common/colcon_ws/install/tms_msg_ss/share/tms_msg_ss/local_setup.sh
[1.547s] -- Up-to-date symlink: /home/common/colcon_ws/install/tms_msg_ss/share/tms_msg_ss/local_setup.zsh
[1.547s] -- Up-to-date symlink: /home/common/colcon_ws/install/tms_msg_ss/share/ament_index/resource_index/packages/tms_msg_ss
[1.547s] -- Up-to-date symlink: /home/common/colcon_ws/install/tms_msg_ss/share/tms_msg_ss/cmake/rosidl_cmake-extras.cmake
[1.548s] -- Up-to-date symlink: /home/common/colcon_ws/install/tms_msg_ss/share/tms_msg_ss/cmake/ament_cmake_export_dependencies-extras.cmake
[1.548s] -- Up-to-date symlink: /home/common/colcon_ws/install/tms_msg_ss/share/tms_msg_ss/cmake/ament_cmake_export_libraries-extras.cmake
[1.548s] -- Up-to-date symlink: /home/common/colcon_ws/install/tms_msg_ss/share/tms_msg_ss/cmake/ament_cmake_export_include_directories-extras.cmake
[1.549s] -- Up-to-date symlink: /home/common/colcon_ws/install/tms_msg_ss/share/tms_msg_ss/cmake/tms_msg_ssConfig.cmake
[1.549s] -- Up-to-date symlink: /home/common/colcon_ws/install/tms_msg_ss/share/tms_msg_ss/cmake/tms_msg_ssConfig-version.cmake
[1.549s] -- Up-to-date symlink: /home/common/colcon_ws/install/tms_msg_ss/share/tms_msg_ss/package.xml
