[0.131s] -- The C compiler identification is GNU 7.4.0
[0.222s] -- The CXX compiler identification is GNU 7.4.0
[0.229s] -- Check for working C compiler: /usr/bin/cc
[0.348s] -- Check for working C compiler: /usr/bin/cc -- works
[0.348s] -- Detecting C compiler ABI info
[0.467s] -- Detecting C compiler ABI info - done
[0.476s] -- Detecting C compile features
[0.877s] -- Detecting C compile features - done
[0.880s] -- Check for working CXX compiler: /usr/bin/c++
[1.011s] -- Check for working CXX compiler: /usr/bin/c++ -- works
[1.012s] -- Detecting CXX compiler ABI info
[1.147s] -- Detecting CXX compiler ABI info - done
[1.155s] -- Detecting CXX compile features
[1.730s] -- Detecting CXX compile features - done
[1.734s] -- Found ament_cmake: 0.7.4 (/opt/ros/dashing/share/ament_cmake/cmake)
[1.825s] -- Found PythonInterp: /usr/bin/python3 (found suitable version "3.6.9", minimum required is "3") 
[1.825s] -- Using PYTHON_EXECUTABLE: /usr/bin/python3
[2.253s] -- Override CMake install command with custom implementation using symlinks instead of copying resources
[2.298s] -- Found geometry_msgs: 0.7.0 (/opt/ros/dashing/share/geometry_msgs/cmake)
[2.326s] -- Found rosidl_adapter: 0.7.8 (/opt/ros/dashing/share/rosidl_adapter/cmake)
[2.394s] -- Found nav_msgs: 0.7.0 (/opt/ros/dashing/share/nav_msgs/cmake)
[2.411s] -- Found rclcpp: 0.7.12 (/opt/ros/dashing/share/rclcpp/cmake)
[2.446s] -- Found rmw_implementation_cmake: 0.7.2 (/opt/ros/dashing/share/rmw_implementation_cmake/cmake)
[2.451s] -- Using RMW implementation 'rmw_fastrtps_cpp' as default
[2.453s] -- Looking for pthread.h
[2.584s] -- Looking for pthread.h - found
[2.585s] -- Looking for pthread_create
[2.701s] -- Looking for pthread_create - not found
[2.702s] -- Looking for pthread_create in pthreads
[2.817s] -- Looking for pthread_create in pthreads - not found
[2.818s] -- Looking for pthread_create in pthread
[2.933s] -- Looking for pthread_create in pthread - found
[2.935s] -- Found Threads: TRUE  
[2.994s] -- Found sensor_msgs: 0.7.0 (/opt/ros/dashing/share/sensor_msgs/cmake)
[3.016s] -- Found tf2: 0.11.6 (/opt/ros/dashing/share/tf2/cmake)
[3.027s] -- Found tf2_msgs: 0.11.6 (/opt/ros/dashing/share/tf2_msgs/cmake)
[3.074s] -- Found turtlebot3_msgs: 2.1.0 (/home/common/colcon_ws/install/turtlebot3_msgs/share/turtlebot3_msgs/cmake)
[3.376s] -- Configuring done
[3.409s] -- Generating done
[3.412s] -- Build files have been written to: /home/common/colcon_ws/build/turtlebot3_fake_node
[3.498s] [35m[1mScanning dependencies of target turtlebot3_fake_node[0m
[3.545s] [100%] Built target turtlebot3_fake_node
[3.727s] [100%] Built target turtlebot3_fake_node
[3.762s] [36mInstall the project...[0m
[3.778s] -- Install configuration: ""
[3.779s] -- Execute custom install script
[3.779s] -- Up-to-date symlink: /home/common/colcon_ws/install/turtlebot3_fake_node/lib/turtlebot3_fake_node/turtlebot3_fake_node
[3.780s] -- Up-to-date symlink: /home/common/colcon_ws/install/turtlebot3_fake_node/share/turtlebot3_fake_node/launch/rviz2.launch.py
[3.781s] -- Up-to-date symlink: /home/common/colcon_ws/install/turtlebot3_fake_node/share/turtlebot3_fake_node/launch/turtlebot3_fake_node.launch.py
[3.781s] -- Up-to-date symlink: /home/common/colcon_ws/install/turtlebot3_fake_node/share/turtlebot3_fake_node/param/burger.yaml
[3.782s] -- Up-to-date symlink: /home/common/colcon_ws/install/turtlebot3_fake_node/share/turtlebot3_fake_node/param/waffle.yaml
[3.782s] -- Up-to-date symlink: /home/common/colcon_ws/install/turtlebot3_fake_node/share/turtlebot3_fake_node/param/waffle_pi.yaml
[3.783s] -- Up-to-date symlink: /home/common/colcon_ws/install/turtlebot3_fake_node/share/turtlebot3_fake_node/rviz/model.rviz
[3.783s] -- Up-to-date symlink: /home/common/colcon_ws/install/turtlebot3_fake_node/include//turtlebot3_fake_node/turtlebot3_fake_node.hpp
[3.784s] -- Up-to-date symlink: /home/common/colcon_ws/install/turtlebot3_fake_node/share/ament_index/resource_index/package_run_dependencies/turtlebot3_fake_node
[3.784s] -- Up-to-date symlink: /home/common/colcon_ws/install/turtlebot3_fake_node/share/ament_index/resource_index/parent_prefix_path/turtlebot3_fake_node
[3.785s] -- Up-to-date symlink: /home/common/colcon_ws/install/turtlebot3_fake_node/share/turtlebot3_fake_node/environment/ament_prefix_path.sh
[3.785s] -- Up-to-date symlink: /home/common/colcon_ws/install/turtlebot3_fake_node/share/turtlebot3_fake_node/environment/path.sh
[3.786s] -- Up-to-date symlink: /home/common/colcon_ws/install/turtlebot3_fake_node/share/turtlebot3_fake_node/local_setup.bash
[3.786s] -- Up-to-date symlink: /home/common/colcon_ws/install/turtlebot3_fake_node/share/turtlebot3_fake_node/local_setup.sh
[3.786s] -- Up-to-date symlink: /home/common/colcon_ws/install/turtlebot3_fake_node/share/turtlebot3_fake_node/local_setup.zsh
[3.787s] -- Up-to-date symlink: /home/common/colcon_ws/install/turtlebot3_fake_node/share/ament_index/resource_index/packages/turtlebot3_fake_node
[3.787s] -- Up-to-date symlink: /home/common/colcon_ws/install/turtlebot3_fake_node/share/turtlebot3_fake_node/cmake/ament_cmake_export_include_directories-extras.cmake
[3.788s] -- Up-to-date symlink: /home/common/colcon_ws/install/turtlebot3_fake_node/share/turtlebot3_fake_node/cmake/ament_cmake_export_dependencies-extras.cmake
[3.788s] -- Up-to-date symlink: /home/common/colcon_ws/install/turtlebot3_fake_node/share/turtlebot3_fake_node/cmake/turtlebot3_fake_nodeConfig.cmake
[3.789s] -- Up-to-date symlink: /home/common/colcon_ws/install/turtlebot3_fake_node/share/turtlebot3_fake_node/cmake/turtlebot3_fake_nodeConfig-version.cmake
[3.789s] -- Up-to-date symlink: /home/common/colcon_ws/install/turtlebot3_fake_node/share/turtlebot3_fake_node/package.xml
