[1.137s] Invoking command in '/home/common/colcon_ws/build/tms_rc_double': PYTHONPATH=/home/common/colcon_ws/install/tms_rc_double/lib/python3.6/site-packages:${PYTHONPATH} /usr/bin/python3 setup.py develop --prefix /home/common/colcon_ws/install/tms_rc_double --editable --build-directory /home/common/colcon_ws/build/tms_rc_double/build --no-deps install_data --install-dir /home/common/colcon_ws/install/tms_rc_double
[1.636s] running develop
[1.946s] running egg_info
[1.947s] creating tms_rc_double.egg-info
[1.947s] writing tms_rc_double.egg-info/PKG-INFO
[1.947s] writing dependency_links to tms_rc_double.egg-info/dependency_links.txt
[1.947s] writing entry points to tms_rc_double.egg-info/entry_points.txt
[1.948s] writing requirements to tms_rc_double.egg-info/requires.txt
[1.948s] writing top-level names to tms_rc_double.egg-info/top_level.txt
[1.949s] writing manifest file 'tms_rc_double.egg-info/SOURCES.txt'
[2.002s] reading manifest file 'tms_rc_double.egg-info/SOURCES.txt'
[2.003s] writing manifest file 'tms_rc_double.egg-info/SOURCES.txt'
[2.006s] running build_ext
[2.006s] Creating /home/common/colcon_ws/install/tms_rc_double/lib/python3.6/site-packages/site.py
[2.008s] Creating /home/common/colcon_ws/install/tms_rc_double/lib/python3.6/site-packages/tms-rc-double.egg-link (link to .)
[2.009s] Installing convert_twist2vector3 script to /home/common/colcon_ws/install/tms_rc_double/lib/tms_rc_double
[2.009s] Installing vicon_control script to /home/common/colcon_ws/install/tms_rc_double/lib/tms_rc_double
[2.009s] 
[2.010s] Installed /home/common/colcon_ws/build/tms_rc_double
[2.010s] running install_data
[2.010s] creating /home/common/colcon_ws/install/tms_rc_double/share/ament_index
[2.010s] creating /home/common/colcon_ws/install/tms_rc_double/share/ament_index/resource_index
[2.010s] creating /home/common/colcon_ws/install/tms_rc_double/share/ament_index/resource_index/packages
[2.011s] copying resource/tms_rc_double -> /home/common/colcon_ws/install/tms_rc_double/share/ament_index/resource_index/packages
[2.011s] copying package.xml -> /home/common/colcon_ws/install/tms_rc_double/share/tms_rc_double
[2.046s] Invoked command in '/home/common/colcon_ws/build/tms_rc_double' returned '0': PYTHONPATH=/home/common/colcon_ws/install/tms_rc_double/lib/python3.6/site-packages:${PYTHONPATH} /usr/bin/python3 setup.py develop --prefix /home/common/colcon_ws/install/tms_rc_double --editable --build-directory /home/common/colcon_ws/build/tms_rc_double/build --no-deps install_data --install-dir /home/common/colcon_ws/install/tms_rc_double
