[0.053s] Invoking command in '/home/common/colcon_ws/build/object_recognition_msgs': CMAKE_PREFIX_PATH=/home/common/colcon_ws/install/turtlebot3:/home/common/colcon_ws/install/turtlebot3_simulations:/home/common/colcon_ws/install/turtlebot3_bringup:/home/common/colcon_ws/install/turtlebot3_node:/home/common/colcon_ws/install/turtlebot3_navigation2:/home/common/colcon_ws/install/turtlebot3_fake_node:/home/common/colcon_ws/install/doublenode:/home/common/colcon_ws/install/turtlebot3_msgs:/home/common/colcon_ws/install/turtlebot3_gazebo:/home/common/colcon_ws/install/turtlebot3_description:/home/common/colcon_ws/install/turtlebot3_cartographer:/home/common/colcon_ws/install/tms_ss_vicon:/home/common/colcon_ws/install/tms_rc_tfnode:/home/common/colcon_ws/install/turtlebot3_teleop:/home/common/colcon_ws/install/tms_ur_speaker:/home/common/colcon_ws/install/tms_ur_listener:/home/common/colcon_ws/install/tms_ts_ts:/home/common/colcon_ws/install/tms_ts_test:/home/common/colcon_ws/install/tms_ts_subtask:/home/common/colcon_ws/install/tms_ss_whs1:/home/common/colcon_ws/install/tms_rc_double:/home/common/colcon_ws/install/tms_db_manager:/opt/ros/dashing:/home/common/colcon_ws/install/tms_rc_smartpal_control:/home/common/colcon_ws/install/tms_rc_bot:/home/common/colcon_ws/install/tms_nw_rp:/home/common/colcon_ws/install/tms_msg_ur:/home/common/colcon_ws/install/tms_msg_ts:/home/common/colcon_ws/install/tms_msg_ss:/home/common/colcon_ws/install/tms_msg_rc:/home/common/colcon_ws/install/tms_msg_db:/home/common/colcon_ws/install/moveit_msgs:/home/common/colcon_ws/install/octomap_msgs:/home/common/colcon_ws/install/object_recognition_msgs:/home/common/colcon_ws/install/hls_lfcd_lds_driver:/home/common/colcon_ws/install/examples_rclcpp_minimal_timer:/home/common/colcon_ws/install/examples_rclcpp_minimal_subscriber:/home/common/colcon_ws/install/examples_rclcpp_minimal_service:/home/common/colcon_ws/install/examples_rclcpp_minimal_publisher:/home/common/colcon_ws/install/examples_rclcpp_minimal_composition:/home/common/colcon_ws/install/examples_rclcpp_minimal_client:/home/common/colcon_ws/install/examples_rclcpp_minimal_action_server:/home/common/colcon_ws/install/examples_rclcpp_minimal_action_client:/home/common/colcon_ws/install/dynamixel_sdk:/home/common/catkin_ws/devel:/opt/ros/melodic /usr/bin/cmake --build /home/common/colcon_ws/build/object_recognition_msgs -- -j8 -l8
[0.154s] [  1%] Built target object_recognition_msgs__cpp
[0.197s] [ 12%] Built target object_recognition_msgs__rosidl_generator_c
[0.231s] [ 24%] Built target object_recognition_msgs__rosidl_typesupport_fastrtps_cpp
[0.250s] [ 36%] Built target object_recognition_msgs__rosidl_typesupport_introspection_cpp
[0.304s] [ 48%] Built target object_recognition_msgs__rosidl_typesupport_introspection_c
[0.310s] [ 60%] Built target object_recognition_msgs__rosidl_typesupport_fastrtps_c
[0.313s] [ 71%] Built target object_recognition_msgs__rosidl_typesupport_cpp
[0.379s] [ 83%] Built target object_recognition_msgs__rosidl_typesupport_c
[0.413s] [ 83%] Built target object_recognition_msgs
[0.448s] [ 84%] Built target object_recognition_msgs__py
[0.525s] [ 95%] Built target object_recognition_msgs__python
[0.590s] [ 97%] Built target object_recognition_msgs__rosidl_typesupport_fastrtps_c__pyext
[0.598s] [100%] Built target object_recognition_msgs__rosidl_typesupport_c__pyext
[0.619s] Invoked command in '/home/common/colcon_ws/build/object_recognition_msgs' returned '0': CMAKE_PREFIX_PATH=/home/common/colcon_ws/install/turtlebot3:/home/common/colcon_ws/install/turtlebot3_simulations:/home/common/colcon_ws/install/turtlebot3_bringup:/home/common/colcon_ws/install/turtlebot3_node:/home/common/colcon_ws/install/turtlebot3_navigation2:/home/common/colcon_ws/install/turtlebot3_fake_node:/home/common/colcon_ws/install/doublenode:/home/common/colcon_ws/install/turtlebot3_msgs:/home/common/colcon_ws/install/turtlebot3_gazebo:/home/common/colcon_ws/install/turtlebot3_description:/home/common/colcon_ws/install/turtlebot3_cartographer:/home/common/colcon_ws/install/tms_ss_vicon:/home/common/colcon_ws/install/tms_rc_tfnode:/home/common/colcon_ws/install/turtlebot3_teleop:/home/common/colcon_ws/install/tms_ur_speaker:/home/common/colcon_ws/install/tms_ur_listener:/home/common/colcon_ws/install/tms_ts_ts:/home/common/colcon_ws/install/tms_ts_test:/home/common/colcon_ws/install/tms_ts_subtask:/home/common/colcon_ws/install/tms_ss_whs1:/home/common/colcon_ws/install/tms_rc_double:/home/common/colcon_ws/install/tms_db_manager:/opt/ros/dashing:/home/common/colcon_ws/install/tms_rc_smartpal_control:/home/common/colcon_ws/install/tms_rc_bot:/home/common/colcon_ws/install/tms_nw_rp:/home/common/colcon_ws/install/tms_msg_ur:/home/common/colcon_ws/install/tms_msg_ts:/home/common/colcon_ws/install/tms_msg_ss:/home/common/colcon_ws/install/tms_msg_rc:/home/common/colcon_ws/install/tms_msg_db:/home/common/colcon_ws/install/moveit_msgs:/home/common/colcon_ws/install/octomap_msgs:/home/common/colcon_ws/install/object_recognition_msgs:/home/common/colcon_ws/install/hls_lfcd_lds_driver:/home/common/colcon_ws/install/examples_rclcpp_minimal_timer:/home/common/colcon_ws/install/examples_rclcpp_minimal_subscriber:/home/common/colcon_ws/install/examples_rclcpp_minimal_service:/home/common/colcon_ws/install/examples_rclcpp_minimal_publisher:/home/common/colcon_ws/install/examples_rclcpp_minimal_composition:/home/common/colcon_ws/install/examples_rclcpp_minimal_client:/home/common/colcon_ws/install/examples_rclcpp_minimal_action_server:/home/common/colcon_ws/install/examples_rclcpp_minimal_action_client:/home/common/colcon_ws/install/dynamixel_sdk:/home/common/catkin_ws/devel:/opt/ros/melodic /usr/bin/cmake --build /home/common/colcon_ws/build/object_recognition_msgs -- -j8 -l8
[1.193s] Invoking command in '/home/common/colcon_ws/build/object_recognition_msgs': CMAKE_PREFIX_PATH=/home/common/colcon_ws/install/turtlebot3:/home/common/colcon_ws/install/turtlebot3_simulations:/home/common/colcon_ws/install/turtlebot3_bringup:/home/common/colcon_ws/install/turtlebot3_node:/home/common/colcon_ws/install/turtlebot3_navigation2:/home/common/colcon_ws/install/turtlebot3_fake_node:/home/common/colcon_ws/install/doublenode:/home/common/colcon_ws/install/turtlebot3_msgs:/home/common/colcon_ws/install/turtlebot3_gazebo:/home/common/colcon_ws/install/turtlebot3_description:/home/common/colcon_ws/install/turtlebot3_cartographer:/home/common/colcon_ws/install/tms_ss_vicon:/home/common/colcon_ws/install/tms_rc_tfnode:/home/common/colcon_ws/install/turtlebot3_teleop:/home/common/colcon_ws/install/tms_ur_speaker:/home/common/colcon_ws/install/tms_ur_listener:/home/common/colcon_ws/install/tms_ts_ts:/home/common/colcon_ws/install/tms_ts_test:/home/common/colcon_ws/install/tms_ts_subtask:/home/common/colcon_ws/install/tms_ss_whs1:/home/common/colcon_ws/install/tms_rc_double:/home/common/colcon_ws/install/tms_db_manager:/opt/ros/dashing:/home/common/colcon_ws/install/tms_rc_smartpal_control:/home/common/colcon_ws/install/tms_rc_bot:/home/common/colcon_ws/install/tms_nw_rp:/home/common/colcon_ws/install/tms_msg_ur:/home/common/colcon_ws/install/tms_msg_ts:/home/common/colcon_ws/install/tms_msg_ss:/home/common/colcon_ws/install/tms_msg_rc:/home/common/colcon_ws/install/tms_msg_db:/home/common/colcon_ws/install/moveit_msgs:/home/common/colcon_ws/install/octomap_msgs:/home/common/colcon_ws/install/object_recognition_msgs:/home/common/colcon_ws/install/hls_lfcd_lds_driver:/home/common/colcon_ws/install/examples_rclcpp_minimal_timer:/home/common/colcon_ws/install/examples_rclcpp_minimal_subscriber:/home/common/colcon_ws/install/examples_rclcpp_minimal_service:/home/common/colcon_ws/install/examples_rclcpp_minimal_publisher:/home/common/colcon_ws/install/examples_rclcpp_minimal_composition:/home/common/colcon_ws/install/examples_rclcpp_minimal_client:/home/common/colcon_ws/install/examples_rclcpp_minimal_action_server:/home/common/colcon_ws/install/examples_rclcpp_minimal_action_client:/home/common/colcon_ws/install/dynamixel_sdk:/home/common/catkin_ws/devel:/opt/ros/melodic /usr/bin/cmake --build /home/common/colcon_ws/build/object_recognition_msgs --target install -- -j8 -l8
[1.283s] [  1%] Built target object_recognition_msgs__cpp
[1.299s] [ 12%] Built target object_recognition_msgs__rosidl_generator_c
[1.354s] [ 24%] Built target object_recognition_msgs__rosidl_typesupport_introspection_cpp
[1.368s] [ 36%] Built target object_recognition_msgs__rosidl_typesupport_introspection_c
[1.371s] [ 48%] Built target object_recognition_msgs__rosidl_typesupport_fastrtps_cpp
[1.424s] [ 60%] Built target object_recognition_msgs__rosidl_typesupport_cpp
[1.430s] [ 71%] Built target object_recognition_msgs__rosidl_typesupport_fastrtps_c
[1.478s] [ 83%] Built target object_recognition_msgs__rosidl_typesupport_c
[1.505s] [ 83%] Built target object_recognition_msgs
[1.538s] [ 84%] Built target object_recognition_msgs__py
[1.595s] [ 95%] Built target object_recognition_msgs__python
[1.636s] [ 97%] Built target object_recognition_msgs__rosidl_typesupport_fastrtps_c__pyext
[1.637s] [100%] Built target object_recognition_msgs__rosidl_typesupport_c__pyext
[1.671s] [36mInstall the project...[0m
[1.688s] -- Install configuration: ""
[1.689s] -- Execute custom install script
[1.690s] -- Up-to-date symlink: /home/common/colcon_ws/install/object_recognition_msgs/share/ament_index/resource_index/rosidl_interfaces/object_recognition_msgs
[1.690s] -- Up-to-date symlink: /home/common/colcon_ws/install/object_recognition_msgs/lib/libobject_recognition_msgs__rosidl_typesupport_c.so
[1.691s] -- Up-to-date symlink: /home/common/colcon_ws/install/object_recognition_msgs/share/object_recognition_msgs/environment/library_path.sh
[1.692s] -- Up-to-date symlink: /home/common/colcon_ws/install/object_recognition_msgs/lib/libobject_recognition_msgs__rosidl_typesupport_cpp.so
[1.693s] -- Up-to-date symlink: /home/common/colcon_ws/install/object_recognition_msgs/include/object_recognition_msgs/action/object_recognition__rosidl_typesupport_fastrtps_c.h
[1.693s] -- Up-to-date symlink: /home/common/colcon_ws/install/object_recognition_msgs/include/object_recognition_msgs/msg/object_information__rosidl_typesupport_fastrtps_c.h
[1.694s] -- Up-to-date symlink: /home/common/colcon_ws/install/object_recognition_msgs/include/object_recognition_msgs/msg/object_type__rosidl_typesupport_fastrtps_c.h
[1.694s] -- Up-to-date symlink: /home/common/colcon_ws/install/object_recognition_msgs/include/object_recognition_msgs/msg/recognized_object__rosidl_typesupport_fastrtps_c.h
[1.695s] -- Up-to-date symlink: /home/common/colcon_ws/install/object_recognition_msgs/include/object_recognition_msgs/msg/recognized_object_array__rosidl_typesupport_fastrtps_c.h
[1.695s] -- Up-to-date symlink: /home/common/colcon_ws/install/object_recognition_msgs/include/object_recognition_msgs/msg/rosidl_typesupport_fastrtps_c__visibility_control.h
[1.695s] -- Up-to-date symlink: /home/common/colcon_ws/install/object_recognition_msgs/include/object_recognition_msgs/msg/table__rosidl_typesupport_fastrtps_c.h
[1.696s] -- Up-to-date symlink: /home/common/colcon_ws/install/object_recognition_msgs/include/object_recognition_msgs/msg/table_array__rosidl_typesupport_fastrtps_c.h
[1.696s] -- Up-to-date symlink: /home/common/colcon_ws/install/object_recognition_msgs/include/object_recognition_msgs/srv/get_object_information__rosidl_typesupport_fastrtps_c.h
[1.697s] -- Up-to-date symlink: /home/common/colcon_ws/install/object_recognition_msgs/lib/libobject_recognition_msgs__rosidl_typesupport_fastrtps_c.so
[1.698s] -- Up-to-date symlink: /home/common/colcon_ws/install/object_recognition_msgs/include/object_recognition_msgs/action/object_recognition.h
[1.698s] -- Up-to-date symlink: /home/common/colcon_ws/install/object_recognition_msgs/include/object_recognition_msgs/action/object_recognition__functions.h
[1.699s] -- Up-to-date symlink: /home/common/colcon_ws/install/object_recognition_msgs/include/object_recognition_msgs/action/object_recognition__struct.h
[1.699s] -- Up-to-date symlink: /home/common/colcon_ws/install/object_recognition_msgs/include/object_recognition_msgs/action/object_recognition__type_support.h
[1.700s] -- Up-to-date symlink: /home/common/colcon_ws/install/object_recognition_msgs/include/object_recognition_msgs/msg/object_information.h
[1.700s] -- Up-to-date symlink: /home/common/colcon_ws/install/object_recognition_msgs/include/object_recognition_msgs/msg/object_information__functions.h
[1.700s] -- Up-to-date symlink: /home/common/colcon_ws/install/object_recognition_msgs/include/object_recognition_msgs/msg/object_information__struct.h
[1.700s] -- Up-to-date symlink: /home/common/colcon_ws/install/object_recognition_msgs/include/object_recognition_msgs/msg/object_information__type_support.h
[1.701s] -- Up-to-date symlink: /home/common/colcon_ws/install/object_recognition_msgs/include/object_recognition_msgs/msg/object_type.h
[1.701s] -- Up-to-date symlink: /home/common/colcon_ws/install/object_recognition_msgs/include/object_recognition_msgs/msg/object_type__functions.h
[1.701s] -- Up-to-date symlink: /home/common/colcon_ws/install/object_recognition_msgs/include/object_recognition_msgs/msg/object_type__struct.h
[1.702s] -- Up-to-date symlink: /home/common/colcon_ws/install/object_recognition_msgs/include/object_recognition_msgs/msg/object_type__type_support.h
[1.702s] -- Up-to-date symlink: /home/common/colcon_ws/install/object_recognition_msgs/include/object_recognition_msgs/msg/recognized_object.h
[1.702s] -- Up-to-date symlink: /home/common/colcon_ws/install/object_recognition_msgs/include/object_recognition_msgs/msg/recognized_object__functions.h
[1.703s] -- Up-to-date symlink: /home/common/colcon_ws/install/object_recognition_msgs/include/object_recognition_msgs/msg/recognized_object__struct.h
[1.703s] -- Up-to-date symlink: /home/common/colcon_ws/install/object_recognition_msgs/include/object_recognition_msgs/msg/recognized_object__type_support.h
[1.703s] -- Up-to-date symlink: /home/common/colcon_ws/install/object_recognition_msgs/include/object_recognition_msgs/msg/recognized_object_array.h
[1.704s] -- Up-to-date symlink: /home/common/colcon_ws/install/object_recognition_msgs/include/object_recognition_msgs/msg/recognized_object_array__functions.h
[1.704s] -- Up-to-date symlink: /home/common/colcon_ws/install/object_recognition_msgs/include/object_recognition_msgs/msg/recognized_object_array__struct.h
[1.704s] -- Up-to-date symlink: /home/common/colcon_ws/install/object_recognition_msgs/include/object_recognition_msgs/msg/recognized_object_array__type_support.h
[1.704s] -- Up-to-date symlink: /home/common/colcon_ws/install/object_recognition_msgs/include/object_recognition_msgs/msg/rosidl_generator_c__visibility_control.h
[1.705s] -- Up-to-date symlink: /home/common/colcon_ws/install/object_recognition_msgs/include/object_recognition_msgs/msg/table.h
[1.705s] -- Up-to-date symlink: /home/common/colcon_ws/install/object_recognition_msgs/include/object_recognition_msgs/msg/table__functions.h
[1.705s] -- Up-to-date symlink: /home/common/colcon_ws/install/object_recognition_msgs/include/object_recognition_msgs/msg/table__struct.h
[1.706s] -- Up-to-date symlink: /home/common/colcon_ws/install/object_recognition_msgs/include/object_recognition_msgs/msg/table__type_support.h
[1.706s] -- Up-to-date symlink: /home/common/colcon_ws/install/object_recognition_msgs/include/object_recognition_msgs/msg/table_array.h
[1.706s] -- Up-to-date symlink: /home/common/colcon_ws/install/object_recognition_msgs/include/object_recognition_msgs/msg/table_array__functions.h
[1.706s] -- Up-to-date symlink: /home/common/colcon_ws/install/object_recognition_msgs/include/object_recognition_msgs/msg/table_array__struct.h
[1.707s] -- Up-to-date symlink: /home/common/colcon_ws/install/object_recognition_msgs/include/object_recognition_msgs/msg/table_array__type_support.h
[1.707s] -- Up-to-date symlink: /home/common/colcon_ws/install/object_recognition_msgs/include/object_recognition_msgs/srv/get_object_information.h
[1.707s] -- Up-to-date symlink: /home/common/colcon_ws/install/object_recognition_msgs/include/object_recognition_msgs/srv/get_object_information__functions.h
[1.708s] -- Up-to-date symlink: /home/common/colcon_ws/install/object_recognition_msgs/include/object_recognition_msgs/srv/get_object_information__struct.h
[1.708s] -- Up-to-date symlink: /home/common/colcon_ws/install/object_recognition_msgs/include/object_recognition_msgs/srv/get_object_information__type_support.h
[1.709s] -- Up-to-date symlink: /home/common/colcon_ws/install/object_recognition_msgs/lib/libobject_recognition_msgs__rosidl_generator_c.so
[1.711s] -- Up-to-date symlink: /home/common/colcon_ws/install/object_recognition_msgs/include/object_recognition_msgs/action/object_recognition__rosidl_typesupport_fastrtps_cpp.hpp
[1.711s] -- Up-to-date symlink: /home/common/colcon_ws/install/object_recognition_msgs/include/object_recognition_msgs/msg/object_information__rosidl_typesupport_fastrtps_cpp.hpp
[1.712s] -- Up-to-date symlink: /home/common/colcon_ws/install/object_recognition_msgs/include/object_recognition_msgs/msg/object_type__rosidl_typesupport_fastrtps_cpp.hpp
[1.712s] -- Up-to-date symlink: /home/common/colcon_ws/install/object_recognition_msgs/include/object_recognition_msgs/msg/recognized_object__rosidl_typesupport_fastrtps_cpp.hpp
[1.712s] -- Up-to-date symlink: /home/common/colcon_ws/install/object_recognition_msgs/include/object_recognition_msgs/msg/recognized_object_array__rosidl_typesupport_fastrtps_cpp.hpp
[1.713s] -- Up-to-date symlink: /home/common/colcon_ws/install/object_recognition_msgs/include/object_recognition_msgs/msg/rosidl_typesupport_fastrtps_cpp__visibility_control.h
[1.713s] -- Up-to-date symlink: /home/common/colcon_ws/install/object_recognition_msgs/include/object_recognition_msgs/msg/table__rosidl_typesupport_fastrtps_cpp.hpp
[1.714s] -- Up-to-date symlink: /home/common/colcon_ws/install/object_recognition_msgs/include/object_recognition_msgs/msg/table_array__rosidl_typesupport_fastrtps_cpp.hpp
[1.715s] -- Up-to-date symlink: /home/common/colcon_ws/install/object_recognition_msgs/include/object_recognition_msgs/srv/get_object_information__rosidl_typesupport_fastrtps_cpp.hpp
[1.715s] -- Up-to-date symlink: /home/common/colcon_ws/install/object_recognition_msgs/lib/libobject_recognition_msgs__rosidl_typesupport_fastrtps_cpp.so
[1.718s] -- Up-to-date symlink: /home/common/colcon_ws/install/object_recognition_msgs/include/object_recognition_msgs/action/object_recognition.hpp
[1.721s] -- Up-to-date symlink: /home/common/colcon_ws/install/object_recognition_msgs/include/object_recognition_msgs/action/object_recognition__struct.hpp
[1.725s] -- Up-to-date symlink: /home/common/colcon_ws/install/object_recognition_msgs/include/object_recognition_msgs/action/object_recognition__traits.hpp
[1.725s] -- Up-to-date symlink: /home/common/colcon_ws/install/object_recognition_msgs/include/object_recognition_msgs/msg/object_information.hpp
[1.725s] -- Up-to-date symlink: /home/common/colcon_ws/install/object_recognition_msgs/include/object_recognition_msgs/msg/object_information__struct.hpp
[1.726s] -- Up-to-date symlink: /home/common/colcon_ws/install/object_recognition_msgs/include/object_recognition_msgs/msg/object_information__traits.hpp
[1.726s] -- Up-to-date symlink: /home/common/colcon_ws/install/object_recognition_msgs/include/object_recognition_msgs/msg/object_type.hpp
[1.726s] -- Up-to-date symlink: /home/common/colcon_ws/install/object_recognition_msgs/include/object_recognition_msgs/msg/object_type__struct.hpp
[1.727s] -- Up-to-date symlink: /home/common/colcon_ws/install/object_recognition_msgs/include/object_recognition_msgs/msg/object_type__traits.hpp
[1.727s] -- Up-to-date symlink: /home/common/colcon_ws/install/object_recognition_msgs/include/object_recognition_msgs/msg/recognized_object.hpp
[1.727s] -- Up-to-date symlink: /home/common/colcon_ws/install/object_recognition_msgs/include/object_recognition_msgs/msg/recognized_object__struct.hpp
[1.727s] -- Up-to-date symlink: /home/common/colcon_ws/install/object_recognition_msgs/include/object_recognition_msgs/msg/recognized_object__traits.hpp
[1.728s] -- Up-to-date symlink: /home/common/colcon_ws/install/object_recognition_msgs/include/object_recognition_msgs/msg/recognized_object_array.hpp
[1.728s] -- Up-to-date symlink: /home/common/colcon_ws/install/object_recognition_msgs/include/object_recognition_msgs/msg/recognized_object_array__struct.hpp
[1.728s] -- Up-to-date symlink: /home/common/colcon_ws/install/object_recognition_msgs/include/object_recognition_msgs/msg/recognized_object_array__traits.hpp
[1.730s] -- Up-to-date symlink: /home/common/colcon_ws/install/object_recognition_msgs/include/object_recognition_msgs/msg/table.hpp
[1.737s] -- Up-to-date symlink: /home/common/colcon_ws/install/object_recognition_msgs/include/object_recognition_msgs/msg/table__struct.hpp
[1.737s] -- Up-to-date symlink: /home/common/colcon_ws/install/object_recognition_msgs/include/object_recognition_msgs/msg/table__traits.hpp
[1.739s] -- Up-to-date symlink: /home/common/colcon_ws/install/object_recognition_msgs/include/object_recognition_msgs/msg/table_array.hpp
[1.739s] -- Up-to-date symlink: /home/common/colcon_ws/install/object_recognition_msgs/include/object_recognition_msgs/msg/table_array__struct.hpp
[1.740s] -- Up-to-date symlink: /home/common/colcon_ws/install/object_recognition_msgs/include/object_recognition_msgs/msg/table_array__traits.hpp
[1.741s] -- Up-to-date symlink: /home/common/colcon_ws/install/object_recognition_msgs/include/object_recognition_msgs/srv/get_object_information.hpp
[1.741s] -- Up-to-date symlink: /home/common/colcon_ws/install/object_recognition_msgs/include/object_recognition_msgs/srv/get_object_information__struct.hpp
[1.741s] -- Up-to-date symlink: /home/common/colcon_ws/install/object_recognition_msgs/include/object_recognition_msgs/srv/get_object_information__traits.hpp
[1.741s] -- Up-to-date symlink: /home/common/colcon_ws/install/object_recognition_msgs/include/object_recognition_msgs/action/object_recognition__rosidl_typesupport_introspection_c.h
[1.742s] -- Up-to-date symlink: /home/common/colcon_ws/install/object_recognition_msgs/include/object_recognition_msgs/msg/object_information__rosidl_typesupport_introspection_c.h
[1.742s] -- Up-to-date symlink: /home/common/colcon_ws/install/object_recognition_msgs/include/object_recognition_msgs/msg/object_type__rosidl_typesupport_introspection_c.h
[1.743s] -- Up-to-date symlink: /home/common/colcon_ws/install/object_recognition_msgs/include/object_recognition_msgs/msg/recognized_object__rosidl_typesupport_introspection_c.h
[1.744s] -- Up-to-date symlink: /home/common/colcon_ws/install/object_recognition_msgs/include/object_recognition_msgs/msg/recognized_object_array__rosidl_typesupport_introspection_c.h
[1.745s] -- Up-to-date symlink: /home/common/colcon_ws/install/object_recognition_msgs/include/object_recognition_msgs/msg/rosidl_typesupport_introspection_c__visibility_control.h
[1.745s] -- Up-to-date symlink: /home/common/colcon_ws/install/object_recognition_msgs/include/object_recognition_msgs/msg/table__rosidl_typesupport_introspection_c.h
[1.746s] -- Up-to-date symlink: /home/common/colcon_ws/install/object_recognition_msgs/include/object_recognition_msgs/msg/table_array__rosidl_typesupport_introspection_c.h
[1.746s] -- Up-to-date symlink: /home/common/colcon_ws/install/object_recognition_msgs/include/object_recognition_msgs/srv/get_object_information__rosidl_typesupport_introspection_c.h
[1.746s] -- Up-to-date symlink: /home/common/colcon_ws/install/object_recognition_msgs/lib/libobject_recognition_msgs__rosidl_typesupport_introspection_c.so
[1.747s] -- Up-to-date symlink: /home/common/colcon_ws/install/object_recognition_msgs/include/object_recognition_msgs/action/object_recognition__rosidl_typesupport_introspection_cpp.hpp
[1.747s] -- Up-to-date symlink: /home/common/colcon_ws/install/object_recognition_msgs/include/object_recognition_msgs/msg/object_information__rosidl_typesupport_introspection_cpp.hpp
[1.748s] -- Up-to-date symlink: /home/common/colcon_ws/install/object_recognition_msgs/include/object_recognition_msgs/msg/object_type__rosidl_typesupport_introspection_cpp.hpp
[1.748s] -- Up-to-date symlink: /home/common/colcon_ws/install/object_recognition_msgs/include/object_recognition_msgs/msg/recognized_object__rosidl_typesupport_introspection_cpp.hpp
[1.748s] -- Up-to-date symlink: /home/common/colcon_ws/install/object_recognition_msgs/include/object_recognition_msgs/msg/recognized_object_array__rosidl_typesupport_introspection_cpp.hpp
[1.749s] -- Up-to-date symlink: /home/common/colcon_ws/install/object_recognition_msgs/include/object_recognition_msgs/msg/table__rosidl_typesupport_introspection_cpp.hpp
[1.749s] -- Up-to-date symlink: /home/common/colcon_ws/install/object_recognition_msgs/include/object_recognition_msgs/msg/table_array__rosidl_typesupport_introspection_cpp.hpp
[1.750s] -- Up-to-date symlink: /home/common/colcon_ws/install/object_recognition_msgs/include/object_recognition_msgs/srv/get_object_information__rosidl_typesupport_introspection_cpp.hpp
[1.750s] -- Up-to-date symlink: /home/common/colcon_ws/install/object_recognition_msgs/lib/libobject_recognition_msgs__rosidl_typesupport_introspection_cpp.so
[1.750s] -- Up-to-date symlink: /home/common/colcon_ws/install/object_recognition_msgs/share/object_recognition_msgs/environment/pythonpath.sh
[1.751s] -- Up-to-date symlink: /home/common/colcon_ws/install/object_recognition_msgs/lib/python3.6/site-packages/object_recognition_msgs/__init__.py
[1.751s] -- Up-to-date symlink: /home/common/colcon_ws/install/object_recognition_msgs/lib/python3.6/site-packages/object_recognition_msgs/msg/__init__.py
[1.751s] -- Up-to-date symlink: /home/common/colcon_ws/install/object_recognition_msgs/lib/python3.6/site-packages/object_recognition_msgs/msg/_object_information.py
[1.751s] -- Up-to-date symlink: /home/common/colcon_ws/install/object_recognition_msgs/lib/python3.6/site-packages/object_recognition_msgs/msg/_object_type.py
[1.751s] -- Up-to-date symlink: /home/common/colcon_ws/install/object_recognition_msgs/lib/python3.6/site-packages/object_recognition_msgs/msg/_recognized_object.py
[1.751s] -- Up-to-date symlink: /home/common/colcon_ws/install/object_recognition_msgs/lib/python3.6/site-packages/object_recognition_msgs/msg/_recognized_object_array.py
[1.751s] -- Up-to-date symlink: /home/common/colcon_ws/install/object_recognition_msgs/lib/python3.6/site-packages/object_recognition_msgs/msg/_table.py
[1.752s] -- Up-to-date symlink: /home/common/colcon_ws/install/object_recognition_msgs/lib/python3.6/site-packages/object_recognition_msgs/msg/_table_array.py
[1.752s] -- Up-to-date symlink: /home/common/colcon_ws/install/object_recognition_msgs/lib/python3.6/site-packages/object_recognition_msgs/srv/__init__.py
[1.752s] -- Up-to-date symlink: /home/common/colcon_ws/install/object_recognition_msgs/lib/python3.6/site-packages/object_recognition_msgs/srv/_get_object_information.py
[1.752s] -- Up-to-date symlink: /home/common/colcon_ws/install/object_recognition_msgs/lib/python3.6/site-packages/object_recognition_msgs/action/__init__.py
[1.752s] -- Up-to-date symlink: /home/common/colcon_ws/install/object_recognition_msgs/lib/python3.6/site-packages/object_recognition_msgs/action/_object_recognition.py
[1.752s] -- Up-to-date symlink: /home/common/colcon_ws/install/object_recognition_msgs/lib/python3.6/site-packages/object_recognition_msgs/object_recognition_msgs_s__rosidl_typesupport_c.cpython-36m-x86_64-linux-gnu.so
[1.752s] -- Up-to-date symlink: /home/common/colcon_ws/install/object_recognition_msgs/lib/python3.6/site-packages/object_recognition_msgs/object_recognition_msgs_s__rosidl_typesupport_fastrtps_c.cpython-36m-x86_64-linux-gnu.so
[1.752s] -- Up-to-date symlink: /home/common/colcon_ws/install/object_recognition_msgs/lib/libobject_recognition_msgs__python.so
[1.753s] -- Up-to-date symlink: /home/common/colcon_ws/install/object_recognition_msgs/share/object_recognition_msgs/msg/ObjectInformation.idl
[1.753s] -- Up-to-date symlink: /home/common/colcon_ws/install/object_recognition_msgs/share/object_recognition_msgs/msg/ObjectType.idl
[1.753s] -- Up-to-date symlink: /home/common/colcon_ws/install/object_recognition_msgs/share/object_recognition_msgs/msg/RecognizedObject.idl
[1.753s] -- Up-to-date symlink: /home/common/colcon_ws/install/object_recognition_msgs/share/object_recognition_msgs/msg/RecognizedObjectArray.idl
[1.754s] -- Up-to-date symlink: /home/common/colcon_ws/install/object_recognition_msgs/share/object_recognition_msgs/msg/Table.idl
[1.754s] -- Up-to-date symlink: /home/common/colcon_ws/install/object_recognition_msgs/share/object_recognition_msgs/msg/TableArray.idl
[1.754s] -- Up-to-date symlink: /home/common/colcon_ws/install/object_recognition_msgs/share/object_recognition_msgs/srv/GetObjectInformation.idl
[1.755s] -- Up-to-date symlink: /home/common/colcon_ws/install/object_recognition_msgs/share/object_recognition_msgs/action/ObjectRecognition.idl
[1.755s] -- Up-to-date symlink: /home/common/colcon_ws/install/object_recognition_msgs/share/object_recognition_msgs/msg/ObjectInformation.msg
[1.755s] -- Up-to-date symlink: /home/common/colcon_ws/install/object_recognition_msgs/share/object_recognition_msgs/msg/ObjectType.msg
[1.756s] -- Up-to-date symlink: /home/common/colcon_ws/install/object_recognition_msgs/share/object_recognition_msgs/msg/RecognizedObject.msg
[1.758s] -- Up-to-date symlink: /home/common/colcon_ws/install/object_recognition_msgs/share/object_recognition_msgs/msg/RecognizedObjectArray.msg
[1.771s] -- Up-to-date symlink: /home/common/colcon_ws/install/object_recognition_msgs/share/object_recognition_msgs/msg/Table.msg
[1.771s] -- Up-to-date symlink: /home/common/colcon_ws/install/object_recognition_msgs/share/object_recognition_msgs/msg/TableArray.msg
[1.771s] -- Up-to-date symlink: /home/common/colcon_ws/install/object_recognition_msgs/share/object_recognition_msgs/srv/GetObjectInformation.srv
[1.771s] -- Up-to-date symlink: /home/common/colcon_ws/install/object_recognition_msgs/share/object_recognition_msgs/srv/GetObjectInformation_Request.msg
[1.771s] -- Up-to-date symlink: /home/common/colcon_ws/install/object_recognition_msgs/share/object_recognition_msgs/srv/GetObjectInformation_Response.msg
[1.772s] -- Up-to-date symlink: /home/common/colcon_ws/install/object_recognition_msgs/share/object_recognition_msgs/action/ObjectRecognition.action
[1.772s] -- Up-to-date symlink: /home/common/colcon_ws/install/object_recognition_msgs/share/ament_index/resource_index/package_run_dependencies/object_recognition_msgs
[1.772s] -- Up-to-date symlink: /home/common/colcon_ws/install/object_recognition_msgs/share/ament_index/resource_index/parent_prefix_path/object_recognition_msgs
[1.772s] -- Up-to-date symlink: /home/common/colcon_ws/install/object_recognition_msgs/share/object_recognition_msgs/environment/ament_prefix_path.sh
[1.772s] -- Up-to-date symlink: /home/common/colcon_ws/install/object_recognition_msgs/share/object_recognition_msgs/environment/path.sh
[1.772s] -- Up-to-date symlink: /home/common/colcon_ws/install/object_recognition_msgs/share/object_recognition_msgs/local_setup.bash
[1.772s] -- Up-to-date symlink: /home/common/colcon_ws/install/object_recognition_msgs/share/object_recognition_msgs/local_setup.sh
[1.772s] -- Up-to-date symlink: /home/common/colcon_ws/install/object_recognition_msgs/share/object_recognition_msgs/local_setup.zsh
[1.773s] -- Up-to-date symlink: /home/common/colcon_ws/install/object_recognition_msgs/share/ament_index/resource_index/packages/object_recognition_msgs
[1.773s] -- Up-to-date symlink: /home/common/colcon_ws/install/object_recognition_msgs/share/object_recognition_msgs/cmake/rosidl_cmake-extras.cmake
[1.773s] -- Up-to-date symlink: /home/common/colcon_ws/install/object_recognition_msgs/share/object_recognition_msgs/cmake/ament_cmake_export_dependencies-extras.cmake
[1.774s] -- Up-to-date symlink: /home/common/colcon_ws/install/object_recognition_msgs/share/object_recognition_msgs/cmake/ament_cmake_export_libraries-extras.cmake
[1.774s] -- Up-to-date symlink: /home/common/colcon_ws/install/object_recognition_msgs/share/object_recognition_msgs/cmake/ament_cmake_export_include_directories-extras.cmake
[1.774s] -- Up-to-date symlink: /home/common/colcon_ws/install/object_recognition_msgs/share/object_recognition_msgs/cmake/object_recognition_msgsConfig.cmake
[1.774s] -- Up-to-date symlink: /home/common/colcon_ws/install/object_recognition_msgs/share/object_recognition_msgs/cmake/object_recognition_msgsConfig-version.cmake
[1.774s] -- Up-to-date symlink: /home/common/colcon_ws/install/object_recognition_msgs/share/object_recognition_msgs/package.xml
[1.877s] Invoked command in '/home/common/colcon_ws/build/object_recognition_msgs' returned '0': CMAKE_PREFIX_PATH=/home/common/colcon_ws/install/turtlebot3:/home/common/colcon_ws/install/turtlebot3_simulations:/home/common/colcon_ws/install/turtlebot3_bringup:/home/common/colcon_ws/install/turtlebot3_node:/home/common/colcon_ws/install/turtlebot3_navigation2:/home/common/colcon_ws/install/turtlebot3_fake_node:/home/common/colcon_ws/install/doublenode:/home/common/colcon_ws/install/turtlebot3_msgs:/home/common/colcon_ws/install/turtlebot3_gazebo:/home/common/colcon_ws/install/turtlebot3_description:/home/common/colcon_ws/install/turtlebot3_cartographer:/home/common/colcon_ws/install/tms_ss_vicon:/home/common/colcon_ws/install/tms_rc_tfnode:/home/common/colcon_ws/install/turtlebot3_teleop:/home/common/colcon_ws/install/tms_ur_speaker:/home/common/colcon_ws/install/tms_ur_listener:/home/common/colcon_ws/install/tms_ts_ts:/home/common/colcon_ws/install/tms_ts_test:/home/common/colcon_ws/install/tms_ts_subtask:/home/common/colcon_ws/install/tms_ss_whs1:/home/common/colcon_ws/install/tms_rc_double:/home/common/colcon_ws/install/tms_db_manager:/opt/ros/dashing:/home/common/colcon_ws/install/tms_rc_smartpal_control:/home/common/colcon_ws/install/tms_rc_bot:/home/common/colcon_ws/install/tms_nw_rp:/home/common/colcon_ws/install/tms_msg_ur:/home/common/colcon_ws/install/tms_msg_ts:/home/common/colcon_ws/install/tms_msg_ss:/home/common/colcon_ws/install/tms_msg_rc:/home/common/colcon_ws/install/tms_msg_db:/home/common/colcon_ws/install/moveit_msgs:/home/common/colcon_ws/install/octomap_msgs:/home/common/colcon_ws/install/object_recognition_msgs:/home/common/colcon_ws/install/hls_lfcd_lds_driver:/home/common/colcon_ws/install/examples_rclcpp_minimal_timer:/home/common/colcon_ws/install/examples_rclcpp_minimal_subscriber:/home/common/colcon_ws/install/examples_rclcpp_minimal_service:/home/common/colcon_ws/install/examples_rclcpp_minimal_publisher:/home/common/colcon_ws/install/examples_rclcpp_minimal_composition:/home/common/colcon_ws/install/examples_rclcpp_minimal_client:/home/common/colcon_ws/install/examples_rclcpp_minimal_action_server:/home/common/colcon_ws/install/examples_rclcpp_minimal_action_client:/home/common/colcon_ws/install/dynamixel_sdk:/home/common/catkin_ws/devel:/opt/ros/melodic /usr/bin/cmake --build /home/common/colcon_ws/build/object_recognition_msgs --target install -- -j8 -l8
