[0.031s] Invoking command in '/home/common/colcon_ws/build/turtlebot3_bringup': AMENT_PREFIX_PATH=/home/common/colcon_ws/install/turtlebot3_node:/home/common/colcon_ws/install/turtlebot3_msgs:/home/common/colcon_ws/install/turtlebot3_description:/home/common/colcon_ws/install/hls_lfcd_lds_driver:/home/common/colcon_ws/install/dynamixel_sdk CMAKE_PREFIX_PATH=/home/common/colcon_ws/install/turtlebot3_node:/home/common/colcon_ws/install/turtlebot3_msgs:/home/common/colcon_ws/install/turtlebot3_description:/home/common/colcon_ws/install/hls_lfcd_lds_driver:/home/common/colcon_ws/install/dynamixel_sdk:${CMAKE_PREFIX_PATH} LD_LIBRARY_PATH=/home/common/colcon_ws/install/turtlebot3_msgs/lib:/home/common/colcon_ws/install/dynamixel_sdk/lib:${LD_LIBRARY_PATH} PYTHONPATH=/home/common/colcon_ws/install/turtlebot3_msgs/lib/python3.6/site-packages:${PYTHONPATH} /usr/bin/cmake --build /home/common/colcon_ws/build/turtlebot3_bringup -- -j8 -l8
[0.110s] Invoked command in '/home/common/colcon_ws/build/turtlebot3_bringup' returned '0': AMENT_PREFIX_PATH=/home/common/colcon_ws/install/turtlebot3_node:/home/common/colcon_ws/install/turtlebot3_msgs:/home/common/colcon_ws/install/turtlebot3_description:/home/common/colcon_ws/install/hls_lfcd_lds_driver:/home/common/colcon_ws/install/dynamixel_sdk CMAKE_PREFIX_PATH=/home/common/colcon_ws/install/turtlebot3_node:/home/common/colcon_ws/install/turtlebot3_msgs:/home/common/colcon_ws/install/turtlebot3_description:/home/common/colcon_ws/install/hls_lfcd_lds_driver:/home/common/colcon_ws/install/dynamixel_sdk:${CMAKE_PREFIX_PATH} LD_LIBRARY_PATH=/home/common/colcon_ws/install/turtlebot3_msgs/lib:/home/common/colcon_ws/install/dynamixel_sdk/lib:${LD_LIBRARY_PATH} PYTHONPATH=/home/common/colcon_ws/install/turtlebot3_msgs/lib/python3.6/site-packages:${PYTHONPATH} /usr/bin/cmake --build /home/common/colcon_ws/build/turtlebot3_bringup -- -j8 -l8
[0.164s] Invoking command in '/home/common/colcon_ws/build/turtlebot3_bringup': AMENT_PREFIX_PATH=/home/common/colcon_ws/install/turtlebot3_node:/home/common/colcon_ws/install/turtlebot3_msgs:/home/common/colcon_ws/install/turtlebot3_description:/home/common/colcon_ws/install/hls_lfcd_lds_driver:/home/common/colcon_ws/install/dynamixel_sdk CMAKE_PREFIX_PATH=/home/common/colcon_ws/install/turtlebot3_node:/home/common/colcon_ws/install/turtlebot3_msgs:/home/common/colcon_ws/install/turtlebot3_description:/home/common/colcon_ws/install/hls_lfcd_lds_driver:/home/common/colcon_ws/install/dynamixel_sdk:${CMAKE_PREFIX_PATH} LD_LIBRARY_PATH=/home/common/colcon_ws/install/turtlebot3_msgs/lib:/home/common/colcon_ws/install/dynamixel_sdk/lib:${LD_LIBRARY_PATH} PYTHONPATH=/home/common/colcon_ws/install/turtlebot3_msgs/lib/python3.6/site-packages:${PYTHONPATH} /usr/bin/cmake --build /home/common/colcon_ws/build/turtlebot3_bringup --target install -- -j8 -l8
[0.260s] [36mInstall the project...[0m
[0.276s] -- Install configuration: ""
[0.276s] -- Execute custom install script
[0.277s] -- Up-to-date symlink: /home/common/colcon_ws/install/turtlebot3_bringup/share/turtlebot3_bringup/launch/robot.launch.py
[0.277s] -- Up-to-date symlink: /home/common/colcon_ws/install/turtlebot3_bringup/share/turtlebot3_bringup/launch/rviz2.launch.py
[0.277s] -- Up-to-date symlink: /home/common/colcon_ws/install/turtlebot3_bringup/share/turtlebot3_bringup/launch/turtlebot3_state_publisher.launch.py
[0.280s] -- Up-to-date symlink: /home/common/colcon_ws/install/turtlebot3_bringup/share/turtlebot3_bringup/param/burger.yaml
[0.280s] -- Up-to-date symlink: /home/common/colcon_ws/install/turtlebot3_bringup/share/turtlebot3_bringup/param/waffle.yaml
[0.281s] -- Up-to-date symlink: /home/common/colcon_ws/install/turtlebot3_bringup/share/turtlebot3_bringup/param/waffle_pi.yaml
[0.281s] -- Up-to-date symlink: /home/common/colcon_ws/install/turtlebot3_bringup/share/ament_index/resource_index/package_run_dependencies/turtlebot3_bringup
[0.281s] -- Up-to-date symlink: /home/common/colcon_ws/install/turtlebot3_bringup/share/ament_index/resource_index/parent_prefix_path/turtlebot3_bringup
[0.282s] -- Up-to-date symlink: /home/common/colcon_ws/install/turtlebot3_bringup/share/turtlebot3_bringup/environment/ament_prefix_path.sh
[0.282s] -- Up-to-date symlink: /home/common/colcon_ws/install/turtlebot3_bringup/share/turtlebot3_bringup/environment/path.sh
[0.282s] -- Up-to-date symlink: /home/common/colcon_ws/install/turtlebot3_bringup/share/turtlebot3_bringup/local_setup.bash
[0.282s] -- Up-to-date symlink: /home/common/colcon_ws/install/turtlebot3_bringup/share/turtlebot3_bringup/local_setup.sh
[0.282s] -- Up-to-date symlink: /home/common/colcon_ws/install/turtlebot3_bringup/share/turtlebot3_bringup/local_setup.zsh
[0.283s] -- Up-to-date symlink: /home/common/colcon_ws/install/turtlebot3_bringup/share/ament_index/resource_index/packages/turtlebot3_bringup
[0.283s] -- Up-to-date symlink: /home/common/colcon_ws/install/turtlebot3_bringup/share/turtlebot3_bringup/cmake/turtlebot3_bringupConfig.cmake
[0.283s] -- Up-to-date symlink: /home/common/colcon_ws/install/turtlebot3_bringup/share/turtlebot3_bringup/cmake/turtlebot3_bringupConfig-version.cmake
[0.283s] -- Up-to-date symlink: /home/common/colcon_ws/install/turtlebot3_bringup/share/turtlebot3_bringup/package.xml
[0.301s] Invoked command in '/home/common/colcon_ws/build/turtlebot3_bringup' returned '0': AMENT_PREFIX_PATH=/home/common/colcon_ws/install/turtlebot3_node:/home/common/colcon_ws/install/turtlebot3_msgs:/home/common/colcon_ws/install/turtlebot3_description:/home/common/colcon_ws/install/hls_lfcd_lds_driver:/home/common/colcon_ws/install/dynamixel_sdk CMAKE_PREFIX_PATH=/home/common/colcon_ws/install/turtlebot3_node:/home/common/colcon_ws/install/turtlebot3_msgs:/home/common/colcon_ws/install/turtlebot3_description:/home/common/colcon_ws/install/hls_lfcd_lds_driver:/home/common/colcon_ws/install/dynamixel_sdk:${CMAKE_PREFIX_PATH} LD_LIBRARY_PATH=/home/common/colcon_ws/install/turtlebot3_msgs/lib:/home/common/colcon_ws/install/dynamixel_sdk/lib:${LD_LIBRARY_PATH} PYTHONPATH=/home/common/colcon_ws/install/turtlebot3_msgs/lib/python3.6/site-packages:${PYTHONPATH} /usr/bin/cmake --build /home/common/colcon_ws/build/turtlebot3_bringup --target install -- -j8 -l8
