[0.068s] Invoking command in '/home/common/colcon_ws/build/tms_msg_ur': CMAKE_PREFIX_PATH=/home/common/colcon_ws/install/turtlebot3:/home/common/colcon_ws/install/turtlebot3_simulations:/home/common/colcon_ws/install/turtlebot3_bringup:/home/common/colcon_ws/install/turtlebot3_node:/home/common/colcon_ws/install/turtlebot3_navigation2:/home/common/colcon_ws/install/turtlebot3_fake_node:/home/common/colcon_ws/install/doublenode:/home/common/colcon_ws/install/turtlebot3_msgs:/home/common/colcon_ws/install/turtlebot3_gazebo:/home/common/colcon_ws/install/turtlebot3_description:/home/common/colcon_ws/install/turtlebot3_cartographer:/home/common/colcon_ws/install/tms_ss_vicon:/home/common/colcon_ws/install/tms_rc_tfnode:/home/common/colcon_ws/install/turtlebot3_teleop:/home/common/colcon_ws/install/tms_ur_speaker:/home/common/colcon_ws/install/tms_ur_listener:/home/common/colcon_ws/install/tms_ts_ts:/home/common/colcon_ws/install/tms_ts_test:/home/common/colcon_ws/install/tms_ts_subtask:/home/common/colcon_ws/install/tms_ss_whs1:/home/common/colcon_ws/install/tms_rc_double:/home/common/colcon_ws/install/tms_db_manager:/opt/ros/dashing:/home/common/colcon_ws/install/tms_rc_smartpal_control:/home/common/colcon_ws/install/tms_rc_bot:/home/common/colcon_ws/install/tms_nw_rp:/home/common/colcon_ws/install/tms_msg_ur:/home/common/colcon_ws/install/tms_msg_ts:/home/common/colcon_ws/install/tms_msg_ss:/home/common/colcon_ws/install/tms_msg_rc:/home/common/colcon_ws/install/tms_msg_db:/home/common/colcon_ws/install/moveit_msgs:/home/common/colcon_ws/install/octomap_msgs:/home/common/colcon_ws/install/object_recognition_msgs:/home/common/colcon_ws/install/hls_lfcd_lds_driver:/home/common/colcon_ws/install/examples_rclcpp_minimal_timer:/home/common/colcon_ws/install/examples_rclcpp_minimal_subscriber:/home/common/colcon_ws/install/examples_rclcpp_minimal_service:/home/common/colcon_ws/install/examples_rclcpp_minimal_publisher:/home/common/colcon_ws/install/examples_rclcpp_minimal_composition:/home/common/colcon_ws/install/examples_rclcpp_minimal_client:/home/common/colcon_ws/install/examples_rclcpp_minimal_action_server:/home/common/colcon_ws/install/examples_rclcpp_minimal_action_client:/home/common/colcon_ws/install/dynamixel_sdk:/home/common/catkin_ws/devel:/opt/ros/melodic /usr/bin/cmake --build /home/common/colcon_ws/build/tms_msg_ur -- -j8 -l8
[0.165s] [  1%] Built target tms_msg_ur__cpp
[0.173s] [ 13%] Built target tms_msg_ur__rosidl_generator_c
[0.210s] [ 24%] Built target tms_msg_ur__rosidl_typesupport_introspection_cpp
[0.216s] [ 35%] Built target tms_msg_ur__rosidl_typesupport_introspection_c
[0.220s] [ 47%] Built target tms_msg_ur__rosidl_typesupport_fastrtps_cpp
[0.280s] [ 58%] Built target tms_msg_ur__rosidl_typesupport_fastrtps_c
[0.282s] [ 69%] Built target tms_msg_ur__rosidl_typesupport_cpp
[0.320s] [ 81%] Built target tms_msg_ur__rosidl_typesupport_c
[0.347s] [ 81%] Built target tms_msg_ur
[0.373s] [ 83%] Built target tms_msg_ur__py
[0.406s] [ 92%] Built target tms_msg_ur__python
[0.442s] [ 96%] Built target tms_msg_ur__rosidl_typesupport_c__pyext
[0.446s] [100%] Built target tms_msg_ur__rosidl_typesupport_fastrtps_c__pyext
[0.886s] Invoked command in '/home/common/colcon_ws/build/tms_msg_ur' returned '0': CMAKE_PREFIX_PATH=/home/common/colcon_ws/install/turtlebot3:/home/common/colcon_ws/install/turtlebot3_simulations:/home/common/colcon_ws/install/turtlebot3_bringup:/home/common/colcon_ws/install/turtlebot3_node:/home/common/colcon_ws/install/turtlebot3_navigation2:/home/common/colcon_ws/install/turtlebot3_fake_node:/home/common/colcon_ws/install/doublenode:/home/common/colcon_ws/install/turtlebot3_msgs:/home/common/colcon_ws/install/turtlebot3_gazebo:/home/common/colcon_ws/install/turtlebot3_description:/home/common/colcon_ws/install/turtlebot3_cartographer:/home/common/colcon_ws/install/tms_ss_vicon:/home/common/colcon_ws/install/tms_rc_tfnode:/home/common/colcon_ws/install/turtlebot3_teleop:/home/common/colcon_ws/install/tms_ur_speaker:/home/common/colcon_ws/install/tms_ur_listener:/home/common/colcon_ws/install/tms_ts_ts:/home/common/colcon_ws/install/tms_ts_test:/home/common/colcon_ws/install/tms_ts_subtask:/home/common/colcon_ws/install/tms_ss_whs1:/home/common/colcon_ws/install/tms_rc_double:/home/common/colcon_ws/install/tms_db_manager:/opt/ros/dashing:/home/common/colcon_ws/install/tms_rc_smartpal_control:/home/common/colcon_ws/install/tms_rc_bot:/home/common/colcon_ws/install/tms_nw_rp:/home/common/colcon_ws/install/tms_msg_ur:/home/common/colcon_ws/install/tms_msg_ts:/home/common/colcon_ws/install/tms_msg_ss:/home/common/colcon_ws/install/tms_msg_rc:/home/common/colcon_ws/install/tms_msg_db:/home/common/colcon_ws/install/moveit_msgs:/home/common/colcon_ws/install/octomap_msgs:/home/common/colcon_ws/install/object_recognition_msgs:/home/common/colcon_ws/install/hls_lfcd_lds_driver:/home/common/colcon_ws/install/examples_rclcpp_minimal_timer:/home/common/colcon_ws/install/examples_rclcpp_minimal_subscriber:/home/common/colcon_ws/install/examples_rclcpp_minimal_service:/home/common/colcon_ws/install/examples_rclcpp_minimal_publisher:/home/common/colcon_ws/install/examples_rclcpp_minimal_composition:/home/common/colcon_ws/install/examples_rclcpp_minimal_client:/home/common/colcon_ws/install/examples_rclcpp_minimal_action_server:/home/common/colcon_ws/install/examples_rclcpp_minimal_action_client:/home/common/colcon_ws/install/dynamixel_sdk:/home/common/catkin_ws/devel:/opt/ros/melodic /usr/bin/cmake --build /home/common/colcon_ws/build/tms_msg_ur -- -j8 -l8
[1.508s] Invoking command in '/home/common/colcon_ws/build/tms_msg_ur': CMAKE_PREFIX_PATH=/home/common/colcon_ws/install/turtlebot3:/home/common/colcon_ws/install/turtlebot3_simulations:/home/common/colcon_ws/install/turtlebot3_bringup:/home/common/colcon_ws/install/turtlebot3_node:/home/common/colcon_ws/install/turtlebot3_navigation2:/home/common/colcon_ws/install/turtlebot3_fake_node:/home/common/colcon_ws/install/doublenode:/home/common/colcon_ws/install/turtlebot3_msgs:/home/common/colcon_ws/install/turtlebot3_gazebo:/home/common/colcon_ws/install/turtlebot3_description:/home/common/colcon_ws/install/turtlebot3_cartographer:/home/common/colcon_ws/install/tms_ss_vicon:/home/common/colcon_ws/install/tms_rc_tfnode:/home/common/colcon_ws/install/turtlebot3_teleop:/home/common/colcon_ws/install/tms_ur_speaker:/home/common/colcon_ws/install/tms_ur_listener:/home/common/colcon_ws/install/tms_ts_ts:/home/common/colcon_ws/install/tms_ts_test:/home/common/colcon_ws/install/tms_ts_subtask:/home/common/colcon_ws/install/tms_ss_whs1:/home/common/colcon_ws/install/tms_rc_double:/home/common/colcon_ws/install/tms_db_manager:/opt/ros/dashing:/home/common/colcon_ws/install/tms_rc_smartpal_control:/home/common/colcon_ws/install/tms_rc_bot:/home/common/colcon_ws/install/tms_nw_rp:/home/common/colcon_ws/install/tms_msg_ur:/home/common/colcon_ws/install/tms_msg_ts:/home/common/colcon_ws/install/tms_msg_ss:/home/common/colcon_ws/install/tms_msg_rc:/home/common/colcon_ws/install/tms_msg_db:/home/common/colcon_ws/install/moveit_msgs:/home/common/colcon_ws/install/octomap_msgs:/home/common/colcon_ws/install/object_recognition_msgs:/home/common/colcon_ws/install/hls_lfcd_lds_driver:/home/common/colcon_ws/install/examples_rclcpp_minimal_timer:/home/common/colcon_ws/install/examples_rclcpp_minimal_subscriber:/home/common/colcon_ws/install/examples_rclcpp_minimal_service:/home/common/colcon_ws/install/examples_rclcpp_minimal_publisher:/home/common/colcon_ws/install/examples_rclcpp_minimal_composition:/home/common/colcon_ws/install/examples_rclcpp_minimal_client:/home/common/colcon_ws/install/examples_rclcpp_minimal_action_server:/home/common/colcon_ws/install/examples_rclcpp_minimal_action_client:/home/common/colcon_ws/install/dynamixel_sdk:/home/common/catkin_ws/devel:/opt/ros/melodic /usr/bin/cmake --build /home/common/colcon_ws/build/tms_msg_ur --target install -- -j8 -l8
[1.617s] [  1%] Built target tms_msg_ur__cpp
[1.623s] [ 13%] Built target tms_msg_ur__rosidl_generator_c
[1.698s] [ 24%] Built target tms_msg_ur__rosidl_typesupport_introspection_c
[1.722s] [ 35%] Built target tms_msg_ur__rosidl_typesupport_fastrtps_cpp
[1.726s] [ 47%] Built target tms_msg_ur__rosidl_typesupport_introspection_cpp
[1.804s] [ 58%] Built target tms_msg_ur__rosidl_typesupport_fastrtps_c
[1.805s] [ 69%] Built target tms_msg_ur__rosidl_typesupport_cpp
[1.865s] [ 81%] Built target tms_msg_ur__rosidl_typesupport_c
[1.909s] [ 81%] Built target tms_msg_ur
[1.949s] [ 83%] Built target tms_msg_ur__py
[2.005s] [ 92%] Built target tms_msg_ur__python
[2.055s] [ 96%] Built target tms_msg_ur__rosidl_typesupport_fastrtps_c__pyext
[2.073s] [100%] Built target tms_msg_ur__rosidl_typesupport_c__pyext
[2.101s] [36mInstall the project...[0m
[2.115s] -- Install configuration: ""
[2.116s] -- Execute custom install script
[2.116s] -- Up-to-date symlink: /home/common/colcon_ws/install/tms_msg_ur/share/ament_index/resource_index/rosidl_interfaces/tms_msg_ur
[2.117s] -- Up-to-date symlink: /home/common/colcon_ws/install/tms_msg_ur/include/tms_msg_ur/msg/julius_msg.hpp
[2.117s] -- Up-to-date symlink: /home/common/colcon_ws/install/tms_msg_ur/include/tms_msg_ur/msg/julius_msg__struct.hpp
[2.118s] -- Up-to-date symlink: /home/common/colcon_ws/install/tms_msg_ur/include/tms_msg_ur/msg/julius_msg__traits.hpp
[2.119s] -- Up-to-date symlink: /home/common/colcon_ws/install/tms_msg_ur/include/tms_msg_ur/srv/g_speech_srv.hpp
[2.119s] -- Up-to-date symlink: /home/common/colcon_ws/install/tms_msg_ur/include/tms_msg_ur/srv/g_speech_srv__struct.hpp
[2.119s] -- Up-to-date symlink: /home/common/colcon_ws/install/tms_msg_ur/include/tms_msg_ur/srv/g_speech_srv__traits.hpp
[2.120s] -- Up-to-date symlink: /home/common/colcon_ws/install/tms_msg_ur/include/tms_msg_ur/srv/slack_srv.hpp
[2.120s] -- Up-to-date symlink: /home/common/colcon_ws/install/tms_msg_ur/include/tms_msg_ur/srv/slack_srv__struct.hpp
[2.120s] -- Up-to-date symlink: /home/common/colcon_ws/install/tms_msg_ur/include/tms_msg_ur/srv/slack_srv__traits.hpp
[2.120s] -- Up-to-date symlink: /home/common/colcon_ws/install/tms_msg_ur/include/tms_msg_ur/srv/speaker_srv.hpp
[2.121s] -- Up-to-date symlink: /home/common/colcon_ws/install/tms_msg_ur/include/tms_msg_ur/srv/speaker_srv__struct.hpp
[2.121s] -- Up-to-date symlink: /home/common/colcon_ws/install/tms_msg_ur/include/tms_msg_ur/srv/speaker_srv__traits.hpp
[2.122s] -- Up-to-date symlink: /home/common/colcon_ws/install/tms_msg_ur/include/tms_msg_ur/msg/julius_msg.h
[2.123s] -- Up-to-date symlink: /home/common/colcon_ws/install/tms_msg_ur/include/tms_msg_ur/msg/julius_msg__functions.h
[2.123s] -- Up-to-date symlink: /home/common/colcon_ws/install/tms_msg_ur/include/tms_msg_ur/msg/julius_msg__struct.h
[2.123s] -- Up-to-date symlink: /home/common/colcon_ws/install/tms_msg_ur/include/tms_msg_ur/msg/julius_msg__type_support.h
[2.123s] -- Up-to-date symlink: /home/common/colcon_ws/install/tms_msg_ur/include/tms_msg_ur/msg/rosidl_generator_c__visibility_control.h
[2.124s] -- Up-to-date symlink: /home/common/colcon_ws/install/tms_msg_ur/include/tms_msg_ur/srv/g_speech_srv.h
[2.124s] -- Up-to-date symlink: /home/common/colcon_ws/install/tms_msg_ur/include/tms_msg_ur/srv/g_speech_srv__functions.h
[2.125s] -- Up-to-date symlink: /home/common/colcon_ws/install/tms_msg_ur/include/tms_msg_ur/srv/g_speech_srv__struct.h
[2.125s] -- Up-to-date symlink: /home/common/colcon_ws/install/tms_msg_ur/include/tms_msg_ur/srv/g_speech_srv__type_support.h
[2.126s] -- Up-to-date symlink: /home/common/colcon_ws/install/tms_msg_ur/include/tms_msg_ur/srv/slack_srv.h
[2.126s] -- Up-to-date symlink: /home/common/colcon_ws/install/tms_msg_ur/include/tms_msg_ur/srv/slack_srv__functions.h
[2.126s] -- Up-to-date symlink: /home/common/colcon_ws/install/tms_msg_ur/include/tms_msg_ur/srv/slack_srv__struct.h
[2.126s] -- Up-to-date symlink: /home/common/colcon_ws/install/tms_msg_ur/include/tms_msg_ur/srv/slack_srv__type_support.h
[2.127s] -- Up-to-date symlink: /home/common/colcon_ws/install/tms_msg_ur/include/tms_msg_ur/srv/speaker_srv.h
[2.127s] -- Up-to-date symlink: /home/common/colcon_ws/install/tms_msg_ur/include/tms_msg_ur/srv/speaker_srv__functions.h
[2.127s] -- Up-to-date symlink: /home/common/colcon_ws/install/tms_msg_ur/include/tms_msg_ur/srv/speaker_srv__struct.h
[2.127s] -- Up-to-date symlink: /home/common/colcon_ws/install/tms_msg_ur/include/tms_msg_ur/srv/speaker_srv__type_support.h
[2.128s] -- Up-to-date symlink: /home/common/colcon_ws/install/tms_msg_ur/share/tms_msg_ur/environment/library_path.sh
[2.128s] -- Up-to-date symlink: /home/common/colcon_ws/install/tms_msg_ur/lib/libtms_msg_ur__rosidl_generator_c.so
[2.129s] -- Up-to-date symlink: /home/common/colcon_ws/install/tms_msg_ur/lib/libtms_msg_ur__rosidl_typesupport_c.so
[2.130s] -- Up-to-date symlink: /home/common/colcon_ws/install/tms_msg_ur/lib/libtms_msg_ur__rosidl_typesupport_cpp.so
[2.130s] -- Up-to-date symlink: /home/common/colcon_ws/install/tms_msg_ur/include/tms_msg_ur/msg/julius_msg__rosidl_typesupport_introspection_c.h
[2.131s] -- Up-to-date symlink: /home/common/colcon_ws/install/tms_msg_ur/include/tms_msg_ur/msg/rosidl_typesupport_introspection_c__visibility_control.h
[2.131s] -- Up-to-date symlink: /home/common/colcon_ws/install/tms_msg_ur/include/tms_msg_ur/srv/g_speech_srv__rosidl_typesupport_introspection_c.h
[2.131s] -- Up-to-date symlink: /home/common/colcon_ws/install/tms_msg_ur/include/tms_msg_ur/srv/slack_srv__rosidl_typesupport_introspection_c.h
[2.132s] -- Up-to-date symlink: /home/common/colcon_ws/install/tms_msg_ur/include/tms_msg_ur/srv/speaker_srv__rosidl_typesupport_introspection_c.h
[2.132s] -- Up-to-date symlink: /home/common/colcon_ws/install/tms_msg_ur/lib/libtms_msg_ur__rosidl_typesupport_introspection_c.so
[2.133s] -- Up-to-date symlink: /home/common/colcon_ws/install/tms_msg_ur/include/tms_msg_ur/msg/julius_msg__rosidl_typesupport_introspection_cpp.hpp
[2.133s] -- Up-to-date symlink: /home/common/colcon_ws/install/tms_msg_ur/include/tms_msg_ur/srv/g_speech_srv__rosidl_typesupport_introspection_cpp.hpp
[2.133s] -- Up-to-date symlink: /home/common/colcon_ws/install/tms_msg_ur/include/tms_msg_ur/srv/slack_srv__rosidl_typesupport_introspection_cpp.hpp
[2.134s] -- Up-to-date symlink: /home/common/colcon_ws/install/tms_msg_ur/include/tms_msg_ur/srv/speaker_srv__rosidl_typesupport_introspection_cpp.hpp
[2.134s] -- Up-to-date symlink: /home/common/colcon_ws/install/tms_msg_ur/lib/libtms_msg_ur__rosidl_typesupport_introspection_cpp.so
[2.135s] -- Up-to-date symlink: /home/common/colcon_ws/install/tms_msg_ur/include/tms_msg_ur/msg/julius_msg__rosidl_typesupport_fastrtps_c.h
[2.135s] -- Up-to-date symlink: /home/common/colcon_ws/install/tms_msg_ur/include/tms_msg_ur/msg/rosidl_typesupport_fastrtps_c__visibility_control.h
[2.135s] -- Up-to-date symlink: /home/common/colcon_ws/install/tms_msg_ur/include/tms_msg_ur/srv/g_speech_srv__rosidl_typesupport_fastrtps_c.h
[2.136s] -- Up-to-date symlink: /home/common/colcon_ws/install/tms_msg_ur/include/tms_msg_ur/srv/slack_srv__rosidl_typesupport_fastrtps_c.h
[2.136s] -- Up-to-date symlink: /home/common/colcon_ws/install/tms_msg_ur/include/tms_msg_ur/srv/speaker_srv__rosidl_typesupport_fastrtps_c.h
[2.136s] -- Up-to-date symlink: /home/common/colcon_ws/install/tms_msg_ur/lib/libtms_msg_ur__rosidl_typesupport_fastrtps_c.so
[2.137s] -- Up-to-date symlink: /home/common/colcon_ws/install/tms_msg_ur/include/tms_msg_ur/msg/julius_msg__rosidl_typesupport_fastrtps_cpp.hpp
[2.138s] -- Up-to-date symlink: /home/common/colcon_ws/install/tms_msg_ur/include/tms_msg_ur/msg/rosidl_typesupport_fastrtps_cpp__visibility_control.h
[2.138s] -- Up-to-date symlink: /home/common/colcon_ws/install/tms_msg_ur/include/tms_msg_ur/srv/g_speech_srv__rosidl_typesupport_fastrtps_cpp.hpp
[2.139s] -- Up-to-date symlink: /home/common/colcon_ws/install/tms_msg_ur/include/tms_msg_ur/srv/slack_srv__rosidl_typesupport_fastrtps_cpp.hpp
[2.139s] -- Up-to-date symlink: /home/common/colcon_ws/install/tms_msg_ur/include/tms_msg_ur/srv/speaker_srv__rosidl_typesupport_fastrtps_cpp.hpp
[2.140s] -- Up-to-date symlink: /home/common/colcon_ws/install/tms_msg_ur/lib/libtms_msg_ur__rosidl_typesupport_fastrtps_cpp.so
[2.140s] -- Up-to-date symlink: /home/common/colcon_ws/install/tms_msg_ur/share/tms_msg_ur/environment/pythonpath.sh
[2.141s] -- Up-to-date symlink: /home/common/colcon_ws/install/tms_msg_ur/lib/python3.6/site-packages/tms_msg_ur/__init__.py
[2.142s] -- Up-to-date symlink: /home/common/colcon_ws/install/tms_msg_ur/lib/python3.6/site-packages/tms_msg_ur/msg/__init__.py
[2.143s] -- Up-to-date symlink: /home/common/colcon_ws/install/tms_msg_ur/lib/python3.6/site-packages/tms_msg_ur/msg/_julius_msg.py
[2.144s] -- Up-to-date symlink: /home/common/colcon_ws/install/tms_msg_ur/lib/python3.6/site-packages/tms_msg_ur/srv/__init__.py
[2.144s] -- Up-to-date symlink: /home/common/colcon_ws/install/tms_msg_ur/lib/python3.6/site-packages/tms_msg_ur/srv/_g_speech_srv.py
[2.145s] -- Up-to-date symlink: /home/common/colcon_ws/install/tms_msg_ur/lib/python3.6/site-packages/tms_msg_ur/srv/_slack_srv.py
[2.146s] -- Up-to-date symlink: /home/common/colcon_ws/install/tms_msg_ur/lib/python3.6/site-packages/tms_msg_ur/srv/_speaker_srv.py
[2.146s] -- Up-to-date symlink: /home/common/colcon_ws/install/tms_msg_ur/lib/python3.6/site-packages/tms_msg_ur/tms_msg_ur_s__rosidl_typesupport_c.cpython-36m-x86_64-linux-gnu.so
[2.147s] -- Up-to-date symlink: /home/common/colcon_ws/install/tms_msg_ur/lib/python3.6/site-packages/tms_msg_ur/tms_msg_ur_s__rosidl_typesupport_fastrtps_c.cpython-36m-x86_64-linux-gnu.so
[2.148s] -- Up-to-date symlink: /home/common/colcon_ws/install/tms_msg_ur/lib/libtms_msg_ur__python.so
[2.148s] -- Up-to-date symlink: /home/common/colcon_ws/install/tms_msg_ur/share/tms_msg_ur/msg/JuliusMsg.idl
[2.149s] -- Up-to-date symlink: /home/common/colcon_ws/install/tms_msg_ur/share/tms_msg_ur/srv/GSpeechSrv.idl
[2.150s] -- Up-to-date symlink: /home/common/colcon_ws/install/tms_msg_ur/share/tms_msg_ur/srv/SlackSrv.idl
[2.151s] -- Up-to-date symlink: /home/common/colcon_ws/install/tms_msg_ur/share/tms_msg_ur/srv/SpeakerSrv.idl
[2.151s] -- Up-to-date symlink: /home/common/colcon_ws/install/tms_msg_ur/share/tms_msg_ur/msg/JuliusMsg.msg
[2.151s] -- Up-to-date symlink: /home/common/colcon_ws/install/tms_msg_ur/share/tms_msg_ur/srv/GSpeechSrv.srv
[2.152s] -- Up-to-date symlink: /home/common/colcon_ws/install/tms_msg_ur/share/tms_msg_ur/srv/GSpeechSrv_Request.msg
[2.152s] -- Up-to-date symlink: /home/common/colcon_ws/install/tms_msg_ur/share/tms_msg_ur/srv/GSpeechSrv_Response.msg
[2.153s] -- Up-to-date symlink: /home/common/colcon_ws/install/tms_msg_ur/share/tms_msg_ur/srv/SlackSrv.srv
[2.154s] -- Up-to-date symlink: /home/common/colcon_ws/install/tms_msg_ur/share/tms_msg_ur/srv/SlackSrv_Request.msg
[2.154s] -- Up-to-date symlink: /home/common/colcon_ws/install/tms_msg_ur/share/tms_msg_ur/srv/SlackSrv_Response.msg
[2.155s] -- Up-to-date symlink: /home/common/colcon_ws/install/tms_msg_ur/share/tms_msg_ur/srv/SpeakerSrv.srv
[2.155s] -- Up-to-date symlink: /home/common/colcon_ws/install/tms_msg_ur/share/tms_msg_ur/srv/SpeakerSrv_Request.msg
[2.156s] -- Up-to-date symlink: /home/common/colcon_ws/install/tms_msg_ur/share/tms_msg_ur/srv/SpeakerSrv_Response.msg
[2.156s] -- Up-to-date symlink: /home/common/colcon_ws/install/tms_msg_ur/share/ament_index/resource_index/package_run_dependencies/tms_msg_ur
[2.156s] -- Up-to-date symlink: /home/common/colcon_ws/install/tms_msg_ur/share/ament_index/resource_index/parent_prefix_path/tms_msg_ur
[2.156s] -- Up-to-date symlink: /home/common/colcon_ws/install/tms_msg_ur/share/tms_msg_ur/environment/ament_prefix_path.sh
[2.157s] -- Up-to-date symlink: /home/common/colcon_ws/install/tms_msg_ur/share/tms_msg_ur/environment/path.sh
[2.157s] -- Up-to-date symlink: /home/common/colcon_ws/install/tms_msg_ur/share/tms_msg_ur/local_setup.bash
[2.157s] -- Up-to-date symlink: /home/common/colcon_ws/install/tms_msg_ur/share/tms_msg_ur/local_setup.sh
[2.158s] -- Up-to-date symlink: /home/common/colcon_ws/install/tms_msg_ur/share/tms_msg_ur/local_setup.zsh
[2.158s] -- Up-to-date symlink: /home/common/colcon_ws/install/tms_msg_ur/share/ament_index/resource_index/packages/tms_msg_ur
[2.158s] -- Up-to-date symlink: /home/common/colcon_ws/install/tms_msg_ur/share/tms_msg_ur/cmake/rosidl_cmake-extras.cmake
[2.159s] -- Up-to-date symlink: /home/common/colcon_ws/install/tms_msg_ur/share/tms_msg_ur/cmake/ament_cmake_export_dependencies-extras.cmake
[2.159s] -- Up-to-date symlink: /home/common/colcon_ws/install/tms_msg_ur/share/tms_msg_ur/cmake/ament_cmake_export_include_directories-extras.cmake
[2.160s] -- Up-to-date symlink: /home/common/colcon_ws/install/tms_msg_ur/share/tms_msg_ur/cmake/ament_cmake_export_libraries-extras.cmake
[2.160s] -- Up-to-date symlink: /home/common/colcon_ws/install/tms_msg_ur/share/tms_msg_ur/cmake/tms_msg_urConfig.cmake
[2.160s] -- Up-to-date symlink: /home/common/colcon_ws/install/tms_msg_ur/share/tms_msg_ur/cmake/tms_msg_urConfig-version.cmake
[2.161s] -- Up-to-date symlink: /home/common/colcon_ws/install/tms_msg_ur/share/tms_msg_ur/package.xml
[2.271s] Invoked command in '/home/common/colcon_ws/build/tms_msg_ur' returned '0': CMAKE_PREFIX_PATH=/home/common/colcon_ws/install/turtlebot3:/home/common/colcon_ws/install/turtlebot3_simulations:/home/common/colcon_ws/install/turtlebot3_bringup:/home/common/colcon_ws/install/turtlebot3_node:/home/common/colcon_ws/install/turtlebot3_navigation2:/home/common/colcon_ws/install/turtlebot3_fake_node:/home/common/colcon_ws/install/doublenode:/home/common/colcon_ws/install/turtlebot3_msgs:/home/common/colcon_ws/install/turtlebot3_gazebo:/home/common/colcon_ws/install/turtlebot3_description:/home/common/colcon_ws/install/turtlebot3_cartographer:/home/common/colcon_ws/install/tms_ss_vicon:/home/common/colcon_ws/install/tms_rc_tfnode:/home/common/colcon_ws/install/turtlebot3_teleop:/home/common/colcon_ws/install/tms_ur_speaker:/home/common/colcon_ws/install/tms_ur_listener:/home/common/colcon_ws/install/tms_ts_ts:/home/common/colcon_ws/install/tms_ts_test:/home/common/colcon_ws/install/tms_ts_subtask:/home/common/colcon_ws/install/tms_ss_whs1:/home/common/colcon_ws/install/tms_rc_double:/home/common/colcon_ws/install/tms_db_manager:/opt/ros/dashing:/home/common/colcon_ws/install/tms_rc_smartpal_control:/home/common/colcon_ws/install/tms_rc_bot:/home/common/colcon_ws/install/tms_nw_rp:/home/common/colcon_ws/install/tms_msg_ur:/home/common/colcon_ws/install/tms_msg_ts:/home/common/colcon_ws/install/tms_msg_ss:/home/common/colcon_ws/install/tms_msg_rc:/home/common/colcon_ws/install/tms_msg_db:/home/common/colcon_ws/install/moveit_msgs:/home/common/colcon_ws/install/octomap_msgs:/home/common/colcon_ws/install/object_recognition_msgs:/home/common/colcon_ws/install/hls_lfcd_lds_driver:/home/common/colcon_ws/install/examples_rclcpp_minimal_timer:/home/common/colcon_ws/install/examples_rclcpp_minimal_subscriber:/home/common/colcon_ws/install/examples_rclcpp_minimal_service:/home/common/colcon_ws/install/examples_rclcpp_minimal_publisher:/home/common/colcon_ws/install/examples_rclcpp_minimal_composition:/home/common/colcon_ws/install/examples_rclcpp_minimal_client:/home/common/colcon_ws/install/examples_rclcpp_minimal_action_server:/home/common/colcon_ws/install/examples_rclcpp_minimal_action_client:/home/common/colcon_ws/install/dynamixel_sdk:/home/common/catkin_ws/devel:/opt/ros/melodic /usr/bin/cmake --build /home/common/colcon_ws/build/tms_msg_ur --target install -- -j8 -l8
