[0.126s] -- The C compiler identification is GNU 7.4.0
[0.199s] -- The CXX compiler identification is GNU 7.4.0
[0.205s] -- Check for working C compiler: /usr/bin/cc
[0.297s] -- Check for working C compiler: /usr/bin/cc -- works
[0.298s] -- Detecting C compiler ABI info
[0.387s] -- Detecting C compiler ABI info - done
[0.394s] -- Detecting C compile features
[0.678s] -- Detecting C compile features - done
[0.680s] -- Check for working CXX compiler: /usr/bin/c++
[0.788s] -- Check for working CXX compiler: /usr/bin/c++ -- works
[0.789s] -- Detecting CXX compiler ABI info
[0.915s] -- Detecting CXX compiler ABI info - done
[0.923s] -- Detecting CXX compile features
[1.447s] -- Detecting CXX compile features - done
[1.454s] -- Found ament_cmake: 0.7.4 (/opt/ros/dashing/share/ament_cmake/cmake)
[1.538s] -- Found PythonInterp: /usr/bin/python3 (found suitable version "3.6.9", minimum required is "3") 
[1.538s] -- Using PYTHON_EXECUTABLE: /usr/bin/python3
[1.937s] -- Override CMake install command with custom implementation using symlinks instead of copying resources
[2.141s] -- Configuring done
[2.150s] -- Generating done
[2.152s] -- Build files have been written to: /home/common/colcon_ws/build/dynamixel_sdk
[2.240s] [35m[1mScanning dependencies of target dynamixel_sdk[0m
[2.259s] [100%] Built target dynamixel_sdk
[2.465s] [100%] Built target dynamixel_sdk
[2.494s] [36mInstall the project...[0m
[2.510s] -- Install configuration: ""
[2.510s] -- Execute custom install script
[2.513s] -- Up-to-date symlink: /home/common/colcon_ws/install/dynamixel_sdk/include//dynamixel_sdk/dynamixel_sdk.h
[2.513s] -- Up-to-date symlink: /home/common/colcon_ws/install/dynamixel_sdk/include//dynamixel_sdk/group_bulk_read.h
[2.513s] -- Up-to-date symlink: /home/common/colcon_ws/install/dynamixel_sdk/include//dynamixel_sdk/group_bulk_write.h
[2.513s] -- Up-to-date symlink: /home/common/colcon_ws/install/dynamixel_sdk/include//dynamixel_sdk/group_sync_read.h
[2.514s] -- Up-to-date symlink: /home/common/colcon_ws/install/dynamixel_sdk/include//dynamixel_sdk/group_sync_write.h
[2.514s] -- Up-to-date symlink: /home/common/colcon_ws/install/dynamixel_sdk/include//dynamixel_sdk/packet_handler.h
[2.514s] -- Up-to-date symlink: /home/common/colcon_ws/install/dynamixel_sdk/include//dynamixel_sdk/port_handler.h
[2.514s] -- Up-to-date symlink: /home/common/colcon_ws/install/dynamixel_sdk/include//dynamixel_sdk/port_handler_arduino.h
[2.514s] -- Up-to-date symlink: /home/common/colcon_ws/install/dynamixel_sdk/include//dynamixel_sdk/port_handler_linux.h
[2.515s] -- Up-to-date symlink: /home/common/colcon_ws/install/dynamixel_sdk/include//dynamixel_sdk/port_handler_mac.h
[2.515s] -- Up-to-date symlink: /home/common/colcon_ws/install/dynamixel_sdk/include//dynamixel_sdk/port_handler_windows.h
[2.516s] -- Up-to-date symlink: /home/common/colcon_ws/install/dynamixel_sdk/include//dynamixel_sdk/protocol1_packet_handler.h
[2.517s] -- Up-to-date symlink: /home/common/colcon_ws/install/dynamixel_sdk/include//dynamixel_sdk/protocol2_packet_handler.h
[2.520s] -- Up-to-date symlink: /home/common/colcon_ws/install/dynamixel_sdk/lib/libdynamixel_sdk.so
[2.520s] -- Up-to-date symlink: /home/common/colcon_ws/install/dynamixel_sdk/share/dynamixel_sdk/environment/library_path.sh
[2.520s] -- Up-to-date symlink: /home/common/colcon_ws/install/dynamixel_sdk/share/ament_index/resource_index/package_run_dependencies/dynamixel_sdk
[2.521s] -- Up-to-date symlink: /home/common/colcon_ws/install/dynamixel_sdk/share/ament_index/resource_index/parent_prefix_path/dynamixel_sdk
[2.521s] -- Up-to-date symlink: /home/common/colcon_ws/install/dynamixel_sdk/share/dynamixel_sdk/environment/ament_prefix_path.sh
[2.521s] -- Up-to-date symlink: /home/common/colcon_ws/install/dynamixel_sdk/share/dynamixel_sdk/environment/path.sh
[2.522s] -- Up-to-date symlink: /home/common/colcon_ws/install/dynamixel_sdk/share/dynamixel_sdk/local_setup.bash
[2.522s] -- Up-to-date symlink: /home/common/colcon_ws/install/dynamixel_sdk/share/dynamixel_sdk/local_setup.sh
[2.522s] -- Up-to-date symlink: /home/common/colcon_ws/install/dynamixel_sdk/share/dynamixel_sdk/local_setup.zsh
[2.522s] -- Up-to-date symlink: /home/common/colcon_ws/install/dynamixel_sdk/share/ament_index/resource_index/packages/dynamixel_sdk
[2.522s] -- Up-to-date symlink: /home/common/colcon_ws/install/dynamixel_sdk/share/dynamixel_sdk/cmake/ament_cmake_export_include_directories-extras.cmake
[2.522s] -- Up-to-date symlink: /home/common/colcon_ws/install/dynamixel_sdk/share/dynamixel_sdk/cmake/ament_cmake_export_libraries-extras.cmake
[2.522s] -- Up-to-date symlink: /home/common/colcon_ws/install/dynamixel_sdk/share/dynamixel_sdk/cmake/dynamixel_sdkConfig.cmake
[2.523s] -- Up-to-date symlink: /home/common/colcon_ws/install/dynamixel_sdk/share/dynamixel_sdk/cmake/dynamixel_sdkConfig-version.cmake
[2.523s] -- Up-to-date symlink: /home/common/colcon_ws/install/dynamixel_sdk/share/dynamixel_sdk/package.xml
