[0.126s] -- The C compiler identification is GNU 7.4.0
[0.198s] -- The CXX compiler identification is GNU 7.4.0
[0.203s] -- Check for working C compiler: /usr/bin/cc
[0.293s] -- Check for working C compiler: /usr/bin/cc -- works
[0.293s] -- Detecting C compiler ABI info
[0.386s] -- Detecting C compiler ABI info - done
[0.395s] -- Detecting C compile features
[0.676s] -- Detecting C compile features - done
[0.678s] -- Check for working CXX compiler: /usr/bin/c++
[0.782s] -- Check for working CXX compiler: /usr/bin/c++ -- works
[0.783s] -- Detecting CXX compiler ABI info
[0.912s] -- Detecting CXX compiler ABI info - done
[0.920s] -- Detecting CXX compile features
[1.430s] -- Detecting CXX compile features - done
[1.437s] -- Found ament_cmake: 0.7.4 (/opt/ros/dashing/share/ament_cmake/cmake)
[1.513s] -- Found PythonInterp: /usr/bin/python3 (found suitable version "3.6.9", minimum required is "3") 
[1.513s] -- Using PYTHON_EXECUTABLE: /usr/bin/python3
[1.916s] -- Override CMake install command with custom implementation using symlinks instead of copying resources
[1.998s] -- Found urdf: 2.2.0 (/opt/ros/dashing/share/urdf/cmake)
[2.193s] -- Configuring done
[2.196s] -- Generating done
[2.198s] -- Build files have been written to: /home/common/colcon_ws/build/turtlebot3_description
[2.803s] [36mInstall the project...[0m
[2.847s] -- Install configuration: ""
[2.847s] -- Execute custom install script
[2.848s] -- Symlinking: /home/common/colcon_ws/install/turtlebot3_description/share/turtlebot3_description/meshes/bases/burger_base.stl
[2.906s] -- Symlinking: /home/common/colcon_ws/install/turtlebot3_description/share/turtlebot3_description/meshes/bases/waffle_base.stl
[2.934s] -- Symlinking: /home/common/colcon_ws/install/turtlebot3_description/share/turtlebot3_description/meshes/bases/waffle_pi_base.stl
[2.961s] -- Symlinking: /home/common/colcon_ws/install/turtlebot3_description/share/turtlebot3_description/meshes/sensors/astra.dae
[2.993s] -- Symlinking: /home/common/colcon_ws/install/turtlebot3_description/share/turtlebot3_description/meshes/sensors/astra.jpg
[3.009s] -- Symlinking: /home/common/colcon_ws/install/turtlebot3_description/share/turtlebot3_description/meshes/sensors/lds.stl
[3.031s] -- Symlinking: /home/common/colcon_ws/install/turtlebot3_description/share/turtlebot3_description/meshes/sensors/r200.dae
[3.042s] -- Symlinking: /home/common/colcon_ws/install/turtlebot3_description/share/turtlebot3_description/meshes/sensors/r200.jpg
[3.062s] -- Symlinking: /home/common/colcon_ws/install/turtlebot3_description/share/turtlebot3_description/meshes/wheels/left_tire.stl
[3.079s] -- Symlinking: /home/common/colcon_ws/install/turtlebot3_description/share/turtlebot3_description/meshes/wheels/right_tire.stl
[3.096s] -- Symlinking: /home/common/colcon_ws/install/turtlebot3_description/share/turtlebot3_description/rviz/model.rviz
[3.113s] -- Symlinking: /home/common/colcon_ws/install/turtlebot3_description/share/turtlebot3_description/urdf/common_properties.urdf
[3.129s] -- Symlinking: /home/common/colcon_ws/install/turtlebot3_description/share/turtlebot3_description/urdf/turtlebot3_burger.urdf
[3.146s] -- Symlinking: /home/common/colcon_ws/install/turtlebot3_description/share/turtlebot3_description/urdf/turtlebot3_waffle.urdf
[3.164s] -- Symlinking: /home/common/colcon_ws/install/turtlebot3_description/share/turtlebot3_description/urdf/turtlebot3_waffle_pi.urdf
[3.180s] -- Up-to-date symlink: /home/common/colcon_ws/install/turtlebot3_description/share/ament_index/resource_index/package_run_dependencies/turtlebot3_description
[3.181s] -- Up-to-date symlink: /home/common/colcon_ws/install/turtlebot3_description/share/ament_index/resource_index/parent_prefix_path/turtlebot3_description
[3.182s] -- Up-to-date symlink: /home/common/colcon_ws/install/turtlebot3_description/share/turtlebot3_description/environment/ament_prefix_path.sh
[3.183s] -- Up-to-date symlink: /home/common/colcon_ws/install/turtlebot3_description/share/turtlebot3_description/environment/path.sh
[3.184s] -- Up-to-date symlink: /home/common/colcon_ws/install/turtlebot3_description/share/turtlebot3_description/local_setup.bash
[3.184s] -- Up-to-date symlink: /home/common/colcon_ws/install/turtlebot3_description/share/turtlebot3_description/local_setup.sh
[3.185s] -- Up-to-date symlink: /home/common/colcon_ws/install/turtlebot3_description/share/turtlebot3_description/local_setup.zsh
[3.185s] -- Up-to-date symlink: /home/common/colcon_ws/install/turtlebot3_description/share/ament_index/resource_index/packages/turtlebot3_description
[3.186s] -- Up-to-date symlink: /home/common/colcon_ws/install/turtlebot3_description/share/turtlebot3_description/cmake/turtlebot3_descriptionConfig.cmake
[3.187s] -- Up-to-date symlink: /home/common/colcon_ws/install/turtlebot3_description/share/turtlebot3_description/cmake/turtlebot3_descriptionConfig-version.cmake
[3.188s] -- Symlinking: /home/common/colcon_ws/install/turtlebot3_description/share/turtlebot3_description/package.xml
