[0.049s] Invoking command in '/home/common/colcon_ws/build/tms_rc_bot': CMAKE_PREFIX_PATH=/home/common/colcon_ws/install/turtlebot3:/home/common/colcon_ws/install/turtlebot3_simulations:/home/common/colcon_ws/install/turtlebot3_bringup:/home/common/colcon_ws/install/turtlebot3_node:/home/common/colcon_ws/install/turtlebot3_navigation2:/home/common/colcon_ws/install/turtlebot3_fake_node:/home/common/colcon_ws/install/doublenode:/home/common/colcon_ws/install/turtlebot3_msgs:/home/common/colcon_ws/install/turtlebot3_gazebo:/home/common/colcon_ws/install/turtlebot3_description:/home/common/colcon_ws/install/turtlebot3_cartographer:/home/common/colcon_ws/install/tms_ss_vicon:/home/common/colcon_ws/install/tms_rc_tfnode:/home/common/colcon_ws/install/tms_rc_bot:/home/common/colcon_ws/install/tms_nw_rp:/home/common/colcon_ws/install/tms_msg_ur:/home/common/colcon_ws/install/tms_msg_ts:/home/common/colcon_ws/install/tms_msg_ss:/home/common/colcon_ws/install/tms_msg_rc:/home/common/colcon_ws/install/tms_msg_db:/home/common/colcon_ws/install/object_recognition_msgs:/home/common/colcon_ws/install/hls_lfcd_lds_driver:/home/common/colcon_ws/install/examples_rclcpp_minimal_timer:/home/common/colcon_ws/install/examples_rclcpp_minimal_subscriber:/home/common/colcon_ws/install/examples_rclcpp_minimal_service:/home/common/colcon_ws/install/examples_rclcpp_minimal_publisher:/home/common/colcon_ws/install/examples_rclcpp_minimal_composition:/home/common/colcon_ws/install/examples_rclcpp_minimal_client:/home/common/colcon_ws/install/examples_rclcpp_minimal_action_server:/home/common/colcon_ws/install/examples_rclcpp_minimal_action_client:/home/common/colcon_ws/install/dynamixel_sdk:/home/common/colcon_ws/install/turtlebot3_teleop:/home/common/colcon_ws/install/tms_ur_speaker:/home/common/colcon_ws/install/tms_ur_listener:/home/common/colcon_ws/install/tms_ts_ts:/home/common/colcon_ws/install/tms_ts_test:/home/common/colcon_ws/install/tms_ts_subtask:/home/common/colcon_ws/install/tms_ss_whs1:/home/common/colcon_ws/install/tms_rc_double:/home/common/colcon_ws/install/tms_db_manager:/opt/ros/dashing:/home/common/catkin_ws/devel:/opt/ros/melodic /usr/bin/cmake /home/common/colcon_ws/src/ros_tms/tms_rc/tms_rc_bot -DAMENT_CMAKE_SYMLINK_INSTALL=1 -DCMAKE_INSTALL_PREFIX=/home/common/colcon_ws/install/tms_rc_bot
[0.293s] -- The C compiler identification is GNU 7.4.0
[0.425s] -- The CXX compiler identification is GNU 7.4.0
[0.433s] -- Check for working C compiler: /usr/bin/cc
[0.642s] -- Check for working C compiler: /usr/bin/cc -- works
[0.642s] -- Detecting C compiler ABI info
[0.917s] -- Detecting C compiler ABI info - done
[0.926s] -- Detecting C compile features
[1.370s] -- Detecting C compile features - done
[1.373s] -- Check for working CXX compiler: /usr/bin/c++
[1.530s] -- Check for working CXX compiler: /usr/bin/c++ -- works
[1.531s] -- Detecting CXX compiler ABI info
[1.664s] -- Detecting CXX compiler ABI info - done
[1.673s] -- Detecting CXX compile features
[2.388s] -- Detecting CXX compile features - done
[2.396s] -- Found ament_cmake: 0.7.4 (/opt/ros/dashing/share/ament_cmake/cmake)
[2.498s] -- Found PythonInterp: /usr/bin/python3 (found suitable version "3.6.9", minimum required is "3") 
[2.498s] -- Using PYTHON_EXECUTABLE: /usr/bin/python3
[2.930s] -- Override CMake install command with custom implementation using symlinks instead of copying resources
[3.013s] -- Found ament_lint_auto: 0.7.11 (/opt/ros/dashing/share/ament_lint_auto/cmake)
[3.230s] -- Added test 'copyright' to check for copyright in CMake / C / C++ / Python code
[3.239s] -- Added test 'flake8' to check Python code syntax and style conventions
[3.241s] -- Added test 'lint_cmake' to check CMake code style
[3.243s] -- Added test 'pep257' to check Python code against some of the style conventions in PEP 257
[3.248s] -- Added test 'xmllint' to check XML markup files
[3.253s] -- Configuring done
[3.256s] -- Generating done
[3.258s] -- Build files have been written to: /home/common/colcon_ws/build/tms_rc_bot
[3.342s] Invoked command in '/home/common/colcon_ws/build/tms_rc_bot' returned '0': CMAKE_PREFIX_PATH=/home/common/colcon_ws/install/turtlebot3:/home/common/colcon_ws/install/turtlebot3_simulations:/home/common/colcon_ws/install/turtlebot3_bringup:/home/common/colcon_ws/install/turtlebot3_node:/home/common/colcon_ws/install/turtlebot3_navigation2:/home/common/colcon_ws/install/turtlebot3_fake_node:/home/common/colcon_ws/install/doublenode:/home/common/colcon_ws/install/turtlebot3_msgs:/home/common/colcon_ws/install/turtlebot3_gazebo:/home/common/colcon_ws/install/turtlebot3_description:/home/common/colcon_ws/install/turtlebot3_cartographer:/home/common/colcon_ws/install/tms_ss_vicon:/home/common/colcon_ws/install/tms_rc_tfnode:/home/common/colcon_ws/install/tms_rc_bot:/home/common/colcon_ws/install/tms_nw_rp:/home/common/colcon_ws/install/tms_msg_ur:/home/common/colcon_ws/install/tms_msg_ts:/home/common/colcon_ws/install/tms_msg_ss:/home/common/colcon_ws/install/tms_msg_rc:/home/common/colcon_ws/install/tms_msg_db:/home/common/colcon_ws/install/object_recognition_msgs:/home/common/colcon_ws/install/hls_lfcd_lds_driver:/home/common/colcon_ws/install/examples_rclcpp_minimal_timer:/home/common/colcon_ws/install/examples_rclcpp_minimal_subscriber:/home/common/colcon_ws/install/examples_rclcpp_minimal_service:/home/common/colcon_ws/install/examples_rclcpp_minimal_publisher:/home/common/colcon_ws/install/examples_rclcpp_minimal_composition:/home/common/colcon_ws/install/examples_rclcpp_minimal_client:/home/common/colcon_ws/install/examples_rclcpp_minimal_action_server:/home/common/colcon_ws/install/examples_rclcpp_minimal_action_client:/home/common/colcon_ws/install/dynamixel_sdk:/home/common/colcon_ws/install/turtlebot3_teleop:/home/common/colcon_ws/install/tms_ur_speaker:/home/common/colcon_ws/install/tms_ur_listener:/home/common/colcon_ws/install/tms_ts_ts:/home/common/colcon_ws/install/tms_ts_test:/home/common/colcon_ws/install/tms_ts_subtask:/home/common/colcon_ws/install/tms_ss_whs1:/home/common/colcon_ws/install/tms_rc_double:/home/common/colcon_ws/install/tms_db_manager:/opt/ros/dashing:/home/common/catkin_ws/devel:/opt/ros/melodic /usr/bin/cmake /home/common/colcon_ws/src/ros_tms/tms_rc/tms_rc_bot -DAMENT_CMAKE_SYMLINK_INSTALL=1 -DCMAKE_INSTALL_PREFIX=/home/common/colcon_ws/install/tms_rc_bot
[3.346s] Invoking command in '/home/common/colcon_ws/build/tms_rc_bot': CMAKE_PREFIX_PATH=/home/common/colcon_ws/install/turtlebot3:/home/common/colcon_ws/install/turtlebot3_simulations:/home/common/colcon_ws/install/turtlebot3_bringup:/home/common/colcon_ws/install/turtlebot3_node:/home/common/colcon_ws/install/turtlebot3_navigation2:/home/common/colcon_ws/install/turtlebot3_fake_node:/home/common/colcon_ws/install/doublenode:/home/common/colcon_ws/install/turtlebot3_msgs:/home/common/colcon_ws/install/turtlebot3_gazebo:/home/common/colcon_ws/install/turtlebot3_description:/home/common/colcon_ws/install/turtlebot3_cartographer:/home/common/colcon_ws/install/tms_ss_vicon:/home/common/colcon_ws/install/tms_rc_tfnode:/home/common/colcon_ws/install/tms_rc_bot:/home/common/colcon_ws/install/tms_nw_rp:/home/common/colcon_ws/install/tms_msg_ur:/home/common/colcon_ws/install/tms_msg_ts:/home/common/colcon_ws/install/tms_msg_ss:/home/common/colcon_ws/install/tms_msg_rc:/home/common/colcon_ws/install/tms_msg_db:/home/common/colcon_ws/install/object_recognition_msgs:/home/common/colcon_ws/install/hls_lfcd_lds_driver:/home/common/colcon_ws/install/examples_rclcpp_minimal_timer:/home/common/colcon_ws/install/examples_rclcpp_minimal_subscriber:/home/common/colcon_ws/install/examples_rclcpp_minimal_service:/home/common/colcon_ws/install/examples_rclcpp_minimal_publisher:/home/common/colcon_ws/install/examples_rclcpp_minimal_composition:/home/common/colcon_ws/install/examples_rclcpp_minimal_client:/home/common/colcon_ws/install/examples_rclcpp_minimal_action_server:/home/common/colcon_ws/install/examples_rclcpp_minimal_action_client:/home/common/colcon_ws/install/dynamixel_sdk:/home/common/colcon_ws/install/turtlebot3_teleop:/home/common/colcon_ws/install/tms_ur_speaker:/home/common/colcon_ws/install/tms_ur_listener:/home/common/colcon_ws/install/tms_ts_ts:/home/common/colcon_ws/install/tms_ts_test:/home/common/colcon_ws/install/tms_ts_subtask:/home/common/colcon_ws/install/tms_ss_whs1:/home/common/colcon_ws/install/tms_rc_double:/home/common/colcon_ws/install/tms_db_manager:/opt/ros/dashing:/home/common/catkin_ws/devel:/opt/ros/melodic /usr/bin/cmake --build /home/common/colcon_ws/build/tms_rc_bot -- -j8 -l8
[3.861s] Invoked command in '/home/common/colcon_ws/build/tms_rc_bot' returned '0': CMAKE_PREFIX_PATH=/home/common/colcon_ws/install/turtlebot3:/home/common/colcon_ws/install/turtlebot3_simulations:/home/common/colcon_ws/install/turtlebot3_bringup:/home/common/colcon_ws/install/turtlebot3_node:/home/common/colcon_ws/install/turtlebot3_navigation2:/home/common/colcon_ws/install/turtlebot3_fake_node:/home/common/colcon_ws/install/doublenode:/home/common/colcon_ws/install/turtlebot3_msgs:/home/common/colcon_ws/install/turtlebot3_gazebo:/home/common/colcon_ws/install/turtlebot3_description:/home/common/colcon_ws/install/turtlebot3_cartographer:/home/common/colcon_ws/install/tms_ss_vicon:/home/common/colcon_ws/install/tms_rc_tfnode:/home/common/colcon_ws/install/tms_rc_bot:/home/common/colcon_ws/install/tms_nw_rp:/home/common/colcon_ws/install/tms_msg_ur:/home/common/colcon_ws/install/tms_msg_ts:/home/common/colcon_ws/install/tms_msg_ss:/home/common/colcon_ws/install/tms_msg_rc:/home/common/colcon_ws/install/tms_msg_db:/home/common/colcon_ws/install/object_recognition_msgs:/home/common/colcon_ws/install/hls_lfcd_lds_driver:/home/common/colcon_ws/install/examples_rclcpp_minimal_timer:/home/common/colcon_ws/install/examples_rclcpp_minimal_subscriber:/home/common/colcon_ws/install/examples_rclcpp_minimal_service:/home/common/colcon_ws/install/examples_rclcpp_minimal_publisher:/home/common/colcon_ws/install/examples_rclcpp_minimal_composition:/home/common/colcon_ws/install/examples_rclcpp_minimal_client:/home/common/colcon_ws/install/examples_rclcpp_minimal_action_server:/home/common/colcon_ws/install/examples_rclcpp_minimal_action_client:/home/common/colcon_ws/install/dynamixel_sdk:/home/common/colcon_ws/install/turtlebot3_teleop:/home/common/colcon_ws/install/tms_ur_speaker:/home/common/colcon_ws/install/tms_ur_listener:/home/common/colcon_ws/install/tms_ts_ts:/home/common/colcon_ws/install/tms_ts_test:/home/common/colcon_ws/install/tms_ts_subtask:/home/common/colcon_ws/install/tms_ss_whs1:/home/common/colcon_ws/install/tms_rc_double:/home/common/colcon_ws/install/tms_db_manager:/opt/ros/dashing:/home/common/catkin_ws/devel:/opt/ros/melodic /usr/bin/cmake --build /home/common/colcon_ws/build/tms_rc_bot -- -j8 -l8
[4.403s] Invoking command in '/home/common/colcon_ws/build/tms_rc_bot': CMAKE_PREFIX_PATH=/home/common/colcon_ws/install/turtlebot3:/home/common/colcon_ws/install/turtlebot3_simulations:/home/common/colcon_ws/install/turtlebot3_bringup:/home/common/colcon_ws/install/turtlebot3_node:/home/common/colcon_ws/install/turtlebot3_navigation2:/home/common/colcon_ws/install/turtlebot3_fake_node:/home/common/colcon_ws/install/doublenode:/home/common/colcon_ws/install/turtlebot3_msgs:/home/common/colcon_ws/install/turtlebot3_gazebo:/home/common/colcon_ws/install/turtlebot3_description:/home/common/colcon_ws/install/turtlebot3_cartographer:/home/common/colcon_ws/install/tms_ss_vicon:/home/common/colcon_ws/install/tms_rc_tfnode:/home/common/colcon_ws/install/tms_rc_bot:/home/common/colcon_ws/install/tms_nw_rp:/home/common/colcon_ws/install/tms_msg_ur:/home/common/colcon_ws/install/tms_msg_ts:/home/common/colcon_ws/install/tms_msg_ss:/home/common/colcon_ws/install/tms_msg_rc:/home/common/colcon_ws/install/tms_msg_db:/home/common/colcon_ws/install/object_recognition_msgs:/home/common/colcon_ws/install/hls_lfcd_lds_driver:/home/common/colcon_ws/install/examples_rclcpp_minimal_timer:/home/common/colcon_ws/install/examples_rclcpp_minimal_subscriber:/home/common/colcon_ws/install/examples_rclcpp_minimal_service:/home/common/colcon_ws/install/examples_rclcpp_minimal_publisher:/home/common/colcon_ws/install/examples_rclcpp_minimal_composition:/home/common/colcon_ws/install/examples_rclcpp_minimal_client:/home/common/colcon_ws/install/examples_rclcpp_minimal_action_server:/home/common/colcon_ws/install/examples_rclcpp_minimal_action_client:/home/common/colcon_ws/install/dynamixel_sdk:/home/common/colcon_ws/install/turtlebot3_teleop:/home/common/colcon_ws/install/tms_ur_speaker:/home/common/colcon_ws/install/tms_ur_listener:/home/common/colcon_ws/install/tms_ts_ts:/home/common/colcon_ws/install/tms_ts_test:/home/common/colcon_ws/install/tms_ts_subtask:/home/common/colcon_ws/install/tms_ss_whs1:/home/common/colcon_ws/install/tms_rc_double:/home/common/colcon_ws/install/tms_db_manager:/opt/ros/dashing:/home/common/catkin_ws/devel:/opt/ros/melodic /usr/bin/cmake --build /home/common/colcon_ws/build/tms_rc_bot --target install -- -j8 -l8
[4.474s] [36mInstall the project...[0m
[4.485s] -- Install configuration: ""
[4.485s] -- Execute custom install script
[4.486s] -- Symlinking: /home/common/colcon_ws/install/tms_rc_bot/share/tms_rc_bot/launch/guidebot_bringup.launch.py
[4.502s] -- Symlinking: /home/common/colcon_ws/install/tms_rc_bot/share/tms_rc_bot/launch/guidebot_navigation.launch.py
[4.517s] -- Symlinking: /home/common/colcon_ws/install/tms_rc_bot/share/tms_rc_bot/launch/guidebot_navigation_prev.launch.py
[4.533s] -- Symlinking: /home/common/colcon_ws/install/tms_rc_bot/share/tms_rc_bot/launch/navigation2.launch.py
[4.549s] -- Symlinking: /home/common/colcon_ws/install/tms_rc_bot/share/tms_rc_bot/maps/map.pgm
[4.564s] -- Symlinking: /home/common/colcon_ws/install/tms_rc_bot/share/tms_rc_bot/maps/map.yaml
[4.580s] -- Symlinking: /home/common/colcon_ws/install/tms_rc_bot/share/tms_rc_bot/params/burger.yaml
[4.594s] -- Symlinking: /home/common/colcon_ws/install/tms_rc_bot/share/tms_rc_bot/params/burger_params.yaml
[4.604s] -- Symlinking: /home/common/colcon_ws/install/tms_rc_bot/share/tms_rc_bot/params/guidebot_params.yaml
[4.614s] -- Symlinking: /home/common/colcon_ws/install/tms_rc_bot/share/tms_rc_bot/params/guidebot_params_back.yaml
[4.625s] -- Symlinking: /home/common/colcon_ws/install/tms_rc_bot/share/tms_rc_bot/params/waffle_params.yaml
[4.635s] -- Symlinking: /home/common/colcon_ws/install/tms_rc_bot/share/tms_rc_bot/params/waffle_pi_params.yaml
[4.645s] -- Symlinking: /home/common/colcon_ws/install/tms_rc_bot/share/tms_rc_bot/rviz/nav2_default_view.rviz
[4.655s] -- Symlinking: /home/common/colcon_ws/install/tms_rc_bot/share/tms_rc_bot/rviz/tb3_navigation2.rviz
[4.666s] -- Symlinking: /home/common/colcon_ws/install/tms_rc_bot/share/tms_rc_bot/rviz/tb3_navigation2_prev.rviz
[4.676s] -- Symlinking: /home/common/colcon_ws/install/tms_rc_bot/share/tms_rc_bot/behavior_trees/auto_localization.xml
[4.686s] -- Symlinking: /home/common/colcon_ws/install/tms_rc_bot/share/tms_rc_bot/behavior_trees/auto_localization_w_parallel_recovery.xml
[4.697s] -- Symlinking: /home/common/colcon_ws/install/tms_rc_bot/share/tms_rc_bot/behavior_trees/bt_navigator_params.yaml
[4.707s] -- Symlinking: /home/common/colcon_ws/install/tms_rc_bot/share/tms_rc_bot/behavior_trees/navigate_w_recovery_retry.xml
[4.717s] -- Symlinking: /home/common/colcon_ws/install/tms_rc_bot/share/tms_rc_bot/behavior_trees/navigate_w_replanning.xml
[4.726s] -- Symlinking: /home/common/colcon_ws/install/tms_rc_bot/share/tms_rc_bot/behavior_trees/navigate_w_replanning_and_recovery.xml
[4.737s] -- Symlinking: /home/common/colcon_ws/install/tms_rc_bot/share/tms_rc_bot/behavior_trees/parallel.xml
[4.747s] -- Symlinking: /home/common/colcon_ws/install/tms_rc_bot/share/tms_rc_bot/behavior_trees/parallel_w_recovery.xml
[4.756s] -- Symlinking: /home/common/colcon_ws/install/tms_rc_bot/share/tms_rc_bot/behavior_trees/simple_sequential.xml
[4.766s] -- Symlinking: /home/common/colcon_ws/install/tms_rc_bot/share/tms_rc_bot/behavior_trees/simple_sequential_w_recovery.xml
[4.777s] -- Up-to-date symlink: /home/common/colcon_ws/install/tms_rc_bot/share/ament_index/resource_index/package_run_dependencies/tms_rc_bot
[4.777s] -- Up-to-date symlink: /home/common/colcon_ws/install/tms_rc_bot/share/ament_index/resource_index/parent_prefix_path/tms_rc_bot
[4.777s] -- Up-to-date symlink: /home/common/colcon_ws/install/tms_rc_bot/share/tms_rc_bot/environment/ament_prefix_path.sh
[4.777s] -- Up-to-date symlink: /home/common/colcon_ws/install/tms_rc_bot/share/tms_rc_bot/environment/path.sh
[4.778s] -- Up-to-date symlink: /home/common/colcon_ws/install/tms_rc_bot/share/tms_rc_bot/local_setup.bash
[4.778s] -- Up-to-date symlink: /home/common/colcon_ws/install/tms_rc_bot/share/tms_rc_bot/local_setup.sh
[4.778s] -- Up-to-date symlink: /home/common/colcon_ws/install/tms_rc_bot/share/tms_rc_bot/local_setup.zsh
[4.779s] -- Up-to-date symlink: /home/common/colcon_ws/install/tms_rc_bot/share/ament_index/resource_index/packages/tms_rc_bot
[4.779s] -- Up-to-date symlink: /home/common/colcon_ws/install/tms_rc_bot/share/tms_rc_bot/cmake/tms_rc_botConfig.cmake
[4.779s] -- Up-to-date symlink: /home/common/colcon_ws/install/tms_rc_bot/share/tms_rc_bot/cmake/tms_rc_botConfig-version.cmake
[4.779s] -- Symlinking: /home/common/colcon_ws/install/tms_rc_bot/share/tms_rc_bot/package.xml
[5.521s] Invoked command in '/home/common/colcon_ws/build/tms_rc_bot' returned '0': CMAKE_PREFIX_PATH=/home/common/colcon_ws/install/turtlebot3:/home/common/colcon_ws/install/turtlebot3_simulations:/home/common/colcon_ws/install/turtlebot3_bringup:/home/common/colcon_ws/install/turtlebot3_node:/home/common/colcon_ws/install/turtlebot3_navigation2:/home/common/colcon_ws/install/turtlebot3_fake_node:/home/common/colcon_ws/install/doublenode:/home/common/colcon_ws/install/turtlebot3_msgs:/home/common/colcon_ws/install/turtlebot3_gazebo:/home/common/colcon_ws/install/turtlebot3_description:/home/common/colcon_ws/install/turtlebot3_cartographer:/home/common/colcon_ws/install/tms_ss_vicon:/home/common/colcon_ws/install/tms_rc_tfnode:/home/common/colcon_ws/install/tms_rc_bot:/home/common/colcon_ws/install/tms_nw_rp:/home/common/colcon_ws/install/tms_msg_ur:/home/common/colcon_ws/install/tms_msg_ts:/home/common/colcon_ws/install/tms_msg_ss:/home/common/colcon_ws/install/tms_msg_rc:/home/common/colcon_ws/install/tms_msg_db:/home/common/colcon_ws/install/object_recognition_msgs:/home/common/colcon_ws/install/hls_lfcd_lds_driver:/home/common/colcon_ws/install/examples_rclcpp_minimal_timer:/home/common/colcon_ws/install/examples_rclcpp_minimal_subscriber:/home/common/colcon_ws/install/examples_rclcpp_minimal_service:/home/common/colcon_ws/install/examples_rclcpp_minimal_publisher:/home/common/colcon_ws/install/examples_rclcpp_minimal_composition:/home/common/colcon_ws/install/examples_rclcpp_minimal_client:/home/common/colcon_ws/install/examples_rclcpp_minimal_action_server:/home/common/colcon_ws/install/examples_rclcpp_minimal_action_client:/home/common/colcon_ws/install/dynamixel_sdk:/home/common/colcon_ws/install/turtlebot3_teleop:/home/common/colcon_ws/install/tms_ur_speaker:/home/common/colcon_ws/install/tms_ur_listener:/home/common/colcon_ws/install/tms_ts_ts:/home/common/colcon_ws/install/tms_ts_test:/home/common/colcon_ws/install/tms_ts_subtask:/home/common/colcon_ws/install/tms_ss_whs1:/home/common/colcon_ws/install/tms_rc_double:/home/common/colcon_ws/install/tms_db_manager:/opt/ros/dashing:/home/common/catkin_ws/devel:/opt/ros/melodic /usr/bin/cmake --build /home/common/colcon_ws/build/tms_rc_bot --target install -- -j8 -l8
