[0.161s] -- The C compiler identification is GNU 7.4.0
[0.283s] -- The CXX compiler identification is GNU 7.4.0
[0.289s] -- Check for working C compiler: /usr/bin/cc
[0.372s] -- Check for working C compiler: /usr/bin/cc -- works
[0.373s] -- Detecting C compiler ABI info
[0.458s] -- Detecting C compiler ABI info - done
[0.466s] -- Detecting C compile features
[0.732s] -- Detecting C compile features - done
[0.732s] -- Check for working CXX compiler: /usr/bin/c++
[0.821s] -- Check for working CXX compiler: /usr/bin/c++ -- works
[0.823s] -- Detecting CXX compiler ABI info
[0.941s] -- Detecting CXX compiler ABI info - done
[0.949s] -- Detecting CXX compile features
[1.468s] -- Detecting CXX compile features - done
[1.477s] CMake Error at CMakeLists.txt:10 (find_package):
[1.477s]   By not providing "Findament_cmake.cmake" in CMAKE_MODULE_PATH this project
[1.478s]   has asked CMake to find a package configuration file provided by
[1.478s]   "ament_cmake", but CMake did not find one.
[1.478s] 
[1.478s]   Could not find a package configuration file provided by "ament_cmake" with
[1.478s]   any of the following names:
[1.478s] 
[1.478s]     ament_cmakeConfig.cmake
[1.478s]     ament_cmake-config.cmake
[1.478s] 
[1.478s]   Add the installation prefix of "ament_cmake" to CMAKE_PREFIX_PATH or set
[1.478s]   "ament_cmake_DIR" to a directory containing one of the above files.  If
[1.479s]   "ament_cmake" provides a separate development package or SDK, be sure it
[1.479s]   has been installed.
[1.479s] 
[1.479s] 
[1.479s] -- Configuring incomplete, errors occurred!
[1.479s] See also "/home/common/colcon_ws/build/turtlebot3_navigation2/CMakeFiles/CMakeOutput.log".
