[0.115s] -- The C compiler identification is GNU 7.4.0
[0.202s] -- The CXX compiler identification is GNU 7.4.0
[0.209s] -- Check for working C compiler: /usr/bin/cc
[0.286s] -- Check for working C compiler: /usr/bin/cc -- works
[0.286s] -- Detecting C compiler ABI info
[0.397s] -- Detecting C compiler ABI info - done
[0.403s] -- Detecting C compile features
[0.725s] -- Detecting C compile features - done
[0.728s] -- Check for working CXX compiler: /usr/bin/c++
[0.848s] -- Check for working CXX compiler: /usr/bin/c++ -- works
[0.849s] -- Detecting CXX compiler ABI info
[0.966s] -- Detecting CXX compiler ABI info - done
[0.971s] -- Detecting CXX compile features
[1.431s] -- Detecting CXX compile features - done
[1.435s] -- Found ament_cmake: 0.7.4 (/opt/ros/dashing/share/ament_cmake/cmake)
[1.517s] -- Found PythonInterp: /usr/bin/python3 (found suitable version "3.6.9", minimum required is "3") 
[1.517s] -- Using PYTHON_EXECUTABLE: /usr/bin/python3
[1.779s] -- Override CMake install command with custom implementation using symlinks instead of copying resources
[1.810s] -- Found rclcpp: 0.7.12 (/opt/ros/dashing/share/rclcpp/cmake)
[1.838s] -- Found rosidl_adapter: 0.7.8 (/opt/ros/dashing/share/rosidl_adapter/cmake)
[1.878s] -- Found rmw_implementation_cmake: 0.7.2 (/opt/ros/dashing/share/rmw_implementation_cmake/cmake)
[1.882s] -- Using RMW implementation 'rmw_fastrtps_cpp' as default
[1.883s] -- Looking for pthread.h
[1.951s] -- Looking for pthread.h - found
[1.951s] -- Looking for pthread_create
[2.026s] -- Looking for pthread_create - not found
[2.027s] -- Looking for pthread_create in pthreads
[2.082s] -- Looking for pthread_create in pthreads - not found
[2.082s] -- Looking for pthread_create in pthread
[2.144s] -- Looking for pthread_create in pthread - found
[2.145s] -- Found Threads: TRUE  
[2.245s] -- Configuring done
[2.257s] -- Generating done
[2.258s] -- Build files have been written to: /home/common/colcon_ws/build/examples_rclcpp_minimal_timer
