[0.058s] Invoking command in '/home/common/colcon_ws/build/tms_msg_db': CMAKE_PREFIX_PATH=/home/common/colcon_ws/install/turtlebot3:/home/common/colcon_ws/install/turtlebot3_simulations:/home/common/colcon_ws/install/turtlebot3_bringup:/home/common/colcon_ws/install/turtlebot3_node:/home/common/colcon_ws/install/turtlebot3_navigation2:/home/common/colcon_ws/install/turtlebot3_fake_node:/home/common/colcon_ws/install/doublenode:/home/common/colcon_ws/install/turtlebot3_msgs:/home/common/colcon_ws/install/turtlebot3_gazebo:/home/common/colcon_ws/install/turtlebot3_description:/home/common/colcon_ws/install/turtlebot3_cartographer:/home/common/colcon_ws/install/tms_ss_vicon:/home/common/colcon_ws/install/tms_rc_tfnode:/home/common/colcon_ws/install/turtlebot3_teleop:/home/common/colcon_ws/install/tms_ur_speaker:/home/common/colcon_ws/install/tms_ur_listener:/home/common/colcon_ws/install/tms_ts_ts:/home/common/colcon_ws/install/tms_ts_test:/home/common/colcon_ws/install/tms_ts_subtask:/home/common/colcon_ws/install/tms_ss_whs1:/home/common/colcon_ws/install/tms_rc_double:/home/common/colcon_ws/install/tms_db_manager:/opt/ros/dashing:/home/common/colcon_ws/install/tms_rc_smartpal_control:/home/common/colcon_ws/install/tms_rc_bot:/home/common/colcon_ws/install/tms_nw_rp:/home/common/colcon_ws/install/tms_msg_ur:/home/common/colcon_ws/install/tms_msg_ts:/home/common/colcon_ws/install/tms_msg_ss:/home/common/colcon_ws/install/tms_msg_rc:/home/common/colcon_ws/install/tms_msg_db:/home/common/colcon_ws/install/moveit_msgs:/home/common/colcon_ws/install/octomap_msgs:/home/common/colcon_ws/install/object_recognition_msgs:/home/common/colcon_ws/install/hls_lfcd_lds_driver:/home/common/colcon_ws/install/examples_rclcpp_minimal_timer:/home/common/colcon_ws/install/examples_rclcpp_minimal_subscriber:/home/common/colcon_ws/install/examples_rclcpp_minimal_service:/home/common/colcon_ws/install/examples_rclcpp_minimal_publisher:/home/common/colcon_ws/install/examples_rclcpp_minimal_composition:/home/common/colcon_ws/install/examples_rclcpp_minimal_client:/home/common/colcon_ws/install/examples_rclcpp_minimal_action_server:/home/common/colcon_ws/install/examples_rclcpp_minimal_action_client:/home/common/colcon_ws/install/dynamixel_sdk:/home/common/catkin_ws/devel:/opt/ros/melodic /usr/bin/cmake --build /home/common/colcon_ws/build/tms_msg_db -- -j8 -l8
[0.172s] [  0%] Built target tms_msg_db__cpp
[0.189s] [ 12%] Built target tms_msg_db__rosidl_generator_c
[0.258s] [ 24%] Built target tms_msg_db__rosidl_typesupport_fastrtps_cpp
[0.270s] [ 37%] Built target tms_msg_db__rosidl_typesupport_introspection_cpp
[0.289s] [ 49%] Built target tms_msg_db__rosidl_typesupport_introspection_c
[0.342s] [ 61%] Built target tms_msg_db__rosidl_typesupport_cpp
[0.355s] [ 73%] Built target tms_msg_db__rosidl_typesupport_fastrtps_c
[0.414s] [ 86%] Built target tms_msg_db__rosidl_typesupport_c
[0.452s] [ 86%] Built target tms_msg_db
[0.488s] [ 87%] Built target tms_msg_db__py
[0.576s] [ 98%] Built target tms_msg_db__python
[0.638s] [ 99%] Built target tms_msg_db__rosidl_typesupport_c__pyext
[0.638s] [100%] Built target tms_msg_db__rosidl_typesupport_fastrtps_c__pyext
[0.656s] Invoked command in '/home/common/colcon_ws/build/tms_msg_db' returned '0': CMAKE_PREFIX_PATH=/home/common/colcon_ws/install/turtlebot3:/home/common/colcon_ws/install/turtlebot3_simulations:/home/common/colcon_ws/install/turtlebot3_bringup:/home/common/colcon_ws/install/turtlebot3_node:/home/common/colcon_ws/install/turtlebot3_navigation2:/home/common/colcon_ws/install/turtlebot3_fake_node:/home/common/colcon_ws/install/doublenode:/home/common/colcon_ws/install/turtlebot3_msgs:/home/common/colcon_ws/install/turtlebot3_gazebo:/home/common/colcon_ws/install/turtlebot3_description:/home/common/colcon_ws/install/turtlebot3_cartographer:/home/common/colcon_ws/install/tms_ss_vicon:/home/common/colcon_ws/install/tms_rc_tfnode:/home/common/colcon_ws/install/turtlebot3_teleop:/home/common/colcon_ws/install/tms_ur_speaker:/home/common/colcon_ws/install/tms_ur_listener:/home/common/colcon_ws/install/tms_ts_ts:/home/common/colcon_ws/install/tms_ts_test:/home/common/colcon_ws/install/tms_ts_subtask:/home/common/colcon_ws/install/tms_ss_whs1:/home/common/colcon_ws/install/tms_rc_double:/home/common/colcon_ws/install/tms_db_manager:/opt/ros/dashing:/home/common/colcon_ws/install/tms_rc_smartpal_control:/home/common/colcon_ws/install/tms_rc_bot:/home/common/colcon_ws/install/tms_nw_rp:/home/common/colcon_ws/install/tms_msg_ur:/home/common/colcon_ws/install/tms_msg_ts:/home/common/colcon_ws/install/tms_msg_ss:/home/common/colcon_ws/install/tms_msg_rc:/home/common/colcon_ws/install/tms_msg_db:/home/common/colcon_ws/install/moveit_msgs:/home/common/colcon_ws/install/octomap_msgs:/home/common/colcon_ws/install/object_recognition_msgs:/home/common/colcon_ws/install/hls_lfcd_lds_driver:/home/common/colcon_ws/install/examples_rclcpp_minimal_timer:/home/common/colcon_ws/install/examples_rclcpp_minimal_subscriber:/home/common/colcon_ws/install/examples_rclcpp_minimal_service:/home/common/colcon_ws/install/examples_rclcpp_minimal_publisher:/home/common/colcon_ws/install/examples_rclcpp_minimal_composition:/home/common/colcon_ws/install/examples_rclcpp_minimal_client:/home/common/colcon_ws/install/examples_rclcpp_minimal_action_server:/home/common/colcon_ws/install/examples_rclcpp_minimal_action_client:/home/common/colcon_ws/install/dynamixel_sdk:/home/common/catkin_ws/devel:/opt/ros/melodic /usr/bin/cmake --build /home/common/colcon_ws/build/tms_msg_db -- -j8 -l8
[1.186s] Invoking command in '/home/common/colcon_ws/build/tms_msg_db': CMAKE_PREFIX_PATH=/home/common/colcon_ws/install/turtlebot3:/home/common/colcon_ws/install/turtlebot3_simulations:/home/common/colcon_ws/install/turtlebot3_bringup:/home/common/colcon_ws/install/turtlebot3_node:/home/common/colcon_ws/install/turtlebot3_navigation2:/home/common/colcon_ws/install/turtlebot3_fake_node:/home/common/colcon_ws/install/doublenode:/home/common/colcon_ws/install/turtlebot3_msgs:/home/common/colcon_ws/install/turtlebot3_gazebo:/home/common/colcon_ws/install/turtlebot3_description:/home/common/colcon_ws/install/turtlebot3_cartographer:/home/common/colcon_ws/install/tms_ss_vicon:/home/common/colcon_ws/install/tms_rc_tfnode:/home/common/colcon_ws/install/turtlebot3_teleop:/home/common/colcon_ws/install/tms_ur_speaker:/home/common/colcon_ws/install/tms_ur_listener:/home/common/colcon_ws/install/tms_ts_ts:/home/common/colcon_ws/install/tms_ts_test:/home/common/colcon_ws/install/tms_ts_subtask:/home/common/colcon_ws/install/tms_ss_whs1:/home/common/colcon_ws/install/tms_rc_double:/home/common/colcon_ws/install/tms_db_manager:/opt/ros/dashing:/home/common/colcon_ws/install/tms_rc_smartpal_control:/home/common/colcon_ws/install/tms_rc_bot:/home/common/colcon_ws/install/tms_nw_rp:/home/common/colcon_ws/install/tms_msg_ur:/home/common/colcon_ws/install/tms_msg_ts:/home/common/colcon_ws/install/tms_msg_ss:/home/common/colcon_ws/install/tms_msg_rc:/home/common/colcon_ws/install/tms_msg_db:/home/common/colcon_ws/install/moveit_msgs:/home/common/colcon_ws/install/octomap_msgs:/home/common/colcon_ws/install/object_recognition_msgs:/home/common/colcon_ws/install/hls_lfcd_lds_driver:/home/common/colcon_ws/install/examples_rclcpp_minimal_timer:/home/common/colcon_ws/install/examples_rclcpp_minimal_subscriber:/home/common/colcon_ws/install/examples_rclcpp_minimal_service:/home/common/colcon_ws/install/examples_rclcpp_minimal_publisher:/home/common/colcon_ws/install/examples_rclcpp_minimal_composition:/home/common/colcon_ws/install/examples_rclcpp_minimal_client:/home/common/colcon_ws/install/examples_rclcpp_minimal_action_server:/home/common/colcon_ws/install/examples_rclcpp_minimal_action_client:/home/common/colcon_ws/install/dynamixel_sdk:/home/common/catkin_ws/devel:/opt/ros/melodic /usr/bin/cmake --build /home/common/colcon_ws/build/tms_msg_db --target install -- -j8 -l8
[1.284s] [  0%] Built target tms_msg_db__cpp
[1.296s] [ 12%] Built target tms_msg_db__rosidl_generator_c
[1.390s] [ 24%] Built target tms_msg_db__rosidl_typesupport_fastrtps_cpp
[1.404s] [ 37%] Built target tms_msg_db__rosidl_typesupport_introspection_cpp
[1.408s] [ 49%] Built target tms_msg_db__rosidl_typesupport_introspection_c
[1.478s] [ 61%] Built target tms_msg_db__rosidl_typesupport_cpp
[1.484s] [ 73%] Built target tms_msg_db__rosidl_typesupport_fastrtps_c
[1.533s] [ 86%] Built target tms_msg_db__rosidl_typesupport_c
[1.563s] [ 86%] Built target tms_msg_db
[1.603s] [ 87%] Built target tms_msg_db__py
[1.660s] [ 98%] Built target tms_msg_db__python
[1.704s] [ 99%] Built target tms_msg_db__rosidl_typesupport_c__pyext
[1.713s] [100%] Built target tms_msg_db__rosidl_typesupport_fastrtps_c__pyext
[1.736s] [36mInstall the project...[0m
[1.746s] -- Install configuration: ""
[1.747s] -- Execute custom install script
[1.747s] -- Up-to-date symlink: /home/common/colcon_ws/install/tms_msg_db/share/ament_index/resource_index/rosidl_interfaces/tms_msg_db
[1.747s] -- Up-to-date symlink: /home/common/colcon_ws/install/tms_msg_db/lib/libtms_msg_db__rosidl_typesupport_c.so
[1.748s] -- Up-to-date symlink: /home/common/colcon_ws/install/tms_msg_db/share/tms_msg_db/environment/library_path.sh
[1.748s] -- Up-to-date symlink: /home/common/colcon_ws/install/tms_msg_db/lib/libtms_msg_db__rosidl_typesupport_cpp.so
[1.749s] -- Up-to-date symlink: /home/common/colcon_ws/install/tms_msg_db/include/tms_msg_db/msg/rosidl_typesupport_fastrtps_c__visibility_control.h
[1.749s] -- Up-to-date symlink: /home/common/colcon_ws/install/tms_msg_db/include/tms_msg_db/msg/tms_data__rosidl_typesupport_fastrtps_c.h
[1.749s] -- Up-to-date symlink: /home/common/colcon_ws/install/tms_msg_db/include/tms_msg_db/msg/tms_data_stamped__rosidl_typesupport_fastrtps_c.h
[1.749s] -- Up-to-date symlink: /home/common/colcon_ws/install/tms_msg_db/include/tms_msg_db/msg/tmsdb__rosidl_typesupport_fastrtps_c.h
[1.750s] -- Up-to-date symlink: /home/common/colcon_ws/install/tms_msg_db/include/tms_msg_db/msg/tmsdb_stamped__rosidl_typesupport_fastrtps_c.h
[1.751s] -- Up-to-date symlink: /home/common/colcon_ws/install/tms_msg_db/include/tms_msg_db/srv/tmsdb_get_data__rosidl_typesupport_fastrtps_c.h
[1.751s] -- Up-to-date symlink: /home/common/colcon_ws/install/tms_msg_db/include/tms_msg_db/srv/tmsdb_objectsdata__rosidl_typesupport_fastrtps_c.h
[1.751s] -- Up-to-date symlink: /home/common/colcon_ws/install/tms_msg_db/include/tms_msg_db/srv/tmsdb_planning__rosidl_typesupport_fastrtps_c.h
[1.751s] -- Up-to-date symlink: /home/common/colcon_ws/install/tms_msg_db/include/tms_msg_db/srv/tmsdbfileconservation__rosidl_typesupport_fastrtps_c.h
[1.752s] -- Up-to-date symlink: /home/common/colcon_ws/install/tms_msg_db/include/tms_msg_db/srv/tmsdbgetfurnituresinfo__rosidl_typesupport_fastrtps_c.h
[1.752s] -- Up-to-date symlink: /home/common/colcon_ws/install/tms_msg_db/include/tms_msg_db/srv/tmsdbgetmovablefurnituresinfo__rosidl_typesupport_fastrtps_c.h
[1.752s] -- Up-to-date symlink: /home/common/colcon_ws/install/tms_msg_db/include/tms_msg_db/srv/tmsdbgetobjectsinfo__rosidl_typesupport_fastrtps_c.h
[1.752s] -- Up-to-date symlink: /home/common/colcon_ws/install/tms_msg_db/include/tms_msg_db/srv/tmsdbgetpcdinfo__rosidl_typesupport_fastrtps_c.h
[1.753s] -- Up-to-date symlink: /home/common/colcon_ws/install/tms_msg_db/include/tms_msg_db/srv/tmsdbgetpersonbehaviorinfo__rosidl_typesupport_fastrtps_c.h
[1.753s] -- Up-to-date symlink: /home/common/colcon_ws/install/tms_msg_db/include/tms_msg_db/srv/tmsdbgetpersoninfo__rosidl_typesupport_fastrtps_c.h
[1.755s] -- Up-to-date symlink: /home/common/colcon_ws/install/tms_msg_db/include/tms_msg_db/srv/tmsdbgetrobotinfo__rosidl_typesupport_fastrtps_c.h
[1.756s] -- Up-to-date symlink: /home/common/colcon_ws/install/tms_msg_db/include/tms_msg_db/srv/tmsdbgetrobotsinfo__rosidl_typesupport_fastrtps_c.h
[1.757s] -- Up-to-date symlink: /home/common/colcon_ws/install/tms_msg_db/include/tms_msg_db/srv/tmsdbgettasklist__rosidl_typesupport_fastrtps_c.h
[1.767s] -- Up-to-date symlink: /home/common/colcon_ws/install/tms_msg_db/include/tms_msg_db/srv/tmsdbgetunknownobject__rosidl_typesupport_fastrtps_c.h
[1.767s] -- Up-to-date symlink: /home/common/colcon_ws/install/tms_msg_db/include/tms_msg_db/srv/tmsdbmissingobjectschecker__rosidl_typesupport_fastrtps_c.h
[1.767s] -- Up-to-date symlink: /home/common/colcon_ws/install/tms_msg_db/include/tms_msg_db/srv/tmsdbobjdt__rosidl_typesupport_fastrtps_c.h
[1.769s] -- Up-to-date symlink: /home/common/colcon_ws/install/tms_msg_db/lib/libtms_msg_db__rosidl_typesupport_fastrtps_c.so
[1.770s] -- Up-to-date symlink: /home/common/colcon_ws/install/tms_msg_db/include/tms_msg_db/msg/rosidl_generator_c__visibility_control.h
[1.771s] -- Up-to-date symlink: /home/common/colcon_ws/install/tms_msg_db/include/tms_msg_db/msg/tms_data.h
[1.771s] -- Up-to-date symlink: /home/common/colcon_ws/install/tms_msg_db/include/tms_msg_db/msg/tms_data__functions.h
[1.772s] -- Up-to-date symlink: /home/common/colcon_ws/install/tms_msg_db/include/tms_msg_db/msg/tms_data__struct.h
[1.772s] -- Up-to-date symlink: /home/common/colcon_ws/install/tms_msg_db/include/tms_msg_db/msg/tms_data__type_support.h
[1.773s] -- Up-to-date symlink: /home/common/colcon_ws/install/tms_msg_db/include/tms_msg_db/msg/tms_data_stamped.h
[1.773s] -- Up-to-date symlink: /home/common/colcon_ws/install/tms_msg_db/include/tms_msg_db/msg/tms_data_stamped__functions.h
[1.773s] -- Up-to-date symlink: /home/common/colcon_ws/install/tms_msg_db/include/tms_msg_db/msg/tms_data_stamped__struct.h
[1.773s] -- Up-to-date symlink: /home/common/colcon_ws/install/tms_msg_db/include/tms_msg_db/msg/tms_data_stamped__type_support.h
[1.775s] -- Up-to-date symlink: /home/common/colcon_ws/install/tms_msg_db/include/tms_msg_db/msg/tmsdb.h
[1.775s] -- Up-to-date symlink: /home/common/colcon_ws/install/tms_msg_db/include/tms_msg_db/msg/tmsdb__functions.h
[1.775s] -- Up-to-date symlink: /home/common/colcon_ws/install/tms_msg_db/include/tms_msg_db/msg/tmsdb__struct.h
[1.775s] -- Up-to-date symlink: /home/common/colcon_ws/install/tms_msg_db/include/tms_msg_db/msg/tmsdb__type_support.h
[1.780s] -- Up-to-date symlink: /home/common/colcon_ws/install/tms_msg_db/include/tms_msg_db/msg/tmsdb_stamped.h
[1.783s] -- Up-to-date symlink: /home/common/colcon_ws/install/tms_msg_db/include/tms_msg_db/msg/tmsdb_stamped__functions.h
[1.783s] -- Up-to-date symlink: /home/common/colcon_ws/install/tms_msg_db/include/tms_msg_db/msg/tmsdb_stamped__struct.h
[1.784s] -- Up-to-date symlink: /home/common/colcon_ws/install/tms_msg_db/include/tms_msg_db/msg/tmsdb_stamped__type_support.h
[1.785s] -- Up-to-date symlink: /home/common/colcon_ws/install/tms_msg_db/include/tms_msg_db/srv/tmsdb_get_data.h
[1.785s] -- Up-to-date symlink: /home/common/colcon_ws/install/tms_msg_db/include/tms_msg_db/srv/tmsdb_get_data__functions.h
[1.785s] -- Up-to-date symlink: /home/common/colcon_ws/install/tms_msg_db/include/tms_msg_db/srv/tmsdb_get_data__struct.h
[1.785s] -- Up-to-date symlink: /home/common/colcon_ws/install/tms_msg_db/include/tms_msg_db/srv/tmsdb_get_data__type_support.h
[1.785s] -- Up-to-date symlink: /home/common/colcon_ws/install/tms_msg_db/include/tms_msg_db/srv/tmsdb_objectsdata.h
[1.786s] -- Up-to-date symlink: /home/common/colcon_ws/install/tms_msg_db/include/tms_msg_db/srv/tmsdb_objectsdata__functions.h
[1.786s] -- Up-to-date symlink: /home/common/colcon_ws/install/tms_msg_db/include/tms_msg_db/srv/tmsdb_objectsdata__struct.h
[1.786s] -- Up-to-date symlink: /home/common/colcon_ws/install/tms_msg_db/include/tms_msg_db/srv/tmsdb_objectsdata__type_support.h
[1.786s] -- Up-to-date symlink: /home/common/colcon_ws/install/tms_msg_db/include/tms_msg_db/srv/tmsdb_planning.h
[1.786s] -- Up-to-date symlink: /home/common/colcon_ws/install/tms_msg_db/include/tms_msg_db/srv/tmsdb_planning__functions.h
[1.787s] -- Up-to-date symlink: /home/common/colcon_ws/install/tms_msg_db/include/tms_msg_db/srv/tmsdb_planning__struct.h
[1.787s] -- Up-to-date symlink: /home/common/colcon_ws/install/tms_msg_db/include/tms_msg_db/srv/tmsdb_planning__type_support.h
[1.787s] -- Up-to-date symlink: /home/common/colcon_ws/install/tms_msg_db/include/tms_msg_db/srv/tmsdbfileconservation.h
[1.795s] -- Up-to-date symlink: /home/common/colcon_ws/install/tms_msg_db/include/tms_msg_db/srv/tmsdbfileconservation__functions.h
[1.795s] -- Up-to-date symlink: /home/common/colcon_ws/install/tms_msg_db/include/tms_msg_db/srv/tmsdbfileconservation__struct.h
[1.795s] -- Up-to-date symlink: /home/common/colcon_ws/install/tms_msg_db/include/tms_msg_db/srv/tmsdbfileconservation__type_support.h
[1.795s] -- Up-to-date symlink: /home/common/colcon_ws/install/tms_msg_db/include/tms_msg_db/srv/tmsdbgetfurnituresinfo.h
[1.795s] -- Up-to-date symlink: /home/common/colcon_ws/install/tms_msg_db/include/tms_msg_db/srv/tmsdbgetfurnituresinfo__functions.h
[1.796s] -- Up-to-date symlink: /home/common/colcon_ws/install/tms_msg_db/include/tms_msg_db/srv/tmsdbgetfurnituresinfo__struct.h
[1.796s] -- Up-to-date symlink: /home/common/colcon_ws/install/tms_msg_db/include/tms_msg_db/srv/tmsdbgetfurnituresinfo__type_support.h
[1.796s] -- Up-to-date symlink: /home/common/colcon_ws/install/tms_msg_db/include/tms_msg_db/srv/tmsdbgetmovablefurnituresinfo.h
[1.796s] -- Up-to-date symlink: /home/common/colcon_ws/install/tms_msg_db/include/tms_msg_db/srv/tmsdbgetmovablefurnituresinfo__functions.h
[1.796s] -- Up-to-date symlink: /home/common/colcon_ws/install/tms_msg_db/include/tms_msg_db/srv/tmsdbgetmovablefurnituresinfo__struct.h
[1.805s] -- Up-to-date symlink: /home/common/colcon_ws/install/tms_msg_db/include/tms_msg_db/srv/tmsdbgetmovablefurnituresinfo__type_support.h
[1.805s] -- Up-to-date symlink: /home/common/colcon_ws/install/tms_msg_db/include/tms_msg_db/srv/tmsdbgetobjectsinfo.h
[1.806s] -- Up-to-date symlink: /home/common/colcon_ws/install/tms_msg_db/include/tms_msg_db/srv/tmsdbgetobjectsinfo__functions.h
[1.806s] -- Up-to-date symlink: /home/common/colcon_ws/install/tms_msg_db/include/tms_msg_db/srv/tmsdbgetobjectsinfo__struct.h
[1.807s] -- Up-to-date symlink: /home/common/colcon_ws/install/tms_msg_db/include/tms_msg_db/srv/tmsdbgetobjectsinfo__type_support.h
[1.808s] -- Up-to-date symlink: /home/common/colcon_ws/install/tms_msg_db/include/tms_msg_db/srv/tmsdbgetpcdinfo.h
[1.812s] -- Up-to-date symlink: /home/common/colcon_ws/install/tms_msg_db/include/tms_msg_db/srv/tmsdbgetpcdinfo__functions.h
[1.812s] -- Up-to-date symlink: /home/common/colcon_ws/install/tms_msg_db/include/tms_msg_db/srv/tmsdbgetpcdinfo__struct.h
[1.812s] -- Up-to-date symlink: /home/common/colcon_ws/install/tms_msg_db/include/tms_msg_db/srv/tmsdbgetpcdinfo__type_support.h
[1.813s] -- Up-to-date symlink: /home/common/colcon_ws/install/tms_msg_db/include/tms_msg_db/srv/tmsdbgetpersonbehaviorinfo.h
[1.813s] -- Up-to-date symlink: /home/common/colcon_ws/install/tms_msg_db/include/tms_msg_db/srv/tmsdbgetpersonbehaviorinfo__functions.h
[1.814s] -- Up-to-date symlink: /home/common/colcon_ws/install/tms_msg_db/include/tms_msg_db/srv/tmsdbgetpersonbehaviorinfo__struct.h
[1.816s] -- Up-to-date symlink: /home/common/colcon_ws/install/tms_msg_db/include/tms_msg_db/srv/tmsdbgetpersonbehaviorinfo__type_support.h
[1.816s] -- Up-to-date symlink: /home/common/colcon_ws/install/tms_msg_db/include/tms_msg_db/srv/tmsdbgetpersoninfo.h
[1.816s] -- Up-to-date symlink: /home/common/colcon_ws/install/tms_msg_db/include/tms_msg_db/srv/tmsdbgetpersoninfo__functions.h
[1.816s] -- Up-to-date symlink: /home/common/colcon_ws/install/tms_msg_db/include/tms_msg_db/srv/tmsdbgetpersoninfo__struct.h
[1.817s] -- Up-to-date symlink: /home/common/colcon_ws/install/tms_msg_db/include/tms_msg_db/srv/tmsdbgetpersoninfo__type_support.h
[1.818s] -- Up-to-date symlink: /home/common/colcon_ws/install/tms_msg_db/include/tms_msg_db/srv/tmsdbgetrobotinfo.h
[1.819s] -- Up-to-date symlink: /home/common/colcon_ws/install/tms_msg_db/include/tms_msg_db/srv/tmsdbgetrobotinfo__functions.h
[1.819s] -- Up-to-date symlink: /home/common/colcon_ws/install/tms_msg_db/include/tms_msg_db/srv/tmsdbgetrobotinfo__struct.h
[1.820s] -- Up-to-date symlink: /home/common/colcon_ws/install/tms_msg_db/include/tms_msg_db/srv/tmsdbgetrobotinfo__type_support.h
[1.820s] -- Up-to-date symlink: /home/common/colcon_ws/install/tms_msg_db/include/tms_msg_db/srv/tmsdbgetrobotsinfo.h
[1.821s] -- Up-to-date symlink: /home/common/colcon_ws/install/tms_msg_db/include/tms_msg_db/srv/tmsdbgetrobotsinfo__functions.h
[1.821s] -- Up-to-date symlink: /home/common/colcon_ws/install/tms_msg_db/include/tms_msg_db/srv/tmsdbgetrobotsinfo__struct.h
[1.822s] -- Up-to-date symlink: /home/common/colcon_ws/install/tms_msg_db/include/tms_msg_db/srv/tmsdbgetrobotsinfo__type_support.h
[1.822s] -- Up-to-date symlink: /home/common/colcon_ws/install/tms_msg_db/include/tms_msg_db/srv/tmsdbgettasklist.h
[1.822s] -- Up-to-date symlink: /home/common/colcon_ws/install/tms_msg_db/include/tms_msg_db/srv/tmsdbgettasklist__functions.h
[1.825s] -- Up-to-date symlink: /home/common/colcon_ws/install/tms_msg_db/include/tms_msg_db/srv/tmsdbgettasklist__struct.h
[1.825s] -- Up-to-date symlink: /home/common/colcon_ws/install/tms_msg_db/include/tms_msg_db/srv/tmsdbgettasklist__type_support.h
[1.825s] -- Up-to-date symlink: /home/common/colcon_ws/install/tms_msg_db/include/tms_msg_db/srv/tmsdbgetunknownobject.h
[1.826s] -- Up-to-date symlink: /home/common/colcon_ws/install/tms_msg_db/include/tms_msg_db/srv/tmsdbgetunknownobject__functions.h
[1.826s] -- Up-to-date symlink: /home/common/colcon_ws/install/tms_msg_db/include/tms_msg_db/srv/tmsdbgetunknownobject__struct.h
[1.830s] -- Up-to-date symlink: /home/common/colcon_ws/install/tms_msg_db/include/tms_msg_db/srv/tmsdbgetunknownobject__type_support.h
[1.830s] -- Up-to-date symlink: /home/common/colcon_ws/install/tms_msg_db/include/tms_msg_db/srv/tmsdbmissingobjectschecker.h
[1.831s] -- Up-to-date symlink: /home/common/colcon_ws/install/tms_msg_db/include/tms_msg_db/srv/tmsdbmissingobjectschecker__functions.h
[1.831s] -- Up-to-date symlink: /home/common/colcon_ws/install/tms_msg_db/include/tms_msg_db/srv/tmsdbmissingobjectschecker__struct.h
[1.832s] -- Up-to-date symlink: /home/common/colcon_ws/install/tms_msg_db/include/tms_msg_db/srv/tmsdbmissingobjectschecker__type_support.h
[1.832s] -- Up-to-date symlink: /home/common/colcon_ws/install/tms_msg_db/include/tms_msg_db/srv/tmsdbobjdt.h
[1.832s] -- Up-to-date symlink: /home/common/colcon_ws/install/tms_msg_db/include/tms_msg_db/srv/tmsdbobjdt__functions.h
[1.832s] -- Up-to-date symlink: /home/common/colcon_ws/install/tms_msg_db/include/tms_msg_db/srv/tmsdbobjdt__struct.h
[1.833s] -- Up-to-date symlink: /home/common/colcon_ws/install/tms_msg_db/include/tms_msg_db/srv/tmsdbobjdt__type_support.h
[1.834s] -- Up-to-date symlink: /home/common/colcon_ws/install/tms_msg_db/lib/libtms_msg_db__rosidl_generator_c.so
[1.836s] -- Up-to-date symlink: /home/common/colcon_ws/install/tms_msg_db/include/tms_msg_db/msg/rosidl_typesupport_fastrtps_cpp__visibility_control.h
[1.839s] -- Up-to-date symlink: /home/common/colcon_ws/install/tms_msg_db/include/tms_msg_db/msg/tms_data__rosidl_typesupport_fastrtps_cpp.hpp
[1.840s] -- Up-to-date symlink: /home/common/colcon_ws/install/tms_msg_db/include/tms_msg_db/msg/tms_data_stamped__rosidl_typesupport_fastrtps_cpp.hpp
[1.841s] -- Up-to-date symlink: /home/common/colcon_ws/install/tms_msg_db/include/tms_msg_db/msg/tmsdb__rosidl_typesupport_fastrtps_cpp.hpp
[1.842s] -- Up-to-date symlink: /home/common/colcon_ws/install/tms_msg_db/include/tms_msg_db/msg/tmsdb_stamped__rosidl_typesupport_fastrtps_cpp.hpp
[1.842s] -- Up-to-date symlink: /home/common/colcon_ws/install/tms_msg_db/include/tms_msg_db/srv/tmsdb_get_data__rosidl_typesupport_fastrtps_cpp.hpp
[1.843s] -- Up-to-date symlink: /home/common/colcon_ws/install/tms_msg_db/include/tms_msg_db/srv/tmsdb_objectsdata__rosidl_typesupport_fastrtps_cpp.hpp
[1.844s] -- Up-to-date symlink: /home/common/colcon_ws/install/tms_msg_db/include/tms_msg_db/srv/tmsdb_planning__rosidl_typesupport_fastrtps_cpp.hpp
[1.845s] -- Up-to-date symlink: /home/common/colcon_ws/install/tms_msg_db/include/tms_msg_db/srv/tmsdbfileconservation__rosidl_typesupport_fastrtps_cpp.hpp
[1.845s] -- Up-to-date symlink: /home/common/colcon_ws/install/tms_msg_db/include/tms_msg_db/srv/tmsdbgetfurnituresinfo__rosidl_typesupport_fastrtps_cpp.hpp
[1.846s] -- Up-to-date symlink: /home/common/colcon_ws/install/tms_msg_db/include/tms_msg_db/srv/tmsdbgetmovablefurnituresinfo__rosidl_typesupport_fastrtps_cpp.hpp
[1.846s] -- Up-to-date symlink: /home/common/colcon_ws/install/tms_msg_db/include/tms_msg_db/srv/tmsdbgetobjectsinfo__rosidl_typesupport_fastrtps_cpp.hpp
[1.846s] -- Up-to-date symlink: /home/common/colcon_ws/install/tms_msg_db/include/tms_msg_db/srv/tmsdbgetpcdinfo__rosidl_typesupport_fastrtps_cpp.hpp
[1.847s] -- Up-to-date symlink: /home/common/colcon_ws/install/tms_msg_db/include/tms_msg_db/srv/tmsdbgetpersonbehaviorinfo__rosidl_typesupport_fastrtps_cpp.hpp
[1.849s] -- Up-to-date symlink: /home/common/colcon_ws/install/tms_msg_db/include/tms_msg_db/srv/tmsdbgetpersoninfo__rosidl_typesupport_fastrtps_cpp.hpp
[1.850s] -- Up-to-date symlink: /home/common/colcon_ws/install/tms_msg_db/include/tms_msg_db/srv/tmsdbgetrobotinfo__rosidl_typesupport_fastrtps_cpp.hpp
[1.851s] -- Up-to-date symlink: /home/common/colcon_ws/install/tms_msg_db/include/tms_msg_db/srv/tmsdbgetrobotsinfo__rosidl_typesupport_fastrtps_cpp.hpp
[1.851s] -- Up-to-date symlink: /home/common/colcon_ws/install/tms_msg_db/include/tms_msg_db/srv/tmsdbgettasklist__rosidl_typesupport_fastrtps_cpp.hpp
[1.852s] -- Up-to-date symlink: /home/common/colcon_ws/install/tms_msg_db/include/tms_msg_db/srv/tmsdbgetunknownobject__rosidl_typesupport_fastrtps_cpp.hpp
[1.852s] -- Up-to-date symlink: /home/common/colcon_ws/install/tms_msg_db/include/tms_msg_db/srv/tmsdbmissingobjectschecker__rosidl_typesupport_fastrtps_cpp.hpp
[1.853s] -- Up-to-date symlink: /home/common/colcon_ws/install/tms_msg_db/include/tms_msg_db/srv/tmsdbobjdt__rosidl_typesupport_fastrtps_cpp.hpp
[1.854s] -- Up-to-date symlink: /home/common/colcon_ws/install/tms_msg_db/lib/libtms_msg_db__rosidl_typesupport_fastrtps_cpp.so
[1.857s] -- Up-to-date symlink: /home/common/colcon_ws/install/tms_msg_db/include/tms_msg_db/msg/tms_data.hpp
[1.858s] -- Up-to-date symlink: /home/common/colcon_ws/install/tms_msg_db/include/tms_msg_db/msg/tms_data__struct.hpp
[1.858s] -- Up-to-date symlink: /home/common/colcon_ws/install/tms_msg_db/include/tms_msg_db/msg/tms_data__traits.hpp
[1.859s] -- Up-to-date symlink: /home/common/colcon_ws/install/tms_msg_db/include/tms_msg_db/msg/tms_data_stamped.hpp
[1.859s] -- Up-to-date symlink: /home/common/colcon_ws/install/tms_msg_db/include/tms_msg_db/msg/tms_data_stamped__struct.hpp
[1.859s] -- Up-to-date symlink: /home/common/colcon_ws/install/tms_msg_db/include/tms_msg_db/msg/tms_data_stamped__traits.hpp
[1.860s] -- Up-to-date symlink: /home/common/colcon_ws/install/tms_msg_db/include/tms_msg_db/msg/tmsdb.hpp
[1.860s] -- Up-to-date symlink: /home/common/colcon_ws/install/tms_msg_db/include/tms_msg_db/msg/tmsdb__struct.hpp
[1.860s] -- Up-to-date symlink: /home/common/colcon_ws/install/tms_msg_db/include/tms_msg_db/msg/tmsdb__traits.hpp
[1.861s] -- Up-to-date symlink: /home/common/colcon_ws/install/tms_msg_db/include/tms_msg_db/msg/tmsdb_stamped.hpp
[1.861s] -- Up-to-date symlink: /home/common/colcon_ws/install/tms_msg_db/include/tms_msg_db/msg/tmsdb_stamped__struct.hpp
[1.861s] -- Up-to-date symlink: /home/common/colcon_ws/install/tms_msg_db/include/tms_msg_db/msg/tmsdb_stamped__traits.hpp
[1.862s] -- Up-to-date symlink: /home/common/colcon_ws/install/tms_msg_db/include/tms_msg_db/srv/tmsdb_get_data.hpp
[1.862s] -- Up-to-date symlink: /home/common/colcon_ws/install/tms_msg_db/include/tms_msg_db/srv/tmsdb_get_data__struct.hpp
[1.862s] -- Up-to-date symlink: /home/common/colcon_ws/install/tms_msg_db/include/tms_msg_db/srv/tmsdb_get_data__traits.hpp
[1.862s] -- Up-to-date symlink: /home/common/colcon_ws/install/tms_msg_db/include/tms_msg_db/srv/tmsdb_objectsdata.hpp
[1.863s] -- Up-to-date symlink: /home/common/colcon_ws/install/tms_msg_db/include/tms_msg_db/srv/tmsdb_objectsdata__struct.hpp
[1.863s] -- Up-to-date symlink: /home/common/colcon_ws/install/tms_msg_db/include/tms_msg_db/srv/tmsdb_objectsdata__traits.hpp
[1.863s] -- Up-to-date symlink: /home/common/colcon_ws/install/tms_msg_db/include/tms_msg_db/srv/tmsdb_planning.hpp
[1.863s] -- Up-to-date symlink: /home/common/colcon_ws/install/tms_msg_db/include/tms_msg_db/srv/tmsdb_planning__struct.hpp
[1.863s] -- Up-to-date symlink: /home/common/colcon_ws/install/tms_msg_db/include/tms_msg_db/srv/tmsdb_planning__traits.hpp
[1.863s] -- Up-to-date symlink: /home/common/colcon_ws/install/tms_msg_db/include/tms_msg_db/srv/tmsdbfileconservation.hpp
[1.864s] -- Up-to-date symlink: /home/common/colcon_ws/install/tms_msg_db/include/tms_msg_db/srv/tmsdbfileconservation__struct.hpp
[1.864s] -- Up-to-date symlink: /home/common/colcon_ws/install/tms_msg_db/include/tms_msg_db/srv/tmsdbfileconservation__traits.hpp
[1.864s] -- Up-to-date symlink: /home/common/colcon_ws/install/tms_msg_db/include/tms_msg_db/srv/tmsdbgetfurnituresinfo.hpp
[1.864s] -- Up-to-date symlink: /home/common/colcon_ws/install/tms_msg_db/include/tms_msg_db/srv/tmsdbgetfurnituresinfo__struct.hpp
[1.864s] -- Up-to-date symlink: /home/common/colcon_ws/install/tms_msg_db/include/tms_msg_db/srv/tmsdbgetfurnituresinfo__traits.hpp
[1.865s] -- Up-to-date symlink: /home/common/colcon_ws/install/tms_msg_db/include/tms_msg_db/srv/tmsdbgetmovablefurnituresinfo.hpp
[1.865s] -- Up-to-date symlink: /home/common/colcon_ws/install/tms_msg_db/include/tms_msg_db/srv/tmsdbgetmovablefurnituresinfo__struct.hpp
[1.865s] -- Up-to-date symlink: /home/common/colcon_ws/install/tms_msg_db/include/tms_msg_db/srv/tmsdbgetmovablefurnituresinfo__traits.hpp
[1.865s] -- Up-to-date symlink: /home/common/colcon_ws/install/tms_msg_db/include/tms_msg_db/srv/tmsdbgetobjectsinfo.hpp
[1.865s] -- Up-to-date symlink: /home/common/colcon_ws/install/tms_msg_db/include/tms_msg_db/srv/tmsdbgetobjectsinfo__struct.hpp
[1.865s] -- Up-to-date symlink: /home/common/colcon_ws/install/tms_msg_db/include/tms_msg_db/srv/tmsdbgetobjectsinfo__traits.hpp
[1.865s] -- Up-to-date symlink: /home/common/colcon_ws/install/tms_msg_db/include/tms_msg_db/srv/tmsdbgetpcdinfo.hpp
[1.865s] -- Up-to-date symlink: /home/common/colcon_ws/install/tms_msg_db/include/tms_msg_db/srv/tmsdbgetpcdinfo__struct.hpp
[1.866s] -- Up-to-date symlink: /home/common/colcon_ws/install/tms_msg_db/include/tms_msg_db/srv/tmsdbgetpcdinfo__traits.hpp
[1.866s] -- Up-to-date symlink: /home/common/colcon_ws/install/tms_msg_db/include/tms_msg_db/srv/tmsdbgetpersonbehaviorinfo.hpp
[1.866s] -- Up-to-date symlink: /home/common/colcon_ws/install/tms_msg_db/include/tms_msg_db/srv/tmsdbgetpersonbehaviorinfo__struct.hpp
[1.866s] -- Up-to-date symlink: /home/common/colcon_ws/install/tms_msg_db/include/tms_msg_db/srv/tmsdbgetpersonbehaviorinfo__traits.hpp
[1.867s] -- Up-to-date symlink: /home/common/colcon_ws/install/tms_msg_db/include/tms_msg_db/srv/tmsdbgetpersoninfo.hpp
[1.867s] -- Up-to-date symlink: /home/common/colcon_ws/install/tms_msg_db/include/tms_msg_db/srv/tmsdbgetpersoninfo__struct.hpp
[1.867s] -- Up-to-date symlink: /home/common/colcon_ws/install/tms_msg_db/include/tms_msg_db/srv/tmsdbgetpersoninfo__traits.hpp
[1.867s] -- Up-to-date symlink: /home/common/colcon_ws/install/tms_msg_db/include/tms_msg_db/srv/tmsdbgetrobotinfo.hpp
[1.867s] -- Up-to-date symlink: /home/common/colcon_ws/install/tms_msg_db/include/tms_msg_db/srv/tmsdbgetrobotinfo__struct.hpp
[1.867s] -- Up-to-date symlink: /home/common/colcon_ws/install/tms_msg_db/include/tms_msg_db/srv/tmsdbgetrobotinfo__traits.hpp
[1.868s] -- Up-to-date symlink: /home/common/colcon_ws/install/tms_msg_db/include/tms_msg_db/srv/tmsdbgetrobotsinfo.hpp
[1.868s] -- Up-to-date symlink: /home/common/colcon_ws/install/tms_msg_db/include/tms_msg_db/srv/tmsdbgetrobotsinfo__struct.hpp
[1.868s] -- Up-to-date symlink: /home/common/colcon_ws/install/tms_msg_db/include/tms_msg_db/srv/tmsdbgetrobotsinfo__traits.hpp
[1.869s] -- Up-to-date symlink: /home/common/colcon_ws/install/tms_msg_db/include/tms_msg_db/srv/tmsdbgettasklist.hpp
[1.870s] -- Up-to-date symlink: /home/common/colcon_ws/install/tms_msg_db/include/tms_msg_db/srv/tmsdbgettasklist__struct.hpp
[1.870s] -- Up-to-date symlink: /home/common/colcon_ws/install/tms_msg_db/include/tms_msg_db/srv/tmsdbgettasklist__traits.hpp
[1.871s] -- Up-to-date symlink: /home/common/colcon_ws/install/tms_msg_db/include/tms_msg_db/srv/tmsdbgetunknownobject.hpp
[1.872s] -- Up-to-date symlink: /home/common/colcon_ws/install/tms_msg_db/include/tms_msg_db/srv/tmsdbgetunknownobject__struct.hpp
[1.872s] -- Up-to-date symlink: /home/common/colcon_ws/install/tms_msg_db/include/tms_msg_db/srv/tmsdbgetunknownobject__traits.hpp
[1.872s] -- Up-to-date symlink: /home/common/colcon_ws/install/tms_msg_db/include/tms_msg_db/srv/tmsdbmissingobjectschecker.hpp
[1.873s] -- Up-to-date symlink: /home/common/colcon_ws/install/tms_msg_db/include/tms_msg_db/srv/tmsdbmissingobjectschecker__struct.hpp
[1.873s] -- Up-to-date symlink: /home/common/colcon_ws/install/tms_msg_db/include/tms_msg_db/srv/tmsdbmissingobjectschecker__traits.hpp
[1.873s] -- Up-to-date symlink: /home/common/colcon_ws/install/tms_msg_db/include/tms_msg_db/srv/tmsdbobjdt.hpp
[1.873s] -- Up-to-date symlink: /home/common/colcon_ws/install/tms_msg_db/include/tms_msg_db/srv/tmsdbobjdt__struct.hpp
[1.874s] -- Up-to-date symlink: /home/common/colcon_ws/install/tms_msg_db/include/tms_msg_db/srv/tmsdbobjdt__traits.hpp
[1.874s] -- Up-to-date symlink: /home/common/colcon_ws/install/tms_msg_db/include/tms_msg_db/msg/rosidl_typesupport_introspection_c__visibility_control.h
[1.875s] -- Up-to-date symlink: /home/common/colcon_ws/install/tms_msg_db/include/tms_msg_db/msg/tms_data__rosidl_typesupport_introspection_c.h
[1.875s] -- Up-to-date symlink: /home/common/colcon_ws/install/tms_msg_db/include/tms_msg_db/msg/tms_data_stamped__rosidl_typesupport_introspection_c.h
[1.876s] -- Up-to-date symlink: /home/common/colcon_ws/install/tms_msg_db/include/tms_msg_db/msg/tmsdb__rosidl_typesupport_introspection_c.h
[1.876s] -- Up-to-date symlink: /home/common/colcon_ws/install/tms_msg_db/include/tms_msg_db/msg/tmsdb_stamped__rosidl_typesupport_introspection_c.h
[1.876s] -- Up-to-date symlink: /home/common/colcon_ws/install/tms_msg_db/include/tms_msg_db/srv/tmsdb_get_data__rosidl_typesupport_introspection_c.h
[1.877s] -- Up-to-date symlink: /home/common/colcon_ws/install/tms_msg_db/include/tms_msg_db/srv/tmsdb_objectsdata__rosidl_typesupport_introspection_c.h
[1.877s] -- Up-to-date symlink: /home/common/colcon_ws/install/tms_msg_db/include/tms_msg_db/srv/tmsdb_planning__rosidl_typesupport_introspection_c.h
[1.877s] -- Up-to-date symlink: /home/common/colcon_ws/install/tms_msg_db/include/tms_msg_db/srv/tmsdbfileconservation__rosidl_typesupport_introspection_c.h
[1.877s] -- Up-to-date symlink: /home/common/colcon_ws/install/tms_msg_db/include/tms_msg_db/srv/tmsdbgetfurnituresinfo__rosidl_typesupport_introspection_c.h
[1.878s] -- Up-to-date symlink: /home/common/colcon_ws/install/tms_msg_db/include/tms_msg_db/srv/tmsdbgetmovablefurnituresinfo__rosidl_typesupport_introspection_c.h
[1.878s] -- Up-to-date symlink: /home/common/colcon_ws/install/tms_msg_db/include/tms_msg_db/srv/tmsdbgetobjectsinfo__rosidl_typesupport_introspection_c.h
[1.878s] -- Up-to-date symlink: /home/common/colcon_ws/install/tms_msg_db/include/tms_msg_db/srv/tmsdbgetpcdinfo__rosidl_typesupport_introspection_c.h
[1.878s] -- Up-to-date symlink: /home/common/colcon_ws/install/tms_msg_db/include/tms_msg_db/srv/tmsdbgetpersonbehaviorinfo__rosidl_typesupport_introspection_c.h
[1.879s] -- Up-to-date symlink: /home/common/colcon_ws/install/tms_msg_db/include/tms_msg_db/srv/tmsdbgetpersoninfo__rosidl_typesupport_introspection_c.h
[1.880s] -- Up-to-date symlink: /home/common/colcon_ws/install/tms_msg_db/include/tms_msg_db/srv/tmsdbgetrobotinfo__rosidl_typesupport_introspection_c.h
[1.880s] -- Up-to-date symlink: /home/common/colcon_ws/install/tms_msg_db/include/tms_msg_db/srv/tmsdbgetrobotsinfo__rosidl_typesupport_introspection_c.h
[1.881s] -- Up-to-date symlink: /home/common/colcon_ws/install/tms_msg_db/include/tms_msg_db/srv/tmsdbgettasklist__rosidl_typesupport_introspection_c.h
[1.881s] -- Up-to-date symlink: /home/common/colcon_ws/install/tms_msg_db/include/tms_msg_db/srv/tmsdbgetunknownobject__rosidl_typesupport_introspection_c.h
[1.881s] -- Up-to-date symlink: /home/common/colcon_ws/install/tms_msg_db/include/tms_msg_db/srv/tmsdbmissingobjectschecker__rosidl_typesupport_introspection_c.h
[1.881s] -- Up-to-date symlink: /home/common/colcon_ws/install/tms_msg_db/include/tms_msg_db/srv/tmsdbobjdt__rosidl_typesupport_introspection_c.h
[1.882s] -- Up-to-date symlink: /home/common/colcon_ws/install/tms_msg_db/lib/libtms_msg_db__rosidl_typesupport_introspection_c.so
[1.882s] -- Up-to-date symlink: /home/common/colcon_ws/install/tms_msg_db/include/tms_msg_db/msg/tms_data__rosidl_typesupport_introspection_cpp.hpp
[1.882s] -- Up-to-date symlink: /home/common/colcon_ws/install/tms_msg_db/include/tms_msg_db/msg/tms_data_stamped__rosidl_typesupport_introspection_cpp.hpp
[1.883s] -- Up-to-date symlink: /home/common/colcon_ws/install/tms_msg_db/include/tms_msg_db/msg/tmsdb__rosidl_typesupport_introspection_cpp.hpp
[1.885s] -- Up-to-date symlink: /home/common/colcon_ws/install/tms_msg_db/include/tms_msg_db/msg/tmsdb_stamped__rosidl_typesupport_introspection_cpp.hpp
[1.885s] -- Up-to-date symlink: /home/common/colcon_ws/install/tms_msg_db/include/tms_msg_db/srv/tmsdb_get_data__rosidl_typesupport_introspection_cpp.hpp
[1.886s] -- Up-to-date symlink: /home/common/colcon_ws/install/tms_msg_db/include/tms_msg_db/srv/tmsdb_objectsdata__rosidl_typesupport_introspection_cpp.hpp
[1.887s] -- Up-to-date symlink: /home/common/colcon_ws/install/tms_msg_db/include/tms_msg_db/srv/tmsdb_planning__rosidl_typesupport_introspection_cpp.hpp
[1.887s] -- Up-to-date symlink: /home/common/colcon_ws/install/tms_msg_db/include/tms_msg_db/srv/tmsdbfileconservation__rosidl_typesupport_introspection_cpp.hpp
[1.887s] -- Up-to-date symlink: /home/common/colcon_ws/install/tms_msg_db/include/tms_msg_db/srv/tmsdbgetfurnituresinfo__rosidl_typesupport_introspection_cpp.hpp
[1.888s] -- Up-to-date symlink: /home/common/colcon_ws/install/tms_msg_db/include/tms_msg_db/srv/tmsdbgetmovablefurnituresinfo__rosidl_typesupport_introspection_cpp.hpp
[1.888s] -- Up-to-date symlink: /home/common/colcon_ws/install/tms_msg_db/include/tms_msg_db/srv/tmsdbgetobjectsinfo__rosidl_typesupport_introspection_cpp.hpp
[1.888s] -- Up-to-date symlink: /home/common/colcon_ws/install/tms_msg_db/include/tms_msg_db/srv/tmsdbgetpcdinfo__rosidl_typesupport_introspection_cpp.hpp
[1.889s] -- Up-to-date symlink: /home/common/colcon_ws/install/tms_msg_db/include/tms_msg_db/srv/tmsdbgetpersonbehaviorinfo__rosidl_typesupport_introspection_cpp.hpp
[1.891s] -- Up-to-date symlink: /home/common/colcon_ws/install/tms_msg_db/include/tms_msg_db/srv/tmsdbgetpersoninfo__rosidl_typesupport_introspection_cpp.hpp
[1.892s] -- Up-to-date symlink: /home/common/colcon_ws/install/tms_msg_db/include/tms_msg_db/srv/tmsdbgetrobotinfo__rosidl_typesupport_introspection_cpp.hpp
[1.892s] -- Up-to-date symlink: /home/common/colcon_ws/install/tms_msg_db/include/tms_msg_db/srv/tmsdbgetrobotsinfo__rosidl_typesupport_introspection_cpp.hpp
[1.892s] -- Up-to-date symlink: /home/common/colcon_ws/install/tms_msg_db/include/tms_msg_db/srv/tmsdbgettasklist__rosidl_typesupport_introspection_cpp.hpp
[1.892s] -- Up-to-date symlink: /home/common/colcon_ws/install/tms_msg_db/include/tms_msg_db/srv/tmsdbgetunknownobject__rosidl_typesupport_introspection_cpp.hpp
[1.892s] -- Up-to-date symlink: /home/common/colcon_ws/install/tms_msg_db/include/tms_msg_db/srv/tmsdbmissingobjectschecker__rosidl_typesupport_introspection_cpp.hpp
[1.892s] -- Up-to-date symlink: /home/common/colcon_ws/install/tms_msg_db/include/tms_msg_db/srv/tmsdbobjdt__rosidl_typesupport_introspection_cpp.hpp
[1.892s] -- Up-to-date symlink: /home/common/colcon_ws/install/tms_msg_db/lib/libtms_msg_db__rosidl_typesupport_introspection_cpp.so
[1.893s] -- Up-to-date symlink: /home/common/colcon_ws/install/tms_msg_db/share/tms_msg_db/environment/pythonpath.sh
[1.893s] -- Up-to-date symlink: /home/common/colcon_ws/install/tms_msg_db/lib/python3.6/site-packages/tms_msg_db/__init__.py
[1.894s] -- Up-to-date symlink: /home/common/colcon_ws/install/tms_msg_db/lib/python3.6/site-packages/tms_msg_db/msg/__init__.py
[1.895s] -- Up-to-date symlink: /home/common/colcon_ws/install/tms_msg_db/lib/python3.6/site-packages/tms_msg_db/msg/_tms_data.py
[1.895s] -- Up-to-date symlink: /home/common/colcon_ws/install/tms_msg_db/lib/python3.6/site-packages/tms_msg_db/msg/_tms_data_stamped.py
[1.895s] -- Up-to-date symlink: /home/common/colcon_ws/install/tms_msg_db/lib/python3.6/site-packages/tms_msg_db/msg/_tmsdb.py
[1.895s] -- Up-to-date symlink: /home/common/colcon_ws/install/tms_msg_db/lib/python3.6/site-packages/tms_msg_db/msg/_tmsdb_stamped.py
[1.895s] -- Up-to-date symlink: /home/common/colcon_ws/install/tms_msg_db/lib/python3.6/site-packages/tms_msg_db/srv/__init__.py
[1.895s] -- Up-to-date symlink: /home/common/colcon_ws/install/tms_msg_db/lib/python3.6/site-packages/tms_msg_db/srv/_tmsdb_get_data.py
[1.896s] -- Up-to-date symlink: /home/common/colcon_ws/install/tms_msg_db/lib/python3.6/site-packages/tms_msg_db/srv/_tmsdb_objectsdata.py
[1.896s] -- Up-to-date symlink: /home/common/colcon_ws/install/tms_msg_db/lib/python3.6/site-packages/tms_msg_db/srv/_tmsdb_planning.py
[1.896s] -- Up-to-date symlink: /home/common/colcon_ws/install/tms_msg_db/lib/python3.6/site-packages/tms_msg_db/srv/_tmsdbfileconservation.py
[1.896s] -- Up-to-date symlink: /home/common/colcon_ws/install/tms_msg_db/lib/python3.6/site-packages/tms_msg_db/srv/_tmsdbgetfurnituresinfo.py
[1.896s] -- Up-to-date symlink: /home/common/colcon_ws/install/tms_msg_db/lib/python3.6/site-packages/tms_msg_db/srv/_tmsdbgetmovablefurnituresinfo.py
[1.897s] -- Up-to-date symlink: /home/common/colcon_ws/install/tms_msg_db/lib/python3.6/site-packages/tms_msg_db/srv/_tmsdbgetobjectsinfo.py
[1.897s] -- Up-to-date symlink: /home/common/colcon_ws/install/tms_msg_db/lib/python3.6/site-packages/tms_msg_db/srv/_tmsdbgetpcdinfo.py
[1.897s] -- Up-to-date symlink: /home/common/colcon_ws/install/tms_msg_db/lib/python3.6/site-packages/tms_msg_db/srv/_tmsdbgetpersonbehaviorinfo.py
[1.897s] -- Up-to-date symlink: /home/common/colcon_ws/install/tms_msg_db/lib/python3.6/site-packages/tms_msg_db/srv/_tmsdbgetpersoninfo.py
[1.897s] -- Up-to-date symlink: /home/common/colcon_ws/install/tms_msg_db/lib/python3.6/site-packages/tms_msg_db/srv/_tmsdbgetrobotinfo.py
[1.898s] -- Up-to-date symlink: /home/common/colcon_ws/install/tms_msg_db/lib/python3.6/site-packages/tms_msg_db/srv/_tmsdbgetrobotsinfo.py
[1.898s] -- Up-to-date symlink: /home/common/colcon_ws/install/tms_msg_db/lib/python3.6/site-packages/tms_msg_db/srv/_tmsdbgettasklist.py
[1.898s] -- Up-to-date symlink: /home/common/colcon_ws/install/tms_msg_db/lib/python3.6/site-packages/tms_msg_db/srv/_tmsdbgetunknownobject.py
[1.898s] -- Up-to-date symlink: /home/common/colcon_ws/install/tms_msg_db/lib/python3.6/site-packages/tms_msg_db/srv/_tmsdbmissingobjectschecker.py
[1.898s] -- Up-to-date symlink: /home/common/colcon_ws/install/tms_msg_db/lib/python3.6/site-packages/tms_msg_db/srv/_tmsdbobjdt.py
[1.899s] -- Up-to-date symlink: /home/common/colcon_ws/install/tms_msg_db/lib/python3.6/site-packages/tms_msg_db/tms_msg_db_s__rosidl_typesupport_c.cpython-36m-x86_64-linux-gnu.so
[1.899s] -- Up-to-date symlink: /home/common/colcon_ws/install/tms_msg_db/lib/python3.6/site-packages/tms_msg_db/tms_msg_db_s__rosidl_typesupport_fastrtps_c.cpython-36m-x86_64-linux-gnu.so
[1.900s] -- Up-to-date symlink: /home/common/colcon_ws/install/tms_msg_db/lib/libtms_msg_db__python.so
[1.900s] -- Up-to-date symlink: /home/common/colcon_ws/install/tms_msg_db/share/tms_msg_db/msg/Tmsdb.idl
[1.900s] -- Up-to-date symlink: /home/common/colcon_ws/install/tms_msg_db/share/tms_msg_db/msg/TmsdbStamped.idl
[1.901s] -- Up-to-date symlink: /home/common/colcon_ws/install/tms_msg_db/share/tms_msg_db/msg/TmsData.idl
[1.901s] -- Up-to-date symlink: /home/common/colcon_ws/install/tms_msg_db/share/tms_msg_db/msg/TmsDataStamped.idl
[1.901s] -- Up-to-date symlink: /home/common/colcon_ws/install/tms_msg_db/share/tms_msg_db/srv/TmsdbGetData.idl
[1.901s] -- Up-to-date symlink: /home/common/colcon_ws/install/tms_msg_db/share/tms_msg_db/srv/Tmsdbgetfurnituresinfo.idl
[1.901s] -- Up-to-date symlink: /home/common/colcon_ws/install/tms_msg_db/share/tms_msg_db/srv/Tmsdbgetmovablefurnituresinfo.idl
[1.901s] -- Up-to-date symlink: /home/common/colcon_ws/install/tms_msg_db/share/tms_msg_db/srv/Tmsdbgetobjectsinfo.idl
[1.902s] -- Up-to-date symlink: /home/common/colcon_ws/install/tms_msg_db/share/tms_msg_db/srv/Tmsdbgetpersoninfo.idl
[1.902s] -- Up-to-date symlink: /home/common/colcon_ws/install/tms_msg_db/share/tms_msg_db/srv/Tmsdbgetrobotsinfo.idl
[1.902s] -- Up-to-date symlink: /home/common/colcon_ws/install/tms_msg_db/share/tms_msg_db/srv/Tmsdbgetrobotinfo.idl
[1.903s] -- Up-to-date symlink: /home/common/colcon_ws/install/tms_msg_db/share/tms_msg_db/srv/Tmsdbgetpersonbehaviorinfo.idl
[1.903s] -- Up-to-date symlink: /home/common/colcon_ws/install/tms_msg_db/share/tms_msg_db/srv/Tmsdbgetpcdinfo.idl
[1.903s] -- Up-to-date symlink: /home/common/colcon_ws/install/tms_msg_db/share/tms_msg_db/srv/Tmsdbgettasklist.idl
[1.903s] -- Up-to-date symlink: /home/common/colcon_ws/install/tms_msg_db/share/tms_msg_db/srv/Tmsdbmissingobjectschecker.idl
[1.904s] -- Up-to-date symlink: /home/common/colcon_ws/install/tms_msg_db/share/tms_msg_db/srv/Tmsdbobjdt.idl
[1.904s] -- Up-to-date symlink: /home/common/colcon_ws/install/tms_msg_db/share/tms_msg_db/srv/TmsdbPlanning.idl
[1.904s] -- Up-to-date symlink: /home/common/colcon_ws/install/tms_msg_db/share/tms_msg_db/srv/Tmsdbfileconservation.idl
[1.904s] -- Up-to-date symlink: /home/common/colcon_ws/install/tms_msg_db/share/tms_msg_db/srv/TmsdbObjectsdata.idl
[1.904s] -- Up-to-date symlink: /home/common/colcon_ws/install/tms_msg_db/share/tms_msg_db/srv/Tmsdbgetunknownobject.idl
[1.904s] -- Up-to-date symlink: /home/common/colcon_ws/install/tms_msg_db/share/tms_msg_db/msg/Tmsdb.msg
[1.904s] -- Up-to-date symlink: /home/common/colcon_ws/install/tms_msg_db/share/tms_msg_db/msg/TmsdbStamped.msg
[1.904s] -- Up-to-date symlink: /home/common/colcon_ws/install/tms_msg_db/share/tms_msg_db/msg/TmsData.msg
[1.904s] -- Up-to-date symlink: /home/common/colcon_ws/install/tms_msg_db/share/tms_msg_db/msg/TmsDataStamped.msg
[1.905s] -- Up-to-date symlink: /home/common/colcon_ws/install/tms_msg_db/share/tms_msg_db/srv/TmsdbGetData.srv
[1.905s] -- Up-to-date symlink: /home/common/colcon_ws/install/tms_msg_db/share/tms_msg_db/srv/TmsdbGetData_Request.msg
[1.905s] -- Up-to-date symlink: /home/common/colcon_ws/install/tms_msg_db/share/tms_msg_db/srv/TmsdbGetData_Response.msg
[1.905s] -- Up-to-date symlink: /home/common/colcon_ws/install/tms_msg_db/share/tms_msg_db/srv/Tmsdbgetfurnituresinfo.srv
[1.905s] -- Up-to-date symlink: /home/common/colcon_ws/install/tms_msg_db/share/tms_msg_db/srv/Tmsdbgetfurnituresinfo_Request.msg
[1.905s] -- Up-to-date symlink: /home/common/colcon_ws/install/tms_msg_db/share/tms_msg_db/srv/Tmsdbgetfurnituresinfo_Response.msg
[1.905s] -- Up-to-date symlink: /home/common/colcon_ws/install/tms_msg_db/share/tms_msg_db/srv/Tmsdbgetmovablefurnituresinfo.srv
[1.906s] -- Up-to-date symlink: /home/common/colcon_ws/install/tms_msg_db/share/tms_msg_db/srv/Tmsdbgetmovablefurnituresinfo_Request.msg
[1.906s] -- Up-to-date symlink: /home/common/colcon_ws/install/tms_msg_db/share/tms_msg_db/srv/Tmsdbgetmovablefurnituresinfo_Response.msg
[1.906s] -- Up-to-date symlink: /home/common/colcon_ws/install/tms_msg_db/share/tms_msg_db/srv/Tmsdbgetobjectsinfo.srv
[1.906s] -- Up-to-date symlink: /home/common/colcon_ws/install/tms_msg_db/share/tms_msg_db/srv/Tmsdbgetobjectsinfo_Request.msg
[1.906s] -- Up-to-date symlink: /home/common/colcon_ws/install/tms_msg_db/share/tms_msg_db/srv/Tmsdbgetobjectsinfo_Response.msg
[1.906s] -- Up-to-date symlink: /home/common/colcon_ws/install/tms_msg_db/share/tms_msg_db/srv/Tmsdbgetpersoninfo.srv
[1.906s] -- Up-to-date symlink: /home/common/colcon_ws/install/tms_msg_db/share/tms_msg_db/srv/Tmsdbgetpersoninfo_Request.msg
[1.907s] -- Up-to-date symlink: /home/common/colcon_ws/install/tms_msg_db/share/tms_msg_db/srv/Tmsdbgetpersoninfo_Response.msg
[1.907s] -- Up-to-date symlink: /home/common/colcon_ws/install/tms_msg_db/share/tms_msg_db/srv/Tmsdbgetrobotsinfo.srv
[1.907s] -- Up-to-date symlink: /home/common/colcon_ws/install/tms_msg_db/share/tms_msg_db/srv/Tmsdbgetrobotsinfo_Request.msg
[1.907s] -- Up-to-date symlink: /home/common/colcon_ws/install/tms_msg_db/share/tms_msg_db/srv/Tmsdbgetrobotsinfo_Response.msg
[1.907s] -- Up-to-date symlink: /home/common/colcon_ws/install/tms_msg_db/share/tms_msg_db/srv/Tmsdbgetrobotinfo.srv
[1.907s] -- Up-to-date symlink: /home/common/colcon_ws/install/tms_msg_db/share/tms_msg_db/srv/Tmsdbgetrobotinfo_Request.msg
[1.907s] -- Up-to-date symlink: /home/common/colcon_ws/install/tms_msg_db/share/tms_msg_db/srv/Tmsdbgetrobotinfo_Response.msg
[1.908s] -- Up-to-date symlink: /home/common/colcon_ws/install/tms_msg_db/share/tms_msg_db/srv/Tmsdbgetpersonbehaviorinfo.srv
[1.908s] -- Up-to-date symlink: /home/common/colcon_ws/install/tms_msg_db/share/tms_msg_db/srv/Tmsdbgetpersonbehaviorinfo_Request.msg
[1.908s] -- Up-to-date symlink: /home/common/colcon_ws/install/tms_msg_db/share/tms_msg_db/srv/Tmsdbgetpersonbehaviorinfo_Response.msg
[1.908s] -- Up-to-date symlink: /home/common/colcon_ws/install/tms_msg_db/share/tms_msg_db/srv/Tmsdbgetpcdinfo.srv
[1.908s] -- Up-to-date symlink: /home/common/colcon_ws/install/tms_msg_db/share/tms_msg_db/srv/Tmsdbgetpcdinfo_Request.msg
[1.908s] -- Up-to-date symlink: /home/common/colcon_ws/install/tms_msg_db/share/tms_msg_db/srv/Tmsdbgetpcdinfo_Response.msg
[1.908s] -- Up-to-date symlink: /home/common/colcon_ws/install/tms_msg_db/share/tms_msg_db/srv/Tmsdbgettasklist.srv
[1.909s] -- Up-to-date symlink: /home/common/colcon_ws/install/tms_msg_db/share/tms_msg_db/srv/Tmsdbgettasklist_Request.msg
[1.909s] -- Up-to-date symlink: /home/common/colcon_ws/install/tms_msg_db/share/tms_msg_db/srv/Tmsdbgettasklist_Response.msg
[1.909s] -- Up-to-date symlink: /home/common/colcon_ws/install/tms_msg_db/share/tms_msg_db/srv/Tmsdbmissingobjectschecker.srv
[1.909s] -- Up-to-date symlink: /home/common/colcon_ws/install/tms_msg_db/share/tms_msg_db/srv/Tmsdbmissingobjectschecker_Request.msg
[1.909s] -- Up-to-date symlink: /home/common/colcon_ws/install/tms_msg_db/share/tms_msg_db/srv/Tmsdbmissingobjectschecker_Response.msg
[1.909s] -- Up-to-date symlink: /home/common/colcon_ws/install/tms_msg_db/share/tms_msg_db/srv/Tmsdbobjdt.srv
[1.909s] -- Up-to-date symlink: /home/common/colcon_ws/install/tms_msg_db/share/tms_msg_db/srv/Tmsdbobjdt_Request.msg
[1.910s] -- Up-to-date symlink: /home/common/colcon_ws/install/tms_msg_db/share/tms_msg_db/srv/Tmsdbobjdt_Response.msg
[1.910s] -- Up-to-date symlink: /home/common/colcon_ws/install/tms_msg_db/share/tms_msg_db/srv/TmsdbPlanning.srv
[1.910s] -- Up-to-date symlink: /home/common/colcon_ws/install/tms_msg_db/share/tms_msg_db/srv/TmsdbPlanning_Request.msg
[1.910s] -- Up-to-date symlink: /home/common/colcon_ws/install/tms_msg_db/share/tms_msg_db/srv/TmsdbPlanning_Response.msg
[1.910s] -- Up-to-date symlink: /home/common/colcon_ws/install/tms_msg_db/share/tms_msg_db/srv/Tmsdbfileconservation.srv
[1.910s] -- Up-to-date symlink: /home/common/colcon_ws/install/tms_msg_db/share/tms_msg_db/srv/Tmsdbfileconservation_Request.msg
[1.910s] -- Up-to-date symlink: /home/common/colcon_ws/install/tms_msg_db/share/tms_msg_db/srv/Tmsdbfileconservation_Response.msg
[1.910s] -- Up-to-date symlink: /home/common/colcon_ws/install/tms_msg_db/share/tms_msg_db/srv/TmsdbObjectsdata.srv
[1.911s] -- Up-to-date symlink: /home/common/colcon_ws/install/tms_msg_db/share/tms_msg_db/srv/TmsdbObjectsdata_Request.msg
[1.911s] -- Up-to-date symlink: /home/common/colcon_ws/install/tms_msg_db/share/tms_msg_db/srv/TmsdbObjectsdata_Response.msg
[1.911s] -- Up-to-date symlink: /home/common/colcon_ws/install/tms_msg_db/share/tms_msg_db/srv/Tmsdbgetunknownobject.srv
[1.911s] -- Up-to-date symlink: /home/common/colcon_ws/install/tms_msg_db/share/tms_msg_db/srv/Tmsdbgetunknownobject_Request.msg
[1.911s] -- Up-to-date symlink: /home/common/colcon_ws/install/tms_msg_db/share/tms_msg_db/srv/Tmsdbgetunknownobject_Response.msg
[1.911s] -- Up-to-date symlink: /home/common/colcon_ws/install/tms_msg_db/share/ament_index/resource_index/package_run_dependencies/tms_msg_db
[1.911s] -- Up-to-date symlink: /home/common/colcon_ws/install/tms_msg_db/share/ament_index/resource_index/parent_prefix_path/tms_msg_db
[1.912s] -- Up-to-date symlink: /home/common/colcon_ws/install/tms_msg_db/share/tms_msg_db/environment/ament_prefix_path.sh
[1.912s] -- Up-to-date symlink: /home/common/colcon_ws/install/tms_msg_db/share/tms_msg_db/environment/path.sh
[1.912s] -- Up-to-date symlink: /home/common/colcon_ws/install/tms_msg_db/share/tms_msg_db/local_setup.bash
[1.912s] -- Up-to-date symlink: /home/common/colcon_ws/install/tms_msg_db/share/tms_msg_db/local_setup.sh
[1.912s] -- Up-to-date symlink: /home/common/colcon_ws/install/tms_msg_db/share/tms_msg_db/local_setup.zsh
[1.913s] -- Up-to-date symlink: /home/common/colcon_ws/install/tms_msg_db/share/ament_index/resource_index/packages/tms_msg_db
[1.914s] -- Up-to-date symlink: /home/common/colcon_ws/install/tms_msg_db/share/tms_msg_db/cmake/rosidl_cmake-extras.cmake
[1.914s] -- Up-to-date symlink: /home/common/colcon_ws/install/tms_msg_db/share/tms_msg_db/cmake/ament_cmake_export_dependencies-extras.cmake
[1.914s] -- Up-to-date symlink: /home/common/colcon_ws/install/tms_msg_db/share/tms_msg_db/cmake/ament_cmake_export_libraries-extras.cmake
[1.914s] -- Up-to-date symlink: /home/common/colcon_ws/install/tms_msg_db/share/tms_msg_db/cmake/ament_cmake_export_include_directories-extras.cmake
[1.914s] -- Up-to-date symlink: /home/common/colcon_ws/install/tms_msg_db/share/tms_msg_db/cmake/tms_msg_dbConfig.cmake
[1.914s] -- Up-to-date symlink: /home/common/colcon_ws/install/tms_msg_db/share/tms_msg_db/cmake/tms_msg_dbConfig-version.cmake
[1.914s] -- Up-to-date symlink: /home/common/colcon_ws/install/tms_msg_db/share/tms_msg_db/package.xml
[2.008s] Invoked command in '/home/common/colcon_ws/build/tms_msg_db' returned '0': CMAKE_PREFIX_PATH=/home/common/colcon_ws/install/turtlebot3:/home/common/colcon_ws/install/turtlebot3_simulations:/home/common/colcon_ws/install/turtlebot3_bringup:/home/common/colcon_ws/install/turtlebot3_node:/home/common/colcon_ws/install/turtlebot3_navigation2:/home/common/colcon_ws/install/turtlebot3_fake_node:/home/common/colcon_ws/install/doublenode:/home/common/colcon_ws/install/turtlebot3_msgs:/home/common/colcon_ws/install/turtlebot3_gazebo:/home/common/colcon_ws/install/turtlebot3_description:/home/common/colcon_ws/install/turtlebot3_cartographer:/home/common/colcon_ws/install/tms_ss_vicon:/home/common/colcon_ws/install/tms_rc_tfnode:/home/common/colcon_ws/install/turtlebot3_teleop:/home/common/colcon_ws/install/tms_ur_speaker:/home/common/colcon_ws/install/tms_ur_listener:/home/common/colcon_ws/install/tms_ts_ts:/home/common/colcon_ws/install/tms_ts_test:/home/common/colcon_ws/install/tms_ts_subtask:/home/common/colcon_ws/install/tms_ss_whs1:/home/common/colcon_ws/install/tms_rc_double:/home/common/colcon_ws/install/tms_db_manager:/opt/ros/dashing:/home/common/colcon_ws/install/tms_rc_smartpal_control:/home/common/colcon_ws/install/tms_rc_bot:/home/common/colcon_ws/install/tms_nw_rp:/home/common/colcon_ws/install/tms_msg_ur:/home/common/colcon_ws/install/tms_msg_ts:/home/common/colcon_ws/install/tms_msg_ss:/home/common/colcon_ws/install/tms_msg_rc:/home/common/colcon_ws/install/tms_msg_db:/home/common/colcon_ws/install/moveit_msgs:/home/common/colcon_ws/install/octomap_msgs:/home/common/colcon_ws/install/object_recognition_msgs:/home/common/colcon_ws/install/hls_lfcd_lds_driver:/home/common/colcon_ws/install/examples_rclcpp_minimal_timer:/home/common/colcon_ws/install/examples_rclcpp_minimal_subscriber:/home/common/colcon_ws/install/examples_rclcpp_minimal_service:/home/common/colcon_ws/install/examples_rclcpp_minimal_publisher:/home/common/colcon_ws/install/examples_rclcpp_minimal_composition:/home/common/colcon_ws/install/examples_rclcpp_minimal_client:/home/common/colcon_ws/install/examples_rclcpp_minimal_action_server:/home/common/colcon_ws/install/examples_rclcpp_minimal_action_client:/home/common/colcon_ws/install/dynamixel_sdk:/home/common/catkin_ws/devel:/opt/ros/melodic /usr/bin/cmake --build /home/common/colcon_ws/build/tms_msg_db --target install -- -j8 -l8
