[0.180s] -- The C compiler identification is GNU 7.4.0
[0.276s] -- The CXX compiler identification is GNU 7.4.0
[0.285s] -- Check for working C compiler: /usr/bin/cc
[0.418s] -- Check for working C compiler: /usr/bin/cc -- works
[0.420s] -- Detecting C compiler ABI info
[0.563s] -- Detecting C compiler ABI info - done
[0.573s] -- Detecting C compile features
[0.940s] -- Detecting C compile features - done
[0.943s] -- Check for working CXX compiler: /usr/bin/c++
[1.090s] -- Check for working CXX compiler: /usr/bin/c++ -- works
[1.091s] -- Detecting CXX compiler ABI info
[1.225s] -- Detecting CXX compiler ABI info - done
[1.233s] -- Detecting CXX compile features
[1.844s] -- Detecting CXX compile features - done
[1.852s] -- Found ament_cmake: 0.7.4 (/opt/ros/dashing/share/ament_cmake/cmake)
[1.935s] -- Found PythonInterp: /usr/bin/python3 (found suitable version "3.6.9", minimum required is "3") 
[1.935s] -- Using PYTHON_EXECUTABLE: /usr/bin/python3
[2.323s] -- Override CMake install command with custom implementation using symlinks instead of copying resources
[2.401s] -- Found dynamixel_sdk: 3.7.20 (/home/common/colcon_ws/install/dynamixel_sdk/share/dynamixel_sdk/cmake)
[2.407s] -- Found geometry_msgs: 0.7.0 (/opt/ros/dashing/share/geometry_msgs/cmake)
[2.462s] -- Found rosidl_adapter: 0.7.8 (/opt/ros/dashing/share/rosidl_adapter/cmake)
[2.570s] -- Found message_filters: 3.1.3 (/opt/ros/dashing/share/message_filters/cmake)
[2.578s] -- Found nav_msgs: 0.7.0 (/opt/ros/dashing/share/nav_msgs/cmake)
[2.604s] -- Found rclcpp: 0.7.12 (/opt/ros/dashing/share/rclcpp/cmake)
[2.642s] -- Found rmw_implementation_cmake: 0.7.2 (/opt/ros/dashing/share/rmw_implementation_cmake/cmake)
[2.648s] -- Using RMW implementation 'rmw_fastrtps_cpp' as default
[2.649s] -- Looking for pthread.h
[2.779s] -- Looking for pthread.h - found
[2.779s] -- Looking for pthread_create
[2.895s] -- Looking for pthread_create - not found
[2.896s] -- Looking for pthread_create in pthreads
[3.003s] -- Looking for pthread_create in pthreads - not found
[3.003s] -- Looking for pthread_create in pthread
[3.129s] -- Looking for pthread_create in pthread - found
[3.131s] -- Found Threads: TRUE  
[3.206s] -- Found sensor_msgs: 0.7.0 (/opt/ros/dashing/share/sensor_msgs/cmake)
[3.231s] -- Found std_srvs: 0.7.0 (/opt/ros/dashing/share/std_srvs/cmake)
[3.245s] -- Found tf2: 0.11.6 (/opt/ros/dashing/share/tf2/cmake)
[3.262s] -- Found tf2_ros: 0.11.6 (/opt/ros/dashing/share/tf2_ros/cmake)
[3.362s] -- Found turtlebot3_msgs: 2.1.0 (/home/common/colcon_ws/install/turtlebot3_msgs/share/turtlebot3_msgs/cmake)
[3.861s] -- Configuring done
[3.932s] -- Generating done
[3.934s] -- Build files have been written to: /home/common/colcon_ws/build/turtlebot3_node
[4.034s] [35m[1mScanning dependencies of target turtlebot3_node_lib[0m
[4.124s] [ 85%] Built target turtlebot3_node_lib
[4.145s] [35m[1mScanning dependencies of target turtlebot3_ros[0m
[4.191s] [100%] Built target turtlebot3_ros
[4.474s] [ 85%] Built target turtlebot3_node_lib
[4.526s] [100%] Built target turtlebot3_ros
[4.561s] [36mInstall the project...[0m
[4.576s] -- Install configuration: ""
[4.577s] -- Execute custom install script
[4.578s] -- Symlinking: /home/common/colcon_ws/install/turtlebot3_node/share/turtlebot3_node/param/burger.yaml
[4.594s] -- Symlinking: /home/common/colcon_ws/install/turtlebot3_node/share/turtlebot3_node/param/waffle.yaml
[4.612s] -- Symlinking: /home/common/colcon_ws/install/turtlebot3_node/share/turtlebot3_node/param/waffle_pi.yaml
[4.627s] -- Up-to-date symlink: /home/common/colcon_ws/install/turtlebot3_node/lib/turtlebot3_node/turtlebot3_ros
[4.628s] -- Up-to-date symlink: /home/common/colcon_ws/install/turtlebot3_node/share/ament_index/resource_index/package_run_dependencies/turtlebot3_node
[4.629s] -- Up-to-date symlink: /home/common/colcon_ws/install/turtlebot3_node/share/ament_index/resource_index/parent_prefix_path/turtlebot3_node
[4.630s] -- Up-to-date symlink: /home/common/colcon_ws/install/turtlebot3_node/share/turtlebot3_node/environment/ament_prefix_path.sh
[4.630s] -- Up-to-date symlink: /home/common/colcon_ws/install/turtlebot3_node/share/turtlebot3_node/environment/path.sh
[4.632s] -- Up-to-date symlink: /home/common/colcon_ws/install/turtlebot3_node/share/turtlebot3_node/local_setup.bash
[4.633s] -- Up-to-date symlink: /home/common/colcon_ws/install/turtlebot3_node/share/turtlebot3_node/local_setup.sh
[4.633s] -- Up-to-date symlink: /home/common/colcon_ws/install/turtlebot3_node/share/turtlebot3_node/local_setup.zsh
[4.633s] -- Up-to-date symlink: /home/common/colcon_ws/install/turtlebot3_node/share/ament_index/resource_index/packages/turtlebot3_node
[4.633s] -- Up-to-date symlink: /home/common/colcon_ws/install/turtlebot3_node/share/turtlebot3_node/cmake/ament_cmake_export_include_directories-extras.cmake
[4.634s] -- Up-to-date symlink: /home/common/colcon_ws/install/turtlebot3_node/share/turtlebot3_node/cmake/turtlebot3_nodeConfig.cmake
[4.634s] -- Up-to-date symlink: /home/common/colcon_ws/install/turtlebot3_node/share/turtlebot3_node/cmake/turtlebot3_nodeConfig-version.cmake
[4.634s] -- Symlinking: /home/common/colcon_ws/install/turtlebot3_node/share/turtlebot3_node/package.xml
