[0.062s] Invoking command in '/home/common/colcon_ws/build/tms_nw_rp': CMAKE_PREFIX_PATH=/opt/ros/dashing:${CMAKE_PREFIX_PATH} /usr/bin/cmake --build /home/common/colcon_ws/build/tms_nw_rp -- -j8 -l8
[0.141s] [ 10%] Built target tms_nw_rp__rosidl_generator_c
[0.142s] [ 13%] Built target tms_nw_rp__cpp
[0.179s] [ 24%] Built target tms_nw_rp__rosidl_typesupport_introspection_c
[0.182s] [ 34%] Built target tms_nw_rp__rosidl_typesupport_introspection_cpp
[0.185s] [ 44%] Built target tms_nw_rp__rosidl_typesupport_fastrtps_cpp
[0.220s] [ 55%] Built target tms_nw_rp__rosidl_typesupport_fastrtps_c
[0.221s] [ 65%] Built target tms_nw_rp__rosidl_typesupport_cpp
[0.244s] [ 75%] Built target tms_nw_rp__rosidl_typesupport_c
[0.268s] [ 75%] Built target tms_nw_rp
[0.290s] [ 79%] Built target tms_nw_rp__py
[0.319s] [ 86%] Built target tms_nw_rp__python
[0.344s] [ 93%] Built target tms_nw_rp__rosidl_typesupport_c__pyext
[0.346s] [100%] Built target tms_nw_rp__rosidl_typesupport_fastrtps_c__pyext
[0.703s] Invoked command in '/home/common/colcon_ws/build/tms_nw_rp' returned '0': CMAKE_PREFIX_PATH=/opt/ros/dashing:${CMAKE_PREFIX_PATH} /usr/bin/cmake --build /home/common/colcon_ws/build/tms_nw_rp -- -j8 -l8
[1.231s] Invoking command in '/home/common/colcon_ws/build/tms_nw_rp': CMAKE_PREFIX_PATH=/opt/ros/dashing:${CMAKE_PREFIX_PATH} /usr/bin/cmake --build /home/common/colcon_ws/build/tms_nw_rp --target install -- -j8 -l8
[1.322s] [ 10%] Built target tms_nw_rp__rosidl_generator_c
[1.343s] [ 13%] Built target tms_nw_rp__cpp
[1.376s] [ 24%] Built target tms_nw_rp__rosidl_typesupport_introspection_c
[1.413s] [ 34%] Built target tms_nw_rp__rosidl_typesupport_introspection_cpp
[1.420s] [ 44%] Built target tms_nw_rp__rosidl_typesupport_fastrtps_cpp
[1.465s] [ 55%] Built target tms_nw_rp__rosidl_typesupport_fastrtps_c
[1.475s] [ 65%] Built target tms_nw_rp__rosidl_typesupport_cpp
[1.494s] [ 75%] Built target tms_nw_rp__rosidl_typesupport_c
[1.520s] [ 75%] Built target tms_nw_rp
[1.545s] [ 79%] Built target tms_nw_rp__py
[1.577s] [ 86%] Built target tms_nw_rp__python
[1.615s] [ 93%] Built target tms_nw_rp__rosidl_typesupport_fastrtps_c__pyext
[1.616s] [100%] Built target tms_nw_rp__rosidl_typesupport_c__pyext
[1.640s] [36mInstall the project...[0m
[1.649s] -- Install configuration: ""
[1.650s] -- Execute custom install script
[1.650s] -- Up-to-date symlink: /home/common/colcon_ws/install/tms_nw_rp/share/ament_index/resource_index/rosidl_interfaces/tms_nw_rp
[1.651s] -- Up-to-date symlink: /home/common/colcon_ws/install/tms_nw_rp/include/tms_nw_rp/srv/tms_nw_req.hpp
[1.651s] -- Up-to-date symlink: /home/common/colcon_ws/install/tms_nw_rp/include/tms_nw_rp/srv/tms_nw_req__struct.hpp
[1.651s] -- Up-to-date symlink: /home/common/colcon_ws/install/tms_nw_rp/include/tms_nw_rp/srv/tms_nw_req__traits.hpp
[1.651s] -- Up-to-date symlink: /home/common/colcon_ws/install/tms_nw_rp/include/tms_nw_rp/msg/rosidl_generator_c__visibility_control.h
[1.652s] -- Up-to-date symlink: /home/common/colcon_ws/install/tms_nw_rp/include/tms_nw_rp/srv/tms_nw_req.h
[1.652s] -- Up-to-date symlink: /home/common/colcon_ws/install/tms_nw_rp/include/tms_nw_rp/srv/tms_nw_req__functions.h
[1.652s] -- Up-to-date symlink: /home/common/colcon_ws/install/tms_nw_rp/include/tms_nw_rp/srv/tms_nw_req__struct.h
[1.652s] -- Up-to-date symlink: /home/common/colcon_ws/install/tms_nw_rp/include/tms_nw_rp/srv/tms_nw_req__type_support.h
[1.653s] -- Up-to-date symlink: /home/common/colcon_ws/install/tms_nw_rp/share/tms_nw_rp/environment/library_path.sh
[1.653s] -- Up-to-date symlink: /home/common/colcon_ws/install/tms_nw_rp/lib/libtms_nw_rp__rosidl_generator_c.so
[1.653s] -- Up-to-date symlink: /home/common/colcon_ws/install/tms_nw_rp/lib/libtms_nw_rp__rosidl_typesupport_c.so
[1.654s] -- Up-to-date symlink: /home/common/colcon_ws/install/tms_nw_rp/lib/libtms_nw_rp__rosidl_typesupport_cpp.so
[1.655s] -- Up-to-date symlink: /home/common/colcon_ws/install/tms_nw_rp/include/tms_nw_rp/msg/rosidl_typesupport_introspection_c__visibility_control.h
[1.655s] -- Up-to-date symlink: /home/common/colcon_ws/install/tms_nw_rp/include/tms_nw_rp/srv/tms_nw_req__rosidl_typesupport_introspection_c.h
[1.655s] -- Up-to-date symlink: /home/common/colcon_ws/install/tms_nw_rp/lib/libtms_nw_rp__rosidl_typesupport_introspection_c.so
[1.656s] -- Up-to-date symlink: /home/common/colcon_ws/install/tms_nw_rp/include/tms_nw_rp/srv/tms_nw_req__rosidl_typesupport_introspection_cpp.hpp
[1.656s] -- Up-to-date symlink: /home/common/colcon_ws/install/tms_nw_rp/lib/libtms_nw_rp__rosidl_typesupport_introspection_cpp.so
[1.657s] -- Up-to-date symlink: /home/common/colcon_ws/install/tms_nw_rp/include/tms_nw_rp/msg/rosidl_typesupport_fastrtps_c__visibility_control.h
[1.657s] -- Up-to-date symlink: /home/common/colcon_ws/install/tms_nw_rp/include/tms_nw_rp/srv/tms_nw_req__rosidl_typesupport_fastrtps_c.h
[1.658s] -- Up-to-date symlink: /home/common/colcon_ws/install/tms_nw_rp/lib/libtms_nw_rp__rosidl_typesupport_fastrtps_c.so
[1.658s] -- Up-to-date symlink: /home/common/colcon_ws/install/tms_nw_rp/include/tms_nw_rp/msg/rosidl_typesupport_fastrtps_cpp__visibility_control.h
[1.659s] -- Up-to-date symlink: /home/common/colcon_ws/install/tms_nw_rp/include/tms_nw_rp/srv/tms_nw_req__rosidl_typesupport_fastrtps_cpp.hpp
[1.659s] -- Up-to-date symlink: /home/common/colcon_ws/install/tms_nw_rp/lib/libtms_nw_rp__rosidl_typesupport_fastrtps_cpp.so
[1.660s] -- Up-to-date symlink: /home/common/colcon_ws/install/tms_nw_rp/share/tms_nw_rp/environment/pythonpath.sh
[1.660s] -- Up-to-date symlink: /home/common/colcon_ws/install/tms_nw_rp/lib/python3.6/site-packages/tms_nw_rp/__init__.py
[1.661s] -- Up-to-date symlink: /home/common/colcon_ws/install/tms_nw_rp/lib/python3.6/site-packages/tms_nw_rp/srv/__init__.py
[1.661s] -- Up-to-date symlink: /home/common/colcon_ws/install/tms_nw_rp/lib/python3.6/site-packages/tms_nw_rp/srv/_tms_nw_req.py
[1.662s] -- Up-to-date symlink: /home/common/colcon_ws/install/tms_nw_rp/lib/python3.6/site-packages/tms_nw_rp/tms_nw_rp_s__rosidl_typesupport_c.cpython-36m-x86_64-linux-gnu.so
[1.663s] -- Up-to-date symlink: /home/common/colcon_ws/install/tms_nw_rp/lib/python3.6/site-packages/tms_nw_rp/tms_nw_rp_s__rosidl_typesupport_fastrtps_c.cpython-36m-x86_64-linux-gnu.so
[1.663s] -- Up-to-date symlink: /home/common/colcon_ws/install/tms_nw_rp/lib/libtms_nw_rp__python.so
[1.663s] -- Up-to-date symlink: /home/common/colcon_ws/install/tms_nw_rp/share/tms_nw_rp/srv/TmsNwReq.idl
[1.664s] -- Up-to-date symlink: /home/common/colcon_ws/install/tms_nw_rp/share/tms_nw_rp/srv/TmsNwReq.srv
[1.664s] -- Up-to-date symlink: /home/common/colcon_ws/install/tms_nw_rp/share/tms_nw_rp/srv/TmsNwReq_Request.msg
[1.664s] -- Up-to-date symlink: /home/common/colcon_ws/install/tms_nw_rp/share/tms_nw_rp/srv/TmsNwReq_Response.msg
[1.664s] -- Up-to-date symlink: /home/common/colcon_ws/install/tms_nw_rp/share/ament_index/resource_index/package_run_dependencies/tms_nw_rp
[1.665s] -- Up-to-date symlink: /home/common/colcon_ws/install/tms_nw_rp/share/ament_index/resource_index/parent_prefix_path/tms_nw_rp
[1.665s] -- Up-to-date symlink: /home/common/colcon_ws/install/tms_nw_rp/share/tms_nw_rp/environment/ament_prefix_path.sh
[1.665s] -- Up-to-date symlink: /home/common/colcon_ws/install/tms_nw_rp/share/tms_nw_rp/environment/path.sh
[1.666s] -- Up-to-date symlink: /home/common/colcon_ws/install/tms_nw_rp/share/tms_nw_rp/local_setup.bash
[1.666s] -- Up-to-date symlink: /home/common/colcon_ws/install/tms_nw_rp/share/tms_nw_rp/local_setup.sh
[1.667s] -- Up-to-date symlink: /home/common/colcon_ws/install/tms_nw_rp/share/tms_nw_rp/local_setup.zsh
[1.667s] -- Up-to-date symlink: /home/common/colcon_ws/install/tms_nw_rp/share/ament_index/resource_index/packages/tms_nw_rp
[1.667s] -- Up-to-date symlink: /home/common/colcon_ws/install/tms_nw_rp/share/tms_nw_rp/cmake/rosidl_cmake-extras.cmake
[1.668s] -- Up-to-date symlink: /home/common/colcon_ws/install/tms_nw_rp/share/tms_nw_rp/cmake/ament_cmake_export_dependencies-extras.cmake
[1.668s] -- Up-to-date symlink: /home/common/colcon_ws/install/tms_nw_rp/share/tms_nw_rp/cmake/ament_cmake_export_include_directories-extras.cmake
[1.669s] -- Up-to-date symlink: /home/common/colcon_ws/install/tms_nw_rp/share/tms_nw_rp/cmake/ament_cmake_export_libraries-extras.cmake
[1.669s] -- Up-to-date symlink: /home/common/colcon_ws/install/tms_nw_rp/share/tms_nw_rp/cmake/tms_nw_rpConfig.cmake
[1.669s] -- Up-to-date symlink: /home/common/colcon_ws/install/tms_nw_rp/share/tms_nw_rp/cmake/tms_nw_rpConfig-version.cmake
[1.669s] -- Up-to-date symlink: /home/common/colcon_ws/install/tms_nw_rp/share/tms_nw_rp/package.xml
[1.799s] Invoked command in '/home/common/colcon_ws/build/tms_nw_rp' returned '0': CMAKE_PREFIX_PATH=/opt/ros/dashing:${CMAKE_PREFIX_PATH} /usr/bin/cmake --build /home/common/colcon_ws/build/tms_nw_rp --target install -- -j8 -l8
