[2.921s] running egg_info
[2.921s] creating /home/common/colcon_ws/build/tms_ur_listener/tms_ur_listener.egg-info
[2.921s] writing /home/common/colcon_ws/build/tms_ur_listener/tms_ur_listener.egg-info/PKG-INFO
[2.922s] writing dependency_links to /home/common/colcon_ws/build/tms_ur_listener/tms_ur_listener.egg-info/dependency_links.txt
[2.923s] writing entry points to /home/common/colcon_ws/build/tms_ur_listener/tms_ur_listener.egg-info/entry_points.txt
[2.923s] writing requirements to /home/common/colcon_ws/build/tms_ur_listener/tms_ur_listener.egg-info/requires.txt
[2.923s] writing top-level names to /home/common/colcon_ws/build/tms_ur_listener/tms_ur_listener.egg-info/top_level.txt
[2.923s] writing manifest file '/home/common/colcon_ws/build/tms_ur_listener/tms_ur_listener.egg-info/SOURCES.txt'
[2.924s] reading manifest file '/home/common/colcon_ws/build/tms_ur_listener/tms_ur_listener.egg-info/SOURCES.txt'
[2.924s] writing manifest file '/home/common/colcon_ws/build/tms_ur_listener/tms_ur_listener.egg-info/SOURCES.txt'
[2.925s] running build
[2.925s] running build_py
[2.926s] creating /home/common/colcon_ws/build/tms_ur_listener/build
[2.926s] creating /home/common/colcon_ws/build/tms_ur_listener/build/lib
[2.926s] creating /home/common/colcon_ws/build/tms_ur_listener/build/lib/tms_ur_listener
[2.926s] copying tms_ur_listener/tms_ur_listener_server.py -> /home/common/colcon_ws/build/tms_ur_listener/build/lib/tms_ur_listener
[2.926s] copying tms_ur_listener/tms_ur_listener_client.py -> /home/common/colcon_ws/build/tms_ur_listener/build/lib/tms_ur_listener
[2.927s] copying tms_ur_listener/__init__.py -> /home/common/colcon_ws/build/tms_ur_listener/build/lib/tms_ur_listener
[2.928s] running install
[2.929s] running install_lib
[2.929s] creating /home/common/colcon_ws/install/tms_ur_listener/lib/python3.6/site-packages/tms_ur_listener
[2.929s] copying /home/common/colcon_ws/build/tms_ur_listener/build/lib/tms_ur_listener/tms_ur_listener_server.py -> /home/common/colcon_ws/install/tms_ur_listener/lib/python3.6/site-packages/tms_ur_listener
[2.929s] copying /home/common/colcon_ws/build/tms_ur_listener/build/lib/tms_ur_listener/tms_ur_listener_client.py -> /home/common/colcon_ws/install/tms_ur_listener/lib/python3.6/site-packages/tms_ur_listener
[2.932s] copying /home/common/colcon_ws/build/tms_ur_listener/build/lib/tms_ur_listener/__init__.py -> /home/common/colcon_ws/install/tms_ur_listener/lib/python3.6/site-packages/tms_ur_listener
[2.932s] byte-compiling /home/common/colcon_ws/install/tms_ur_listener/lib/python3.6/site-packages/tms_ur_listener/tms_ur_listener_server.py to tms_ur_listener_server.cpython-36.pyc
[2.932s] byte-compiling /home/common/colcon_ws/install/tms_ur_listener/lib/python3.6/site-packages/tms_ur_listener/tms_ur_listener_client.py to tms_ur_listener_client.cpython-36.pyc
[2.933s] byte-compiling /home/common/colcon_ws/install/tms_ur_listener/lib/python3.6/site-packages/tms_ur_listener/__init__.py to __init__.cpython-36.pyc
[2.933s] running install_data
[2.933s] creating /home/common/colcon_ws/install/tms_ur_listener/share/ament_index
[2.933s] creating /home/common/colcon_ws/install/tms_ur_listener/share/ament_index/resource_index
[2.933s] creating /home/common/colcon_ws/install/tms_ur_listener/share/ament_index/resource_index/packages
[2.933s] copying resource/tms_ur_listener -> /home/common/colcon_ws/install/tms_ur_listener/share/ament_index/resource_index/packages
[2.933s] copying package.xml -> /home/common/colcon_ws/install/tms_ur_listener/share/tms_ur_listener
[2.934s] running install_egg_info
[2.934s] Copying /home/common/colcon_ws/build/tms_ur_listener/tms_ur_listener.egg-info to /home/common/colcon_ws/install/tms_ur_listener/lib/python3.6/site-packages/tms_ur_listener-0.1.0-py3.6.egg-info
[2.934s] running install_scripts
[2.949s] Installing tms_ur_listener_client script to /home/common/colcon_ws/install/tms_ur_listener/lib/tms_ur_listener
[2.949s] Installing tms_ur_listener_server script to /home/common/colcon_ws/install/tms_ur_listener/lib/tms_ur_listener
[2.949s] writing list of installed files to '/home/common/colcon_ws/build/tms_ur_listener/install.log'
