[0.156s] [ 33%] Built target composition_nodes
[0.221s] [ 55%] Built target composition_publisher
[0.250s] [ 77%] Built target composition_subscriber
[0.254s] [100%] Built target composition_composed
[0.661s] [ 33%] Built target composition_nodes
[0.792s] [ 55%] Built target composition_subscriber
[0.799s] [ 77%] Built target composition_composed
[0.806s] [100%] Built target composition_publisher
[0.853s] [36mInstall the project...[0m
[0.889s] -- Install configuration: ""
[0.890s] -- Execute custom install script
[0.890s] -- Up-to-date symlink: /home/common/colcon_ws/install/examples_rclcpp_minimal_composition/share/examples_rclcpp_minimal_composition/environment/library_path.sh
[0.892s] -- Up-to-date symlink: /home/common/colcon_ws/install/examples_rclcpp_minimal_composition/lib/libcomposition_nodes.so
[0.893s] -- Up-to-date symlink: /home/common/colcon_ws/install/examples_rclcpp_minimal_composition/lib/examples_rclcpp_minimal_composition/composition_publisher
[0.893s] -- Up-to-date symlink: /home/common/colcon_ws/install/examples_rclcpp_minimal_composition/lib/examples_rclcpp_minimal_composition/composition_subscriber
[0.894s] -- Up-to-date symlink: /home/common/colcon_ws/install/examples_rclcpp_minimal_composition/lib/examples_rclcpp_minimal_composition/composition_composed
[0.894s] -- Up-to-date symlink: /home/common/colcon_ws/install/examples_rclcpp_minimal_composition/share/ament_index/resource_index/package_run_dependencies/examples_rclcpp_minimal_composition
[0.895s] -- Up-to-date symlink: /home/common/colcon_ws/install/examples_rclcpp_minimal_composition/share/ament_index/resource_index/parent_prefix_path/examples_rclcpp_minimal_composition
[0.896s] -- Up-to-date symlink: /home/common/colcon_ws/install/examples_rclcpp_minimal_composition/share/examples_rclcpp_minimal_composition/environment/ament_prefix_path.sh
[0.897s] -- Up-to-date symlink: /home/common/colcon_ws/install/examples_rclcpp_minimal_composition/share/examples_rclcpp_minimal_composition/environment/path.sh
[0.897s] -- Up-to-date symlink: /home/common/colcon_ws/install/examples_rclcpp_minimal_composition/share/examples_rclcpp_minimal_composition/local_setup.bash
[0.897s] -- Up-to-date symlink: /home/common/colcon_ws/install/examples_rclcpp_minimal_composition/share/examples_rclcpp_minimal_composition/local_setup.sh
[0.897s] -- Up-to-date symlink: /home/common/colcon_ws/install/examples_rclcpp_minimal_composition/share/examples_rclcpp_minimal_composition/local_setup.zsh
[0.904s] -- Up-to-date symlink: /home/common/colcon_ws/install/examples_rclcpp_minimal_composition/share/ament_index/resource_index/packages/examples_rclcpp_minimal_composition
[0.904s] -- Up-to-date symlink: /home/common/colcon_ws/install/examples_rclcpp_minimal_composition/share/examples_rclcpp_minimal_composition/cmake/examples_rclcpp_minimal_compositionConfig.cmake
[0.904s] -- Up-to-date symlink: /home/common/colcon_ws/install/examples_rclcpp_minimal_composition/share/examples_rclcpp_minimal_composition/cmake/examples_rclcpp_minimal_compositionConfig-version.cmake
[0.904s] -- Up-to-date symlink: /home/common/colcon_ws/install/examples_rclcpp_minimal_composition/share/examples_rclcpp_minimal_composition/package.xml
