[0.184s] [ 33%] Built target composition_nodes
[0.250s] [ 55%] Built target composition_publisher
[0.265s] [ 77%] Built target composition_composed
[0.269s] [100%] Built target composition_subscriber
[0.533s] [ 33%] Built target composition_nodes
[0.594s] [ 55%] Built target composition_subscriber
[0.597s] [ 77%] Built target composition_publisher
[0.598s] [100%] Built target composition_composed
[0.634s] [36mInstall the project...[0m
[0.647s] -- Install configuration: ""
[0.647s] -- Execute custom install script
[0.647s] -- Up-to-date symlink: /home/common/colcon_ws/install/examples_rclcpp_minimal_composition/share/examples_rclcpp_minimal_composition/environment/library_path.sh
[0.648s] -- Up-to-date symlink: /home/common/colcon_ws/install/examples_rclcpp_minimal_composition/lib/libcomposition_nodes.so
[0.649s] -- Up-to-date symlink: /home/common/colcon_ws/install/examples_rclcpp_minimal_composition/lib/examples_rclcpp_minimal_composition/composition_publisher
[0.649s] -- Up-to-date symlink: /home/common/colcon_ws/install/examples_rclcpp_minimal_composition/lib/examples_rclcpp_minimal_composition/composition_subscriber
[0.650s] -- Up-to-date symlink: /home/common/colcon_ws/install/examples_rclcpp_minimal_composition/lib/examples_rclcpp_minimal_composition/composition_composed
[0.650s] -- Up-to-date symlink: /home/common/colcon_ws/install/examples_rclcpp_minimal_composition/share/ament_index/resource_index/package_run_dependencies/examples_rclcpp_minimal_composition
[0.651s] -- Up-to-date symlink: /home/common/colcon_ws/install/examples_rclcpp_minimal_composition/share/ament_index/resource_index/parent_prefix_path/examples_rclcpp_minimal_composition
[0.651s] -- Up-to-date symlink: /home/common/colcon_ws/install/examples_rclcpp_minimal_composition/share/examples_rclcpp_minimal_composition/environment/ament_prefix_path.sh
[0.652s] -- Up-to-date symlink: /home/common/colcon_ws/install/examples_rclcpp_minimal_composition/share/examples_rclcpp_minimal_composition/environment/path.sh
[0.652s] -- Up-to-date symlink: /home/common/colcon_ws/install/examples_rclcpp_minimal_composition/share/examples_rclcpp_minimal_composition/local_setup.bash
[0.653s] -- Up-to-date symlink: /home/common/colcon_ws/install/examples_rclcpp_minimal_composition/share/examples_rclcpp_minimal_composition/local_setup.sh
[0.653s] -- Up-to-date symlink: /home/common/colcon_ws/install/examples_rclcpp_minimal_composition/share/examples_rclcpp_minimal_composition/local_setup.zsh
[0.654s] -- Up-to-date symlink: /home/common/colcon_ws/install/examples_rclcpp_minimal_composition/share/ament_index/resource_index/packages/examples_rclcpp_minimal_composition
[0.654s] -- Up-to-date symlink: /home/common/colcon_ws/install/examples_rclcpp_minimal_composition/share/examples_rclcpp_minimal_composition/cmake/examples_rclcpp_minimal_compositionConfig.cmake
[0.654s] -- Up-to-date symlink: /home/common/colcon_ws/install/examples_rclcpp_minimal_composition/share/examples_rclcpp_minimal_composition/cmake/examples_rclcpp_minimal_compositionConfig-version.cmake
[0.654s] -- Up-to-date symlink: /home/common/colcon_ws/install/examples_rclcpp_minimal_composition/share/examples_rclcpp_minimal_composition/package.xml
