[0.183s] [ 10%] Built target tms_msg_rc__rosidl_generator_c
[0.187s] [ 13%] Built target tms_msg_rc__cpp
[0.247s] [ 24%] Built target tms_msg_rc__rosidl_typesupport_introspection_cpp
[0.255s] [ 34%] Built target tms_msg_rc__rosidl_typesupport_introspection_c
[0.259s] [ 44%] Built target tms_msg_rc__rosidl_typesupport_fastrtps_cpp
[0.311s] [ 55%] Built target tms_msg_rc__rosidl_typesupport_fastrtps_c
[0.317s] [ 65%] Built target tms_msg_rc__rosidl_typesupport_cpp
[0.355s] [ 75%] Built target tms_msg_rc__rosidl_typesupport_c
[0.383s] [ 75%] Built target tms_msg_rc
[0.415s] [ 79%] Built target tms_msg_rc__py
[0.469s] [ 86%] Built target tms_msg_rc__python
[0.514s] [ 93%] Built target tms_msg_rc__rosidl_typesupport_c__pyext
[0.525s] [100%] Built target tms_msg_rc__rosidl_typesupport_fastrtps_c__pyext
[0.700s] [  3%] Built target tms_msg_rc__cpp
[0.708s] [ 13%] Built target tms_msg_rc__rosidl_generator_c
[0.739s] [ 24%] Built target tms_msg_rc__rosidl_typesupport_introspection_cpp
[0.740s] [ 34%] Built target tms_msg_rc__rosidl_typesupport_introspection_c
[0.749s] [ 44%] Built target tms_msg_rc__rosidl_typesupport_fastrtps_cpp
[0.790s] [ 55%] Built target tms_msg_rc__rosidl_typesupport_cpp
[0.793s] [ 65%] Built target tms_msg_rc__rosidl_typesupport_fastrtps_c
[0.827s] [ 75%] Built target tms_msg_rc__rosidl_typesupport_c
[0.855s] [ 75%] Built target tms_msg_rc
[0.878s] [ 79%] Built target tms_msg_rc__py
[0.908s] [ 86%] Built target tms_msg_rc__python
[0.941s] [ 93%] Built target tms_msg_rc__rosidl_typesupport_fastrtps_c__pyext
[0.942s] [100%] Built target tms_msg_rc__rosidl_typesupport_c__pyext
[0.961s] [36mInstall the project...[0m
[0.970s] -- Install configuration: ""
[0.970s] -- Execute custom install script
[0.971s] -- Up-to-date symlink: /home/common/colcon_ws/install/tms_msg_rc/share/ament_index/resource_index/rosidl_interfaces/tms_msg_rc
[0.971s] -- Up-to-date symlink: /home/common/colcon_ws/install/tms_msg_rc/lib/libtms_msg_rc__rosidl_typesupport_c.so
[0.972s] -- Up-to-date symlink: /home/common/colcon_ws/install/tms_msg_rc/share/tms_msg_rc/environment/library_path.sh
[0.972s] -- Up-to-date symlink: /home/common/colcon_ws/install/tms_msg_rc/lib/libtms_msg_rc__rosidl_typesupport_cpp.so
[0.973s] -- Up-to-date symlink: /home/common/colcon_ws/install/tms_msg_rc/include/tms_msg_rc/msg/rosidl_typesupport_fastrtps_c__visibility_control.h
[0.973s] -- Up-to-date symlink: /home/common/colcon_ws/install/tms_msg_rc/include/tms_msg_rc/srv/turtlebot_control__rosidl_typesupport_fastrtps_c.h
[0.973s] -- Up-to-date symlink: /home/common/colcon_ws/install/tms_msg_rc/lib/libtms_msg_rc__rosidl_typesupport_fastrtps_c.so
[0.974s] -- Up-to-date symlink: /home/common/colcon_ws/install/tms_msg_rc/include/tms_msg_rc/msg/rosidl_generator_c__visibility_control.h
[0.974s] -- Up-to-date symlink: /home/common/colcon_ws/install/tms_msg_rc/include/tms_msg_rc/srv/turtlebot_control.h
[0.974s] -- Up-to-date symlink: /home/common/colcon_ws/install/tms_msg_rc/include/tms_msg_rc/srv/turtlebot_control__functions.h
[0.974s] -- Up-to-date symlink: /home/common/colcon_ws/install/tms_msg_rc/include/tms_msg_rc/srv/turtlebot_control__struct.h
[0.974s] -- Up-to-date symlink: /home/common/colcon_ws/install/tms_msg_rc/include/tms_msg_rc/srv/turtlebot_control__type_support.h
[0.975s] -- Up-to-date symlink: /home/common/colcon_ws/install/tms_msg_rc/lib/libtms_msg_rc__rosidl_generator_c.so
[0.975s] -- Up-to-date symlink: /home/common/colcon_ws/install/tms_msg_rc/include/tms_msg_rc/msg/rosidl_typesupport_fastrtps_cpp__visibility_control.h
[0.975s] -- Up-to-date symlink: /home/common/colcon_ws/install/tms_msg_rc/include/tms_msg_rc/srv/turtlebot_control__rosidl_typesupport_fastrtps_cpp.hpp
[0.976s] -- Up-to-date symlink: /home/common/colcon_ws/install/tms_msg_rc/lib/libtms_msg_rc__rosidl_typesupport_fastrtps_cpp.so
[0.976s] -- Up-to-date symlink: /home/common/colcon_ws/install/tms_msg_rc/include/tms_msg_rc/srv/turtlebot_control.hpp
[0.977s] -- Up-to-date symlink: /home/common/colcon_ws/install/tms_msg_rc/include/tms_msg_rc/srv/turtlebot_control__struct.hpp
[0.977s] -- Up-to-date symlink: /home/common/colcon_ws/install/tms_msg_rc/include/tms_msg_rc/srv/turtlebot_control__traits.hpp
[0.977s] -- Up-to-date symlink: /home/common/colcon_ws/install/tms_msg_rc/include/tms_msg_rc/msg/rosidl_typesupport_introspection_c__visibility_control.h
[0.978s] -- Up-to-date symlink: /home/common/colcon_ws/install/tms_msg_rc/include/tms_msg_rc/srv/turtlebot_control__rosidl_typesupport_introspection_c.h
[0.978s] -- Up-to-date symlink: /home/common/colcon_ws/install/tms_msg_rc/lib/libtms_msg_rc__rosidl_typesupport_introspection_c.so
[0.979s] -- Up-to-date symlink: /home/common/colcon_ws/install/tms_msg_rc/include/tms_msg_rc/srv/turtlebot_control__rosidl_typesupport_introspection_cpp.hpp
[0.979s] -- Up-to-date symlink: /home/common/colcon_ws/install/tms_msg_rc/lib/libtms_msg_rc__rosidl_typesupport_introspection_cpp.so
[0.979s] -- Up-to-date symlink: /home/common/colcon_ws/install/tms_msg_rc/share/tms_msg_rc/environment/pythonpath.sh
[0.980s] -- Up-to-date symlink: /home/common/colcon_ws/install/tms_msg_rc/lib/python3.6/site-packages/tms_msg_rc/__init__.py
[0.980s] -- Up-to-date symlink: /home/common/colcon_ws/install/tms_msg_rc/lib/python3.6/site-packages/tms_msg_rc/srv/__init__.py
[0.980s] -- Up-to-date symlink: /home/common/colcon_ws/install/tms_msg_rc/lib/python3.6/site-packages/tms_msg_rc/srv/_turtlebot_control.py
[0.981s] -- Up-to-date symlink: /home/common/colcon_ws/install/tms_msg_rc/lib/python3.6/site-packages/tms_msg_rc/tms_msg_rc_s__rosidl_typesupport_c.cpython-36m-x86_64-linux-gnu.so
[0.981s] -- Up-to-date symlink: /home/common/colcon_ws/install/tms_msg_rc/lib/python3.6/site-packages/tms_msg_rc/tms_msg_rc_s__rosidl_typesupport_fastrtps_c.cpython-36m-x86_64-linux-gnu.so
[0.981s] -- Up-to-date symlink: /home/common/colcon_ws/install/tms_msg_rc/lib/libtms_msg_rc__python.so
[0.982s] -- Up-to-date symlink: /home/common/colcon_ws/install/tms_msg_rc/share/tms_msg_rc/srv/TurtlebotControl.idl
[0.982s] -- Up-to-date symlink: /home/common/colcon_ws/install/tms_msg_rc/share/tms_msg_rc/srv/TurtlebotControl.srv
[0.982s] -- Up-to-date symlink: /home/common/colcon_ws/install/tms_msg_rc/share/tms_msg_rc/srv/TurtlebotControl_Request.msg
[0.983s] -- Up-to-date symlink: /home/common/colcon_ws/install/tms_msg_rc/share/tms_msg_rc/srv/TurtlebotControl_Response.msg
[0.983s] -- Up-to-date symlink: /home/common/colcon_ws/install/tms_msg_rc/share/ament_index/resource_index/package_run_dependencies/tms_msg_rc
[0.983s] -- Up-to-date symlink: /home/common/colcon_ws/install/tms_msg_rc/share/ament_index/resource_index/parent_prefix_path/tms_msg_rc
[0.984s] -- Up-to-date symlink: /home/common/colcon_ws/install/tms_msg_rc/share/tms_msg_rc/environment/ament_prefix_path.sh
[0.984s] -- Up-to-date symlink: /home/common/colcon_ws/install/tms_msg_rc/share/tms_msg_rc/environment/path.sh
[0.984s] -- Up-to-date symlink: /home/common/colcon_ws/install/tms_msg_rc/share/tms_msg_rc/local_setup.bash
[0.984s] -- Up-to-date symlink: /home/common/colcon_ws/install/tms_msg_rc/share/tms_msg_rc/local_setup.sh
[0.985s] -- Up-to-date symlink: /home/common/colcon_ws/install/tms_msg_rc/share/tms_msg_rc/local_setup.zsh
[0.985s] -- Up-to-date symlink: /home/common/colcon_ws/install/tms_msg_rc/share/ament_index/resource_index/packages/tms_msg_rc
[0.985s] -- Up-to-date symlink: /home/common/colcon_ws/install/tms_msg_rc/share/tms_msg_rc/cmake/rosidl_cmake-extras.cmake
[0.986s] -- Up-to-date symlink: /home/common/colcon_ws/install/tms_msg_rc/share/tms_msg_rc/cmake/ament_cmake_export_dependencies-extras.cmake
[0.986s] -- Up-to-date symlink: /home/common/colcon_ws/install/tms_msg_rc/share/tms_msg_rc/cmake/ament_cmake_export_libraries-extras.cmake
[0.986s] -- Up-to-date symlink: /home/common/colcon_ws/install/tms_msg_rc/share/tms_msg_rc/cmake/ament_cmake_export_include_directories-extras.cmake
[0.986s] -- Up-to-date symlink: /home/common/colcon_ws/install/tms_msg_rc/share/tms_msg_rc/cmake/tms_msg_rcConfig.cmake
[0.987s] -- Up-to-date symlink: /home/common/colcon_ws/install/tms_msg_rc/share/tms_msg_rc/cmake/tms_msg_rcConfig-version.cmake
[0.987s] -- Up-to-date symlink: /home/common/colcon_ws/install/tms_msg_rc/share/tms_msg_rc/package.xml
