[0.183s] [  1%] Built target tms_msg_ts__cpp
[0.183s] [ 13%] Built target tms_msg_ts__rosidl_generator_c
[0.235s] [ 24%] Built target tms_msg_ts__rosidl_typesupport_introspection_cpp
[0.248s] [ 36%] Built target tms_msg_ts__rosidl_typesupport_introspection_c
[0.250s] [ 47%] Built target tms_msg_ts__rosidl_typesupport_fastrtps_cpp
[0.312s] [ 59%] Built target tms_msg_ts__rosidl_typesupport_fastrtps_c
[0.315s] [ 70%] Built target tms_msg_ts__rosidl_typesupport_cpp
[0.367s] [ 81%] Built target tms_msg_ts__rosidl_typesupport_c
[0.419s] [ 81%] Built target tms_msg_ts
[0.459s] [ 83%] Built target tms_msg_ts__py
[0.508s] [ 93%] Built target tms_msg_ts__python
[0.547s] [ 96%] Built target tms_msg_ts__rosidl_typesupport_c__pyext
[0.549s] [100%] Built target tms_msg_ts__rosidl_typesupport_fastrtps_c__pyext
[1.733s] [  1%] Built target tms_msg_ts__cpp
[1.734s] [ 13%] Built target tms_msg_ts__rosidl_generator_c
[1.734s] [ 24%] Built target tms_msg_ts__rosidl_typesupport_introspection_c
[1.734s] [ 36%] Built target tms_msg_ts__rosidl_typesupport_introspection_cpp
[1.734s] [ 47%] Built target tms_msg_ts__rosidl_typesupport_fastrtps_cpp
[1.734s] [ 59%] Built target tms_msg_ts__rosidl_typesupport_cpp
[1.734s] [ 70%] Built target tms_msg_ts__rosidl_typesupport_fastrtps_c
[1.735s] [ 81%] Built target tms_msg_ts__rosidl_typesupport_c
[1.735s] [ 81%] Built target tms_msg_ts
[1.735s] [ 83%] Built target tms_msg_ts__py
[1.735s] [ 93%] Built target tms_msg_ts__python
[1.735s] [ 96%] Built target tms_msg_ts__rosidl_typesupport_fastrtps_c__pyext
[1.735s] [100%] Built target tms_msg_ts__rosidl_typesupport_c__pyext
[1.736s] [36mInstall the project...[0m
[1.736s] -- Install configuration: ""
[1.736s] -- Execute custom install script
[1.736s] -- Up-to-date symlink: /home/common/colcon_ws/install/tms_msg_ts/share/ament_index/resource_index/rosidl_interfaces/tms_msg_ts
[1.736s] -- Up-to-date symlink: /home/common/colcon_ws/install/tms_msg_ts/include/tms_msg_ts/msg/arg.hpp
[1.736s] -- Up-to-date symlink: /home/common/colcon_ws/install/tms_msg_ts/include/tms_msg_ts/msg/arg__struct.hpp
[1.737s] -- Up-to-date symlink: /home/common/colcon_ws/install/tms_msg_ts/include/tms_msg_ts/msg/arg__traits.hpp
[1.737s] -- Up-to-date symlink: /home/common/colcon_ws/install/tms_msg_ts/include/tms_msg_ts/srv/tms_sa_find_objects.hpp
[1.737s] -- Up-to-date symlink: /home/common/colcon_ws/install/tms_msg_ts/include/tms_msg_ts/srv/tms_sa_find_objects__struct.hpp
[1.737s] -- Up-to-date symlink: /home/common/colcon_ws/install/tms_msg_ts/include/tms_msg_ts/srv/tms_sa_find_objects__traits.hpp
[1.737s] -- Up-to-date symlink: /home/common/colcon_ws/install/tms_msg_ts/include/tms_msg_ts/srv/ts_do_task.hpp
[1.737s] -- Up-to-date symlink: /home/common/colcon_ws/install/tms_msg_ts/include/tms_msg_ts/srv/ts_do_task__struct.hpp
[1.738s] -- Up-to-date symlink: /home/common/colcon_ws/install/tms_msg_ts/include/tms_msg_ts/srv/ts_do_task__traits.hpp
[1.738s] -- Up-to-date symlink: /home/common/colcon_ws/install/tms_msg_ts/include/tms_msg_ts/srv/ts_req.hpp
[1.738s] -- Up-to-date symlink: /home/common/colcon_ws/install/tms_msg_ts/include/tms_msg_ts/srv/ts_req__struct.hpp
[1.738s] -- Up-to-date symlink: /home/common/colcon_ws/install/tms_msg_ts/include/tms_msg_ts/srv/ts_req__traits.hpp
[1.738s] -- Up-to-date symlink: /home/common/colcon_ws/install/tms_msg_ts/include/tms_msg_ts/srv/ts_state_control.hpp
[1.738s] -- Up-to-date symlink: /home/common/colcon_ws/install/tms_msg_ts/include/tms_msg_ts/srv/ts_state_control__struct.hpp
[1.738s] -- Up-to-date symlink: /home/common/colcon_ws/install/tms_msg_ts/include/tms_msg_ts/srv/ts_state_control__traits.hpp
[1.739s] -- Up-to-date symlink: /home/common/colcon_ws/install/tms_msg_ts/include/tms_msg_ts/msg/arg.h
[1.739s] -- Up-to-date symlink: /home/common/colcon_ws/install/tms_msg_ts/include/tms_msg_ts/msg/arg__functions.h
[1.739s] -- Up-to-date symlink: /home/common/colcon_ws/install/tms_msg_ts/include/tms_msg_ts/msg/arg__struct.h
[1.739s] -- Up-to-date symlink: /home/common/colcon_ws/install/tms_msg_ts/include/tms_msg_ts/msg/arg__type_support.h
[1.741s] -- Up-to-date symlink: /home/common/colcon_ws/install/tms_msg_ts/include/tms_msg_ts/msg/rosidl_generator_c__visibility_control.h
[1.741s] -- Up-to-date symlink: /home/common/colcon_ws/install/tms_msg_ts/include/tms_msg_ts/srv/tms_sa_find_objects.h
[1.741s] -- Up-to-date symlink: /home/common/colcon_ws/install/tms_msg_ts/include/tms_msg_ts/srv/tms_sa_find_objects__functions.h
[1.742s] -- Up-to-date symlink: /home/common/colcon_ws/install/tms_msg_ts/include/tms_msg_ts/srv/tms_sa_find_objects__struct.h
[1.743s] -- Up-to-date symlink: /home/common/colcon_ws/install/tms_msg_ts/include/tms_msg_ts/srv/tms_sa_find_objects__type_support.h
[1.744s] -- Up-to-date symlink: /home/common/colcon_ws/install/tms_msg_ts/include/tms_msg_ts/srv/ts_do_task.h
[1.744s] -- Up-to-date symlink: /home/common/colcon_ws/install/tms_msg_ts/include/tms_msg_ts/srv/ts_do_task__functions.h
[1.744s] -- Up-to-date symlink: /home/common/colcon_ws/install/tms_msg_ts/include/tms_msg_ts/srv/ts_do_task__struct.h
[1.744s] -- Up-to-date symlink: /home/common/colcon_ws/install/tms_msg_ts/include/tms_msg_ts/srv/ts_do_task__type_support.h
[1.744s] -- Up-to-date symlink: /home/common/colcon_ws/install/tms_msg_ts/include/tms_msg_ts/srv/ts_req.h
[1.744s] -- Up-to-date symlink: /home/common/colcon_ws/install/tms_msg_ts/include/tms_msg_ts/srv/ts_req__functions.h
[1.745s] -- Up-to-date symlink: /home/common/colcon_ws/install/tms_msg_ts/include/tms_msg_ts/srv/ts_req__struct.h
[1.745s] -- Up-to-date symlink: /home/common/colcon_ws/install/tms_msg_ts/include/tms_msg_ts/srv/ts_req__type_support.h
[1.745s] -- Up-to-date symlink: /home/common/colcon_ws/install/tms_msg_ts/include/tms_msg_ts/srv/ts_state_control.h
[1.745s] -- Up-to-date symlink: /home/common/colcon_ws/install/tms_msg_ts/include/tms_msg_ts/srv/ts_state_control__functions.h
[1.745s] -- Up-to-date symlink: /home/common/colcon_ws/install/tms_msg_ts/include/tms_msg_ts/srv/ts_state_control__struct.h
[1.746s] -- Up-to-date symlink: /home/common/colcon_ws/install/tms_msg_ts/include/tms_msg_ts/srv/ts_state_control__type_support.h
[1.746s] -- Up-to-date symlink: /home/common/colcon_ws/install/tms_msg_ts/share/tms_msg_ts/environment/library_path.sh
[1.746s] -- Up-to-date symlink: /home/common/colcon_ws/install/tms_msg_ts/lib/libtms_msg_ts__rosidl_generator_c.so
[1.746s] -- Up-to-date symlink: /home/common/colcon_ws/install/tms_msg_ts/lib/libtms_msg_ts__rosidl_typesupport_c.so
[1.746s] -- Up-to-date symlink: /home/common/colcon_ws/install/tms_msg_ts/lib/libtms_msg_ts__rosidl_typesupport_cpp.so
[1.746s] -- Up-to-date symlink: /home/common/colcon_ws/install/tms_msg_ts/include/tms_msg_ts/msg/arg__rosidl_typesupport_introspection_c.h
[1.747s] -- Up-to-date symlink: /home/common/colcon_ws/install/tms_msg_ts/include/tms_msg_ts/msg/rosidl_typesupport_introspection_c__visibility_control.h
[1.747s] -- Up-to-date symlink: /home/common/colcon_ws/install/tms_msg_ts/include/tms_msg_ts/srv/tms_sa_find_objects__rosidl_typesupport_introspection_c.h
[1.747s] -- Up-to-date symlink: /home/common/colcon_ws/install/tms_msg_ts/include/tms_msg_ts/srv/ts_do_task__rosidl_typesupport_introspection_c.h
[1.747s] -- Up-to-date symlink: /home/common/colcon_ws/install/tms_msg_ts/include/tms_msg_ts/srv/ts_req__rosidl_typesupport_introspection_c.h
[1.748s] -- Up-to-date symlink: /home/common/colcon_ws/install/tms_msg_ts/include/tms_msg_ts/srv/ts_state_control__rosidl_typesupport_introspection_c.h
[1.748s] -- Up-to-date symlink: /home/common/colcon_ws/install/tms_msg_ts/lib/libtms_msg_ts__rosidl_typesupport_introspection_c.so
[1.748s] -- Up-to-date symlink: /home/common/colcon_ws/install/tms_msg_ts/include/tms_msg_ts/msg/arg__rosidl_typesupport_introspection_cpp.hpp
[1.748s] -- Up-to-date symlink: /home/common/colcon_ws/install/tms_msg_ts/include/tms_msg_ts/srv/tms_sa_find_objects__rosidl_typesupport_introspection_cpp.hpp
[1.748s] -- Up-to-date symlink: /home/common/colcon_ws/install/tms_msg_ts/include/tms_msg_ts/srv/ts_do_task__rosidl_typesupport_introspection_cpp.hpp
[1.749s] -- Up-to-date symlink: /home/common/colcon_ws/install/tms_msg_ts/include/tms_msg_ts/srv/ts_req__rosidl_typesupport_introspection_cpp.hpp
[1.749s] -- Up-to-date symlink: /home/common/colcon_ws/install/tms_msg_ts/include/tms_msg_ts/srv/ts_state_control__rosidl_typesupport_introspection_cpp.hpp
[1.749s] -- Up-to-date symlink: /home/common/colcon_ws/install/tms_msg_ts/lib/libtms_msg_ts__rosidl_typesupport_introspection_cpp.so
[1.749s] -- Up-to-date symlink: /home/common/colcon_ws/install/tms_msg_ts/include/tms_msg_ts/msg/arg__rosidl_typesupport_fastrtps_c.h
[1.749s] -- Up-to-date symlink: /home/common/colcon_ws/install/tms_msg_ts/include/tms_msg_ts/msg/rosidl_typesupport_fastrtps_c__visibility_control.h
[1.749s] -- Up-to-date symlink: /home/common/colcon_ws/install/tms_msg_ts/include/tms_msg_ts/srv/tms_sa_find_objects__rosidl_typesupport_fastrtps_c.h
[1.750s] -- Up-to-date symlink: /home/common/colcon_ws/install/tms_msg_ts/include/tms_msg_ts/srv/ts_do_task__rosidl_typesupport_fastrtps_c.h
[1.750s] -- Up-to-date symlink: /home/common/colcon_ws/install/tms_msg_ts/include/tms_msg_ts/srv/ts_req__rosidl_typesupport_fastrtps_c.h
[1.750s] -- Up-to-date symlink: /home/common/colcon_ws/install/tms_msg_ts/include/tms_msg_ts/srv/ts_state_control__rosidl_typesupport_fastrtps_c.h
[1.750s] -- Up-to-date symlink: /home/common/colcon_ws/install/tms_msg_ts/lib/libtms_msg_ts__rosidl_typesupport_fastrtps_c.so
[1.750s] -- Up-to-date symlink: /home/common/colcon_ws/install/tms_msg_ts/include/tms_msg_ts/msg/arg__rosidl_typesupport_fastrtps_cpp.hpp
[1.750s] -- Up-to-date symlink: /home/common/colcon_ws/install/tms_msg_ts/include/tms_msg_ts/msg/rosidl_typesupport_fastrtps_cpp__visibility_control.h
[1.751s] -- Up-to-date symlink: /home/common/colcon_ws/install/tms_msg_ts/include/tms_msg_ts/srv/tms_sa_find_objects__rosidl_typesupport_fastrtps_cpp.hpp
[1.751s] -- Up-to-date symlink: /home/common/colcon_ws/install/tms_msg_ts/include/tms_msg_ts/srv/ts_do_task__rosidl_typesupport_fastrtps_cpp.hpp
[1.752s] -- Up-to-date symlink: /home/common/colcon_ws/install/tms_msg_ts/include/tms_msg_ts/srv/ts_req__rosidl_typesupport_fastrtps_cpp.hpp
[1.753s] -- Up-to-date symlink: /home/common/colcon_ws/install/tms_msg_ts/include/tms_msg_ts/srv/ts_state_control__rosidl_typesupport_fastrtps_cpp.hpp
[1.753s] -- Up-to-date symlink: /home/common/colcon_ws/install/tms_msg_ts/lib/libtms_msg_ts__rosidl_typesupport_fastrtps_cpp.so
[1.753s] -- Up-to-date symlink: /home/common/colcon_ws/install/tms_msg_ts/share/tms_msg_ts/environment/pythonpath.sh
[1.754s] -- Up-to-date symlink: /home/common/colcon_ws/install/tms_msg_ts/lib/python3.6/site-packages/tms_msg_ts/__init__.py
[1.754s] -- Up-to-date symlink: /home/common/colcon_ws/install/tms_msg_ts/lib/python3.6/site-packages/tms_msg_ts/msg/__init__.py
[1.754s] -- Up-to-date symlink: /home/common/colcon_ws/install/tms_msg_ts/lib/python3.6/site-packages/tms_msg_ts/msg/_arg.py
[1.754s] -- Up-to-date symlink: /home/common/colcon_ws/install/tms_msg_ts/lib/python3.6/site-packages/tms_msg_ts/srv/__init__.py
[1.755s] -- Up-to-date symlink: /home/common/colcon_ws/install/tms_msg_ts/lib/python3.6/site-packages/tms_msg_ts/srv/_tms_sa_find_objects.py
[1.755s] -- Up-to-date symlink: /home/common/colcon_ws/install/tms_msg_ts/lib/python3.6/site-packages/tms_msg_ts/srv/_ts_do_task.py
[1.755s] -- Up-to-date symlink: /home/common/colcon_ws/install/tms_msg_ts/lib/python3.6/site-packages/tms_msg_ts/srv/_ts_req.py
[1.756s] -- Up-to-date symlink: /home/common/colcon_ws/install/tms_msg_ts/lib/python3.6/site-packages/tms_msg_ts/srv/_ts_state_control.py
[1.756s] -- Up-to-date symlink: /home/common/colcon_ws/install/tms_msg_ts/lib/python3.6/site-packages/tms_msg_ts/tms_msg_ts_s__rosidl_typesupport_c.cpython-36m-x86_64-linux-gnu.so
[1.756s] -- Up-to-date symlink: /home/common/colcon_ws/install/tms_msg_ts/lib/python3.6/site-packages/tms_msg_ts/tms_msg_ts_s__rosidl_typesupport_fastrtps_c.cpython-36m-x86_64-linux-gnu.so
[1.757s] -- Up-to-date symlink: /home/common/colcon_ws/install/tms_msg_ts/lib/libtms_msg_ts__python.so
[1.757s] -- Up-to-date symlink: /home/common/colcon_ws/install/tms_msg_ts/share/tms_msg_ts/msg/Arg.idl
[1.757s] -- Up-to-date symlink: /home/common/colcon_ws/install/tms_msg_ts/share/tms_msg_ts/srv/TmsSaFindObjects.idl
[1.758s] -- Up-to-date symlink: /home/common/colcon_ws/install/tms_msg_ts/share/tms_msg_ts/srv/TsReq.idl
[1.759s] -- Up-to-date symlink: /home/common/colcon_ws/install/tms_msg_ts/share/tms_msg_ts/srv/TsStateControl.idl
[1.759s] -- Up-to-date symlink: /home/common/colcon_ws/install/tms_msg_ts/share/tms_msg_ts/srv/TsDoTask.idl
[1.761s] -- Up-to-date symlink: /home/common/colcon_ws/install/tms_msg_ts/share/tms_msg_ts/msg/Arg.msg
[1.761s] -- Up-to-date symlink: /home/common/colcon_ws/install/tms_msg_ts/share/tms_msg_ts/srv/TmsSaFindObjects.srv
[1.763s] -- Up-to-date symlink: /home/common/colcon_ws/install/tms_msg_ts/share/tms_msg_ts/srv/TmsSaFindObjects_Request.msg
[1.763s] -- Up-to-date symlink: /home/common/colcon_ws/install/tms_msg_ts/share/tms_msg_ts/srv/TmsSaFindObjects_Response.msg
[1.763s] -- Up-to-date symlink: /home/common/colcon_ws/install/tms_msg_ts/share/tms_msg_ts/srv/TsReq.srv
[1.764s] -- Up-to-date symlink: /home/common/colcon_ws/install/tms_msg_ts/share/tms_msg_ts/srv/TsReq_Request.msg
[1.764s] -- Up-to-date symlink: /home/common/colcon_ws/install/tms_msg_ts/share/tms_msg_ts/srv/TsReq_Response.msg
[1.764s] -- Up-to-date symlink: /home/common/colcon_ws/install/tms_msg_ts/share/tms_msg_ts/srv/TsStateControl.srv
[1.764s] -- Up-to-date symlink: /home/common/colcon_ws/install/tms_msg_ts/share/tms_msg_ts/srv/TsStateControl_Request.msg
[1.764s] -- Up-to-date symlink: /home/common/colcon_ws/install/tms_msg_ts/share/tms_msg_ts/srv/TsStateControl_Response.msg
[1.764s] -- Up-to-date symlink: /home/common/colcon_ws/install/tms_msg_ts/share/tms_msg_ts/srv/TsDoTask.srv
[1.764s] -- Up-to-date symlink: /home/common/colcon_ws/install/tms_msg_ts/share/tms_msg_ts/srv/TsDoTask_Request.msg
[1.764s] -- Up-to-date symlink: /home/common/colcon_ws/install/tms_msg_ts/share/tms_msg_ts/srv/TsDoTask_Response.msg
[1.765s] -- Up-to-date symlink: /home/common/colcon_ws/install/tms_msg_ts/share/ament_index/resource_index/package_run_dependencies/tms_msg_ts
[1.765s] -- Up-to-date symlink: /home/common/colcon_ws/install/tms_msg_ts/share/ament_index/resource_index/parent_prefix_path/tms_msg_ts
[1.766s] -- Up-to-date symlink: /home/common/colcon_ws/install/tms_msg_ts/share/tms_msg_ts/environment/ament_prefix_path.sh
[1.766s] -- Up-to-date symlink: /home/common/colcon_ws/install/tms_msg_ts/share/tms_msg_ts/environment/path.sh
[1.766s] -- Up-to-date symlink: /home/common/colcon_ws/install/tms_msg_ts/share/tms_msg_ts/local_setup.bash
[1.766s] -- Up-to-date symlink: /home/common/colcon_ws/install/tms_msg_ts/share/tms_msg_ts/local_setup.sh
[1.766s] -- Up-to-date symlink: /home/common/colcon_ws/install/tms_msg_ts/share/tms_msg_ts/local_setup.zsh
[1.766s] -- Up-to-date symlink: /home/common/colcon_ws/install/tms_msg_ts/share/ament_index/resource_index/packages/tms_msg_ts
[1.766s] -- Up-to-date symlink: /home/common/colcon_ws/install/tms_msg_ts/share/tms_msg_ts/cmake/rosidl_cmake-extras.cmake
[1.766s] -- Up-to-date symlink: /home/common/colcon_ws/install/tms_msg_ts/share/tms_msg_ts/cmake/ament_cmake_export_dependencies-extras.cmake
[1.767s] -- Up-to-date symlink: /home/common/colcon_ws/install/tms_msg_ts/share/tms_msg_ts/cmake/ament_cmake_export_include_directories-extras.cmake
[1.767s] -- Up-to-date symlink: /home/common/colcon_ws/install/tms_msg_ts/share/tms_msg_ts/cmake/ament_cmake_export_libraries-extras.cmake
[1.767s] -- Up-to-date symlink: /home/common/colcon_ws/install/tms_msg_ts/share/tms_msg_ts/cmake/tms_msg_tsConfig.cmake
[1.767s] -- Up-to-date symlink: /home/common/colcon_ws/install/tms_msg_ts/share/tms_msg_ts/cmake/tms_msg_tsConfig-version.cmake
[1.767s] -- Up-to-date symlink: /home/common/colcon_ws/install/tms_msg_ts/share/tms_msg_ts/package.xml
