[0.088s] Invoking command in '/home/common/colcon_ws/build/turtlebot3_node': AMENT_PREFIX_PATH=/home/common/colcon_ws/install/turtlebot3_msgs:/home/common/colcon_ws/install/dynamixel_sdk:${AMENT_PREFIX_PATH} CMAKE_PREFIX_PATH=/home/common/colcon_ws/install/turtlebot3_msgs:/home/common/colcon_ws/install/dynamixel_sdk:/opt/ros/dashing:${CMAKE_PREFIX_PATH} LD_LIBRARY_PATH=/home/common/colcon_ws/install/turtlebot3_msgs/lib:/home/common/colcon_ws/install/dynamixel_sdk/lib:${LD_LIBRARY_PATH} PYTHONPATH=/home/common/colcon_ws/install/turtlebot3_msgs/lib/python3.6/site-packages:${PYTHONPATH} /usr/bin/cmake --build /home/common/colcon_ws/build/turtlebot3_node -- -j8 -l8
[0.190s] [ 85%] Built target turtlebot3_node_lib
[0.251s] [100%] Built target turtlebot3_ros
[0.277s] Invoked command in '/home/common/colcon_ws/build/turtlebot3_node' returned '0': AMENT_PREFIX_PATH=/home/common/colcon_ws/install/turtlebot3_msgs:/home/common/colcon_ws/install/dynamixel_sdk:${AMENT_PREFIX_PATH} CMAKE_PREFIX_PATH=/home/common/colcon_ws/install/turtlebot3_msgs:/home/common/colcon_ws/install/dynamixel_sdk:/opt/ros/dashing:${CMAKE_PREFIX_PATH} LD_LIBRARY_PATH=/home/common/colcon_ws/install/turtlebot3_msgs/lib:/home/common/colcon_ws/install/dynamixel_sdk/lib:${LD_LIBRARY_PATH} PYTHONPATH=/home/common/colcon_ws/install/turtlebot3_msgs/lib/python3.6/site-packages:${PYTHONPATH} /usr/bin/cmake --build /home/common/colcon_ws/build/turtlebot3_node -- -j8 -l8
[0.502s] Invoking command in '/home/common/colcon_ws/build/turtlebot3_node': AMENT_PREFIX_PATH=/home/common/colcon_ws/install/turtlebot3_msgs:/home/common/colcon_ws/install/dynamixel_sdk:${AMENT_PREFIX_PATH} CMAKE_PREFIX_PATH=/home/common/colcon_ws/install/turtlebot3_msgs:/home/common/colcon_ws/install/dynamixel_sdk:/opt/ros/dashing:${CMAKE_PREFIX_PATH} LD_LIBRARY_PATH=/home/common/colcon_ws/install/turtlebot3_msgs/lib:/home/common/colcon_ws/install/dynamixel_sdk/lib:${LD_LIBRARY_PATH} PYTHONPATH=/home/common/colcon_ws/install/turtlebot3_msgs/lib/python3.6/site-packages:${PYTHONPATH} /usr/bin/cmake --build /home/common/colcon_ws/build/turtlebot3_node --target install -- -j8 -l8
[0.698s] [ 85%] Built target turtlebot3_node_lib
[0.751s] [100%] Built target turtlebot3_ros
[0.783s] [36mInstall the project...[0m
[0.796s] -- Install configuration: ""
[0.798s] -- Execute custom install script
[0.798s] -- Up-to-date symlink: /home/common/colcon_ws/install/turtlebot3_node/share/turtlebot3_node/param/burger.yaml
[0.799s] -- Up-to-date symlink: /home/common/colcon_ws/install/turtlebot3_node/share/turtlebot3_node/param/waffle.yaml
[0.799s] -- Up-to-date symlink: /home/common/colcon_ws/install/turtlebot3_node/share/turtlebot3_node/param/waffle_pi.yaml
[0.800s] -- Up-to-date symlink: /home/common/colcon_ws/install/turtlebot3_node/lib/turtlebot3_node/turtlebot3_ros
[0.800s] -- Up-to-date symlink: /home/common/colcon_ws/install/turtlebot3_node/share/ament_index/resource_index/package_run_dependencies/turtlebot3_node
[0.800s] -- Up-to-date symlink: /home/common/colcon_ws/install/turtlebot3_node/share/ament_index/resource_index/parent_prefix_path/turtlebot3_node
[0.801s] -- Up-to-date symlink: /home/common/colcon_ws/install/turtlebot3_node/share/turtlebot3_node/environment/ament_prefix_path.sh
[0.801s] -- Up-to-date symlink: /home/common/colcon_ws/install/turtlebot3_node/share/turtlebot3_node/environment/path.sh
[0.802s] -- Up-to-date symlink: /home/common/colcon_ws/install/turtlebot3_node/share/turtlebot3_node/local_setup.bash
[0.802s] -- Up-to-date symlink: /home/common/colcon_ws/install/turtlebot3_node/share/turtlebot3_node/local_setup.sh
[0.803s] -- Up-to-date symlink: /home/common/colcon_ws/install/turtlebot3_node/share/turtlebot3_node/local_setup.zsh
[0.803s] -- Up-to-date symlink: /home/common/colcon_ws/install/turtlebot3_node/share/ament_index/resource_index/packages/turtlebot3_node
[0.810s] -- Up-to-date symlink: /home/common/colcon_ws/install/turtlebot3_node/share/turtlebot3_node/cmake/ament_cmake_export_include_directories-extras.cmake
[0.810s] -- Up-to-date symlink: /home/common/colcon_ws/install/turtlebot3_node/share/turtlebot3_node/cmake/turtlebot3_nodeConfig.cmake
[0.810s] -- Up-to-date symlink: /home/common/colcon_ws/install/turtlebot3_node/share/turtlebot3_node/cmake/turtlebot3_nodeConfig-version.cmake
[0.811s] -- Up-to-date symlink: /home/common/colcon_ws/install/turtlebot3_node/share/turtlebot3_node/package.xml
[0.832s] Invoked command in '/home/common/colcon_ws/build/turtlebot3_node' returned '0': AMENT_PREFIX_PATH=/home/common/colcon_ws/install/turtlebot3_msgs:/home/common/colcon_ws/install/dynamixel_sdk:${AMENT_PREFIX_PATH} CMAKE_PREFIX_PATH=/home/common/colcon_ws/install/turtlebot3_msgs:/home/common/colcon_ws/install/dynamixel_sdk:/opt/ros/dashing:${CMAKE_PREFIX_PATH} LD_LIBRARY_PATH=/home/common/colcon_ws/install/turtlebot3_msgs/lib:/home/common/colcon_ws/install/dynamixel_sdk/lib:${LD_LIBRARY_PATH} PYTHONPATH=/home/common/colcon_ws/install/turtlebot3_msgs/lib/python3.6/site-packages:${PYTHONPATH} /usr/bin/cmake --build /home/common/colcon_ws/build/turtlebot3_node --target install -- -j8 -l8
