[0.130s] -- The C compiler identification is GNU 7.4.0
[0.222s] -- The CXX compiler identification is GNU 7.4.0
[0.229s] -- Check for working C compiler: /usr/bin/cc
[0.343s] -- Check for working C compiler: /usr/bin/cc -- works
[0.344s] -- Detecting C compiler ABI info
[0.545s] -- Detecting C compiler ABI info - done
[0.551s] -- Detecting C compile features
[0.889s] -- Detecting C compile features - done
[0.893s] -- Check for working CXX compiler: /usr/bin/c++
[1.051s] -- Check for working CXX compiler: /usr/bin/c++ -- works
[1.052s] -- Detecting CXX compiler ABI info
[1.200s] -- Detecting CXX compiler ABI info - done
[1.209s] -- Detecting CXX compile features
[1.859s] -- Detecting CXX compile features - done
[1.867s] -- Found ament_cmake: 0.7.4 (/opt/ros/dashing/share/ament_cmake/cmake)
[1.951s] -- Found PythonInterp: /usr/bin/python3 (found suitable version "3.6.9", minimum required is "3") 
[1.951s] -- Using PYTHON_EXECUTABLE: /usr/bin/python3
[2.358s] -- Override CMake install command with custom implementation using symlinks instead of copying resources
[2.428s] -- Found example_interfaces: 0.7.1 (/opt/ros/dashing/share/example_interfaces/cmake)
[2.476s] -- Found rosidl_adapter: 0.7.8 (/opt/ros/dashing/share/rosidl_adapter/cmake)
[2.595s] -- Found rclcpp: 0.7.12 (/opt/ros/dashing/share/rclcpp/cmake)
[2.635s] -- Found rmw_implementation_cmake: 0.7.2 (/opt/ros/dashing/share/rmw_implementation_cmake/cmake)
[2.641s] -- Using RMW implementation 'rmw_fastrtps_cpp' as default
[2.648s] -- Looking for pthread.h
[2.798s] -- Looking for pthread.h - found
[2.798s] -- Looking for pthread_create
[2.938s] -- Looking for pthread_create - not found
[2.938s] -- Looking for pthread_create in pthreads
[3.041s] -- Looking for pthread_create in pthreads - not found
[3.042s] -- Looking for pthread_create in pthread
[3.156s] -- Looking for pthread_create in pthread - found
[3.156s] -- Found Threads: TRUE  
[3.238s] -- Found rclcpp_action: 0.7.12 (/opt/ros/dashing/share/rclcpp_action/cmake)
[3.622s] -- Configuring done
[3.660s] -- Generating done
[3.661s] -- Build files have been written to: /home/common/colcon_ws/build/examples_rclcpp_minimal_action_server
[3.769s] [35m[1mScanning dependencies of target action_server_not_composable[0m
[3.785s] [35m[1mScanning dependencies of target action_server_member_functions[0m
[3.812s] [ 50%] Built target action_server_not_composable
[3.835s] [100%] Built target action_server_member_functions
[4.007s] [ 50%] Built target action_server_member_functions
[4.015s] [100%] Built target action_server_not_composable
[4.060s] [36mInstall the project...[0m
[4.077s] -- Install configuration: ""
[4.078s] -- Execute custom install script
[4.079s] -- Up-to-date symlink: /home/common/colcon_ws/install/examples_rclcpp_minimal_action_server/lib/examples_rclcpp_minimal_action_server/action_server_not_composable
[4.080s] -- Up-to-date symlink: /home/common/colcon_ws/install/examples_rclcpp_minimal_action_server/lib/examples_rclcpp_minimal_action_server/action_server_member_functions
[4.080s] -- Up-to-date symlink: /home/common/colcon_ws/install/examples_rclcpp_minimal_action_server/share/ament_index/resource_index/package_run_dependencies/examples_rclcpp_minimal_action_server
[4.081s] -- Up-to-date symlink: /home/common/colcon_ws/install/examples_rclcpp_minimal_action_server/share/ament_index/resource_index/parent_prefix_path/examples_rclcpp_minimal_action_server
[4.081s] -- Up-to-date symlink: /home/common/colcon_ws/install/examples_rclcpp_minimal_action_server/share/examples_rclcpp_minimal_action_server/environment/ament_prefix_path.sh
[4.082s] -- Up-to-date symlink: /home/common/colcon_ws/install/examples_rclcpp_minimal_action_server/share/examples_rclcpp_minimal_action_server/environment/path.sh
[4.082s] -- Up-to-date symlink: /home/common/colcon_ws/install/examples_rclcpp_minimal_action_server/share/examples_rclcpp_minimal_action_server/local_setup.bash
[4.083s] -- Up-to-date symlink: /home/common/colcon_ws/install/examples_rclcpp_minimal_action_server/share/examples_rclcpp_minimal_action_server/local_setup.sh
[4.083s] -- Up-to-date symlink: /home/common/colcon_ws/install/examples_rclcpp_minimal_action_server/share/examples_rclcpp_minimal_action_server/local_setup.zsh
[4.083s] -- Up-to-date symlink: /home/common/colcon_ws/install/examples_rclcpp_minimal_action_server/share/ament_index/resource_index/packages/examples_rclcpp_minimal_action_server
[4.084s] -- Up-to-date symlink: /home/common/colcon_ws/install/examples_rclcpp_minimal_action_server/share/examples_rclcpp_minimal_action_server/cmake/examples_rclcpp_minimal_action_serverConfig.cmake
[4.084s] -- Up-to-date symlink: /home/common/colcon_ws/install/examples_rclcpp_minimal_action_server/share/examples_rclcpp_minimal_action_server/cmake/examples_rclcpp_minimal_action_serverConfig-version.cmake
[4.085s] -- Up-to-date symlink: /home/common/colcon_ws/install/examples_rclcpp_minimal_action_server/share/examples_rclcpp_minimal_action_server/package.xml
