[2.284s] -- The C compiler identification is GNU 7.4.0
[2.284s] -- The CXX compiler identification is GNU 7.4.0
[2.286s] -- Check for working C compiler: /usr/bin/cc
[2.314s] -- Check for working C compiler: /usr/bin/cc -- works
[2.315s] -- Detecting C compiler ABI info
[2.594s] -- Detecting C compiler ABI info - done
[2.602s] -- Detecting C compile features
[3.349s] -- Detecting C compile features - done
[3.349s] -- Check for working CXX compiler: /usr/bin/c++
[3.458s] -- Check for working CXX compiler: /usr/bin/c++ -- works
[3.458s] -- Detecting CXX compiler ABI info
[3.573s] -- Detecting CXX compiler ABI info - done
[3.581s] -- Detecting CXX compile features
[4.045s] -- Detecting CXX compile features - done
[4.052s] -- Found ament_cmake: 0.7.4 (/opt/ros/dashing/share/ament_cmake/cmake)
[4.136s] -- Found PythonInterp: /usr/bin/python3 (found suitable version "3.6.9", minimum required is "3") 
[4.137s] -- Using PYTHON_EXECUTABLE: /usr/bin/python3
[4.494s] -- Override CMake install command with custom implementation using symlinks instead of copying resources
[4.572s] -- Found rclcpp: 0.7.12 (/opt/ros/dashing/share/rclcpp/cmake)
[4.639s] -- Found rosidl_adapter: 0.7.8 (/opt/ros/dashing/share/rosidl_adapter/cmake)
[4.743s] -- Found rmw_implementation_cmake: 0.7.2 (/opt/ros/dashing/share/rmw_implementation_cmake/cmake)
[4.749s] -- Using RMW implementation 'rmw_fastrtps_cpp' as default
[4.751s] -- Looking for pthread.h
[4.861s] -- Looking for pthread.h - found
[4.862s] -- Looking for pthread_create
[4.977s] -- Looking for pthread_create - not found
[4.977s] -- Looking for pthread_create in pthreads
[5.054s] -- Looking for pthread_create in pthreads - not found
[5.054s] -- Looking for pthread_create in pthread
[5.129s] -- Looking for pthread_create in pthread - found
[5.131s] -- Found Threads: TRUE  
[5.194s] -- Found std_msgs: 0.7.0 (/opt/ros/dashing/share/std_msgs/cmake)
[5.204s] -- Found sensor_msgs: 0.7.0 (/opt/ros/dashing/share/sensor_msgs/cmake)
[5.241s] -- Found nav_msgs: 0.7.0 (/opt/ros/dashing/share/nav_msgs/cmake)
[5.263s] -- Found tf2: 0.11.6 (/opt/ros/dashing/share/tf2/cmake)
[5.274s] -- Found tf2_ros: 0.11.6 (/opt/ros/dashing/share/tf2_ros/cmake)
[5.528s] -- Found ament_lint_auto: 0.7.11 (/opt/ros/dashing/share/ament_lint_auto/cmake)
[5.708s] -- Added test 'copyright' to check for copyright in CMake / C / C++ / Python code
[5.710s] -- Added test 'cppcheck' to perform static code analysis on C / C++ code
[5.711s] -- Configured cppcheck include dirs: 
[5.713s] -- Added test 'cpplint' to check C / C++ code against the Google style
[5.714s] -- Added test 'lint_cmake' to check CMake code style
[5.717s] -- Added test 'uncrustify' to check C / C++ code style
[5.718s] -- Added test 'xmllint' to check XML markup files
[5.725s] -- Configuring done
[5.757s] -- Generating done
[5.760s] -- Build files have been written to: /home/common/colcon_ws/build/doublenode
[5.845s] [35m[1mScanning dependencies of target doublenode[0m
[5.870s] [ 20%] [32mBuilding CXX object CMakeFiles/doublenode.dir/src/constants.cpp.o[0m
[5.878s] [ 40%] [32mBuilding CXX object CMakeFiles/doublenode.dir/src/odometry.cpp.o[0m
[6.526s] [ 60%] [32m[1mLinking CXX static library libdoublenode.a[0m
[6.571s] [ 60%] Built target doublenode
[6.589s] [35m[1mScanning dependencies of target double_odom[0m
[6.627s] [ 80%] [32mBuilding CXX object CMakeFiles/double_odom.dir/src/node_main.cpp.o[0m
[10.295s] [100%] [32m[1mLinking CXX executable double_odom[0m
[10.841s] [100%] Built target double_odom
[11.669s] [ 60%] Built target doublenode
[11.800s] [100%] Built target double_odom
[11.879s] [36mInstall the project...[0m
[11.907s] -- Install configuration: ""
[11.908s] -- Execute custom install script
[11.912s] -- Symlinking: /home/common/colcon_ws/install/doublenode/lib/doublenode/double_odom
[11.930s] -- Symlinking: /home/common/colcon_ws/install/doublenode/share/ament_index/resource_index/package_run_dependencies/doublenode
[11.968s] -- Symlinking: /home/common/colcon_ws/install/doublenode/share/ament_index/resource_index/parent_prefix_path/doublenode
[11.986s] -- Symlinking: /home/common/colcon_ws/install/doublenode/share/doublenode/environment/ament_prefix_path.sh
[12.002s] -- Symlinking: /home/common/colcon_ws/install/doublenode/share/doublenode/environment/path.sh
[12.019s] -- Symlinking: /home/common/colcon_ws/install/doublenode/share/doublenode/local_setup.bash
[12.036s] -- Symlinking: /home/common/colcon_ws/install/doublenode/share/doublenode/local_setup.sh
[12.053s] -- Symlinking: /home/common/colcon_ws/install/doublenode/share/doublenode/local_setup.zsh
[12.070s] -- Symlinking: /home/common/colcon_ws/install/doublenode/share/ament_index/resource_index/packages/doublenode
[12.122s] -- Symlinking: /home/common/colcon_ws/install/doublenode/share/doublenode/cmake/ament_cmake_export_dependencies-extras.cmake
[12.179s] -- Symlinking: /home/common/colcon_ws/install/doublenode/share/doublenode/cmake/doublenodeConfig.cmake
[12.220s] -- Symlinking: /home/common/colcon_ws/install/doublenode/share/doublenode/cmake/doublenodeConfig-version.cmake
[12.237s] -- Symlinking: /home/common/colcon_ws/install/doublenode/share/doublenode/package.xml
