[0.036s] Invoking command in '/home/common/colcon_ws/build/tms_rc_smartpal_control': /usr/bin/cmake /home/common/colcon_ws/src/ros2_tms/tms_rc/tms_rc_smartpal/smartpal_control -DCATKIN_INSTALL_INTO_PREFIX_ROOT=0 -DCMAKE_INSTALL_PREFIX=/home/common/colcon_ws/install/tms_rc_smartpal_control
[0.178s] -- The C compiler identification is GNU 7.4.0
[0.264s] -- The CXX compiler identification is GNU 7.4.0
[0.271s] -- Check for working C compiler: /usr/bin/cc
[0.401s] -- Check for working C compiler: /usr/bin/cc -- works
[0.402s] -- Detecting C compiler ABI info
[0.529s] -- Detecting C compiler ABI info - done
[0.534s] -- Detecting C compile features
[0.921s] -- Detecting C compile features - done
[0.924s] -- Check for working CXX compiler: /usr/bin/c++
[1.032s] -- Check for working CXX compiler: /usr/bin/c++ -- works
[1.033s] -- Detecting CXX compiler ABI info
[1.152s] -- Detecting CXX compiler ABI info - done
[1.161s] -- Detecting CXX compile features
[1.711s] -- Detecting CXX compile features - done
[1.719s] -- Found ament_cmake: 0.7.4 (/opt/ros/dashing/share/ament_cmake/cmake)
[1.808s] -- Found PythonInterp: /usr/bin/python3 (found suitable version "3.6.9", minimum required is "3") 
[1.808s] -- Using PYTHON_EXECUTABLE: /usr/bin/python3
[2.296s] -- Found rclcpp: 0.7.12 (/opt/ros/dashing/share/rclcpp/cmake)
[2.367s] -- Found rosidl_adapter: 0.7.8 (/opt/ros/dashing/share/rosidl_adapter/cmake)
[2.472s] -- Found rmw_implementation_cmake: 0.7.2 (/opt/ros/dashing/share/rmw_implementation_cmake/cmake)
[2.477s] -- Using RMW implementation 'rmw_fastrtps_cpp' as default
[2.478s] -- Looking for pthread.h
[2.558s] -- Looking for pthread.h - found
[2.558s] -- Looking for pthread_create
[2.650s] -- Looking for pthread_create - not found
[2.650s] -- Looking for pthread_create in pthreads
[2.716s] -- Looking for pthread_create in pthreads - not found
[2.716s] -- Looking for pthread_create in pthread
[2.788s] -- Looking for pthread_create in pthread - found
[2.789s] -- Found Threads: TRUE  
[2.871s] -- Found tms_msg_rc: 1.0.2 (/home/common/colcon_ws/install/tms_msg_rc/share/tms_msg_rc/cmake)
[2.878s] -- Found tms_msg_db: 1.0.2 (/home/common/colcon_ws/install/tms_msg_db/share/tms_msg_db/cmake)
[2.899s] -- Using CATKIN_DEVEL_PREFIX: /home/common/colcon_ws/build/tms_rc_smartpal_control/devel
[2.900s] -- Using CMAKE_PREFIX_PATH: /home/common/colcon_ws/install/turtlebot3;/home/common/colcon_ws/install/turtlebot3_simulations;/home/common/colcon_ws/install/turtlebot3_bringup;/home/common/colcon_ws/install/turtlebot3_node;/home/common/colcon_ws/install/turtlebot3_navigation2;/home/common/colcon_ws/install/turtlebot3_fake_node;/home/common/colcon_ws/install/doublenode;/home/common/colcon_ws/install/turtlebot3_msgs;/home/common/colcon_ws/install/turtlebot3_gazebo;/home/common/colcon_ws/install/turtlebot3_description;/home/common/colcon_ws/install/turtlebot3_cartographer;/home/common/colcon_ws/install/tms_ss_vicon;/home/common/colcon_ws/install/tms_rc_tfnode;/home/common/colcon_ws/install/tms_rc_bot;/home/common/colcon_ws/install/tms_nw_rp;/home/common/colcon_ws/install/tms_msg_ur;/home/common/colcon_ws/install/tms_msg_ts;/home/common/colcon_ws/install/tms_msg_ss;/home/common/colcon_ws/install/tms_msg_rc;/home/common/colcon_ws/install/tms_msg_db;/home/common/colcon_ws/install/object_recognition_msgs;/home/common/colcon_ws/install/hls_lfcd_lds_driver;/home/common/colcon_ws/install/examples_rclcpp_minimal_timer;/home/common/colcon_ws/install/examples_rclcpp_minimal_subscriber;/home/common/colcon_ws/install/examples_rclcpp_minimal_service;/home/common/colcon_ws/install/examples_rclcpp_minimal_publisher;/home/common/colcon_ws/install/examples_rclcpp_minimal_composition;/home/common/colcon_ws/install/examples_rclcpp_minimal_client;/home/common/colcon_ws/install/examples_rclcpp_minimal_action_server;/home/common/colcon_ws/install/examples_rclcpp_minimal_action_client;/home/common/colcon_ws/install/dynamixel_sdk;/home/common/catkin_ws/devel;/opt/ros/melodic
[2.900s] -- This workspace overlays: /home/common/catkin_ws/devel;/opt/ros/melodic
[2.944s] -- Using PYTHON_EXECUTABLE: /usr/bin/python3
[2.944s] -- Using Debian Python package layout
[2.945s] -- Using empy: /usr/bin/empy
[3.126s] -- Using CATKIN_ENABLE_TESTING: ON
[3.126s] -- Call enable_testing()
[3.127s] -- Using CATKIN_TEST_RESULTS_DIR: /home/common/colcon_ws/build/tms_rc_smartpal_control/test_results
[3.164s] -- Found gtest sources under '/usr/src/googletest': gtests will be built
[3.164s] -- Found gmock sources under '/usr/src/googletest': gmock will be built
[3.228s] -- Found PythonInterp: /usr/bin/python3 (found version "3.6.9") 
[3.235s] -- Using Python nosetests: /usr/bin/nosetests
[3.328s] -- catkin 0.7.19
[3.333s] -- BUILD_SHARED_LIBS is on
[3.627s] Traceback (most recent call last):
[3.627s]   File "/home/common/colcon_ws/build/tms_rc_smartpal_control/catkin_generated/generate_cached_setup.py", line 22, in <module>
[3.627s]     code = generate_environment_script('/home/common/colcon_ws/build/tms_rc_smartpal_control/devel/env.sh')
[3.628s]   File "/opt/ros/melodic/lib/python2.7/dist-packages/catkin/environment_cache.py", line 62, in generate_environment_script
[3.628s]     env_after = ast.literal_eval(output.decode('utf8'))
[3.628s]   File "/usr/lib/python3.6/ast.py", line 48, in literal_eval
[3.628s]     node_or_string = parse(node_or_string, mode='eval')
[3.628s]   File "/usr/lib/python3.6/ast.py", line 35, in parse
[3.628s]     return compile(source, filename, mode, PyCF_ONLY_AST)
[3.628s]   File "<unknown>", line 1
[3.629s]     ROS_DISTRO was set to 'dashing' before. Please make sure that the environment does not mix paths from different distributions.
[3.629s]                  ^
[3.629s] SyntaxError: invalid syntax
[3.638s] CMake Error at /opt/ros/melodic/share/catkin/cmake/safe_execute_process.cmake:11 (message):
[3.639s]   execute_process(/usr/bin/python3
[3.639s]   "/home/common/colcon_ws/build/tms_rc_smartpal_control/catkin_generated/generate_cached_setup.py")
[3.639s]   returned error code 1
[3.639s] Call Stack (most recent call first):
[3.639s]   /opt/ros/melodic/share/catkin/cmake/all.cmake:208 (safe_execute_process)
[3.640s]   /opt/ros/melodic/share/catkin/cmake/catkinConfig.cmake:20 (include)
[3.640s]   /opt/ros/melodic/share/genmsg/cmake/genmsg-extras.cmake:9 (find_package)
[3.640s]   /opt/ros/melodic/share/genmsg/cmake/genmsgConfig.cmake:222 (include)
[3.640s]   /opt/ros/melodic/share/actionlib_msgs/cmake/actionlib_msgs-extras.cmake:2 (find_package)
[3.640s]   /opt/ros/melodic/share/actionlib_msgs/cmake/actionlib_msgsConfig.cmake:222 (include)
[3.640s]   /opt/ros/melodic/share/moveit_msgs/cmake/moveit_msgsConfig.cmake:197 (find_package)
[3.640s]   CMakeLists.txt:19 (find_package)
[3.641s] 
[3.641s] 
[3.641s] -- Configuring incomplete, errors occurred!
[3.642s] See also "/home/common/colcon_ws/build/tms_rc_smartpal_control/CMakeFiles/CMakeOutput.log".
[3.642s] See also "/home/common/colcon_ws/build/tms_rc_smartpal_control/CMakeFiles/CMakeError.log".
[4.483s] Invoked command in '/home/common/colcon_ws/build/tms_rc_smartpal_control' returned '1': /usr/bin/cmake /home/common/colcon_ws/src/ros2_tms/tms_rc/tms_rc_smartpal/smartpal_control -DCATKIN_INSTALL_INTO_PREFIX_ROOT=0 -DCMAKE_INSTALL_PREFIX=/home/common/colcon_ws/install/tms_rc_smartpal_control
