[0.149s] [  1%] Built target turtlebot3_msgs__cpp
[0.163s] [ 13%] Built target turtlebot3_msgs__rosidl_generator_c
[0.197s] [ 24%] Built target turtlebot3_msgs__rosidl_typesupport_introspection_cpp
[0.220s] [ 35%] Built target turtlebot3_msgs__rosidl_typesupport_fastrtps_cpp
[0.249s] [ 47%] Built target turtlebot3_msgs__rosidl_typesupport_introspection_c
[0.314s] [ 58%] Built target turtlebot3_msgs__rosidl_typesupport_cpp
[0.327s] [ 69%] Built target turtlebot3_msgs__rosidl_typesupport_fastrtps_c
[0.382s] [ 81%] Built target turtlebot3_msgs__rosidl_typesupport_c
[0.412s] [ 81%] Built target turtlebot3_msgs
[0.442s] [ 83%] Built target turtlebot3_msgs__py
[0.486s] [ 92%] Built target turtlebot3_msgs__python
[0.546s] [ 96%] Built target turtlebot3_msgs__rosidl_typesupport_fastrtps_c__pyext
[0.548s] [100%] Built target turtlebot3_msgs__rosidl_typesupport_c__pyext
[1.265s] [  1%] Built target turtlebot3_msgs__cpp
[1.272s] [ 13%] Built target turtlebot3_msgs__rosidl_generator_c
[1.338s] [ 24%] Built target turtlebot3_msgs__rosidl_typesupport_introspection_c
[1.348s] [ 35%] Built target turtlebot3_msgs__rosidl_typesupport_fastrtps_cpp
[1.348s] [ 47%] Built target turtlebot3_msgs__rosidl_typesupport_introspection_cpp
[1.418s] [ 58%] Built target turtlebot3_msgs__rosidl_typesupport_fastrtps_c
[1.427s] [ 69%] Built target turtlebot3_msgs__rosidl_typesupport_cpp
[1.464s] [ 81%] Built target turtlebot3_msgs__rosidl_typesupport_c
[1.493s] [ 81%] Built target turtlebot3_msgs
[1.521s] [ 83%] Built target turtlebot3_msgs__py
[1.559s] [ 92%] Built target turtlebot3_msgs__python
[1.605s] [ 96%] Built target turtlebot3_msgs__rosidl_typesupport_fastrtps_c__pyext
[1.606s] [100%] Built target turtlebot3_msgs__rosidl_typesupport_c__pyext
[1.639s] [36mInstall the project...[0m
[1.654s] -- Install configuration: ""
[1.655s] -- Execute custom install script
[1.656s] -- Up-to-date symlink: /home/common/colcon_ws/install/turtlebot3_msgs/share/ament_index/resource_index/rosidl_interfaces/turtlebot3_msgs
[1.656s] -- Up-to-date symlink: /home/common/colcon_ws/install/turtlebot3_msgs/lib/libturtlebot3_msgs__rosidl_typesupport_c.so
[1.657s] -- Up-to-date symlink: /home/common/colcon_ws/install/turtlebot3_msgs/share/turtlebot3_msgs/environment/library_path.sh
[1.657s] -- Up-to-date symlink: /home/common/colcon_ws/install/turtlebot3_msgs/lib/libturtlebot3_msgs__rosidl_typesupport_cpp.so
[1.658s] -- Up-to-date symlink: /home/common/colcon_ws/install/turtlebot3_msgs/include/turtlebot3_msgs/msg/rosidl_typesupport_fastrtps_c__visibility_control.h
[1.659s] -- Up-to-date symlink: /home/common/colcon_ws/install/turtlebot3_msgs/include/turtlebot3_msgs/msg/sensor_state__rosidl_typesupport_fastrtps_c.h
[1.659s] -- Up-to-date symlink: /home/common/colcon_ws/install/turtlebot3_msgs/include/turtlebot3_msgs/msg/sound__rosidl_typesupport_fastrtps_c.h
[1.659s] -- Up-to-date symlink: /home/common/colcon_ws/install/turtlebot3_msgs/include/turtlebot3_msgs/msg/version_info__rosidl_typesupport_fastrtps_c.h
[1.659s] -- Up-to-date symlink: /home/common/colcon_ws/install/turtlebot3_msgs/include/turtlebot3_msgs/srv/sound__rosidl_typesupport_fastrtps_c.h
[1.660s] -- Up-to-date symlink: /home/common/colcon_ws/install/turtlebot3_msgs/lib/libturtlebot3_msgs__rosidl_typesupport_fastrtps_c.so
[1.661s] -- Up-to-date symlink: /home/common/colcon_ws/install/turtlebot3_msgs/include/turtlebot3_msgs/msg/rosidl_generator_c__visibility_control.h
[1.661s] -- Up-to-date symlink: /home/common/colcon_ws/install/turtlebot3_msgs/include/turtlebot3_msgs/msg/sensor_state.h
[1.661s] -- Up-to-date symlink: /home/common/colcon_ws/install/turtlebot3_msgs/include/turtlebot3_msgs/msg/sensor_state__functions.h
[1.662s] -- Up-to-date symlink: /home/common/colcon_ws/install/turtlebot3_msgs/include/turtlebot3_msgs/msg/sensor_state__struct.h
[1.662s] -- Up-to-date symlink: /home/common/colcon_ws/install/turtlebot3_msgs/include/turtlebot3_msgs/msg/sensor_state__type_support.h
[1.662s] -- Up-to-date symlink: /home/common/colcon_ws/install/turtlebot3_msgs/include/turtlebot3_msgs/msg/sound.h
[1.663s] -- Up-to-date symlink: /home/common/colcon_ws/install/turtlebot3_msgs/include/turtlebot3_msgs/msg/sound__functions.h
[1.663s] -- Up-to-date symlink: /home/common/colcon_ws/install/turtlebot3_msgs/include/turtlebot3_msgs/msg/sound__struct.h
[1.663s] -- Up-to-date symlink: /home/common/colcon_ws/install/turtlebot3_msgs/include/turtlebot3_msgs/msg/sound__type_support.h
[1.663s] -- Up-to-date symlink: /home/common/colcon_ws/install/turtlebot3_msgs/include/turtlebot3_msgs/msg/version_info.h
[1.664s] -- Up-to-date symlink: /home/common/colcon_ws/install/turtlebot3_msgs/include/turtlebot3_msgs/msg/version_info__functions.h
[1.664s] -- Up-to-date symlink: /home/common/colcon_ws/install/turtlebot3_msgs/include/turtlebot3_msgs/msg/version_info__struct.h
[1.664s] -- Up-to-date symlink: /home/common/colcon_ws/install/turtlebot3_msgs/include/turtlebot3_msgs/msg/version_info__type_support.h
[1.664s] -- Up-to-date symlink: /home/common/colcon_ws/install/turtlebot3_msgs/include/turtlebot3_msgs/srv/sound.h
[1.665s] -- Up-to-date symlink: /home/common/colcon_ws/install/turtlebot3_msgs/include/turtlebot3_msgs/srv/sound__functions.h
[1.665s] -- Up-to-date symlink: /home/common/colcon_ws/install/turtlebot3_msgs/include/turtlebot3_msgs/srv/sound__struct.h
[1.665s] -- Up-to-date symlink: /home/common/colcon_ws/install/turtlebot3_msgs/include/turtlebot3_msgs/srv/sound__type_support.h
[1.666s] -- Up-to-date symlink: /home/common/colcon_ws/install/turtlebot3_msgs/lib/libturtlebot3_msgs__rosidl_generator_c.so
[1.667s] -- Up-to-date symlink: /home/common/colcon_ws/install/turtlebot3_msgs/include/turtlebot3_msgs/msg/rosidl_typesupport_fastrtps_cpp__visibility_control.h
[1.667s] -- Up-to-date symlink: /home/common/colcon_ws/install/turtlebot3_msgs/include/turtlebot3_msgs/msg/sensor_state__rosidl_typesupport_fastrtps_cpp.hpp
[1.667s] -- Up-to-date symlink: /home/common/colcon_ws/install/turtlebot3_msgs/include/turtlebot3_msgs/msg/sound__rosidl_typesupport_fastrtps_cpp.hpp
[1.668s] -- Up-to-date symlink: /home/common/colcon_ws/install/turtlebot3_msgs/include/turtlebot3_msgs/msg/version_info__rosidl_typesupport_fastrtps_cpp.hpp
[1.668s] -- Up-to-date symlink: /home/common/colcon_ws/install/turtlebot3_msgs/include/turtlebot3_msgs/srv/sound__rosidl_typesupport_fastrtps_cpp.hpp
[1.669s] -- Up-to-date symlink: /home/common/colcon_ws/install/turtlebot3_msgs/lib/libturtlebot3_msgs__rosidl_typesupport_fastrtps_cpp.so
[1.670s] -- Up-to-date symlink: /home/common/colcon_ws/install/turtlebot3_msgs/include/turtlebot3_msgs/msg/sensor_state.hpp
[1.670s] -- Up-to-date symlink: /home/common/colcon_ws/install/turtlebot3_msgs/include/turtlebot3_msgs/msg/sensor_state__struct.hpp
[1.670s] -- Up-to-date symlink: /home/common/colcon_ws/install/turtlebot3_msgs/include/turtlebot3_msgs/msg/sensor_state__traits.hpp
[1.670s] -- Up-to-date symlink: /home/common/colcon_ws/install/turtlebot3_msgs/include/turtlebot3_msgs/msg/sound.hpp
[1.671s] -- Up-to-date symlink: /home/common/colcon_ws/install/turtlebot3_msgs/include/turtlebot3_msgs/msg/sound__struct.hpp
[1.671s] -- Up-to-date symlink: /home/common/colcon_ws/install/turtlebot3_msgs/include/turtlebot3_msgs/msg/sound__traits.hpp
[1.671s] -- Up-to-date symlink: /home/common/colcon_ws/install/turtlebot3_msgs/include/turtlebot3_msgs/msg/version_info.hpp
[1.671s] -- Up-to-date symlink: /home/common/colcon_ws/install/turtlebot3_msgs/include/turtlebot3_msgs/msg/version_info__struct.hpp
[1.672s] -- Up-to-date symlink: /home/common/colcon_ws/install/turtlebot3_msgs/include/turtlebot3_msgs/msg/version_info__traits.hpp
[1.672s] -- Up-to-date symlink: /home/common/colcon_ws/install/turtlebot3_msgs/include/turtlebot3_msgs/srv/sound.hpp
[1.672s] -- Up-to-date symlink: /home/common/colcon_ws/install/turtlebot3_msgs/include/turtlebot3_msgs/srv/sound__struct.hpp
[1.673s] -- Up-to-date symlink: /home/common/colcon_ws/install/turtlebot3_msgs/include/turtlebot3_msgs/srv/sound__traits.hpp
[1.673s] -- Up-to-date symlink: /home/common/colcon_ws/install/turtlebot3_msgs/include/turtlebot3_msgs/msg/rosidl_typesupport_introspection_c__visibility_control.h
[1.674s] -- Up-to-date symlink: /home/common/colcon_ws/install/turtlebot3_msgs/include/turtlebot3_msgs/msg/sensor_state__rosidl_typesupport_introspection_c.h
[1.674s] -- Up-to-date symlink: /home/common/colcon_ws/install/turtlebot3_msgs/include/turtlebot3_msgs/msg/sound__rosidl_typesupport_introspection_c.h
[1.674s] -- Up-to-date symlink: /home/common/colcon_ws/install/turtlebot3_msgs/include/turtlebot3_msgs/msg/version_info__rosidl_typesupport_introspection_c.h
[1.675s] -- Up-to-date symlink: /home/common/colcon_ws/install/turtlebot3_msgs/include/turtlebot3_msgs/srv/sound__rosidl_typesupport_introspection_c.h
[1.675s] -- Up-to-date symlink: /home/common/colcon_ws/install/turtlebot3_msgs/lib/libturtlebot3_msgs__rosidl_typesupport_introspection_c.so
[1.676s] -- Up-to-date symlink: /home/common/colcon_ws/install/turtlebot3_msgs/include/turtlebot3_msgs/msg/sensor_state__rosidl_typesupport_introspection_cpp.hpp
[1.676s] -- Up-to-date symlink: /home/common/colcon_ws/install/turtlebot3_msgs/include/turtlebot3_msgs/msg/sound__rosidl_typesupport_introspection_cpp.hpp
[1.677s] -- Up-to-date symlink: /home/common/colcon_ws/install/turtlebot3_msgs/include/turtlebot3_msgs/msg/version_info__rosidl_typesupport_introspection_cpp.hpp
[1.677s] -- Up-to-date symlink: /home/common/colcon_ws/install/turtlebot3_msgs/include/turtlebot3_msgs/srv/sound__rosidl_typesupport_introspection_cpp.hpp
[1.677s] -- Up-to-date symlink: /home/common/colcon_ws/install/turtlebot3_msgs/lib/libturtlebot3_msgs__rosidl_typesupport_introspection_cpp.so
[1.678s] -- Up-to-date symlink: /home/common/colcon_ws/install/turtlebot3_msgs/share/turtlebot3_msgs/environment/pythonpath.sh
[1.678s] -- Up-to-date symlink: /home/common/colcon_ws/install/turtlebot3_msgs/lib/python3.6/site-packages/turtlebot3_msgs/__init__.py
[1.679s] -- Up-to-date symlink: /home/common/colcon_ws/install/turtlebot3_msgs/lib/python3.6/site-packages/turtlebot3_msgs/msg/__init__.py
[1.679s] -- Up-to-date symlink: /home/common/colcon_ws/install/turtlebot3_msgs/lib/python3.6/site-packages/turtlebot3_msgs/msg/_sensor_state.py
[1.680s] -- Up-to-date symlink: /home/common/colcon_ws/install/turtlebot3_msgs/lib/python3.6/site-packages/turtlebot3_msgs/msg/_sound.py
[1.680s] -- Up-to-date symlink: /home/common/colcon_ws/install/turtlebot3_msgs/lib/python3.6/site-packages/turtlebot3_msgs/msg/_version_info.py
[1.681s] -- Up-to-date symlink: /home/common/colcon_ws/install/turtlebot3_msgs/lib/python3.6/site-packages/turtlebot3_msgs/srv/__init__.py
[1.681s] -- Up-to-date symlink: /home/common/colcon_ws/install/turtlebot3_msgs/lib/python3.6/site-packages/turtlebot3_msgs/srv/_sound.py
[1.682s] -- Up-to-date symlink: /home/common/colcon_ws/install/turtlebot3_msgs/lib/python3.6/site-packages/turtlebot3_msgs/turtlebot3_msgs_s__rosidl_typesupport_c.cpython-36m-x86_64-linux-gnu.so
[1.682s] -- Up-to-date symlink: /home/common/colcon_ws/install/turtlebot3_msgs/lib/python3.6/site-packages/turtlebot3_msgs/turtlebot3_msgs_s__rosidl_typesupport_fastrtps_c.cpython-36m-x86_64-linux-gnu.so
[1.683s] -- Up-to-date symlink: /home/common/colcon_ws/install/turtlebot3_msgs/lib/libturtlebot3_msgs__python.so
[1.683s] -- Up-to-date symlink: /home/common/colcon_ws/install/turtlebot3_msgs/share/turtlebot3_msgs/msg/SensorState.idl
[1.684s] -- Up-to-date symlink: /home/common/colcon_ws/install/turtlebot3_msgs/share/turtlebot3_msgs/msg/Sound.idl
[1.684s] -- Up-to-date symlink: /home/common/colcon_ws/install/turtlebot3_msgs/share/turtlebot3_msgs/msg/VersionInfo.idl
[1.684s] -- Up-to-date symlink: /home/common/colcon_ws/install/turtlebot3_msgs/share/turtlebot3_msgs/srv/Sound.idl
[1.685s] -- Up-to-date symlink: /home/common/colcon_ws/install/turtlebot3_msgs/share/turtlebot3_msgs/msg/SensorState.msg
[1.685s] -- Up-to-date symlink: /home/common/colcon_ws/install/turtlebot3_msgs/share/turtlebot3_msgs/msg/Sound.msg
[1.686s] -- Up-to-date symlink: /home/common/colcon_ws/install/turtlebot3_msgs/share/turtlebot3_msgs/msg/VersionInfo.msg
[1.686s] -- Up-to-date symlink: /home/common/colcon_ws/install/turtlebot3_msgs/share/turtlebot3_msgs/srv/Sound.srv
[1.687s] -- Up-to-date symlink: /home/common/colcon_ws/install/turtlebot3_msgs/share/turtlebot3_msgs/srv/Sound_Request.msg
[1.687s] -- Up-to-date symlink: /home/common/colcon_ws/install/turtlebot3_msgs/share/turtlebot3_msgs/srv/Sound_Response.msg
[1.687s] -- Up-to-date symlink: /home/common/colcon_ws/install/turtlebot3_msgs/share/ament_index/resource_index/package_run_dependencies/turtlebot3_msgs
[1.688s] -- Up-to-date symlink: /home/common/colcon_ws/install/turtlebot3_msgs/share/ament_index/resource_index/parent_prefix_path/turtlebot3_msgs
[1.689s] -- Up-to-date symlink: /home/common/colcon_ws/install/turtlebot3_msgs/share/turtlebot3_msgs/environment/ament_prefix_path.sh
[1.689s] -- Up-to-date symlink: /home/common/colcon_ws/install/turtlebot3_msgs/share/turtlebot3_msgs/environment/path.sh
[1.689s] -- Up-to-date symlink: /home/common/colcon_ws/install/turtlebot3_msgs/share/turtlebot3_msgs/local_setup.bash
[1.690s] -- Up-to-date symlink: /home/common/colcon_ws/install/turtlebot3_msgs/share/turtlebot3_msgs/local_setup.sh
[1.691s] -- Up-to-date symlink: /home/common/colcon_ws/install/turtlebot3_msgs/share/turtlebot3_msgs/local_setup.zsh
[1.691s] -- Up-to-date symlink: /home/common/colcon_ws/install/turtlebot3_msgs/share/ament_index/resource_index/packages/turtlebot3_msgs
[1.692s] -- Up-to-date symlink: /home/common/colcon_ws/install/turtlebot3_msgs/share/turtlebot3_msgs/cmake/rosidl_cmake-extras.cmake
[1.692s] -- Up-to-date symlink: /home/common/colcon_ws/install/turtlebot3_msgs/share/turtlebot3_msgs/cmake/ament_cmake_export_dependencies-extras.cmake
[1.693s] -- Up-to-date symlink: /home/common/colcon_ws/install/turtlebot3_msgs/share/turtlebot3_msgs/cmake/ament_cmake_export_libraries-extras.cmake
[1.693s] -- Up-to-date symlink: /home/common/colcon_ws/install/turtlebot3_msgs/share/turtlebot3_msgs/cmake/ament_cmake_export_include_directories-extras.cmake
[1.693s] -- Up-to-date symlink: /home/common/colcon_ws/install/turtlebot3_msgs/share/turtlebot3_msgs/cmake/turtlebot3_msgsConfig.cmake
[1.694s] -- Up-to-date symlink: /home/common/colcon_ws/install/turtlebot3_msgs/share/turtlebot3_msgs/cmake/turtlebot3_msgsConfig-version.cmake
[1.694s] -- Up-to-date symlink: /home/common/colcon_ws/install/turtlebot3_msgs/share/turtlebot3_msgs/package.xml
