[0.190s] [ 85%] Built target turtlebot3_node_lib
[0.253s] [100%] Built target turtlebot3_ros
[0.662s] [ 85%] Built target turtlebot3_node_lib
[0.711s] [100%] Built target turtlebot3_ros
[0.748s] [36mInstall the project...[0m
[0.768s] -- Install configuration: ""
[0.769s] -- Execute custom install script
[0.773s] -- Up-to-date symlink: /home/common/colcon_ws/install/turtlebot3_node/share/turtlebot3_node/param/burger.yaml
[0.774s] -- Up-to-date symlink: /home/common/colcon_ws/install/turtlebot3_node/share/turtlebot3_node/param/waffle.yaml
[0.774s] -- Up-to-date symlink: /home/common/colcon_ws/install/turtlebot3_node/share/turtlebot3_node/param/waffle_pi.yaml
[0.775s] -- Up-to-date symlink: /home/common/colcon_ws/install/turtlebot3_node/lib/turtlebot3_node/turtlebot3_ros
[0.776s] -- Up-to-date symlink: /home/common/colcon_ws/install/turtlebot3_node/share/ament_index/resource_index/package_run_dependencies/turtlebot3_node
[0.777s] -- Up-to-date symlink: /home/common/colcon_ws/install/turtlebot3_node/share/ament_index/resource_index/parent_prefix_path/turtlebot3_node
[0.778s] -- Up-to-date symlink: /home/common/colcon_ws/install/turtlebot3_node/share/turtlebot3_node/environment/ament_prefix_path.sh
[0.779s] -- Up-to-date symlink: /home/common/colcon_ws/install/turtlebot3_node/share/turtlebot3_node/environment/path.sh
[0.780s] -- Up-to-date symlink: /home/common/colcon_ws/install/turtlebot3_node/share/turtlebot3_node/local_setup.bash
[0.780s] -- Up-to-date symlink: /home/common/colcon_ws/install/turtlebot3_node/share/turtlebot3_node/local_setup.sh
[0.781s] -- Up-to-date symlink: /home/common/colcon_ws/install/turtlebot3_node/share/turtlebot3_node/local_setup.zsh
[0.783s] -- Up-to-date symlink: /home/common/colcon_ws/install/turtlebot3_node/share/ament_index/resource_index/packages/turtlebot3_node
[0.783s] -- Up-to-date symlink: /home/common/colcon_ws/install/turtlebot3_node/share/turtlebot3_node/cmake/ament_cmake_export_include_directories-extras.cmake
[0.784s] -- Up-to-date symlink: /home/common/colcon_ws/install/turtlebot3_node/share/turtlebot3_node/cmake/turtlebot3_nodeConfig.cmake
[0.784s] -- Up-to-date symlink: /home/common/colcon_ws/install/turtlebot3_node/share/turtlebot3_node/cmake/turtlebot3_nodeConfig-version.cmake
[0.785s] -- Up-to-date symlink: /home/common/colcon_ws/install/turtlebot3_node/share/turtlebot3_node/package.xml
