[0.016s] Invoking command in '/home/common/colcon_ws/build/moveit_msgs': CMAKE_PREFIX_PATH=/home/common/colcon_ws/install/octomap_msgs:/home/common/colcon_ws/install/object_recognition_msgs:/opt/ros/melodic:/home/common/colcon_ws/install/turtlebot3:/home/common/colcon_ws/install/turtlebot3_simulations:/home/common/colcon_ws/install/turtlebot3_bringup:/home/common/colcon_ws/install/turtlebot3_node:/home/common/colcon_ws/install/turtlebot3_navigation2:/home/common/colcon_ws/install/turtlebot3_fake_node:/home/common/colcon_ws/install/doublenode:/home/common/colcon_ws/install/turtlebot3_msgs:/home/common/colcon_ws/install/turtlebot3_gazebo:/home/common/colcon_ws/install/turtlebot3_description:/home/common/colcon_ws/install/turtlebot3_cartographer:/home/common/colcon_ws/install/tms_ss_vicon:/home/common/colcon_ws/install/tms_rc_tfnode:/home/common/colcon_ws/install/tms_rc_bot:/home/common/colcon_ws/install/tms_nw_rp:/home/common/colcon_ws/install/tms_msg_ur:/home/common/colcon_ws/install/tms_msg_ts:/home/common/colcon_ws/install/tms_msg_ss:/home/common/colcon_ws/install/tms_msg_rc:/home/common/colcon_ws/install/tms_msg_db:/home/common/colcon_ws/install/hls_lfcd_lds_driver:/home/common/colcon_ws/install/examples_rclcpp_minimal_timer:/home/common/colcon_ws/install/examples_rclcpp_minimal_subscriber:/home/common/colcon_ws/install/examples_rclcpp_minimal_service:/home/common/colcon_ws/install/examples_rclcpp_minimal_publisher:/home/common/colcon_ws/install/examples_rclcpp_minimal_composition:/home/common/colcon_ws/install/examples_rclcpp_minimal_client:/home/common/colcon_ws/install/examples_rclcpp_minimal_action_server:/home/common/colcon_ws/install/examples_rclcpp_minimal_action_client:/home/common/colcon_ws/install/dynamixel_sdk LD_LIBRARY_PATH=/home/common/colcon_ws/install/octomap_msgs/lib:/home/common/colcon_ws/install/object_recognition_msgs/lib:/opt/ros/melodic/lib:/home/common/colcon_ws/install/turtlebot3_msgs/lib:/home/common/colcon_ws/install/tms_nw_rp/lib:/home/common/colcon_ws/install/tms_msg_ur/lib:/home/common/colcon_ws/install/tms_msg_ts/lib:/home/common/colcon_ws/install/tms_msg_ss/lib:/home/common/colcon_ws/install/tms_msg_rc/lib:/home/common/colcon_ws/install/tms_msg_db/lib:/home/common/colcon_ws/install/examples_rclcpp_minimal_composition/lib:/home/common/colcon_ws/install/dynamixel_sdk/lib:/opt/ros/dashing/opt/yaml_cpp_vendor/lib:/opt/ros/dashing/opt/rviz_ogre_vendor/lib:/opt/ros/dashing/lib:/usr/include:/usr/include/omniORB4 PYTHONPATH=/home/common/colcon_ws/install/octomap_msgs/lib/python3.6/site-packages:/home/common/colcon_ws/install/object_recognition_msgs/lib/python3.6/site-packages:/home/common/colcon_ws/build/turtlebot3_teleop:/home/common/colcon_ws/build/tms_ur_speaker:/home/common/colcon_ws/build/tms_ur_listener:/home/common/colcon_ws/build/tms_ts_ts:/home/common/colcon_ws/build/tms_ts_test:/home/common/colcon_ws/build/tms_ts_subtask:/home/common/colcon_ws/build/tms_ss_whs1:/home/common/colcon_ws/build/tms_rc_double:/home/common/colcon_ws/build/tms_db_manager:/opt/ros/melodic/lib/python2.7/dist-packages:/home/common/colcon_ws/install/turtlebot3_teleop/lib/python3.6/site-packages:/home/common/colcon_ws/install/turtlebot3_msgs/lib/python3.6/site-packages:/home/common/colcon_ws/install/tms_ur_speaker/lib/python3.6/site-packages:/home/common/colcon_ws/install/tms_ur_listener/lib/python3.6/site-packages:/home/common/colcon_ws/install/tms_ts_ts/lib/python3.6/site-packages:/home/common/colcon_ws/install/tms_ts_test/lib/python3.6/site-packages:/home/common/colcon_ws/install/tms_ts_subtask/lib/python3.6/site-packages:/home/common/colcon_ws/install/tms_ss_whs1/lib/python3.6/site-packages:/home/common/colcon_ws/install/tms_rc_double/lib/python3.6/site-packages:/home/common/colcon_ws/install/tms_nw_rp/lib/python3.6/site-packages:/home/common/colcon_ws/install/tms_msg_ur/lib/python3.6/site-packages:/home/common/colcon_ws/install/tms_msg_ts/lib/python3.6/site-packages:/home/common/colcon_ws/install/tms_msg_ss/lib/python3.6/site-packages:/home/common/colcon_ws/install/tms_msg_rc/lib/python3.6/site-packages:/home/common/colcon_ws/install/tms_db_manager/lib/python3.6/site-packages:/home/common/colcon_ws/install/tms_msg_db/lib/python3.6/site-packages:/opt/ros/dashing/lib/python3.6/site-packages /usr/bin/cmake /home/common/colcon_ws/src/ros_tms/moveit_msgs -DCATKIN_INSTALL_INTO_PREFIX_ROOT=0 -DCMAKE_INSTALL_PREFIX=/home/common/colcon_ws/install/moveit_msgs
[0.033s] -- Using CATKIN_DEVEL_PREFIX: /home/common/colcon_ws/build/moveit_msgs/devel
[0.033s] -- Using CMAKE_PREFIX_PATH: /home/common/colcon_ws/install/octomap_msgs;/home/common/colcon_ws/install/object_recognition_msgs;/opt/ros/melodic;/home/common/colcon_ws/install/turtlebot3;/home/common/colcon_ws/install/turtlebot3_simulations;/home/common/colcon_ws/install/turtlebot3_bringup;/home/common/colcon_ws/install/turtlebot3_node;/home/common/colcon_ws/install/turtlebot3_navigation2;/home/common/colcon_ws/install/turtlebot3_fake_node;/home/common/colcon_ws/install/doublenode;/home/common/colcon_ws/install/turtlebot3_msgs;/home/common/colcon_ws/install/turtlebot3_gazebo;/home/common/colcon_ws/install/turtlebot3_description;/home/common/colcon_ws/install/turtlebot3_cartographer;/home/common/colcon_ws/install/tms_ss_vicon;/home/common/colcon_ws/install/tms_rc_tfnode;/home/common/colcon_ws/install/tms_rc_bot;/home/common/colcon_ws/install/tms_nw_rp;/home/common/colcon_ws/install/tms_msg_ur;/home/common/colcon_ws/install/tms_msg_ts;/home/common/colcon_ws/install/tms_msg_ss;/home/common/colcon_ws/install/tms_msg_rc;/home/common/colcon_ws/install/tms_msg_db;/home/common/colcon_ws/install/hls_lfcd_lds_driver;/home/common/colcon_ws/install/examples_rclcpp_minimal_timer;/home/common/colcon_ws/install/examples_rclcpp_minimal_subscriber;/home/common/colcon_ws/install/examples_rclcpp_minimal_service;/home/common/colcon_ws/install/examples_rclcpp_minimal_publisher;/home/common/colcon_ws/install/examples_rclcpp_minimal_composition;/home/common/colcon_ws/install/examples_rclcpp_minimal_client;/home/common/colcon_ws/install/examples_rclcpp_minimal_action_server;/home/common/colcon_ws/install/examples_rclcpp_minimal_action_client;/home/common/colcon_ws/install/dynamixel_sdk
[0.033s] -- This workspace overlays: /opt/ros/melodic
[0.068s] -- Found PythonInterp: /usr/bin/python3 (found version "3.6.9") 
[0.069s] -- Using PYTHON_EXECUTABLE: /usr/bin/python3
[0.069s] -- Using Debian Python package layout
[0.069s] -- Using empy: /usr/bin/empy
[0.176s] -- Using CATKIN_ENABLE_TESTING: ON
[0.176s] -- Call enable_testing()
[0.177s] -- Using CATKIN_TEST_RESULTS_DIR: /home/common/colcon_ws/build/moveit_msgs/test_results
[0.196s] -- Found gtest sources under '/usr/src/googletest': gtests will be built
[0.196s] -- Found gmock sources under '/usr/src/googletest': gmock will be built
[0.231s] -- Looking for pthread.h
[0.288s] -- Looking for pthread.h - found
[0.288s] -- Looking for pthread_create
[0.347s] -- Looking for pthread_create - not found
[0.347s] -- Looking for pthread_create in pthreads
[0.395s] -- Looking for pthread_create in pthreads - not found
[0.395s] -- Looking for pthread_create in pthread
[0.455s] -- Looking for pthread_create in pthread - found
[0.456s] -- Found Threads: TRUE  
[0.461s] -- Using Python nosetests: /usr/bin/nosetests
[0.527s] -- catkin 0.7.19
[0.527s] -- BUILD_SHARED_LIBS is on
[0.741s] Traceback (most recent call last):
[0.741s]   File "/home/common/colcon_ws/build/moveit_msgs/catkin_generated/generate_cached_setup.py", line 22, in <module>
[0.741s]     code = generate_environment_script('/home/common/colcon_ws/build/moveit_msgs/devel/env.sh')
[0.741s]   File "/opt/ros/melodic/lib/python2.7/dist-packages/catkin/environment_cache.py", line 62, in generate_environment_script
[0.742s]     env_after = ast.literal_eval(output.decode('utf8'))
[0.742s]   File "/usr/lib/python3.6/ast.py", line 48, in literal_eval
[0.742s]     node_or_string = parse(node_or_string, mode='eval')
[0.742s]   File "/usr/lib/python3.6/ast.py", line 35, in parse
[0.742s]     return compile(source, filename, mode, PyCF_ONLY_AST)
[0.742s]   File "<unknown>", line 1
[0.742s]     ROS_DISTRO was set to 'dashing' before. Please make sure that the environment does not mix paths from different distributions.
[0.742s]                  ^
[0.742s] SyntaxError: invalid syntax
[0.749s] CMake Error at /opt/ros/melodic/share/catkin/cmake/safe_execute_process.cmake:11 (message):
[0.749s]   execute_process(/usr/bin/python3
[0.749s]   "/home/common/colcon_ws/build/moveit_msgs/catkin_generated/generate_cached_setup.py")
[0.749s]   returned error code 1
[0.749s] Call Stack (most recent call first):
[0.749s]   /opt/ros/melodic/share/catkin/cmake/all.cmake:208 (safe_execute_process)
[0.750s]   /opt/ros/melodic/share/catkin/cmake/catkinConfig.cmake:20 (include)
[0.750s]   CMakeLists.txt:14 (find_package)
[0.750s] 
[0.750s] 
[0.750s] -- Configuring incomplete, errors occurred!
[0.750s] See also "/home/common/colcon_ws/build/moveit_msgs/CMakeFiles/CMakeOutput.log".
[0.750s] See also "/home/common/colcon_ws/build/moveit_msgs/CMakeFiles/CMakeError.log".
[0.753s] Invoked command in '/home/common/colcon_ws/build/moveit_msgs' returned '1': CMAKE_PREFIX_PATH=/home/common/colcon_ws/install/octomap_msgs:/home/common/colcon_ws/install/object_recognition_msgs:/opt/ros/melodic:/home/common/colcon_ws/install/turtlebot3:/home/common/colcon_ws/install/turtlebot3_simulations:/home/common/colcon_ws/install/turtlebot3_bringup:/home/common/colcon_ws/install/turtlebot3_node:/home/common/colcon_ws/install/turtlebot3_navigation2:/home/common/colcon_ws/install/turtlebot3_fake_node:/home/common/colcon_ws/install/doublenode:/home/common/colcon_ws/install/turtlebot3_msgs:/home/common/colcon_ws/install/turtlebot3_gazebo:/home/common/colcon_ws/install/turtlebot3_description:/home/common/colcon_ws/install/turtlebot3_cartographer:/home/common/colcon_ws/install/tms_ss_vicon:/home/common/colcon_ws/install/tms_rc_tfnode:/home/common/colcon_ws/install/tms_rc_bot:/home/common/colcon_ws/install/tms_nw_rp:/home/common/colcon_ws/install/tms_msg_ur:/home/common/colcon_ws/install/tms_msg_ts:/home/common/colcon_ws/install/tms_msg_ss:/home/common/colcon_ws/install/tms_msg_rc:/home/common/colcon_ws/install/tms_msg_db:/home/common/colcon_ws/install/hls_lfcd_lds_driver:/home/common/colcon_ws/install/examples_rclcpp_minimal_timer:/home/common/colcon_ws/install/examples_rclcpp_minimal_subscriber:/home/common/colcon_ws/install/examples_rclcpp_minimal_service:/home/common/colcon_ws/install/examples_rclcpp_minimal_publisher:/home/common/colcon_ws/install/examples_rclcpp_minimal_composition:/home/common/colcon_ws/install/examples_rclcpp_minimal_client:/home/common/colcon_ws/install/examples_rclcpp_minimal_action_server:/home/common/colcon_ws/install/examples_rclcpp_minimal_action_client:/home/common/colcon_ws/install/dynamixel_sdk LD_LIBRARY_PATH=/home/common/colcon_ws/install/octomap_msgs/lib:/home/common/colcon_ws/install/object_recognition_msgs/lib:/opt/ros/melodic/lib:/home/common/colcon_ws/install/turtlebot3_msgs/lib:/home/common/colcon_ws/install/tms_nw_rp/lib:/home/common/colcon_ws/install/tms_msg_ur/lib:/home/common/colcon_ws/install/tms_msg_ts/lib:/home/common/colcon_ws/install/tms_msg_ss/lib:/home/common/colcon_ws/install/tms_msg_rc/lib:/home/common/colcon_ws/install/tms_msg_db/lib:/home/common/colcon_ws/install/examples_rclcpp_minimal_composition/lib:/home/common/colcon_ws/install/dynamixel_sdk/lib:/opt/ros/dashing/opt/yaml_cpp_vendor/lib:/opt/ros/dashing/opt/rviz_ogre_vendor/lib:/opt/ros/dashing/lib:/usr/include:/usr/include/omniORB4 PYTHONPATH=/home/common/colcon_ws/install/octomap_msgs/lib/python3.6/site-packages:/home/common/colcon_ws/install/object_recognition_msgs/lib/python3.6/site-packages:/home/common/colcon_ws/build/turtlebot3_teleop:/home/common/colcon_ws/build/tms_ur_speaker:/home/common/colcon_ws/build/tms_ur_listener:/home/common/colcon_ws/build/tms_ts_ts:/home/common/colcon_ws/build/tms_ts_test:/home/common/colcon_ws/build/tms_ts_subtask:/home/common/colcon_ws/build/tms_ss_whs1:/home/common/colcon_ws/build/tms_rc_double:/home/common/colcon_ws/build/tms_db_manager:/opt/ros/melodic/lib/python2.7/dist-packages:/home/common/colcon_ws/install/turtlebot3_teleop/lib/python3.6/site-packages:/home/common/colcon_ws/install/turtlebot3_msgs/lib/python3.6/site-packages:/home/common/colcon_ws/install/tms_ur_speaker/lib/python3.6/site-packages:/home/common/colcon_ws/install/tms_ur_listener/lib/python3.6/site-packages:/home/common/colcon_ws/install/tms_ts_ts/lib/python3.6/site-packages:/home/common/colcon_ws/install/tms_ts_test/lib/python3.6/site-packages:/home/common/colcon_ws/install/tms_ts_subtask/lib/python3.6/site-packages:/home/common/colcon_ws/install/tms_ss_whs1/lib/python3.6/site-packages:/home/common/colcon_ws/install/tms_rc_double/lib/python3.6/site-packages:/home/common/colcon_ws/install/tms_nw_rp/lib/python3.6/site-packages:/home/common/colcon_ws/install/tms_msg_ur/lib/python3.6/site-packages:/home/common/colcon_ws/install/tms_msg_ts/lib/python3.6/site-packages:/home/common/colcon_ws/install/tms_msg_ss/lib/python3.6/site-packages:/home/common/colcon_ws/install/tms_msg_rc/lib/python3.6/site-packages:/home/common/colcon_ws/install/tms_db_manager/lib/python3.6/site-packages:/home/common/colcon_ws/install/tms_msg_db/lib/python3.6/site-packages:/opt/ros/dashing/lib/python3.6/site-packages /usr/bin/cmake /home/common/colcon_ws/src/ros_tms/moveit_msgs -DCATKIN_INSTALL_INTO_PREFIX_ROOT=0 -DCMAKE_INSTALL_PREFIX=/home/common/colcon_ws/install/moveit_msgs
