[0.142s] [ 50%] Built target timer_lambda
[0.151s] [100%] Built target timer_member_function
[0.352s] [ 50%] Built target timer_member_function
[0.362s] [100%] Built target timer_lambda
[0.391s] [36mInstall the project...[0m
[0.406s] -- Install configuration: ""
[0.407s] -- Execute custom install script
[0.409s] -- Up-to-date symlink: /home/common/colcon_ws/install/examples_rclcpp_minimal_timer/lib/examples_rclcpp_minimal_timer/timer_lambda
[0.410s] -- Up-to-date symlink: /home/common/colcon_ws/install/examples_rclcpp_minimal_timer/lib/examples_rclcpp_minimal_timer/timer_member_function
[0.410s] -- Up-to-date symlink: /home/common/colcon_ws/install/examples_rclcpp_minimal_timer/share/ament_index/resource_index/package_run_dependencies/examples_rclcpp_minimal_timer
[0.410s] -- Up-to-date symlink: /home/common/colcon_ws/install/examples_rclcpp_minimal_timer/share/ament_index/resource_index/parent_prefix_path/examples_rclcpp_minimal_timer
[0.412s] -- Up-to-date symlink: /home/common/colcon_ws/install/examples_rclcpp_minimal_timer/share/examples_rclcpp_minimal_timer/environment/ament_prefix_path.sh
[0.414s] -- Up-to-date symlink: /home/common/colcon_ws/install/examples_rclcpp_minimal_timer/share/examples_rclcpp_minimal_timer/environment/path.sh
[0.415s] -- Up-to-date symlink: /home/common/colcon_ws/install/examples_rclcpp_minimal_timer/share/examples_rclcpp_minimal_timer/local_setup.bash
[0.416s] -- Up-to-date symlink: /home/common/colcon_ws/install/examples_rclcpp_minimal_timer/share/examples_rclcpp_minimal_timer/local_setup.sh
[0.416s] -- Up-to-date symlink: /home/common/colcon_ws/install/examples_rclcpp_minimal_timer/share/examples_rclcpp_minimal_timer/local_setup.zsh
[0.417s] -- Up-to-date symlink: /home/common/colcon_ws/install/examples_rclcpp_minimal_timer/share/ament_index/resource_index/packages/examples_rclcpp_minimal_timer
[0.417s] -- Up-to-date symlink: /home/common/colcon_ws/install/examples_rclcpp_minimal_timer/share/examples_rclcpp_minimal_timer/cmake/examples_rclcpp_minimal_timerConfig.cmake
[0.418s] -- Up-to-date symlink: /home/common/colcon_ws/install/examples_rclcpp_minimal_timer/share/examples_rclcpp_minimal_timer/cmake/examples_rclcpp_minimal_timerConfig-version.cmake
[0.418s] -- Up-to-date symlink: /home/common/colcon_ws/install/examples_rclcpp_minimal_timer/share/examples_rclcpp_minimal_timer/package.xml
