[0.059s] Invoking command in '/home/common/colcon_ws/build/dynamixel_sdk': CMAKE_PREFIX_PATH=/home/common/colcon_ws/install/turtlebot3_teleop:/home/common/colcon_ws/install/tms_ss_whs1:/home/common/colcon_ws/install/tms_rc_double:/opt/ros/dashing:${CMAKE_PREFIX_PATH} /usr/bin/cmake --build /home/common/colcon_ws/build/dynamixel_sdk -- -j8 -l8
[0.138s] [100%] Built target dynamixel_sdk
[0.156s] Invoked command in '/home/common/colcon_ws/build/dynamixel_sdk' returned '0': CMAKE_PREFIX_PATH=/home/common/colcon_ws/install/turtlebot3_teleop:/home/common/colcon_ws/install/tms_ss_whs1:/home/common/colcon_ws/install/tms_rc_double:/opt/ros/dashing:${CMAKE_PREFIX_PATH} /usr/bin/cmake --build /home/common/colcon_ws/build/dynamixel_sdk -- -j8 -l8
[0.375s] Invoking command in '/home/common/colcon_ws/build/dynamixel_sdk': CMAKE_PREFIX_PATH=/home/common/colcon_ws/install/turtlebot3_teleop:/home/common/colcon_ws/install/tms_ss_whs1:/home/common/colcon_ws/install/tms_rc_double:/opt/ros/dashing:${CMAKE_PREFIX_PATH} /usr/bin/cmake --build /home/common/colcon_ws/build/dynamixel_sdk --target install -- -j8 -l8
[0.448s] [100%] Built target dynamixel_sdk
[0.476s] [36mInstall the project...[0m
[0.489s] -- Install configuration: ""
[0.489s] -- Execute custom install script
[0.490s] -- Up-to-date symlink: /home/common/colcon_ws/install/dynamixel_sdk/include//dynamixel_sdk/dynamixel_sdk.h
[0.490s] -- Up-to-date symlink: /home/common/colcon_ws/install/dynamixel_sdk/include//dynamixel_sdk/group_bulk_read.h
[0.491s] -- Up-to-date symlink: /home/common/colcon_ws/install/dynamixel_sdk/include//dynamixel_sdk/group_bulk_write.h
[0.491s] -- Up-to-date symlink: /home/common/colcon_ws/install/dynamixel_sdk/include//dynamixel_sdk/group_sync_read.h
[0.491s] -- Up-to-date symlink: /home/common/colcon_ws/install/dynamixel_sdk/include//dynamixel_sdk/group_sync_write.h
[0.491s] -- Up-to-date symlink: /home/common/colcon_ws/install/dynamixel_sdk/include//dynamixel_sdk/packet_handler.h
[0.492s] -- Up-to-date symlink: /home/common/colcon_ws/install/dynamixel_sdk/include//dynamixel_sdk/port_handler.h
[0.492s] -- Up-to-date symlink: /home/common/colcon_ws/install/dynamixel_sdk/include//dynamixel_sdk/port_handler_arduino.h
[0.492s] -- Up-to-date symlink: /home/common/colcon_ws/install/dynamixel_sdk/include//dynamixel_sdk/port_handler_linux.h
[0.492s] -- Up-to-date symlink: /home/common/colcon_ws/install/dynamixel_sdk/include//dynamixel_sdk/port_handler_mac.h
[0.493s] -- Up-to-date symlink: /home/common/colcon_ws/install/dynamixel_sdk/include//dynamixel_sdk/port_handler_windows.h
[0.493s] -- Up-to-date symlink: /home/common/colcon_ws/install/dynamixel_sdk/include//dynamixel_sdk/protocol1_packet_handler.h
[0.493s] -- Up-to-date symlink: /home/common/colcon_ws/install/dynamixel_sdk/include//dynamixel_sdk/protocol2_packet_handler.h
[0.494s] -- Up-to-date symlink: /home/common/colcon_ws/install/dynamixel_sdk/lib/libdynamixel_sdk.so
[0.494s] -- Up-to-date symlink: /home/common/colcon_ws/install/dynamixel_sdk/share/dynamixel_sdk/environment/library_path.sh
[0.494s] -- Up-to-date symlink: /home/common/colcon_ws/install/dynamixel_sdk/share/ament_index/resource_index/package_run_dependencies/dynamixel_sdk
[0.495s] -- Up-to-date symlink: /home/common/colcon_ws/install/dynamixel_sdk/share/ament_index/resource_index/parent_prefix_path/dynamixel_sdk
[0.495s] -- Up-to-date symlink: /home/common/colcon_ws/install/dynamixel_sdk/share/dynamixel_sdk/environment/ament_prefix_path.sh
[0.495s] -- Up-to-date symlink: /home/common/colcon_ws/install/dynamixel_sdk/share/dynamixel_sdk/environment/path.sh
[0.496s] -- Up-to-date symlink: /home/common/colcon_ws/install/dynamixel_sdk/share/dynamixel_sdk/local_setup.bash
[0.496s] -- Up-to-date symlink: /home/common/colcon_ws/install/dynamixel_sdk/share/dynamixel_sdk/local_setup.sh
[0.496s] -- Up-to-date symlink: /home/common/colcon_ws/install/dynamixel_sdk/share/dynamixel_sdk/local_setup.zsh
[0.497s] -- Up-to-date symlink: /home/common/colcon_ws/install/dynamixel_sdk/share/ament_index/resource_index/packages/dynamixel_sdk
[0.497s] -- Up-to-date symlink: /home/common/colcon_ws/install/dynamixel_sdk/share/dynamixel_sdk/cmake/ament_cmake_export_include_directories-extras.cmake
[0.497s] -- Up-to-date symlink: /home/common/colcon_ws/install/dynamixel_sdk/share/dynamixel_sdk/cmake/ament_cmake_export_libraries-extras.cmake
[0.498s] -- Up-to-date symlink: /home/common/colcon_ws/install/dynamixel_sdk/share/dynamixel_sdk/cmake/dynamixel_sdkConfig.cmake
[0.498s] -- Up-to-date symlink: /home/common/colcon_ws/install/dynamixel_sdk/share/dynamixel_sdk/cmake/dynamixel_sdkConfig-version.cmake
[0.498s] -- Up-to-date symlink: /home/common/colcon_ws/install/dynamixel_sdk/share/dynamixel_sdk/package.xml
[0.736s] Invoked command in '/home/common/colcon_ws/build/dynamixel_sdk' returned '0': CMAKE_PREFIX_PATH=/home/common/colcon_ws/install/turtlebot3_teleop:/home/common/colcon_ws/install/tms_ss_whs1:/home/common/colcon_ws/install/tms_rc_double:/opt/ros/dashing:${CMAKE_PREFIX_PATH} /usr/bin/cmake --build /home/common/colcon_ws/build/dynamixel_sdk --target install -- -j8 -l8
