[0.099s] -- The C compiler identification is GNU 7.4.0
[0.165s] -- The CXX compiler identification is GNU 7.4.0
[0.169s] -- Check for working C compiler: /usr/bin/cc
[0.223s] -- Check for working C compiler: /usr/bin/cc -- works
[0.224s] -- Detecting C compiler ABI info
[0.279s] -- Detecting C compiler ABI info - done
[0.283s] -- Detecting C compile features
[0.467s] -- Detecting C compile features - done
[0.469s] -- Check for working CXX compiler: /usr/bin/c++
[0.550s] -- Check for working CXX compiler: /usr/bin/c++ -- works
[0.550s] -- Detecting CXX compiler ABI info
[0.636s] -- Detecting CXX compiler ABI info - done
[0.641s] -- Detecting CXX compile features
[1.012s] -- Detecting CXX compile features - done
[1.014s] -- Found ament_cmake: 0.7.4 (/opt/ros/dashing/share/ament_cmake/cmake)
[1.059s] -- Found PythonInterp: /usr/bin/python3 (found suitable version "3.6.9", minimum required is "3") 
[1.059s] -- Using PYTHON_EXECUTABLE: /usr/bin/python3
[1.219s] -- Override CMake install command with custom implementation using symlinks instead of copying resources
[1.238s] -- Found rosidl_default_generators: 0.7.0 (/opt/ros/dashing/share/rosidl_default_generators/cmake)
[1.316s] -- Found OpenSSL: /usr/lib/x86_64-linux-gnu/libcrypto.so (found version "1.1.1") 
[1.335s] -- Found FastRTPS: /opt/ros/dashing/include  
[1.347s] -- Found rosidl_adapter: 0.7.8 (/opt/ros/dashing/share/rosidl_adapter/cmake)
[1.404s] -- Found std_msgs: 0.7.0 (/opt/ros/dashing/share/std_msgs/cmake)
[1.416s] -- Found geometry_msgs: 0.7.0 (/opt/ros/dashing/share/geometry_msgs/cmake)
[1.449s] -- Found PythonInterp: /usr/bin/python3 (found version "3.6.9") 
[1.620s] -- Using single matching rosidl_typesupport_c: rosidl_typesupport_fastrtps_c
[1.656s] -- Using single matching rosidl_typesupport_cpp: rosidl_typesupport_fastrtps_cpp
[1.911s] -- Found rmw_implementation_cmake: 0.7.2 (/opt/ros/dashing/share/rmw_implementation_cmake/cmake)
[1.940s] -- Found PythonInterp: /usr/bin/python3 (found suitable version "3.6.9", minimum required is "3.5") 
[1.941s] -- Found python_cmake_module: 0.7.10 (/opt/ros/dashing/share/python_cmake_module/cmake)
[1.974s] -- Found PythonLibs: /usr/lib/x86_64-linux-gnu/libpython3.6m.so (found suitable version "3.6.9", minimum required is "3.5") 
[1.974s] -- Using PYTHON_EXECUTABLE: /usr/bin/python3
[1.974s] -- Using PYTHON_INCLUDE_DIRS: /usr/include/python3.6m
[1.974s] -- Using PYTHON_LIBRARIES: /usr/lib/x86_64-linux-gnu/libpython3.6m.so
[2.001s] -- Found PythonExtra: .so  
[2.150s] -- Configuring done
[2.266s] -- Generating done
[2.269s] -- Build files have been written to: /home/common/colcon_ws/build/octomap_msgs
[2.312s] [35m[1mScanning dependencies of target octomap_msgs__cpp[0m
[2.312s] [  1%] [34m[1mGenerating C code for ROS interfaces[0m
[2.326s] [  3%] [34m[1mGenerating C++ code for ROS interfaces[0m
[2.741s] [  3%] Built target octomap_msgs__cpp
[2.752s] [  5%] [34m[1mGenerating C++ type support for eProsima Fast-RTPS[0m
[2.755s] [  7%] [34m[1mGenerating C++ introspection for ROS interfaces[0m
[2.818s] [35m[1mScanning dependencies of target octomap_msgs__rosidl_generator_c[0m
[2.832s] [  9%] [32mBuilding C object CMakeFiles/octomap_msgs__rosidl_generator_c.dir/rosidl_generator_c/octomap_msgs/msg/octomap__functions.c.o[0m
[2.836s] [ 15%] [32mBuilding C object CMakeFiles/octomap_msgs__rosidl_generator_c.dir/rosidl_generator_c/octomap_msgs/msg/octomap_with_pose__functions.c.o[0m
[2.837s] [ 15%] [32mBuilding C object CMakeFiles/octomap_msgs__rosidl_generator_c.dir/rosidl_generator_c/octomap_msgs/srv/bounding_box_query__functions.c.o[0m
[2.837s] [ 15%] [32mBuilding C object CMakeFiles/octomap_msgs__rosidl_generator_c.dir/rosidl_generator_c/octomap_msgs/srv/get_octomap__functions.c.o[0m
[2.889s] [ 16%] [32m[1mLinking C shared library liboctomap_msgs__rosidl_generator_c.so[0m
[2.939s] [ 16%] Built target octomap_msgs__rosidl_generator_c
[2.951s] [ 18%] [34m[1mGenerating C introspection for ROS interfaces[0m
[3.281s] [35m[1mScanning dependencies of target octomap_msgs__rosidl_typesupport_introspection_cpp[0m
[3.305s] [ 20%] [32mBuilding CXX object CMakeFiles/octomap_msgs__rosidl_typesupport_introspection_cpp.dir/rosidl_typesupport_introspection_cpp/octomap_msgs/msg/octomap__type_support.cpp.o[0m
[3.305s] [ 22%] [32mBuilding CXX object CMakeFiles/octomap_msgs__rosidl_typesupport_introspection_cpp.dir/rosidl_typesupport_introspection_cpp/octomap_msgs/msg/octomap_with_pose__type_support.cpp.o[0m
[3.305s] [ 24%] [32mBuilding CXX object CMakeFiles/octomap_msgs__rosidl_typesupport_introspection_cpp.dir/rosidl_typesupport_introspection_cpp/octomap_msgs/srv/bounding_box_query__type_support.cpp.o[0m
[3.305s] [ 26%] [32mBuilding CXX object CMakeFiles/octomap_msgs__rosidl_typesupport_introspection_cpp.dir/rosidl_typesupport_introspection_cpp/octomap_msgs/srv/get_octomap__type_support.cpp.o[0m
[3.315s] [35m[1mScanning dependencies of target octomap_msgs__rosidl_typesupport_fastrtps_cpp[0m
[3.350s] [ 30%] [32mBuilding CXX object CMakeFiles/octomap_msgs__rosidl_typesupport_fastrtps_cpp.dir/rosidl_typesupport_fastrtps_cpp/octomap_msgs/msg/dds_fastrtps/octomap_with_pose__type_support.cpp.o[0m
[3.350s] [ 32%] [32mBuilding CXX object CMakeFiles/octomap_msgs__rosidl_typesupport_fastrtps_cpp.dir/rosidl_typesupport_fastrtps_cpp/octomap_msgs/msg/dds_fastrtps/octomap__type_support.cpp.o[0m
[3.351s] [ 32%] [32mBuilding CXX object CMakeFiles/octomap_msgs__rosidl_typesupport_fastrtps_cpp.dir/rosidl_typesupport_fastrtps_cpp/octomap_msgs/srv/dds_fastrtps/bounding_box_query__type_support.cpp.o[0m
[3.706s] [ 33%] [32mBuilding CXX object CMakeFiles/octomap_msgs__rosidl_typesupport_fastrtps_cpp.dir/rosidl_typesupport_fastrtps_cpp/octomap_msgs/srv/dds_fastrtps/get_octomap__type_support.cpp.o[0m
[3.706s] [35m[1mScanning dependencies of target octomap_msgs__rosidl_typesupport_introspection_c[0m
[3.730s] [ 35%] [32mBuilding C object CMakeFiles/octomap_msgs__rosidl_typesupport_introspection_c.dir/rosidl_typesupport_introspection_c/octomap_msgs/msg/octomap__type_support.c.o[0m
[3.731s] [ 37%] [32mBuilding C object CMakeFiles/octomap_msgs__rosidl_typesupport_introspection_c.dir/rosidl_typesupport_introspection_c/octomap_msgs/srv/bounding_box_query__type_support.c.o[0m
[3.733s] [ 39%] [32mBuilding C object CMakeFiles/octomap_msgs__rosidl_typesupport_introspection_c.dir/rosidl_typesupport_introspection_c/octomap_msgs/msg/octomap_with_pose__type_support.c.o[0m
[3.741s] [ 41%] [32m[1mLinking CXX shared library liboctomap_msgs__rosidl_typesupport_introspection_cpp.so[0m
[3.784s] [ 43%] [32mBuilding C object CMakeFiles/octomap_msgs__rosidl_typesupport_introspection_c.dir/rosidl_typesupport_introspection_c/octomap_msgs/srv/get_octomap__type_support.c.o[0m
[3.835s] [ 45%] [32m[1mLinking C shared library liboctomap_msgs__rosidl_typesupport_introspection_c.so[0m
[3.864s] [ 45%] Built target octomap_msgs__rosidl_typesupport_introspection_cpp
[3.890s] [ 45%] Built target octomap_msgs__rosidl_typesupport_introspection_c
[4.115s] [ 47%] [32m[1mLinking CXX shared library liboctomap_msgs__rosidl_typesupport_fastrtps_cpp.so[0m
[4.187s] [ 47%] Built target octomap_msgs__rosidl_typesupport_fastrtps_cpp
[4.198s] [ 50%] [34m[1mGenerating C++ type support dispatch for ROS interfaces[0m
[4.198s] [ 50%] [34m[1mGenerating C type support for eProsima Fast-RTPS[0m
[4.566s] [35m[1mScanning dependencies of target octomap_msgs__rosidl_typesupport_cpp[0m
[4.585s] [ 52%] [32mBuilding CXX object CMakeFiles/octomap_msgs__rosidl_typesupport_cpp.dir/rosidl_typesupport_cpp/octomap_msgs/msg/octomap__type_support.cpp.o[0m
[4.589s] [ 56%] [32mBuilding CXX object CMakeFiles/octomap_msgs__rosidl_typesupport_cpp.dir/rosidl_typesupport_cpp/octomap_msgs/msg/octomap_with_pose__type_support.cpp.o[0m
[4.589s] [ 56%] [32mBuilding CXX object CMakeFiles/octomap_msgs__rosidl_typesupport_cpp.dir/rosidl_typesupport_cpp/octomap_msgs/srv/bounding_box_query__type_support.cpp.o[0m
[4.589s] [ 58%] [32mBuilding CXX object CMakeFiles/octomap_msgs__rosidl_typesupport_cpp.dir/rosidl_typesupport_cpp/octomap_msgs/srv/get_octomap__type_support.cpp.o[0m
[4.683s] [35m[1mScanning dependencies of target octomap_msgs__rosidl_typesupport_fastrtps_c[0m
[4.713s] [ 60%] [32mBuilding CXX object CMakeFiles/octomap_msgs__rosidl_typesupport_fastrtps_c.dir/rosidl_typesupport_fastrtps_c/octomap_msgs/msg/octomap__type_support_c.cpp.o[0m
[4.714s] [ 62%] [32mBuilding CXX object CMakeFiles/octomap_msgs__rosidl_typesupport_fastrtps_c.dir/rosidl_typesupport_fastrtps_c/octomap_msgs/msg/octomap_with_pose__type_support_c.cpp.o[0m
[4.716s] [ 64%] [32mBuilding CXX object CMakeFiles/octomap_msgs__rosidl_typesupport_fastrtps_c.dir/rosidl_typesupport_fastrtps_c/octomap_msgs/srv/bounding_box_query__type_support_c.cpp.o[0m
[4.722s] [ 66%] [32mBuilding CXX object CMakeFiles/octomap_msgs__rosidl_typesupport_fastrtps_c.dir/rosidl_typesupport_fastrtps_c/octomap_msgs/srv/get_octomap__type_support_c.cpp.o[0m
[5.189s] [ 67%] [32m[1mLinking CXX shared library liboctomap_msgs__rosidl_typesupport_cpp.so[0m
[5.236s] [ 69%] [32m[1mLinking CXX shared library liboctomap_msgs__rosidl_typesupport_fastrtps_c.so[0m
[5.271s] [ 69%] Built target octomap_msgs__rosidl_typesupport_cpp
[5.313s] [ 69%] Built target octomap_msgs__rosidl_typesupport_fastrtps_c
[5.324s] [ 71%] [34m[1mGenerating C type support dispatch for ROS interfaces[0m
[5.664s] [35m[1mScanning dependencies of target octomap_msgs__rosidl_typesupport_c[0m
[5.678s] [ 73%] [32mBuilding CXX object CMakeFiles/octomap_msgs__rosidl_typesupport_c.dir/rosidl_typesupport_c/octomap_msgs/msg/octomap__type_support.cpp.o[0m
[5.679s] [ 75%] [32mBuilding CXX object CMakeFiles/octomap_msgs__rosidl_typesupport_c.dir/rosidl_typesupport_c/octomap_msgs/srv/bounding_box_query__type_support.cpp.o[0m
[5.681s] [ 77%] [32mBuilding CXX object CMakeFiles/octomap_msgs__rosidl_typesupport_c.dir/rosidl_typesupport_c/octomap_msgs/msg/octomap_with_pose__type_support.cpp.o[0m
[5.681s] [ 79%] [32mBuilding CXX object CMakeFiles/octomap_msgs__rosidl_typesupport_c.dir/rosidl_typesupport_c/octomap_msgs/srv/get_octomap__type_support.cpp.o[0m
[5.710s] [ 81%] [32m[1mLinking CXX shared library liboctomap_msgs__rosidl_typesupport_c.so[0m
[5.766s] [ 81%] Built target octomap_msgs__rosidl_typesupport_c
[5.776s] [35m[1mScanning dependencies of target octomap_msgs[0m
[5.787s] [ 81%] Built target octomap_msgs
[5.797s] [35m[1mScanning dependencies of target octomap_msgs__py[0m
[5.808s] [ 83%] [34m[1mGenerating Python code for ROS interfaces[0m
[6.574s] [ 83%] Built target octomap_msgs__py
[6.585s] [35m[1mScanning dependencies of target octomap_msgs__python[0m
[6.611s] [ 84%] [32mBuilding C object CMakeFiles/octomap_msgs__python.dir/rosidl_generator_py/octomap_msgs/msg/_octomap_s.c.o[0m
[6.612s] [ 86%] [32mBuilding C object CMakeFiles/octomap_msgs__python.dir/rosidl_generator_py/octomap_msgs/srv/_get_octomap_s.c.o[0m
[6.615s] [ 88%] [32mBuilding C object CMakeFiles/octomap_msgs__python.dir/rosidl_generator_py/octomap_msgs/msg/_octomap_with_pose_s.c.o[0m
[6.615s] [ 90%] [32mBuilding C object CMakeFiles/octomap_msgs__python.dir/rosidl_generator_py/octomap_msgs/srv/_bounding_box_query_s.c.o[0m
[6.690s] [ 92%] [32m[1mLinking C shared library rosidl_generator_py/octomap_msgs/liboctomap_msgs__python.so[0m
[6.744s] [ 92%] Built target octomap_msgs__python
[6.754s] [35m[1mScanning dependencies of target octomap_msgs__rosidl_typesupport_fastrtps_c__pyext[0m
[6.754s] [35m[1mScanning dependencies of target octomap_msgs__rosidl_typesupport_c__pyext[0m
[6.773s] [ 96%] [32mBuilding C object CMakeFiles/octomap_msgs__rosidl_typesupport_fastrtps_c__pyext.dir/rosidl_generator_py/octomap_msgs/_octomap_msgs_s.ep.rosidl_typesupport_fastrtps_c.c.o[0m
[6.773s] [ 96%] [32mBuilding C object CMakeFiles/octomap_msgs__rosidl_typesupport_c__pyext.dir/rosidl_generator_py/octomap_msgs/_octomap_msgs_s.ep.rosidl_typesupport_c.c.o[0m
[6.850s] [100%] [32m[1mLinking C shared library rosidl_generator_py/octomap_msgs/octomap_msgs_s__rosidl_typesupport_c.cpython-36m-x86_64-linux-gnu.so[0m
[6.850s] [100%] [32m[1mLinking C shared library rosidl_generator_py/octomap_msgs/octomap_msgs_s__rosidl_typesupport_fastrtps_c.cpython-36m-x86_64-linux-gnu.so[0m
[6.909s] [100%] Built target octomap_msgs__rosidl_typesupport_fastrtps_c__pyext
[6.909s] [100%] Built target octomap_msgs__rosidl_typesupport_c__pyext
[7.059s] [  1%] Built target octomap_msgs__cpp
[7.062s] [ 13%] Built target octomap_msgs__rosidl_generator_c
[7.084s] [ 24%] Built target octomap_msgs__rosidl_typesupport_introspection_cpp
[7.085s] [ 35%] Built target octomap_msgs__rosidl_typesupport_introspection_c
[7.087s] [ 47%] Built target octomap_msgs__rosidl_typesupport_fastrtps_cpp
[7.113s] [ 69%] Built target octomap_msgs__rosidl_typesupport_cpp
[7.113s] [ 69%] Built target octomap_msgs__rosidl_typesupport_fastrtps_c
[7.138s] [ 81%] Built target octomap_msgs__rosidl_typesupport_c
[7.157s] [ 81%] Built target octomap_msgs
[7.177s] [ 83%] Built target octomap_msgs__py
[7.203s] [ 92%] Built target octomap_msgs__python
[7.228s] [100%] Built target octomap_msgs__rosidl_typesupport_fastrtps_c__pyext
[7.228s] [100%] Built target octomap_msgs__rosidl_typesupport_c__pyext
[7.245s] [36mInstall the project...[0m
[7.253s] -- Install configuration: ""
[7.253s] -- Execute custom install script
[7.254s] -- Symlinking: /home/common/colcon_ws/install/octomap_msgs/share/ament_index/resource_index/rosidl_interfaces/octomap_msgs
[7.262s] -- Symlinking: /home/common/colcon_ws/install/octomap_msgs/lib/liboctomap_msgs__rosidl_typesupport_c.so
[7.270s] -- Symlinking: /home/common/colcon_ws/install/octomap_msgs/share/octomap_msgs/environment/library_path.sh
[7.278s] -- Symlinking: /home/common/colcon_ws/install/octomap_msgs/lib/liboctomap_msgs__rosidl_typesupport_cpp.so
[7.286s] -- Symlinking: /home/common/colcon_ws/install/octomap_msgs/include/octomap_msgs/msg/octomap__rosidl_typesupport_fastrtps_c.h
[7.294s] -- Symlinking: /home/common/colcon_ws/install/octomap_msgs/include/octomap_msgs/msg/octomap_with_pose__rosidl_typesupport_fastrtps_c.h
[7.301s] -- Symlinking: /home/common/colcon_ws/install/octomap_msgs/include/octomap_msgs/msg/rosidl_typesupport_fastrtps_c__visibility_control.h
[7.309s] -- Symlinking: /home/common/colcon_ws/install/octomap_msgs/include/octomap_msgs/srv/bounding_box_query__rosidl_typesupport_fastrtps_c.h
[7.317s] -- Symlinking: /home/common/colcon_ws/install/octomap_msgs/include/octomap_msgs/srv/get_octomap__rosidl_typesupport_fastrtps_c.h
[7.325s] -- Symlinking: /home/common/colcon_ws/install/octomap_msgs/lib/liboctomap_msgs__rosidl_typesupport_fastrtps_c.so
[7.333s] -- Symlinking: /home/common/colcon_ws/install/octomap_msgs/include/octomap_msgs/msg/octomap.h
[7.341s] -- Symlinking: /home/common/colcon_ws/install/octomap_msgs/include/octomap_msgs/msg/octomap__functions.h
[7.348s] -- Symlinking: /home/common/colcon_ws/install/octomap_msgs/include/octomap_msgs/msg/octomap__struct.h
[7.356s] -- Symlinking: /home/common/colcon_ws/install/octomap_msgs/include/octomap_msgs/msg/octomap__type_support.h
[7.364s] -- Symlinking: /home/common/colcon_ws/install/octomap_msgs/include/octomap_msgs/msg/octomap_with_pose.h
[7.372s] -- Symlinking: /home/common/colcon_ws/install/octomap_msgs/include/octomap_msgs/msg/octomap_with_pose__functions.h
[7.379s] -- Symlinking: /home/common/colcon_ws/install/octomap_msgs/include/octomap_msgs/msg/octomap_with_pose__struct.h
[7.387s] -- Symlinking: /home/common/colcon_ws/install/octomap_msgs/include/octomap_msgs/msg/octomap_with_pose__type_support.h
[7.395s] -- Symlinking: /home/common/colcon_ws/install/octomap_msgs/include/octomap_msgs/msg/rosidl_generator_c__visibility_control.h
[7.402s] -- Symlinking: /home/common/colcon_ws/install/octomap_msgs/include/octomap_msgs/srv/bounding_box_query.h
[7.410s] -- Symlinking: /home/common/colcon_ws/install/octomap_msgs/include/octomap_msgs/srv/bounding_box_query__functions.h
[7.418s] -- Symlinking: /home/common/colcon_ws/install/octomap_msgs/include/octomap_msgs/srv/bounding_box_query__struct.h
[7.426s] -- Symlinking: /home/common/colcon_ws/install/octomap_msgs/include/octomap_msgs/srv/bounding_box_query__type_support.h
[7.434s] -- Symlinking: /home/common/colcon_ws/install/octomap_msgs/include/octomap_msgs/srv/get_octomap.h
[7.441s] -- Symlinking: /home/common/colcon_ws/install/octomap_msgs/include/octomap_msgs/srv/get_octomap__functions.h
[7.449s] -- Symlinking: /home/common/colcon_ws/install/octomap_msgs/include/octomap_msgs/srv/get_octomap__struct.h
[7.457s] -- Symlinking: /home/common/colcon_ws/install/octomap_msgs/include/octomap_msgs/srv/get_octomap__type_support.h
[7.465s] -- Symlinking: /home/common/colcon_ws/install/octomap_msgs/lib/liboctomap_msgs__rosidl_generator_c.so
[7.473s] -- Symlinking: /home/common/colcon_ws/install/octomap_msgs/include/octomap_msgs/msg/octomap__rosidl_typesupport_fastrtps_cpp.hpp
[7.481s] -- Symlinking: /home/common/colcon_ws/install/octomap_msgs/include/octomap_msgs/msg/octomap_with_pose__rosidl_typesupport_fastrtps_cpp.hpp
[7.489s] -- Symlinking: /home/common/colcon_ws/install/octomap_msgs/include/octomap_msgs/msg/rosidl_typesupport_fastrtps_cpp__visibility_control.h
[7.496s] -- Symlinking: /home/common/colcon_ws/install/octomap_msgs/include/octomap_msgs/srv/bounding_box_query__rosidl_typesupport_fastrtps_cpp.hpp
[7.504s] -- Symlinking: /home/common/colcon_ws/install/octomap_msgs/include/octomap_msgs/srv/get_octomap__rosidl_typesupport_fastrtps_cpp.hpp
[7.512s] -- Symlinking: /home/common/colcon_ws/install/octomap_msgs/lib/liboctomap_msgs__rosidl_typesupport_fastrtps_cpp.so
[7.520s] -- Symlinking: /home/common/colcon_ws/install/octomap_msgs/include/octomap_msgs/msg/octomap.hpp
[7.528s] -- Symlinking: /home/common/colcon_ws/install/octomap_msgs/include/octomap_msgs/msg/octomap__struct.hpp
[7.536s] -- Symlinking: /home/common/colcon_ws/install/octomap_msgs/include/octomap_msgs/msg/octomap__traits.hpp
[7.543s] -- Symlinking: /home/common/colcon_ws/install/octomap_msgs/include/octomap_msgs/msg/octomap_with_pose.hpp
[7.551s] -- Symlinking: /home/common/colcon_ws/install/octomap_msgs/include/octomap_msgs/msg/octomap_with_pose__struct.hpp
[7.559s] -- Symlinking: /home/common/colcon_ws/install/octomap_msgs/include/octomap_msgs/msg/octomap_with_pose__traits.hpp
[7.567s] -- Symlinking: /home/common/colcon_ws/install/octomap_msgs/include/octomap_msgs/srv/bounding_box_query.hpp
[7.574s] -- Symlinking: /home/common/colcon_ws/install/octomap_msgs/include/octomap_msgs/srv/bounding_box_query__struct.hpp
[7.582s] -- Symlinking: /home/common/colcon_ws/install/octomap_msgs/include/octomap_msgs/srv/bounding_box_query__traits.hpp
[7.590s] -- Symlinking: /home/common/colcon_ws/install/octomap_msgs/include/octomap_msgs/srv/get_octomap.hpp
[7.598s] -- Symlinking: /home/common/colcon_ws/install/octomap_msgs/include/octomap_msgs/srv/get_octomap__struct.hpp
[7.605s] -- Symlinking: /home/common/colcon_ws/install/octomap_msgs/include/octomap_msgs/srv/get_octomap__traits.hpp
[7.613s] -- Symlinking: /home/common/colcon_ws/install/octomap_msgs/include/octomap_msgs/msg/octomap__rosidl_typesupport_introspection_c.h
[7.621s] -- Symlinking: /home/common/colcon_ws/install/octomap_msgs/include/octomap_msgs/msg/octomap_with_pose__rosidl_typesupport_introspection_c.h
[7.629s] -- Symlinking: /home/common/colcon_ws/install/octomap_msgs/include/octomap_msgs/msg/rosidl_typesupport_introspection_c__visibility_control.h
[7.636s] -- Symlinking: /home/common/colcon_ws/install/octomap_msgs/include/octomap_msgs/srv/bounding_box_query__rosidl_typesupport_introspection_c.h
[7.644s] -- Symlinking: /home/common/colcon_ws/install/octomap_msgs/include/octomap_msgs/srv/get_octomap__rosidl_typesupport_introspection_c.h
[7.652s] -- Symlinking: /home/common/colcon_ws/install/octomap_msgs/lib/liboctomap_msgs__rosidl_typesupport_introspection_c.so
[7.660s] -- Symlinking: /home/common/colcon_ws/install/octomap_msgs/include/octomap_msgs/msg/octomap__rosidl_typesupport_introspection_cpp.hpp
[7.668s] -- Symlinking: /home/common/colcon_ws/install/octomap_msgs/include/octomap_msgs/msg/octomap_with_pose__rosidl_typesupport_introspection_cpp.hpp
[7.676s] -- Symlinking: /home/common/colcon_ws/install/octomap_msgs/include/octomap_msgs/srv/bounding_box_query__rosidl_typesupport_introspection_cpp.hpp
[7.684s] -- Symlinking: /home/common/colcon_ws/install/octomap_msgs/include/octomap_msgs/srv/get_octomap__rosidl_typesupport_introspection_cpp.hpp
[7.691s] -- Symlinking: /home/common/colcon_ws/install/octomap_msgs/lib/liboctomap_msgs__rosidl_typesupport_introspection_cpp.so
[7.699s] -- Symlinking: /home/common/colcon_ws/install/octomap_msgs/share/octomap_msgs/environment/pythonpath.sh
[7.707s] -- Symlinking: /home/common/colcon_ws/install/octomap_msgs/lib/python3.6/site-packages/octomap_msgs/__init__.py
[7.715s] -- Symlinking: /home/common/colcon_ws/install/octomap_msgs/lib/python3.6/site-packages/octomap_msgs/msg/__init__.py
[7.723s] -- Symlinking: /home/common/colcon_ws/install/octomap_msgs/lib/python3.6/site-packages/octomap_msgs/msg/_octomap.py
[7.731s] -- Symlinking: /home/common/colcon_ws/install/octomap_msgs/lib/python3.6/site-packages/octomap_msgs/msg/_octomap_with_pose.py
[7.739s] -- Symlinking: /home/common/colcon_ws/install/octomap_msgs/lib/python3.6/site-packages/octomap_msgs/srv/__init__.py
[7.747s] -- Symlinking: /home/common/colcon_ws/install/octomap_msgs/lib/python3.6/site-packages/octomap_msgs/srv/_bounding_box_query.py
[7.755s] -- Symlinking: /home/common/colcon_ws/install/octomap_msgs/lib/python3.6/site-packages/octomap_msgs/srv/_get_octomap.py
[7.763s] -- Symlinking: /home/common/colcon_ws/install/octomap_msgs/lib/python3.6/site-packages/octomap_msgs/octomap_msgs_s__rosidl_typesupport_c.cpython-36m-x86_64-linux-gnu.so
[7.771s] -- Symlinking: /home/common/colcon_ws/install/octomap_msgs/lib/python3.6/site-packages/octomap_msgs/octomap_msgs_s__rosidl_typesupport_fastrtps_c.cpython-36m-x86_64-linux-gnu.so
[7.779s] -- Symlinking: /home/common/colcon_ws/install/octomap_msgs/lib/liboctomap_msgs__python.so
[7.787s] -- Symlinking: /home/common/colcon_ws/install/octomap_msgs/share/octomap_msgs/msg/Octomap.idl
[7.795s] -- Symlinking: /home/common/colcon_ws/install/octomap_msgs/share/octomap_msgs/msg/OctomapWithPose.idl
[7.802s] -- Symlinking: /home/common/colcon_ws/install/octomap_msgs/share/octomap_msgs/srv/BoundingBoxQuery.idl
[7.810s] -- Symlinking: /home/common/colcon_ws/install/octomap_msgs/share/octomap_msgs/srv/GetOctomap.idl
[7.818s] -- Symlinking: /home/common/colcon_ws/install/octomap_msgs/share/octomap_msgs/msg/Octomap.msg
[7.826s] -- Symlinking: /home/common/colcon_ws/install/octomap_msgs/share/octomap_msgs/msg/OctomapWithPose.msg
[7.834s] -- Symlinking: /home/common/colcon_ws/install/octomap_msgs/share/octomap_msgs/srv/BoundingBoxQuery.srv
[7.842s] -- Symlinking: /home/common/colcon_ws/install/octomap_msgs/share/octomap_msgs/srv/BoundingBoxQuery_Request.msg
[7.850s] -- Symlinking: /home/common/colcon_ws/install/octomap_msgs/share/octomap_msgs/srv/BoundingBoxQuery_Response.msg
[7.857s] -- Symlinking: /home/common/colcon_ws/install/octomap_msgs/share/octomap_msgs/srv/GetOctomap.srv
[7.865s] -- Symlinking: /home/common/colcon_ws/install/octomap_msgs/share/octomap_msgs/srv/GetOctomap_Request.msg
[7.873s] -- Symlinking: /home/common/colcon_ws/install/octomap_msgs/share/octomap_msgs/srv/GetOctomap_Response.msg
[7.881s] -- Symlinking: /home/common/colcon_ws/install/octomap_msgs/share/ament_index/resource_index/package_run_dependencies/octomap_msgs
[7.889s] -- Symlinking: /home/common/colcon_ws/install/octomap_msgs/share/ament_index/resource_index/parent_prefix_path/octomap_msgs
[7.897s] -- Symlinking: /home/common/colcon_ws/install/octomap_msgs/share/octomap_msgs/environment/ament_prefix_path.sh
[7.904s] -- Symlinking: /home/common/colcon_ws/install/octomap_msgs/share/octomap_msgs/environment/path.sh
[7.912s] -- Symlinking: /home/common/colcon_ws/install/octomap_msgs/share/octomap_msgs/local_setup.bash
[7.920s] -- Symlinking: /home/common/colcon_ws/install/octomap_msgs/share/octomap_msgs/local_setup.sh
[7.928s] -- Symlinking: /home/common/colcon_ws/install/octomap_msgs/share/octomap_msgs/local_setup.zsh
[7.936s] -- Symlinking: /home/common/colcon_ws/install/octomap_msgs/share/ament_index/resource_index/packages/octomap_msgs
[7.944s] -- Symlinking: /home/common/colcon_ws/install/octomap_msgs/share/octomap_msgs/cmake/rosidl_cmake-extras.cmake
[7.951s] -- Symlinking: /home/common/colcon_ws/install/octomap_msgs/share/octomap_msgs/cmake/ament_cmake_export_dependencies-extras.cmake
[7.959s] -- Symlinking: /home/common/colcon_ws/install/octomap_msgs/share/octomap_msgs/cmake/ament_cmake_export_libraries-extras.cmake
[7.967s] -- Symlinking: /home/common/colcon_ws/install/octomap_msgs/share/octomap_msgs/cmake/ament_cmake_export_include_directories-extras.cmake
[7.975s] -- Symlinking: /home/common/colcon_ws/install/octomap_msgs/share/octomap_msgs/cmake/octomap_msgsConfig.cmake
[7.983s] -- Symlinking: /home/common/colcon_ws/install/octomap_msgs/share/octomap_msgs/cmake/octomap_msgsConfig-version.cmake
[7.991s] -- Symlinking: /home/common/colcon_ws/install/octomap_msgs/share/octomap_msgs/package.xml
[8.032s] Compiling '/home/common/colcon_ws/install/octomap_msgs/lib/python3.6/site-packages/octomap_msgs/__init__.py'...
[8.035s] -- Up-to-date: /home/common/colcon_ws/install/octomap_msgs/include
[8.035s] -- Up-to-date: /home/common/colcon_ws/install/octomap_msgs/include/octomap_msgs
[8.035s] -- Installing: /home/common/colcon_ws/install/octomap_msgs/include/octomap_msgs/conversions.h
