[0.132s] [ 11%] Built target tms_msg_ur__rosidl_generator_c
[0.134s] [ 13%] Built target tms_msg_ur__cpp
[0.171s] [ 24%] Built target tms_msg_ur__rosidl_typesupport_introspection_cpp
[0.173s] [ 35%] Built target tms_msg_ur__rosidl_typesupport_introspection_c
[0.186s] [ 47%] Built target tms_msg_ur__rosidl_typesupport_fastrtps_cpp
[0.234s] [ 58%] Built target tms_msg_ur__rosidl_typesupport_cpp
[0.234s] [ 69%] Built target tms_msg_ur__rosidl_typesupport_fastrtps_c
[0.270s] [ 81%] Built target tms_msg_ur__rosidl_typesupport_c
[0.295s] [ 81%] Built target tms_msg_ur
[0.320s] [ 83%] Built target tms_msg_ur__py
[0.351s] [ 92%] Built target tms_msg_ur__python
[0.380s] [ 96%] Built target tms_msg_ur__rosidl_typesupport_fastrtps_c__pyext
[0.386s] [100%] Built target tms_msg_ur__rosidl_typesupport_c__pyext
[1.252s] [ 11%] Built target tms_msg_ur__rosidl_generator_c
[1.252s] [ 13%] Built target tms_msg_ur__cpp
[1.253s] [ 24%] Built target tms_msg_ur__rosidl_typesupport_introspection_cpp
[1.254s] [ 35%] Built target tms_msg_ur__rosidl_typesupport_introspection_c
[1.254s] [ 47%] Built target tms_msg_ur__rosidl_typesupport_fastrtps_cpp
[1.254s] [ 58%] Built target tms_msg_ur__rosidl_typesupport_fastrtps_c
[1.254s] [ 69%] Built target tms_msg_ur__rosidl_typesupport_cpp
[1.255s] [ 81%] Built target tms_msg_ur__rosidl_typesupport_c
[1.255s] [ 81%] Built target tms_msg_ur
[1.256s] [ 83%] Built target tms_msg_ur__py
[1.256s] [ 92%] Built target tms_msg_ur__python
[1.256s] [ 96%] Built target tms_msg_ur__rosidl_typesupport_fastrtps_c__pyext
[1.257s] [100%] Built target tms_msg_ur__rosidl_typesupport_c__pyext
[1.257s] [36mInstall the project...[0m
[1.258s] -- Install configuration: ""
[1.258s] -- Execute custom install script
[1.258s] -- Up-to-date symlink: /home/common/colcon_ws/install/tms_msg_ur/share/ament_index/resource_index/rosidl_interfaces/tms_msg_ur
[1.258s] -- Up-to-date symlink: /home/common/colcon_ws/install/tms_msg_ur/include/tms_msg_ur/msg/julius_msg.hpp
[1.259s] -- Up-to-date symlink: /home/common/colcon_ws/install/tms_msg_ur/include/tms_msg_ur/msg/julius_msg__struct.hpp
[1.259s] -- Up-to-date symlink: /home/common/colcon_ws/install/tms_msg_ur/include/tms_msg_ur/msg/julius_msg__traits.hpp
[1.259s] -- Up-to-date symlink: /home/common/colcon_ws/install/tms_msg_ur/include/tms_msg_ur/srv/g_speech_srv.hpp
[1.259s] -- Up-to-date symlink: /home/common/colcon_ws/install/tms_msg_ur/include/tms_msg_ur/srv/g_speech_srv__struct.hpp
[1.260s] -- Up-to-date symlink: /home/common/colcon_ws/install/tms_msg_ur/include/tms_msg_ur/srv/g_speech_srv__traits.hpp
[1.261s] -- Up-to-date symlink: /home/common/colcon_ws/install/tms_msg_ur/include/tms_msg_ur/srv/slack_srv.hpp
[1.261s] -- Up-to-date symlink: /home/common/colcon_ws/install/tms_msg_ur/include/tms_msg_ur/srv/slack_srv__struct.hpp
[1.261s] -- Up-to-date symlink: /home/common/colcon_ws/install/tms_msg_ur/include/tms_msg_ur/srv/slack_srv__traits.hpp
[1.261s] -- Up-to-date symlink: /home/common/colcon_ws/install/tms_msg_ur/include/tms_msg_ur/srv/speaker_srv.hpp
[1.262s] -- Up-to-date symlink: /home/common/colcon_ws/install/tms_msg_ur/include/tms_msg_ur/srv/speaker_srv__struct.hpp
[1.262s] -- Up-to-date symlink: /home/common/colcon_ws/install/tms_msg_ur/include/tms_msg_ur/srv/speaker_srv__traits.hpp
[1.262s] -- Up-to-date symlink: /home/common/colcon_ws/install/tms_msg_ur/include/tms_msg_ur/msg/julius_msg.h
[1.262s] -- Up-to-date symlink: /home/common/colcon_ws/install/tms_msg_ur/include/tms_msg_ur/msg/julius_msg__functions.h
[1.263s] -- Up-to-date symlink: /home/common/colcon_ws/install/tms_msg_ur/include/tms_msg_ur/msg/julius_msg__struct.h
[1.263s] -- Up-to-date symlink: /home/common/colcon_ws/install/tms_msg_ur/include/tms_msg_ur/msg/julius_msg__type_support.h
[1.263s] -- Up-to-date symlink: /home/common/colcon_ws/install/tms_msg_ur/include/tms_msg_ur/msg/rosidl_generator_c__visibility_control.h
[1.263s] -- Up-to-date symlink: /home/common/colcon_ws/install/tms_msg_ur/include/tms_msg_ur/srv/g_speech_srv.h
[1.264s] -- Up-to-date symlink: /home/common/colcon_ws/install/tms_msg_ur/include/tms_msg_ur/srv/g_speech_srv__functions.h
[1.265s] -- Up-to-date symlink: /home/common/colcon_ws/install/tms_msg_ur/include/tms_msg_ur/srv/g_speech_srv__struct.h
[1.265s] -- Up-to-date symlink: /home/common/colcon_ws/install/tms_msg_ur/include/tms_msg_ur/srv/g_speech_srv__type_support.h
[1.266s] -- Up-to-date symlink: /home/common/colcon_ws/install/tms_msg_ur/include/tms_msg_ur/srv/slack_srv.h
[1.266s] -- Up-to-date symlink: /home/common/colcon_ws/install/tms_msg_ur/include/tms_msg_ur/srv/slack_srv__functions.h
[1.266s] -- Up-to-date symlink: /home/common/colcon_ws/install/tms_msg_ur/include/tms_msg_ur/srv/slack_srv__struct.h
[1.266s] -- Up-to-date symlink: /home/common/colcon_ws/install/tms_msg_ur/include/tms_msg_ur/srv/slack_srv__type_support.h
[1.267s] -- Up-to-date symlink: /home/common/colcon_ws/install/tms_msg_ur/include/tms_msg_ur/srv/speaker_srv.h
[1.267s] -- Up-to-date symlink: /home/common/colcon_ws/install/tms_msg_ur/include/tms_msg_ur/srv/speaker_srv__functions.h
[1.267s] -- Up-to-date symlink: /home/common/colcon_ws/install/tms_msg_ur/include/tms_msg_ur/srv/speaker_srv__struct.h
[1.273s] -- Up-to-date symlink: /home/common/colcon_ws/install/tms_msg_ur/include/tms_msg_ur/srv/speaker_srv__type_support.h
[1.274s] -- Up-to-date symlink: /home/common/colcon_ws/install/tms_msg_ur/share/tms_msg_ur/environment/library_path.sh
[1.274s] -- Up-to-date symlink: /home/common/colcon_ws/install/tms_msg_ur/lib/libtms_msg_ur__rosidl_generator_c.so
[1.274s] -- Up-to-date symlink: /home/common/colcon_ws/install/tms_msg_ur/lib/libtms_msg_ur__rosidl_typesupport_c.so
[1.274s] -- Up-to-date symlink: /home/common/colcon_ws/install/tms_msg_ur/lib/libtms_msg_ur__rosidl_typesupport_cpp.so
[1.275s] -- Up-to-date symlink: /home/common/colcon_ws/install/tms_msg_ur/include/tms_msg_ur/msg/julius_msg__rosidl_typesupport_introspection_c.h
[1.275s] -- Up-to-date symlink: /home/common/colcon_ws/install/tms_msg_ur/include/tms_msg_ur/msg/rosidl_typesupport_introspection_c__visibility_control.h
[1.276s] -- Up-to-date symlink: /home/common/colcon_ws/install/tms_msg_ur/include/tms_msg_ur/srv/g_speech_srv__rosidl_typesupport_introspection_c.h
[1.276s] -- Up-to-date symlink: /home/common/colcon_ws/install/tms_msg_ur/include/tms_msg_ur/srv/slack_srv__rosidl_typesupport_introspection_c.h
[1.276s] -- Up-to-date symlink: /home/common/colcon_ws/install/tms_msg_ur/include/tms_msg_ur/srv/speaker_srv__rosidl_typesupport_introspection_c.h
[1.277s] -- Up-to-date symlink: /home/common/colcon_ws/install/tms_msg_ur/lib/libtms_msg_ur__rosidl_typesupport_introspection_c.so
[1.277s] -- Up-to-date symlink: /home/common/colcon_ws/install/tms_msg_ur/include/tms_msg_ur/msg/julius_msg__rosidl_typesupport_introspection_cpp.hpp
[1.277s] -- Up-to-date symlink: /home/common/colcon_ws/install/tms_msg_ur/include/tms_msg_ur/srv/g_speech_srv__rosidl_typesupport_introspection_cpp.hpp
[1.277s] -- Up-to-date symlink: /home/common/colcon_ws/install/tms_msg_ur/include/tms_msg_ur/srv/slack_srv__rosidl_typesupport_introspection_cpp.hpp
[1.278s] -- Up-to-date symlink: /home/common/colcon_ws/install/tms_msg_ur/include/tms_msg_ur/srv/speaker_srv__rosidl_typesupport_introspection_cpp.hpp
[1.278s] -- Up-to-date symlink: /home/common/colcon_ws/install/tms_msg_ur/lib/libtms_msg_ur__rosidl_typesupport_introspection_cpp.so
[1.279s] -- Up-to-date symlink: /home/common/colcon_ws/install/tms_msg_ur/include/tms_msg_ur/msg/julius_msg__rosidl_typesupport_fastrtps_c.h
[1.280s] -- Up-to-date symlink: /home/common/colcon_ws/install/tms_msg_ur/include/tms_msg_ur/msg/rosidl_typesupport_fastrtps_c__visibility_control.h
[1.280s] -- Up-to-date symlink: /home/common/colcon_ws/install/tms_msg_ur/include/tms_msg_ur/srv/g_speech_srv__rosidl_typesupport_fastrtps_c.h
[1.280s] -- Up-to-date symlink: /home/common/colcon_ws/install/tms_msg_ur/include/tms_msg_ur/srv/slack_srv__rosidl_typesupport_fastrtps_c.h
[1.281s] -- Up-to-date symlink: /home/common/colcon_ws/install/tms_msg_ur/include/tms_msg_ur/srv/speaker_srv__rosidl_typesupport_fastrtps_c.h
[1.281s] -- Up-to-date symlink: /home/common/colcon_ws/install/tms_msg_ur/lib/libtms_msg_ur__rosidl_typesupport_fastrtps_c.so
[1.281s] -- Up-to-date symlink: /home/common/colcon_ws/install/tms_msg_ur/include/tms_msg_ur/msg/julius_msg__rosidl_typesupport_fastrtps_cpp.hpp
[1.282s] -- Up-to-date symlink: /home/common/colcon_ws/install/tms_msg_ur/include/tms_msg_ur/msg/rosidl_typesupport_fastrtps_cpp__visibility_control.h
[1.282s] -- Up-to-date symlink: /home/common/colcon_ws/install/tms_msg_ur/include/tms_msg_ur/srv/g_speech_srv__rosidl_typesupport_fastrtps_cpp.hpp
[1.282s] -- Up-to-date symlink: /home/common/colcon_ws/install/tms_msg_ur/include/tms_msg_ur/srv/slack_srv__rosidl_typesupport_fastrtps_cpp.hpp
[1.283s] -- Up-to-date symlink: /home/common/colcon_ws/install/tms_msg_ur/include/tms_msg_ur/srv/speaker_srv__rosidl_typesupport_fastrtps_cpp.hpp
[1.283s] -- Up-to-date symlink: /home/common/colcon_ws/install/tms_msg_ur/lib/libtms_msg_ur__rosidl_typesupport_fastrtps_cpp.so
[1.283s] -- Up-to-date symlink: /home/common/colcon_ws/install/tms_msg_ur/share/tms_msg_ur/environment/pythonpath.sh
[1.284s] -- Up-to-date symlink: /home/common/colcon_ws/install/tms_msg_ur/lib/python3.6/site-packages/tms_msg_ur/__init__.py
[1.284s] -- Up-to-date symlink: /home/common/colcon_ws/install/tms_msg_ur/lib/python3.6/site-packages/tms_msg_ur/msg/__init__.py
[1.284s] -- Up-to-date symlink: /home/common/colcon_ws/install/tms_msg_ur/lib/python3.6/site-packages/tms_msg_ur/msg/_julius_msg.py
[1.284s] -- Up-to-date symlink: /home/common/colcon_ws/install/tms_msg_ur/lib/python3.6/site-packages/tms_msg_ur/srv/__init__.py
[1.286s] -- Up-to-date symlink: /home/common/colcon_ws/install/tms_msg_ur/lib/python3.6/site-packages/tms_msg_ur/srv/_g_speech_srv.py
[1.286s] -- Up-to-date symlink: /home/common/colcon_ws/install/tms_msg_ur/lib/python3.6/site-packages/tms_msg_ur/srv/_slack_srv.py
[1.286s] -- Up-to-date symlink: /home/common/colcon_ws/install/tms_msg_ur/lib/python3.6/site-packages/tms_msg_ur/srv/_speaker_srv.py
[1.286s] -- Up-to-date symlink: /home/common/colcon_ws/install/tms_msg_ur/lib/python3.6/site-packages/tms_msg_ur/tms_msg_ur_s__rosidl_typesupport_c.cpython-36m-x86_64-linux-gnu.so
[1.286s] -- Up-to-date symlink: /home/common/colcon_ws/install/tms_msg_ur/lib/python3.6/site-packages/tms_msg_ur/tms_msg_ur_s__rosidl_typesupport_fastrtps_c.cpython-36m-x86_64-linux-gnu.so
[1.287s] -- Up-to-date symlink: /home/common/colcon_ws/install/tms_msg_ur/lib/libtms_msg_ur__python.so
[1.287s] -- Up-to-date symlink: /home/common/colcon_ws/install/tms_msg_ur/share/tms_msg_ur/msg/JuliusMsg.idl
[1.287s] -- Up-to-date symlink: /home/common/colcon_ws/install/tms_msg_ur/share/tms_msg_ur/srv/GSpeechSrv.idl
[1.287s] -- Up-to-date symlink: /home/common/colcon_ws/install/tms_msg_ur/share/tms_msg_ur/srv/SlackSrv.idl
[1.287s] -- Up-to-date symlink: /home/common/colcon_ws/install/tms_msg_ur/share/tms_msg_ur/srv/SpeakerSrv.idl
[1.287s] -- Up-to-date symlink: /home/common/colcon_ws/install/tms_msg_ur/share/tms_msg_ur/msg/JuliusMsg.msg
[1.288s] -- Up-to-date symlink: /home/common/colcon_ws/install/tms_msg_ur/share/tms_msg_ur/srv/GSpeechSrv.srv
[1.288s] -- Up-to-date symlink: /home/common/colcon_ws/install/tms_msg_ur/share/tms_msg_ur/srv/GSpeechSrv_Request.msg
[1.289s] -- Up-to-date symlink: /home/common/colcon_ws/install/tms_msg_ur/share/tms_msg_ur/srv/GSpeechSrv_Response.msg
[1.289s] -- Up-to-date symlink: /home/common/colcon_ws/install/tms_msg_ur/share/tms_msg_ur/srv/SlackSrv.srv
[1.289s] -- Up-to-date symlink: /home/common/colcon_ws/install/tms_msg_ur/share/tms_msg_ur/srv/SlackSrv_Request.msg
[1.289s] -- Up-to-date symlink: /home/common/colcon_ws/install/tms_msg_ur/share/tms_msg_ur/srv/SlackSrv_Response.msg
[1.289s] -- Up-to-date symlink: /home/common/colcon_ws/install/tms_msg_ur/share/tms_msg_ur/srv/SpeakerSrv.srv
[1.289s] -- Up-to-date symlink: /home/common/colcon_ws/install/tms_msg_ur/share/tms_msg_ur/srv/SpeakerSrv_Request.msg
[1.290s] -- Up-to-date symlink: /home/common/colcon_ws/install/tms_msg_ur/share/tms_msg_ur/srv/SpeakerSrv_Response.msg
[1.290s] -- Up-to-date symlink: /home/common/colcon_ws/install/tms_msg_ur/share/ament_index/resource_index/package_run_dependencies/tms_msg_ur
[1.290s] -- Up-to-date symlink: /home/common/colcon_ws/install/tms_msg_ur/share/ament_index/resource_index/parent_prefix_path/tms_msg_ur
[1.290s] -- Up-to-date symlink: /home/common/colcon_ws/install/tms_msg_ur/share/tms_msg_ur/environment/ament_prefix_path.sh
[1.290s] -- Up-to-date symlink: /home/common/colcon_ws/install/tms_msg_ur/share/tms_msg_ur/environment/path.sh
[1.291s] -- Up-to-date symlink: /home/common/colcon_ws/install/tms_msg_ur/share/tms_msg_ur/local_setup.bash
[1.291s] -- Up-to-date symlink: /home/common/colcon_ws/install/tms_msg_ur/share/tms_msg_ur/local_setup.sh
[1.291s] -- Up-to-date symlink: /home/common/colcon_ws/install/tms_msg_ur/share/tms_msg_ur/local_setup.zsh
[1.292s] -- Up-to-date symlink: /home/common/colcon_ws/install/tms_msg_ur/share/ament_index/resource_index/packages/tms_msg_ur
[1.292s] -- Up-to-date symlink: /home/common/colcon_ws/install/tms_msg_ur/share/tms_msg_ur/cmake/rosidl_cmake-extras.cmake
[1.292s] -- Up-to-date symlink: /home/common/colcon_ws/install/tms_msg_ur/share/tms_msg_ur/cmake/ament_cmake_export_dependencies-extras.cmake
[1.293s] -- Up-to-date symlink: /home/common/colcon_ws/install/tms_msg_ur/share/tms_msg_ur/cmake/ament_cmake_export_include_directories-extras.cmake
[1.293s] -- Up-to-date symlink: /home/common/colcon_ws/install/tms_msg_ur/share/tms_msg_ur/cmake/ament_cmake_export_libraries-extras.cmake
[1.293s] -- Up-to-date symlink: /home/common/colcon_ws/install/tms_msg_ur/share/tms_msg_ur/cmake/tms_msg_urConfig.cmake
[1.293s] -- Up-to-date symlink: /home/common/colcon_ws/install/tms_msg_ur/share/tms_msg_ur/cmake/tms_msg_urConfig-version.cmake
[1.293s] -- Up-to-date symlink: /home/common/colcon_ws/install/tms_msg_ur/share/tms_msg_ur/package.xml
