[0.100s] Invoking command in '/home/common/colcon_ws/build/turtlebot3_node': AMENT_PREFIX_PATH=/home/common/colcon_ws/install/turtlebot3_msgs:/home/common/colcon_ws/install/dynamixel_sdk CMAKE_PREFIX_PATH=/home/common/colcon_ws/install/turtlebot3_msgs:/home/common/colcon_ws/install/dynamixel_sdk:${CMAKE_PREFIX_PATH} LD_LIBRARY_PATH=/home/common/colcon_ws/install/turtlebot3_msgs/lib:/home/common/colcon_ws/install/dynamixel_sdk/lib:${LD_LIBRARY_PATH} PYTHONPATH=/home/common/colcon_ws/install/turtlebot3_msgs/lib/python3.6/site-packages:${PYTHONPATH} /usr/bin/cmake --build /home/common/colcon_ws/build/turtlebot3_node -- -j8 -l8
[0.233s] [ 85%] Built target turtlebot3_node_lib
[0.277s] [100%] Built target turtlebot3_ros
[0.294s] Invoked command in '/home/common/colcon_ws/build/turtlebot3_node' returned '0': AMENT_PREFIX_PATH=/home/common/colcon_ws/install/turtlebot3_msgs:/home/common/colcon_ws/install/dynamixel_sdk CMAKE_PREFIX_PATH=/home/common/colcon_ws/install/turtlebot3_msgs:/home/common/colcon_ws/install/dynamixel_sdk:${CMAKE_PREFIX_PATH} LD_LIBRARY_PATH=/home/common/colcon_ws/install/turtlebot3_msgs/lib:/home/common/colcon_ws/install/dynamixel_sdk/lib:${LD_LIBRARY_PATH} PYTHONPATH=/home/common/colcon_ws/install/turtlebot3_msgs/lib/python3.6/site-packages:${PYTHONPATH} /usr/bin/cmake --build /home/common/colcon_ws/build/turtlebot3_node -- -j8 -l8
[0.491s] Invoking command in '/home/common/colcon_ws/build/turtlebot3_node': AMENT_PREFIX_PATH=/home/common/colcon_ws/install/turtlebot3_msgs:/home/common/colcon_ws/install/dynamixel_sdk CMAKE_PREFIX_PATH=/home/common/colcon_ws/install/turtlebot3_msgs:/home/common/colcon_ws/install/dynamixel_sdk:${CMAKE_PREFIX_PATH} LD_LIBRARY_PATH=/home/common/colcon_ws/install/turtlebot3_msgs/lib:/home/common/colcon_ws/install/dynamixel_sdk/lib:${LD_LIBRARY_PATH} PYTHONPATH=/home/common/colcon_ws/install/turtlebot3_msgs/lib/python3.6/site-packages:${PYTHONPATH} /usr/bin/cmake --build /home/common/colcon_ws/build/turtlebot3_node --target install -- -j8 -l8
[0.623s] [ 85%] Built target turtlebot3_node_lib
[0.686s] [100%] Built target turtlebot3_ros
[0.717s] [36mInstall the project...[0m
[0.731s] -- Install configuration: ""
[0.732s] -- Execute custom install script
[0.733s] -- Up-to-date symlink: /home/common/colcon_ws/install/turtlebot3_node/share/turtlebot3_node/param/burger.yaml
[0.734s] -- Up-to-date symlink: /home/common/colcon_ws/install/turtlebot3_node/share/turtlebot3_node/param/waffle.yaml
[0.734s] -- Up-to-date symlink: /home/common/colcon_ws/install/turtlebot3_node/share/turtlebot3_node/param/waffle_pi.yaml
[0.735s] -- Up-to-date symlink: /home/common/colcon_ws/install/turtlebot3_node/lib/turtlebot3_node/turtlebot3_ros
[0.735s] -- Up-to-date symlink: /home/common/colcon_ws/install/turtlebot3_node/share/ament_index/resource_index/package_run_dependencies/turtlebot3_node
[0.736s] -- Up-to-date symlink: /home/common/colcon_ws/install/turtlebot3_node/share/ament_index/resource_index/parent_prefix_path/turtlebot3_node
[0.736s] -- Up-to-date symlink: /home/common/colcon_ws/install/turtlebot3_node/share/turtlebot3_node/environment/ament_prefix_path.sh
[0.736s] -- Up-to-date symlink: /home/common/colcon_ws/install/turtlebot3_node/share/turtlebot3_node/environment/path.sh
[0.736s] -- Up-to-date symlink: /home/common/colcon_ws/install/turtlebot3_node/share/turtlebot3_node/local_setup.bash
[0.736s] -- Up-to-date symlink: /home/common/colcon_ws/install/turtlebot3_node/share/turtlebot3_node/local_setup.sh
[0.737s] -- Up-to-date symlink: /home/common/colcon_ws/install/turtlebot3_node/share/turtlebot3_node/local_setup.zsh
[0.738s] -- Up-to-date symlink: /home/common/colcon_ws/install/turtlebot3_node/share/ament_index/resource_index/packages/turtlebot3_node
[0.739s] -- Up-to-date symlink: /home/common/colcon_ws/install/turtlebot3_node/share/turtlebot3_node/cmake/ament_cmake_export_include_directories-extras.cmake
[0.739s] -- Up-to-date symlink: /home/common/colcon_ws/install/turtlebot3_node/share/turtlebot3_node/cmake/turtlebot3_nodeConfig.cmake
[0.739s] -- Up-to-date symlink: /home/common/colcon_ws/install/turtlebot3_node/share/turtlebot3_node/cmake/turtlebot3_nodeConfig-version.cmake
[0.739s] -- Up-to-date symlink: /home/common/colcon_ws/install/turtlebot3_node/share/turtlebot3_node/package.xml
[0.754s] Invoked command in '/home/common/colcon_ws/build/turtlebot3_node' returned '0': AMENT_PREFIX_PATH=/home/common/colcon_ws/install/turtlebot3_msgs:/home/common/colcon_ws/install/dynamixel_sdk CMAKE_PREFIX_PATH=/home/common/colcon_ws/install/turtlebot3_msgs:/home/common/colcon_ws/install/dynamixel_sdk:${CMAKE_PREFIX_PATH} LD_LIBRARY_PATH=/home/common/colcon_ws/install/turtlebot3_msgs/lib:/home/common/colcon_ws/install/dynamixel_sdk/lib:${LD_LIBRARY_PATH} PYTHONPATH=/home/common/colcon_ws/install/turtlebot3_msgs/lib/python3.6/site-packages:${PYTHONPATH} /usr/bin/cmake --build /home/common/colcon_ws/build/turtlebot3_node --target install -- -j8 -l8
