[0.118s] -- The C compiler identification is GNU 7.4.0
[0.206s] -- The CXX compiler identification is GNU 7.4.0
[0.214s] -- Check for working C compiler: /usr/bin/cc
[0.322s] -- Check for working C compiler: /usr/bin/cc -- works
[0.323s] -- Detecting C compiler ABI info
[0.433s] -- Detecting C compiler ABI info - done
[0.443s] -- Detecting C compile features
[0.782s] -- Detecting C compile features - done
[0.785s] -- Check for working CXX compiler: /usr/bin/c++
[0.915s] -- Check for working CXX compiler: /usr/bin/c++ -- works
[0.916s] -- Detecting CXX compiler ABI info
[1.044s] -- Detecting CXX compiler ABI info - done
[1.053s] -- Detecting CXX compile features
[1.690s] -- Detecting CXX compile features - done
[1.698s] -- Found ament_cmake: 0.7.4 (/opt/ros/dashing/share/ament_cmake/cmake)
[1.792s] -- Found PythonInterp: /usr/bin/python3 (found suitable version "3.6.9", minimum required is "3") 
[1.793s] -- Using PYTHON_EXECUTABLE: /usr/bin/python3
[2.212s] -- Override CMake install command with custom implementation using symlinks instead of copying resources
[2.415s] -- Configuring done
[2.418s] -- Generating done
[2.419s] -- Build files have been written to: /home/common/colcon_ws/build/turtlebot3_cartographer
[2.653s] [36mInstall the project...[0m
[2.677s] -- Install configuration: ""
[2.678s] -- Execute custom install script
[2.678s] -- Symlinking: /home/common/colcon_ws/install/turtlebot3_cartographer/share/turtlebot3_cartographer/config/turtlebot3_lds_2d.lua
[2.699s] -- Symlinking: /home/common/colcon_ws/install/turtlebot3_cartographer/share/turtlebot3_cartographer/launch/cartographer.launch.py
[2.724s] -- Symlinking: /home/common/colcon_ws/install/turtlebot3_cartographer/share/turtlebot3_cartographer/launch/occupancy_grid.launch.py
[2.741s] -- Symlinking: /home/common/colcon_ws/install/turtlebot3_cartographer/share/turtlebot3_cartographer/rviz/tb3_cartographer.rviz
[2.758s] -- Up-to-date symlink: /home/common/colcon_ws/install/turtlebot3_cartographer/share/ament_index/resource_index/package_run_dependencies/turtlebot3_cartographer
[2.759s] -- Up-to-date symlink: /home/common/colcon_ws/install/turtlebot3_cartographer/share/ament_index/resource_index/parent_prefix_path/turtlebot3_cartographer
[2.759s] -- Up-to-date symlink: /home/common/colcon_ws/install/turtlebot3_cartographer/share/turtlebot3_cartographer/environment/ament_prefix_path.sh
[2.760s] -- Up-to-date symlink: /home/common/colcon_ws/install/turtlebot3_cartographer/share/turtlebot3_cartographer/environment/path.sh
[2.761s] -- Up-to-date symlink: /home/common/colcon_ws/install/turtlebot3_cartographer/share/turtlebot3_cartographer/local_setup.bash
[2.762s] -- Up-to-date symlink: /home/common/colcon_ws/install/turtlebot3_cartographer/share/turtlebot3_cartographer/local_setup.sh
[2.762s] -- Up-to-date symlink: /home/common/colcon_ws/install/turtlebot3_cartographer/share/turtlebot3_cartographer/local_setup.zsh
[2.763s] -- Up-to-date symlink: /home/common/colcon_ws/install/turtlebot3_cartographer/share/ament_index/resource_index/packages/turtlebot3_cartographer
[2.764s] -- Up-to-date symlink: /home/common/colcon_ws/install/turtlebot3_cartographer/share/turtlebot3_cartographer/cmake/turtlebot3_cartographerConfig.cmake
[2.764s] -- Up-to-date symlink: /home/common/colcon_ws/install/turtlebot3_cartographer/share/turtlebot3_cartographer/cmake/turtlebot3_cartographerConfig-version.cmake
[2.765s] -- Symlinking: /home/common/colcon_ws/install/turtlebot3_cartographer/share/turtlebot3_cartographer/package.xml
