[0.156s] -- The C compiler identification is GNU 7.4.0
[0.251s] -- The CXX compiler identification is GNU 7.4.0
[0.258s] -- Check for working C compiler: /usr/bin/cc
[0.436s] -- Check for working C compiler: /usr/bin/cc -- works
[0.437s] -- Detecting C compiler ABI info
[0.546s] -- Detecting C compiler ABI info - done
[0.557s] -- Detecting C compile features
[0.965s] -- Detecting C compile features - done
[0.969s] -- Check for working CXX compiler: /usr/bin/c++
[1.097s] -- Check for working CXX compiler: /usr/bin/c++ -- works
[1.098s] -- Detecting CXX compiler ABI info
[1.268s] -- Detecting CXX compiler ABI info - done
[1.269s] -- Detecting CXX compile features
[1.927s] -- Detecting CXX compile features - done
[1.935s] -- Found ament_cmake: 0.7.4 (/opt/ros/dashing/share/ament_cmake/cmake)
[2.016s] -- Found PythonInterp: /usr/bin/python3 (found suitable version "3.6.9", minimum required is "3") 
[2.017s] -- Using PYTHON_EXECUTABLE: /usr/bin/python3
[2.426s] -- Override CMake install command with custom implementation using symlinks instead of copying resources
[2.634s] -- Configuring done
[2.637s] -- Generating done
[2.640s] -- Build files have been written to: /home/common/colcon_ws/build/turtlebot3_gazebo
[2.938s] [36mInstall the project...[0m
[2.955s] -- Install configuration: ""
[2.956s] -- Execute custom install script
[2.957s] -- Symlinking: /home/common/colcon_ws/install/turtlebot3_gazebo/share/turtlebot3_gazebo//models/turtlebot3_burger/meshes/burger_base.dae
[2.979s] -- Symlinking: /home/common/colcon_ws/install/turtlebot3_gazebo/share/turtlebot3_gazebo//models/turtlebot3_burger/meshes/lds.dae
[2.996s] -- Symlinking: /home/common/colcon_ws/install/turtlebot3_gazebo/share/turtlebot3_gazebo//models/turtlebot3_burger/meshes/left_tire.dae
[3.016s] -- Symlinking: /home/common/colcon_ws/install/turtlebot3_gazebo/share/turtlebot3_gazebo//models/turtlebot3_burger/meshes/right_tire.dae
[3.032s] -- Symlinking: /home/common/colcon_ws/install/turtlebot3_gazebo/share/turtlebot3_gazebo//models/turtlebot3_burger/model-1_4.sdf
[3.049s] -- Symlinking: /home/common/colcon_ws/install/turtlebot3_gazebo/share/turtlebot3_gazebo//models/turtlebot3_burger/model.config
[3.064s] -- Symlinking: /home/common/colcon_ws/install/turtlebot3_gazebo/share/turtlebot3_gazebo//models/turtlebot3_burger/model.sdf
[3.080s] -- Symlinking: /home/common/colcon_ws/install/turtlebot3_gazebo/share/turtlebot3_gazebo//models/turtlebot3_house/model.config
[3.097s] -- Symlinking: /home/common/colcon_ws/install/turtlebot3_gazebo/share/turtlebot3_gazebo//models/turtlebot3_house/model.sdf
[3.114s] -- Symlinking: /home/common/colcon_ws/install/turtlebot3_gazebo/share/turtlebot3_gazebo//models/turtlebot3_waffle/meshes/lds.dae
[3.131s] -- Symlinking: /home/common/colcon_ws/install/turtlebot3_gazebo/share/turtlebot3_gazebo//models/turtlebot3_waffle/meshes/left_tire.dae
[3.148s] -- Symlinking: /home/common/colcon_ws/install/turtlebot3_gazebo/share/turtlebot3_gazebo//models/turtlebot3_waffle/meshes/r200.dae
[3.165s] -- Symlinking: /home/common/colcon_ws/install/turtlebot3_gazebo/share/turtlebot3_gazebo//models/turtlebot3_waffle/meshes/right_tire.dae
[3.182s] -- Symlinking: /home/common/colcon_ws/install/turtlebot3_gazebo/share/turtlebot3_gazebo//models/turtlebot3_waffle/meshes/waffle_base.dae
[3.200s] -- Symlinking: /home/common/colcon_ws/install/turtlebot3_gazebo/share/turtlebot3_gazebo//models/turtlebot3_waffle/model-1_4.sdf
[3.216s] -- Symlinking: /home/common/colcon_ws/install/turtlebot3_gazebo/share/turtlebot3_gazebo//models/turtlebot3_waffle/model.config
[3.232s] -- Symlinking: /home/common/colcon_ws/install/turtlebot3_gazebo/share/turtlebot3_gazebo//models/turtlebot3_waffle/model.sdf
[3.250s] -- Symlinking: /home/common/colcon_ws/install/turtlebot3_gazebo/share/turtlebot3_gazebo//models/turtlebot3_waffle_pi/meshes/lds.dae
[3.268s] -- Symlinking: /home/common/colcon_ws/install/turtlebot3_gazebo/share/turtlebot3_gazebo//models/turtlebot3_waffle_pi/meshes/left_tire.dae
[3.284s] -- Symlinking: /home/common/colcon_ws/install/turtlebot3_gazebo/share/turtlebot3_gazebo//models/turtlebot3_waffle_pi/meshes/right_tire.dae
[3.304s] -- Symlinking: /home/common/colcon_ws/install/turtlebot3_gazebo/share/turtlebot3_gazebo//models/turtlebot3_waffle_pi/meshes/waffle_pi_base.dae
[3.322s] -- Symlinking: /home/common/colcon_ws/install/turtlebot3_gazebo/share/turtlebot3_gazebo//models/turtlebot3_waffle_pi/model-1_4.sdf
[3.339s] -- Symlinking: /home/common/colcon_ws/install/turtlebot3_gazebo/share/turtlebot3_gazebo//models/turtlebot3_waffle_pi/model.config
[3.358s] -- Symlinking: /home/common/colcon_ws/install/turtlebot3_gazebo/share/turtlebot3_gazebo//models/turtlebot3_waffle_pi/model.sdf
[3.374s] -- Symlinking: /home/common/colcon_ws/install/turtlebot3_gazebo/share/turtlebot3_gazebo//models/turtlebot3_world/meshes/hexagon.dae
[3.392s] -- Symlinking: /home/common/colcon_ws/install/turtlebot3_gazebo/share/turtlebot3_gazebo//models/turtlebot3_world/meshes/wall.dae
[3.412s] -- Symlinking: /home/common/colcon_ws/install/turtlebot3_gazebo/share/turtlebot3_gazebo//models/turtlebot3_world/model-1_4.sdf
[3.429s] -- Symlinking: /home/common/colcon_ws/install/turtlebot3_gazebo/share/turtlebot3_gazebo//models/turtlebot3_world/model.config
[3.448s] -- Symlinking: /home/common/colcon_ws/install/turtlebot3_gazebo/share/turtlebot3_gazebo//models/turtlebot3_world/model.sdf
[3.468s] -- Symlinking: /home/common/colcon_ws/install/turtlebot3_gazebo/share/turtlebot3_gazebo//rviz/tb3_gazebo.rviz
[3.507s] -- Symlinking: /home/common/colcon_ws/install/turtlebot3_gazebo/share/turtlebot3_gazebo//worlds/empty_worlds/burger.model
[3.517s] -- Symlinking: /home/common/colcon_ws/install/turtlebot3_gazebo/share/turtlebot3_gazebo//worlds/empty_worlds/waffle.model
[3.533s] -- Symlinking: /home/common/colcon_ws/install/turtlebot3_gazebo/share/turtlebot3_gazebo//worlds/empty_worlds/waffle_pi.model
[3.551s] -- Symlinking: /home/common/colcon_ws/install/turtlebot3_gazebo/share/turtlebot3_gazebo//worlds/turtlebot3_houses/burger.model
[3.568s] -- Symlinking: /home/common/colcon_ws/install/turtlebot3_gazebo/share/turtlebot3_gazebo//worlds/turtlebot3_houses/waffle.model
[3.585s] -- Symlinking: /home/common/colcon_ws/install/turtlebot3_gazebo/share/turtlebot3_gazebo//worlds/turtlebot3_houses/waffle_pi.model
[3.605s] -- Symlinking: /home/common/colcon_ws/install/turtlebot3_gazebo/share/turtlebot3_gazebo//worlds/turtlebot3_worlds/burger.model
[3.619s] -- Symlinking: /home/common/colcon_ws/install/turtlebot3_gazebo/share/turtlebot3_gazebo//worlds/turtlebot3_worlds/waffle.model
[3.635s] -- Symlinking: /home/common/colcon_ws/install/turtlebot3_gazebo/share/turtlebot3_gazebo//worlds/turtlebot3_worlds/waffle_pi.model
[3.653s] -- Symlinking: /home/common/colcon_ws/install/turtlebot3_gazebo/share/turtlebot3_gazebo//launch/empty_world.launch.py
[3.669s] -- Symlinking: /home/common/colcon_ws/install/turtlebot3_gazebo/share/turtlebot3_gazebo//launch/robot_state_publisher.launch.py
[3.685s] -- Symlinking: /home/common/colcon_ws/install/turtlebot3_gazebo/share/turtlebot3_gazebo//launch/turtlebot3_house.launch.py
[3.702s] -- Symlinking: /home/common/colcon_ws/install/turtlebot3_gazebo/share/turtlebot3_gazebo//launch/turtlebot3_world.launch.py
[3.720s] -- Up-to-date symlink: /home/common/colcon_ws/install/turtlebot3_gazebo/share/ament_index/resource_index/package_run_dependencies/turtlebot3_gazebo
[3.720s] -- Up-to-date symlink: /home/common/colcon_ws/install/turtlebot3_gazebo/share/ament_index/resource_index/parent_prefix_path/turtlebot3_gazebo
[3.722s] -- Up-to-date symlink: /home/common/colcon_ws/install/turtlebot3_gazebo/share/turtlebot3_gazebo/environment/ament_prefix_path.sh
[3.722s] -- Up-to-date symlink: /home/common/colcon_ws/install/turtlebot3_gazebo/share/turtlebot3_gazebo/environment/path.sh
[3.723s] -- Up-to-date symlink: /home/common/colcon_ws/install/turtlebot3_gazebo/share/turtlebot3_gazebo/local_setup.bash
[3.723s] -- Up-to-date symlink: /home/common/colcon_ws/install/turtlebot3_gazebo/share/turtlebot3_gazebo/local_setup.sh
[3.725s] -- Up-to-date symlink: /home/common/colcon_ws/install/turtlebot3_gazebo/share/turtlebot3_gazebo/local_setup.zsh
[3.725s] -- Up-to-date symlink: /home/common/colcon_ws/install/turtlebot3_gazebo/share/ament_index/resource_index/packages/turtlebot3_gazebo
[3.725s] -- Up-to-date symlink: /home/common/colcon_ws/install/turtlebot3_gazebo/share/turtlebot3_gazebo/cmake/turtlebot3_gazeboConfig.cmake
[3.725s] -- Up-to-date symlink: /home/common/colcon_ws/install/turtlebot3_gazebo/share/turtlebot3_gazebo/cmake/turtlebot3_gazeboConfig-version.cmake
[3.726s] -- Symlinking: /home/common/colcon_ws/install/turtlebot3_gazebo/share/turtlebot3_gazebo/package.xml
