[0.141s] -- The C compiler identification is GNU 7.4.0
[0.226s] -- The CXX compiler identification is GNU 7.4.0
[0.233s] -- Check for working C compiler: /usr/bin/cc
[0.347s] -- Check for working C compiler: /usr/bin/cc -- works
[0.347s] -- Detecting C compiler ABI info
[0.463s] -- Detecting C compiler ABI info - done
[0.472s] -- Detecting C compile features
[0.804s] -- Detecting C compile features - done
[0.808s] -- Check for working CXX compiler: /usr/bin/c++
[0.938s] -- Check for working CXX compiler: /usr/bin/c++ -- works
[0.939s] -- Detecting CXX compiler ABI info
[1.072s] -- Detecting CXX compiler ABI info - done
[1.078s] -- Detecting CXX compile features
[1.683s] -- Detecting CXX compile features - done
[1.685s] -- Found ament_cmake: 0.7.4 (/opt/ros/dashing/share/ament_cmake/cmake)
[1.767s] -- Found PythonInterp: /usr/bin/python3 (found suitable version "3.6.9", minimum required is "3") 
[1.768s] -- Using PYTHON_EXECUTABLE: /usr/bin/python3
[2.141s] -- Override CMake install command with custom implementation using symlinks instead of copying resources
[2.183s] -- Found rclcpp: 0.7.12 (/opt/ros/dashing/share/rclcpp/cmake)
[2.219s] -- Found rosidl_adapter: 0.7.8 (/opt/ros/dashing/share/rosidl_adapter/cmake)
[2.275s] -- Found rmw_implementation_cmake: 0.7.2 (/opt/ros/dashing/share/rmw_implementation_cmake/cmake)
[2.281s] -- Using RMW implementation 'rmw_fastrtps_cpp' as default
[2.282s] -- Looking for pthread.h
[2.394s] -- Looking for pthread.h - found
[2.394s] -- Looking for pthread_create
[2.509s] -- Looking for pthread_create - not found
[2.510s] -- Looking for pthread_create in pthreads
[2.601s] -- Looking for pthread_create in pthreads - not found
[2.601s] -- Looking for pthread_create in pthread
[2.697s] -- Looking for pthread_create in pthread - found
[2.698s] -- Found Threads: TRUE  
[2.750s] -- Found rclcpp_components: 0.7.12 (/opt/ros/dashing/share/rclcpp_components/cmake)
[2.758s] -- Found poco_vendor:  (/opt/ros/dashing/share/poco_vendor/cmake)
[2.791s] -- Found std_msgs: 0.7.0 (/opt/ros/dashing/share/std_msgs/cmake)
[3.007s] -- Configuring done
[3.059s] -- Generating done
[3.062s] -- Build files have been written to: /home/common/colcon_ws/build/examples_rclcpp_minimal_composition
