[0.163s] -- The C compiler identification is GNU 7.4.0
[0.267s] -- The CXX compiler identification is GNU 7.4.0
[0.274s] -- Check for working C compiler: /usr/bin/cc
[0.441s] -- Check for working C compiler: /usr/bin/cc -- works
[0.442s] -- Detecting C compiler ABI info
[0.614s] -- Detecting C compiler ABI info - done
[0.623s] -- Detecting C compile features
[1.096s] -- Detecting C compile features - done
[1.100s] -- Check for working CXX compiler: /usr/bin/c++
[1.294s] -- Check for working CXX compiler: /usr/bin/c++ -- works
[1.295s] -- Detecting CXX compiler ABI info
[1.467s] -- Detecting CXX compiler ABI info - done
[1.476s] -- Detecting CXX compile features
[2.271s] -- Detecting CXX compile features - done
[2.276s] -- Found ament_cmake: 0.7.4 (/opt/ros/dashing/share/ament_cmake/cmake)
[2.325s] -- Found PythonInterp: /usr/bin/python3 (found suitable version "3.6.9", minimum required is "3") 
[2.326s] -- Using PYTHON_EXECUTABLE: /usr/bin/python3
[2.748s] -- Found rclcpp: 0.7.12 (/opt/ros/dashing/share/rclcpp/cmake)
[2.790s] -- Found rosidl_adapter: 0.7.8 (/opt/ros/dashing/share/rosidl_adapter/cmake)
[2.869s] -- Found rmw_implementation_cmake: 0.7.2 (/opt/ros/dashing/share/rmw_implementation_cmake/cmake)
[2.872s] -- Using RMW implementation 'rmw_fastrtps_cpp' as default
[2.873s] -- Looking for pthread.h
[2.988s] -- Looking for pthread.h - found
[2.989s] -- Looking for pthread_create
[3.120s] -- Looking for pthread_create - not found
[3.121s] -- Looking for pthread_create in pthreads
[3.249s] -- Looking for pthread_create in pthreads - not found
[3.250s] -- Looking for pthread_create in pthread
[3.366s] -- Looking for pthread_create in pthread - found
[3.368s] -- Found Threads: TRUE  
[3.484s] -- Using CATKIN_DEVEL_PREFIX: /home/common/colcon_ws/build/tms_rc_smartpal_control/devel
[3.484s] -- Using CMAKE_PREFIX_PATH: /home/common/catkin_ws/devel;/opt/ros/melodic
[3.485s] -- This workspace overlays: /home/common/catkin_ws/devel;/opt/ros/melodic
[3.530s] -- Using PYTHON_EXECUTABLE: /usr/bin/python3
[3.530s] -- Using Debian Python package layout
[3.530s] -- Using empy: /usr/bin/empy
[3.780s] -- Using CATKIN_ENABLE_TESTING: ON
[3.780s] -- Call enable_testing()
[3.780s] -- Using CATKIN_TEST_RESULTS_DIR: /home/common/colcon_ws/build/tms_rc_smartpal_control/test_results
[3.814s] -- Found gtest sources under '/usr/src/googletest': gtests will be built
[3.814s] -- Found gmock sources under '/usr/src/googletest': gmock will be built
[3.861s] -- Found PythonInterp: /usr/bin/python3 (found version "3.6.9") 
[3.873s] -- Using Python nosetests: /usr/bin/nosetests
[3.979s] -- catkin 0.7.19
[3.980s] -- BUILD_SHARED_LIBS is on
[4.360s] -- Configuring incomplete, errors occurred!
[4.360s] See also "/home/common/colcon_ws/build/tms_rc_smartpal_control/CMakeFiles/CMakeOutput.log".
[4.360s] See also "/home/common/colcon_ws/build/tms_rc_smartpal_control/CMakeFiles/CMakeError.log".
