[0.110s] -- The C compiler identification is GNU 7.4.0
[0.205s] -- The CXX compiler identification is GNU 7.4.0
[0.212s] -- Check for working C compiler: /usr/bin/cc
[0.339s] -- Check for working C compiler: /usr/bin/cc -- works
[0.339s] -- Detecting C compiler ABI info
[0.488s] -- Detecting C compiler ABI info - done
[0.498s] -- Detecting C compile features
[0.839s] -- Detecting C compile features - done
[0.843s] -- Check for working CXX compiler: /usr/bin/c++
[0.973s] -- Check for working CXX compiler: /usr/bin/c++ -- works
[0.974s] -- Detecting CXX compiler ABI info
[1.110s] -- Detecting CXX compiler ABI info - done
[1.115s] -- Detecting CXX compile features
[2.618s] -- Detecting CXX compile features - done
[2.638s] -- Found ament_cmake: 0.7.4 (/opt/ros/dashing/share/ament_cmake/cmake)
[2.837s] -- Found PythonInterp: /usr/bin/python3 (found suitable version "3.6.9", minimum required is "3") 
[2.837s] -- Using PYTHON_EXECUTABLE: /usr/bin/python3
[3.665s] -- Override CMake install command with custom implementation using symlinks instead of copying resources
[3.780s] -- Found example_interfaces: 0.7.1 (/opt/ros/dashing/share/example_interfaces/cmake)
[3.901s] -- Found rosidl_adapter: 0.7.8 (/opt/ros/dashing/share/rosidl_adapter/cmake)
[4.058s] -- Found rclcpp: 0.7.12 (/opt/ros/dashing/share/rclcpp/cmake)
[4.112s] -- Found rmw_implementation_cmake: 0.7.2 (/opt/ros/dashing/share/rmw_implementation_cmake/cmake)
[4.118s] -- Using RMW implementation 'rmw_fastrtps_cpp' as default
[4.120s] -- Looking for pthread.h
[4.673s] -- Looking for pthread.h - found
[4.673s] -- Looking for pthread_create
[5.134s] -- Looking for pthread_create - not found
[5.135s] -- Looking for pthread_create in pthreads
[5.585s] -- Looking for pthread_create in pthreads - not found
[5.593s] -- Looking for pthread_create in pthread
[5.954s] -- Looking for pthread_create in pthread - found
[5.955s] -- Found Threads: TRUE  
[6.445s] -- Configuring done
[6.465s] -- Generating done
[6.467s] -- Build files have been written to: /home/common/colcon_ws/build/examples_rclcpp_minimal_service
[6.805s] [35m[1mScanning dependencies of target service_main[0m
[6.936s] [ 50%] [32m[1mLinking CXX executable service_main[0m
[7.317s] [100%] Built target service_main
[8.106s] [100%] Built target service_main
[8.214s] [36mInstall the project...[0m
[8.273s] -- Install configuration: ""
[8.273s] -- Execute custom install script
[8.274s] -- Up-to-date symlink: /home/common/colcon_ws/install/examples_rclcpp_minimal_service/lib/examples_rclcpp_minimal_service/service_main
[8.286s] -- Up-to-date symlink: /home/common/colcon_ws/install/examples_rclcpp_minimal_service/share/ament_index/resource_index/package_run_dependencies/examples_rclcpp_minimal_service
[8.287s] -- Up-to-date symlink: /home/common/colcon_ws/install/examples_rclcpp_minimal_service/share/ament_index/resource_index/parent_prefix_path/examples_rclcpp_minimal_service
[8.290s] -- Up-to-date symlink: /home/common/colcon_ws/install/examples_rclcpp_minimal_service/share/examples_rclcpp_minimal_service/environment/ament_prefix_path.sh
[8.291s] -- Up-to-date symlink: /home/common/colcon_ws/install/examples_rclcpp_minimal_service/share/examples_rclcpp_minimal_service/environment/path.sh
[8.295s] -- Up-to-date symlink: /home/common/colcon_ws/install/examples_rclcpp_minimal_service/share/examples_rclcpp_minimal_service/local_setup.bash
[8.297s] -- Up-to-date symlink: /home/common/colcon_ws/install/examples_rclcpp_minimal_service/share/examples_rclcpp_minimal_service/local_setup.sh
[8.298s] -- Up-to-date symlink: /home/common/colcon_ws/install/examples_rclcpp_minimal_service/share/examples_rclcpp_minimal_service/local_setup.zsh
[8.298s] -- Up-to-date symlink: /home/common/colcon_ws/install/examples_rclcpp_minimal_service/share/ament_index/resource_index/packages/examples_rclcpp_minimal_service
[8.299s] -- Up-to-date symlink: /home/common/colcon_ws/install/examples_rclcpp_minimal_service/share/examples_rclcpp_minimal_service/cmake/examples_rclcpp_minimal_serviceConfig.cmake
[8.299s] -- Up-to-date symlink: /home/common/colcon_ws/install/examples_rclcpp_minimal_service/share/examples_rclcpp_minimal_service/cmake/examples_rclcpp_minimal_serviceConfig-version.cmake
[8.300s] -- Symlinking: /home/common/colcon_ws/install/examples_rclcpp_minimal_service/share/examples_rclcpp_minimal_service/package.xml
