[0.079s] -- Found ament_cmake: 0.7.4 (/opt/ros/dashing/share/ament_cmake/cmake)
[0.117s] -- Using PYTHON_EXECUTABLE: /usr/bin/python3
[0.332s] -- Override CMake install command with custom implementation using symlinks instead of copying resources
[0.341s] -- Found rclcpp: 0.7.12 (/opt/ros/dashing/share/rclcpp/cmake)
[0.353s] -- Found rosidl_adapter: 0.7.8 (/opt/ros/dashing/share/rosidl_adapter/cmake)
[0.381s] -- Found rmw_implementation_cmake: 0.7.2 (/opt/ros/dashing/share/rmw_implementation_cmake/cmake)
[0.382s] -- Using RMW implementation 'rmw_fastrtps_cpp' as default
[0.404s] -- Found std_msgs: 0.7.0 (/opt/ros/dashing/share/std_msgs/cmake)
[0.408s] -- Found sensor_msgs: 0.7.0 (/opt/ros/dashing/share/sensor_msgs/cmake)
[0.422s] -- Found tms_msg_rc: 1.0.2 (/home/common/colcon_ws/install/tms_msg_rc/share/tms_msg_rc/cmake)
[0.434s] -- Found tms_msg_db: 1.0.2 (/home/common/colcon_ws/install/tms_msg_db/share/tms_msg_db/cmake)
[0.445s] -- Found moveit_msgs: 0.10.0 (/home/common/colcon_ws/install/moveit_msgs/share/moveit_msgs/cmake)
[0.561s] -- Found tf2_ros: 0.11.6 (/opt/ros/dashing/share/tf2_ros/cmake)
[0.805s] -- Configuring done
[0.863s] -- Generating done
[0.864s] -- Build files have been written to: /home/common/colcon_ws/build/tms_rc_smartpal_control
[0.885s] [35m[1mScanning dependencies of target smartpal5_control[0m
[0.915s] [  7%] [32mBuilding CXX object CMakeFiles/smartpal5_control.dir/src/smartpal5_control.cpp.o[0m
[0.918s] [ 28%] [32mBuilding CXX object CMakeFiles/smartpal5_control.dir/src/sp5_cmd_gripper.cpp.o[0m
[0.918s] [ 28%] [32mBuilding CXX object CMakeFiles/smartpal5_control.dir/src/sp5_cmd_arm.cpp.o[0m
[0.919s] [ 28%] [32mBuilding CXX object CMakeFiles/smartpal5_control.dir/src/sp5_cmd_mobility.cpp.o[0m
[0.919s] [ 42%] [32mBuilding CXX object CMakeFiles/smartpal5_control.dir/src/sp5_cmd_lumbar.cpp.o[0m
[0.919s] [ 42%] [32mBuilding CXX object CMakeFiles/smartpal5_control.dir/src/sp5_client.cpp.o[0m
[0.919s] [ 50%] [32mBuilding CXX object CMakeFiles/smartpal5_control.dir/src/idl/sp5/CommonSK.cc.o[0m
[0.923s] [ 57%] [32mBuilding CXX object CMakeFiles/smartpal5_control.dir/src/idl/sp5/MobilitySK.cc.o[0m
[1.586s] [ 64%] [32mBuilding CXX object CMakeFiles/smartpal5_control.dir/src/idl/sp5/ArmUnitSK.cc.o[0m
[1.826s] [ 71%] [32mBuilding CXX object CMakeFiles/smartpal5_control.dir/src/idl/sp5/GripperUnitSK.cc.o[0m
[1.876s] [ 78%] [32mBuilding CXX object CMakeFiles/smartpal5_control.dir/src/idl/sp5/GripperExtAxesSK.cc.o[0m
[1.934s] [ 85%] [32mBuilding CXX object CMakeFiles/smartpal5_control.dir/src/idl/sp5/LumbarUnitSK.cc.o[0m
[1.958s] [ 92%] [32mBuilding CXX object CMakeFiles/smartpal5_control.dir/src/idl/sp5/LumbarExtAxesSK.cc.o[0m
[7.319s] [100%] [32m[1mLinking CXX executable smartpal5_control[0m
[7.705s] [100%] Built target smartpal5_control
[7.808s] [100%] Built target smartpal5_control
[7.827s] [36mInstall the project...[0m
[7.836s] -- Install configuration: ""
[7.837s] -- Execute custom install script
[7.837s] -- Up-to-date symlink: /home/common/colcon_ws/install/tms_rc_smartpal_control/share/tms_rc_smartpal_control/environment/library_path.sh
[7.838s] -- Up-to-date symlink: /home/common/colcon_ws/install/tms_rc_smartpal_control/lib/tms_rc_smartpal_control/smartpal5_control
[7.838s] -- Up-to-date symlink: /home/common/colcon_ws/install/tms_rc_smartpal_control/share/ament_index/resource_index/package_run_dependencies/tms_rc_smartpal_control
[7.839s] -- Up-to-date symlink: /home/common/colcon_ws/install/tms_rc_smartpal_control/share/ament_index/resource_index/parent_prefix_path/tms_rc_smartpal_control
[7.839s] -- Up-to-date symlink: /home/common/colcon_ws/install/tms_rc_smartpal_control/share/tms_rc_smartpal_control/environment/ament_prefix_path.sh
[7.840s] -- Up-to-date symlink: /home/common/colcon_ws/install/tms_rc_smartpal_control/share/tms_rc_smartpal_control/environment/path.sh
[7.840s] -- Up-to-date symlink: /home/common/colcon_ws/install/tms_rc_smartpal_control/share/tms_rc_smartpal_control/local_setup.bash
[7.840s] -- Up-to-date symlink: /home/common/colcon_ws/install/tms_rc_smartpal_control/share/tms_rc_smartpal_control/local_setup.sh
[7.840s] -- Up-to-date symlink: /home/common/colcon_ws/install/tms_rc_smartpal_control/share/tms_rc_smartpal_control/local_setup.zsh
[7.841s] -- Up-to-date symlink: /home/common/colcon_ws/install/tms_rc_smartpal_control/share/ament_index/resource_index/packages/tms_rc_smartpal_control
[7.841s] -- Up-to-date symlink: /home/common/colcon_ws/install/tms_rc_smartpal_control/share/tms_rc_smartpal_control/cmake/ament_cmake_export_libraries-extras.cmake
[7.842s] -- Up-to-date symlink: /home/common/colcon_ws/install/tms_rc_smartpal_control/share/tms_rc_smartpal_control/cmake/tms_rc_smartpal_controlConfig.cmake
[7.842s] -- Up-to-date symlink: /home/common/colcon_ws/install/tms_rc_smartpal_control/share/tms_rc_smartpal_control/cmake/tms_rc_smartpal_controlConfig-version.cmake
[7.842s] -- Up-to-date symlink: /home/common/colcon_ws/install/tms_rc_smartpal_control/share/tms_rc_smartpal_control/package.xml
