[0.079s] -- Found ament_cmake: 0.7.4 (/opt/ros/dashing/share/ament_cmake/cmake)
[0.117s] -- Using PYTHON_EXECUTABLE: /usr/bin/python3
[0.332s] -- Override CMake install command with custom implementation using symlinks instead of copying resources
[0.341s] -- Found rclcpp: 0.7.12 (/opt/ros/dashing/share/rclcpp/cmake)
[0.353s] -- Found rosidl_adapter: 0.7.8 (/opt/ros/dashing/share/rosidl_adapter/cmake)
[0.381s] -- Found rmw_implementation_cmake: 0.7.2 (/opt/ros/dashing/share/rmw_implementation_cmake/cmake)
[0.382s] -- Using RMW implementation 'rmw_fastrtps_cpp' as default
[0.404s] -- Found std_msgs: 0.7.0 (/opt/ros/dashing/share/std_msgs/cmake)
[0.408s] -- Found sensor_msgs: 0.7.0 (/opt/ros/dashing/share/sensor_msgs/cmake)
[0.422s] -- Found tms_msg_rc: 1.0.2 (/home/common/colcon_ws/install/tms_msg_rc/share/tms_msg_rc/cmake)
[0.434s] -- Found tms_msg_db: 1.0.2 (/home/common/colcon_ws/install/tms_msg_db/share/tms_msg_db/cmake)
[0.445s] -- Found moveit_msgs: 0.10.0 (/home/common/colcon_ws/install/moveit_msgs/share/moveit_msgs/cmake)
[0.561s] -- Found tf2_ros: 0.11.6 (/opt/ros/dashing/share/tf2_ros/cmake)
[0.805s] -- Configuring done
[0.863s] -- Generating done
[0.864s] -- Build files have been written to: /home/common/colcon_ws/build/tms_rc_smartpal_control
[0.885s] [35m[1mScanning dependencies of target smartpal5_control[0m
[0.915s] [  7%] [32mBuilding CXX object CMakeFiles/smartpal5_control.dir/src/smartpal5_control.cpp.o[0m
[0.918s] [ 28%] [32mBuilding CXX object CMakeFiles/smartpal5_control.dir/src/sp5_cmd_gripper.cpp.o[0m
[0.918s] [ 28%] [32mBuilding CXX object CMakeFiles/smartpal5_control.dir/src/sp5_cmd_arm.cpp.o[0m
[0.919s] [ 28%] [32mBuilding CXX object CMakeFiles/smartpal5_control.dir/src/sp5_cmd_mobility.cpp.o[0m
[0.919s] [ 42%] [32mBuilding CXX object CMakeFiles/smartpal5_control.dir/src/sp5_cmd_lumbar.cpp.o[0m
[0.919s] [ 42%] [32mBuilding CXX object CMakeFiles/smartpal5_control.dir/src/sp5_client.cpp.o[0m
[0.919s] [ 50%] [32mBuilding CXX object CMakeFiles/smartpal5_control.dir/src/idl/sp5/CommonSK.cc.o[0m
[0.923s] [ 57%] [32mBuilding CXX object CMakeFiles/smartpal5_control.dir/src/idl/sp5/MobilitySK.cc.o[0m
[1.586s] [ 64%] [32mBuilding CXX object CMakeFiles/smartpal5_control.dir/src/idl/sp5/ArmUnitSK.cc.o[0m
[1.683s] [01m[K/home/common/colcon_ws/src/ros_tms/tms_rc/tms_rc_smartpal/smartpal_control/src/sp5_cmd_gripper.cpp:[m[K In member function ‘[01m[Kint8_t Client::gripperSetPower(int8_t, double)[m[K’:
[1.683s] [01m[K/home/common/colcon_ws/src/ros_tms/tms_rc/tms_rc_smartpal/smartpal_control/src/sp5_cmd_gripper.cpp:41:39:[m[K [01;35m[Kwarning: [m[Kunused parameter ‘[01m[KRL[m[K’ [[01;35m[K-Wunused-parameter[m[K]
[1.684s]  int8_t Client::gripperSetPower(int8_t [01;35m[KRL[m[K, double OnOff)
[1.684s]                                        [01;35m[K^~[m[K
[1.684s] [01m[K/home/common/colcon_ws/src/ros_tms/tms_rc/tms_rc_smartpal/smartpal_control/src/sp5_cmd_gripper.cpp:41:50:[m[K [01;35m[Kwarning: [m[Kunused parameter ‘[01m[KOnOff[m[K’ [[01;35m[K-Wunused-parameter[m[K]
[1.684s]  int8_t Client::gripperSetPower(int8_t RL, double [01;35m[KOnOff[m[K)
[1.684s]                                                   [01;35m[K^~~~~[m[K
[1.728s] [01m[K/home/common/colcon_ws/src/ros_tms/tms_rc/tms_rc_smartpal/smartpal_control/src/sp5_cmd_arm.cpp:[m[K In member function ‘[01m[Kint8_t Client::armGetActiveAlarm(int8_t, u_int32_t, double*)[m[K’:
[1.728s] [01m[K/home/common/colcon_ws/src/ros_tms/tms_rc/tms_rc_smartpal/smartpal_control/src/sp5_cmd_arm.cpp:315:76:[m[K [01;35m[Kwarning: [m[Kunused parameter ‘[01m[Kreturn_code[m[K’ [[01;35m[K-Wunused-parameter[m[K]
[1.728s]  int8_t Client::armGetActiveAlarm(int8_t RL, u_int32_t num_request, double *[01;35m[Kreturn_code[m[K)
[1.728s]                                                                             [01;35m[K^~~~~~~~~~~[m[K
[1.732s] In file included from [01m[K/home/common/colcon_ws/src/ros_tms/tms_rc/tms_rc_smartpal/smartpal_control/src/sp5_client.cpp:6:0[m[K:
[1.732s] [01m[K/home/common/colcon_ws/src/ros_tms/tms_rc/tms_rc_smartpal/smartpal_control/src/sp5_client.h:[m[K In constructor ‘[01m[KClient::Client()[m[K’:
[1.732s] [01m[K/home/common/colcon_ws/src/ros_tms/tms_rc/tms_rc_smartpal/smartpal_control/src/sp5_client.h:206:8:[m[K [01;35m[Kwarning: [m[K‘[01m[KClient::bInitialize[m[K’ will be initialized after [[01;35m[K-Wreorder[m[K]
[1.732s]    bool [01;35m[KbInitialize[m[K;
[1.732s]         [01;35m[K^~~~~~~~~~~[m[K
[1.732s] [01m[K/home/common/colcon_ws/src/ros_tms/tms_rc/tms_rc_smartpal/smartpal_control/src/sp5_client.h:182:18:[m[K [01;35m[Kwarning: [m[K  ‘[01m[KCORBA::ORB_var Client::orb[m[K’ [[01;35m[K-Wreorder[m[K]
[1.733s]    CORBA::ORB_var [01;35m[Korb[m[K;
[1.733s]                   [01;35m[K^~~[m[K
[1.733s] [01m[K/home/common/colcon_ws/src/ros_tms/tms_rc/tms_rc_smartpal/smartpal_control/src/sp5_client.cpp:11:1:[m[K [01;35m[Kwarning: [m[K  when initialized here [[01;35m[K-Wreorder[m[K]
[1.733s]  [01;35m[KClient[m[K::Client()
[1.733s]  [01;35m[K^~~~~~[m[K
[1.826s] [ 71%] [32mBuilding CXX object CMakeFiles/smartpal5_control.dir/src/idl/sp5/GripperUnitSK.cc.o[0m
[1.876s] [ 78%] [32mBuilding CXX object CMakeFiles/smartpal5_control.dir/src/idl/sp5/GripperExtAxesSK.cc.o[0m
[1.934s] [ 85%] [32mBuilding CXX object CMakeFiles/smartpal5_control.dir/src/idl/sp5/LumbarUnitSK.cc.o[0m
[1.958s] [ 92%] [32mBuilding CXX object CMakeFiles/smartpal5_control.dir/src/idl/sp5/LumbarExtAxesSK.cc.o[0m
[3.764s] [01m[K/home/common/colcon_ws/src/ros_tms/tms_rc/tms_rc_smartpal/smartpal_control/src/smartpal5_control.cpp:[m[K In member function ‘[01m[Kbool SmartpalControl::robotControl(std::shared_ptr<tms_msg_rc::srv::TurtlebotControl_Request_<std::allocator<void> > >, std::shared_ptr<tms_msg_rc::srv::TurtlebotControl_Response_<std::allocator<void> > >)[m[K’:
[3.764s] [01m[K/home/common/colcon_ws/src/ros_tms/tms_rc/tms_rc_smartpal/smartpal_control/src/smartpal5_control.cpp:394:30:[m[K [01;35m[Kwarning: [m[Kcomparison between signed and unsigned integer expressions [[01;35m[K-Wsign-compare[m[K]
[3.764s]                for (int t=0; [01;35m[Kt<trajectory.size()[m[K; t++)
[3.764s]                              [01;35m[K~^~~~~~~~~~~~~~~~~~[m[K
[3.764s] [01m[K/home/common/colcon_ws/src/ros_tms/tms_rc/tms_rc_smartpal/smartpal_control/src/smartpal5_control.cpp:407:30:[m[K [01;35m[Kwarning: [m[Kcomparison between signed and unsigned integer expressions [[01;35m[K-Wsign-compare[m[K]
[3.764s]                for (int t=0; [01;35m[Kt<trajectory.size()[m[K; t++)
[3.764s]                              [01;35m[K~^~~~~~~~~~~~~~~~~~[m[K
[5.317s] [01m[K/home/common/colcon_ws/src/ros_tms/tms_rc/tms_rc_smartpal/smartpal_control/src/smartpal5_control.cpp:[m[K In member function ‘[01m[Kvoid SmartpalControl::armcallback(sensor_msgs::msg::JointState_<std::allocator<void> >::SharedPtr)[m[K’:
[5.317s] [01m[K/home/common/colcon_ws/src/ros_tms/tms_rc/tms_rc_smartpal/smartpal_control/src/smartpal5_control.cpp:988:24:[m[K [01;35m[Kwarning: [m[K‘[01m[Kai[m[K’ may be used uninitialized in this function [[01;35m[K-Wmaybe-uninitialized[m[K]
[5.318s]        ai->gripper_left = msg->position[0];
[7.319s] [100%] [32m[1mLinking CXX executable smartpal5_control[0m
[7.705s] [100%] Built target smartpal5_control
[7.808s] [100%] Built target smartpal5_control
[7.827s] [36mInstall the project...[0m
[7.836s] -- Install configuration: ""
[7.837s] -- Execute custom install script
[7.837s] -- Up-to-date symlink: /home/common/colcon_ws/install/tms_rc_smartpal_control/share/tms_rc_smartpal_control/environment/library_path.sh
[7.838s] -- Up-to-date symlink: /home/common/colcon_ws/install/tms_rc_smartpal_control/lib/tms_rc_smartpal_control/smartpal5_control
[7.838s] -- Up-to-date symlink: /home/common/colcon_ws/install/tms_rc_smartpal_control/share/ament_index/resource_index/package_run_dependencies/tms_rc_smartpal_control
[7.839s] -- Up-to-date symlink: /home/common/colcon_ws/install/tms_rc_smartpal_control/share/ament_index/resource_index/parent_prefix_path/tms_rc_smartpal_control
[7.839s] -- Up-to-date symlink: /home/common/colcon_ws/install/tms_rc_smartpal_control/share/tms_rc_smartpal_control/environment/ament_prefix_path.sh
[7.840s] -- Up-to-date symlink: /home/common/colcon_ws/install/tms_rc_smartpal_control/share/tms_rc_smartpal_control/environment/path.sh
[7.840s] -- Up-to-date symlink: /home/common/colcon_ws/install/tms_rc_smartpal_control/share/tms_rc_smartpal_control/local_setup.bash
[7.840s] -- Up-to-date symlink: /home/common/colcon_ws/install/tms_rc_smartpal_control/share/tms_rc_smartpal_control/local_setup.sh
[7.840s] -- Up-to-date symlink: /home/common/colcon_ws/install/tms_rc_smartpal_control/share/tms_rc_smartpal_control/local_setup.zsh
[7.841s] -- Up-to-date symlink: /home/common/colcon_ws/install/tms_rc_smartpal_control/share/ament_index/resource_index/packages/tms_rc_smartpal_control
[7.841s] -- Up-to-date symlink: /home/common/colcon_ws/install/tms_rc_smartpal_control/share/tms_rc_smartpal_control/cmake/ament_cmake_export_libraries-extras.cmake
[7.842s] -- Up-to-date symlink: /home/common/colcon_ws/install/tms_rc_smartpal_control/share/tms_rc_smartpal_control/cmake/tms_rc_smartpal_controlConfig.cmake
[7.842s] -- Up-to-date symlink: /home/common/colcon_ws/install/tms_rc_smartpal_control/share/tms_rc_smartpal_control/cmake/tms_rc_smartpal_controlConfig-version.cmake
[7.842s] -- Up-to-date symlink: /home/common/colcon_ws/install/tms_rc_smartpal_control/share/tms_rc_smartpal_control/package.xml
