[0.017s] Invoking command in '/home/common/colcon_ws/build/turtlebot3_navigation2': CMAKE_PREFIX_PATH=/opt/ros/dashing:${CMAKE_PREFIX_PATH} /usr/bin/cmake --build /home/common/colcon_ws/build/turtlebot3_navigation2 -- -j8 -l8
[0.067s] Invoked command in '/home/common/colcon_ws/build/turtlebot3_navigation2' returned '0': CMAKE_PREFIX_PATH=/opt/ros/dashing:${CMAKE_PREFIX_PATH} /usr/bin/cmake --build /home/common/colcon_ws/build/turtlebot3_navigation2 -- -j8 -l8
[0.098s] Invoking command in '/home/common/colcon_ws/build/turtlebot3_navigation2': CMAKE_PREFIX_PATH=/opt/ros/dashing:${CMAKE_PREFIX_PATH} /usr/bin/cmake --build /home/common/colcon_ws/build/turtlebot3_navigation2 --target install -- -j8 -l8
[0.164s] [36mInstall the project...[0m
[0.180s] -- Install configuration: ""
[0.181s] -- Execute custom install script
[0.181s] -- Up-to-date symlink: /home/common/colcon_ws/install/turtlebot3_navigation2/share/turtlebot3_navigation2/launch/navigation2.launch.py
[0.181s] -- Up-to-date symlink: /home/common/colcon_ws/install/turtlebot3_navigation2/share/turtlebot3_navigation2/map/map.pgm
[0.182s] -- Up-to-date symlink: /home/common/colcon_ws/install/turtlebot3_navigation2/share/turtlebot3_navigation2/map/map.yaml
[0.182s] -- Up-to-date symlink: /home/common/colcon_ws/install/turtlebot3_navigation2/share/turtlebot3_navigation2/param/burger.yaml
[0.182s] -- Up-to-date symlink: /home/common/colcon_ws/install/turtlebot3_navigation2/share/turtlebot3_navigation2/param/waffle.yaml
[0.182s] -- Up-to-date symlink: /home/common/colcon_ws/install/turtlebot3_navigation2/share/turtlebot3_navigation2/param/waffle_pi.yaml
[0.183s] -- Up-to-date symlink: /home/common/colcon_ws/install/turtlebot3_navigation2/share/turtlebot3_navigation2/rviz/tb3_navigation2.rviz
[0.183s] -- Up-to-date symlink: /home/common/colcon_ws/install/turtlebot3_navigation2/share/ament_index/resource_index/package_run_dependencies/turtlebot3_navigation2
[0.183s] -- Up-to-date symlink: /home/common/colcon_ws/install/turtlebot3_navigation2/share/ament_index/resource_index/parent_prefix_path/turtlebot3_navigation2
[0.184s] -- Up-to-date symlink: /home/common/colcon_ws/install/turtlebot3_navigation2/share/turtlebot3_navigation2/environment/ament_prefix_path.sh
[0.184s] -- Up-to-date symlink: /home/common/colcon_ws/install/turtlebot3_navigation2/share/turtlebot3_navigation2/environment/path.sh
[0.184s] -- Up-to-date symlink: /home/common/colcon_ws/install/turtlebot3_navigation2/share/turtlebot3_navigation2/local_setup.bash
[0.185s] -- Up-to-date symlink: /home/common/colcon_ws/install/turtlebot3_navigation2/share/turtlebot3_navigation2/local_setup.sh
[0.185s] -- Up-to-date symlink: /home/common/colcon_ws/install/turtlebot3_navigation2/share/turtlebot3_navigation2/local_setup.zsh
[0.185s] -- Up-to-date symlink: /home/common/colcon_ws/install/turtlebot3_navigation2/share/ament_index/resource_index/packages/turtlebot3_navigation2
[0.186s] -- Up-to-date symlink: /home/common/colcon_ws/install/turtlebot3_navigation2/share/turtlebot3_navigation2/cmake/turtlebot3_navigation2Config.cmake
[0.186s] -- Up-to-date symlink: /home/common/colcon_ws/install/turtlebot3_navigation2/share/turtlebot3_navigation2/cmake/turtlebot3_navigation2Config-version.cmake
[0.186s] -- Up-to-date symlink: /home/common/colcon_ws/install/turtlebot3_navigation2/share/turtlebot3_navigation2/package.xml
[0.520s] Invoked command in '/home/common/colcon_ws/build/turtlebot3_navigation2' returned '0': CMAKE_PREFIX_PATH=/opt/ros/dashing:${CMAKE_PREFIX_PATH} /usr/bin/cmake --build /home/common/colcon_ws/build/turtlebot3_navigation2 --target install -- -j8 -l8
