[0.318s] Invoking command in '/home/common/colcon_ws/build/turtlebot3_bringup': AMENT_PREFIX_PATH=/home/common/colcon_ws/install/turtlebot3_node:/home/common/colcon_ws/install/turtlebot3_msgs:/home/common/colcon_ws/install/turtlebot3_description:/home/common/colcon_ws/install/hls_lfcd_lds_driver:/home/common/colcon_ws/install/dynamixel_sdk:${AMENT_PREFIX_PATH} CMAKE_PREFIX_PATH=/home/common/colcon_ws/install/turtlebot3_node:/home/common/colcon_ws/install/turtlebot3_msgs:/home/common/colcon_ws/install/turtlebot3_description:/home/common/colcon_ws/install/hls_lfcd_lds_driver:/home/common/colcon_ws/install/dynamixel_sdk:/opt/ros/dashing:${CMAKE_PREFIX_PATH} LD_LIBRARY_PATH=/home/common/colcon_ws/install/turtlebot3_msgs/lib:/home/common/colcon_ws/install/dynamixel_sdk/lib:${LD_LIBRARY_PATH} PYTHONPATH=/home/common/colcon_ws/install/turtlebot3_msgs/lib/python3.6/site-packages:${PYTHONPATH} /usr/bin/cmake --build /home/common/colcon_ws/build/turtlebot3_bringup -- -j8 -l8
[0.406s] Invoked command in '/home/common/colcon_ws/build/turtlebot3_bringup' returned '0': AMENT_PREFIX_PATH=/home/common/colcon_ws/install/turtlebot3_node:/home/common/colcon_ws/install/turtlebot3_msgs:/home/common/colcon_ws/install/turtlebot3_description:/home/common/colcon_ws/install/hls_lfcd_lds_driver:/home/common/colcon_ws/install/dynamixel_sdk:${AMENT_PREFIX_PATH} CMAKE_PREFIX_PATH=/home/common/colcon_ws/install/turtlebot3_node:/home/common/colcon_ws/install/turtlebot3_msgs:/home/common/colcon_ws/install/turtlebot3_description:/home/common/colcon_ws/install/hls_lfcd_lds_driver:/home/common/colcon_ws/install/dynamixel_sdk:/opt/ros/dashing:${CMAKE_PREFIX_PATH} LD_LIBRARY_PATH=/home/common/colcon_ws/install/turtlebot3_msgs/lib:/home/common/colcon_ws/install/dynamixel_sdk/lib:${LD_LIBRARY_PATH} PYTHONPATH=/home/common/colcon_ws/install/turtlebot3_msgs/lib/python3.6/site-packages:${PYTHONPATH} /usr/bin/cmake --build /home/common/colcon_ws/build/turtlebot3_bringup -- -j8 -l8
[0.623s] Invoking command in '/home/common/colcon_ws/build/turtlebot3_bringup': AMENT_PREFIX_PATH=/home/common/colcon_ws/install/turtlebot3_node:/home/common/colcon_ws/install/turtlebot3_msgs:/home/common/colcon_ws/install/turtlebot3_description:/home/common/colcon_ws/install/hls_lfcd_lds_driver:/home/common/colcon_ws/install/dynamixel_sdk:${AMENT_PREFIX_PATH} CMAKE_PREFIX_PATH=/home/common/colcon_ws/install/turtlebot3_node:/home/common/colcon_ws/install/turtlebot3_msgs:/home/common/colcon_ws/install/turtlebot3_description:/home/common/colcon_ws/install/hls_lfcd_lds_driver:/home/common/colcon_ws/install/dynamixel_sdk:/opt/ros/dashing:${CMAKE_PREFIX_PATH} LD_LIBRARY_PATH=/home/common/colcon_ws/install/turtlebot3_msgs/lib:/home/common/colcon_ws/install/dynamixel_sdk/lib:${LD_LIBRARY_PATH} PYTHONPATH=/home/common/colcon_ws/install/turtlebot3_msgs/lib/python3.6/site-packages:${PYTHONPATH} /usr/bin/cmake --build /home/common/colcon_ws/build/turtlebot3_bringup --target install -- -j8 -l8
[0.733s] [36mInstall the project...[0m
[0.749s] -- Install configuration: ""
[0.750s] -- Execute custom install script
[0.753s] -- Symlinking: /home/common/colcon_ws/install/turtlebot3_bringup/share/turtlebot3_bringup/launch/robot.launch.py
[0.768s] -- Symlinking: /home/common/colcon_ws/install/turtlebot3_bringup/share/turtlebot3_bringup/launch/rviz2.launch.py
[0.784s] -- Symlinking: /home/common/colcon_ws/install/turtlebot3_bringup/share/turtlebot3_bringup/launch/turtlebot3_state_publisher.launch.py
[0.802s] -- Symlinking: /home/common/colcon_ws/install/turtlebot3_bringup/share/turtlebot3_bringup/param/burger.yaml
[0.817s] -- Symlinking: /home/common/colcon_ws/install/turtlebot3_bringup/share/turtlebot3_bringup/param/waffle.yaml
[0.831s] -- Symlinking: /home/common/colcon_ws/install/turtlebot3_bringup/share/turtlebot3_bringup/param/waffle_pi.yaml
[0.848s] -- Symlinking: /home/common/colcon_ws/install/turtlebot3_bringup/share/ament_index/resource_index/package_run_dependencies/turtlebot3_bringup
[0.863s] -- Symlinking: /home/common/colcon_ws/install/turtlebot3_bringup/share/ament_index/resource_index/parent_prefix_path/turtlebot3_bringup
[0.879s] -- Symlinking: /home/common/colcon_ws/install/turtlebot3_bringup/share/turtlebot3_bringup/environment/ament_prefix_path.sh
[0.894s] -- Symlinking: /home/common/colcon_ws/install/turtlebot3_bringup/share/turtlebot3_bringup/environment/path.sh
[0.919s] -- Symlinking: /home/common/colcon_ws/install/turtlebot3_bringup/share/turtlebot3_bringup/local_setup.bash
[0.936s] -- Symlinking: /home/common/colcon_ws/install/turtlebot3_bringup/share/turtlebot3_bringup/local_setup.sh
[0.951s] -- Symlinking: /home/common/colcon_ws/install/turtlebot3_bringup/share/turtlebot3_bringup/local_setup.zsh
[0.966s] -- Symlinking: /home/common/colcon_ws/install/turtlebot3_bringup/share/ament_index/resource_index/packages/turtlebot3_bringup
[0.984s] -- Symlinking: /home/common/colcon_ws/install/turtlebot3_bringup/share/turtlebot3_bringup/cmake/turtlebot3_bringupConfig.cmake
[1.000s] -- Symlinking: /home/common/colcon_ws/install/turtlebot3_bringup/share/turtlebot3_bringup/cmake/turtlebot3_bringupConfig-version.cmake
[1.015s] -- Symlinking: /home/common/colcon_ws/install/turtlebot3_bringup/share/turtlebot3_bringup/package.xml
[1.034s] Invoked command in '/home/common/colcon_ws/build/turtlebot3_bringup' returned '0': AMENT_PREFIX_PATH=/home/common/colcon_ws/install/turtlebot3_node:/home/common/colcon_ws/install/turtlebot3_msgs:/home/common/colcon_ws/install/turtlebot3_description:/home/common/colcon_ws/install/hls_lfcd_lds_driver:/home/common/colcon_ws/install/dynamixel_sdk:${AMENT_PREFIX_PATH} CMAKE_PREFIX_PATH=/home/common/colcon_ws/install/turtlebot3_node:/home/common/colcon_ws/install/turtlebot3_msgs:/home/common/colcon_ws/install/turtlebot3_description:/home/common/colcon_ws/install/hls_lfcd_lds_driver:/home/common/colcon_ws/install/dynamixel_sdk:/opt/ros/dashing:${CMAKE_PREFIX_PATH} LD_LIBRARY_PATH=/home/common/colcon_ws/install/turtlebot3_msgs/lib:/home/common/colcon_ws/install/dynamixel_sdk/lib:${LD_LIBRARY_PATH} PYTHONPATH=/home/common/colcon_ws/install/turtlebot3_msgs/lib/python3.6/site-packages:${PYTHONPATH} /usr/bin/cmake --build /home/common/colcon_ws/build/turtlebot3_bringup --target install -- -j8 -l8
