Determining if the pthread_create exist failed with the following output:
Change Dir: /home/common/colcon_ws/build/turtlebot3_node/CMakeFiles/CMakeTmp

Run Build Command:"/usr/bin/make" "cmTC_ad5bf/fast"
/usr/bin/make -f CMakeFiles/cmTC_ad5bf.dir/build.make CMakeFiles/cmTC_ad5bf.dir/build
make[1]: Entering directory '/home/common/colcon_ws/build/turtlebot3_node/CMakeFiles/CMakeTmp'
Building C object CMakeFiles/cmTC_ad5bf.dir/CheckSymbolExists.c.o
/usr/bin/cc    -o CMakeFiles/cmTC_ad5bf.dir/CheckSymbolExists.c.o   -c /home/common/colcon_ws/build/turtlebot3_node/CMakeFiles/CMakeTmp/CheckSymbolExists.c
Linking C executable cmTC_ad5bf
/usr/bin/cmake -E cmake_link_script CMakeFiles/cmTC_ad5bf.dir/link.txt --verbose=1
/usr/bin/cc      CMakeFiles/cmTC_ad5bf.dir/CheckSymbolExists.c.o  -o cmTC_ad5bf 
CMakeFiles/cmTC_ad5bf.dir/CheckSymbolExists.c.o: In function `main':
CheckSymbolExists.c:(.text+0x1b): undefined reference to `pthread_create'
collect2: error: ld returned 1 exit status
CMakeFiles/cmTC_ad5bf.dir/build.make:97: recipe for target 'cmTC_ad5bf' failed
make[1]: *** [cmTC_ad5bf] Error 1
make[1]: Leaving directory '/home/common/colcon_ws/build/turtlebot3_node/CMakeFiles/CMakeTmp'
Makefile:126: recipe for target 'cmTC_ad5bf/fast' failed
make: *** [cmTC_ad5bf/fast] Error 2

File /home/common/colcon_ws/build/turtlebot3_node/CMakeFiles/CMakeTmp/CheckSymbolExists.c:
/* */
#include <pthread.h>

int main(int argc, char** argv)
{
  (void)argv;
#ifndef pthread_create
  return ((int*)(&pthread_create))[argc];
#else
  (void)argc;
  return 0;
#endif
}

Determining if the function pthread_create exists in the pthreads failed with the following output:
Change Dir: /home/common/colcon_ws/build/turtlebot3_node/CMakeFiles/CMakeTmp

Run Build Command:"/usr/bin/make" "cmTC_825ff/fast"
/usr/bin/make -f CMakeFiles/cmTC_825ff.dir/build.make CMakeFiles/cmTC_825ff.dir/build
make[1]: Entering directory '/home/common/colcon_ws/build/turtlebot3_node/CMakeFiles/CMakeTmp'
Building C object CMakeFiles/cmTC_825ff.dir/CheckFunctionExists.c.o
/usr/bin/cc   -DCHECK_FUNCTION_EXISTS=pthread_create   -o CMakeFiles/cmTC_825ff.dir/CheckFunctionExists.c.o   -c /usr/share/cmake-3.10/Modules/CheckFunctionExists.c
Linking C executable cmTC_825ff
/usr/bin/cmake -E cmake_link_script CMakeFiles/cmTC_825ff.dir/link.txt --verbose=1
/usr/bin/cc  -DCHECK_FUNCTION_EXISTS=pthread_create    CMakeFiles/cmTC_825ff.dir/CheckFunctionExists.c.o  -o cmTC_825ff -lpthreads 
/usr/bin/ld: cannot find -lpthreads
collect2: error: ld returned 1 exit status
CMakeFiles/cmTC_825ff.dir/build.make:97: recipe for target 'cmTC_825ff' failed
make[1]: *** [cmTC_825ff] Error 1
make[1]: Leaving directory '/home/common/colcon_ws/build/turtlebot3_node/CMakeFiles/CMakeTmp'
Makefile:126: recipe for target 'cmTC_825ff/fast' failed
make: *** [cmTC_825ff/fast] Error 2


Determining if the pthread_create exist failed with the following output:
Change Dir: /home/common/colcon_ws/build/turtlebot3_node/CMakeFiles/CMakeTmp

Run Build Command:"/usr/bin/make" "cmTC_a6d64/fast"
/usr/bin/make -f CMakeFiles/cmTC_a6d64.dir/build.make CMakeFiles/cmTC_a6d64.dir/build
make[1]: Entering directory '/home/common/colcon_ws/build/turtlebot3_node/CMakeFiles/CMakeTmp'
Building C object CMakeFiles/cmTC_a6d64.dir/CheckSymbolExists.c.o
/usr/bin/cc    -o CMakeFiles/cmTC_a6d64.dir/CheckSymbolExists.c.o   -c /home/common/colcon_ws/build/turtlebot3_node/CMakeFiles/CMakeTmp/CheckSymbolExists.c
Linking C executable cmTC_a6d64
/usr/bin/cmake -E cmake_link_script CMakeFiles/cmTC_a6d64.dir/link.txt --verbose=1
/usr/bin/cc      CMakeFiles/cmTC_a6d64.dir/CheckSymbolExists.c.o  -o cmTC_a6d64 
CMakeFiles/cmTC_a6d64.dir/CheckSymbolExists.c.o: In function `main':
CheckSymbolExists.c:(.text+0x1b): undefined reference to `pthread_create'
collect2: error: ld returned 1 exit status
CMakeFiles/cmTC_a6d64.dir/build.make:97: recipe for target 'cmTC_a6d64' failed
make[1]: *** [cmTC_a6d64] Error 1
make[1]: Leaving directory '/home/common/colcon_ws/build/turtlebot3_node/CMakeFiles/CMakeTmp'
Makefile:126: recipe for target 'cmTC_a6d64/fast' failed
make: *** [cmTC_a6d64/fast] Error 2

File /home/common/colcon_ws/build/turtlebot3_node/CMakeFiles/CMakeTmp/CheckSymbolExists.c:
/* */
#include <pthread.h>

int main(int argc, char** argv)
{
  (void)argv;
#ifndef pthread_create
  return ((int*)(&pthread_create))[argc];
#else
  (void)argc;
  return 0;
#endif
}

Determining if the function pthread_create exists in the pthreads failed with the following output:
Change Dir: /home/common/colcon_ws/build/turtlebot3_node/CMakeFiles/CMakeTmp

Run Build Command:"/usr/bin/make" "cmTC_4f3d3/fast"
/usr/bin/make -f CMakeFiles/cmTC_4f3d3.dir/build.make CMakeFiles/cmTC_4f3d3.dir/build
make[1]: Entering directory '/home/common/colcon_ws/build/turtlebot3_node/CMakeFiles/CMakeTmp'
Building C object CMakeFiles/cmTC_4f3d3.dir/CheckFunctionExists.c.o
/usr/bin/cc   -DCHECK_FUNCTION_EXISTS=pthread_create   -o CMakeFiles/cmTC_4f3d3.dir/CheckFunctionExists.c.o   -c /usr/share/cmake-3.10/Modules/CheckFunctionExists.c
Linking C executable cmTC_4f3d3
/usr/bin/cmake -E cmake_link_script CMakeFiles/cmTC_4f3d3.dir/link.txt --verbose=1
/usr/bin/cc  -DCHECK_FUNCTION_EXISTS=pthread_create    CMakeFiles/cmTC_4f3d3.dir/CheckFunctionExists.c.o  -o cmTC_4f3d3 -lpthreads 
/usr/bin/ld: cannot find -lpthreads
collect2: error: ld returned 1 exit status
CMakeFiles/cmTC_4f3d3.dir/build.make:97: recipe for target 'cmTC_4f3d3' failed
make[1]: *** [cmTC_4f3d3] Error 1
make[1]: Leaving directory '/home/common/colcon_ws/build/turtlebot3_node/CMakeFiles/CMakeTmp'
Makefile:126: recipe for target 'cmTC_4f3d3/fast' failed
make: *** [cmTC_4f3d3/fast] Error 2


Determining if the pthread_create exist failed with the following output:
Change Dir: /home/common/colcon_ws/build/turtlebot3_node/CMakeFiles/CMakeTmp

Run Build Command:"/usr/bin/make" "cmTC_b8ff0/fast"
/usr/bin/make -f CMakeFiles/cmTC_b8ff0.dir/build.make CMakeFiles/cmTC_b8ff0.dir/build
make[1]: Entering directory '/home/common/colcon_ws/build/turtlebot3_node/CMakeFiles/CMakeTmp'
Building C object CMakeFiles/cmTC_b8ff0.dir/CheckSymbolExists.c.o
/usr/bin/cc    -o CMakeFiles/cmTC_b8ff0.dir/CheckSymbolExists.c.o   -c /home/common/colcon_ws/build/turtlebot3_node/CMakeFiles/CMakeTmp/CheckSymbolExists.c
Linking C executable cmTC_b8ff0
/usr/bin/cmake -E cmake_link_script CMakeFiles/cmTC_b8ff0.dir/link.txt --verbose=1
/usr/bin/cc      CMakeFiles/cmTC_b8ff0.dir/CheckSymbolExists.c.o  -o cmTC_b8ff0 
CMakeFiles/cmTC_b8ff0.dir/CheckSymbolExists.c.o: In function `main':
CheckSymbolExists.c:(.text+0x1b): undefined reference to `pthread_create'
collect2: error: ld returned 1 exit status
CMakeFiles/cmTC_b8ff0.dir/build.make:97: recipe for target 'cmTC_b8ff0' failed
make[1]: *** [cmTC_b8ff0] Error 1
make[1]: Leaving directory '/home/common/colcon_ws/build/turtlebot3_node/CMakeFiles/CMakeTmp'
Makefile:126: recipe for target 'cmTC_b8ff0/fast' failed
make: *** [cmTC_b8ff0/fast] Error 2

File /home/common/colcon_ws/build/turtlebot3_node/CMakeFiles/CMakeTmp/CheckSymbolExists.c:
/* */
#include <pthread.h>

int main(int argc, char** argv)
{
  (void)argv;
#ifndef pthread_create
  return ((int*)(&pthread_create))[argc];
#else
  (void)argc;
  return 0;
#endif
}

Determining if the function pthread_create exists in the pthreads failed with the following output:
Change Dir: /home/common/colcon_ws/build/turtlebot3_node/CMakeFiles/CMakeTmp

Run Build Command:"/usr/bin/make" "cmTC_454bf/fast"
/usr/bin/make -f CMakeFiles/cmTC_454bf.dir/build.make CMakeFiles/cmTC_454bf.dir/build
make[1]: Entering directory '/home/common/colcon_ws/build/turtlebot3_node/CMakeFiles/CMakeTmp'
Building C object CMakeFiles/cmTC_454bf.dir/CheckFunctionExists.c.o
/usr/bin/cc   -DCHECK_FUNCTION_EXISTS=pthread_create   -o CMakeFiles/cmTC_454bf.dir/CheckFunctionExists.c.o   -c /usr/share/cmake-3.10/Modules/CheckFunctionExists.c
Linking C executable cmTC_454bf
/usr/bin/cmake -E cmake_link_script CMakeFiles/cmTC_454bf.dir/link.txt --verbose=1
/usr/bin/cc  -DCHECK_FUNCTION_EXISTS=pthread_create    CMakeFiles/cmTC_454bf.dir/CheckFunctionExists.c.o  -o cmTC_454bf -lpthreads 
/usr/bin/ld: cannot find -lpthreads
collect2: error: ld returned 1 exit status
CMakeFiles/cmTC_454bf.dir/build.make:97: recipe for target 'cmTC_454bf' failed
make[1]: *** [cmTC_454bf] Error 1
make[1]: Leaving directory '/home/common/colcon_ws/build/turtlebot3_node/CMakeFiles/CMakeTmp'
Makefile:126: recipe for target 'cmTC_454bf/fast' failed
make: *** [cmTC_454bf/fast] Error 2


Determining if the pthread_create exist failed with the following output:
Change Dir: /home/common/colcon_ws/build/turtlebot3_node/CMakeFiles/CMakeTmp

Run Build Command:"/usr/bin/make" "cmTC_2039c/fast"
/usr/bin/make -f CMakeFiles/cmTC_2039c.dir/build.make CMakeFiles/cmTC_2039c.dir/build
make[1]: Entering directory '/home/common/colcon_ws/build/turtlebot3_node/CMakeFiles/CMakeTmp'
Building C object CMakeFiles/cmTC_2039c.dir/CheckSymbolExists.c.o
/usr/bin/cc    -o CMakeFiles/cmTC_2039c.dir/CheckSymbolExists.c.o   -c /home/common/colcon_ws/build/turtlebot3_node/CMakeFiles/CMakeTmp/CheckSymbolExists.c
Linking C executable cmTC_2039c
/usr/bin/cmake -E cmake_link_script CMakeFiles/cmTC_2039c.dir/link.txt --verbose=1
/usr/bin/cc      CMakeFiles/cmTC_2039c.dir/CheckSymbolExists.c.o  -o cmTC_2039c 
CMakeFiles/cmTC_2039c.dir/CheckSymbolExists.c.o: In function `main':
CheckSymbolExists.c:(.text+0x1b): undefined reference to `pthread_create'
collect2: error: ld returned 1 exit status
CMakeFiles/cmTC_2039c.dir/build.make:97: recipe for target 'cmTC_2039c' failed
make[1]: *** [cmTC_2039c] Error 1
make[1]: Leaving directory '/home/common/colcon_ws/build/turtlebot3_node/CMakeFiles/CMakeTmp'
Makefile:126: recipe for target 'cmTC_2039c/fast' failed
make: *** [cmTC_2039c/fast] Error 2

File /home/common/colcon_ws/build/turtlebot3_node/CMakeFiles/CMakeTmp/CheckSymbolExists.c:
/* */
#include <pthread.h>

int main(int argc, char** argv)
{
  (void)argv;
#ifndef pthread_create
  return ((int*)(&pthread_create))[argc];
#else
  (void)argc;
  return 0;
#endif
}

Determining if the function pthread_create exists in the pthreads failed with the following output:
Change Dir: /home/common/colcon_ws/build/turtlebot3_node/CMakeFiles/CMakeTmp

Run Build Command:"/usr/bin/make" "cmTC_be80d/fast"
/usr/bin/make -f CMakeFiles/cmTC_be80d.dir/build.make CMakeFiles/cmTC_be80d.dir/build
make[1]: Entering directory '/home/common/colcon_ws/build/turtlebot3_node/CMakeFiles/CMakeTmp'
Building C object CMakeFiles/cmTC_be80d.dir/CheckFunctionExists.c.o
/usr/bin/cc   -DCHECK_FUNCTION_EXISTS=pthread_create   -o CMakeFiles/cmTC_be80d.dir/CheckFunctionExists.c.o   -c /usr/share/cmake-3.10/Modules/CheckFunctionExists.c
Linking C executable cmTC_be80d
/usr/bin/cmake -E cmake_link_script CMakeFiles/cmTC_be80d.dir/link.txt --verbose=1
/usr/bin/cc  -DCHECK_FUNCTION_EXISTS=pthread_create    CMakeFiles/cmTC_be80d.dir/CheckFunctionExists.c.o  -o cmTC_be80d -lpthreads 
/usr/bin/ld: cannot find -lpthreads
collect2: error: ld returned 1 exit status
CMakeFiles/cmTC_be80d.dir/build.make:97: recipe for target 'cmTC_be80d' failed
make[1]: *** [cmTC_be80d] Error 1
make[1]: Leaving directory '/home/common/colcon_ws/build/turtlebot3_node/CMakeFiles/CMakeTmp'
Makefile:126: recipe for target 'cmTC_be80d/fast' failed
make: *** [cmTC_be80d/fast] Error 2


Determining if the pthread_create exist failed with the following output:
Change Dir: /home/common/colcon_ws/build/turtlebot3_node/CMakeFiles/CMakeTmp

Run Build Command:"/usr/bin/make" "cmTC_74ffa/fast"
/usr/bin/make -f CMakeFiles/cmTC_74ffa.dir/build.make CMakeFiles/cmTC_74ffa.dir/build
make[1]: Entering directory '/home/common/colcon_ws/build/turtlebot3_node/CMakeFiles/CMakeTmp'
Building C object CMakeFiles/cmTC_74ffa.dir/CheckSymbolExists.c.o
/usr/bin/cc    -o CMakeFiles/cmTC_74ffa.dir/CheckSymbolExists.c.o   -c /home/common/colcon_ws/build/turtlebot3_node/CMakeFiles/CMakeTmp/CheckSymbolExists.c
Linking C executable cmTC_74ffa
/usr/bin/cmake -E cmake_link_script CMakeFiles/cmTC_74ffa.dir/link.txt --verbose=1
/usr/bin/cc      CMakeFiles/cmTC_74ffa.dir/CheckSymbolExists.c.o  -o cmTC_74ffa 
CMakeFiles/cmTC_74ffa.dir/CheckSymbolExists.c.o: In function `main':
CheckSymbolExists.c:(.text+0x1b): undefined reference to `pthread_create'
collect2: error: ld returned 1 exit status
CMakeFiles/cmTC_74ffa.dir/build.make:97: recipe for target 'cmTC_74ffa' failed
make[1]: *** [cmTC_74ffa] Error 1
make[1]: Leaving directory '/home/common/colcon_ws/build/turtlebot3_node/CMakeFiles/CMakeTmp'
Makefile:126: recipe for target 'cmTC_74ffa/fast' failed
make: *** [cmTC_74ffa/fast] Error 2

File /home/common/colcon_ws/build/turtlebot3_node/CMakeFiles/CMakeTmp/CheckSymbolExists.c:
/* */
#include <pthread.h>

int main(int argc, char** argv)
{
  (void)argv;
#ifndef pthread_create
  return ((int*)(&pthread_create))[argc];
#else
  (void)argc;
  return 0;
#endif
}

Determining if the function pthread_create exists in the pthreads failed with the following output:
Change Dir: /home/common/colcon_ws/build/turtlebot3_node/CMakeFiles/CMakeTmp

Run Build Command:"/usr/bin/make" "cmTC_e5a06/fast"
/usr/bin/make -f CMakeFiles/cmTC_e5a06.dir/build.make CMakeFiles/cmTC_e5a06.dir/build
make[1]: Entering directory '/home/common/colcon_ws/build/turtlebot3_node/CMakeFiles/CMakeTmp'
Building C object CMakeFiles/cmTC_e5a06.dir/CheckFunctionExists.c.o
/usr/bin/cc   -DCHECK_FUNCTION_EXISTS=pthread_create   -o CMakeFiles/cmTC_e5a06.dir/CheckFunctionExists.c.o   -c /usr/share/cmake-3.10/Modules/CheckFunctionExists.c
Linking C executable cmTC_e5a06
/usr/bin/cmake -E cmake_link_script CMakeFiles/cmTC_e5a06.dir/link.txt --verbose=1
/usr/bin/cc  -DCHECK_FUNCTION_EXISTS=pthread_create    CMakeFiles/cmTC_e5a06.dir/CheckFunctionExists.c.o  -o cmTC_e5a06 -lpthreads 
/usr/bin/ld: cannot find -lpthreads
collect2: error: ld returned 1 exit status
CMakeFiles/cmTC_e5a06.dir/build.make:97: recipe for target 'cmTC_e5a06' failed
make[1]: *** [cmTC_e5a06] Error 1
make[1]: Leaving directory '/home/common/colcon_ws/build/turtlebot3_node/CMakeFiles/CMakeTmp'
Makefile:126: recipe for target 'cmTC_e5a06/fast' failed
make: *** [cmTC_e5a06/fast] Error 2


Determining if the pthread_create exist failed with the following output:
Change Dir: /home/common/colcon_ws/build/turtlebot3_node/CMakeFiles/CMakeTmp

Run Build Command:"/usr/bin/make" "cmTC_ef0d6/fast"
/usr/bin/make -f CMakeFiles/cmTC_ef0d6.dir/build.make CMakeFiles/cmTC_ef0d6.dir/build
make[1]: Entering directory '/home/common/colcon_ws/build/turtlebot3_node/CMakeFiles/CMakeTmp'
Building C object CMakeFiles/cmTC_ef0d6.dir/CheckSymbolExists.c.o
/usr/bin/cc    -o CMakeFiles/cmTC_ef0d6.dir/CheckSymbolExists.c.o   -c /home/common/colcon_ws/build/turtlebot3_node/CMakeFiles/CMakeTmp/CheckSymbolExists.c
Linking C executable cmTC_ef0d6
/usr/bin/cmake -E cmake_link_script CMakeFiles/cmTC_ef0d6.dir/link.txt --verbose=1
/usr/bin/cc      CMakeFiles/cmTC_ef0d6.dir/CheckSymbolExists.c.o  -o cmTC_ef0d6 
CMakeFiles/cmTC_ef0d6.dir/CheckSymbolExists.c.o: In function `main':
CheckSymbolExists.c:(.text+0x1b): undefined reference to `pthread_create'
collect2: error: ld returned 1 exit status
CMakeFiles/cmTC_ef0d6.dir/build.make:97: recipe for target 'cmTC_ef0d6' failed
make[1]: *** [cmTC_ef0d6] Error 1
make[1]: Leaving directory '/home/common/colcon_ws/build/turtlebot3_node/CMakeFiles/CMakeTmp'
Makefile:126: recipe for target 'cmTC_ef0d6/fast' failed
make: *** [cmTC_ef0d6/fast] Error 2

File /home/common/colcon_ws/build/turtlebot3_node/CMakeFiles/CMakeTmp/CheckSymbolExists.c:
/* */
#include <pthread.h>

int main(int argc, char** argv)
{
  (void)argv;
#ifndef pthread_create
  return ((int*)(&pthread_create))[argc];
#else
  (void)argc;
  return 0;
#endif
}

Determining if the function pthread_create exists in the pthreads failed with the following output:
Change Dir: /home/common/colcon_ws/build/turtlebot3_node/CMakeFiles/CMakeTmp

Run Build Command:"/usr/bin/make" "cmTC_16fc4/fast"
/usr/bin/make -f CMakeFiles/cmTC_16fc4.dir/build.make CMakeFiles/cmTC_16fc4.dir/build
make[1]: Entering directory '/home/common/colcon_ws/build/turtlebot3_node/CMakeFiles/CMakeTmp'
Building C object CMakeFiles/cmTC_16fc4.dir/CheckFunctionExists.c.o
/usr/bin/cc   -DCHECK_FUNCTION_EXISTS=pthread_create   -o CMakeFiles/cmTC_16fc4.dir/CheckFunctionExists.c.o   -c /usr/share/cmake-3.10/Modules/CheckFunctionExists.c
Linking C executable cmTC_16fc4
/usr/bin/cmake -E cmake_link_script CMakeFiles/cmTC_16fc4.dir/link.txt --verbose=1
/usr/bin/cc  -DCHECK_FUNCTION_EXISTS=pthread_create    CMakeFiles/cmTC_16fc4.dir/CheckFunctionExists.c.o  -o cmTC_16fc4 -lpthreads 
/usr/bin/ld: cannot find -lpthreads
collect2: error: ld returned 1 exit status
CMakeFiles/cmTC_16fc4.dir/build.make:97: recipe for target 'cmTC_16fc4' failed
make[1]: *** [cmTC_16fc4] Error 1
make[1]: Leaving directory '/home/common/colcon_ws/build/turtlebot3_node/CMakeFiles/CMakeTmp'
Makefile:126: recipe for target 'cmTC_16fc4/fast' failed
make: *** [cmTC_16fc4/fast] Error 2


Determining if the pthread_create exist failed with the following output:
Change Dir: /home/common/colcon_ws/build/turtlebot3_node/CMakeFiles/CMakeTmp

Run Build Command:"/usr/bin/make" "cmTC_6e019/fast"
/usr/bin/make -f CMakeFiles/cmTC_6e019.dir/build.make CMakeFiles/cmTC_6e019.dir/build
make[1]: Entering directory '/home/common/colcon_ws/build/turtlebot3_node/CMakeFiles/CMakeTmp'
Building C object CMakeFiles/cmTC_6e019.dir/CheckSymbolExists.c.o
/usr/bin/cc    -o CMakeFiles/cmTC_6e019.dir/CheckSymbolExists.c.o   -c /home/common/colcon_ws/build/turtlebot3_node/CMakeFiles/CMakeTmp/CheckSymbolExists.c
Linking C executable cmTC_6e019
/usr/bin/cmake -E cmake_link_script CMakeFiles/cmTC_6e019.dir/link.txt --verbose=1
/usr/bin/cc      CMakeFiles/cmTC_6e019.dir/CheckSymbolExists.c.o  -o cmTC_6e019 
CMakeFiles/cmTC_6e019.dir/CheckSymbolExists.c.o: In function `main':
CheckSymbolExists.c:(.text+0x1b): undefined reference to `pthread_create'
collect2: error: ld returned 1 exit status
CMakeFiles/cmTC_6e019.dir/build.make:97: recipe for target 'cmTC_6e019' failed
make[1]: *** [cmTC_6e019] Error 1
make[1]: Leaving directory '/home/common/colcon_ws/build/turtlebot3_node/CMakeFiles/CMakeTmp'
Makefile:126: recipe for target 'cmTC_6e019/fast' failed
make: *** [cmTC_6e019/fast] Error 2

File /home/common/colcon_ws/build/turtlebot3_node/CMakeFiles/CMakeTmp/CheckSymbolExists.c:
/* */
#include <pthread.h>

int main(int argc, char** argv)
{
  (void)argv;
#ifndef pthread_create
  return ((int*)(&pthread_create))[argc];
#else
  (void)argc;
  return 0;
#endif
}

Determining if the function pthread_create exists in the pthreads failed with the following output:
Change Dir: /home/common/colcon_ws/build/turtlebot3_node/CMakeFiles/CMakeTmp

Run Build Command:"/usr/bin/make" "cmTC_f77ff/fast"
/usr/bin/make -f CMakeFiles/cmTC_f77ff.dir/build.make CMakeFiles/cmTC_f77ff.dir/build
make[1]: Entering directory '/home/common/colcon_ws/build/turtlebot3_node/CMakeFiles/CMakeTmp'
Building C object CMakeFiles/cmTC_f77ff.dir/CheckFunctionExists.c.o
/usr/bin/cc   -DCHECK_FUNCTION_EXISTS=pthread_create   -o CMakeFiles/cmTC_f77ff.dir/CheckFunctionExists.c.o   -c /usr/share/cmake-3.10/Modules/CheckFunctionExists.c
Linking C executable cmTC_f77ff
/usr/bin/cmake -E cmake_link_script CMakeFiles/cmTC_f77ff.dir/link.txt --verbose=1
/usr/bin/cc  -DCHECK_FUNCTION_EXISTS=pthread_create    CMakeFiles/cmTC_f77ff.dir/CheckFunctionExists.c.o  -o cmTC_f77ff -lpthreads 
/usr/bin/ld: cannot find -lpthreads
collect2: error: ld returned 1 exit status
CMakeFiles/cmTC_f77ff.dir/build.make:97: recipe for target 'cmTC_f77ff' failed
make[1]: *** [cmTC_f77ff] Error 1
make[1]: Leaving directory '/home/common/colcon_ws/build/turtlebot3_node/CMakeFiles/CMakeTmp'
Makefile:126: recipe for target 'cmTC_f77ff/fast' failed
make: *** [cmTC_f77ff/fast] Error 2


Determining if the pthread_create exist failed with the following output:
Change Dir: /home/common/colcon_ws/build/turtlebot3_node/CMakeFiles/CMakeTmp

Run Build Command:"/usr/bin/make" "cmTC_95e0b/fast"
/usr/bin/make -f CMakeFiles/cmTC_95e0b.dir/build.make CMakeFiles/cmTC_95e0b.dir/build
make[1]: Entering directory '/home/common/colcon_ws/build/turtlebot3_node/CMakeFiles/CMakeTmp'
Building C object CMakeFiles/cmTC_95e0b.dir/CheckSymbolExists.c.o
/usr/bin/cc    -o CMakeFiles/cmTC_95e0b.dir/CheckSymbolExists.c.o   -c /home/common/colcon_ws/build/turtlebot3_node/CMakeFiles/CMakeTmp/CheckSymbolExists.c
Linking C executable cmTC_95e0b
/usr/bin/cmake -E cmake_link_script CMakeFiles/cmTC_95e0b.dir/link.txt --verbose=1
/usr/bin/cc      CMakeFiles/cmTC_95e0b.dir/CheckSymbolExists.c.o  -o cmTC_95e0b 
CMakeFiles/cmTC_95e0b.dir/CheckSymbolExists.c.o: In function `main':
CheckSymbolExists.c:(.text+0x1b): undefined reference to `pthread_create'
collect2: error: ld returned 1 exit status
CMakeFiles/cmTC_95e0b.dir/build.make:97: recipe for target 'cmTC_95e0b' failed
make[1]: *** [cmTC_95e0b] Error 1
make[1]: Leaving directory '/home/common/colcon_ws/build/turtlebot3_node/CMakeFiles/CMakeTmp'
Makefile:126: recipe for target 'cmTC_95e0b/fast' failed
make: *** [cmTC_95e0b/fast] Error 2

File /home/common/colcon_ws/build/turtlebot3_node/CMakeFiles/CMakeTmp/CheckSymbolExists.c:
/* */
#include <pthread.h>

int main(int argc, char** argv)
{
  (void)argv;
#ifndef pthread_create
  return ((int*)(&pthread_create))[argc];
#else
  (void)argc;
  return 0;
#endif
}

Determining if the function pthread_create exists in the pthreads failed with the following output:
Change Dir: /home/common/colcon_ws/build/turtlebot3_node/CMakeFiles/CMakeTmp

Run Build Command:"/usr/bin/make" "cmTC_4e755/fast"
/usr/bin/make -f CMakeFiles/cmTC_4e755.dir/build.make CMakeFiles/cmTC_4e755.dir/build
make[1]: Entering directory '/home/common/colcon_ws/build/turtlebot3_node/CMakeFiles/CMakeTmp'
Building C object CMakeFiles/cmTC_4e755.dir/CheckFunctionExists.c.o
/usr/bin/cc   -DCHECK_FUNCTION_EXISTS=pthread_create   -o CMakeFiles/cmTC_4e755.dir/CheckFunctionExists.c.o   -c /usr/share/cmake-3.10/Modules/CheckFunctionExists.c
Linking C executable cmTC_4e755
/usr/bin/cmake -E cmake_link_script CMakeFiles/cmTC_4e755.dir/link.txt --verbose=1
/usr/bin/cc  -DCHECK_FUNCTION_EXISTS=pthread_create    CMakeFiles/cmTC_4e755.dir/CheckFunctionExists.c.o  -o cmTC_4e755 -lpthreads 
/usr/bin/ld: cannot find -lpthreads
collect2: error: ld returned 1 exit status
CMakeFiles/cmTC_4e755.dir/build.make:97: recipe for target 'cmTC_4e755' failed
make[1]: *** [cmTC_4e755] Error 1
make[1]: Leaving directory '/home/common/colcon_ws/build/turtlebot3_node/CMakeFiles/CMakeTmp'
Makefile:126: recipe for target 'cmTC_4e755/fast' failed
make: *** [cmTC_4e755/fast] Error 2


Determining if the pthread_create exist failed with the following output:
Change Dir: /home/common/colcon_ws/build/turtlebot3_node/CMakeFiles/CMakeTmp

Run Build Command:"/usr/bin/make" "cmTC_758b8/fast"
/usr/bin/make -f CMakeFiles/cmTC_758b8.dir/build.make CMakeFiles/cmTC_758b8.dir/build
make[1]: Entering directory '/home/common/colcon_ws/build/turtlebot3_node/CMakeFiles/CMakeTmp'
Building C object CMakeFiles/cmTC_758b8.dir/CheckSymbolExists.c.o
/usr/bin/cc    -o CMakeFiles/cmTC_758b8.dir/CheckSymbolExists.c.o   -c /home/common/colcon_ws/build/turtlebot3_node/CMakeFiles/CMakeTmp/CheckSymbolExists.c
Linking C executable cmTC_758b8
/usr/bin/cmake -E cmake_link_script CMakeFiles/cmTC_758b8.dir/link.txt --verbose=1
/usr/bin/cc      CMakeFiles/cmTC_758b8.dir/CheckSymbolExists.c.o  -o cmTC_758b8 
CMakeFiles/cmTC_758b8.dir/CheckSymbolExists.c.o: In function `main':
CheckSymbolExists.c:(.text+0x1b): undefined reference to `pthread_create'
collect2: error: ld returned 1 exit status
CMakeFiles/cmTC_758b8.dir/build.make:97: recipe for target 'cmTC_758b8' failed
make[1]: *** [cmTC_758b8] Error 1
make[1]: Leaving directory '/home/common/colcon_ws/build/turtlebot3_node/CMakeFiles/CMakeTmp'
Makefile:126: recipe for target 'cmTC_758b8/fast' failed
make: *** [cmTC_758b8/fast] Error 2

File /home/common/colcon_ws/build/turtlebot3_node/CMakeFiles/CMakeTmp/CheckSymbolExists.c:
/* */
#include <pthread.h>

int main(int argc, char** argv)
{
  (void)argv;
#ifndef pthread_create
  return ((int*)(&pthread_create))[argc];
#else
  (void)argc;
  return 0;
#endif
}

Determining if the function pthread_create exists in the pthreads failed with the following output:
Change Dir: /home/common/colcon_ws/build/turtlebot3_node/CMakeFiles/CMakeTmp

Run Build Command:"/usr/bin/make" "cmTC_54855/fast"
/usr/bin/make -f CMakeFiles/cmTC_54855.dir/build.make CMakeFiles/cmTC_54855.dir/build
make[1]: Entering directory '/home/common/colcon_ws/build/turtlebot3_node/CMakeFiles/CMakeTmp'
Building C object CMakeFiles/cmTC_54855.dir/CheckFunctionExists.c.o
/usr/bin/cc   -DCHECK_FUNCTION_EXISTS=pthread_create   -o CMakeFiles/cmTC_54855.dir/CheckFunctionExists.c.o   -c /usr/share/cmake-3.10/Modules/CheckFunctionExists.c
Linking C executable cmTC_54855
/usr/bin/cmake -E cmake_link_script CMakeFiles/cmTC_54855.dir/link.txt --verbose=1
/usr/bin/cc  -DCHECK_FUNCTION_EXISTS=pthread_create    CMakeFiles/cmTC_54855.dir/CheckFunctionExists.c.o  -o cmTC_54855 -lpthreads 
/usr/bin/ld: cannot find -lpthreads
collect2: error: ld returned 1 exit status
CMakeFiles/cmTC_54855.dir/build.make:97: recipe for target 'cmTC_54855' failed
make[1]: *** [cmTC_54855] Error 1
make[1]: Leaving directory '/home/common/colcon_ws/build/turtlebot3_node/CMakeFiles/CMakeTmp'
Makefile:126: recipe for target 'cmTC_54855/fast' failed
make: *** [cmTC_54855/fast] Error 2


Determining if the pthread_create exist failed with the following output:
Change Dir: /home/common/colcon_ws/build/turtlebot3_node/CMakeFiles/CMakeTmp

Run Build Command:"/usr/bin/make" "cmTC_bcf31/fast"
/usr/bin/make -f CMakeFiles/cmTC_bcf31.dir/build.make CMakeFiles/cmTC_bcf31.dir/build
make[1]: Entering directory '/home/common/colcon_ws/build/turtlebot3_node/CMakeFiles/CMakeTmp'
Building C object CMakeFiles/cmTC_bcf31.dir/CheckSymbolExists.c.o
/usr/bin/cc    -o CMakeFiles/cmTC_bcf31.dir/CheckSymbolExists.c.o   -c /home/common/colcon_ws/build/turtlebot3_node/CMakeFiles/CMakeTmp/CheckSymbolExists.c
Linking C executable cmTC_bcf31
/usr/bin/cmake -E cmake_link_script CMakeFiles/cmTC_bcf31.dir/link.txt --verbose=1
/usr/bin/cc      CMakeFiles/cmTC_bcf31.dir/CheckSymbolExists.c.o  -o cmTC_bcf31 
CMakeFiles/cmTC_bcf31.dir/CheckSymbolExists.c.o: In function `main':
CheckSymbolExists.c:(.text+0x1b): undefined reference to `pthread_create'
collect2: error: ld returned 1 exit status
CMakeFiles/cmTC_bcf31.dir/build.make:97: recipe for target 'cmTC_bcf31' failed
make[1]: *** [cmTC_bcf31] Error 1
make[1]: Leaving directory '/home/common/colcon_ws/build/turtlebot3_node/CMakeFiles/CMakeTmp'
Makefile:126: recipe for target 'cmTC_bcf31/fast' failed
make: *** [cmTC_bcf31/fast] Error 2

File /home/common/colcon_ws/build/turtlebot3_node/CMakeFiles/CMakeTmp/CheckSymbolExists.c:
/* */
#include <pthread.h>

int main(int argc, char** argv)
{
  (void)argv;
#ifndef pthread_create
  return ((int*)(&pthread_create))[argc];
#else
  (void)argc;
  return 0;
#endif
}

Determining if the function pthread_create exists in the pthreads failed with the following output:
Change Dir: /home/common/colcon_ws/build/turtlebot3_node/CMakeFiles/CMakeTmp

Run Build Command:"/usr/bin/make" "cmTC_628fa/fast"
/usr/bin/make -f CMakeFiles/cmTC_628fa.dir/build.make CMakeFiles/cmTC_628fa.dir/build
make[1]: Entering directory '/home/common/colcon_ws/build/turtlebot3_node/CMakeFiles/CMakeTmp'
Building C object CMakeFiles/cmTC_628fa.dir/CheckFunctionExists.c.o
/usr/bin/cc   -DCHECK_FUNCTION_EXISTS=pthread_create   -o CMakeFiles/cmTC_628fa.dir/CheckFunctionExists.c.o   -c /usr/share/cmake-3.10/Modules/CheckFunctionExists.c
Linking C executable cmTC_628fa
/usr/bin/cmake -E cmake_link_script CMakeFiles/cmTC_628fa.dir/link.txt --verbose=1
/usr/bin/cc  -DCHECK_FUNCTION_EXISTS=pthread_create    CMakeFiles/cmTC_628fa.dir/CheckFunctionExists.c.o  -o cmTC_628fa -lpthreads 
/usr/bin/ld: cannot find -lpthreads
collect2: error: ld returned 1 exit status
CMakeFiles/cmTC_628fa.dir/build.make:97: recipe for target 'cmTC_628fa' failed
make[1]: *** [cmTC_628fa] Error 1
make[1]: Leaving directory '/home/common/colcon_ws/build/turtlebot3_node/CMakeFiles/CMakeTmp'
Makefile:126: recipe for target 'cmTC_628fa/fast' failed
make: *** [cmTC_628fa/fast] Error 2


