[0.070s] Invoking command in '/home/common/colcon_ws/build/turtlebot3_msgs': CMAKE_PREFIX_PATH=/home/common/colcon_ws/install/turtlebot3:/home/common/colcon_ws/install/turtlebot3_simulations:/home/common/colcon_ws/install/turtlebot3_bringup:/home/common/colcon_ws/install/turtlebot3_node:/home/common/colcon_ws/install/turtlebot3_navigation2:/home/common/colcon_ws/install/turtlebot3_fake_node:/home/common/colcon_ws/install/doublenode:/home/common/colcon_ws/install/turtlebot3_msgs:/home/common/colcon_ws/install/turtlebot3_gazebo:/home/common/colcon_ws/install/turtlebot3_description:/home/common/colcon_ws/install/turtlebot3_cartographer:/home/common/colcon_ws/install/tms_ss_vicon:/home/common/colcon_ws/install/tms_rc_tfnode:/home/common/colcon_ws/install/turtlebot3_teleop:/home/common/colcon_ws/install/tms_ur_speaker:/home/common/colcon_ws/install/tms_ur_listener:/home/common/colcon_ws/install/tms_ts_ts:/home/common/colcon_ws/install/tms_ts_test:/home/common/colcon_ws/install/tms_ts_subtask:/home/common/colcon_ws/install/tms_ss_whs1:/home/common/colcon_ws/install/tms_rc_double:/home/common/colcon_ws/install/tms_db_manager:/opt/ros/dashing:/home/common/colcon_ws/install/tms_rc_smartpal_control:/home/common/colcon_ws/install/tms_rc_bot:/home/common/colcon_ws/install/tms_nw_rp:/home/common/colcon_ws/install/tms_msg_ur:/home/common/colcon_ws/install/tms_msg_ts:/home/common/colcon_ws/install/tms_msg_ss:/home/common/colcon_ws/install/tms_msg_rc:/home/common/colcon_ws/install/tms_msg_db:/home/common/colcon_ws/install/moveit_msgs:/home/common/colcon_ws/install/octomap_msgs:/home/common/colcon_ws/install/object_recognition_msgs:/home/common/colcon_ws/install/hls_lfcd_lds_driver:/home/common/colcon_ws/install/examples_rclcpp_minimal_timer:/home/common/colcon_ws/install/examples_rclcpp_minimal_subscriber:/home/common/colcon_ws/install/examples_rclcpp_minimal_service:/home/common/colcon_ws/install/examples_rclcpp_minimal_publisher:/home/common/colcon_ws/install/examples_rclcpp_minimal_composition:/home/common/colcon_ws/install/examples_rclcpp_minimal_client:/home/common/colcon_ws/install/examples_rclcpp_minimal_action_server:/home/common/colcon_ws/install/examples_rclcpp_minimal_action_client:/home/common/colcon_ws/install/dynamixel_sdk:/home/common/catkin_ws/devel:/opt/ros/melodic /usr/bin/cmake --build /home/common/colcon_ws/build/turtlebot3_msgs -- -j8 -l8
[0.153s] [  1%] Built target turtlebot3_msgs__cpp
[0.163s] [ 13%] Built target turtlebot3_msgs__rosidl_generator_c
[0.206s] [ 24%] Built target turtlebot3_msgs__rosidl_typesupport_fastrtps_cpp
[0.214s] [ 35%] Built target turtlebot3_msgs__rosidl_typesupport_introspection_cpp
[0.254s] [ 47%] Built target turtlebot3_msgs__rosidl_typesupport_introspection_c
[0.280s] [ 58%] Built target turtlebot3_msgs__rosidl_typesupport_fastrtps_c
[0.306s] [ 69%] Built target turtlebot3_msgs__rosidl_typesupport_cpp
[0.352s] [ 81%] Built target turtlebot3_msgs__rosidl_typesupport_c
[0.410s] [ 81%] Built target turtlebot3_msgs
[0.440s] [ 83%] Built target turtlebot3_msgs__py
[0.483s] [ 92%] Built target turtlebot3_msgs__python
[0.534s] [ 96%] Built target turtlebot3_msgs__rosidl_typesupport_c__pyext
[0.544s] [100%] Built target turtlebot3_msgs__rosidl_typesupport_fastrtps_c__pyext
[0.565s] Invoked command in '/home/common/colcon_ws/build/turtlebot3_msgs' returned '0': CMAKE_PREFIX_PATH=/home/common/colcon_ws/install/turtlebot3:/home/common/colcon_ws/install/turtlebot3_simulations:/home/common/colcon_ws/install/turtlebot3_bringup:/home/common/colcon_ws/install/turtlebot3_node:/home/common/colcon_ws/install/turtlebot3_navigation2:/home/common/colcon_ws/install/turtlebot3_fake_node:/home/common/colcon_ws/install/doublenode:/home/common/colcon_ws/install/turtlebot3_msgs:/home/common/colcon_ws/install/turtlebot3_gazebo:/home/common/colcon_ws/install/turtlebot3_description:/home/common/colcon_ws/install/turtlebot3_cartographer:/home/common/colcon_ws/install/tms_ss_vicon:/home/common/colcon_ws/install/tms_rc_tfnode:/home/common/colcon_ws/install/turtlebot3_teleop:/home/common/colcon_ws/install/tms_ur_speaker:/home/common/colcon_ws/install/tms_ur_listener:/home/common/colcon_ws/install/tms_ts_ts:/home/common/colcon_ws/install/tms_ts_test:/home/common/colcon_ws/install/tms_ts_subtask:/home/common/colcon_ws/install/tms_ss_whs1:/home/common/colcon_ws/install/tms_rc_double:/home/common/colcon_ws/install/tms_db_manager:/opt/ros/dashing:/home/common/colcon_ws/install/tms_rc_smartpal_control:/home/common/colcon_ws/install/tms_rc_bot:/home/common/colcon_ws/install/tms_nw_rp:/home/common/colcon_ws/install/tms_msg_ur:/home/common/colcon_ws/install/tms_msg_ts:/home/common/colcon_ws/install/tms_msg_ss:/home/common/colcon_ws/install/tms_msg_rc:/home/common/colcon_ws/install/tms_msg_db:/home/common/colcon_ws/install/moveit_msgs:/home/common/colcon_ws/install/octomap_msgs:/home/common/colcon_ws/install/object_recognition_msgs:/home/common/colcon_ws/install/hls_lfcd_lds_driver:/home/common/colcon_ws/install/examples_rclcpp_minimal_timer:/home/common/colcon_ws/install/examples_rclcpp_minimal_subscriber:/home/common/colcon_ws/install/examples_rclcpp_minimal_service:/home/common/colcon_ws/install/examples_rclcpp_minimal_publisher:/home/common/colcon_ws/install/examples_rclcpp_minimal_composition:/home/common/colcon_ws/install/examples_rclcpp_minimal_client:/home/common/colcon_ws/install/examples_rclcpp_minimal_action_server:/home/common/colcon_ws/install/examples_rclcpp_minimal_action_client:/home/common/colcon_ws/install/dynamixel_sdk:/home/common/catkin_ws/devel:/opt/ros/melodic /usr/bin/cmake --build /home/common/colcon_ws/build/turtlebot3_msgs -- -j8 -l8
[1.188s] Invoking command in '/home/common/colcon_ws/build/turtlebot3_msgs': CMAKE_PREFIX_PATH=/home/common/colcon_ws/install/turtlebot3:/home/common/colcon_ws/install/turtlebot3_simulations:/home/common/colcon_ws/install/turtlebot3_bringup:/home/common/colcon_ws/install/turtlebot3_node:/home/common/colcon_ws/install/turtlebot3_navigation2:/home/common/colcon_ws/install/turtlebot3_fake_node:/home/common/colcon_ws/install/doublenode:/home/common/colcon_ws/install/turtlebot3_msgs:/home/common/colcon_ws/install/turtlebot3_gazebo:/home/common/colcon_ws/install/turtlebot3_description:/home/common/colcon_ws/install/turtlebot3_cartographer:/home/common/colcon_ws/install/tms_ss_vicon:/home/common/colcon_ws/install/tms_rc_tfnode:/home/common/colcon_ws/install/turtlebot3_teleop:/home/common/colcon_ws/install/tms_ur_speaker:/home/common/colcon_ws/install/tms_ur_listener:/home/common/colcon_ws/install/tms_ts_ts:/home/common/colcon_ws/install/tms_ts_test:/home/common/colcon_ws/install/tms_ts_subtask:/home/common/colcon_ws/install/tms_ss_whs1:/home/common/colcon_ws/install/tms_rc_double:/home/common/colcon_ws/install/tms_db_manager:/opt/ros/dashing:/home/common/colcon_ws/install/tms_rc_smartpal_control:/home/common/colcon_ws/install/tms_rc_bot:/home/common/colcon_ws/install/tms_nw_rp:/home/common/colcon_ws/install/tms_msg_ur:/home/common/colcon_ws/install/tms_msg_ts:/home/common/colcon_ws/install/tms_msg_ss:/home/common/colcon_ws/install/tms_msg_rc:/home/common/colcon_ws/install/tms_msg_db:/home/common/colcon_ws/install/moveit_msgs:/home/common/colcon_ws/install/octomap_msgs:/home/common/colcon_ws/install/object_recognition_msgs:/home/common/colcon_ws/install/hls_lfcd_lds_driver:/home/common/colcon_ws/install/examples_rclcpp_minimal_timer:/home/common/colcon_ws/install/examples_rclcpp_minimal_subscriber:/home/common/colcon_ws/install/examples_rclcpp_minimal_service:/home/common/colcon_ws/install/examples_rclcpp_minimal_publisher:/home/common/colcon_ws/install/examples_rclcpp_minimal_composition:/home/common/colcon_ws/install/examples_rclcpp_minimal_client:/home/common/colcon_ws/install/examples_rclcpp_minimal_action_server:/home/common/colcon_ws/install/examples_rclcpp_minimal_action_client:/home/common/colcon_ws/install/dynamixel_sdk:/home/common/catkin_ws/devel:/opt/ros/melodic /usr/bin/cmake --build /home/common/colcon_ws/build/turtlebot3_msgs --target install -- -j8 -l8
[1.279s] [  1%] Built target turtlebot3_msgs__cpp
[1.283s] [ 13%] Built target turtlebot3_msgs__rosidl_generator_c
[1.333s] [ 24%] Built target turtlebot3_msgs__rosidl_typesupport_introspection_cpp
[1.337s] [ 35%] Built target turtlebot3_msgs__rosidl_typesupport_introspection_c
[1.340s] [ 47%] Built target turtlebot3_msgs__rosidl_typesupport_fastrtps_cpp
[1.391s] [ 58%] Built target turtlebot3_msgs__rosidl_typesupport_cpp
[1.395s] [ 69%] Built target turtlebot3_msgs__rosidl_typesupport_fastrtps_c
[1.434s] [ 81%] Built target turtlebot3_msgs__rosidl_typesupport_c
[1.462s] [ 81%] Built target turtlebot3_msgs
[1.491s] [ 83%] Built target turtlebot3_msgs__py
[1.526s] [ 92%] Built target turtlebot3_msgs__python
[1.560s] [ 96%] Built target turtlebot3_msgs__rosidl_typesupport_c__pyext
[1.569s] [100%] Built target turtlebot3_msgs__rosidl_typesupport_fastrtps_c__pyext
[1.599s] [36mInstall the project...[0m
[1.610s] -- Install configuration: ""
[1.611s] -- Execute custom install script
[1.612s] -- Up-to-date symlink: /home/common/colcon_ws/install/turtlebot3_msgs/share/ament_index/resource_index/rosidl_interfaces/turtlebot3_msgs
[1.613s] -- Up-to-date symlink: /home/common/colcon_ws/install/turtlebot3_msgs/lib/libturtlebot3_msgs__rosidl_typesupport_c.so
[1.613s] -- Up-to-date symlink: /home/common/colcon_ws/install/turtlebot3_msgs/share/turtlebot3_msgs/environment/library_path.sh
[1.614s] -- Up-to-date symlink: /home/common/colcon_ws/install/turtlebot3_msgs/lib/libturtlebot3_msgs__rosidl_typesupport_cpp.so
[1.615s] -- Up-to-date symlink: /home/common/colcon_ws/install/turtlebot3_msgs/include/turtlebot3_msgs/msg/rosidl_typesupport_fastrtps_c__visibility_control.h
[1.615s] -- Up-to-date symlink: /home/common/colcon_ws/install/turtlebot3_msgs/include/turtlebot3_msgs/msg/sensor_state__rosidl_typesupport_fastrtps_c.h
[1.616s] -- Up-to-date symlink: /home/common/colcon_ws/install/turtlebot3_msgs/include/turtlebot3_msgs/msg/sound__rosidl_typesupport_fastrtps_c.h
[1.616s] -- Up-to-date symlink: /home/common/colcon_ws/install/turtlebot3_msgs/include/turtlebot3_msgs/msg/version_info__rosidl_typesupport_fastrtps_c.h
[1.617s] -- Up-to-date symlink: /home/common/colcon_ws/install/turtlebot3_msgs/include/turtlebot3_msgs/srv/sound__rosidl_typesupport_fastrtps_c.h
[1.617s] -- Up-to-date symlink: /home/common/colcon_ws/install/turtlebot3_msgs/lib/libturtlebot3_msgs__rosidl_typesupport_fastrtps_c.so
[1.618s] -- Up-to-date symlink: /home/common/colcon_ws/install/turtlebot3_msgs/include/turtlebot3_msgs/msg/rosidl_generator_c__visibility_control.h
[1.619s] -- Up-to-date symlink: /home/common/colcon_ws/install/turtlebot3_msgs/include/turtlebot3_msgs/msg/sensor_state.h
[1.619s] -- Up-to-date symlink: /home/common/colcon_ws/install/turtlebot3_msgs/include/turtlebot3_msgs/msg/sensor_state__functions.h
[1.620s] -- Up-to-date symlink: /home/common/colcon_ws/install/turtlebot3_msgs/include/turtlebot3_msgs/msg/sensor_state__struct.h
[1.620s] -- Up-to-date symlink: /home/common/colcon_ws/install/turtlebot3_msgs/include/turtlebot3_msgs/msg/sensor_state__type_support.h
[1.621s] -- Up-to-date symlink: /home/common/colcon_ws/install/turtlebot3_msgs/include/turtlebot3_msgs/msg/sound.h
[1.621s] -- Up-to-date symlink: /home/common/colcon_ws/install/turtlebot3_msgs/include/turtlebot3_msgs/msg/sound__functions.h
[1.622s] -- Up-to-date symlink: /home/common/colcon_ws/install/turtlebot3_msgs/include/turtlebot3_msgs/msg/sound__struct.h
[1.622s] -- Up-to-date symlink: /home/common/colcon_ws/install/turtlebot3_msgs/include/turtlebot3_msgs/msg/sound__type_support.h
[1.622s] -- Up-to-date symlink: /home/common/colcon_ws/install/turtlebot3_msgs/include/turtlebot3_msgs/msg/version_info.h
[1.623s] -- Up-to-date symlink: /home/common/colcon_ws/install/turtlebot3_msgs/include/turtlebot3_msgs/msg/version_info__functions.h
[1.623s] -- Up-to-date symlink: /home/common/colcon_ws/install/turtlebot3_msgs/include/turtlebot3_msgs/msg/version_info__struct.h
[1.624s] -- Up-to-date symlink: /home/common/colcon_ws/install/turtlebot3_msgs/include/turtlebot3_msgs/msg/version_info__type_support.h
[1.624s] -- Up-to-date symlink: /home/common/colcon_ws/install/turtlebot3_msgs/include/turtlebot3_msgs/srv/sound.h
[1.625s] -- Up-to-date symlink: /home/common/colcon_ws/install/turtlebot3_msgs/include/turtlebot3_msgs/srv/sound__functions.h
[1.625s] -- Up-to-date symlink: /home/common/colcon_ws/install/turtlebot3_msgs/include/turtlebot3_msgs/srv/sound__struct.h
[1.625s] -- Up-to-date symlink: /home/common/colcon_ws/install/turtlebot3_msgs/include/turtlebot3_msgs/srv/sound__type_support.h
[1.626s] -- Up-to-date symlink: /home/common/colcon_ws/install/turtlebot3_msgs/lib/libturtlebot3_msgs__rosidl_generator_c.so
[1.627s] -- Up-to-date symlink: /home/common/colcon_ws/install/turtlebot3_msgs/include/turtlebot3_msgs/msg/rosidl_typesupport_fastrtps_cpp__visibility_control.h
[1.627s] -- Up-to-date symlink: /home/common/colcon_ws/install/turtlebot3_msgs/include/turtlebot3_msgs/msg/sensor_state__rosidl_typesupport_fastrtps_cpp.hpp
[1.628s] -- Up-to-date symlink: /home/common/colcon_ws/install/turtlebot3_msgs/include/turtlebot3_msgs/msg/sound__rosidl_typesupport_fastrtps_cpp.hpp
[1.628s] -- Up-to-date symlink: /home/common/colcon_ws/install/turtlebot3_msgs/include/turtlebot3_msgs/msg/version_info__rosidl_typesupport_fastrtps_cpp.hpp
[1.628s] -- Up-to-date symlink: /home/common/colcon_ws/install/turtlebot3_msgs/include/turtlebot3_msgs/srv/sound__rosidl_typesupport_fastrtps_cpp.hpp
[1.629s] -- Up-to-date symlink: /home/common/colcon_ws/install/turtlebot3_msgs/lib/libturtlebot3_msgs__rosidl_typesupport_fastrtps_cpp.so
[1.629s] -- Up-to-date symlink: /home/common/colcon_ws/install/turtlebot3_msgs/include/turtlebot3_msgs/msg/sensor_state.hpp
[1.630s] -- Up-to-date symlink: /home/common/colcon_ws/install/turtlebot3_msgs/include/turtlebot3_msgs/msg/sensor_state__struct.hpp
[1.630s] -- Up-to-date symlink: /home/common/colcon_ws/install/turtlebot3_msgs/include/turtlebot3_msgs/msg/sensor_state__traits.hpp
[1.630s] -- Up-to-date symlink: /home/common/colcon_ws/install/turtlebot3_msgs/include/turtlebot3_msgs/msg/sound.hpp
[1.631s] -- Up-to-date symlink: /home/common/colcon_ws/install/turtlebot3_msgs/include/turtlebot3_msgs/msg/sound__struct.hpp
[1.631s] -- Up-to-date symlink: /home/common/colcon_ws/install/turtlebot3_msgs/include/turtlebot3_msgs/msg/sound__traits.hpp
[1.631s] -- Up-to-date symlink: /home/common/colcon_ws/install/turtlebot3_msgs/include/turtlebot3_msgs/msg/version_info.hpp
[1.631s] -- Up-to-date symlink: /home/common/colcon_ws/install/turtlebot3_msgs/include/turtlebot3_msgs/msg/version_info__struct.hpp
[1.632s] -- Up-to-date symlink: /home/common/colcon_ws/install/turtlebot3_msgs/include/turtlebot3_msgs/msg/version_info__traits.hpp
[1.632s] -- Up-to-date symlink: /home/common/colcon_ws/install/turtlebot3_msgs/include/turtlebot3_msgs/srv/sound.hpp
[1.632s] -- Up-to-date symlink: /home/common/colcon_ws/install/turtlebot3_msgs/include/turtlebot3_msgs/srv/sound__struct.hpp
[1.633s] -- Up-to-date symlink: /home/common/colcon_ws/install/turtlebot3_msgs/include/turtlebot3_msgs/srv/sound__traits.hpp
[1.633s] -- Up-to-date symlink: /home/common/colcon_ws/install/turtlebot3_msgs/include/turtlebot3_msgs/msg/rosidl_typesupport_introspection_c__visibility_control.h
[1.633s] -- Up-to-date symlink: /home/common/colcon_ws/install/turtlebot3_msgs/include/turtlebot3_msgs/msg/sensor_state__rosidl_typesupport_introspection_c.h
[1.634s] -- Up-to-date symlink: /home/common/colcon_ws/install/turtlebot3_msgs/include/turtlebot3_msgs/msg/sound__rosidl_typesupport_introspection_c.h
[1.634s] -- Up-to-date symlink: /home/common/colcon_ws/install/turtlebot3_msgs/include/turtlebot3_msgs/msg/version_info__rosidl_typesupport_introspection_c.h
[1.634s] -- Up-to-date symlink: /home/common/colcon_ws/install/turtlebot3_msgs/include/turtlebot3_msgs/srv/sound__rosidl_typesupport_introspection_c.h
[1.635s] -- Up-to-date symlink: /home/common/colcon_ws/install/turtlebot3_msgs/lib/libturtlebot3_msgs__rosidl_typesupport_introspection_c.so
[1.635s] -- Up-to-date symlink: /home/common/colcon_ws/install/turtlebot3_msgs/include/turtlebot3_msgs/msg/sensor_state__rosidl_typesupport_introspection_cpp.hpp
[1.635s] -- Up-to-date symlink: /home/common/colcon_ws/install/turtlebot3_msgs/include/turtlebot3_msgs/msg/sound__rosidl_typesupport_introspection_cpp.hpp
[1.636s] -- Up-to-date symlink: /home/common/colcon_ws/install/turtlebot3_msgs/include/turtlebot3_msgs/msg/version_info__rosidl_typesupport_introspection_cpp.hpp
[1.636s] -- Up-to-date symlink: /home/common/colcon_ws/install/turtlebot3_msgs/include/turtlebot3_msgs/srv/sound__rosidl_typesupport_introspection_cpp.hpp
[1.636s] -- Up-to-date symlink: /home/common/colcon_ws/install/turtlebot3_msgs/lib/libturtlebot3_msgs__rosidl_typesupport_introspection_cpp.so
[1.636s] -- Up-to-date symlink: /home/common/colcon_ws/install/turtlebot3_msgs/share/turtlebot3_msgs/environment/pythonpath.sh
[1.637s] -- Up-to-date symlink: /home/common/colcon_ws/install/turtlebot3_msgs/lib/python3.6/site-packages/turtlebot3_msgs/__init__.py
[1.637s] -- Up-to-date symlink: /home/common/colcon_ws/install/turtlebot3_msgs/lib/python3.6/site-packages/turtlebot3_msgs/msg/__init__.py
[1.637s] -- Up-to-date symlink: /home/common/colcon_ws/install/turtlebot3_msgs/lib/python3.6/site-packages/turtlebot3_msgs/msg/_sensor_state.py
[1.637s] -- Up-to-date symlink: /home/common/colcon_ws/install/turtlebot3_msgs/lib/python3.6/site-packages/turtlebot3_msgs/msg/_sound.py
[1.637s] -- Up-to-date symlink: /home/common/colcon_ws/install/turtlebot3_msgs/lib/python3.6/site-packages/turtlebot3_msgs/msg/_version_info.py
[1.638s] -- Up-to-date symlink: /home/common/colcon_ws/install/turtlebot3_msgs/lib/python3.6/site-packages/turtlebot3_msgs/srv/__init__.py
[1.638s] -- Up-to-date symlink: /home/common/colcon_ws/install/turtlebot3_msgs/lib/python3.6/site-packages/turtlebot3_msgs/srv/_sound.py
[1.638s] -- Up-to-date symlink: /home/common/colcon_ws/install/turtlebot3_msgs/lib/python3.6/site-packages/turtlebot3_msgs/turtlebot3_msgs_s__rosidl_typesupport_c.cpython-36m-x86_64-linux-gnu.so
[1.638s] -- Up-to-date symlink: /home/common/colcon_ws/install/turtlebot3_msgs/lib/python3.6/site-packages/turtlebot3_msgs/turtlebot3_msgs_s__rosidl_typesupport_fastrtps_c.cpython-36m-x86_64-linux-gnu.so
[1.638s] -- Up-to-date symlink: /home/common/colcon_ws/install/turtlebot3_msgs/lib/libturtlebot3_msgs__python.so
[1.638s] -- Up-to-date symlink: /home/common/colcon_ws/install/turtlebot3_msgs/share/turtlebot3_msgs/msg/SensorState.idl
[1.638s] -- Up-to-date symlink: /home/common/colcon_ws/install/turtlebot3_msgs/share/turtlebot3_msgs/msg/Sound.idl
[1.639s] -- Up-to-date symlink: /home/common/colcon_ws/install/turtlebot3_msgs/share/turtlebot3_msgs/msg/VersionInfo.idl
[1.639s] -- Up-to-date symlink: /home/common/colcon_ws/install/turtlebot3_msgs/share/turtlebot3_msgs/srv/Sound.idl
[1.639s] -- Up-to-date symlink: /home/common/colcon_ws/install/turtlebot3_msgs/share/turtlebot3_msgs/msg/SensorState.msg
[1.639s] -- Up-to-date symlink: /home/common/colcon_ws/install/turtlebot3_msgs/share/turtlebot3_msgs/msg/Sound.msg
[1.639s] -- Up-to-date symlink: /home/common/colcon_ws/install/turtlebot3_msgs/share/turtlebot3_msgs/msg/VersionInfo.msg
[1.639s] -- Up-to-date symlink: /home/common/colcon_ws/install/turtlebot3_msgs/share/turtlebot3_msgs/srv/Sound.srv
[1.639s] -- Up-to-date symlink: /home/common/colcon_ws/install/turtlebot3_msgs/share/turtlebot3_msgs/srv/Sound_Request.msg
[1.639s] -- Up-to-date symlink: /home/common/colcon_ws/install/turtlebot3_msgs/share/turtlebot3_msgs/srv/Sound_Response.msg
[1.639s] -- Up-to-date symlink: /home/common/colcon_ws/install/turtlebot3_msgs/share/ament_index/resource_index/package_run_dependencies/turtlebot3_msgs
[1.639s] -- Up-to-date symlink: /home/common/colcon_ws/install/turtlebot3_msgs/share/ament_index/resource_index/parent_prefix_path/turtlebot3_msgs
[1.640s] -- Up-to-date symlink: /home/common/colcon_ws/install/turtlebot3_msgs/share/turtlebot3_msgs/environment/ament_prefix_path.sh
[1.640s] -- Up-to-date symlink: /home/common/colcon_ws/install/turtlebot3_msgs/share/turtlebot3_msgs/environment/path.sh
[1.640s] -- Up-to-date symlink: /home/common/colcon_ws/install/turtlebot3_msgs/share/turtlebot3_msgs/local_setup.bash
[1.640s] -- Up-to-date symlink: /home/common/colcon_ws/install/turtlebot3_msgs/share/turtlebot3_msgs/local_setup.sh
[1.640s] -- Up-to-date symlink: /home/common/colcon_ws/install/turtlebot3_msgs/share/turtlebot3_msgs/local_setup.zsh
[1.640s] -- Up-to-date symlink: /home/common/colcon_ws/install/turtlebot3_msgs/share/ament_index/resource_index/packages/turtlebot3_msgs
[1.641s] -- Up-to-date symlink: /home/common/colcon_ws/install/turtlebot3_msgs/share/turtlebot3_msgs/cmake/rosidl_cmake-extras.cmake
[1.641s] -- Up-to-date symlink: /home/common/colcon_ws/install/turtlebot3_msgs/share/turtlebot3_msgs/cmake/ament_cmake_export_dependencies-extras.cmake
[1.641s] -- Up-to-date symlink: /home/common/colcon_ws/install/turtlebot3_msgs/share/turtlebot3_msgs/cmake/ament_cmake_export_libraries-extras.cmake
[1.641s] -- Up-to-date symlink: /home/common/colcon_ws/install/turtlebot3_msgs/share/turtlebot3_msgs/cmake/ament_cmake_export_include_directories-extras.cmake
[1.641s] -- Up-to-date symlink: /home/common/colcon_ws/install/turtlebot3_msgs/share/turtlebot3_msgs/cmake/turtlebot3_msgsConfig.cmake
[1.641s] -- Up-to-date symlink: /home/common/colcon_ws/install/turtlebot3_msgs/share/turtlebot3_msgs/cmake/turtlebot3_msgsConfig-version.cmake
[1.641s] -- Up-to-date symlink: /home/common/colcon_ws/install/turtlebot3_msgs/share/turtlebot3_msgs/package.xml
[1.737s] Invoked command in '/home/common/colcon_ws/build/turtlebot3_msgs' returned '0': CMAKE_PREFIX_PATH=/home/common/colcon_ws/install/turtlebot3:/home/common/colcon_ws/install/turtlebot3_simulations:/home/common/colcon_ws/install/turtlebot3_bringup:/home/common/colcon_ws/install/turtlebot3_node:/home/common/colcon_ws/install/turtlebot3_navigation2:/home/common/colcon_ws/install/turtlebot3_fake_node:/home/common/colcon_ws/install/doublenode:/home/common/colcon_ws/install/turtlebot3_msgs:/home/common/colcon_ws/install/turtlebot3_gazebo:/home/common/colcon_ws/install/turtlebot3_description:/home/common/colcon_ws/install/turtlebot3_cartographer:/home/common/colcon_ws/install/tms_ss_vicon:/home/common/colcon_ws/install/tms_rc_tfnode:/home/common/colcon_ws/install/turtlebot3_teleop:/home/common/colcon_ws/install/tms_ur_speaker:/home/common/colcon_ws/install/tms_ur_listener:/home/common/colcon_ws/install/tms_ts_ts:/home/common/colcon_ws/install/tms_ts_test:/home/common/colcon_ws/install/tms_ts_subtask:/home/common/colcon_ws/install/tms_ss_whs1:/home/common/colcon_ws/install/tms_rc_double:/home/common/colcon_ws/install/tms_db_manager:/opt/ros/dashing:/home/common/colcon_ws/install/tms_rc_smartpal_control:/home/common/colcon_ws/install/tms_rc_bot:/home/common/colcon_ws/install/tms_nw_rp:/home/common/colcon_ws/install/tms_msg_ur:/home/common/colcon_ws/install/tms_msg_ts:/home/common/colcon_ws/install/tms_msg_ss:/home/common/colcon_ws/install/tms_msg_rc:/home/common/colcon_ws/install/tms_msg_db:/home/common/colcon_ws/install/moveit_msgs:/home/common/colcon_ws/install/octomap_msgs:/home/common/colcon_ws/install/object_recognition_msgs:/home/common/colcon_ws/install/hls_lfcd_lds_driver:/home/common/colcon_ws/install/examples_rclcpp_minimal_timer:/home/common/colcon_ws/install/examples_rclcpp_minimal_subscriber:/home/common/colcon_ws/install/examples_rclcpp_minimal_service:/home/common/colcon_ws/install/examples_rclcpp_minimal_publisher:/home/common/colcon_ws/install/examples_rclcpp_minimal_composition:/home/common/colcon_ws/install/examples_rclcpp_minimal_client:/home/common/colcon_ws/install/examples_rclcpp_minimal_action_server:/home/common/colcon_ws/install/examples_rclcpp_minimal_action_client:/home/common/colcon_ws/install/dynamixel_sdk:/home/common/catkin_ws/devel:/opt/ros/melodic /usr/bin/cmake --build /home/common/colcon_ws/build/turtlebot3_msgs --target install -- -j8 -l8
