[0.170s] [  3%] Built target tms_msg_rc__cpp
[0.185s] [ 13%] Built target tms_msg_rc__rosidl_generator_c
[0.232s] [ 24%] Built target tms_msg_rc__rosidl_typesupport_introspection_cpp
[0.245s] [ 34%] Built target tms_msg_rc__rosidl_typesupport_introspection_c
[0.262s] [ 44%] Built target tms_msg_rc__rosidl_typesupport_fastrtps_cpp
[0.315s] [ 55%] Built target tms_msg_rc__rosidl_typesupport_cpp
[0.319s] [ 65%] Built target tms_msg_rc__rosidl_typesupport_fastrtps_c
[0.367s] [ 75%] Built target tms_msg_rc__rosidl_typesupport_c
[0.403s] [ 75%] Built target tms_msg_rc
[0.437s] [ 79%] Built target tms_msg_rc__py
[0.496s] [ 86%] Built target tms_msg_rc__python
[0.557s] [ 93%] Built target tms_msg_rc__rosidl_typesupport_c__pyext
[0.559s] [100%] Built target tms_msg_rc__rosidl_typesupport_fastrtps_c__pyext
[0.798s] [ 10%] Built target tms_msg_rc__rosidl_generator_c
[0.799s] [ 13%] Built target tms_msg_rc__cpp
[0.840s] [ 24%] Built target tms_msg_rc__rosidl_typesupport_introspection_c
[0.842s] [ 34%] Built target tms_msg_rc__rosidl_typesupport_introspection_cpp
[0.849s] [ 44%] Built target tms_msg_rc__rosidl_typesupport_fastrtps_cpp
[0.890s] [ 55%] Built target tms_msg_rc__rosidl_typesupport_cpp
[0.891s] [ 65%] Built target tms_msg_rc__rosidl_typesupport_fastrtps_c
[0.924s] [ 75%] Built target tms_msg_rc__rosidl_typesupport_c
[0.951s] [ 75%] Built target tms_msg_rc
[0.975s] [ 79%] Built target tms_msg_rc__py
[1.008s] [ 86%] Built target tms_msg_rc__python
[1.040s] [100%] Built target tms_msg_rc__rosidl_typesupport_c__pyext
[1.041s] [100%] Built target tms_msg_rc__rosidl_typesupport_fastrtps_c__pyext
[1.062s] [36mInstall the project...[0m
[1.072s] -- Install configuration: ""
[1.072s] -- Execute custom install script
[1.073s] -- Up-to-date symlink: /home/common/colcon_ws/install/tms_msg_rc/share/ament_index/resource_index/rosidl_interfaces/tms_msg_rc
[1.073s] -- Up-to-date symlink: /home/common/colcon_ws/install/tms_msg_rc/lib/libtms_msg_rc__rosidl_typesupport_c.so
[1.073s] -- Up-to-date symlink: /home/common/colcon_ws/install/tms_msg_rc/share/tms_msg_rc/environment/library_path.sh
[1.073s] -- Up-to-date symlink: /home/common/colcon_ws/install/tms_msg_rc/lib/libtms_msg_rc__rosidl_typesupport_cpp.so
[1.074s] -- Up-to-date symlink: /home/common/colcon_ws/install/tms_msg_rc/include/tms_msg_rc/msg/rosidl_typesupport_fastrtps_c__visibility_control.h
[1.074s] -- Up-to-date symlink: /home/common/colcon_ws/install/tms_msg_rc/include/tms_msg_rc/srv/turtlebot_control__rosidl_typesupport_fastrtps_c.h
[1.075s] -- Up-to-date symlink: /home/common/colcon_ws/install/tms_msg_rc/lib/libtms_msg_rc__rosidl_typesupport_fastrtps_c.so
[1.075s] -- Up-to-date symlink: /home/common/colcon_ws/install/tms_msg_rc/include/tms_msg_rc/msg/rosidl_generator_c__visibility_control.h
[1.075s] -- Up-to-date symlink: /home/common/colcon_ws/install/tms_msg_rc/include/tms_msg_rc/srv/turtlebot_control.h
[1.075s] -- Up-to-date symlink: /home/common/colcon_ws/install/tms_msg_rc/include/tms_msg_rc/srv/turtlebot_control__functions.h
[1.076s] -- Up-to-date symlink: /home/common/colcon_ws/install/tms_msg_rc/include/tms_msg_rc/srv/turtlebot_control__struct.h
[1.076s] -- Up-to-date symlink: /home/common/colcon_ws/install/tms_msg_rc/include/tms_msg_rc/srv/turtlebot_control__type_support.h
[1.076s] -- Up-to-date symlink: /home/common/colcon_ws/install/tms_msg_rc/lib/libtms_msg_rc__rosidl_generator_c.so
[1.077s] -- Up-to-date symlink: /home/common/colcon_ws/install/tms_msg_rc/include/tms_msg_rc/msg/rosidl_typesupport_fastrtps_cpp__visibility_control.h
[1.077s] -- Up-to-date symlink: /home/common/colcon_ws/install/tms_msg_rc/include/tms_msg_rc/srv/turtlebot_control__rosidl_typesupport_fastrtps_cpp.hpp
[1.077s] -- Up-to-date symlink: /home/common/colcon_ws/install/tms_msg_rc/lib/libtms_msg_rc__rosidl_typesupport_fastrtps_cpp.so
[1.077s] -- Up-to-date symlink: /home/common/colcon_ws/install/tms_msg_rc/include/tms_msg_rc/srv/turtlebot_control.hpp
[1.078s] -- Up-to-date symlink: /home/common/colcon_ws/install/tms_msg_rc/include/tms_msg_rc/srv/turtlebot_control__struct.hpp
[1.078s] -- Up-to-date symlink: /home/common/colcon_ws/install/tms_msg_rc/include/tms_msg_rc/srv/turtlebot_control__traits.hpp
[1.078s] -- Up-to-date symlink: /home/common/colcon_ws/install/tms_msg_rc/include/tms_msg_rc/msg/rosidl_typesupport_introspection_c__visibility_control.h
[1.078s] -- Up-to-date symlink: /home/common/colcon_ws/install/tms_msg_rc/include/tms_msg_rc/srv/turtlebot_control__rosidl_typesupport_introspection_c.h
[1.079s] -- Up-to-date symlink: /home/common/colcon_ws/install/tms_msg_rc/lib/libtms_msg_rc__rosidl_typesupport_introspection_c.so
[1.079s] -- Up-to-date symlink: /home/common/colcon_ws/install/tms_msg_rc/include/tms_msg_rc/srv/turtlebot_control__rosidl_typesupport_introspection_cpp.hpp
[1.079s] -- Up-to-date symlink: /home/common/colcon_ws/install/tms_msg_rc/lib/libtms_msg_rc__rosidl_typesupport_introspection_cpp.so
[1.080s] -- Up-to-date symlink: /home/common/colcon_ws/install/tms_msg_rc/share/tms_msg_rc/environment/pythonpath.sh
[1.080s] -- Up-to-date symlink: /home/common/colcon_ws/install/tms_msg_rc/lib/python3.6/site-packages/tms_msg_rc/__init__.py
[1.080s] -- Up-to-date symlink: /home/common/colcon_ws/install/tms_msg_rc/lib/python3.6/site-packages/tms_msg_rc/srv/__init__.py
[1.080s] -- Up-to-date symlink: /home/common/colcon_ws/install/tms_msg_rc/lib/python3.6/site-packages/tms_msg_rc/srv/_turtlebot_control.py
[1.081s] -- Up-to-date symlink: /home/common/colcon_ws/install/tms_msg_rc/lib/python3.6/site-packages/tms_msg_rc/tms_msg_rc_s__rosidl_typesupport_c.cpython-36m-x86_64-linux-gnu.so
[1.081s] -- Up-to-date symlink: /home/common/colcon_ws/install/tms_msg_rc/lib/python3.6/site-packages/tms_msg_rc/tms_msg_rc_s__rosidl_typesupport_fastrtps_c.cpython-36m-x86_64-linux-gnu.so
[1.082s] -- Up-to-date symlink: /home/common/colcon_ws/install/tms_msg_rc/lib/libtms_msg_rc__python.so
[1.082s] -- Up-to-date symlink: /home/common/colcon_ws/install/tms_msg_rc/share/tms_msg_rc/srv/TurtlebotControl.idl
[1.082s] -- Up-to-date symlink: /home/common/colcon_ws/install/tms_msg_rc/share/tms_msg_rc/srv/TurtlebotControl.srv
[1.082s] -- Up-to-date symlink: /home/common/colcon_ws/install/tms_msg_rc/share/tms_msg_rc/srv/TurtlebotControl_Request.msg
[1.083s] -- Up-to-date symlink: /home/common/colcon_ws/install/tms_msg_rc/share/tms_msg_rc/srv/TurtlebotControl_Response.msg
[1.083s] -- Up-to-date symlink: /home/common/colcon_ws/install/tms_msg_rc/share/ament_index/resource_index/package_run_dependencies/tms_msg_rc
[1.083s] -- Up-to-date symlink: /home/common/colcon_ws/install/tms_msg_rc/share/ament_index/resource_index/parent_prefix_path/tms_msg_rc
[1.083s] -- Up-to-date symlink: /home/common/colcon_ws/install/tms_msg_rc/share/tms_msg_rc/environment/ament_prefix_path.sh
[1.083s] -- Up-to-date symlink: /home/common/colcon_ws/install/tms_msg_rc/share/tms_msg_rc/environment/path.sh
[1.084s] -- Up-to-date symlink: /home/common/colcon_ws/install/tms_msg_rc/share/tms_msg_rc/local_setup.bash
[1.084s] -- Up-to-date symlink: /home/common/colcon_ws/install/tms_msg_rc/share/tms_msg_rc/local_setup.sh
[1.084s] -- Up-to-date symlink: /home/common/colcon_ws/install/tms_msg_rc/share/tms_msg_rc/local_setup.zsh
[1.084s] -- Up-to-date symlink: /home/common/colcon_ws/install/tms_msg_rc/share/ament_index/resource_index/packages/tms_msg_rc
[1.085s] -- Up-to-date symlink: /home/common/colcon_ws/install/tms_msg_rc/share/tms_msg_rc/cmake/rosidl_cmake-extras.cmake
[1.085s] -- Up-to-date symlink: /home/common/colcon_ws/install/tms_msg_rc/share/tms_msg_rc/cmake/ament_cmake_export_dependencies-extras.cmake
[1.085s] -- Up-to-date symlink: /home/common/colcon_ws/install/tms_msg_rc/share/tms_msg_rc/cmake/ament_cmake_export_libraries-extras.cmake
[1.085s] -- Up-to-date symlink: /home/common/colcon_ws/install/tms_msg_rc/share/tms_msg_rc/cmake/ament_cmake_export_include_directories-extras.cmake
[1.086s] -- Up-to-date symlink: /home/common/colcon_ws/install/tms_msg_rc/share/tms_msg_rc/cmake/tms_msg_rcConfig.cmake
[1.086s] -- Up-to-date symlink: /home/common/colcon_ws/install/tms_msg_rc/share/tms_msg_rc/cmake/tms_msg_rcConfig-version.cmake
[1.086s] -- Up-to-date symlink: /home/common/colcon_ws/install/tms_msg_rc/share/tms_msg_rc/package.xml
