[0.118s] -- The C compiler identification is GNU 7.4.0
[0.220s] -- The CXX compiler identification is GNU 7.4.0
[0.225s] -- Check for working C compiler: /usr/bin/cc
[0.347s] -- Check for working C compiler: /usr/bin/cc -- works
[0.348s] -- Detecting C compiler ABI info
[0.473s] -- Detecting C compiler ABI info - done
[0.482s] -- Detecting C compile features
[0.803s] -- Detecting C compile features - done
[0.806s] -- Check for working CXX compiler: /usr/bin/c++
[0.926s] -- Check for working CXX compiler: /usr/bin/c++ -- works
[0.927s] -- Detecting CXX compiler ABI info
[1.033s] -- Detecting CXX compiler ABI info - done
[1.037s] -- Detecting CXX compile features
[1.506s] -- Detecting CXX compile features - done
[1.511s] -- Found ament_cmake: 0.7.4 (/opt/ros/dashing/share/ament_cmake/cmake)
[1.591s] -- Found PythonInterp: /usr/bin/python3 (found suitable version "3.6.9", minimum required is "3") 
[1.592s] -- Using PYTHON_EXECUTABLE: /usr/bin/python3
[1.996s] -- Override CMake install command with custom implementation using symlinks instead of copying resources
[2.082s] -- Found ament_lint_auto: 0.7.11 (/opt/ros/dashing/share/ament_lint_auto/cmake)
[2.276s] -- Added test 'copyright' to check for copyright in CMake / C / C++ / Python code
[2.282s] -- Added test 'flake8' to check Python code syntax and style conventions
[2.284s] -- Added test 'lint_cmake' to check CMake code style
[2.286s] -- Added test 'pep257' to check Python code against some of the style conventions in PEP 257
[2.290s] -- Added test 'xmllint' to check XML markup files
[2.295s] -- Configuring done
[2.298s] -- Generating done
[2.299s] -- Build files have been written to: /home/common/colcon_ws/build/tms_rc_bot
[2.525s] [36mInstall the project...[0m
[2.542s] -- Install configuration: ""
[2.543s] -- Execute custom install script
[2.544s] -- Up-to-date symlink: /home/common/colcon_ws/install/tms_rc_bot/share/tms_rc_bot/launch/guidebot_bringup.launch.py
[2.545s] -- Up-to-date symlink: /home/common/colcon_ws/install/tms_rc_bot/share/tms_rc_bot/launch/guidebot_navigation.launch.py
[2.545s] -- Up-to-date symlink: /home/common/colcon_ws/install/tms_rc_bot/share/tms_rc_bot/launch/guidebot_navigation_prev.launch.py
[2.546s] -- Up-to-date symlink: /home/common/colcon_ws/install/tms_rc_bot/share/tms_rc_bot/launch/navigation2.launch.py
[2.547s] -- Up-to-date symlink: /home/common/colcon_ws/install/tms_rc_bot/share/tms_rc_bot/maps/map.pgm
[2.547s] -- Up-to-date symlink: /home/common/colcon_ws/install/tms_rc_bot/share/tms_rc_bot/maps/map.yaml
[2.548s] -- Up-to-date symlink: /home/common/colcon_ws/install/tms_rc_bot/share/tms_rc_bot/params/burger.yaml
[2.549s] -- Up-to-date symlink: /home/common/colcon_ws/install/tms_rc_bot/share/tms_rc_bot/params/burger_params.yaml
[2.549s] -- Up-to-date symlink: /home/common/colcon_ws/install/tms_rc_bot/share/tms_rc_bot/params/guidebot_params.yaml
[2.556s] -- Up-to-date symlink: /home/common/colcon_ws/install/tms_rc_bot/share/tms_rc_bot/params/guidebot_params_back.yaml
[2.556s] -- Up-to-date symlink: /home/common/colcon_ws/install/tms_rc_bot/share/tms_rc_bot/params/waffle_params.yaml
[2.557s] -- Up-to-date symlink: /home/common/colcon_ws/install/tms_rc_bot/share/tms_rc_bot/params/waffle_pi_params.yaml
[2.557s] -- Up-to-date symlink: /home/common/colcon_ws/install/tms_rc_bot/share/tms_rc_bot/rviz/nav2_default_view.rviz
[2.557s] -- Up-to-date symlink: /home/common/colcon_ws/install/tms_rc_bot/share/tms_rc_bot/rviz/tb3_navigation2.rviz
[2.557s] -- Up-to-date symlink: /home/common/colcon_ws/install/tms_rc_bot/share/tms_rc_bot/rviz/tb3_navigation2_prev.rviz
[2.557s] -- Up-to-date symlink: /home/common/colcon_ws/install/tms_rc_bot/share/tms_rc_bot/behavior_trees/auto_localization.xml
[2.557s] -- Up-to-date symlink: /home/common/colcon_ws/install/tms_rc_bot/share/tms_rc_bot/behavior_trees/auto_localization_w_parallel_recovery.xml
[2.557s] -- Up-to-date symlink: /home/common/colcon_ws/install/tms_rc_bot/share/tms_rc_bot/behavior_trees/bt_navigator_params.yaml
[2.557s] -- Up-to-date symlink: /home/common/colcon_ws/install/tms_rc_bot/share/tms_rc_bot/behavior_trees/navigate_w_recovery_retry.xml
[2.558s] -- Up-to-date symlink: /home/common/colcon_ws/install/tms_rc_bot/share/tms_rc_bot/behavior_trees/navigate_w_replanning.xml
[2.558s] -- Up-to-date symlink: /home/common/colcon_ws/install/tms_rc_bot/share/tms_rc_bot/behavior_trees/navigate_w_replanning_and_recovery.xml
[2.558s] -- Up-to-date symlink: /home/common/colcon_ws/install/tms_rc_bot/share/tms_rc_bot/behavior_trees/parallel.xml
[2.558s] -- Up-to-date symlink: /home/common/colcon_ws/install/tms_rc_bot/share/tms_rc_bot/behavior_trees/parallel_w_recovery.xml
[2.558s] -- Up-to-date symlink: /home/common/colcon_ws/install/tms_rc_bot/share/tms_rc_bot/behavior_trees/simple_sequential.xml
[2.558s] -- Up-to-date symlink: /home/common/colcon_ws/install/tms_rc_bot/share/tms_rc_bot/behavior_trees/simple_sequential_w_recovery.xml
[2.558s] -- Up-to-date symlink: /home/common/colcon_ws/install/tms_rc_bot/share/ament_index/resource_index/package_run_dependencies/tms_rc_bot
[2.559s] -- Up-to-date symlink: /home/common/colcon_ws/install/tms_rc_bot/share/ament_index/resource_index/parent_prefix_path/tms_rc_bot
[2.559s] -- Up-to-date symlink: /home/common/colcon_ws/install/tms_rc_bot/share/tms_rc_bot/environment/ament_prefix_path.sh
[2.559s] -- Up-to-date symlink: /home/common/colcon_ws/install/tms_rc_bot/share/tms_rc_bot/environment/path.sh
[2.559s] -- Up-to-date symlink: /home/common/colcon_ws/install/tms_rc_bot/share/tms_rc_bot/local_setup.bash
[2.559s] -- Up-to-date symlink: /home/common/colcon_ws/install/tms_rc_bot/share/tms_rc_bot/local_setup.sh
[2.559s] -- Up-to-date symlink: /home/common/colcon_ws/install/tms_rc_bot/share/tms_rc_bot/local_setup.zsh
[2.560s] -- Up-to-date symlink: /home/common/colcon_ws/install/tms_rc_bot/share/ament_index/resource_index/packages/tms_rc_bot
[2.560s] -- Up-to-date symlink: /home/common/colcon_ws/install/tms_rc_bot/share/tms_rc_bot/cmake/tms_rc_botConfig.cmake
[2.560s] -- Up-to-date symlink: /home/common/colcon_ws/install/tms_rc_bot/share/tms_rc_bot/cmake/tms_rc_botConfig-version.cmake
[2.560s] -- Up-to-date symlink: /home/common/colcon_ws/install/tms_rc_bot/share/tms_rc_bot/package.xml
