[0.146s] [  1%] Built target octomap_msgs__cpp
[0.169s] [ 13%] Built target octomap_msgs__rosidl_generator_c
[0.242s] [ 24%] Built target octomap_msgs__rosidl_typesupport_fastrtps_cpp
[0.255s] [ 35%] Built target octomap_msgs__rosidl_typesupport_introspection_c
[0.257s] [ 47%] Built target octomap_msgs__rosidl_typesupport_introspection_cpp
[0.315s] [ 58%] Built target octomap_msgs__rosidl_typesupport_cpp
[0.325s] [ 69%] Built target octomap_msgs__rosidl_typesupport_fastrtps_c
[0.379s] [ 81%] Built target octomap_msgs__rosidl_typesupport_c
[0.409s] [ 81%] Built target octomap_msgs
[0.446s] [ 83%] Built target octomap_msgs__py
[0.498s] [ 92%] Built target octomap_msgs__python
[0.557s] [ 96%] Built target octomap_msgs__rosidl_typesupport_c__pyext
[0.575s] [100%] Built target octomap_msgs__rosidl_typesupport_fastrtps_c__pyext
[1.257s] [  1%] Built target octomap_msgs__cpp
[1.268s] [ 13%] Built target octomap_msgs__rosidl_generator_c
[1.319s] [ 24%] Built target octomap_msgs__rosidl_typesupport_fastrtps_cpp
[1.328s] [ 35%] Built target octomap_msgs__rosidl_typesupport_introspection_cpp
[1.333s] [ 47%] Built target octomap_msgs__rosidl_typesupport_introspection_c
[1.375s] [ 58%] Built target octomap_msgs__rosidl_typesupport_fastrtps_c
[1.377s] [ 69%] Built target octomap_msgs__rosidl_typesupport_cpp
[1.415s] [ 81%] Built target octomap_msgs__rosidl_typesupport_c
[1.444s] [ 81%] Built target octomap_msgs
[1.472s] [ 83%] Built target octomap_msgs__py
[1.514s] [ 92%] Built target octomap_msgs__python
[1.553s] [ 96%] Built target octomap_msgs__rosidl_typesupport_c__pyext
[1.558s] [100%] Built target octomap_msgs__rosidl_typesupport_fastrtps_c__pyext
[1.585s] [36mInstall the project...[0m
[1.595s] -- Install configuration: ""
[1.597s] -- Execute custom install script
[1.597s] -- Up-to-date symlink: /home/common/colcon_ws/install/octomap_msgs/share/ament_index/resource_index/rosidl_interfaces/octomap_msgs
[1.598s] -- Up-to-date symlink: /home/common/colcon_ws/install/octomap_msgs/lib/liboctomap_msgs__rosidl_typesupport_c.so
[1.598s] -- Up-to-date symlink: /home/common/colcon_ws/install/octomap_msgs/share/octomap_msgs/environment/library_path.sh
[1.599s] -- Up-to-date symlink: /home/common/colcon_ws/install/octomap_msgs/lib/liboctomap_msgs__rosidl_typesupport_cpp.so
[1.600s] -- Up-to-date symlink: /home/common/colcon_ws/install/octomap_msgs/include/octomap_msgs/msg/octomap__rosidl_typesupport_fastrtps_c.h
[1.601s] -- Up-to-date symlink: /home/common/colcon_ws/install/octomap_msgs/include/octomap_msgs/msg/octomap_with_pose__rosidl_typesupport_fastrtps_c.h
[1.601s] -- Up-to-date symlink: /home/common/colcon_ws/install/octomap_msgs/include/octomap_msgs/msg/rosidl_typesupport_fastrtps_c__visibility_control.h
[1.601s] -- Up-to-date symlink: /home/common/colcon_ws/install/octomap_msgs/include/octomap_msgs/srv/bounding_box_query__rosidl_typesupport_fastrtps_c.h
[1.602s] -- Up-to-date symlink: /home/common/colcon_ws/install/octomap_msgs/include/octomap_msgs/srv/get_octomap__rosidl_typesupport_fastrtps_c.h
[1.602s] -- Up-to-date symlink: /home/common/colcon_ws/install/octomap_msgs/lib/liboctomap_msgs__rosidl_typesupport_fastrtps_c.so
[1.603s] -- Up-to-date symlink: /home/common/colcon_ws/install/octomap_msgs/include/octomap_msgs/msg/octomap.h
[1.604s] -- Up-to-date symlink: /home/common/colcon_ws/install/octomap_msgs/include/octomap_msgs/msg/octomap__functions.h
[1.604s] -- Up-to-date symlink: /home/common/colcon_ws/install/octomap_msgs/include/octomap_msgs/msg/octomap__struct.h
[1.605s] -- Up-to-date symlink: /home/common/colcon_ws/install/octomap_msgs/include/octomap_msgs/msg/octomap__type_support.h
[1.605s] -- Up-to-date symlink: /home/common/colcon_ws/install/octomap_msgs/include/octomap_msgs/msg/octomap_with_pose.h
[1.605s] -- Up-to-date symlink: /home/common/colcon_ws/install/octomap_msgs/include/octomap_msgs/msg/octomap_with_pose__functions.h
[1.606s] -- Up-to-date symlink: /home/common/colcon_ws/install/octomap_msgs/include/octomap_msgs/msg/octomap_with_pose__struct.h
[1.606s] -- Up-to-date symlink: /home/common/colcon_ws/install/octomap_msgs/include/octomap_msgs/msg/octomap_with_pose__type_support.h
[1.606s] -- Up-to-date symlink: /home/common/colcon_ws/install/octomap_msgs/include/octomap_msgs/msg/rosidl_generator_c__visibility_control.h
[1.607s] -- Up-to-date symlink: /home/common/colcon_ws/install/octomap_msgs/include/octomap_msgs/srv/bounding_box_query.h
[1.607s] -- Up-to-date symlink: /home/common/colcon_ws/install/octomap_msgs/include/octomap_msgs/srv/bounding_box_query__functions.h
[1.607s] -- Up-to-date symlink: /home/common/colcon_ws/install/octomap_msgs/include/octomap_msgs/srv/bounding_box_query__struct.h
[1.608s] -- Up-to-date symlink: /home/common/colcon_ws/install/octomap_msgs/include/octomap_msgs/srv/bounding_box_query__type_support.h
[1.608s] -- Up-to-date symlink: /home/common/colcon_ws/install/octomap_msgs/include/octomap_msgs/srv/get_octomap.h
[1.608s] -- Up-to-date symlink: /home/common/colcon_ws/install/octomap_msgs/include/octomap_msgs/srv/get_octomap__functions.h
[1.608s] -- Up-to-date symlink: /home/common/colcon_ws/install/octomap_msgs/include/octomap_msgs/srv/get_octomap__struct.h
[1.608s] -- Up-to-date symlink: /home/common/colcon_ws/install/octomap_msgs/include/octomap_msgs/srv/get_octomap__type_support.h
[1.609s] -- Up-to-date symlink: /home/common/colcon_ws/install/octomap_msgs/lib/liboctomap_msgs__rosidl_generator_c.so
[1.610s] -- Up-to-date symlink: /home/common/colcon_ws/install/octomap_msgs/include/octomap_msgs/msg/octomap__rosidl_typesupport_fastrtps_cpp.hpp
[1.610s] -- Up-to-date symlink: /home/common/colcon_ws/install/octomap_msgs/include/octomap_msgs/msg/octomap_with_pose__rosidl_typesupport_fastrtps_cpp.hpp
[1.610s] -- Up-to-date symlink: /home/common/colcon_ws/install/octomap_msgs/include/octomap_msgs/msg/rosidl_typesupport_fastrtps_cpp__visibility_control.h
[1.611s] -- Up-to-date symlink: /home/common/colcon_ws/install/octomap_msgs/include/octomap_msgs/srv/bounding_box_query__rosidl_typesupport_fastrtps_cpp.hpp
[1.611s] -- Up-to-date symlink: /home/common/colcon_ws/install/octomap_msgs/include/octomap_msgs/srv/get_octomap__rosidl_typesupport_fastrtps_cpp.hpp
[1.611s] -- Up-to-date symlink: /home/common/colcon_ws/install/octomap_msgs/lib/liboctomap_msgs__rosidl_typesupport_fastrtps_cpp.so
[1.612s] -- Up-to-date symlink: /home/common/colcon_ws/install/octomap_msgs/include/octomap_msgs/msg/octomap.hpp
[1.612s] -- Up-to-date symlink: /home/common/colcon_ws/install/octomap_msgs/include/octomap_msgs/msg/octomap__struct.hpp
[1.612s] -- Up-to-date symlink: /home/common/colcon_ws/install/octomap_msgs/include/octomap_msgs/msg/octomap__traits.hpp
[1.613s] -- Up-to-date symlink: /home/common/colcon_ws/install/octomap_msgs/include/octomap_msgs/msg/octomap_with_pose.hpp
[1.613s] -- Up-to-date symlink: /home/common/colcon_ws/install/octomap_msgs/include/octomap_msgs/msg/octomap_with_pose__struct.hpp
[1.613s] -- Up-to-date symlink: /home/common/colcon_ws/install/octomap_msgs/include/octomap_msgs/msg/octomap_with_pose__traits.hpp
[1.613s] -- Up-to-date symlink: /home/common/colcon_ws/install/octomap_msgs/include/octomap_msgs/srv/bounding_box_query.hpp
[1.614s] -- Up-to-date symlink: /home/common/colcon_ws/install/octomap_msgs/include/octomap_msgs/srv/bounding_box_query__struct.hpp
[1.614s] -- Up-to-date symlink: /home/common/colcon_ws/install/octomap_msgs/include/octomap_msgs/srv/bounding_box_query__traits.hpp
[1.614s] -- Up-to-date symlink: /home/common/colcon_ws/install/octomap_msgs/include/octomap_msgs/srv/get_octomap.hpp
[1.614s] -- Up-to-date symlink: /home/common/colcon_ws/install/octomap_msgs/include/octomap_msgs/srv/get_octomap__struct.hpp
[1.615s] -- Up-to-date symlink: /home/common/colcon_ws/install/octomap_msgs/include/octomap_msgs/srv/get_octomap__traits.hpp
[1.615s] -- Up-to-date symlink: /home/common/colcon_ws/install/octomap_msgs/include/octomap_msgs/msg/octomap__rosidl_typesupport_introspection_c.h
[1.615s] -- Up-to-date symlink: /home/common/colcon_ws/install/octomap_msgs/include/octomap_msgs/msg/octomap_with_pose__rosidl_typesupport_introspection_c.h
[1.615s] -- Up-to-date symlink: /home/common/colcon_ws/install/octomap_msgs/include/octomap_msgs/msg/rosidl_typesupport_introspection_c__visibility_control.h
[1.616s] -- Up-to-date symlink: /home/common/colcon_ws/install/octomap_msgs/include/octomap_msgs/srv/bounding_box_query__rosidl_typesupport_introspection_c.h
[1.616s] -- Up-to-date symlink: /home/common/colcon_ws/install/octomap_msgs/include/octomap_msgs/srv/get_octomap__rosidl_typesupport_introspection_c.h
[1.616s] -- Up-to-date symlink: /home/common/colcon_ws/install/octomap_msgs/lib/liboctomap_msgs__rosidl_typesupport_introspection_c.so
[1.616s] -- Up-to-date symlink: /home/common/colcon_ws/install/octomap_msgs/include/octomap_msgs/msg/octomap__rosidl_typesupport_introspection_cpp.hpp
[1.616s] -- Up-to-date symlink: /home/common/colcon_ws/install/octomap_msgs/include/octomap_msgs/msg/octomap_with_pose__rosidl_typesupport_introspection_cpp.hpp
[1.616s] -- Up-to-date symlink: /home/common/colcon_ws/install/octomap_msgs/include/octomap_msgs/srv/bounding_box_query__rosidl_typesupport_introspection_cpp.hpp
[1.617s] -- Up-to-date symlink: /home/common/colcon_ws/install/octomap_msgs/include/octomap_msgs/srv/get_octomap__rosidl_typesupport_introspection_cpp.hpp
[1.617s] -- Up-to-date symlink: /home/common/colcon_ws/install/octomap_msgs/lib/liboctomap_msgs__rosidl_typesupport_introspection_cpp.so
[1.617s] -- Up-to-date symlink: /home/common/colcon_ws/install/octomap_msgs/share/octomap_msgs/environment/pythonpath.sh
[1.617s] -- Up-to-date symlink: /home/common/colcon_ws/install/octomap_msgs/lib/python3.6/site-packages/octomap_msgs/__init__.py
[1.617s] -- Up-to-date symlink: /home/common/colcon_ws/install/octomap_msgs/lib/python3.6/site-packages/octomap_msgs/msg/__init__.py
[1.617s] -- Up-to-date symlink: /home/common/colcon_ws/install/octomap_msgs/lib/python3.6/site-packages/octomap_msgs/msg/_octomap.py
[1.618s] -- Up-to-date symlink: /home/common/colcon_ws/install/octomap_msgs/lib/python3.6/site-packages/octomap_msgs/msg/_octomap_with_pose.py
[1.618s] -- Up-to-date symlink: /home/common/colcon_ws/install/octomap_msgs/lib/python3.6/site-packages/octomap_msgs/srv/__init__.py
[1.618s] -- Up-to-date symlink: /home/common/colcon_ws/install/octomap_msgs/lib/python3.6/site-packages/octomap_msgs/srv/_bounding_box_query.py
[1.618s] -- Up-to-date symlink: /home/common/colcon_ws/install/octomap_msgs/lib/python3.6/site-packages/octomap_msgs/srv/_get_octomap.py
[1.618s] -- Up-to-date symlink: /home/common/colcon_ws/install/octomap_msgs/lib/python3.6/site-packages/octomap_msgs/octomap_msgs_s__rosidl_typesupport_c.cpython-36m-x86_64-linux-gnu.so
[1.618s] -- Up-to-date symlink: /home/common/colcon_ws/install/octomap_msgs/lib/python3.6/site-packages/octomap_msgs/octomap_msgs_s__rosidl_typesupport_fastrtps_c.cpython-36m-x86_64-linux-gnu.so
[1.618s] -- Up-to-date symlink: /home/common/colcon_ws/install/octomap_msgs/lib/liboctomap_msgs__python.so
[1.618s] -- Up-to-date symlink: /home/common/colcon_ws/install/octomap_msgs/share/octomap_msgs/msg/Octomap.idl
[1.619s] -- Up-to-date symlink: /home/common/colcon_ws/install/octomap_msgs/share/octomap_msgs/msg/OctomapWithPose.idl
[1.619s] -- Up-to-date symlink: /home/common/colcon_ws/install/octomap_msgs/share/octomap_msgs/srv/BoundingBoxQuery.idl
[1.619s] -- Up-to-date symlink: /home/common/colcon_ws/install/octomap_msgs/share/octomap_msgs/srv/GetOctomap.idl
[1.619s] -- Up-to-date symlink: /home/common/colcon_ws/install/octomap_msgs/share/octomap_msgs/msg/Octomap.msg
[1.619s] -- Up-to-date symlink: /home/common/colcon_ws/install/octomap_msgs/share/octomap_msgs/msg/OctomapWithPose.msg
[1.619s] -- Up-to-date symlink: /home/common/colcon_ws/install/octomap_msgs/share/octomap_msgs/srv/BoundingBoxQuery.srv
[1.620s] -- Up-to-date symlink: /home/common/colcon_ws/install/octomap_msgs/share/octomap_msgs/srv/BoundingBoxQuery_Request.msg
[1.620s] -- Up-to-date symlink: /home/common/colcon_ws/install/octomap_msgs/share/octomap_msgs/srv/BoundingBoxQuery_Response.msg
[1.620s] -- Up-to-date symlink: /home/common/colcon_ws/install/octomap_msgs/share/octomap_msgs/srv/GetOctomap.srv
[1.620s] -- Up-to-date symlink: /home/common/colcon_ws/install/octomap_msgs/share/octomap_msgs/srv/GetOctomap_Request.msg
[1.620s] -- Up-to-date symlink: /home/common/colcon_ws/install/octomap_msgs/share/octomap_msgs/srv/GetOctomap_Response.msg
[1.620s] -- Up-to-date symlink: /home/common/colcon_ws/install/octomap_msgs/share/ament_index/resource_index/package_run_dependencies/octomap_msgs
[1.620s] -- Up-to-date symlink: /home/common/colcon_ws/install/octomap_msgs/share/ament_index/resource_index/parent_prefix_path/octomap_msgs
[1.621s] -- Up-to-date symlink: /home/common/colcon_ws/install/octomap_msgs/share/octomap_msgs/environment/ament_prefix_path.sh
[1.621s] -- Up-to-date symlink: /home/common/colcon_ws/install/octomap_msgs/share/octomap_msgs/environment/path.sh
[1.621s] -- Up-to-date symlink: /home/common/colcon_ws/install/octomap_msgs/share/octomap_msgs/local_setup.bash
[1.621s] -- Up-to-date symlink: /home/common/colcon_ws/install/octomap_msgs/share/octomap_msgs/local_setup.sh
[1.622s] -- Up-to-date symlink: /home/common/colcon_ws/install/octomap_msgs/share/octomap_msgs/local_setup.zsh
[1.622s] -- Up-to-date symlink: /home/common/colcon_ws/install/octomap_msgs/share/ament_index/resource_index/packages/octomap_msgs
[1.622s] -- Up-to-date symlink: /home/common/colcon_ws/install/octomap_msgs/share/octomap_msgs/cmake/rosidl_cmake-extras.cmake
[1.623s] -- Up-to-date symlink: /home/common/colcon_ws/install/octomap_msgs/share/octomap_msgs/cmake/ament_cmake_export_dependencies-extras.cmake
[1.623s] -- Up-to-date symlink: /home/common/colcon_ws/install/octomap_msgs/share/octomap_msgs/cmake/ament_cmake_export_libraries-extras.cmake
[1.623s] -- Up-to-date symlink: /home/common/colcon_ws/install/octomap_msgs/share/octomap_msgs/cmake/ament_cmake_export_include_directories-extras.cmake
[1.624s] -- Up-to-date symlink: /home/common/colcon_ws/install/octomap_msgs/share/octomap_msgs/cmake/octomap_msgsConfig.cmake
[1.624s] -- Up-to-date symlink: /home/common/colcon_ws/install/octomap_msgs/share/octomap_msgs/cmake/octomap_msgsConfig-version.cmake
[1.624s] -- Up-to-date symlink: /home/common/colcon_ws/install/octomap_msgs/share/octomap_msgs/package.xml
[1.690s] -- Up-to-date: /home/common/colcon_ws/install/octomap_msgs/include
[1.692s] -- Up-to-date: /home/common/colcon_ws/install/octomap_msgs/include/octomap_msgs
[1.692s] -- Up-to-date: /home/common/colcon_ws/install/octomap_msgs/include/octomap_msgs/conversions.h
