[0.151s] [ 33%] Built target publisher_lambda
[0.151s] [ 66%] Built target publisher_member_function
[0.157s] [100%] Built target publisher_not_composable
[0.390s] [ 33%] Built target publisher_not_composable
[0.391s] [ 66%] Built target publisher_member_function
[0.391s] [100%] Built target publisher_lambda
[0.418s] [36mInstall the project...[0m
[0.432s] -- Install configuration: ""
[0.433s] -- Execute custom install script
[0.434s] -- Up-to-date symlink: /home/common/colcon_ws/install/examples_rclcpp_minimal_publisher/lib/examples_rclcpp_minimal_publisher/publisher_lambda
[0.435s] -- Up-to-date symlink: /home/common/colcon_ws/install/examples_rclcpp_minimal_publisher/lib/examples_rclcpp_minimal_publisher/publisher_member_function
[0.435s] -- Up-to-date symlink: /home/common/colcon_ws/install/examples_rclcpp_minimal_publisher/lib/examples_rclcpp_minimal_publisher/publisher_not_composable
[0.436s] -- Up-to-date symlink: /home/common/colcon_ws/install/examples_rclcpp_minimal_publisher/share/ament_index/resource_index/package_run_dependencies/examples_rclcpp_minimal_publisher
[0.437s] -- Up-to-date symlink: /home/common/colcon_ws/install/examples_rclcpp_minimal_publisher/share/ament_index/resource_index/parent_prefix_path/examples_rclcpp_minimal_publisher
[0.438s] -- Up-to-date symlink: /home/common/colcon_ws/install/examples_rclcpp_minimal_publisher/share/examples_rclcpp_minimal_publisher/environment/ament_prefix_path.sh
[0.438s] -- Up-to-date symlink: /home/common/colcon_ws/install/examples_rclcpp_minimal_publisher/share/examples_rclcpp_minimal_publisher/environment/path.sh
[0.439s] -- Up-to-date symlink: /home/common/colcon_ws/install/examples_rclcpp_minimal_publisher/share/examples_rclcpp_minimal_publisher/local_setup.bash
[0.440s] -- Up-to-date symlink: /home/common/colcon_ws/install/examples_rclcpp_minimal_publisher/share/examples_rclcpp_minimal_publisher/local_setup.sh
[0.441s] -- Up-to-date symlink: /home/common/colcon_ws/install/examples_rclcpp_minimal_publisher/share/examples_rclcpp_minimal_publisher/local_setup.zsh
[0.442s] -- Up-to-date symlink: /home/common/colcon_ws/install/examples_rclcpp_minimal_publisher/share/ament_index/resource_index/packages/examples_rclcpp_minimal_publisher
[0.442s] -- Up-to-date symlink: /home/common/colcon_ws/install/examples_rclcpp_minimal_publisher/share/examples_rclcpp_minimal_publisher/cmake/examples_rclcpp_minimal_publisherConfig.cmake
[0.443s] -- Up-to-date symlink: /home/common/colcon_ws/install/examples_rclcpp_minimal_publisher/share/examples_rclcpp_minimal_publisher/cmake/examples_rclcpp_minimal_publisherConfig-version.cmake
[0.443s] -- Up-to-date symlink: /home/common/colcon_ws/install/examples_rclcpp_minimal_publisher/share/examples_rclcpp_minimal_publisher/package.xml
