[2.278s] In file included from [01m[K/home/common/colcon_ws/build/moveit_msgs/rosidl_generator_c/moveit_msgs/msg/collision_object__functions.h:19:0[m[K,
[2.278s]                  from [01m[K/home/common/colcon_ws/build/moveit_msgs/rosidl_generator_c/moveit_msgs/msg/collision_object__functions.c:4[m[K:
[2.278s] [01m[K/home/common/colcon_ws/build/moveit_msgs/rosidl_generator_c/moveit_msgs/msg/collision_object__struct.h:50:10:[m[K [01;31m[Kfatal error: [m[Kobject_recognition_msgs/msg/object_type__struct.h: No such file or directory
[2.278s]  #include [01;31m[K"object_recognition_msgs/msg/object_type__struct.h"[m[K
[2.278s]           [01;31m[K^~~~~~~~~~~~~~~~~~~~~~~~~~~~~~~~~~~~~~~~~~~~~~~~~~~[m[K
[2.278s] compilation terminated.
[2.278s] In file included from [01m[K/home/common/colcon_ws/build/moveit_msgs/rosidl_generator_c/moveit_msgs/msg/attached_collision_object__struct.h:25:0[m[K,
[2.278s]                  from [01m[K/home/common/colcon_ws/build/moveit_msgs/rosidl_generator_c/moveit_msgs/msg/attached_collision_object__functions.h:19[m[K,
[2.279s]                  from [01m[K/home/common/colcon_ws/build/moveit_msgs/rosidl_generator_c/moveit_msgs/msg/attached_collision_object__functions.c:4[m[K:
[2.279s] [01m[K/home/common/colcon_ws/build/moveit_msgs/rosidl_generator_c/moveit_msgs/msg/collision_object__struct.h:50:10:[m[K [01;31m[Kfatal error: [m[Kobject_recognition_msgs/msg/object_type__struct.h: No such file or directory
[2.279s]  #include [01;31m[K"object_recognition_msgs/msg/object_type__struct.h"[m[K
[2.279s]           [01;31m[K^~~~~~~~~~~~~~~~~~~~~~~~~~~~~~~~~~~~~~~~~~~~~~~~~~~[m[K
[2.279s] compilation terminated.
[2.279s] make[2]: *** [CMakeFiles/moveit_msgs__rosidl_generator_c.dir/rosidl_generator_c/moveit_msgs/msg/attached_collision_object__functions.c.o] Error 1
[2.279s] make[2]: *** Waiting for unfinished jobs....
[2.279s] make[2]: *** [CMakeFiles/moveit_msgs__rosidl_generator_c.dir/rosidl_generator_c/moveit_msgs/msg/collision_object__functions.c.o] Error 1
[2.280s] In file included from [01m[K/home/common/colcon_ws/build/moveit_msgs/rosidl_generator_c/moveit_msgs/msg/attached_collision_object__struct.h:25:0[m[K,
[2.280s]                  from [01m[K/home/common/colcon_ws/build/moveit_msgs/rosidl_generator_c/moveit_msgs/msg/robot_state__struct.h:26[m[K,
[2.280s]                  from [01m[K/home/common/colcon_ws/build/moveit_msgs/rosidl_generator_c/moveit_msgs/msg/motion_plan_response__struct.h:22[m[K,
[2.280s]                  from [01m[K/home/common/colcon_ws/build/moveit_msgs/rosidl_generator_c/moveit_msgs/msg/motion_plan_response__functions.h:19[m[K,
[2.280s]                  from [01m[K/home/common/colcon_ws/build/moveit_msgs/rosidl_generator_c/moveit_msgs/msg/motion_plan_response__functions.c:4[m[K:
[2.280s] [01m[K/home/common/colcon_ws/build/moveit_msgs/rosidl_generator_c/moveit_msgs/msg/collision_object__struct.h:50:10:[m[K [01;31m[Kfatal error: [m[Kobject_recognition_msgs/msg/object_type__struct.h: No such file or directory
[2.280s]  #include [01;31m[K"object_recognition_msgs/msg/object_type__struct.h"[m[K
[2.280s]           [01;31m[K^~~~~~~~~~~~~~~~~~~~~~~~~~~~~~~~~~~~~~~~~~~~~~~~~~~[m[K
[2.280s] compilation terminated.
[2.281s] In file included from [01m[K/home/common/colcon_ws/build/moveit_msgs/rosidl_generator_c/moveit_msgs/msg/attached_collision_object__struct.h:25:0[m[K,
[2.281s]                  from [01m[K/home/common/colcon_ws/build/moveit_msgs/rosidl_generator_c/moveit_msgs/msg/robot_state__struct.h:26[m[K,
[2.281s]                  from [01m[K/home/common/colcon_ws/build/moveit_msgs/rosidl_generator_c/moveit_msgs/msg/motion_plan_request__struct.h:24[m[K,
[2.281s]                  from [01m[K/home/common/colcon_ws/build/moveit_msgs/rosidl_generator_c/moveit_msgs/msg/motion_plan_request__functions.h:19[m[K,
[2.281s]                  from [01m[K/home/common/colcon_ws/build/moveit_msgs/rosidl_generator_c/moveit_msgs/msg/motion_plan_request__functions.c:4[m[K:
[2.281s] [01m[K/home/common/colcon_ws/build/moveit_msgs/rosidl_generator_c/moveit_msgs/msg/collision_object__struct.h:50:10:[m[K [01;31m[Kfatal error: [m[Kobject_recognition_msgs/msg/object_type__struct.h: No such file or directory
[2.281s]  #include [01;31m[K"object_recognition_msgs/msg/object_type__struct.h"[m[K
[2.281s]           [01;31m[K^~~~~~~~~~~~~~~~~~~~~~~~~~~~~~~~~~~~~~~~~~~~~~~~~~~[m[K
[2.281s] compilation terminated.
[2.281s] make[2]: *** [CMakeFiles/moveit_msgs__rosidl_generator_c.dir/rosidl_generator_c/moveit_msgs/msg/motion_plan_response__functions.c.o] Error 1
[2.281s] make[2]: *** [CMakeFiles/moveit_msgs__rosidl_generator_c.dir/rosidl_generator_c/moveit_msgs/msg/motion_plan_request__functions.c.o] Error 1
[2.282s] In file included from [01m[K/home/common/colcon_ws/build/moveit_msgs/rosidl_generator_c/moveit_msgs/msg/attached_collision_object__struct.h:25:0[m[K,
[2.282s]                  from [01m[K/home/common/colcon_ws/build/moveit_msgs/rosidl_generator_c/moveit_msgs/msg/robot_state__struct.h:26[m[K,
[2.282s]                  from [01m[K/home/common/colcon_ws/build/moveit_msgs/rosidl_generator_c/moveit_msgs/msg/display_trajectory__struct.h:26[m[K,
[2.282s]                  from [01m[K/home/common/colcon_ws/build/moveit_msgs/rosidl_generator_c/moveit_msgs/msg/display_trajectory__functions.h:19[m[K,
[2.282s]                  from [01m[K/home/common/colcon_ws/build/moveit_msgs/rosidl_generator_c/moveit_msgs/msg/display_trajectory__functions.c:4[m[K:
[2.282s] [01m[K/home/common/colcon_ws/build/moveit_msgs/rosidl_generator_c/moveit_msgs/msg/collision_object__struct.h:50:10:[m[K [01;31m[Kfatal error: [m[Kobject_recognition_msgs/msg/object_type__struct.h: No such file or directory
[2.282s]  #include [01;31m[K"object_recognition_msgs/msg/object_type__struct.h"[m[K
[2.282s]           [01;31m[K^~~~~~~~~~~~~~~~~~~~~~~~~~~~~~~~~~~~~~~~~~~~~~~~~~~[m[K
[2.282s] compilation terminated.
[2.282s] In file included from [01m[K/home/common/colcon_ws/build/moveit_msgs/rosidl_generator_c/moveit_msgs/msg/attached_collision_object__struct.h:25:0[m[K,
[2.282s]                  from [01m[K/home/common/colcon_ws/build/moveit_msgs/rosidl_generator_c/moveit_msgs/msg/robot_state__struct.h:26[m[K,
[2.282s]                  from [01m[K/home/common/colcon_ws/build/moveit_msgs/rosidl_generator_c/moveit_msgs/msg/display_robot_state__struct.h:22[m[K,
[2.282s]                  from [01m[K/home/common/colcon_ws/build/moveit_msgs/rosidl_generator_c/moveit_msgs/msg/display_robot_state__functions.h:19[m[K,
[2.282s]                  from [01m[K/home/common/colcon_ws/build/moveit_msgs/rosidl_generator_c/moveit_msgs/msg/display_robot_state__functions.c:4[m[K:
[2.282s] [01m[K/home/common/colcon_ws/build/moveit_msgs/rosidl_generator_c/moveit_msgs/msg/collision_object__struct.h:50:10:[m[K [01;31m[Kfatal error: [m[Kobject_recognition_msgs/msg/object_type__struct.h: No such file or directory
[2.282s]  #include [01;31m[K"object_recognition_msgs/msg/object_type__struct.h"[m[K
[2.282s]           [01;31m[K^~~~~~~~~~~~~~~~~~~~~~~~~~~~~~~~~~~~~~~~~~~~~~~~~~~[m[K
[2.282s] compilation terminated.
[2.283s] make[2]: *** [CMakeFiles/moveit_msgs__rosidl_generator_c.dir/rosidl_generator_c/moveit_msgs/msg/display_trajectory__functions.c.o] Error 1
[2.283s] make[2]: *** [CMakeFiles/moveit_msgs__rosidl_generator_c.dir/rosidl_generator_c/moveit_msgs/msg/display_robot_state__functions.c.o] Error 1
[2.283s] make[1]: *** [CMakeFiles/moveit_msgs__rosidl_generator_c.dir/all] Error 2
[2.283s] make[1]: *** Waiting for unfinished jobs....
[2.364s] In file included from [01m[K/home/common/colcon_ws/build/moveit_msgs/rosidl_typesupport_introspection_cpp/moveit_msgs/msg/collision_object__type_support.cpp:12:0[m[K:
[2.364s] [01m[K/home/common/colcon_ws/build/moveit_msgs/rosidl_generator_cpp/moveit_msgs/msg/collision_object__struct.hpp:31:10:[m[K [01;31m[Kfatal error: [m[Kobject_recognition_msgs/msg/object_type__struct.hpp: No such file or directory
[2.364s]  #include [01;31m[K"object_recognition_msgs/msg/object_type__struct.hpp"[m[K
[2.364s]           [01;31m[K^~~~~~~~~~~~~~~~~~~~~~~~~~~~~~~~~~~~~~~~~~~~~~~~~~~~~[m[K
[2.364s] compilation terminated.
[2.365s] In file included from [01m[K/home/common/colcon_ws/build/moveit_msgs/rosidl_generator_cpp/moveit_msgs/msg/attached_collision_object__struct.hpp:29:0[m[K,
[2.365s]                  from [01m[K/home/common/colcon_ws/build/moveit_msgs/rosidl_typesupport_introspection_cpp/moveit_msgs/msg/attached_collision_object__type_support.cpp:12[m[K:
[2.365s] [01m[K/home/common/colcon_ws/build/moveit_msgs/rosidl_generator_cpp/moveit_msgs/msg/collision_object__struct.hpp:31:10:[m[K [01;31m[Kfatal error: [m[Kobject_recognition_msgs/msg/object_type__struct.hpp: No such file or directory
[2.365s]  #include [01;31m[K"object_recognition_msgs/msg/object_type__struct.hpp"[m[K
[2.365s]           [01;31m[K^~~~~~~~~~~~~~~~~~~~~~~~~~~~~~~~~~~~~~~~~~~~~~~~~~~~~[m[K
[2.365s] compilation terminated.
[2.365s] make[2]: *** [CMakeFiles/moveit_msgs__rosidl_typesupport_introspection_cpp.dir/rosidl_typesupport_introspection_cpp/moveit_msgs/msg/collision_object__type_support.cpp.o] Error 1
[2.366s] make[2]: *** Waiting for unfinished jobs....
[2.366s] In file included from [01m[K/home/common/colcon_ws/build/moveit_msgs/rosidl_generator_cpp/moveit_msgs/msg/attached_collision_object__struct.hpp:29:0[m[K,
[2.366s]                  from [01m[K/home/common/colcon_ws/build/moveit_msgs/rosidl_typesupport_fastrtps_cpp/moveit_msgs/msg/attached_collision_object__rosidl_typesupport_fastrtps_cpp.hpp:11[m[K,
[2.366s]                  from [01m[K/home/common/colcon_ws/build/moveit_msgs/rosidl_typesupport_fastrtps_cpp/moveit_msgs/msg/dds_fastrtps/attached_collision_object__type_support.cpp:4[m[K:
[2.366s] [01m[K/home/common/colcon_ws/build/moveit_msgs/rosidl_generator_cpp/moveit_msgs/msg/collision_object__struct.hpp:31:10:[m[K [01;31m[Kfatal error: [m[Kobject_recognition_msgs/msg/object_type__struct.hpp: No such file or directory
[2.366s]  #include [01;31m[K"object_recognition_msgs/msg/object_type__struct.hpp"[m[K
[2.366s]           [01;31m[K^~~~~~~~~~~~~~~~~~~~~~~~~~~~~~~~~~~~~~~~~~~~~~~~~~~~~[m[K
[2.366s] compilation terminated.
[2.367s] In file included from [01m[K/home/common/colcon_ws/build/moveit_msgs/rosidl_typesupport_fastrtps_cpp/moveit_msgs/msg/collision_object__rosidl_typesupport_fastrtps_cpp.hpp:11:0[m[K,
[2.367s]                  from [01m[K/home/common/colcon_ws/build/moveit_msgs/rosidl_typesupport_fastrtps_cpp/moveit_msgs/msg/dds_fastrtps/collision_object__type_support.cpp:4[m[K:
[2.367s] [01m[K/home/common/colcon_ws/build/moveit_msgs/rosidl_generator_cpp/moveit_msgs/msg/collision_object__struct.hpp:31:10:[m[K [01;31m[Kfatal error: [m[Kobject_recognition_msgs/msg/object_type__struct.hpp: No such file or directory
[2.367s]  #include [01;31m[K"object_recognition_msgs/msg/object_type__struct.hpp"[m[K
[2.367s]           [01;31m[K^~~~~~~~~~~~~~~~~~~~~~~~~~~~~~~~~~~~~~~~~~~~~~~~~~~~~[m[K
[2.367s] compilation terminated.
[2.368s] make[2]: *** [CMakeFiles/moveit_msgs__rosidl_typesupport_fastrtps_cpp.dir/rosidl_typesupport_fastrtps_cpp/moveit_msgs/msg/dds_fastrtps/attached_collision_object__type_support.cpp.o] Error 1
[2.368s] make[2]: *** Waiting for unfinished jobs....
[2.369s] make[2]: *** [CMakeFiles/moveit_msgs__rosidl_typesupport_introspection_cpp.dir/rosidl_typesupport_introspection_cpp/moveit_msgs/msg/attached_collision_object__type_support.cpp.o] Error 1
[2.369s] In file included from [01m[K/home/common/colcon_ws/build/moveit_msgs/rosidl_generator_cpp/moveit_msgs/msg/attached_collision_object__struct.hpp:29:0[m[K,
[2.369s]                  from [01m[K/home/common/colcon_ws/build/moveit_msgs/rosidl_generator_cpp/moveit_msgs/msg/robot_state__struct.hpp:33[m[K,
[2.369s]                  from [01m[K/home/common/colcon_ws/build/moveit_msgs/rosidl_generator_cpp/moveit_msgs/msg/display_robot_state__struct.hpp:29[m[K,
[2.369s]                  from [01m[K/home/common/colcon_ws/build/moveit_msgs/rosidl_typesupport_fastrtps_cpp/moveit_msgs/msg/display_robot_state__rosidl_typesupport_fastrtps_cpp.hpp:11[m[K,
[2.369s]                  from [01m[K/home/common/colcon_ws/build/moveit_msgs/rosidl_typesupport_fastrtps_cpp/moveit_msgs/msg/dds_fastrtps/display_robot_state__type_support.cpp:4[m[K:
[2.369s] [01m[K/home/common/colcon_ws/build/moveit_msgs/rosidl_generator_cpp/moveit_msgs/msg/collision_object__struct.hpp:31:10:[m[K [01;31m[Kfatal error: [m[Kobject_recognition_msgs/msg/object_type__struct.hpp: No such file or directory
[2.369s]  #include [01;31m[K"object_recognition_msgs/msg/object_type__struct.hpp"[m[K
[2.369s]           [01;31m[K^~~~~~~~~~~~~~~~~~~~~~~~~~~~~~~~~~~~~~~~~~~~~~~~~~~~~[m[K
[2.369s] compilation terminated.
[2.369s] make[2]: *** [CMakeFiles/moveit_msgs__rosidl_typesupport_fastrtps_cpp.dir/rosidl_typesupport_fastrtps_cpp/moveit_msgs/msg/dds_fastrtps/collision_object__type_support.cpp.o] Error 1
[2.369s] make[1]: *** [CMakeFiles/moveit_msgs__rosidl_typesupport_introspection_cpp.dir/all] Error 2
[2.370s] In file included from [01m[K/home/common/colcon_ws/build/moveit_msgs/rosidl_generator_cpp/moveit_msgs/msg/attached_collision_object__struct.hpp:29:0[m[K,
[2.370s]                  from [01m[K/home/common/colcon_ws/build/moveit_msgs/rosidl_generator_cpp/moveit_msgs/msg/robot_state__struct.hpp:33[m[K,
[2.370s]                  from [01m[K/home/common/colcon_ws/build/moveit_msgs/rosidl_generator_cpp/moveit_msgs/msg/motion_plan_response__struct.hpp:29[m[K,
[2.370s]                  from [01m[K/home/common/colcon_ws/build/moveit_msgs/rosidl_typesupport_fastrtps_cpp/moveit_msgs/msg/motion_plan_response__rosidl_typesupport_fastrtps_cpp.hpp:11[m[K,
[2.370s]                  from [01m[K/home/common/colcon_ws/build/moveit_msgs/rosidl_typesupport_fastrtps_cpp/moveit_msgs/msg/dds_fastrtps/motion_plan_response__type_support.cpp:4[m[K:
[2.370s] [01m[K/home/common/colcon_ws/build/moveit_msgs/rosidl_generator_cpp/moveit_msgs/msg/collision_object__struct.hpp:31:10:[m[K [01;31m[Kfatal error: [m[Kobject_recognition_msgs/msg/object_type__struct.hpp: No such file or directory
[2.370s]  #include [01;31m[K"object_recognition_msgs/msg/object_type__struct.hpp"[m[K
[2.370s]           [01;31m[K^~~~~~~~~~~~~~~~~~~~~~~~~~~~~~~~~~~~~~~~~~~~~~~~~~~~~[m[K
[2.370s] compilation terminated.
[2.370s] In file included from [01m[K/home/common/colcon_ws/build/moveit_msgs/rosidl_generator_cpp/moveit_msgs/msg/attached_collision_object__struct.hpp:29:0[m[K,
[2.370s]                  from [01m[K/home/common/colcon_ws/build/moveit_msgs/rosidl_generator_cpp/moveit_msgs/msg/robot_state__struct.hpp:33[m[K,
[2.370s]                  from [01m[K/home/common/colcon_ws/build/moveit_msgs/rosidl_generator_cpp/moveit_msgs/msg/display_trajectory__struct.hpp:31[m[K,
[2.370s]                  from [01m[K/home/common/colcon_ws/build/moveit_msgs/rosidl_typesupport_fastrtps_cpp/moveit_msgs/msg/display_trajectory__rosidl_typesupport_fastrtps_cpp.hpp:11[m[K,
[2.370s]                  from [01m[K/home/common/colcon_ws/build/moveit_msgs/rosidl_typesupport_fastrtps_cpp/moveit_msgs/msg/dds_fastrtps/display_trajectory__type_support.cpp:4[m[K:
[2.370s] [01m[K/home/common/colcon_ws/build/moveit_msgs/rosidl_generator_cpp/moveit_msgs/msg/collision_object__struct.hpp:31:10:[m[K [01;31m[Kfatal error: [m[Kobject_recognition_msgs/msg/object_type__struct.hpp: No such file or directory
[2.370s]  #include [01;31m[K"object_recognition_msgs/msg/object_type__struct.hpp"[m[K
[2.371s]           [01;31m[K^~~~~~~~~~~~~~~~~~~~~~~~~~~~~~~~~~~~~~~~~~~~~~~~~~~~~[m[K
[2.371s] compilation terminated.
[2.371s] In file included from [01m[K/home/common/colcon_ws/build/moveit_msgs/rosidl_generator_cpp/moveit_msgs/msg/attached_collision_object__struct.hpp:29:0[m[K,
[2.371s]                  from [01m[K/home/common/colcon_ws/build/moveit_msgs/rosidl_generator_cpp/moveit_msgs/msg/robot_state__struct.hpp:33[m[K,
[2.371s]                  from [01m[K/home/common/colcon_ws/build/moveit_msgs/rosidl_generator_cpp/moveit_msgs/msg/motion_plan_request__struct.hpp:31[m[K,
[2.371s]                  from [01m[K/home/common/colcon_ws/build/moveit_msgs/rosidl_typesupport_fastrtps_cpp/moveit_msgs/msg/motion_plan_request__rosidl_typesupport_fastrtps_cpp.hpp:11[m[K,
[2.371s]                  from [01m[K/home/common/colcon_ws/build/moveit_msgs/rosidl_typesupport_fastrtps_cpp/moveit_msgs/msg/dds_fastrtps/motion_plan_request__type_support.cpp:4[m[K:
[2.371s] [01m[K/home/common/colcon_ws/build/moveit_msgs/rosidl_generator_cpp/moveit_msgs/msg/collision_object__struct.hpp:31:10:[m[K [01;31m[Kfatal error: [m[Kobject_recognition_msgs/msg/object_type__struct.hpp: No such file or directory
[2.371s]  #include [01;31m[K"object_recognition_msgs/msg/object_type__struct.hpp"[m[K
[2.371s]           [01;31m[K^~~~~~~~~~~~~~~~~~~~~~~~~~~~~~~~~~~~~~~~~~~~~~~~~~~~~[m[K
[2.371s] compilation terminated.
[2.371s] make[2]: *** [CMakeFiles/moveit_msgs__rosidl_typesupport_fastrtps_cpp.dir/rosidl_typesupport_fastrtps_cpp/moveit_msgs/msg/dds_fastrtps/display_robot_state__type_support.cpp.o] Error 1
[2.371s] make[2]: *** [CMakeFiles/moveit_msgs__rosidl_typesupport_fastrtps_cpp.dir/rosidl_typesupport_fastrtps_cpp/moveit_msgs/msg/dds_fastrtps/motion_plan_response__type_support.cpp.o] Error 1
[2.372s] make[2]: *** [CMakeFiles/moveit_msgs__rosidl_typesupport_fastrtps_cpp.dir/rosidl_typesupport_fastrtps_cpp/moveit_msgs/msg/dds_fastrtps/motion_plan_request__type_support.cpp.o] Error 1
[2.372s] make[2]: *** [CMakeFiles/moveit_msgs__rosidl_typesupport_fastrtps_cpp.dir/rosidl_typesupport_fastrtps_cpp/moveit_msgs/msg/dds_fastrtps/display_trajectory__type_support.cpp.o] Error 1
[2.410s] In file included from [01m[K/home/common/colcon_ws/build/moveit_msgs/rosidl_generator_cpp/moveit_msgs/msg/attached_collision_object__struct.hpp:29:0[m[K,
[2.410s]                  from [01m[K/home/common/colcon_ws/build/moveit_msgs/rosidl_generator_cpp/moveit_msgs/msg/robot_state__struct.hpp:33[m[K,
[2.410s]                  from [01m[K/home/common/colcon_ws/build/moveit_msgs/rosidl_generator_cpp/moveit_msgs/msg/motion_plan_detailed_response__struct.hpp:29[m[K,
[2.410s]                  from [01m[K/home/common/colcon_ws/build/moveit_msgs/rosidl_typesupport_fastrtps_cpp/moveit_msgs/msg/motion_plan_detailed_response__rosidl_typesupport_fastrtps_cpp.hpp:11[m[K,
[2.410s]                  from [01m[K/home/common/colcon_ws/build/moveit_msgs/rosidl_typesupport_fastrtps_cpp/moveit_msgs/msg/dds_fastrtps/motion_plan_detailed_response__type_support.cpp:4[m[K:
[2.410s] [01m[K/home/common/colcon_ws/build/moveit_msgs/rosidl_generator_cpp/moveit_msgs/msg/collision_object__struct.hpp:31:10:[m[K [01;31m[Kfatal error: [m[Kobject_recognition_msgs/msg/object_type__struct.hpp: No such file or directory
[2.410s]  #include [01;31m[K"object_recognition_msgs/msg/object_type__struct.hpp"[m[K
[2.410s]           [01;31m[K^~~~~~~~~~~~~~~~~~~~~~~~~~~~~~~~~~~~~~~~~~~~~~~~~~~~~[m[K
[2.411s] compilation terminated.
[2.411s] make[2]: *** [CMakeFiles/moveit_msgs__rosidl_typesupport_fastrtps_cpp.dir/rosidl_typesupport_fastrtps_cpp/moveit_msgs/msg/dds_fastrtps/motion_plan_detailed_response__type_support.cpp.o] Error 1
[2.412s] make[1]: *** [CMakeFiles/moveit_msgs__rosidl_typesupport_fastrtps_cpp.dir/all] Error 2
[2.412s] make: *** [all] Error 2
