[1.738s] Invoking command in '/home/common/colcon_ws/build/tms_db_manager': AMENT_PREFIX_PATH=/home/common/colcon_ws/install/tms_msg_db:${AMENT_PREFIX_PATH} CMAKE_PREFIX_PATH=/home/common/colcon_ws/install/tms_msg_db:${CMAKE_PREFIX_PATH} LD_LIBRARY_PATH=/home/common/colcon_ws/install/tms_msg_db/lib:${LD_LIBRARY_PATH} PYTHONPATH=/home/common/colcon_ws/install/tms_db_manager/lib/python3.6/site-packages:/home/common/colcon_ws/install/tms_msg_db/lib/python3.6/site-packages:${PYTHONPATH} /usr/bin/python3 setup.py develop --prefix /home/common/colcon_ws/install/tms_db_manager --editable --build-directory /home/common/colcon_ws/build/tms_db_manager/build --no-deps install_data --install-dir /home/common/colcon_ws/install/tms_db_manager
[2.064s] running develop
[2.191s] running egg_info
[2.191s] writing tms_db_manager.egg-info/PKG-INFO
[2.191s] writing dependency_links to tms_db_manager.egg-info/dependency_links.txt
[2.191s] writing entry points to tms_db_manager.egg-info/entry_points.txt
[2.191s] writing requirements to tms_db_manager.egg-info/requires.txt
[2.191s] writing top-level names to tms_db_manager.egg-info/top_level.txt
[2.215s] reading manifest file 'tms_db_manager.egg-info/SOURCES.txt'
[2.216s] writing manifest file 'tms_db_manager.egg-info/SOURCES.txt'
[2.217s] running build_ext
[2.217s] Creating /home/common/colcon_ws/install/tms_db_manager/lib/python3.6/site-packages/tms-db-manager.egg-link (link to .)
[2.218s] Installing tms_db_publisher script to /home/common/colcon_ws/install/tms_db_manager/lib/tms_db_manager
[2.218s] Installing tms_db_reader script to /home/common/colcon_ws/install/tms_db_manager/lib/tms_db_manager
[2.218s] Installing tms_db_reader_debug script to /home/common/colcon_ws/install/tms_db_manager/lib/tms_db_manager
[2.218s] Installing tms_db_writer script to /home/common/colcon_ws/install/tms_db_manager/lib/tms_db_manager
[2.218s] 
[2.218s] Installed /home/common/colcon_ws/build/tms_db_manager
[2.218s] running install_data
[2.237s] Invoked command in '/home/common/colcon_ws/build/tms_db_manager' returned '0': AMENT_PREFIX_PATH=/home/common/colcon_ws/install/tms_msg_db:${AMENT_PREFIX_PATH} CMAKE_PREFIX_PATH=/home/common/colcon_ws/install/tms_msg_db:${CMAKE_PREFIX_PATH} LD_LIBRARY_PATH=/home/common/colcon_ws/install/tms_msg_db/lib:${LD_LIBRARY_PATH} PYTHONPATH=/home/common/colcon_ws/install/tms_db_manager/lib/python3.6/site-packages:/home/common/colcon_ws/install/tms_msg_db/lib/python3.6/site-packages:${PYTHONPATH} /usr/bin/python3 setup.py develop --prefix /home/common/colcon_ws/install/tms_db_manager --editable --build-directory /home/common/colcon_ws/build/tms_db_manager/build --no-deps install_data --install-dir /home/common/colcon_ws/install/tms_db_manager
