[0.110s] [  3%] Built target tms_msg_ss__cpp
[0.115s] [ 13%] Built target tms_msg_ss__rosidl_generator_c
[0.170s] [ 24%] Built target tms_msg_ss__rosidl_typesupport_fastrtps_cpp
[0.180s] [ 34%] Built target tms_msg_ss__rosidl_typesupport_introspection_cpp
[0.184s] [ 44%] Built target tms_msg_ss__rosidl_typesupport_introspection_c
[0.238s] [ 55%] Built target tms_msg_ss__rosidl_typesupport_cpp
[0.241s] [ 65%] Built target tms_msg_ss__rosidl_typesupport_fastrtps_c
[0.282s] [ 75%] Built target tms_msg_ss__rosidl_typesupport_c
[0.315s] [ 75%] Built target tms_msg_ss
[0.360s] [ 79%] Built target tms_msg_ss__py
[0.412s] [ 86%] Built target tms_msg_ss__python
[0.471s] [100%] Built target tms_msg_ss__rosidl_typesupport_fastrtps_c__pyext
[0.471s] [100%] Built target tms_msg_ss__rosidl_typesupport_c__pyext
[1.416s] [  3%] Built target tms_msg_ss__cpp
[1.418s] [ 13%] Built target tms_msg_ss__rosidl_generator_c
[1.479s] [ 24%] Built target tms_msg_ss__rosidl_typesupport_introspection_c
[1.482s] [ 34%] Built target tms_msg_ss__rosidl_typesupport_fastrtps_cpp
[1.484s] [ 44%] Built target tms_msg_ss__rosidl_typesupport_introspection_cpp
[1.547s] [ 55%] Built target tms_msg_ss__rosidl_typesupport_cpp
[1.557s] [ 65%] Built target tms_msg_ss__rosidl_typesupport_fastrtps_c
[1.621s] [ 75%] Built target tms_msg_ss__rosidl_typesupport_c
[1.662s] [ 75%] Built target tms_msg_ss
[1.708s] [ 79%] Built target tms_msg_ss__py
[1.774s] [ 86%] Built target tms_msg_ss__python
[1.881s] [ 93%] Built target tms_msg_ss__rosidl_typesupport_fastrtps_c__pyext
[1.884s] [100%] Built target tms_msg_ss__rosidl_typesupport_c__pyext
[1.931s] [36mInstall the project...[0m
[1.948s] -- Install configuration: ""
[1.949s] -- Execute custom install script
[1.951s] -- Up-to-date symlink: /home/common/colcon_ws/install/tms_msg_ss/share/ament_index/resource_index/rosidl_interfaces/tms_msg_ss
[1.952s] -- Up-to-date symlink: /home/common/colcon_ws/install/tms_msg_ss/lib/libtms_msg_ss__rosidl_typesupport_c.so
[1.953s] -- Up-to-date symlink: /home/common/colcon_ws/install/tms_msg_ss/share/tms_msg_ss/environment/library_path.sh
[1.955s] -- Up-to-date symlink: /home/common/colcon_ws/install/tms_msg_ss/lib/libtms_msg_ss__rosidl_typesupport_cpp.so
[1.957s] -- Up-to-date symlink: /home/common/colcon_ws/install/tms_msg_ss/include/tms_msg_ss/msg/rosidl_typesupport_fastrtps_c__visibility_control.h
[1.957s] -- Up-to-date symlink: /home/common/colcon_ws/install/tms_msg_ss/include/tms_msg_ss/msg/vicon_data__rosidl_typesupport_fastrtps_c.h
[1.958s] -- Up-to-date symlink: /home/common/colcon_ws/install/tms_msg_ss/lib/libtms_msg_ss__rosidl_typesupport_fastrtps_c.so
[1.960s] -- Up-to-date symlink: /home/common/colcon_ws/install/tms_msg_ss/include/tms_msg_ss/msg/rosidl_generator_c__visibility_control.h
[1.961s] -- Up-to-date symlink: /home/common/colcon_ws/install/tms_msg_ss/include/tms_msg_ss/msg/vicon_data.h
[1.962s] -- Up-to-date symlink: /home/common/colcon_ws/install/tms_msg_ss/include/tms_msg_ss/msg/vicon_data__functions.h
[1.964s] -- Up-to-date symlink: /home/common/colcon_ws/install/tms_msg_ss/include/tms_msg_ss/msg/vicon_data__struct.h
[1.964s] -- Up-to-date symlink: /home/common/colcon_ws/install/tms_msg_ss/include/tms_msg_ss/msg/vicon_data__type_support.h
[1.966s] -- Up-to-date symlink: /home/common/colcon_ws/install/tms_msg_ss/lib/libtms_msg_ss__rosidl_generator_c.so
[1.972s] -- Up-to-date symlink: /home/common/colcon_ws/install/tms_msg_ss/include/tms_msg_ss/msg/rosidl_typesupport_fastrtps_cpp__visibility_control.h
[1.974s] -- Up-to-date symlink: /home/common/colcon_ws/install/tms_msg_ss/include/tms_msg_ss/msg/vicon_data__rosidl_typesupport_fastrtps_cpp.hpp
[1.974s] -- Up-to-date symlink: /home/common/colcon_ws/install/tms_msg_ss/lib/libtms_msg_ss__rosidl_typesupport_fastrtps_cpp.so
[1.974s] -- Up-to-date symlink: /home/common/colcon_ws/install/tms_msg_ss/include/tms_msg_ss/msg/vicon_data.hpp
[1.975s] -- Up-to-date symlink: /home/common/colcon_ws/install/tms_msg_ss/include/tms_msg_ss/msg/vicon_data__struct.hpp
[1.975s] -- Up-to-date symlink: /home/common/colcon_ws/install/tms_msg_ss/include/tms_msg_ss/msg/vicon_data__traits.hpp
[1.975s] -- Up-to-date symlink: /home/common/colcon_ws/install/tms_msg_ss/include/tms_msg_ss/msg/rosidl_typesupport_introspection_c__visibility_control.h
[1.975s] -- Up-to-date symlink: /home/common/colcon_ws/install/tms_msg_ss/include/tms_msg_ss/msg/vicon_data__rosidl_typesupport_introspection_c.h
[1.975s] -- Up-to-date symlink: /home/common/colcon_ws/install/tms_msg_ss/lib/libtms_msg_ss__rosidl_typesupport_introspection_c.so
[1.976s] -- Up-to-date symlink: /home/common/colcon_ws/install/tms_msg_ss/include/tms_msg_ss/msg/vicon_data__rosidl_typesupport_introspection_cpp.hpp
[1.979s] -- Up-to-date symlink: /home/common/colcon_ws/install/tms_msg_ss/lib/libtms_msg_ss__rosidl_typesupport_introspection_cpp.so
[1.979s] -- Up-to-date symlink: /home/common/colcon_ws/install/tms_msg_ss/share/tms_msg_ss/environment/pythonpath.sh
[1.979s] -- Up-to-date symlink: /home/common/colcon_ws/install/tms_msg_ss/lib/python3.6/site-packages/tms_msg_ss/__init__.py
[1.980s] -- Up-to-date symlink: /home/common/colcon_ws/install/tms_msg_ss/lib/python3.6/site-packages/tms_msg_ss/msg/__init__.py
[1.980s] -- Up-to-date symlink: /home/common/colcon_ws/install/tms_msg_ss/lib/python3.6/site-packages/tms_msg_ss/msg/_vicon_data.py
[1.982s] -- Up-to-date symlink: /home/common/colcon_ws/install/tms_msg_ss/lib/python3.6/site-packages/tms_msg_ss/tms_msg_ss_s__rosidl_typesupport_c.cpython-36m-x86_64-linux-gnu.so
[1.982s] -- Up-to-date symlink: /home/common/colcon_ws/install/tms_msg_ss/lib/python3.6/site-packages/tms_msg_ss/tms_msg_ss_s__rosidl_typesupport_fastrtps_c.cpython-36m-x86_64-linux-gnu.so
[1.982s] -- Up-to-date symlink: /home/common/colcon_ws/install/tms_msg_ss/lib/libtms_msg_ss__python.so
[1.982s] -- Up-to-date symlink: /home/common/colcon_ws/install/tms_msg_ss/share/tms_msg_ss/msg/ViconData.idl
[1.983s] -- Up-to-date symlink: /home/common/colcon_ws/install/tms_msg_ss/share/tms_msg_ss/msg/ViconData.msg
[1.983s] -- Up-to-date symlink: /home/common/colcon_ws/install/tms_msg_ss/share/ament_index/resource_index/package_run_dependencies/tms_msg_ss
[1.983s] -- Up-to-date symlink: /home/common/colcon_ws/install/tms_msg_ss/share/ament_index/resource_index/parent_prefix_path/tms_msg_ss
[1.984s] -- Up-to-date symlink: /home/common/colcon_ws/install/tms_msg_ss/share/tms_msg_ss/environment/ament_prefix_path.sh
[1.984s] -- Up-to-date symlink: /home/common/colcon_ws/install/tms_msg_ss/share/tms_msg_ss/environment/path.sh
[1.985s] -- Up-to-date symlink: /home/common/colcon_ws/install/tms_msg_ss/share/tms_msg_ss/local_setup.bash
[1.989s] -- Up-to-date symlink: /home/common/colcon_ws/install/tms_msg_ss/share/tms_msg_ss/local_setup.sh
[1.999s] -- Up-to-date symlink: /home/common/colcon_ws/install/tms_msg_ss/share/tms_msg_ss/local_setup.zsh
[1.999s] -- Up-to-date symlink: /home/common/colcon_ws/install/tms_msg_ss/share/ament_index/resource_index/packages/tms_msg_ss
[1.999s] -- Up-to-date symlink: /home/common/colcon_ws/install/tms_msg_ss/share/tms_msg_ss/cmake/rosidl_cmake-extras.cmake
[1.999s] -- Up-to-date symlink: /home/common/colcon_ws/install/tms_msg_ss/share/tms_msg_ss/cmake/ament_cmake_export_dependencies-extras.cmake
[2.000s] -- Up-to-date symlink: /home/common/colcon_ws/install/tms_msg_ss/share/tms_msg_ss/cmake/ament_cmake_export_libraries-extras.cmake
[2.000s] -- Up-to-date symlink: /home/common/colcon_ws/install/tms_msg_ss/share/tms_msg_ss/cmake/ament_cmake_export_include_directories-extras.cmake
[2.000s] -- Up-to-date symlink: /home/common/colcon_ws/install/tms_msg_ss/share/tms_msg_ss/cmake/tms_msg_ssConfig.cmake
[2.000s] -- Up-to-date symlink: /home/common/colcon_ws/install/tms_msg_ss/share/tms_msg_ss/cmake/tms_msg_ssConfig-version.cmake
[2.000s] -- Up-to-date symlink: /home/common/colcon_ws/install/tms_msg_ss/share/tms_msg_ss/package.xml
