[0.138s] [ 10%] Built target tms_nw_rp__rosidl_generator_c
[0.146s] [ 13%] Built target tms_nw_rp__cpp
[0.187s] [ 24%] Built target tms_nw_rp__rosidl_typesupport_introspection_c
[0.199s] [ 34%] Built target tms_nw_rp__rosidl_typesupport_fastrtps_cpp
[0.206s] [ 44%] Built target tms_nw_rp__rosidl_typesupport_introspection_cpp
[0.240s] [ 55%] Built target tms_nw_rp__rosidl_typesupport_cpp
[0.245s] [ 65%] Built target tms_nw_rp__rosidl_typesupport_fastrtps_c
[0.276s] [ 75%] Built target tms_nw_rp__rosidl_typesupport_c
[0.301s] [ 75%] Built target tms_nw_rp
[0.321s] [ 79%] Built target tms_nw_rp__py
[0.348s] [ 86%] Built target tms_nw_rp__python
[0.375s] [ 93%] Built target tms_nw_rp__rosidl_typesupport_fastrtps_c__pyext
[0.378s] [100%] Built target tms_nw_rp__rosidl_typesupport_c__pyext
[0.864s] [ 10%] Built target tms_nw_rp__rosidl_generator_c
[0.881s] [ 13%] Built target tms_nw_rp__cpp
[0.930s] [ 34%] Built target tms_nw_rp__rosidl_typesupport_introspection_c
[0.930s] [ 34%] Built target tms_nw_rp__rosidl_typesupport_introspection_cpp
[0.936s] [ 44%] Built target tms_nw_rp__rosidl_typesupport_fastrtps_cpp
[0.980s] [ 55%] Built target tms_nw_rp__rosidl_typesupport_cpp
[0.983s] [ 65%] Built target tms_nw_rp__rosidl_typesupport_fastrtps_c
[1.018s] [ 75%] Built target tms_nw_rp__rosidl_typesupport_c
[1.042s] [ 75%] Built target tms_nw_rp
[1.072s] [ 79%] Built target tms_nw_rp__py
[1.107s] [ 86%] Built target tms_nw_rp__python
[1.148s] [ 93%] Built target tms_nw_rp__rosidl_typesupport_c__pyext
[1.157s] [100%] Built target tms_nw_rp__rosidl_typesupport_fastrtps_c__pyext
[1.181s] [36mInstall the project...[0m
[1.195s] -- Install configuration: ""
[1.197s] -- Execute custom install script
[1.197s] -- Up-to-date symlink: /home/common/colcon_ws/install/tms_nw_rp/share/ament_index/resource_index/rosidl_interfaces/tms_nw_rp
[1.198s] -- Up-to-date symlink: /home/common/colcon_ws/install/tms_nw_rp/include/tms_nw_rp/srv/tms_nw_req.hpp
[1.198s] -- Up-to-date symlink: /home/common/colcon_ws/install/tms_nw_rp/include/tms_nw_rp/srv/tms_nw_req__struct.hpp
[1.199s] -- Up-to-date symlink: /home/common/colcon_ws/install/tms_nw_rp/include/tms_nw_rp/srv/tms_nw_req__traits.hpp
[1.200s] -- Up-to-date symlink: /home/common/colcon_ws/install/tms_nw_rp/include/tms_nw_rp/msg/rosidl_generator_c__visibility_control.h
[1.200s] -- Up-to-date symlink: /home/common/colcon_ws/install/tms_nw_rp/include/tms_nw_rp/srv/tms_nw_req.h
[1.201s] -- Up-to-date symlink: /home/common/colcon_ws/install/tms_nw_rp/include/tms_nw_rp/srv/tms_nw_req__functions.h
[1.201s] -- Up-to-date symlink: /home/common/colcon_ws/install/tms_nw_rp/include/tms_nw_rp/srv/tms_nw_req__struct.h
[1.202s] -- Up-to-date symlink: /home/common/colcon_ws/install/tms_nw_rp/include/tms_nw_rp/srv/tms_nw_req__type_support.h
[1.202s] -- Up-to-date symlink: /home/common/colcon_ws/install/tms_nw_rp/share/tms_nw_rp/environment/library_path.sh
[1.203s] -- Up-to-date symlink: /home/common/colcon_ws/install/tms_nw_rp/lib/libtms_nw_rp__rosidl_generator_c.so
[1.204s] -- Up-to-date symlink: /home/common/colcon_ws/install/tms_nw_rp/lib/libtms_nw_rp__rosidl_typesupport_c.so
[1.205s] -- Up-to-date symlink: /home/common/colcon_ws/install/tms_nw_rp/lib/libtms_nw_rp__rosidl_typesupport_cpp.so
[1.206s] -- Up-to-date symlink: /home/common/colcon_ws/install/tms_nw_rp/include/tms_nw_rp/msg/rosidl_typesupport_introspection_c__visibility_control.h
[1.206s] -- Up-to-date symlink: /home/common/colcon_ws/install/tms_nw_rp/include/tms_nw_rp/srv/tms_nw_req__rosidl_typesupport_introspection_c.h
[1.207s] -- Up-to-date symlink: /home/common/colcon_ws/install/tms_nw_rp/lib/libtms_nw_rp__rosidl_typesupport_introspection_c.so
[1.208s] -- Up-to-date symlink: /home/common/colcon_ws/install/tms_nw_rp/include/tms_nw_rp/srv/tms_nw_req__rosidl_typesupport_introspection_cpp.hpp
[1.213s] -- Up-to-date symlink: /home/common/colcon_ws/install/tms_nw_rp/lib/libtms_nw_rp__rosidl_typesupport_introspection_cpp.so
[1.214s] -- Up-to-date symlink: /home/common/colcon_ws/install/tms_nw_rp/include/tms_nw_rp/msg/rosidl_typesupport_fastrtps_c__visibility_control.h
[1.214s] -- Up-to-date symlink: /home/common/colcon_ws/install/tms_nw_rp/include/tms_nw_rp/srv/tms_nw_req__rosidl_typesupport_fastrtps_c.h
[1.215s] -- Up-to-date symlink: /home/common/colcon_ws/install/tms_nw_rp/lib/libtms_nw_rp__rosidl_typesupport_fastrtps_c.so
[1.221s] -- Up-to-date symlink: /home/common/colcon_ws/install/tms_nw_rp/include/tms_nw_rp/msg/rosidl_typesupport_fastrtps_cpp__visibility_control.h
[1.222s] -- Up-to-date symlink: /home/common/colcon_ws/install/tms_nw_rp/include/tms_nw_rp/srv/tms_nw_req__rosidl_typesupport_fastrtps_cpp.hpp
[1.223s] -- Up-to-date symlink: /home/common/colcon_ws/install/tms_nw_rp/lib/libtms_nw_rp__rosidl_typesupport_fastrtps_cpp.so
[1.228s] -- Up-to-date symlink: /home/common/colcon_ws/install/tms_nw_rp/share/tms_nw_rp/environment/pythonpath.sh
[1.228s] -- Up-to-date symlink: /home/common/colcon_ws/install/tms_nw_rp/lib/python3.6/site-packages/tms_nw_rp/__init__.py
[1.229s] -- Up-to-date symlink: /home/common/colcon_ws/install/tms_nw_rp/lib/python3.6/site-packages/tms_nw_rp/srv/__init__.py
[1.230s] -- Up-to-date symlink: /home/common/colcon_ws/install/tms_nw_rp/lib/python3.6/site-packages/tms_nw_rp/srv/_tms_nw_req.py
[1.231s] -- Up-to-date symlink: /home/common/colcon_ws/install/tms_nw_rp/lib/python3.6/site-packages/tms_nw_rp/tms_nw_rp_s__rosidl_typesupport_c.cpython-36m-x86_64-linux-gnu.so
[1.234s] -- Up-to-date symlink: /home/common/colcon_ws/install/tms_nw_rp/lib/python3.6/site-packages/tms_nw_rp/tms_nw_rp_s__rosidl_typesupport_fastrtps_c.cpython-36m-x86_64-linux-gnu.so
[1.236s] -- Up-to-date symlink: /home/common/colcon_ws/install/tms_nw_rp/lib/libtms_nw_rp__python.so
[1.238s] -- Up-to-date symlink: /home/common/colcon_ws/install/tms_nw_rp/share/tms_nw_rp/srv/TmsNwReq.idl
[1.238s] -- Up-to-date symlink: /home/common/colcon_ws/install/tms_nw_rp/share/tms_nw_rp/srv/TmsNwReq.srv
[1.240s] -- Up-to-date symlink: /home/common/colcon_ws/install/tms_nw_rp/share/tms_nw_rp/srv/TmsNwReq_Request.msg
[1.248s] -- Up-to-date symlink: /home/common/colcon_ws/install/tms_nw_rp/share/tms_nw_rp/srv/TmsNwReq_Response.msg
[1.248s] -- Up-to-date symlink: /home/common/colcon_ws/install/tms_nw_rp/share/ament_index/resource_index/package_run_dependencies/tms_nw_rp
[1.249s] -- Up-to-date symlink: /home/common/colcon_ws/install/tms_nw_rp/share/ament_index/resource_index/parent_prefix_path/tms_nw_rp
[1.250s] -- Up-to-date symlink: /home/common/colcon_ws/install/tms_nw_rp/share/tms_nw_rp/environment/ament_prefix_path.sh
[1.250s] -- Up-to-date symlink: /home/common/colcon_ws/install/tms_nw_rp/share/tms_nw_rp/environment/path.sh
[1.251s] -- Up-to-date symlink: /home/common/colcon_ws/install/tms_nw_rp/share/tms_nw_rp/local_setup.bash
[1.251s] -- Up-to-date symlink: /home/common/colcon_ws/install/tms_nw_rp/share/tms_nw_rp/local_setup.sh
[1.253s] -- Up-to-date symlink: /home/common/colcon_ws/install/tms_nw_rp/share/tms_nw_rp/local_setup.zsh
[1.254s] -- Up-to-date symlink: /home/common/colcon_ws/install/tms_nw_rp/share/ament_index/resource_index/packages/tms_nw_rp
[1.255s] -- Up-to-date symlink: /home/common/colcon_ws/install/tms_nw_rp/share/tms_nw_rp/cmake/rosidl_cmake-extras.cmake
[1.259s] -- Up-to-date symlink: /home/common/colcon_ws/install/tms_nw_rp/share/tms_nw_rp/cmake/ament_cmake_export_dependencies-extras.cmake
[1.260s] -- Up-to-date symlink: /home/common/colcon_ws/install/tms_nw_rp/share/tms_nw_rp/cmake/ament_cmake_export_include_directories-extras.cmake
[1.260s] -- Up-to-date symlink: /home/common/colcon_ws/install/tms_nw_rp/share/tms_nw_rp/cmake/ament_cmake_export_libraries-extras.cmake
[1.261s] -- Up-to-date symlink: /home/common/colcon_ws/install/tms_nw_rp/share/tms_nw_rp/cmake/tms_nw_rpConfig.cmake
[1.262s] -- Up-to-date symlink: /home/common/colcon_ws/install/tms_nw_rp/share/tms_nw_rp/cmake/tms_nw_rpConfig-version.cmake
[1.262s] -- Up-to-date symlink: /home/common/colcon_ws/install/tms_nw_rp/share/tms_nw_rp/package.xml
