[0.061s] Invoking command in '/home/common/colcon_ws/build/tms_msg_rc': /usr/bin/cmake --build /home/common/colcon_ws/build/tms_msg_rc -- -j8 -l8
[0.167s] [  3%] Built target tms_msg_rc__cpp
[0.205s] [ 13%] Built target tms_msg_rc__rosidl_generator_c
[0.231s] [ 24%] Built target tms_msg_rc__rosidl_typesupport_fastrtps_cpp
[0.241s] [ 34%] Built target tms_msg_rc__rosidl_typesupport_introspection_cpp
[0.264s] [ 44%] Built target tms_msg_rc__rosidl_typesupport_introspection_c
[0.276s] [ 55%] Built target tms_msg_rc__rosidl_typesupport_cpp
[0.285s] [ 65%] Built target tms_msg_rc__rosidl_typesupport_fastrtps_c
[0.329s] [ 75%] Built target tms_msg_rc__rosidl_typesupport_c
[0.356s] [ 75%] Built target tms_msg_rc
[0.390s] [ 79%] Built target tms_msg_rc__py
[0.432s] [ 86%] Built target tms_msg_rc__python
[0.476s] [ 93%] Built target tms_msg_rc__rosidl_typesupport_c__pyext
[0.481s] [100%] Built target tms_msg_rc__rosidl_typesupport_fastrtps_c__pyext
[0.504s] Invoked command in '/home/common/colcon_ws/build/tms_msg_rc' returned '0': /usr/bin/cmake --build /home/common/colcon_ws/build/tms_msg_rc -- -j8 -l8
[0.589s] Invoking command in '/home/common/colcon_ws/build/tms_msg_rc': /usr/bin/cmake --build /home/common/colcon_ws/build/tms_msg_rc --target install -- -j8 -l8
[0.664s] [  3%] Built target tms_msg_rc__cpp
[0.665s] [ 13%] Built target tms_msg_rc__rosidl_generator_c
[0.693s] [ 24%] Built target tms_msg_rc__rosidl_typesupport_introspection_cpp
[0.696s] [ 34%] Built target tms_msg_rc__rosidl_typesupport_fastrtps_cpp
[0.697s] [ 44%] Built target tms_msg_rc__rosidl_typesupport_introspection_c
[0.728s] [ 55%] Built target tms_msg_rc__rosidl_typesupport_cpp
[0.730s] [ 65%] Built target tms_msg_rc__rosidl_typesupport_fastrtps_c
[0.765s] [ 75%] Built target tms_msg_rc__rosidl_typesupport_c
[0.792s] [ 75%] Built target tms_msg_rc
[0.817s] [ 79%] Built target tms_msg_rc__py
[0.849s] [ 86%] Built target tms_msg_rc__python
[0.881s] [ 93%] Built target tms_msg_rc__rosidl_typesupport_fastrtps_c__pyext
[0.881s] [100%] Built target tms_msg_rc__rosidl_typesupport_c__pyext
[0.899s] [36mInstall the project...[0m
[0.909s] -- Install configuration: ""
[0.909s] -- Execute custom install script
[0.910s] -- Up-to-date symlink: /home/common/colcon_ws/install/tms_msg_rc/share/ament_index/resource_index/rosidl_interfaces/tms_msg_rc
[0.910s] -- Up-to-date symlink: /home/common/colcon_ws/install/tms_msg_rc/lib/libtms_msg_rc__rosidl_typesupport_c.so
[0.910s] -- Up-to-date symlink: /home/common/colcon_ws/install/tms_msg_rc/share/tms_msg_rc/environment/library_path.sh
[0.911s] -- Up-to-date symlink: /home/common/colcon_ws/install/tms_msg_rc/lib/libtms_msg_rc__rosidl_typesupport_cpp.so
[0.911s] -- Up-to-date symlink: /home/common/colcon_ws/install/tms_msg_rc/include/tms_msg_rc/msg/rosidl_typesupport_fastrtps_c__visibility_control.h
[0.911s] -- Up-to-date symlink: /home/common/colcon_ws/install/tms_msg_rc/include/tms_msg_rc/srv/turtlebot_control__rosidl_typesupport_fastrtps_c.h
[0.912s] -- Up-to-date symlink: /home/common/colcon_ws/install/tms_msg_rc/lib/libtms_msg_rc__rosidl_typesupport_fastrtps_c.so
[0.912s] -- Up-to-date symlink: /home/common/colcon_ws/install/tms_msg_rc/include/tms_msg_rc/msg/rosidl_generator_c__visibility_control.h
[0.912s] -- Up-to-date symlink: /home/common/colcon_ws/install/tms_msg_rc/include/tms_msg_rc/srv/turtlebot_control.h
[0.913s] -- Up-to-date symlink: /home/common/colcon_ws/install/tms_msg_rc/include/tms_msg_rc/srv/turtlebot_control__functions.h
[0.913s] -- Up-to-date symlink: /home/common/colcon_ws/install/tms_msg_rc/include/tms_msg_rc/srv/turtlebot_control__struct.h
[0.913s] -- Up-to-date symlink: /home/common/colcon_ws/install/tms_msg_rc/include/tms_msg_rc/srv/turtlebot_control__type_support.h
[0.913s] -- Up-to-date symlink: /home/common/colcon_ws/install/tms_msg_rc/lib/libtms_msg_rc__rosidl_generator_c.so
[0.914s] -- Up-to-date symlink: /home/common/colcon_ws/install/tms_msg_rc/include/tms_msg_rc/msg/rosidl_typesupport_fastrtps_cpp__visibility_control.h
[0.914s] -- Up-to-date symlink: /home/common/colcon_ws/install/tms_msg_rc/include/tms_msg_rc/srv/turtlebot_control__rosidl_typesupport_fastrtps_cpp.hpp
[0.915s] -- Up-to-date symlink: /home/common/colcon_ws/install/tms_msg_rc/lib/libtms_msg_rc__rosidl_typesupport_fastrtps_cpp.so
[0.915s] -- Up-to-date symlink: /home/common/colcon_ws/install/tms_msg_rc/include/tms_msg_rc/srv/turtlebot_control.hpp
[0.915s] -- Up-to-date symlink: /home/common/colcon_ws/install/tms_msg_rc/include/tms_msg_rc/srv/turtlebot_control__struct.hpp
[0.916s] -- Up-to-date symlink: /home/common/colcon_ws/install/tms_msg_rc/include/tms_msg_rc/srv/turtlebot_control__traits.hpp
[0.916s] -- Up-to-date symlink: /home/common/colcon_ws/install/tms_msg_rc/include/tms_msg_rc/msg/rosidl_typesupport_introspection_c__visibility_control.h
[0.916s] -- Up-to-date symlink: /home/common/colcon_ws/install/tms_msg_rc/include/tms_msg_rc/srv/turtlebot_control__rosidl_typesupport_introspection_c.h
[0.917s] -- Up-to-date symlink: /home/common/colcon_ws/install/tms_msg_rc/lib/libtms_msg_rc__rosidl_typesupport_introspection_c.so
[0.917s] -- Up-to-date symlink: /home/common/colcon_ws/install/tms_msg_rc/include/tms_msg_rc/srv/turtlebot_control__rosidl_typesupport_introspection_cpp.hpp
[0.918s] -- Up-to-date symlink: /home/common/colcon_ws/install/tms_msg_rc/lib/libtms_msg_rc__rosidl_typesupport_introspection_cpp.so
[0.918s] -- Up-to-date symlink: /home/common/colcon_ws/install/tms_msg_rc/share/tms_msg_rc/environment/pythonpath.sh
[0.918s] -- Up-to-date symlink: /home/common/colcon_ws/install/tms_msg_rc/lib/python3.6/site-packages/tms_msg_rc/__init__.py
[0.919s] -- Up-to-date symlink: /home/common/colcon_ws/install/tms_msg_rc/lib/python3.6/site-packages/tms_msg_rc/srv/__init__.py
[0.919s] -- Up-to-date symlink: /home/common/colcon_ws/install/tms_msg_rc/lib/python3.6/site-packages/tms_msg_rc/srv/_turtlebot_control.py
[0.919s] -- Up-to-date symlink: /home/common/colcon_ws/install/tms_msg_rc/lib/python3.6/site-packages/tms_msg_rc/tms_msg_rc_s__rosidl_typesupport_c.cpython-36m-x86_64-linux-gnu.so
[0.920s] -- Up-to-date symlink: /home/common/colcon_ws/install/tms_msg_rc/lib/python3.6/site-packages/tms_msg_rc/tms_msg_rc_s__rosidl_typesupport_fastrtps_c.cpython-36m-x86_64-linux-gnu.so
[0.920s] -- Up-to-date symlink: /home/common/colcon_ws/install/tms_msg_rc/lib/libtms_msg_rc__python.so
[0.920s] -- Up-to-date symlink: /home/common/colcon_ws/install/tms_msg_rc/share/tms_msg_rc/srv/TurtlebotControl.idl
[0.920s] -- Up-to-date symlink: /home/common/colcon_ws/install/tms_msg_rc/share/tms_msg_rc/srv/TurtlebotControl.srv
[0.921s] -- Up-to-date symlink: /home/common/colcon_ws/install/tms_msg_rc/share/tms_msg_rc/srv/TurtlebotControl_Request.msg
[0.921s] -- Up-to-date symlink: /home/common/colcon_ws/install/tms_msg_rc/share/tms_msg_rc/srv/TurtlebotControl_Response.msg
[0.921s] -- Up-to-date symlink: /home/common/colcon_ws/install/tms_msg_rc/share/ament_index/resource_index/package_run_dependencies/tms_msg_rc
[0.922s] -- Up-to-date symlink: /home/common/colcon_ws/install/tms_msg_rc/share/ament_index/resource_index/parent_prefix_path/tms_msg_rc
[0.922s] -- Up-to-date symlink: /home/common/colcon_ws/install/tms_msg_rc/share/tms_msg_rc/environment/ament_prefix_path.sh
[0.922s] -- Up-to-date symlink: /home/common/colcon_ws/install/tms_msg_rc/share/tms_msg_rc/environment/path.sh
[0.922s] -- Up-to-date symlink: /home/common/colcon_ws/install/tms_msg_rc/share/tms_msg_rc/local_setup.bash
[0.923s] -- Up-to-date symlink: /home/common/colcon_ws/install/tms_msg_rc/share/tms_msg_rc/local_setup.sh
[0.923s] -- Up-to-date symlink: /home/common/colcon_ws/install/tms_msg_rc/share/tms_msg_rc/local_setup.zsh
[0.923s] -- Up-to-date symlink: /home/common/colcon_ws/install/tms_msg_rc/share/ament_index/resource_index/packages/tms_msg_rc
[0.923s] -- Up-to-date symlink: /home/common/colcon_ws/install/tms_msg_rc/share/tms_msg_rc/cmake/rosidl_cmake-extras.cmake
[0.924s] -- Up-to-date symlink: /home/common/colcon_ws/install/tms_msg_rc/share/tms_msg_rc/cmake/ament_cmake_export_dependencies-extras.cmake
[0.924s] -- Up-to-date symlink: /home/common/colcon_ws/install/tms_msg_rc/share/tms_msg_rc/cmake/ament_cmake_export_libraries-extras.cmake
[0.924s] -- Up-to-date symlink: /home/common/colcon_ws/install/tms_msg_rc/share/tms_msg_rc/cmake/ament_cmake_export_include_directories-extras.cmake
[0.925s] -- Up-to-date symlink: /home/common/colcon_ws/install/tms_msg_rc/share/tms_msg_rc/cmake/tms_msg_rcConfig.cmake
[0.925s] -- Up-to-date symlink: /home/common/colcon_ws/install/tms_msg_rc/share/tms_msg_rc/cmake/tms_msg_rcConfig-version.cmake
[0.925s] -- Up-to-date symlink: /home/common/colcon_ws/install/tms_msg_rc/share/tms_msg_rc/package.xml
[1.023s] Invoked command in '/home/common/colcon_ws/build/tms_msg_rc' returned '0': /usr/bin/cmake --build /home/common/colcon_ws/build/tms_msg_rc --target install -- -j8 -l8
