[0.112s] -- Found ament_cmake: 0.7.4 (/opt/ros/dashing/share/ament_cmake/cmake)
[0.141s] -- Using PYTHON_EXECUTABLE: /usr/bin/python3
[0.504s] -- Override CMake install command with custom implementation using symlinks instead of copying resources
[0.512s] -- Found urdf: 2.2.0 (/opt/ros/dashing/share/urdf/cmake)
[0.658s] -- Configuring done
[0.659s] -- Generating done
[0.659s] -- Build files have been written to: /home/common/colcon_ws/build/turtlebot3_description
[0.853s] [36mInstall the project...[0m
[0.868s] -- Install configuration: ""
[0.869s] -- Execute custom install script
[0.870s] -- Up-to-date symlink: /home/common/colcon_ws/install/turtlebot3_description/share/turtlebot3_description/meshes/bases/burger_base.stl
[0.871s] -- Up-to-date symlink: /home/common/colcon_ws/install/turtlebot3_description/share/turtlebot3_description/meshes/bases/waffle_base.stl
[0.871s] -- Up-to-date symlink: /home/common/colcon_ws/install/turtlebot3_description/share/turtlebot3_description/meshes/bases/waffle_pi_base.stl
[0.871s] -- Up-to-date symlink: /home/common/colcon_ws/install/turtlebot3_description/share/turtlebot3_description/meshes/sensors/astra.dae
[0.872s] -- Up-to-date symlink: /home/common/colcon_ws/install/turtlebot3_description/share/turtlebot3_description/meshes/sensors/astra.jpg
[0.872s] -- Up-to-date symlink: /home/common/colcon_ws/install/turtlebot3_description/share/turtlebot3_description/meshes/sensors/lds.stl
[0.872s] -- Up-to-date symlink: /home/common/colcon_ws/install/turtlebot3_description/share/turtlebot3_description/meshes/sensors/r200.dae
[0.872s] -- Up-to-date symlink: /home/common/colcon_ws/install/turtlebot3_description/share/turtlebot3_description/meshes/sensors/r200.jpg
[0.873s] -- Up-to-date symlink: /home/common/colcon_ws/install/turtlebot3_description/share/turtlebot3_description/meshes/wheels/left_tire.stl
[0.873s] -- Up-to-date symlink: /home/common/colcon_ws/install/turtlebot3_description/share/turtlebot3_description/meshes/wheels/right_tire.stl
[0.874s] -- Up-to-date symlink: /home/common/colcon_ws/install/turtlebot3_description/share/turtlebot3_description/rviz/model.rviz
[0.874s] -- Up-to-date symlink: /home/common/colcon_ws/install/turtlebot3_description/share/turtlebot3_description/urdf/common_properties.urdf
[0.875s] -- Up-to-date symlink: /home/common/colcon_ws/install/turtlebot3_description/share/turtlebot3_description/urdf/turtlebot3_burger.urdf
[0.875s] -- Up-to-date symlink: /home/common/colcon_ws/install/turtlebot3_description/share/turtlebot3_description/urdf/turtlebot3_waffle.urdf
[0.875s] -- Up-to-date symlink: /home/common/colcon_ws/install/turtlebot3_description/share/turtlebot3_description/urdf/turtlebot3_waffle_pi.urdf
[0.876s] -- Up-to-date symlink: /home/common/colcon_ws/install/turtlebot3_description/share/ament_index/resource_index/package_run_dependencies/turtlebot3_description
[0.876s] -- Up-to-date symlink: /home/common/colcon_ws/install/turtlebot3_description/share/ament_index/resource_index/parent_prefix_path/turtlebot3_description
[0.877s] -- Up-to-date symlink: /home/common/colcon_ws/install/turtlebot3_description/share/turtlebot3_description/environment/ament_prefix_path.sh
[0.877s] -- Up-to-date symlink: /home/common/colcon_ws/install/turtlebot3_description/share/turtlebot3_description/environment/path.sh
[0.878s] -- Up-to-date symlink: /home/common/colcon_ws/install/turtlebot3_description/share/turtlebot3_description/local_setup.bash
[0.878s] -- Up-to-date symlink: /home/common/colcon_ws/install/turtlebot3_description/share/turtlebot3_description/local_setup.sh
[0.879s] -- Up-to-date symlink: /home/common/colcon_ws/install/turtlebot3_description/share/turtlebot3_description/local_setup.zsh
[0.879s] -- Up-to-date symlink: /home/common/colcon_ws/install/turtlebot3_description/share/ament_index/resource_index/packages/turtlebot3_description
[0.880s] -- Up-to-date symlink: /home/common/colcon_ws/install/turtlebot3_description/share/turtlebot3_description/cmake/turtlebot3_descriptionConfig.cmake
[0.880s] -- Up-to-date symlink: /home/common/colcon_ws/install/turtlebot3_description/share/turtlebot3_description/cmake/turtlebot3_descriptionConfig-version.cmake
[0.880s] -- Up-to-date symlink: /home/common/colcon_ws/install/turtlebot3_description/share/turtlebot3_description/package.xml
