[0.380s] -- The C compiler identification is GNU 7.4.0
[0.440s] -- The CXX compiler identification is GNU 7.4.0
[0.444s] -- Check for working C compiler: /usr/bin/cc
[0.525s] -- Check for working C compiler: /usr/bin/cc -- works
[0.525s] -- Detecting C compiler ABI info
[0.607s] -- Detecting C compiler ABI info - done
[0.612s] -- Detecting C compile features
[0.844s] -- Detecting C compile features - done
[0.846s] -- Check for working CXX compiler: /usr/bin/c++
[0.925s] -- Check for working CXX compiler: /usr/bin/c++ -- works
[0.925s] -- Detecting CXX compiler ABI info
[1.017s] -- Detecting CXX compiler ABI info - done
[1.023s] -- Detecting CXX compile features
[1.403s] -- Detecting CXX compile features - done
[1.405s] -- Found ament_cmake: 0.7.4 (/opt/ros/dashing/share/ament_cmake/cmake)
[1.461s] -- Found PythonInterp: /usr/bin/python3 (found suitable version "3.6.9", minimum required is "3") 
[1.461s] -- Using PYTHON_EXECUTABLE: /usr/bin/python3
[1.783s] -- Configuring done
[1.785s] -- Generating done
[1.785s] -- Build files have been written to: /home/common/colcon_ws/build/turtlebot3_simulations
[1.936s] [36mInstall the project...[0m
[1.945s] -- Install configuration: ""
[1.946s] -- Installing: /home/common/colcon_ws/install/turtlebot3_simulations/share/ament_index/resource_index/package_run_dependencies/turtlebot3_simulations
[1.946s] -- Installing: /home/common/colcon_ws/install/turtlebot3_simulations/share/ament_index/resource_index/parent_prefix_path/turtlebot3_simulations
[1.946s] -- Installing: /home/common/colcon_ws/install/turtlebot3_simulations/share/turtlebot3_simulations/environment/ament_prefix_path.sh
[1.947s] -- Installing: /home/common/colcon_ws/install/turtlebot3_simulations/share/turtlebot3_simulations/environment/path.sh
[1.947s] -- Installing: /home/common/colcon_ws/install/turtlebot3_simulations/share/turtlebot3_simulations/local_setup.bash
[1.947s] -- Installing: /home/common/colcon_ws/install/turtlebot3_simulations/share/turtlebot3_simulations/local_setup.sh
[1.947s] -- Installing: /home/common/colcon_ws/install/turtlebot3_simulations/share/turtlebot3_simulations/local_setup.zsh
[1.947s] -- Installing: /home/common/colcon_ws/install/turtlebot3_simulations/share/ament_index/resource_index/packages/turtlebot3_simulations
[1.948s] -- Installing: /home/common/colcon_ws/install/turtlebot3_simulations/share/turtlebot3_simulations/cmake/turtlebot3_simulationsConfig.cmake
[1.950s] -- Installing: /home/common/colcon_ws/install/turtlebot3_simulations/share/turtlebot3_simulations/cmake/turtlebot3_simulationsConfig-version.cmake
[1.951s] -- Installing: /home/common/colcon_ws/install/turtlebot3_simulations/share/turtlebot3_simulations/package.xml
