[0.047s] Invoking command in '/home/common/colcon_ws/build/tms_rc_tfnode': CMAKE_PREFIX_PATH=/home/common/colcon_ws/install/turtlebot3_teleop:/home/common/colcon_ws/install/tms_ur_speaker:/home/common/colcon_ws/install/tms_ur_listener:/home/common/colcon_ws/install/tms_ts_ts:/home/common/colcon_ws/install/tms_ts_test:/home/common/colcon_ws/install/tms_ts_subtask:/home/common/colcon_ws/install/tms_ss_whs1:/home/common/colcon_ws/install/tms_rc_double:/home/common/colcon_ws/install/tms_db_manager:/opt/ros/dashing:${CMAKE_PREFIX_PATH} /usr/bin/cmake --build /home/common/colcon_ws/build/tms_rc_tfnode -- -j8 -l8
[0.363s] [100%] Built target Tfnode
[0.405s] Invoked command in '/home/common/colcon_ws/build/tms_rc_tfnode' returned '0': CMAKE_PREFIX_PATH=/home/common/colcon_ws/install/turtlebot3_teleop:/home/common/colcon_ws/install/tms_ur_speaker:/home/common/colcon_ws/install/tms_ur_listener:/home/common/colcon_ws/install/tms_ts_ts:/home/common/colcon_ws/install/tms_ts_test:/home/common/colcon_ws/install/tms_ts_subtask:/home/common/colcon_ws/install/tms_ss_whs1:/home/common/colcon_ws/install/tms_rc_double:/home/common/colcon_ws/install/tms_db_manager:/opt/ros/dashing:${CMAKE_PREFIX_PATH} /usr/bin/cmake --build /home/common/colcon_ws/build/tms_rc_tfnode -- -j8 -l8
[0.519s] Invoking command in '/home/common/colcon_ws/build/tms_rc_tfnode': CMAKE_PREFIX_PATH=/home/common/colcon_ws/install/turtlebot3_teleop:/home/common/colcon_ws/install/tms_ur_speaker:/home/common/colcon_ws/install/tms_ur_listener:/home/common/colcon_ws/install/tms_ts_ts:/home/common/colcon_ws/install/tms_ts_test:/home/common/colcon_ws/install/tms_ts_subtask:/home/common/colcon_ws/install/tms_ss_whs1:/home/common/colcon_ws/install/tms_rc_double:/home/common/colcon_ws/install/tms_db_manager:/opt/ros/dashing:${CMAKE_PREFIX_PATH} /usr/bin/cmake --build /home/common/colcon_ws/build/tms_rc_tfnode --target install -- -j8 -l8
[0.603s] [100%] Built target Tfnode
[0.626s] [36mInstall the project...[0m
[0.636s] -- Install configuration: ""
[0.636s] -- Execute custom install script
[0.636s] -- Up-to-date symlink: /home/common/colcon_ws/install/tms_rc_tfnode/lib/tms_rc_tfnode/Tfnode
[0.637s] -- Up-to-date symlink: /home/common/colcon_ws/install/tms_rc_tfnode/share/ament_index/resource_index/package_run_dependencies/tms_rc_tfnode
[0.637s] -- Up-to-date symlink: /home/common/colcon_ws/install/tms_rc_tfnode/share/ament_index/resource_index/parent_prefix_path/tms_rc_tfnode
[0.637s] -- Up-to-date symlink: /home/common/colcon_ws/install/tms_rc_tfnode/share/tms_rc_tfnode/environment/ament_prefix_path.sh
[0.638s] -- Up-to-date symlink: /home/common/colcon_ws/install/tms_rc_tfnode/share/tms_rc_tfnode/environment/path.sh
[0.638s] -- Up-to-date symlink: /home/common/colcon_ws/install/tms_rc_tfnode/share/tms_rc_tfnode/local_setup.bash
[0.638s] -- Up-to-date symlink: /home/common/colcon_ws/install/tms_rc_tfnode/share/tms_rc_tfnode/local_setup.sh
[0.638s] -- Up-to-date symlink: /home/common/colcon_ws/install/tms_rc_tfnode/share/tms_rc_tfnode/local_setup.zsh
[0.639s] -- Up-to-date symlink: /home/common/colcon_ws/install/tms_rc_tfnode/share/ament_index/resource_index/packages/tms_rc_tfnode
[0.639s] -- Up-to-date symlink: /home/common/colcon_ws/install/tms_rc_tfnode/share/tms_rc_tfnode/cmake/tms_rc_tfnodeConfig.cmake
[0.639s] -- Up-to-date symlink: /home/common/colcon_ws/install/tms_rc_tfnode/share/tms_rc_tfnode/cmake/tms_rc_tfnodeConfig-version.cmake
[0.639s] -- Up-to-date symlink: /home/common/colcon_ws/install/tms_rc_tfnode/share/tms_rc_tfnode/package.xml
[1.088s] Invoked command in '/home/common/colcon_ws/build/tms_rc_tfnode' returned '0': CMAKE_PREFIX_PATH=/home/common/colcon_ws/install/turtlebot3_teleop:/home/common/colcon_ws/install/tms_ur_speaker:/home/common/colcon_ws/install/tms_ur_listener:/home/common/colcon_ws/install/tms_ts_ts:/home/common/colcon_ws/install/tms_ts_test:/home/common/colcon_ws/install/tms_ts_subtask:/home/common/colcon_ws/install/tms_ss_whs1:/home/common/colcon_ws/install/tms_rc_double:/home/common/colcon_ws/install/tms_db_manager:/opt/ros/dashing:${CMAKE_PREFIX_PATH} /usr/bin/cmake --build /home/common/colcon_ws/build/tms_rc_tfnode --target install -- -j8 -l8
