[0.121s] -- The C compiler identification is GNU 7.4.0
[0.222s] -- The CXX compiler identification is GNU 7.4.0
[0.230s] -- Check for working C compiler: /usr/bin/cc
[0.366s] -- Check for working C compiler: /usr/bin/cc -- works
[0.367s] -- Detecting C compiler ABI info
[0.476s] -- Detecting C compiler ABI info - done
[0.485s] -- Detecting C compile features
[0.933s] -- Detecting C compile features - done
[0.937s] -- Check for working CXX compiler: /usr/bin/c++
[1.099s] -- Check for working CXX compiler: /usr/bin/c++ -- works
[1.101s] -- Detecting CXX compiler ABI info
[1.252s] -- Detecting CXX compiler ABI info - done
[1.260s] -- Detecting CXX compile features
[1.932s] -- Detecting CXX compile features - done
[1.940s] -- Found ament_cmake: 0.7.4 (/opt/ros/dashing/share/ament_cmake/cmake)
[2.033s] -- Found PythonInterp: /usr/bin/python3 (found suitable version "3.6.9", minimum required is "3") 
[2.034s] -- Using PYTHON_EXECUTABLE: /usr/bin/python3
[2.450s] -- Override CMake install command with custom implementation using symlinks instead of copying resources
[2.535s] -- Found example_interfaces: 0.7.1 (/opt/ros/dashing/share/example_interfaces/cmake)
[2.591s] -- Found rosidl_adapter: 0.7.8 (/opt/ros/dashing/share/rosidl_adapter/cmake)
[2.713s] -- Found rclcpp: 0.7.12 (/opt/ros/dashing/share/rclcpp/cmake)
[2.754s] -- Found rmw_implementation_cmake: 0.7.2 (/opt/ros/dashing/share/rmw_implementation_cmake/cmake)
[2.758s] -- Using RMW implementation 'rmw_fastrtps_cpp' as default
[2.759s] -- Looking for pthread.h
[2.917s] -- Looking for pthread.h - found
[2.917s] -- Looking for pthread_create
[3.048s] -- Looking for pthread_create - not found
[3.048s] -- Looking for pthread_create in pthreads
[3.164s] -- Looking for pthread_create in pthreads - not found
[3.164s] -- Looking for pthread_create in pthread
[3.274s] -- Looking for pthread_create in pthread - found
[3.276s] -- Found Threads: TRUE  
[3.353s] -- Found rclcpp_action: 0.7.12 (/opt/ros/dashing/share/rclcpp_action/cmake)
[3.886s] -- Configuring done
[3.963s] -- Generating done
[3.966s] -- Build files have been written to: /home/common/colcon_ws/build/examples_rclcpp_minimal_action_client
[4.066s] [35m[1mScanning dependencies of target action_client_member_functions[0m
[4.068s] [35m[1mScanning dependencies of target action_client_not_composable[0m
[4.073s] [35m[1mScanning dependencies of target action_client_not_composable_with_feedback[0m
[4.083s] [35m[1mScanning dependencies of target action_client_not_composable_with_cancel[0m
[4.116s] [ 12%] [32m[1mLinking CXX executable action_client_member_functions[0m
[4.131s] [ 25%] [32m[1mLinking CXX executable action_client_not_composable[0m
[4.133s] [ 37%] [32m[1mLinking CXX executable action_client_not_composable_with_feedback[0m
[4.146s] [ 50%] [32m[1mLinking CXX executable action_client_not_composable_with_cancel[0m
[4.451s] [ 62%] Built target action_client_member_functions
[4.457s] [ 75%] Built target action_client_not_composable
[4.466s] [ 87%] Built target action_client_not_composable_with_feedback
[4.473s] [100%] Built target action_client_not_composable_with_cancel
[4.771s] [ 25%] Built target action_client_not_composable_with_feedback
[4.774s] [ 50%] Built target action_client_not_composable_with_cancel
[4.786s] [ 75%] Built target action_client_member_functions
[4.787s] [100%] Built target action_client_not_composable
[4.822s] [36mInstall the project...[0m
[4.839s] -- Install configuration: ""
[4.839s] -- Execute custom install script
[4.840s] -- Up-to-date symlink: /home/common/colcon_ws/install/examples_rclcpp_minimal_action_client/lib/examples_rclcpp_minimal_action_client/action_client_member_functions
[4.841s] -- Up-to-date symlink: /home/common/colcon_ws/install/examples_rclcpp_minimal_action_client/lib/examples_rclcpp_minimal_action_client/action_client_not_composable
[4.842s] -- Up-to-date symlink: /home/common/colcon_ws/install/examples_rclcpp_minimal_action_client/lib/examples_rclcpp_minimal_action_client/action_client_not_composable_with_cancel
[4.842s] -- Up-to-date symlink: /home/common/colcon_ws/install/examples_rclcpp_minimal_action_client/lib/examples_rclcpp_minimal_action_client/action_client_not_composable_with_feedback
[4.848s] -- Up-to-date symlink: /home/common/colcon_ws/install/examples_rclcpp_minimal_action_client/share/ament_index/resource_index/package_run_dependencies/examples_rclcpp_minimal_action_client
[4.848s] -- Up-to-date symlink: /home/common/colcon_ws/install/examples_rclcpp_minimal_action_client/share/ament_index/resource_index/parent_prefix_path/examples_rclcpp_minimal_action_client
[4.848s] -- Up-to-date symlink: /home/common/colcon_ws/install/examples_rclcpp_minimal_action_client/share/examples_rclcpp_minimal_action_client/environment/ament_prefix_path.sh
[4.848s] -- Up-to-date symlink: /home/common/colcon_ws/install/examples_rclcpp_minimal_action_client/share/examples_rclcpp_minimal_action_client/environment/path.sh
[4.849s] -- Up-to-date symlink: /home/common/colcon_ws/install/examples_rclcpp_minimal_action_client/share/examples_rclcpp_minimal_action_client/local_setup.bash
[4.849s] -- Up-to-date symlink: /home/common/colcon_ws/install/examples_rclcpp_minimal_action_client/share/examples_rclcpp_minimal_action_client/local_setup.sh
[4.849s] -- Up-to-date symlink: /home/common/colcon_ws/install/examples_rclcpp_minimal_action_client/share/examples_rclcpp_minimal_action_client/local_setup.zsh
[4.849s] -- Up-to-date symlink: /home/common/colcon_ws/install/examples_rclcpp_minimal_action_client/share/ament_index/resource_index/packages/examples_rclcpp_minimal_action_client
[4.849s] -- Up-to-date symlink: /home/common/colcon_ws/install/examples_rclcpp_minimal_action_client/share/examples_rclcpp_minimal_action_client/cmake/examples_rclcpp_minimal_action_clientConfig.cmake
[4.849s] -- Up-to-date symlink: /home/common/colcon_ws/install/examples_rclcpp_minimal_action_client/share/examples_rclcpp_minimal_action_client/cmake/examples_rclcpp_minimal_action_clientConfig-version.cmake
[4.849s] -- Symlinking: /home/common/colcon_ws/install/examples_rclcpp_minimal_action_client/share/examples_rclcpp_minimal_action_client/package.xml
