[0.102s] [  3%] Built target tms_nw_rp__cpp
[0.109s] [ 13%] Built target tms_nw_rp__rosidl_generator_c
[0.146s] [ 24%] Built target tms_nw_rp__rosidl_typesupport_introspection_cpp
[0.151s] [ 34%] Built target tms_nw_rp__rosidl_typesupport_introspection_c
[0.152s] [ 44%] Built target tms_nw_rp__rosidl_typesupport_fastrtps_cpp
[0.200s] [ 55%] Built target tms_nw_rp__rosidl_typesupport_fastrtps_c
[0.200s] [ 65%] Built target tms_nw_rp__rosidl_typesupport_cpp
[0.226s] [ 75%] Built target tms_nw_rp__rosidl_typesupport_c
[0.245s] [ 75%] Built target tms_nw_rp
[0.276s] [ 79%] Built target tms_nw_rp__py
[0.302s] [ 86%] Built target tms_nw_rp__python
[0.333s] [ 93%] Built target tms_nw_rp__rosidl_typesupport_c__pyext
[0.333s] [100%] Built target tms_nw_rp__rosidl_typesupport_fastrtps_c__pyext
[1.257s] [  3%] Built target tms_nw_rp__cpp
[1.268s] [ 13%] Built target tms_nw_rp__rosidl_generator_c
[1.314s] [ 24%] Built target tms_nw_rp__rosidl_typesupport_introspection_cpp
[1.333s] [ 34%] Built target tms_nw_rp__rosidl_typesupport_introspection_c
[1.341s] [ 44%] Built target tms_nw_rp__rosidl_typesupport_fastrtps_cpp
[1.411s] [ 55%] Built target tms_nw_rp__rosidl_typesupport_fastrtps_c
[1.421s] [ 65%] Built target tms_nw_rp__rosidl_typesupport_cpp
[1.457s] [ 75%] Built target tms_nw_rp__rosidl_typesupport_c
[1.490s] [ 75%] Built target tms_nw_rp
[1.522s] [ 79%] Built target tms_nw_rp__py
[1.564s] [ 86%] Built target tms_nw_rp__python
[1.611s] [ 93%] Built target tms_nw_rp__rosidl_typesupport_fastrtps_c__pyext
[1.625s] [100%] Built target tms_nw_rp__rosidl_typesupport_c__pyext
[1.656s] [36mInstall the project...[0m
[1.669s] -- Install configuration: ""
[1.670s] -- Execute custom install script
[1.671s] -- Up-to-date symlink: /home/common/colcon_ws/install/tms_nw_rp/share/ament_index/resource_index/rosidl_interfaces/tms_nw_rp
[1.671s] -- Up-to-date symlink: /home/common/colcon_ws/install/tms_nw_rp/include/tms_nw_rp/srv/tms_nw_req.hpp
[1.672s] -- Up-to-date symlink: /home/common/colcon_ws/install/tms_nw_rp/include/tms_nw_rp/srv/tms_nw_req__struct.hpp
[1.672s] -- Up-to-date symlink: /home/common/colcon_ws/install/tms_nw_rp/include/tms_nw_rp/srv/tms_nw_req__traits.hpp
[1.673s] -- Up-to-date symlink: /home/common/colcon_ws/install/tms_nw_rp/include/tms_nw_rp/msg/rosidl_generator_c__visibility_control.h
[1.673s] -- Up-to-date symlink: /home/common/colcon_ws/install/tms_nw_rp/include/tms_nw_rp/srv/tms_nw_req.h
[1.674s] -- Up-to-date symlink: /home/common/colcon_ws/install/tms_nw_rp/include/tms_nw_rp/srv/tms_nw_req__functions.h
[1.674s] -- Up-to-date symlink: /home/common/colcon_ws/install/tms_nw_rp/include/tms_nw_rp/srv/tms_nw_req__struct.h
[1.674s] -- Up-to-date symlink: /home/common/colcon_ws/install/tms_nw_rp/include/tms_nw_rp/srv/tms_nw_req__type_support.h
[1.675s] -- Up-to-date symlink: /home/common/colcon_ws/install/tms_nw_rp/share/tms_nw_rp/environment/library_path.sh
[1.676s] -- Up-to-date symlink: /home/common/colcon_ws/install/tms_nw_rp/lib/libtms_nw_rp__rosidl_generator_c.so
[1.676s] -- Up-to-date symlink: /home/common/colcon_ws/install/tms_nw_rp/lib/libtms_nw_rp__rosidl_typesupport_c.so
[1.676s] -- Up-to-date symlink: /home/common/colcon_ws/install/tms_nw_rp/lib/libtms_nw_rp__rosidl_typesupport_cpp.so
[1.677s] -- Up-to-date symlink: /home/common/colcon_ws/install/tms_nw_rp/include/tms_nw_rp/msg/rosidl_typesupport_introspection_c__visibility_control.h
[1.678s] -- Up-to-date symlink: /home/common/colcon_ws/install/tms_nw_rp/include/tms_nw_rp/srv/tms_nw_req__rosidl_typesupport_introspection_c.h
[1.678s] -- Up-to-date symlink: /home/common/colcon_ws/install/tms_nw_rp/lib/libtms_nw_rp__rosidl_typesupport_introspection_c.so
[1.679s] -- Up-to-date symlink: /home/common/colcon_ws/install/tms_nw_rp/include/tms_nw_rp/srv/tms_nw_req__rosidl_typesupport_introspection_cpp.hpp
[1.679s] -- Up-to-date symlink: /home/common/colcon_ws/install/tms_nw_rp/lib/libtms_nw_rp__rosidl_typesupport_introspection_cpp.so
[1.680s] -- Up-to-date symlink: /home/common/colcon_ws/install/tms_nw_rp/include/tms_nw_rp/msg/rosidl_typesupport_fastrtps_c__visibility_control.h
[1.681s] -- Up-to-date symlink: /home/common/colcon_ws/install/tms_nw_rp/include/tms_nw_rp/srv/tms_nw_req__rosidl_typesupport_fastrtps_c.h
[1.681s] -- Up-to-date symlink: /home/common/colcon_ws/install/tms_nw_rp/lib/libtms_nw_rp__rosidl_typesupport_fastrtps_c.so
[1.682s] -- Up-to-date symlink: /home/common/colcon_ws/install/tms_nw_rp/include/tms_nw_rp/msg/rosidl_typesupport_fastrtps_cpp__visibility_control.h
[1.682s] -- Up-to-date symlink: /home/common/colcon_ws/install/tms_nw_rp/include/tms_nw_rp/srv/tms_nw_req__rosidl_typesupport_fastrtps_cpp.hpp
[1.683s] -- Up-to-date symlink: /home/common/colcon_ws/install/tms_nw_rp/lib/libtms_nw_rp__rosidl_typesupport_fastrtps_cpp.so
[1.683s] -- Up-to-date symlink: /home/common/colcon_ws/install/tms_nw_rp/share/tms_nw_rp/environment/pythonpath.sh
[1.684s] -- Up-to-date symlink: /home/common/colcon_ws/install/tms_nw_rp/lib/python3.6/site-packages/tms_nw_rp/__init__.py
[1.684s] -- Up-to-date symlink: /home/common/colcon_ws/install/tms_nw_rp/lib/python3.6/site-packages/tms_nw_rp/srv/__init__.py
[1.685s] -- Up-to-date symlink: /home/common/colcon_ws/install/tms_nw_rp/lib/python3.6/site-packages/tms_nw_rp/srv/_tms_nw_req.py
[1.685s] -- Up-to-date symlink: /home/common/colcon_ws/install/tms_nw_rp/lib/python3.6/site-packages/tms_nw_rp/tms_nw_rp_s__rosidl_typesupport_c.cpython-36m-x86_64-linux-gnu.so
[1.686s] -- Up-to-date symlink: /home/common/colcon_ws/install/tms_nw_rp/lib/python3.6/site-packages/tms_nw_rp/tms_nw_rp_s__rosidl_typesupport_fastrtps_c.cpython-36m-x86_64-linux-gnu.so
[1.686s] -- Up-to-date symlink: /home/common/colcon_ws/install/tms_nw_rp/lib/libtms_nw_rp__python.so
[1.687s] -- Up-to-date symlink: /home/common/colcon_ws/install/tms_nw_rp/share/tms_nw_rp/srv/TmsNwReq.idl
[1.687s] -- Up-to-date symlink: /home/common/colcon_ws/install/tms_nw_rp/share/tms_nw_rp/srv/TmsNwReq.srv
[1.688s] -- Up-to-date symlink: /home/common/colcon_ws/install/tms_nw_rp/share/tms_nw_rp/srv/TmsNwReq_Request.msg
[1.688s] -- Up-to-date symlink: /home/common/colcon_ws/install/tms_nw_rp/share/tms_nw_rp/srv/TmsNwReq_Response.msg
[1.689s] -- Up-to-date symlink: /home/common/colcon_ws/install/tms_nw_rp/share/ament_index/resource_index/package_run_dependencies/tms_nw_rp
[1.689s] -- Up-to-date symlink: /home/common/colcon_ws/install/tms_nw_rp/share/ament_index/resource_index/parent_prefix_path/tms_nw_rp
[1.690s] -- Up-to-date symlink: /home/common/colcon_ws/install/tms_nw_rp/share/tms_nw_rp/environment/ament_prefix_path.sh
[1.690s] -- Up-to-date symlink: /home/common/colcon_ws/install/tms_nw_rp/share/tms_nw_rp/environment/path.sh
[1.691s] -- Up-to-date symlink: /home/common/colcon_ws/install/tms_nw_rp/share/tms_nw_rp/local_setup.bash
[1.691s] -- Up-to-date symlink: /home/common/colcon_ws/install/tms_nw_rp/share/tms_nw_rp/local_setup.sh
[1.692s] -- Up-to-date symlink: /home/common/colcon_ws/install/tms_nw_rp/share/tms_nw_rp/local_setup.zsh
[1.692s] -- Up-to-date symlink: /home/common/colcon_ws/install/tms_nw_rp/share/ament_index/resource_index/packages/tms_nw_rp
[1.692s] -- Up-to-date symlink: /home/common/colcon_ws/install/tms_nw_rp/share/tms_nw_rp/cmake/rosidl_cmake-extras.cmake
[1.693s] -- Up-to-date symlink: /home/common/colcon_ws/install/tms_nw_rp/share/tms_nw_rp/cmake/ament_cmake_export_dependencies-extras.cmake
[1.693s] -- Up-to-date symlink: /home/common/colcon_ws/install/tms_nw_rp/share/tms_nw_rp/cmake/ament_cmake_export_include_directories-extras.cmake
[1.694s] -- Up-to-date symlink: /home/common/colcon_ws/install/tms_nw_rp/share/tms_nw_rp/cmake/ament_cmake_export_libraries-extras.cmake
[1.694s] -- Up-to-date symlink: /home/common/colcon_ws/install/tms_nw_rp/share/tms_nw_rp/cmake/tms_nw_rpConfig.cmake
[1.694s] -- Up-to-date symlink: /home/common/colcon_ws/install/tms_nw_rp/share/tms_nw_rp/cmake/tms_nw_rpConfig-version.cmake
[1.695s] -- Up-to-date symlink: /home/common/colcon_ws/install/tms_nw_rp/share/tms_nw_rp/package.xml
