[0.707s] Invoking command in '/home/common/colcon_ws/build/tms_rc_smartpal_control': AMENT_PREFIX_PATH=/home/common/colcon_ws/install/moveit_msgs:/home/common/colcon_ws/install/tms_msg_rc:/home/common/colcon_ws/install/tms_msg_db:/home/common/colcon_ws/install/octomap_msgs:/home/common/colcon_ws/install/object_recognition_msgs CMAKE_PREFIX_PATH=/home/common/colcon_ws/install/moveit_msgs:/home/common/colcon_ws/install/tms_msg_rc:/home/common/colcon_ws/install/tms_msg_db:/home/common/colcon_ws/install/octomap_msgs:/home/common/colcon_ws/install/object_recognition_msgs:${CMAKE_PREFIX_PATH} LD_LIBRARY_PATH=/home/common/colcon_ws/install/moveit_msgs/lib:/home/common/colcon_ws/install/tms_msg_rc/lib:/home/common/colcon_ws/install/tms_msg_db/lib:/home/common/colcon_ws/install/octomap_msgs/lib:/home/common/colcon_ws/install/object_recognition_msgs/lib:${LD_LIBRARY_PATH} PYTHONPATH=/home/common/colcon_ws/install/moveit_msgs/lib/python3.6/site-packages:/home/common/colcon_ws/install/tms_msg_rc/lib/python3.6/site-packages:/home/common/colcon_ws/install/tms_msg_db/lib/python3.6/site-packages:/home/common/colcon_ws/install/octomap_msgs/lib/python3.6/site-packages:/home/common/colcon_ws/install/object_recognition_msgs/lib/python3.6/site-packages:${PYTHONPATH} /usr/bin/cmake --build /home/common/colcon_ws/build/tms_rc_smartpal_control -- -j8 -l8
[1.428s] [35m[1mScanning dependencies of target smartpal5_control[0m
[1.428s] [  7%] [32mBuilding CXX object CMakeFiles/smartpal5_control.dir/src/smartpal5_control.cpp.o[0m
[2.871s] [01m[K/home/common/colcon_ws/src/ros_tms/tms_rc/tms_rc_smartpal/smartpal_control/src/smartpal5_control.cpp:[m[K In function ‘[01m[Kvoid robotControl(std::shared_ptr<rmw_request_id_t>, std::shared_ptr<tms_msg_rc::srv::TurtlebotControl_Request_<std::allocator<void> > >, std::shared_ptr<tms_msg_rc::srv::TurtlebotControl_Response_<std::allocator<void> > >)[m[K’:
[2.871s] [01m[K/home/common/colcon_ws/src/ros_tms/tms_rc/tms_rc_smartpal/smartpal_control/src/smartpal5_control.cpp:811:28:[m[K [01;35m[Kwarning: [m[Kcomparison between signed and unsigned integer expressions [[01;35m[K-Wsign-compare[m[K]
[2.872s]              for (int t=0; [01;35m[Kt<trajectory.size()[m[K; t++)
[2.872s]                            [01;35m[K~^~~~~~~~~~~~~~~~~~[m[K
[2.872s] [01m[K/home/common/colcon_ws/src/ros_tms/tms_rc/tms_rc_smartpal/smartpal_control/src/smartpal5_control.cpp:824:28:[m[K [01;35m[Kwarning: [m[Kcomparison between signed and unsigned integer expressions [[01;35m[K-Wsign-compare[m[K]
[2.872s]              for (int t=0; [01;35m[Kt<trajectory.size()[m[K; t++)
[2.872s]                            [01;35m[K~^~~~~~~~~~~~~~~~~~[m[K
[4.393s] [01m[K/home/common/colcon_ws/src/ros_tms/tms_rc/tms_rc_smartpal/smartpal_control/src/smartpal5_control.cpp:[m[K In function ‘[01m[Kvoid armcallback(sensor_msgs::msg::JointState_<std::allocator<void> >::SharedPtr)[m[K’:
[4.394s] [01m[K/home/common/colcon_ws/src/ros_tms/tms_rc/tms_rc_smartpal/smartpal_control/src/smartpal5_control.cpp:520:22:[m[K [01;35m[Kwarning: [m[K‘[01m[Kai[m[K’ may be used uninitialized in this function [[01;35m[K-Wmaybe-uninitialized[m[K]
[4.394s]      ai->gripper_left = msg->position[0];
[6.490s] [ 14%] [32m[1mLinking CXX executable smartpal5_control[0m
[6.842s] [100%] Built target smartpal5_control
[6.852s] Invoked command in '/home/common/colcon_ws/build/tms_rc_smartpal_control' returned '0': AMENT_PREFIX_PATH=/home/common/colcon_ws/install/moveit_msgs:/home/common/colcon_ws/install/tms_msg_rc:/home/common/colcon_ws/install/tms_msg_db:/home/common/colcon_ws/install/octomap_msgs:/home/common/colcon_ws/install/object_recognition_msgs CMAKE_PREFIX_PATH=/home/common/colcon_ws/install/moveit_msgs:/home/common/colcon_ws/install/tms_msg_rc:/home/common/colcon_ws/install/tms_msg_db:/home/common/colcon_ws/install/octomap_msgs:/home/common/colcon_ws/install/object_recognition_msgs:${CMAKE_PREFIX_PATH} LD_LIBRARY_PATH=/home/common/colcon_ws/install/moveit_msgs/lib:/home/common/colcon_ws/install/tms_msg_rc/lib:/home/common/colcon_ws/install/tms_msg_db/lib:/home/common/colcon_ws/install/octomap_msgs/lib:/home/common/colcon_ws/install/object_recognition_msgs/lib:${LD_LIBRARY_PATH} PYTHONPATH=/home/common/colcon_ws/install/moveit_msgs/lib/python3.6/site-packages:/home/common/colcon_ws/install/tms_msg_rc/lib/python3.6/site-packages:/home/common/colcon_ws/install/tms_msg_db/lib/python3.6/site-packages:/home/common/colcon_ws/install/octomap_msgs/lib/python3.6/site-packages:/home/common/colcon_ws/install/object_recognition_msgs/lib/python3.6/site-packages:${PYTHONPATH} /usr/bin/cmake --build /home/common/colcon_ws/build/tms_rc_smartpal_control -- -j8 -l8
[6.888s] Invoking command in '/home/common/colcon_ws/build/tms_rc_smartpal_control': AMENT_PREFIX_PATH=/home/common/colcon_ws/install/moveit_msgs:/home/common/colcon_ws/install/tms_msg_rc:/home/common/colcon_ws/install/tms_msg_db:/home/common/colcon_ws/install/octomap_msgs:/home/common/colcon_ws/install/object_recognition_msgs CMAKE_PREFIX_PATH=/home/common/colcon_ws/install/moveit_msgs:/home/common/colcon_ws/install/tms_msg_rc:/home/common/colcon_ws/install/tms_msg_db:/home/common/colcon_ws/install/octomap_msgs:/home/common/colcon_ws/install/object_recognition_msgs:${CMAKE_PREFIX_PATH} LD_LIBRARY_PATH=/home/common/colcon_ws/install/moveit_msgs/lib:/home/common/colcon_ws/install/tms_msg_rc/lib:/home/common/colcon_ws/install/tms_msg_db/lib:/home/common/colcon_ws/install/octomap_msgs/lib:/home/common/colcon_ws/install/object_recognition_msgs/lib:${LD_LIBRARY_PATH} PYTHONPATH=/home/common/colcon_ws/install/moveit_msgs/lib/python3.6/site-packages:/home/common/colcon_ws/install/tms_msg_rc/lib/python3.6/site-packages:/home/common/colcon_ws/install/tms_msg_db/lib/python3.6/site-packages:/home/common/colcon_ws/install/octomap_msgs/lib/python3.6/site-packages:/home/common/colcon_ws/install/object_recognition_msgs/lib/python3.6/site-packages:${PYTHONPATH} /usr/bin/cmake --build /home/common/colcon_ws/build/tms_rc_smartpal_control --target install -- -j8 -l8
[6.943s] [100%] Built target smartpal5_control
[6.959s] [36mInstall the project...[0m
[6.967s] -- Install configuration: ""
[6.968s] -- Execute custom install script
[6.968s] -- Up-to-date symlink: /home/common/colcon_ws/install/tms_rc_smartpal_control/share/tms_rc_smartpal_control/environment/library_path.sh
[6.968s] -- Up-to-date symlink: /home/common/colcon_ws/install/tms_rc_smartpal_control/lib/tms_rc_smartpal_control/smartpal5_control
[6.968s] -- Up-to-date symlink: /home/common/colcon_ws/install/tms_rc_smartpal_control/share/ament_index/resource_index/package_run_dependencies/tms_rc_smartpal_control
[6.969s] -- Up-to-date symlink: /home/common/colcon_ws/install/tms_rc_smartpal_control/share/ament_index/resource_index/parent_prefix_path/tms_rc_smartpal_control
[6.969s] -- Up-to-date symlink: /home/common/colcon_ws/install/tms_rc_smartpal_control/share/tms_rc_smartpal_control/environment/ament_prefix_path.sh
[6.969s] -- Up-to-date symlink: /home/common/colcon_ws/install/tms_rc_smartpal_control/share/tms_rc_smartpal_control/environment/path.sh
[6.969s] -- Up-to-date symlink: /home/common/colcon_ws/install/tms_rc_smartpal_control/share/tms_rc_smartpal_control/local_setup.bash
[6.969s] -- Up-to-date symlink: /home/common/colcon_ws/install/tms_rc_smartpal_control/share/tms_rc_smartpal_control/local_setup.sh
[6.970s] -- Up-to-date symlink: /home/common/colcon_ws/install/tms_rc_smartpal_control/share/tms_rc_smartpal_control/local_setup.zsh
[6.970s] -- Up-to-date symlink: /home/common/colcon_ws/install/tms_rc_smartpal_control/share/ament_index/resource_index/packages/tms_rc_smartpal_control
[6.970s] -- Up-to-date symlink: /home/common/colcon_ws/install/tms_rc_smartpal_control/share/tms_rc_smartpal_control/cmake/ament_cmake_export_libraries-extras.cmake
[6.970s] -- Up-to-date symlink: /home/common/colcon_ws/install/tms_rc_smartpal_control/share/tms_rc_smartpal_control/cmake/tms_rc_smartpal_controlConfig.cmake
[6.970s] -- Up-to-date symlink: /home/common/colcon_ws/install/tms_rc_smartpal_control/share/tms_rc_smartpal_control/cmake/tms_rc_smartpal_controlConfig-version.cmake
[6.971s] -- Up-to-date symlink: /home/common/colcon_ws/install/tms_rc_smartpal_control/share/tms_rc_smartpal_control/package.xml
[6.974s] Invoked command in '/home/common/colcon_ws/build/tms_rc_smartpal_control' returned '0': AMENT_PREFIX_PATH=/home/common/colcon_ws/install/moveit_msgs:/home/common/colcon_ws/install/tms_msg_rc:/home/common/colcon_ws/install/tms_msg_db:/home/common/colcon_ws/install/octomap_msgs:/home/common/colcon_ws/install/object_recognition_msgs CMAKE_PREFIX_PATH=/home/common/colcon_ws/install/moveit_msgs:/home/common/colcon_ws/install/tms_msg_rc:/home/common/colcon_ws/install/tms_msg_db:/home/common/colcon_ws/install/octomap_msgs:/home/common/colcon_ws/install/object_recognition_msgs:${CMAKE_PREFIX_PATH} LD_LIBRARY_PATH=/home/common/colcon_ws/install/moveit_msgs/lib:/home/common/colcon_ws/install/tms_msg_rc/lib:/home/common/colcon_ws/install/tms_msg_db/lib:/home/common/colcon_ws/install/octomap_msgs/lib:/home/common/colcon_ws/install/object_recognition_msgs/lib:${LD_LIBRARY_PATH} PYTHONPATH=/home/common/colcon_ws/install/moveit_msgs/lib/python3.6/site-packages:/home/common/colcon_ws/install/tms_msg_rc/lib/python3.6/site-packages:/home/common/colcon_ws/install/tms_msg_db/lib/python3.6/site-packages:/home/common/colcon_ws/install/octomap_msgs/lib/python3.6/site-packages:/home/common/colcon_ws/install/object_recognition_msgs/lib/python3.6/site-packages:${PYTHONPATH} /usr/bin/cmake --build /home/common/colcon_ws/build/tms_rc_smartpal_control --target install -- -j8 -l8
