[0.123s] [  1%] Built target tms_msg_ts__cpp
[0.123s] [ 13%] Built target tms_msg_ts__rosidl_generator_c
[0.166s] [ 24%] Built target tms_msg_ts__rosidl_typesupport_introspection_c
[0.166s] [ 36%] Built target tms_msg_ts__rosidl_typesupport_introspection_cpp
[0.172s] [ 47%] Built target tms_msg_ts__rosidl_typesupport_fastrtps_cpp
[0.220s] [ 59%] Built target tms_msg_ts__rosidl_typesupport_cpp
[0.234s] [ 70%] Built target tms_msg_ts__rosidl_typesupport_fastrtps_c
[0.315s] [ 81%] Built target tms_msg_ts__rosidl_typesupport_c
[0.351s] [ 81%] Built target tms_msg_ts
[0.392s] [ 83%] Built target tms_msg_ts__py
[0.445s] [ 93%] Built target tms_msg_ts__python
[0.488s] [ 96%] Built target tms_msg_ts__rosidl_typesupport_c__pyext
[0.499s] [100%] Built target tms_msg_ts__rosidl_typesupport_fastrtps_c__pyext
[1.601s] [  1%] Built target tms_msg_ts__cpp
[1.619s] [ 13%] Built target tms_msg_ts__rosidl_generator_c
[1.659s] [ 24%] Built target tms_msg_ts__rosidl_typesupport_fastrtps_cpp
[1.689s] [ 36%] Built target tms_msg_ts__rosidl_typesupport_introspection_cpp
[1.717s] [ 47%] Built target tms_msg_ts__rosidl_typesupport_introspection_c
[1.726s] [ 59%] Built target tms_msg_ts__rosidl_typesupport_cpp
[1.730s] [ 70%] Built target tms_msg_ts__rosidl_typesupport_fastrtps_c
[1.775s] [ 81%] Built target tms_msg_ts__rosidl_typesupport_c
[1.805s] [ 81%] Built target tms_msg_ts
[1.836s] [ 83%] Built target tms_msg_ts__py
[1.882s] [ 93%] Built target tms_msg_ts__python
[1.932s] [ 96%] Built target tms_msg_ts__rosidl_typesupport_fastrtps_c__pyext
[1.944s] [100%] Built target tms_msg_ts__rosidl_typesupport_c__pyext
[1.974s] [36mInstall the project...[0m
[1.988s] -- Install configuration: ""
[1.989s] -- Execute custom install script
[1.989s] -- Up-to-date symlink: /home/common/colcon_ws/install/tms_msg_ts/share/ament_index/resource_index/rosidl_interfaces/tms_msg_ts
[1.990s] -- Up-to-date symlink: /home/common/colcon_ws/install/tms_msg_ts/include/tms_msg_ts/msg/arg.hpp
[1.991s] -- Up-to-date symlink: /home/common/colcon_ws/install/tms_msg_ts/include/tms_msg_ts/msg/arg__struct.hpp
[1.991s] -- Up-to-date symlink: /home/common/colcon_ws/install/tms_msg_ts/include/tms_msg_ts/msg/arg__traits.hpp
[1.991s] -- Up-to-date symlink: /home/common/colcon_ws/install/tms_msg_ts/include/tms_msg_ts/srv/tms_sa_find_objects.hpp
[1.991s] -- Up-to-date symlink: /home/common/colcon_ws/install/tms_msg_ts/include/tms_msg_ts/srv/tms_sa_find_objects__struct.hpp
[1.992s] -- Up-to-date symlink: /home/common/colcon_ws/install/tms_msg_ts/include/tms_msg_ts/srv/tms_sa_find_objects__traits.hpp
[1.992s] -- Up-to-date symlink: /home/common/colcon_ws/install/tms_msg_ts/include/tms_msg_ts/srv/ts_do_task.hpp
[1.992s] -- Up-to-date symlink: /home/common/colcon_ws/install/tms_msg_ts/include/tms_msg_ts/srv/ts_do_task__struct.hpp
[1.993s] -- Up-to-date symlink: /home/common/colcon_ws/install/tms_msg_ts/include/tms_msg_ts/srv/ts_do_task__traits.hpp
[1.993s] -- Up-to-date symlink: /home/common/colcon_ws/install/tms_msg_ts/include/tms_msg_ts/srv/ts_req.hpp
[1.993s] -- Up-to-date symlink: /home/common/colcon_ws/install/tms_msg_ts/include/tms_msg_ts/srv/ts_req__struct.hpp
[1.994s] -- Up-to-date symlink: /home/common/colcon_ws/install/tms_msg_ts/include/tms_msg_ts/srv/ts_req__traits.hpp
[1.994s] -- Up-to-date symlink: /home/common/colcon_ws/install/tms_msg_ts/include/tms_msg_ts/srv/ts_state_control.hpp
[1.994s] -- Up-to-date symlink: /home/common/colcon_ws/install/tms_msg_ts/include/tms_msg_ts/srv/ts_state_control__struct.hpp
[1.995s] -- Up-to-date symlink: /home/common/colcon_ws/install/tms_msg_ts/include/tms_msg_ts/srv/ts_state_control__traits.hpp
[1.996s] -- Up-to-date symlink: /home/common/colcon_ws/install/tms_msg_ts/include/tms_msg_ts/msg/arg.h
[1.996s] -- Up-to-date symlink: /home/common/colcon_ws/install/tms_msg_ts/include/tms_msg_ts/msg/arg__functions.h
[1.996s] -- Up-to-date symlink: /home/common/colcon_ws/install/tms_msg_ts/include/tms_msg_ts/msg/arg__struct.h
[1.997s] -- Up-to-date symlink: /home/common/colcon_ws/install/tms_msg_ts/include/tms_msg_ts/msg/arg__type_support.h
[1.997s] -- Up-to-date symlink: /home/common/colcon_ws/install/tms_msg_ts/include/tms_msg_ts/msg/rosidl_generator_c__visibility_control.h
[1.997s] -- Up-to-date symlink: /home/common/colcon_ws/install/tms_msg_ts/include/tms_msg_ts/srv/tms_sa_find_objects.h
[1.997s] -- Up-to-date symlink: /home/common/colcon_ws/install/tms_msg_ts/include/tms_msg_ts/srv/tms_sa_find_objects__functions.h
[1.998s] -- Up-to-date symlink: /home/common/colcon_ws/install/tms_msg_ts/include/tms_msg_ts/srv/tms_sa_find_objects__struct.h
[1.998s] -- Up-to-date symlink: /home/common/colcon_ws/install/tms_msg_ts/include/tms_msg_ts/srv/tms_sa_find_objects__type_support.h
[1.998s] -- Up-to-date symlink: /home/common/colcon_ws/install/tms_msg_ts/include/tms_msg_ts/srv/ts_do_task.h
[1.999s] -- Up-to-date symlink: /home/common/colcon_ws/install/tms_msg_ts/include/tms_msg_ts/srv/ts_do_task__functions.h
[1.999s] -- Up-to-date symlink: /home/common/colcon_ws/install/tms_msg_ts/include/tms_msg_ts/srv/ts_do_task__struct.h
[1.999s] -- Up-to-date symlink: /home/common/colcon_ws/install/tms_msg_ts/include/tms_msg_ts/srv/ts_do_task__type_support.h
[2.000s] -- Up-to-date symlink: /home/common/colcon_ws/install/tms_msg_ts/include/tms_msg_ts/srv/ts_req.h
[2.000s] -- Up-to-date symlink: /home/common/colcon_ws/install/tms_msg_ts/include/tms_msg_ts/srv/ts_req__functions.h
[2.000s] -- Up-to-date symlink: /home/common/colcon_ws/install/tms_msg_ts/include/tms_msg_ts/srv/ts_req__struct.h
[2.000s] -- Up-to-date symlink: /home/common/colcon_ws/install/tms_msg_ts/include/tms_msg_ts/srv/ts_req__type_support.h
[2.001s] -- Up-to-date symlink: /home/common/colcon_ws/install/tms_msg_ts/include/tms_msg_ts/srv/ts_state_control.h
[2.001s] -- Up-to-date symlink: /home/common/colcon_ws/install/tms_msg_ts/include/tms_msg_ts/srv/ts_state_control__functions.h
[2.001s] -- Up-to-date symlink: /home/common/colcon_ws/install/tms_msg_ts/include/tms_msg_ts/srv/ts_state_control__struct.h
[2.002s] -- Up-to-date symlink: /home/common/colcon_ws/install/tms_msg_ts/include/tms_msg_ts/srv/ts_state_control__type_support.h
[2.002s] -- Up-to-date symlink: /home/common/colcon_ws/install/tms_msg_ts/share/tms_msg_ts/environment/library_path.sh
[2.003s] -- Up-to-date symlink: /home/common/colcon_ws/install/tms_msg_ts/lib/libtms_msg_ts__rosidl_generator_c.so
[2.003s] -- Up-to-date symlink: /home/common/colcon_ws/install/tms_msg_ts/lib/libtms_msg_ts__rosidl_typesupport_c.so
[2.004s] -- Up-to-date symlink: /home/common/colcon_ws/install/tms_msg_ts/lib/libtms_msg_ts__rosidl_typesupport_cpp.so
[2.005s] -- Up-to-date symlink: /home/common/colcon_ws/install/tms_msg_ts/include/tms_msg_ts/msg/arg__rosidl_typesupport_introspection_c.h
[2.005s] -- Up-to-date symlink: /home/common/colcon_ws/install/tms_msg_ts/include/tms_msg_ts/msg/rosidl_typesupport_introspection_c__visibility_control.h
[2.006s] -- Up-to-date symlink: /home/common/colcon_ws/install/tms_msg_ts/include/tms_msg_ts/srv/tms_sa_find_objects__rosidl_typesupport_introspection_c.h
[2.006s] -- Up-to-date symlink: /home/common/colcon_ws/install/tms_msg_ts/include/tms_msg_ts/srv/ts_do_task__rosidl_typesupport_introspection_c.h
[2.006s] -- Up-to-date symlink: /home/common/colcon_ws/install/tms_msg_ts/include/tms_msg_ts/srv/ts_req__rosidl_typesupport_introspection_c.h
[2.007s] -- Up-to-date symlink: /home/common/colcon_ws/install/tms_msg_ts/include/tms_msg_ts/srv/ts_state_control__rosidl_typesupport_introspection_c.h
[2.007s] -- Up-to-date symlink: /home/common/colcon_ws/install/tms_msg_ts/lib/libtms_msg_ts__rosidl_typesupport_introspection_c.so
[2.008s] -- Up-to-date symlink: /home/common/colcon_ws/install/tms_msg_ts/include/tms_msg_ts/msg/arg__rosidl_typesupport_introspection_cpp.hpp
[2.008s] -- Up-to-date symlink: /home/common/colcon_ws/install/tms_msg_ts/include/tms_msg_ts/srv/tms_sa_find_objects__rosidl_typesupport_introspection_cpp.hpp
[2.009s] -- Up-to-date symlink: /home/common/colcon_ws/install/tms_msg_ts/include/tms_msg_ts/srv/ts_do_task__rosidl_typesupport_introspection_cpp.hpp
[2.009s] -- Up-to-date symlink: /home/common/colcon_ws/install/tms_msg_ts/include/tms_msg_ts/srv/ts_req__rosidl_typesupport_introspection_cpp.hpp
[2.010s] -- Up-to-date symlink: /home/common/colcon_ws/install/tms_msg_ts/include/tms_msg_ts/srv/ts_state_control__rosidl_typesupport_introspection_cpp.hpp
[2.010s] -- Up-to-date symlink: /home/common/colcon_ws/install/tms_msg_ts/lib/libtms_msg_ts__rosidl_typesupport_introspection_cpp.so
[2.011s] -- Up-to-date symlink: /home/common/colcon_ws/install/tms_msg_ts/include/tms_msg_ts/msg/arg__rosidl_typesupport_fastrtps_c.h
[2.011s] -- Up-to-date symlink: /home/common/colcon_ws/install/tms_msg_ts/include/tms_msg_ts/msg/rosidl_typesupport_fastrtps_c__visibility_control.h
[2.012s] -- Up-to-date symlink: /home/common/colcon_ws/install/tms_msg_ts/include/tms_msg_ts/srv/tms_sa_find_objects__rosidl_typesupport_fastrtps_c.h
[2.012s] -- Up-to-date symlink: /home/common/colcon_ws/install/tms_msg_ts/include/tms_msg_ts/srv/ts_do_task__rosidl_typesupport_fastrtps_c.h
[2.012s] -- Up-to-date symlink: /home/common/colcon_ws/install/tms_msg_ts/include/tms_msg_ts/srv/ts_req__rosidl_typesupport_fastrtps_c.h
[2.013s] -- Up-to-date symlink: /home/common/colcon_ws/install/tms_msg_ts/include/tms_msg_ts/srv/ts_state_control__rosidl_typesupport_fastrtps_c.h
[2.013s] -- Up-to-date symlink: /home/common/colcon_ws/install/tms_msg_ts/lib/libtms_msg_ts__rosidl_typesupport_fastrtps_c.so
[2.014s] -- Up-to-date symlink: /home/common/colcon_ws/install/tms_msg_ts/include/tms_msg_ts/msg/arg__rosidl_typesupport_fastrtps_cpp.hpp
[2.014s] -- Up-to-date symlink: /home/common/colcon_ws/install/tms_msg_ts/include/tms_msg_ts/msg/rosidl_typesupport_fastrtps_cpp__visibility_control.h
[2.015s] -- Up-to-date symlink: /home/common/colcon_ws/install/tms_msg_ts/include/tms_msg_ts/srv/tms_sa_find_objects__rosidl_typesupport_fastrtps_cpp.hpp
[2.015s] -- Up-to-date symlink: /home/common/colcon_ws/install/tms_msg_ts/include/tms_msg_ts/srv/ts_do_task__rosidl_typesupport_fastrtps_cpp.hpp
[2.015s] -- Up-to-date symlink: /home/common/colcon_ws/install/tms_msg_ts/include/tms_msg_ts/srv/ts_req__rosidl_typesupport_fastrtps_cpp.hpp
[2.016s] -- Up-to-date symlink: /home/common/colcon_ws/install/tms_msg_ts/include/tms_msg_ts/srv/ts_state_control__rosidl_typesupport_fastrtps_cpp.hpp
[2.016s] -- Up-to-date symlink: /home/common/colcon_ws/install/tms_msg_ts/lib/libtms_msg_ts__rosidl_typesupport_fastrtps_cpp.so
[2.017s] -- Up-to-date symlink: /home/common/colcon_ws/install/tms_msg_ts/share/tms_msg_ts/environment/pythonpath.sh
[2.017s] -- Up-to-date symlink: /home/common/colcon_ws/install/tms_msg_ts/lib/python3.6/site-packages/tms_msg_ts/__init__.py
[2.018s] -- Up-to-date symlink: /home/common/colcon_ws/install/tms_msg_ts/lib/python3.6/site-packages/tms_msg_ts/msg/__init__.py
[2.018s] -- Up-to-date symlink: /home/common/colcon_ws/install/tms_msg_ts/lib/python3.6/site-packages/tms_msg_ts/msg/_arg.py
[2.019s] -- Up-to-date symlink: /home/common/colcon_ws/install/tms_msg_ts/lib/python3.6/site-packages/tms_msg_ts/srv/__init__.py
[2.019s] -- Up-to-date symlink: /home/common/colcon_ws/install/tms_msg_ts/lib/python3.6/site-packages/tms_msg_ts/srv/_tms_sa_find_objects.py
[2.020s] -- Up-to-date symlink: /home/common/colcon_ws/install/tms_msg_ts/lib/python3.6/site-packages/tms_msg_ts/srv/_ts_do_task.py
[2.020s] -- Up-to-date symlink: /home/common/colcon_ws/install/tms_msg_ts/lib/python3.6/site-packages/tms_msg_ts/srv/_ts_req.py
[2.020s] -- Up-to-date symlink: /home/common/colcon_ws/install/tms_msg_ts/lib/python3.6/site-packages/tms_msg_ts/srv/_ts_state_control.py
[2.021s] -- Up-to-date symlink: /home/common/colcon_ws/install/tms_msg_ts/lib/python3.6/site-packages/tms_msg_ts/tms_msg_ts_s__rosidl_typesupport_c.cpython-36m-x86_64-linux-gnu.so
[2.021s] -- Up-to-date symlink: /home/common/colcon_ws/install/tms_msg_ts/lib/python3.6/site-packages/tms_msg_ts/tms_msg_ts_s__rosidl_typesupport_fastrtps_c.cpython-36m-x86_64-linux-gnu.so
[2.022s] -- Up-to-date symlink: /home/common/colcon_ws/install/tms_msg_ts/lib/libtms_msg_ts__python.so
[2.023s] -- Up-to-date symlink: /home/common/colcon_ws/install/tms_msg_ts/share/tms_msg_ts/msg/Arg.idl
[2.023s] -- Up-to-date symlink: /home/common/colcon_ws/install/tms_msg_ts/share/tms_msg_ts/srv/TmsSaFindObjects.idl
[2.023s] -- Up-to-date symlink: /home/common/colcon_ws/install/tms_msg_ts/share/tms_msg_ts/srv/TsReq.idl
[2.024s] -- Up-to-date symlink: /home/common/colcon_ws/install/tms_msg_ts/share/tms_msg_ts/srv/TsStateControl.idl
[2.024s] -- Up-to-date symlink: /home/common/colcon_ws/install/tms_msg_ts/share/tms_msg_ts/srv/TsDoTask.idl
[2.025s] -- Up-to-date symlink: /home/common/colcon_ws/install/tms_msg_ts/share/tms_msg_ts/msg/Arg.msg
[2.025s] -- Up-to-date symlink: /home/common/colcon_ws/install/tms_msg_ts/share/tms_msg_ts/srv/TmsSaFindObjects.srv
[2.026s] -- Up-to-date symlink: /home/common/colcon_ws/install/tms_msg_ts/share/tms_msg_ts/srv/TmsSaFindObjects_Request.msg
[2.026s] -- Up-to-date symlink: /home/common/colcon_ws/install/tms_msg_ts/share/tms_msg_ts/srv/TmsSaFindObjects_Response.msg
[2.027s] -- Up-to-date symlink: /home/common/colcon_ws/install/tms_msg_ts/share/tms_msg_ts/srv/TsReq.srv
[2.027s] -- Up-to-date symlink: /home/common/colcon_ws/install/tms_msg_ts/share/tms_msg_ts/srv/TsReq_Request.msg
[2.027s] -- Up-to-date symlink: /home/common/colcon_ws/install/tms_msg_ts/share/tms_msg_ts/srv/TsReq_Response.msg
[2.028s] -- Up-to-date symlink: /home/common/colcon_ws/install/tms_msg_ts/share/tms_msg_ts/srv/TsStateControl.srv
[2.028s] -- Up-to-date symlink: /home/common/colcon_ws/install/tms_msg_ts/share/tms_msg_ts/srv/TsStateControl_Request.msg
[2.029s] -- Up-to-date symlink: /home/common/colcon_ws/install/tms_msg_ts/share/tms_msg_ts/srv/TsStateControl_Response.msg
[2.029s] -- Up-to-date symlink: /home/common/colcon_ws/install/tms_msg_ts/share/tms_msg_ts/srv/TsDoTask.srv
[2.030s] -- Up-to-date symlink: /home/common/colcon_ws/install/tms_msg_ts/share/tms_msg_ts/srv/TsDoTask_Request.msg
[2.030s] -- Up-to-date symlink: /home/common/colcon_ws/install/tms_msg_ts/share/tms_msg_ts/srv/TsDoTask_Response.msg
[2.031s] -- Up-to-date symlink: /home/common/colcon_ws/install/tms_msg_ts/share/ament_index/resource_index/package_run_dependencies/tms_msg_ts
[2.031s] -- Up-to-date symlink: /home/common/colcon_ws/install/tms_msg_ts/share/ament_index/resource_index/parent_prefix_path/tms_msg_ts
[2.032s] -- Up-to-date symlink: /home/common/colcon_ws/install/tms_msg_ts/share/tms_msg_ts/environment/ament_prefix_path.sh
[2.032s] -- Up-to-date symlink: /home/common/colcon_ws/install/tms_msg_ts/share/tms_msg_ts/environment/path.sh
[2.032s] -- Up-to-date symlink: /home/common/colcon_ws/install/tms_msg_ts/share/tms_msg_ts/local_setup.bash
[2.033s] -- Up-to-date symlink: /home/common/colcon_ws/install/tms_msg_ts/share/tms_msg_ts/local_setup.sh
[2.033s] -- Up-to-date symlink: /home/common/colcon_ws/install/tms_msg_ts/share/tms_msg_ts/local_setup.zsh
[2.034s] -- Up-to-date symlink: /home/common/colcon_ws/install/tms_msg_ts/share/ament_index/resource_index/packages/tms_msg_ts
[2.034s] -- Up-to-date symlink: /home/common/colcon_ws/install/tms_msg_ts/share/tms_msg_ts/cmake/rosidl_cmake-extras.cmake
[2.035s] -- Up-to-date symlink: /home/common/colcon_ws/install/tms_msg_ts/share/tms_msg_ts/cmake/ament_cmake_export_dependencies-extras.cmake
[2.035s] -- Up-to-date symlink: /home/common/colcon_ws/install/tms_msg_ts/share/tms_msg_ts/cmake/ament_cmake_export_include_directories-extras.cmake
[2.036s] -- Up-to-date symlink: /home/common/colcon_ws/install/tms_msg_ts/share/tms_msg_ts/cmake/ament_cmake_export_libraries-extras.cmake
[2.036s] -- Up-to-date symlink: /home/common/colcon_ws/install/tms_msg_ts/share/tms_msg_ts/cmake/tms_msg_tsConfig.cmake
[2.037s] -- Up-to-date symlink: /home/common/colcon_ws/install/tms_msg_ts/share/tms_msg_ts/cmake/tms_msg_tsConfig-version.cmake
[2.037s] -- Up-to-date symlink: /home/common/colcon_ws/install/tms_msg_ts/share/tms_msg_ts/package.xml
