[0.176s] -- The C compiler identification is GNU 7.4.0
[0.277s] -- The CXX compiler identification is GNU 7.4.0
[0.282s] -- Check for working C compiler: /usr/bin/cc
[0.397s] -- Check for working C compiler: /usr/bin/cc -- works
[0.398s] -- Detecting C compiler ABI info
[0.495s] -- Detecting C compiler ABI info - done
[0.500s] -- Detecting C compile features
[0.929s] -- Detecting C compile features - done
[0.933s] -- Check for working CXX compiler: /usr/bin/c++
[1.120s] -- Check for working CXX compiler: /usr/bin/c++ -- works
[1.121s] -- Detecting CXX compiler ABI info
[1.271s] -- Detecting CXX compiler ABI info - done
[1.280s] -- Detecting CXX compile features
[1.925s] -- Detecting CXX compile features - done
[1.933s] -- Found ament_cmake: 0.7.4 (/opt/ros/dashing/share/ament_cmake/cmake)
[2.011s] -- Found PythonInterp: /usr/bin/python3 (found suitable version "3.6.9", minimum required is "3") 
[2.011s] -- Using PYTHON_EXECUTABLE: /usr/bin/python3
[2.371s] -- Override CMake install command with custom implementation using symlinks instead of copying resources
[2.448s] -- Found rclcpp: 0.7.12 (/opt/ros/dashing/share/rclcpp/cmake)
[2.498s] -- Found rosidl_adapter: 0.7.8 (/opt/ros/dashing/share/rosidl_adapter/cmake)
[2.564s] -- Found rmw_implementation_cmake: 0.7.2 (/opt/ros/dashing/share/rmw_implementation_cmake/cmake)
[2.567s] -- Using RMW implementation 'rmw_fastrtps_cpp' as default
[2.568s] -- Looking for pthread.h
[2.657s] -- Looking for pthread.h - found
[2.658s] -- Looking for pthread_create
[2.758s] -- Looking for pthread_create - not found
[2.759s] -- Looking for pthread_create in pthreads
[2.832s] -- Looking for pthread_create in pthreads - not found
[2.833s] -- Looking for pthread_create in pthread
[2.919s] -- Looking for pthread_create in pthread - found
[2.920s] -- Found Threads: TRUE  
[2.985s] -- Found geometry_msgs: 0.7.0 (/opt/ros/dashing/share/geometry_msgs/cmake)
[3.013s] -- Found tf2_ros: 0.11.6 (/opt/ros/dashing/share/tf2_ros/cmake)
[3.227s] -- Configuring done
[3.253s] -- Generating done
[3.255s] -- Build files have been written to: /home/common/colcon_ws/build/tms_rc_tfnode
