[0.630s] [35m[1mScanning dependencies of target smartpal5_control[0m
[0.687s] [  7%] [32mBuilding CXX object CMakeFiles/smartpal5_control.dir/src/smartpal5_control.cpp.o[0m
[6.188s] [ 14%] [32m[1mLinking CXX executable smartpal5_control[0m
[6.532s] [100%] Built target smartpal5_control
[6.639s] [100%] Built target smartpal5_control
[6.656s] [36mInstall the project...[0m
[6.664s] -- Install configuration: ""
[6.664s] -- Execute custom install script
[6.665s] -- Up-to-date symlink: /home/common/colcon_ws/install/tms_rc_smartpal_control/share/tms_rc_smartpal_control/environment/library_path.sh
[6.665s] -- Up-to-date symlink: /home/common/colcon_ws/install/tms_rc_smartpal_control/lib/tms_rc_smartpal_control/smartpal5_control
[6.665s] -- Up-to-date symlink: /home/common/colcon_ws/install/tms_rc_smartpal_control/share/ament_index/resource_index/package_run_dependencies/tms_rc_smartpal_control
[6.665s] -- Up-to-date symlink: /home/common/colcon_ws/install/tms_rc_smartpal_control/share/ament_index/resource_index/parent_prefix_path/tms_rc_smartpal_control
[6.666s] -- Up-to-date symlink: /home/common/colcon_ws/install/tms_rc_smartpal_control/share/tms_rc_smartpal_control/environment/ament_prefix_path.sh
[6.666s] -- Up-to-date symlink: /home/common/colcon_ws/install/tms_rc_smartpal_control/share/tms_rc_smartpal_control/environment/path.sh
[6.666s] -- Up-to-date symlink: /home/common/colcon_ws/install/tms_rc_smartpal_control/share/tms_rc_smartpal_control/local_setup.bash
[6.666s] -- Up-to-date symlink: /home/common/colcon_ws/install/tms_rc_smartpal_control/share/tms_rc_smartpal_control/local_setup.sh
[6.667s] -- Up-to-date symlink: /home/common/colcon_ws/install/tms_rc_smartpal_control/share/tms_rc_smartpal_control/local_setup.zsh
[6.667s] -- Up-to-date symlink: /home/common/colcon_ws/install/tms_rc_smartpal_control/share/ament_index/resource_index/packages/tms_rc_smartpal_control
[6.667s] -- Up-to-date symlink: /home/common/colcon_ws/install/tms_rc_smartpal_control/share/tms_rc_smartpal_control/cmake/ament_cmake_export_libraries-extras.cmake
[6.667s] -- Up-to-date symlink: /home/common/colcon_ws/install/tms_rc_smartpal_control/share/tms_rc_smartpal_control/cmake/tms_rc_smartpal_controlConfig.cmake
[6.667s] -- Up-to-date symlink: /home/common/colcon_ws/install/tms_rc_smartpal_control/share/tms_rc_smartpal_control/cmake/tms_rc_smartpal_controlConfig-version.cmake
[6.668s] -- Up-to-date symlink: /home/common/colcon_ws/install/tms_rc_smartpal_control/share/tms_rc_smartpal_control/package.xml
