[0.118s] -- The C compiler identification is GNU 7.4.0
[0.204s] -- The CXX compiler identification is GNU 7.4.0
[0.211s] -- Check for working C compiler: /usr/bin/cc
[0.322s] -- Check for working C compiler: /usr/bin/cc -- works
[0.322s] -- Detecting C compiler ABI info
[0.442s] -- Detecting C compiler ABI info - done
[0.451s] -- Detecting C compile features
[0.800s] -- Detecting C compile features - done
[0.807s] -- Check for working CXX compiler: /usr/bin/c++
[0.944s] -- Check for working CXX compiler: /usr/bin/c++ -- works
[0.945s] -- Detecting CXX compiler ABI info
[1.063s] -- Detecting CXX compiler ABI info - done
[1.069s] -- Detecting CXX compile features
[1.578s] -- Detecting CXX compile features - done
[1.584s] -- Found ament_cmake: 0.7.4 (/opt/ros/dashing/share/ament_cmake/cmake)
[1.635s] -- Found PythonInterp: /usr/bin/python3 (found suitable version "3.6.9", minimum required is "3") 
[1.636s] -- Using PYTHON_EXECUTABLE: /usr/bin/python3
[1.945s] -- Override CMake install command with custom implementation using symlinks instead of copying resources
[2.033s] -- Found rclcpp: 0.7.12 (/opt/ros/dashing/share/rclcpp/cmake)
[2.098s] -- Found rosidl_adapter: 0.7.8 (/opt/ros/dashing/share/rosidl_adapter/cmake)
[2.199s] -- Found rmw_implementation_cmake: 0.7.2 (/opt/ros/dashing/share/rmw_implementation_cmake/cmake)
[2.205s] -- Using RMW implementation 'rmw_fastrtps_cpp' as default
[2.206s] -- Looking for pthread.h
[2.334s] -- Looking for pthread.h - found
[2.334s] -- Looking for pthread_create
[2.427s] -- Looking for pthread_create - not found
[2.427s] -- Looking for pthread_create in pthreads
[2.510s] -- Looking for pthread_create in pthreads - not found
[2.510s] -- Looking for pthread_create in pthread
[2.600s] -- Looking for pthread_create in pthread - found
[2.600s] -- Found Threads: TRUE  
[2.652s] -- Found geometry_msgs: 0.7.0 (/opt/ros/dashing/share/geometry_msgs/cmake)
[2.689s] -- Found tf2_ros: 0.11.6 (/opt/ros/dashing/share/tf2_ros/cmake)
[2.899s] -- Configuring done
[2.915s] -- Generating done
[2.916s] -- Build files have been written to: /home/common/colcon_ws/build/tms_rc_tfnode
[3.600s] [35m[1mScanning dependencies of target Tfnode[0m
[3.600s] [100%] Built target Tfnode
