[0.062s] Invoking command in '/home/common/colcon_ws/build/turtlebot3_description': CMAKE_PREFIX_PATH=/home/common/colcon_ws/install/turtlebot3_teleop:/home/common/colcon_ws/install/tms_ss_whs1:/home/common/colcon_ws/install/tms_rc_double:/opt/ros/dashing:${CMAKE_PREFIX_PATH} /usr/bin/cmake /home/common/colcon_ws/src/ros2_tms/turtlebot3/turtlebot3/turtlebot3_description -DCMAKE_INSTALL_PREFIX=/home/common/colcon_ws/install/turtlebot3_description
[0.112s] -- Found ament_cmake: 0.7.4 (/opt/ros/dashing/share/ament_cmake/cmake)
[0.120s] -- Using PYTHON_EXECUTABLE: /usr/bin/python3
[0.449s] -- Override CMake install command with custom implementation using symlinks instead of copying resources
[0.457s] -- Found urdf: 2.2.0 (/opt/ros/dashing/share/urdf/cmake)
[0.581s] -- Configuring done
[0.584s] -- Generating done
[0.585s] -- Build files have been written to: /home/common/colcon_ws/build/turtlebot3_description
[0.591s] Invoked command in '/home/common/colcon_ws/build/turtlebot3_description' returned '0': CMAKE_PREFIX_PATH=/home/common/colcon_ws/install/turtlebot3_teleop:/home/common/colcon_ws/install/tms_ss_whs1:/home/common/colcon_ws/install/tms_rc_double:/opt/ros/dashing:${CMAKE_PREFIX_PATH} /usr/bin/cmake /home/common/colcon_ws/src/ros2_tms/turtlebot3/turtlebot3/turtlebot3_description -DCMAKE_INSTALL_PREFIX=/home/common/colcon_ws/install/turtlebot3_description
[0.592s] Invoking command in '/home/common/colcon_ws/build/turtlebot3_description': CMAKE_PREFIX_PATH=/home/common/colcon_ws/install/turtlebot3_teleop:/home/common/colcon_ws/install/tms_ss_whs1:/home/common/colcon_ws/install/tms_rc_double:/opt/ros/dashing:${CMAKE_PREFIX_PATH} /usr/bin/cmake --build /home/common/colcon_ws/build/turtlebot3_description -- -j8 -l8
[0.653s] Invoked command in '/home/common/colcon_ws/build/turtlebot3_description' returned '0': CMAKE_PREFIX_PATH=/home/common/colcon_ws/install/turtlebot3_teleop:/home/common/colcon_ws/install/tms_ss_whs1:/home/common/colcon_ws/install/tms_rc_double:/opt/ros/dashing:${CMAKE_PREFIX_PATH} /usr/bin/cmake --build /home/common/colcon_ws/build/turtlebot3_description -- -j8 -l8
[0.696s] Invoking command in '/home/common/colcon_ws/build/turtlebot3_description': CMAKE_PREFIX_PATH=/home/common/colcon_ws/install/turtlebot3_teleop:/home/common/colcon_ws/install/tms_ss_whs1:/home/common/colcon_ws/install/tms_rc_double:/opt/ros/dashing:${CMAKE_PREFIX_PATH} /usr/bin/cmake --build /home/common/colcon_ws/build/turtlebot3_description --target install -- -j8 -l8
[0.780s] [36mInstall the project...[0m
[0.797s] -- Install configuration: ""
[0.797s] -- Execute custom install script
[0.797s] -- Up-to-date symlink: /home/common/colcon_ws/install/turtlebot3_description/share/turtlebot3_description/meshes/bases/burger_base.stl
[0.798s] -- Up-to-date symlink: /home/common/colcon_ws/install/turtlebot3_description/share/turtlebot3_description/meshes/bases/waffle_base.stl
[0.798s] -- Up-to-date symlink: /home/common/colcon_ws/install/turtlebot3_description/share/turtlebot3_description/meshes/bases/waffle_pi_base.stl
[0.798s] -- Up-to-date symlink: /home/common/colcon_ws/install/turtlebot3_description/share/turtlebot3_description/meshes/sensors/astra.dae
[0.798s] -- Up-to-date symlink: /home/common/colcon_ws/install/turtlebot3_description/share/turtlebot3_description/meshes/sensors/astra.jpg
[0.798s] -- Up-to-date symlink: /home/common/colcon_ws/install/turtlebot3_description/share/turtlebot3_description/meshes/sensors/lds.stl
[0.799s] -- Up-to-date symlink: /home/common/colcon_ws/install/turtlebot3_description/share/turtlebot3_description/meshes/sensors/r200.dae
[0.799s] -- Up-to-date symlink: /home/common/colcon_ws/install/turtlebot3_description/share/turtlebot3_description/meshes/sensors/r200.jpg
[0.799s] -- Up-to-date symlink: /home/common/colcon_ws/install/turtlebot3_description/share/turtlebot3_description/meshes/wheels/left_tire.stl
[0.799s] -- Up-to-date symlink: /home/common/colcon_ws/install/turtlebot3_description/share/turtlebot3_description/meshes/wheels/right_tire.stl
[0.799s] -- Up-to-date symlink: /home/common/colcon_ws/install/turtlebot3_description/share/turtlebot3_description/rviz/model.rviz
[0.799s] -- Up-to-date symlink: /home/common/colcon_ws/install/turtlebot3_description/share/turtlebot3_description/urdf/common_properties.urdf
[0.800s] -- Up-to-date symlink: /home/common/colcon_ws/install/turtlebot3_description/share/turtlebot3_description/urdf/turtlebot3_burger.urdf
[0.800s] -- Up-to-date symlink: /home/common/colcon_ws/install/turtlebot3_description/share/turtlebot3_description/urdf/turtlebot3_waffle.urdf
[0.800s] -- Up-to-date symlink: /home/common/colcon_ws/install/turtlebot3_description/share/turtlebot3_description/urdf/turtlebot3_waffle_pi.urdf
[0.800s] -- Up-to-date symlink: /home/common/colcon_ws/install/turtlebot3_description/share/ament_index/resource_index/package_run_dependencies/turtlebot3_description
[0.800s] -- Up-to-date symlink: /home/common/colcon_ws/install/turtlebot3_description/share/ament_index/resource_index/parent_prefix_path/turtlebot3_description
[0.800s] -- Up-to-date symlink: /home/common/colcon_ws/install/turtlebot3_description/share/turtlebot3_description/environment/ament_prefix_path.sh
[0.801s] -- Up-to-date symlink: /home/common/colcon_ws/install/turtlebot3_description/share/turtlebot3_description/environment/path.sh
[0.801s] -- Up-to-date symlink: /home/common/colcon_ws/install/turtlebot3_description/share/turtlebot3_description/local_setup.bash
[0.802s] -- Up-to-date symlink: /home/common/colcon_ws/install/turtlebot3_description/share/turtlebot3_description/local_setup.sh
[0.802s] -- Up-to-date symlink: /home/common/colcon_ws/install/turtlebot3_description/share/turtlebot3_description/local_setup.zsh
[0.802s] -- Up-to-date symlink: /home/common/colcon_ws/install/turtlebot3_description/share/ament_index/resource_index/packages/turtlebot3_description
[0.803s] -- Up-to-date symlink: /home/common/colcon_ws/install/turtlebot3_description/share/turtlebot3_description/cmake/turtlebot3_descriptionConfig.cmake
[0.803s] -- Up-to-date symlink: /home/common/colcon_ws/install/turtlebot3_description/share/turtlebot3_description/cmake/turtlebot3_descriptionConfig-version.cmake
[0.803s] -- Up-to-date symlink: /home/common/colcon_ws/install/turtlebot3_description/share/turtlebot3_description/package.xml
[0.812s] Invoked command in '/home/common/colcon_ws/build/turtlebot3_description' returned '0': CMAKE_PREFIX_PATH=/home/common/colcon_ws/install/turtlebot3_teleop:/home/common/colcon_ws/install/tms_ss_whs1:/home/common/colcon_ws/install/tms_rc_double:/opt/ros/dashing:${CMAKE_PREFIX_PATH} /usr/bin/cmake --build /home/common/colcon_ws/build/turtlebot3_description --target install -- -j8 -l8
