[0.120s] -- The C compiler identification is GNU 7.4.0
[0.203s] -- The CXX compiler identification is GNU 7.4.0
[0.210s] -- Check for working C compiler: /usr/bin/cc
[0.317s] -- Check for working C compiler: /usr/bin/cc -- works
[0.317s] -- Detecting C compiler ABI info
[0.404s] -- Detecting C compiler ABI info - done
[0.413s] -- Detecting C compile features
[0.726s] -- Detecting C compile features - done
[0.729s] -- Check for working CXX compiler: /usr/bin/c++
[0.862s] -- Check for working CXX compiler: /usr/bin/c++ -- works
[0.863s] -- Detecting CXX compiler ABI info
[0.992s] -- Detecting CXX compiler ABI info - done
[1.001s] -- Detecting CXX compile features
[1.550s] -- Detecting CXX compile features - done
[1.558s] -- Found ament_cmake: 0.7.4 (/opt/ros/dashing/share/ament_cmake/cmake)
[1.662s] -- Found PythonInterp: /usr/bin/python3 (found suitable version "3.6.9", minimum required is "3") 
[1.663s] -- Using PYTHON_EXECUTABLE: /usr/bin/python3
[2.089s] -- Override CMake install command with custom implementation using symlinks instead of copying resources
[2.300s] -- Configuring done
[2.308s] -- Generating done
[2.308s] -- Build files have been written to: /home/common/colcon_ws/build/turtlebot3_navigation2
[2.557s] [36mInstall the project...[0m
[2.573s] -- Install configuration: ""
[2.574s] -- Execute custom install script
[2.575s] -- Symlinking: /home/common/colcon_ws/install/turtlebot3_navigation2/share/turtlebot3_navigation2/launch/navigation2.launch.py
[2.592s] -- Symlinking: /home/common/colcon_ws/install/turtlebot3_navigation2/share/turtlebot3_navigation2/map/map.pgm
[2.609s] -- Symlinking: /home/common/colcon_ws/install/turtlebot3_navigation2/share/turtlebot3_navigation2/map/map.yaml
[2.627s] -- Symlinking: /home/common/colcon_ws/install/turtlebot3_navigation2/share/turtlebot3_navigation2/param/burger.yaml
[2.644s] -- Symlinking: /home/common/colcon_ws/install/turtlebot3_navigation2/share/turtlebot3_navigation2/param/waffle.yaml
[2.662s] -- Symlinking: /home/common/colcon_ws/install/turtlebot3_navigation2/share/turtlebot3_navigation2/param/waffle_pi.yaml
[2.678s] -- Symlinking: /home/common/colcon_ws/install/turtlebot3_navigation2/share/turtlebot3_navigation2/rviz/tb3_navigation2.rviz
[2.699s] -- Up-to-date symlink: /home/common/colcon_ws/install/turtlebot3_navigation2/share/ament_index/resource_index/package_run_dependencies/turtlebot3_navigation2
[2.699s] -- Up-to-date symlink: /home/common/colcon_ws/install/turtlebot3_navigation2/share/ament_index/resource_index/parent_prefix_path/turtlebot3_navigation2
[2.700s] -- Up-to-date symlink: /home/common/colcon_ws/install/turtlebot3_navigation2/share/turtlebot3_navigation2/environment/ament_prefix_path.sh
[2.701s] -- Up-to-date symlink: /home/common/colcon_ws/install/turtlebot3_navigation2/share/turtlebot3_navigation2/environment/path.sh
[2.702s] -- Up-to-date symlink: /home/common/colcon_ws/install/turtlebot3_navigation2/share/turtlebot3_navigation2/local_setup.bash
[2.702s] -- Up-to-date symlink: /home/common/colcon_ws/install/turtlebot3_navigation2/share/turtlebot3_navigation2/local_setup.sh
[2.702s] -- Up-to-date symlink: /home/common/colcon_ws/install/turtlebot3_navigation2/share/turtlebot3_navigation2/local_setup.zsh
[2.703s] -- Up-to-date symlink: /home/common/colcon_ws/install/turtlebot3_navigation2/share/ament_index/resource_index/packages/turtlebot3_navigation2
[2.704s] -- Up-to-date symlink: /home/common/colcon_ws/install/turtlebot3_navigation2/share/turtlebot3_navigation2/cmake/turtlebot3_navigation2Config.cmake
[2.705s] -- Up-to-date symlink: /home/common/colcon_ws/install/turtlebot3_navigation2/share/turtlebot3_navigation2/cmake/turtlebot3_navigation2Config-version.cmake
[2.706s] -- Symlinking: /home/common/colcon_ws/install/turtlebot3_navigation2/share/turtlebot3_navigation2/package.xml
