[0.117s] -- The C compiler identification is GNU 7.4.0
[0.188s] -- The CXX compiler identification is GNU 7.4.0
[0.193s] -- Check for working C compiler: /usr/bin/cc
[0.289s] -- Check for working C compiler: /usr/bin/cc -- works
[0.290s] -- Detecting C compiler ABI info
[0.389s] -- Detecting C compiler ABI info - done
[0.394s] -- Detecting C compile features
[0.675s] -- Detecting C compile features - done
[0.677s] -- Check for working CXX compiler: /usr/bin/c++
[0.789s] -- Check for working CXX compiler: /usr/bin/c++ -- works
[0.789s] -- Detecting CXX compiler ABI info
[0.915s] -- Detecting CXX compiler ABI info - done
[0.923s] -- Detecting CXX compile features
[1.545s] -- Detecting CXX compile features - done
[1.553s] -- Found ament_cmake: 0.7.4 (/opt/ros/dashing/share/ament_cmake/cmake)
[1.618s] -- Found PythonInterp: /usr/bin/python3 (found suitable version "3.6.9", minimum required is "3") 
[1.618s] -- Using PYTHON_EXECUTABLE: /usr/bin/python3
[2.020s] -- Override CMake install command with custom implementation using symlinks instead of copying resources
[2.225s] -- Configuring done
[2.228s] -- Generating done
[2.230s] -- Build files have been written to: /home/common/colcon_ws/build/turtlebot3_cartographer
[2.748s] [36mInstall the project...[0m
[2.766s] -- Install configuration: ""
[2.767s] -- Execute custom install script
[2.768s] -- Symlinking: /home/common/colcon_ws/install/turtlebot3_cartographer/share/turtlebot3_cartographer/config/turtlebot3_lds_2d.lua
[2.788s] -- Symlinking: /home/common/colcon_ws/install/turtlebot3_cartographer/share/turtlebot3_cartographer/launch/cartographer.launch.py
[2.835s] -- Symlinking: /home/common/colcon_ws/install/turtlebot3_cartographer/share/turtlebot3_cartographer/launch/occupancy_grid.launch.py
[2.861s] -- Symlinking: /home/common/colcon_ws/install/turtlebot3_cartographer/share/turtlebot3_cartographer/rviz/tb3_cartographer.rviz
[2.879s] -- Up-to-date symlink: /home/common/colcon_ws/install/turtlebot3_cartographer/share/ament_index/resource_index/package_run_dependencies/turtlebot3_cartographer
[2.880s] -- Up-to-date symlink: /home/common/colcon_ws/install/turtlebot3_cartographer/share/ament_index/resource_index/parent_prefix_path/turtlebot3_cartographer
[2.880s] -- Up-to-date symlink: /home/common/colcon_ws/install/turtlebot3_cartographer/share/turtlebot3_cartographer/environment/ament_prefix_path.sh
[2.881s] -- Up-to-date symlink: /home/common/colcon_ws/install/turtlebot3_cartographer/share/turtlebot3_cartographer/environment/path.sh
[2.882s] -- Up-to-date symlink: /home/common/colcon_ws/install/turtlebot3_cartographer/share/turtlebot3_cartographer/local_setup.bash
[2.883s] -- Up-to-date symlink: /home/common/colcon_ws/install/turtlebot3_cartographer/share/turtlebot3_cartographer/local_setup.sh
[2.883s] -- Up-to-date symlink: /home/common/colcon_ws/install/turtlebot3_cartographer/share/turtlebot3_cartographer/local_setup.zsh
[2.884s] -- Up-to-date symlink: /home/common/colcon_ws/install/turtlebot3_cartographer/share/ament_index/resource_index/packages/turtlebot3_cartographer
[2.885s] -- Up-to-date symlink: /home/common/colcon_ws/install/turtlebot3_cartographer/share/turtlebot3_cartographer/cmake/turtlebot3_cartographerConfig.cmake
[2.885s] -- Up-to-date symlink: /home/common/colcon_ws/install/turtlebot3_cartographer/share/turtlebot3_cartographer/cmake/turtlebot3_cartographerConfig-version.cmake
[2.885s] -- Symlinking: /home/common/colcon_ws/install/turtlebot3_cartographer/share/turtlebot3_cartographer/package.xml
