[0.033s] Invoking command in '/home/common/colcon_ws/build/examples_rclcpp_minimal_client': CMAKE_PREFIX_PATH=/opt/ros/dashing:${CMAKE_PREFIX_PATH} /usr/bin/cmake --build /home/common/colcon_ws/build/examples_rclcpp_minimal_client -- -j8 -l8
[0.138s] [100%] Built target client_main
[0.159s] Invoked command in '/home/common/colcon_ws/build/examples_rclcpp_minimal_client' returned '0': CMAKE_PREFIX_PATH=/opt/ros/dashing:${CMAKE_PREFIX_PATH} /usr/bin/cmake --build /home/common/colcon_ws/build/examples_rclcpp_minimal_client -- -j8 -l8
[0.270s] Invoking command in '/home/common/colcon_ws/build/examples_rclcpp_minimal_client': CMAKE_PREFIX_PATH=/opt/ros/dashing:${CMAKE_PREFIX_PATH} /usr/bin/cmake --build /home/common/colcon_ws/build/examples_rclcpp_minimal_client --target install -- -j8 -l8
[0.401s] [100%] Built target client_main
[0.430s] [36mInstall the project...[0m
[0.437s] -- Install configuration: ""
[0.438s] -- Execute custom install script
[0.441s] -- Up-to-date symlink: /home/common/colcon_ws/install/examples_rclcpp_minimal_client/lib/examples_rclcpp_minimal_client/client_main
[0.441s] -- Up-to-date symlink: /home/common/colcon_ws/install/examples_rclcpp_minimal_client/share/ament_index/resource_index/package_run_dependencies/examples_rclcpp_minimal_client
[0.441s] -- Up-to-date symlink: /home/common/colcon_ws/install/examples_rclcpp_minimal_client/share/ament_index/resource_index/parent_prefix_path/examples_rclcpp_minimal_client
[0.442s] -- Up-to-date symlink: /home/common/colcon_ws/install/examples_rclcpp_minimal_client/share/examples_rclcpp_minimal_client/environment/ament_prefix_path.sh
[0.442s] -- Up-to-date symlink: /home/common/colcon_ws/install/examples_rclcpp_minimal_client/share/examples_rclcpp_minimal_client/environment/path.sh
[0.442s] -- Up-to-date symlink: /home/common/colcon_ws/install/examples_rclcpp_minimal_client/share/examples_rclcpp_minimal_client/local_setup.bash
[0.442s] -- Up-to-date symlink: /home/common/colcon_ws/install/examples_rclcpp_minimal_client/share/examples_rclcpp_minimal_client/local_setup.sh
[0.442s] -- Up-to-date symlink: /home/common/colcon_ws/install/examples_rclcpp_minimal_client/share/examples_rclcpp_minimal_client/local_setup.zsh
[0.443s] -- Up-to-date symlink: /home/common/colcon_ws/install/examples_rclcpp_minimal_client/share/ament_index/resource_index/packages/examples_rclcpp_minimal_client
[0.443s] -- Up-to-date symlink: /home/common/colcon_ws/install/examples_rclcpp_minimal_client/share/examples_rclcpp_minimal_client/cmake/examples_rclcpp_minimal_clientConfig.cmake
[0.443s] -- Up-to-date symlink: /home/common/colcon_ws/install/examples_rclcpp_minimal_client/share/examples_rclcpp_minimal_client/cmake/examples_rclcpp_minimal_clientConfig-version.cmake
[0.443s] -- Up-to-date symlink: /home/common/colcon_ws/install/examples_rclcpp_minimal_client/share/examples_rclcpp_minimal_client/package.xml
[0.475s] Invoked command in '/home/common/colcon_ws/build/examples_rclcpp_minimal_client' returned '0': CMAKE_PREFIX_PATH=/opt/ros/dashing:${CMAKE_PREFIX_PATH} /usr/bin/cmake --build /home/common/colcon_ws/build/examples_rclcpp_minimal_client --target install -- -j8 -l8
