[0.052s] Invoking command in '/home/common/colcon_ws/build/examples_rclcpp_minimal_timer': CMAKE_PREFIX_PATH=/opt/ros/dashing:${CMAKE_PREFIX_PATH} /usr/bin/cmake --build /home/common/colcon_ws/build/examples_rclcpp_minimal_timer -- -j8 -l8
[0.153s] [ 50%] Built target timer_lambda
[0.157s] [100%] Built target timer_member_function
[0.176s] Invoked command in '/home/common/colcon_ws/build/examples_rclcpp_minimal_timer' returned '0': CMAKE_PREFIX_PATH=/opt/ros/dashing:${CMAKE_PREFIX_PATH} /usr/bin/cmake --build /home/common/colcon_ws/build/examples_rclcpp_minimal_timer -- -j8 -l8
[0.283s] Invoking command in '/home/common/colcon_ws/build/examples_rclcpp_minimal_timer': CMAKE_PREFIX_PATH=/opt/ros/dashing:${CMAKE_PREFIX_PATH} /usr/bin/cmake --build /home/common/colcon_ws/build/examples_rclcpp_minimal_timer --target install -- -j8 -l8
[0.393s] [ 50%] Built target timer_lambda
[0.404s] [100%] Built target timer_member_function
[0.433s] [36mInstall the project...[0m
[0.444s] -- Install configuration: ""
[0.444s] -- Execute custom install script
[0.445s] -- Up-to-date symlink: /home/common/colcon_ws/install/examples_rclcpp_minimal_timer/lib/examples_rclcpp_minimal_timer/timer_lambda
[0.445s] -- Up-to-date symlink: /home/common/colcon_ws/install/examples_rclcpp_minimal_timer/lib/examples_rclcpp_minimal_timer/timer_member_function
[0.445s] -- Up-to-date symlink: /home/common/colcon_ws/install/examples_rclcpp_minimal_timer/share/ament_index/resource_index/package_run_dependencies/examples_rclcpp_minimal_timer
[0.446s] -- Up-to-date symlink: /home/common/colcon_ws/install/examples_rclcpp_minimal_timer/share/ament_index/resource_index/parent_prefix_path/examples_rclcpp_minimal_timer
[0.446s] -- Up-to-date symlink: /home/common/colcon_ws/install/examples_rclcpp_minimal_timer/share/examples_rclcpp_minimal_timer/environment/ament_prefix_path.sh
[0.447s] -- Up-to-date symlink: /home/common/colcon_ws/install/examples_rclcpp_minimal_timer/share/examples_rclcpp_minimal_timer/environment/path.sh
[0.447s] -- Up-to-date symlink: /home/common/colcon_ws/install/examples_rclcpp_minimal_timer/share/examples_rclcpp_minimal_timer/local_setup.bash
[0.449s] -- Up-to-date symlink: /home/common/colcon_ws/install/examples_rclcpp_minimal_timer/share/examples_rclcpp_minimal_timer/local_setup.sh
[0.450s] -- Up-to-date symlink: /home/common/colcon_ws/install/examples_rclcpp_minimal_timer/share/examples_rclcpp_minimal_timer/local_setup.zsh
[0.450s] -- Up-to-date symlink: /home/common/colcon_ws/install/examples_rclcpp_minimal_timer/share/ament_index/resource_index/packages/examples_rclcpp_minimal_timer
[0.450s] -- Up-to-date symlink: /home/common/colcon_ws/install/examples_rclcpp_minimal_timer/share/examples_rclcpp_minimal_timer/cmake/examples_rclcpp_minimal_timerConfig.cmake
[0.450s] -- Up-to-date symlink: /home/common/colcon_ws/install/examples_rclcpp_minimal_timer/share/examples_rclcpp_minimal_timer/cmake/examples_rclcpp_minimal_timerConfig-version.cmake
[0.452s] -- Up-to-date symlink: /home/common/colcon_ws/install/examples_rclcpp_minimal_timer/share/examples_rclcpp_minimal_timer/package.xml
[0.789s] Invoked command in '/home/common/colcon_ws/build/examples_rclcpp_minimal_timer' returned '0': CMAKE_PREFIX_PATH=/opt/ros/dashing:${CMAKE_PREFIX_PATH} /usr/bin/cmake --build /home/common/colcon_ws/build/examples_rclcpp_minimal_timer --target install -- -j8 -l8
