[0.030s] Invoking command in '/home/common/colcon_ws/build/turtlebot3_navigation2': /usr/bin/cmake --build /home/common/colcon_ws/build/turtlebot3_navigation2 -- -j8 -l8
[0.101s] Invoked command in '/home/common/colcon_ws/build/turtlebot3_navigation2' returned '0': /usr/bin/cmake --build /home/common/colcon_ws/build/turtlebot3_navigation2 -- -j8 -l8
[0.132s] Invoking command in '/home/common/colcon_ws/build/turtlebot3_navigation2': /usr/bin/cmake --build /home/common/colcon_ws/build/turtlebot3_navigation2 --target install -- -j8 -l8
[0.192s] [36mInstall the project...[0m
[0.203s] -- Install configuration: ""
[0.204s] -- Execute custom install script
[0.204s] -- Up-to-date symlink: /home/common/colcon_ws/install/turtlebot3_navigation2/share/turtlebot3_navigation2/launch/navigation2.launch.py
[0.205s] -- Up-to-date symlink: /home/common/colcon_ws/install/turtlebot3_navigation2/share/turtlebot3_navigation2/map/map.pgm
[0.205s] -- Up-to-date symlink: /home/common/colcon_ws/install/turtlebot3_navigation2/share/turtlebot3_navigation2/map/map.yaml
[0.206s] -- Up-to-date symlink: /home/common/colcon_ws/install/turtlebot3_navigation2/share/turtlebot3_navigation2/param/burger.yaml
[0.206s] -- Up-to-date symlink: /home/common/colcon_ws/install/turtlebot3_navigation2/share/turtlebot3_navigation2/param/waffle.yaml
[0.206s] -- Up-to-date symlink: /home/common/colcon_ws/install/turtlebot3_navigation2/share/turtlebot3_navigation2/param/waffle_pi.yaml
[0.207s] -- Up-to-date symlink: /home/common/colcon_ws/install/turtlebot3_navigation2/share/turtlebot3_navigation2/rviz/tb3_navigation2.rviz
[0.207s] -- Up-to-date symlink: /home/common/colcon_ws/install/turtlebot3_navigation2/share/ament_index/resource_index/package_run_dependencies/turtlebot3_navigation2
[0.208s] -- Up-to-date symlink: /home/common/colcon_ws/install/turtlebot3_navigation2/share/ament_index/resource_index/parent_prefix_path/turtlebot3_navigation2
[0.208s] -- Up-to-date symlink: /home/common/colcon_ws/install/turtlebot3_navigation2/share/turtlebot3_navigation2/environment/ament_prefix_path.sh
[0.209s] -- Up-to-date symlink: /home/common/colcon_ws/install/turtlebot3_navigation2/share/turtlebot3_navigation2/environment/path.sh
[0.209s] -- Up-to-date symlink: /home/common/colcon_ws/install/turtlebot3_navigation2/share/turtlebot3_navigation2/local_setup.bash
[0.209s] -- Up-to-date symlink: /home/common/colcon_ws/install/turtlebot3_navigation2/share/turtlebot3_navigation2/local_setup.sh
[0.210s] -- Up-to-date symlink: /home/common/colcon_ws/install/turtlebot3_navigation2/share/turtlebot3_navigation2/local_setup.zsh
[0.210s] -- Up-to-date symlink: /home/common/colcon_ws/install/turtlebot3_navigation2/share/ament_index/resource_index/packages/turtlebot3_navigation2
[0.210s] -- Up-to-date symlink: /home/common/colcon_ws/install/turtlebot3_navigation2/share/turtlebot3_navigation2/cmake/turtlebot3_navigation2Config.cmake
[0.210s] -- Up-to-date symlink: /home/common/colcon_ws/install/turtlebot3_navigation2/share/turtlebot3_navigation2/cmake/turtlebot3_navigation2Config-version.cmake
[0.211s] -- Up-to-date symlink: /home/common/colcon_ws/install/turtlebot3_navigation2/share/turtlebot3_navigation2/package.xml
[0.247s] Invoked command in '/home/common/colcon_ws/build/turtlebot3_navigation2' returned '0': /usr/bin/cmake --build /home/common/colcon_ws/build/turtlebot3_navigation2 --target install -- -j8 -l8
