[0.171s] -- The C compiler identification is GNU 7.4.0
[0.253s] -- The CXX compiler identification is GNU 7.4.0
[0.260s] -- Check for working C compiler: /usr/bin/cc
[0.396s] -- Check for working C compiler: /usr/bin/cc -- works
[0.398s] -- Detecting C compiler ABI info
[0.501s] -- Detecting C compiler ABI info - done
[0.505s] -- Detecting C compile features
[0.759s] -- Detecting C compile features - done
[0.761s] -- Check for working CXX compiler: /usr/bin/c++
[0.870s] -- Check for working CXX compiler: /usr/bin/c++ -- works
[0.871s] -- Detecting CXX compiler ABI info
[0.971s] -- Detecting CXX compiler ABI info - done
[0.975s] -- Detecting CXX compile features
[1.397s] -- Detecting CXX compile features - done
[1.400s] -- Found ament_cmake: 0.7.4 (/opt/ros/dashing/share/ament_cmake/cmake)
[1.461s] -- Found PythonInterp: /usr/bin/python3 (found suitable version "3.6.9", minimum required is "3") 
[1.461s] -- Using PYTHON_EXECUTABLE: /usr/bin/python3
[1.684s] -- Override CMake install command with custom implementation using symlinks instead of copying resources
[1.778s] -- Configuring done
[1.780s] -- Generating done
[1.780s] -- Build files have been written to: /home/common/colcon_ws/build/turtlebot3_bringup
