[0.153s] [  3%] Built target tms_msg_ss__cpp
[0.165s] [ 13%] Built target tms_msg_ss__rosidl_generator_c
[0.207s] [ 24%] Built target tms_msg_ss__rosidl_typesupport_introspection_cpp
[0.220s] [ 34%] Built target tms_msg_ss__rosidl_typesupport_introspection_c
[0.223s] [ 44%] Built target tms_msg_ss__rosidl_typesupport_fastrtps_cpp
[0.269s] [ 55%] Built target tms_msg_ss__rosidl_typesupport_fastrtps_c
[0.272s] [ 65%] Built target tms_msg_ss__rosidl_typesupport_cpp
[0.314s] [ 75%] Built target tms_msg_ss__rosidl_typesupport_c
[0.343s] [ 75%] Built target tms_msg_ss
[0.370s] [ 79%] Built target tms_msg_ss__py
[0.407s] [ 86%] Built target tms_msg_ss__python
[0.442s] [ 93%] Built target tms_msg_ss__rosidl_typesupport_c__pyext
[0.446s] [100%] Built target tms_msg_ss__rosidl_typesupport_fastrtps_c__pyext
[1.069s] [  3%] Built target tms_msg_ss__cpp
[1.102s] [ 13%] Built target tms_msg_ss__rosidl_generator_c
[1.142s] [ 24%] Built target tms_msg_ss__rosidl_typesupport_fastrtps_cpp
[1.146s] [ 34%] Built target tms_msg_ss__rosidl_typesupport_introspection_cpp
[1.181s] [ 44%] Built target tms_msg_ss__rosidl_typesupport_introspection_c
[1.229s] [ 55%] Built target tms_msg_ss__rosidl_typesupport_cpp
[1.230s] [ 65%] Built target tms_msg_ss__rosidl_typesupport_fastrtps_c
[1.300s] [ 75%] Built target tms_msg_ss__rosidl_typesupport_c
[1.348s] [ 75%] Built target tms_msg_ss
[1.411s] [ 79%] Built target tms_msg_ss__py
[1.460s] [ 86%] Built target tms_msg_ss__python
[1.514s] [ 93%] Built target tms_msg_ss__rosidl_typesupport_c__pyext
[1.534s] [100%] Built target tms_msg_ss__rosidl_typesupport_fastrtps_c__pyext
[1.570s] [36mInstall the project...[0m
[1.587s] -- Install configuration: ""
[1.588s] -- Execute custom install script
[1.589s] -- Up-to-date symlink: /home/common/colcon_ws/install/tms_msg_ss/share/ament_index/resource_index/rosidl_interfaces/tms_msg_ss
[1.589s] -- Up-to-date symlink: /home/common/colcon_ws/install/tms_msg_ss/lib/libtms_msg_ss__rosidl_typesupport_c.so
[1.590s] -- Up-to-date symlink: /home/common/colcon_ws/install/tms_msg_ss/share/tms_msg_ss/environment/library_path.sh
[1.591s] -- Up-to-date symlink: /home/common/colcon_ws/install/tms_msg_ss/lib/libtms_msg_ss__rosidl_typesupport_cpp.so
[1.591s] -- Up-to-date symlink: /home/common/colcon_ws/install/tms_msg_ss/include/tms_msg_ss/msg/rosidl_typesupport_fastrtps_c__visibility_control.h
[1.592s] -- Up-to-date symlink: /home/common/colcon_ws/install/tms_msg_ss/include/tms_msg_ss/msg/vicon_data__rosidl_typesupport_fastrtps_c.h
[1.592s] -- Up-to-date symlink: /home/common/colcon_ws/install/tms_msg_ss/lib/libtms_msg_ss__rosidl_typesupport_fastrtps_c.so
[1.593s] -- Up-to-date symlink: /home/common/colcon_ws/install/tms_msg_ss/include/tms_msg_ss/msg/rosidl_generator_c__visibility_control.h
[1.593s] -- Up-to-date symlink: /home/common/colcon_ws/install/tms_msg_ss/include/tms_msg_ss/msg/vicon_data.h
[1.594s] -- Up-to-date symlink: /home/common/colcon_ws/install/tms_msg_ss/include/tms_msg_ss/msg/vicon_data__functions.h
[1.594s] -- Up-to-date symlink: /home/common/colcon_ws/install/tms_msg_ss/include/tms_msg_ss/msg/vicon_data__struct.h
[1.594s] -- Up-to-date symlink: /home/common/colcon_ws/install/tms_msg_ss/include/tms_msg_ss/msg/vicon_data__type_support.h
[1.595s] -- Up-to-date symlink: /home/common/colcon_ws/install/tms_msg_ss/lib/libtms_msg_ss__rosidl_generator_c.so
[1.596s] -- Up-to-date symlink: /home/common/colcon_ws/install/tms_msg_ss/include/tms_msg_ss/msg/rosidl_typesupport_fastrtps_cpp__visibility_control.h
[1.596s] -- Up-to-date symlink: /home/common/colcon_ws/install/tms_msg_ss/include/tms_msg_ss/msg/vicon_data__rosidl_typesupport_fastrtps_cpp.hpp
[1.596s] -- Up-to-date symlink: /home/common/colcon_ws/install/tms_msg_ss/lib/libtms_msg_ss__rosidl_typesupport_fastrtps_cpp.so
[1.597s] -- Up-to-date symlink: /home/common/colcon_ws/install/tms_msg_ss/include/tms_msg_ss/msg/vicon_data.hpp
[1.598s] -- Up-to-date symlink: /home/common/colcon_ws/install/tms_msg_ss/include/tms_msg_ss/msg/vicon_data__struct.hpp
[1.598s] -- Up-to-date symlink: /home/common/colcon_ws/install/tms_msg_ss/include/tms_msg_ss/msg/vicon_data__traits.hpp
[1.598s] -- Up-to-date symlink: /home/common/colcon_ws/install/tms_msg_ss/include/tms_msg_ss/msg/rosidl_typesupport_introspection_c__visibility_control.h
[1.599s] -- Up-to-date symlink: /home/common/colcon_ws/install/tms_msg_ss/include/tms_msg_ss/msg/vicon_data__rosidl_typesupport_introspection_c.h
[1.599s] -- Up-to-date symlink: /home/common/colcon_ws/install/tms_msg_ss/lib/libtms_msg_ss__rosidl_typesupport_introspection_c.so
[1.601s] -- Up-to-date symlink: /home/common/colcon_ws/install/tms_msg_ss/include/tms_msg_ss/msg/vicon_data__rosidl_typesupport_introspection_cpp.hpp
[1.602s] -- Up-to-date symlink: /home/common/colcon_ws/install/tms_msg_ss/lib/libtms_msg_ss__rosidl_typesupport_introspection_cpp.so
[1.602s] -- Up-to-date symlink: /home/common/colcon_ws/install/tms_msg_ss/share/tms_msg_ss/environment/pythonpath.sh
[1.602s] -- Up-to-date symlink: /home/common/colcon_ws/install/tms_msg_ss/lib/python3.6/site-packages/tms_msg_ss/__init__.py
[1.603s] -- Up-to-date symlink: /home/common/colcon_ws/install/tms_msg_ss/lib/python3.6/site-packages/tms_msg_ss/msg/__init__.py
[1.604s] -- Up-to-date symlink: /home/common/colcon_ws/install/tms_msg_ss/lib/python3.6/site-packages/tms_msg_ss/msg/_vicon_data.py
[1.605s] -- Up-to-date symlink: /home/common/colcon_ws/install/tms_msg_ss/lib/python3.6/site-packages/tms_msg_ss/tms_msg_ss_s__rosidl_typesupport_c.cpython-36m-x86_64-linux-gnu.so
[1.605s] -- Up-to-date symlink: /home/common/colcon_ws/install/tms_msg_ss/lib/python3.6/site-packages/tms_msg_ss/tms_msg_ss_s__rosidl_typesupport_fastrtps_c.cpython-36m-x86_64-linux-gnu.so
[1.606s] -- Up-to-date symlink: /home/common/colcon_ws/install/tms_msg_ss/lib/libtms_msg_ss__python.so
[1.606s] -- Up-to-date symlink: /home/common/colcon_ws/install/tms_msg_ss/share/tms_msg_ss/msg/ViconData.idl
[1.607s] -- Up-to-date symlink: /home/common/colcon_ws/install/tms_msg_ss/share/tms_msg_ss/msg/ViconData.msg
[1.607s] -- Up-to-date symlink: /home/common/colcon_ws/install/tms_msg_ss/share/ament_index/resource_index/package_run_dependencies/tms_msg_ss
[1.608s] -- Up-to-date symlink: /home/common/colcon_ws/install/tms_msg_ss/share/ament_index/resource_index/parent_prefix_path/tms_msg_ss
[1.608s] -- Up-to-date symlink: /home/common/colcon_ws/install/tms_msg_ss/share/tms_msg_ss/environment/ament_prefix_path.sh
[1.609s] -- Up-to-date symlink: /home/common/colcon_ws/install/tms_msg_ss/share/tms_msg_ss/environment/path.sh
[1.609s] -- Up-to-date symlink: /home/common/colcon_ws/install/tms_msg_ss/share/tms_msg_ss/local_setup.bash
[1.610s] -- Up-to-date symlink: /home/common/colcon_ws/install/tms_msg_ss/share/tms_msg_ss/local_setup.sh
[1.610s] -- Up-to-date symlink: /home/common/colcon_ws/install/tms_msg_ss/share/tms_msg_ss/local_setup.zsh
[1.611s] -- Up-to-date symlink: /home/common/colcon_ws/install/tms_msg_ss/share/ament_index/resource_index/packages/tms_msg_ss
[1.611s] -- Up-to-date symlink: /home/common/colcon_ws/install/tms_msg_ss/share/tms_msg_ss/cmake/rosidl_cmake-extras.cmake
[1.611s] -- Up-to-date symlink: /home/common/colcon_ws/install/tms_msg_ss/share/tms_msg_ss/cmake/ament_cmake_export_dependencies-extras.cmake
[1.612s] -- Up-to-date symlink: /home/common/colcon_ws/install/tms_msg_ss/share/tms_msg_ss/cmake/ament_cmake_export_libraries-extras.cmake
[1.612s] -- Up-to-date symlink: /home/common/colcon_ws/install/tms_msg_ss/share/tms_msg_ss/cmake/ament_cmake_export_include_directories-extras.cmake
[1.613s] -- Up-to-date symlink: /home/common/colcon_ws/install/tms_msg_ss/share/tms_msg_ss/cmake/tms_msg_ssConfig.cmake
[1.613s] -- Up-to-date symlink: /home/common/colcon_ws/install/tms_msg_ss/share/tms_msg_ss/cmake/tms_msg_ssConfig-version.cmake
[1.613s] -- Up-to-date symlink: /home/common/colcon_ws/install/tms_msg_ss/share/tms_msg_ss/package.xml
