[0.059s] Invoking command in '/home/common/colcon_ws/build/octomap_msgs': CMAKE_PREFIX_PATH=/home/common/colcon_ws/install/octomap_msgs:/home/common/colcon_ws/install/turtlebot3_teleop:/home/common/colcon_ws/install/tms_ur_speaker:/home/common/colcon_ws/install/tms_ur_listener:/home/common/colcon_ws/install/tms_ts_ts:/home/common/colcon_ws/install/tms_ts_test:/home/common/colcon_ws/install/tms_ts_subtask:/home/common/colcon_ws/install/tms_ss_whs1:/home/common/colcon_ws/install/tms_rc_double:/home/common/colcon_ws/install/tms_db_manager:/opt/ros/dashing:/opt/ros/melodic:/home/common/colcon_ws/install/turtlebot3:/home/common/colcon_ws/install/turtlebot3_simulations:/home/common/colcon_ws/install/turtlebot3_bringup:/home/common/colcon_ws/install/turtlebot3_node:/home/common/colcon_ws/install/turtlebot3_navigation2:/home/common/colcon_ws/install/turtlebot3_fake_node:/home/common/colcon_ws/install/doublenode:/home/common/colcon_ws/install/turtlebot3_msgs:/home/common/colcon_ws/install/turtlebot3_gazebo:/home/common/colcon_ws/install/turtlebot3_description:/home/common/colcon_ws/install/turtlebot3_cartographer:/home/common/colcon_ws/install/tms_ss_vicon:/home/common/colcon_ws/install/tms_rc_tfnode:/home/common/colcon_ws/install/tms_rc_bot:/home/common/colcon_ws/install/tms_nw_rp:/home/common/colcon_ws/install/tms_msg_ur:/home/common/colcon_ws/install/tms_msg_ts:/home/common/colcon_ws/install/tms_msg_ss:/home/common/colcon_ws/install/tms_msg_rc:/home/common/colcon_ws/install/tms_msg_db:/home/common/colcon_ws/install/object_recognition_msgs:/home/common/colcon_ws/install/hls_lfcd_lds_driver:/home/common/colcon_ws/install/examples_rclcpp_minimal_timer:/home/common/colcon_ws/install/examples_rclcpp_minimal_subscriber:/home/common/colcon_ws/install/examples_rclcpp_minimal_service:/home/common/colcon_ws/install/examples_rclcpp_minimal_publisher:/home/common/colcon_ws/install/examples_rclcpp_minimal_composition:/home/common/colcon_ws/install/examples_rclcpp_minimal_client:/home/common/colcon_ws/install/examples_rclcpp_minimal_action_server:/home/common/colcon_ws/install/examples_rclcpp_minimal_action_client:/home/common/colcon_ws/install/dynamixel_sdk /usr/bin/cmake --build /home/common/colcon_ws/build/octomap_msgs -- -j8 -l8
[0.190s] [  1%] Built target octomap_msgs__cpp
[0.192s] [ 13%] Built target octomap_msgs__rosidl_generator_c
[0.271s] [ 24%] Built target octomap_msgs__rosidl_typesupport_introspection_c
[0.273s] [ 35%] Built target octomap_msgs__rosidl_typesupport_introspection_cpp
[0.285s] [ 47%] Built target octomap_msgs__rosidl_typesupport_fastrtps_cpp
[0.346s] [ 58%] Built target octomap_msgs__rosidl_typesupport_cpp
[0.360s] [ 69%] Built target octomap_msgs__rosidl_typesupport_fastrtps_c
[0.400s] [ 81%] Built target octomap_msgs__rosidl_typesupport_c
[0.434s] [ 81%] Built target octomap_msgs
[0.472s] [ 83%] Built target octomap_msgs__py
[0.535s] [ 92%] Built target octomap_msgs__python
[0.588s] [ 96%] Built target octomap_msgs__rosidl_typesupport_fastrtps_c__pyext
[0.603s] [100%] Built target octomap_msgs__rosidl_typesupport_c__pyext
[0.625s] Invoked command in '/home/common/colcon_ws/build/octomap_msgs' returned '0': CMAKE_PREFIX_PATH=/home/common/colcon_ws/install/octomap_msgs:/home/common/colcon_ws/install/turtlebot3_teleop:/home/common/colcon_ws/install/tms_ur_speaker:/home/common/colcon_ws/install/tms_ur_listener:/home/common/colcon_ws/install/tms_ts_ts:/home/common/colcon_ws/install/tms_ts_test:/home/common/colcon_ws/install/tms_ts_subtask:/home/common/colcon_ws/install/tms_ss_whs1:/home/common/colcon_ws/install/tms_rc_double:/home/common/colcon_ws/install/tms_db_manager:/opt/ros/dashing:/opt/ros/melodic:/home/common/colcon_ws/install/turtlebot3:/home/common/colcon_ws/install/turtlebot3_simulations:/home/common/colcon_ws/install/turtlebot3_bringup:/home/common/colcon_ws/install/turtlebot3_node:/home/common/colcon_ws/install/turtlebot3_navigation2:/home/common/colcon_ws/install/turtlebot3_fake_node:/home/common/colcon_ws/install/doublenode:/home/common/colcon_ws/install/turtlebot3_msgs:/home/common/colcon_ws/install/turtlebot3_gazebo:/home/common/colcon_ws/install/turtlebot3_description:/home/common/colcon_ws/install/turtlebot3_cartographer:/home/common/colcon_ws/install/tms_ss_vicon:/home/common/colcon_ws/install/tms_rc_tfnode:/home/common/colcon_ws/install/tms_rc_bot:/home/common/colcon_ws/install/tms_nw_rp:/home/common/colcon_ws/install/tms_msg_ur:/home/common/colcon_ws/install/tms_msg_ts:/home/common/colcon_ws/install/tms_msg_ss:/home/common/colcon_ws/install/tms_msg_rc:/home/common/colcon_ws/install/tms_msg_db:/home/common/colcon_ws/install/object_recognition_msgs:/home/common/colcon_ws/install/hls_lfcd_lds_driver:/home/common/colcon_ws/install/examples_rclcpp_minimal_timer:/home/common/colcon_ws/install/examples_rclcpp_minimal_subscriber:/home/common/colcon_ws/install/examples_rclcpp_minimal_service:/home/common/colcon_ws/install/examples_rclcpp_minimal_publisher:/home/common/colcon_ws/install/examples_rclcpp_minimal_composition:/home/common/colcon_ws/install/examples_rclcpp_minimal_client:/home/common/colcon_ws/install/examples_rclcpp_minimal_action_server:/home/common/colcon_ws/install/examples_rclcpp_minimal_action_client:/home/common/colcon_ws/install/dynamixel_sdk /usr/bin/cmake --build /home/common/colcon_ws/build/octomap_msgs -- -j8 -l8
[1.130s] Invoking command in '/home/common/colcon_ws/build/octomap_msgs': CMAKE_PREFIX_PATH=/home/common/colcon_ws/install/octomap_msgs:/home/common/colcon_ws/install/turtlebot3_teleop:/home/common/colcon_ws/install/tms_ur_speaker:/home/common/colcon_ws/install/tms_ur_listener:/home/common/colcon_ws/install/tms_ts_ts:/home/common/colcon_ws/install/tms_ts_test:/home/common/colcon_ws/install/tms_ts_subtask:/home/common/colcon_ws/install/tms_ss_whs1:/home/common/colcon_ws/install/tms_rc_double:/home/common/colcon_ws/install/tms_db_manager:/opt/ros/dashing:/opt/ros/melodic:/home/common/colcon_ws/install/turtlebot3:/home/common/colcon_ws/install/turtlebot3_simulations:/home/common/colcon_ws/install/turtlebot3_bringup:/home/common/colcon_ws/install/turtlebot3_node:/home/common/colcon_ws/install/turtlebot3_navigation2:/home/common/colcon_ws/install/turtlebot3_fake_node:/home/common/colcon_ws/install/doublenode:/home/common/colcon_ws/install/turtlebot3_msgs:/home/common/colcon_ws/install/turtlebot3_gazebo:/home/common/colcon_ws/install/turtlebot3_description:/home/common/colcon_ws/install/turtlebot3_cartographer:/home/common/colcon_ws/install/tms_ss_vicon:/home/common/colcon_ws/install/tms_rc_tfnode:/home/common/colcon_ws/install/tms_rc_bot:/home/common/colcon_ws/install/tms_nw_rp:/home/common/colcon_ws/install/tms_msg_ur:/home/common/colcon_ws/install/tms_msg_ts:/home/common/colcon_ws/install/tms_msg_ss:/home/common/colcon_ws/install/tms_msg_rc:/home/common/colcon_ws/install/tms_msg_db:/home/common/colcon_ws/install/object_recognition_msgs:/home/common/colcon_ws/install/hls_lfcd_lds_driver:/home/common/colcon_ws/install/examples_rclcpp_minimal_timer:/home/common/colcon_ws/install/examples_rclcpp_minimal_subscriber:/home/common/colcon_ws/install/examples_rclcpp_minimal_service:/home/common/colcon_ws/install/examples_rclcpp_minimal_publisher:/home/common/colcon_ws/install/examples_rclcpp_minimal_composition:/home/common/colcon_ws/install/examples_rclcpp_minimal_client:/home/common/colcon_ws/install/examples_rclcpp_minimal_action_server:/home/common/colcon_ws/install/examples_rclcpp_minimal_action_client:/home/common/colcon_ws/install/dynamixel_sdk /usr/bin/cmake --build /home/common/colcon_ws/build/octomap_msgs --target install -- -j8 -l8
[1.204s] [  1%] Built target octomap_msgs__cpp
[1.212s] [ 13%] Built target octomap_msgs__rosidl_generator_c
[1.266s] [ 24%] Built target octomap_msgs__rosidl_typesupport_fastrtps_cpp
[1.267s] [ 35%] Built target octomap_msgs__rosidl_typesupport_introspection_cpp
[1.267s] [ 47%] Built target octomap_msgs__rosidl_typesupport_introspection_c
[1.321s] [ 58%] Built target octomap_msgs__rosidl_typesupport_fastrtps_c
[1.324s] [ 69%] Built target octomap_msgs__rosidl_typesupport_cpp
[1.357s] [ 81%] Built target octomap_msgs__rosidl_typesupport_c
[1.383s] [ 81%] Built target octomap_msgs
[1.406s] [ 83%] Built target octomap_msgs__py
[1.442s] [ 92%] Built target octomap_msgs__python
[1.479s] [100%] Built target octomap_msgs__rosidl_typesupport_fastrtps_c__pyext
[1.480s] [100%] Built target octomap_msgs__rosidl_typesupport_c__pyext
[1.509s] [36mInstall the project...[0m
[1.522s] -- Install configuration: ""
[1.523s] -- Execute custom install script
[1.524s] -- Up-to-date symlink: /home/common/colcon_ws/install/octomap_msgs/share/ament_index/resource_index/rosidl_interfaces/octomap_msgs
[1.524s] -- Up-to-date symlink: /home/common/colcon_ws/install/octomap_msgs/lib/liboctomap_msgs__rosidl_typesupport_c.so
[1.525s] -- Up-to-date symlink: /home/common/colcon_ws/install/octomap_msgs/share/octomap_msgs/environment/library_path.sh
[1.525s] -- Up-to-date symlink: /home/common/colcon_ws/install/octomap_msgs/lib/liboctomap_msgs__rosidl_typesupport_cpp.so
[1.526s] -- Up-to-date symlink: /home/common/colcon_ws/install/octomap_msgs/include/octomap_msgs/msg/octomap__rosidl_typesupport_fastrtps_c.h
[1.526s] -- Up-to-date symlink: /home/common/colcon_ws/install/octomap_msgs/include/octomap_msgs/msg/octomap_with_pose__rosidl_typesupport_fastrtps_c.h
[1.526s] -- Up-to-date symlink: /home/common/colcon_ws/install/octomap_msgs/include/octomap_msgs/msg/rosidl_typesupport_fastrtps_c__visibility_control.h
[1.527s] -- Up-to-date symlink: /home/common/colcon_ws/install/octomap_msgs/include/octomap_msgs/srv/bounding_box_query__rosidl_typesupport_fastrtps_c.h
[1.527s] -- Up-to-date symlink: /home/common/colcon_ws/install/octomap_msgs/include/octomap_msgs/srv/get_octomap__rosidl_typesupport_fastrtps_c.h
[1.527s] -- Up-to-date symlink: /home/common/colcon_ws/install/octomap_msgs/lib/liboctomap_msgs__rosidl_typesupport_fastrtps_c.so
[1.528s] -- Up-to-date symlink: /home/common/colcon_ws/install/octomap_msgs/include/octomap_msgs/msg/octomap.h
[1.529s] -- Up-to-date symlink: /home/common/colcon_ws/install/octomap_msgs/include/octomap_msgs/msg/octomap__functions.h
[1.529s] -- Up-to-date symlink: /home/common/colcon_ws/install/octomap_msgs/include/octomap_msgs/msg/octomap__struct.h
[1.529s] -- Up-to-date symlink: /home/common/colcon_ws/install/octomap_msgs/include/octomap_msgs/msg/octomap__type_support.h
[1.529s] -- Up-to-date symlink: /home/common/colcon_ws/install/octomap_msgs/include/octomap_msgs/msg/octomap_with_pose.h
[1.529s] -- Up-to-date symlink: /home/common/colcon_ws/install/octomap_msgs/include/octomap_msgs/msg/octomap_with_pose__functions.h
[1.530s] -- Up-to-date symlink: /home/common/colcon_ws/install/octomap_msgs/include/octomap_msgs/msg/octomap_with_pose__struct.h
[1.530s] -- Up-to-date symlink: /home/common/colcon_ws/install/octomap_msgs/include/octomap_msgs/msg/octomap_with_pose__type_support.h
[1.530s] -- Up-to-date symlink: /home/common/colcon_ws/install/octomap_msgs/include/octomap_msgs/msg/rosidl_generator_c__visibility_control.h
[1.530s] -- Up-to-date symlink: /home/common/colcon_ws/install/octomap_msgs/include/octomap_msgs/srv/bounding_box_query.h
[1.530s] -- Up-to-date symlink: /home/common/colcon_ws/install/octomap_msgs/include/octomap_msgs/srv/bounding_box_query__functions.h
[1.531s] -- Up-to-date symlink: /home/common/colcon_ws/install/octomap_msgs/include/octomap_msgs/srv/bounding_box_query__struct.h
[1.531s] -- Up-to-date symlink: /home/common/colcon_ws/install/octomap_msgs/include/octomap_msgs/srv/bounding_box_query__type_support.h
[1.531s] -- Up-to-date symlink: /home/common/colcon_ws/install/octomap_msgs/include/octomap_msgs/srv/get_octomap.h
[1.531s] -- Up-to-date symlink: /home/common/colcon_ws/install/octomap_msgs/include/octomap_msgs/srv/get_octomap__functions.h
[1.531s] -- Up-to-date symlink: /home/common/colcon_ws/install/octomap_msgs/include/octomap_msgs/srv/get_octomap__struct.h
[1.531s] -- Up-to-date symlink: /home/common/colcon_ws/install/octomap_msgs/include/octomap_msgs/srv/get_octomap__type_support.h
[1.532s] -- Up-to-date symlink: /home/common/colcon_ws/install/octomap_msgs/lib/liboctomap_msgs__rosidl_generator_c.so
[1.532s] -- Up-to-date symlink: /home/common/colcon_ws/install/octomap_msgs/include/octomap_msgs/msg/octomap__rosidl_typesupport_fastrtps_cpp.hpp
[1.532s] -- Up-to-date symlink: /home/common/colcon_ws/install/octomap_msgs/include/octomap_msgs/msg/octomap_with_pose__rosidl_typesupport_fastrtps_cpp.hpp
[1.533s] -- Up-to-date symlink: /home/common/colcon_ws/install/octomap_msgs/include/octomap_msgs/msg/rosidl_typesupport_fastrtps_cpp__visibility_control.h
[1.533s] -- Up-to-date symlink: /home/common/colcon_ws/install/octomap_msgs/include/octomap_msgs/srv/bounding_box_query__rosidl_typesupport_fastrtps_cpp.hpp
[1.533s] -- Up-to-date symlink: /home/common/colcon_ws/install/octomap_msgs/include/octomap_msgs/srv/get_octomap__rosidl_typesupport_fastrtps_cpp.hpp
[1.533s] -- Up-to-date symlink: /home/common/colcon_ws/install/octomap_msgs/lib/liboctomap_msgs__rosidl_typesupport_fastrtps_cpp.so
[1.534s] -- Up-to-date symlink: /home/common/colcon_ws/install/octomap_msgs/include/octomap_msgs/msg/octomap.hpp
[1.534s] -- Up-to-date symlink: /home/common/colcon_ws/install/octomap_msgs/include/octomap_msgs/msg/octomap__struct.hpp
[1.534s] -- Up-to-date symlink: /home/common/colcon_ws/install/octomap_msgs/include/octomap_msgs/msg/octomap__traits.hpp
[1.534s] -- Up-to-date symlink: /home/common/colcon_ws/install/octomap_msgs/include/octomap_msgs/msg/octomap_with_pose.hpp
[1.535s] -- Up-to-date symlink: /home/common/colcon_ws/install/octomap_msgs/include/octomap_msgs/msg/octomap_with_pose__struct.hpp
[1.535s] -- Up-to-date symlink: /home/common/colcon_ws/install/octomap_msgs/include/octomap_msgs/msg/octomap_with_pose__traits.hpp
[1.535s] -- Up-to-date symlink: /home/common/colcon_ws/install/octomap_msgs/include/octomap_msgs/srv/bounding_box_query.hpp
[1.535s] -- Up-to-date symlink: /home/common/colcon_ws/install/octomap_msgs/include/octomap_msgs/srv/bounding_box_query__struct.hpp
[1.535s] -- Up-to-date symlink: /home/common/colcon_ws/install/octomap_msgs/include/octomap_msgs/srv/bounding_box_query__traits.hpp
[1.535s] -- Up-to-date symlink: /home/common/colcon_ws/install/octomap_msgs/include/octomap_msgs/srv/get_octomap.hpp
[1.536s] -- Up-to-date symlink: /home/common/colcon_ws/install/octomap_msgs/include/octomap_msgs/srv/get_octomap__struct.hpp
[1.536s] -- Up-to-date symlink: /home/common/colcon_ws/install/octomap_msgs/include/octomap_msgs/srv/get_octomap__traits.hpp
[1.536s] -- Up-to-date symlink: /home/common/colcon_ws/install/octomap_msgs/include/octomap_msgs/msg/octomap__rosidl_typesupport_introspection_c.h
[1.536s] -- Up-to-date symlink: /home/common/colcon_ws/install/octomap_msgs/include/octomap_msgs/msg/octomap_with_pose__rosidl_typesupport_introspection_c.h
[1.537s] -- Up-to-date symlink: /home/common/colcon_ws/install/octomap_msgs/include/octomap_msgs/msg/rosidl_typesupport_introspection_c__visibility_control.h
[1.537s] -- Up-to-date symlink: /home/common/colcon_ws/install/octomap_msgs/include/octomap_msgs/srv/bounding_box_query__rosidl_typesupport_introspection_c.h
[1.537s] -- Up-to-date symlink: /home/common/colcon_ws/install/octomap_msgs/include/octomap_msgs/srv/get_octomap__rosidl_typesupport_introspection_c.h
[1.537s] -- Up-to-date symlink: /home/common/colcon_ws/install/octomap_msgs/lib/liboctomap_msgs__rosidl_typesupport_introspection_c.so
[1.538s] -- Up-to-date symlink: /home/common/colcon_ws/install/octomap_msgs/include/octomap_msgs/msg/octomap__rosidl_typesupport_introspection_cpp.hpp
[1.538s] -- Up-to-date symlink: /home/common/colcon_ws/install/octomap_msgs/include/octomap_msgs/msg/octomap_with_pose__rosidl_typesupport_introspection_cpp.hpp
[1.538s] -- Up-to-date symlink: /home/common/colcon_ws/install/octomap_msgs/include/octomap_msgs/srv/bounding_box_query__rosidl_typesupport_introspection_cpp.hpp
[1.538s] -- Up-to-date symlink: /home/common/colcon_ws/install/octomap_msgs/include/octomap_msgs/srv/get_octomap__rosidl_typesupport_introspection_cpp.hpp
[1.539s] -- Up-to-date symlink: /home/common/colcon_ws/install/octomap_msgs/lib/liboctomap_msgs__rosidl_typesupport_introspection_cpp.so
[1.539s] -- Up-to-date symlink: /home/common/colcon_ws/install/octomap_msgs/share/octomap_msgs/environment/pythonpath.sh
[1.539s] -- Up-to-date symlink: /home/common/colcon_ws/install/octomap_msgs/lib/python3.6/site-packages/octomap_msgs/__init__.py
[1.540s] -- Up-to-date symlink: /home/common/colcon_ws/install/octomap_msgs/lib/python3.6/site-packages/octomap_msgs/msg/__init__.py
[1.540s] -- Up-to-date symlink: /home/common/colcon_ws/install/octomap_msgs/lib/python3.6/site-packages/octomap_msgs/msg/_octomap.py
[1.540s] -- Up-to-date symlink: /home/common/colcon_ws/install/octomap_msgs/lib/python3.6/site-packages/octomap_msgs/msg/_octomap_with_pose.py
[1.541s] -- Up-to-date symlink: /home/common/colcon_ws/install/octomap_msgs/lib/python3.6/site-packages/octomap_msgs/srv/__init__.py
[1.541s] -- Up-to-date symlink: /home/common/colcon_ws/install/octomap_msgs/lib/python3.6/site-packages/octomap_msgs/srv/_bounding_box_query.py
[1.542s] -- Up-to-date symlink: /home/common/colcon_ws/install/octomap_msgs/lib/python3.6/site-packages/octomap_msgs/srv/_get_octomap.py
[1.542s] -- Up-to-date symlink: /home/common/colcon_ws/install/octomap_msgs/lib/python3.6/site-packages/octomap_msgs/octomap_msgs_s__rosidl_typesupport_c.cpython-36m-x86_64-linux-gnu.so
[1.543s] -- Up-to-date symlink: /home/common/colcon_ws/install/octomap_msgs/lib/python3.6/site-packages/octomap_msgs/octomap_msgs_s__rosidl_typesupport_fastrtps_c.cpython-36m-x86_64-linux-gnu.so
[1.543s] -- Up-to-date symlink: /home/common/colcon_ws/install/octomap_msgs/lib/liboctomap_msgs__python.so
[1.544s] -- Up-to-date symlink: /home/common/colcon_ws/install/octomap_msgs/share/octomap_msgs/msg/Octomap.idl
[1.545s] -- Up-to-date symlink: /home/common/colcon_ws/install/octomap_msgs/share/octomap_msgs/msg/OctomapWithPose.idl
[1.545s] -- Up-to-date symlink: /home/common/colcon_ws/install/octomap_msgs/share/octomap_msgs/srv/BoundingBoxQuery.idl
[1.546s] -- Up-to-date symlink: /home/common/colcon_ws/install/octomap_msgs/share/octomap_msgs/srv/GetOctomap.idl
[1.546s] -- Up-to-date symlink: /home/common/colcon_ws/install/octomap_msgs/share/octomap_msgs/msg/Octomap.msg
[1.547s] -- Up-to-date symlink: /home/common/colcon_ws/install/octomap_msgs/share/octomap_msgs/msg/OctomapWithPose.msg
[1.547s] -- Up-to-date symlink: /home/common/colcon_ws/install/octomap_msgs/share/octomap_msgs/srv/BoundingBoxQuery.srv
[1.548s] -- Up-to-date symlink: /home/common/colcon_ws/install/octomap_msgs/share/octomap_msgs/srv/BoundingBoxQuery_Request.msg
[1.549s] -- Up-to-date symlink: /home/common/colcon_ws/install/octomap_msgs/share/octomap_msgs/srv/BoundingBoxQuery_Response.msg
[1.550s] -- Up-to-date symlink: /home/common/colcon_ws/install/octomap_msgs/share/octomap_msgs/srv/GetOctomap.srv
[1.550s] -- Up-to-date symlink: /home/common/colcon_ws/install/octomap_msgs/share/octomap_msgs/srv/GetOctomap_Request.msg
[1.551s] -- Up-to-date symlink: /home/common/colcon_ws/install/octomap_msgs/share/octomap_msgs/srv/GetOctomap_Response.msg
[1.552s] -- Up-to-date symlink: /home/common/colcon_ws/install/octomap_msgs/share/ament_index/resource_index/package_run_dependencies/octomap_msgs
[1.552s] -- Up-to-date symlink: /home/common/colcon_ws/install/octomap_msgs/share/ament_index/resource_index/parent_prefix_path/octomap_msgs
[1.552s] -- Up-to-date symlink: /home/common/colcon_ws/install/octomap_msgs/share/octomap_msgs/environment/ament_prefix_path.sh
[1.553s] -- Up-to-date symlink: /home/common/colcon_ws/install/octomap_msgs/share/octomap_msgs/environment/path.sh
[1.554s] -- Up-to-date symlink: /home/common/colcon_ws/install/octomap_msgs/share/octomap_msgs/local_setup.bash
[1.554s] -- Up-to-date symlink: /home/common/colcon_ws/install/octomap_msgs/share/octomap_msgs/local_setup.sh
[1.554s] -- Up-to-date symlink: /home/common/colcon_ws/install/octomap_msgs/share/octomap_msgs/local_setup.zsh
[1.555s] -- Up-to-date symlink: /home/common/colcon_ws/install/octomap_msgs/share/ament_index/resource_index/packages/octomap_msgs
[1.555s] -- Up-to-date symlink: /home/common/colcon_ws/install/octomap_msgs/share/octomap_msgs/cmake/rosidl_cmake-extras.cmake
[1.555s] -- Up-to-date symlink: /home/common/colcon_ws/install/octomap_msgs/share/octomap_msgs/cmake/ament_cmake_export_dependencies-extras.cmake
[1.556s] -- Up-to-date symlink: /home/common/colcon_ws/install/octomap_msgs/share/octomap_msgs/cmake/ament_cmake_export_libraries-extras.cmake
[1.556s] -- Up-to-date symlink: /home/common/colcon_ws/install/octomap_msgs/share/octomap_msgs/cmake/ament_cmake_export_include_directories-extras.cmake
[1.556s] -- Up-to-date symlink: /home/common/colcon_ws/install/octomap_msgs/share/octomap_msgs/cmake/octomap_msgsConfig.cmake
[1.556s] -- Up-to-date symlink: /home/common/colcon_ws/install/octomap_msgs/share/octomap_msgs/cmake/octomap_msgsConfig-version.cmake
[1.557s] -- Up-to-date symlink: /home/common/colcon_ws/install/octomap_msgs/share/octomap_msgs/package.xml
[1.631s] -- Up-to-date: /home/common/colcon_ws/install/octomap_msgs/include
[1.631s] -- Up-to-date: /home/common/colcon_ws/install/octomap_msgs/include/octomap_msgs
[1.632s] -- Up-to-date: /home/common/colcon_ws/install/octomap_msgs/include/octomap_msgs/conversions.h
[1.654s] Invoked command in '/home/common/colcon_ws/build/octomap_msgs' returned '0': CMAKE_PREFIX_PATH=/home/common/colcon_ws/install/octomap_msgs:/home/common/colcon_ws/install/turtlebot3_teleop:/home/common/colcon_ws/install/tms_ur_speaker:/home/common/colcon_ws/install/tms_ur_listener:/home/common/colcon_ws/install/tms_ts_ts:/home/common/colcon_ws/install/tms_ts_test:/home/common/colcon_ws/install/tms_ts_subtask:/home/common/colcon_ws/install/tms_ss_whs1:/home/common/colcon_ws/install/tms_rc_double:/home/common/colcon_ws/install/tms_db_manager:/opt/ros/dashing:/opt/ros/melodic:/home/common/colcon_ws/install/turtlebot3:/home/common/colcon_ws/install/turtlebot3_simulations:/home/common/colcon_ws/install/turtlebot3_bringup:/home/common/colcon_ws/install/turtlebot3_node:/home/common/colcon_ws/install/turtlebot3_navigation2:/home/common/colcon_ws/install/turtlebot3_fake_node:/home/common/colcon_ws/install/doublenode:/home/common/colcon_ws/install/turtlebot3_msgs:/home/common/colcon_ws/install/turtlebot3_gazebo:/home/common/colcon_ws/install/turtlebot3_description:/home/common/colcon_ws/install/turtlebot3_cartographer:/home/common/colcon_ws/install/tms_ss_vicon:/home/common/colcon_ws/install/tms_rc_tfnode:/home/common/colcon_ws/install/tms_rc_bot:/home/common/colcon_ws/install/tms_nw_rp:/home/common/colcon_ws/install/tms_msg_ur:/home/common/colcon_ws/install/tms_msg_ts:/home/common/colcon_ws/install/tms_msg_ss:/home/common/colcon_ws/install/tms_msg_rc:/home/common/colcon_ws/install/tms_msg_db:/home/common/colcon_ws/install/object_recognition_msgs:/home/common/colcon_ws/install/hls_lfcd_lds_driver:/home/common/colcon_ws/install/examples_rclcpp_minimal_timer:/home/common/colcon_ws/install/examples_rclcpp_minimal_subscriber:/home/common/colcon_ws/install/examples_rclcpp_minimal_service:/home/common/colcon_ws/install/examples_rclcpp_minimal_publisher:/home/common/colcon_ws/install/examples_rclcpp_minimal_composition:/home/common/colcon_ws/install/examples_rclcpp_minimal_client:/home/common/colcon_ws/install/examples_rclcpp_minimal_action_server:/home/common/colcon_ws/install/examples_rclcpp_minimal_action_client:/home/common/colcon_ws/install/dynamixel_sdk /usr/bin/cmake --build /home/common/colcon_ws/build/octomap_msgs --target install -- -j8 -l8
