[0.176s] -- The C compiler identification is GNU 7.4.0
[0.267s] -- The CXX compiler identification is GNU 7.4.0
[0.272s] -- Check for working C compiler: /usr/bin/cc
[0.381s] -- Check for working C compiler: /usr/bin/cc -- works
[0.381s] -- Detecting C compiler ABI info
[0.499s] -- Detecting C compiler ABI info - done
[0.505s] -- Detecting C compile features
[0.871s] -- Detecting C compile features - done
[0.875s] -- Check for working CXX compiler: /usr/bin/c++
[1.004s] -- Check for working CXX compiler: /usr/bin/c++ -- works
[1.005s] -- Detecting CXX compiler ABI info
[1.139s] -- Detecting CXX compiler ABI info - done
[1.147s] -- Detecting CXX compile features
[1.704s] -- Detecting CXX compile features - done
[1.708s] -- Found ament_cmake: 0.7.4 (/opt/ros/dashing/share/ament_cmake/cmake)
[1.792s] -- Found PythonInterp: /usr/bin/python3 (found suitable version "3.6.9", minimum required is "3") 
[1.792s] -- Using PYTHON_EXECUTABLE: /usr/bin/python3
[2.218s] -- Override CMake install command with custom implementation using symlinks instead of copying resources
[2.267s] -- Found geometry_msgs: 0.7.0 (/opt/ros/dashing/share/geometry_msgs/cmake)
[2.304s] -- Found rosidl_adapter: 0.7.8 (/opt/ros/dashing/share/rosidl_adapter/cmake)
[2.390s] -- Found nav_msgs: 0.7.0 (/opt/ros/dashing/share/nav_msgs/cmake)
[2.411s] -- Found rclcpp: 0.7.12 (/opt/ros/dashing/share/rclcpp/cmake)
[2.436s] -- Found rmw_implementation_cmake: 0.7.2 (/opt/ros/dashing/share/rmw_implementation_cmake/cmake)
[2.439s] -- Using RMW implementation 'rmw_fastrtps_cpp' as default
[2.440s] -- Looking for pthread.h
[2.556s] -- Looking for pthread.h - found
[2.556s] -- Looking for pthread_create
[2.698s] -- Looking for pthread_create - not found
[2.705s] -- Looking for pthread_create in pthreads
[2.828s] -- Looking for pthread_create in pthreads - not found
[2.828s] -- Looking for pthread_create in pthread
[2.940s] -- Looking for pthread_create in pthread - found
[2.942s] -- Found Threads: TRUE  
[3.001s] -- Found sensor_msgs: 0.7.0 (/opt/ros/dashing/share/sensor_msgs/cmake)
[3.024s] -- Found tf2: 0.11.6 (/opt/ros/dashing/share/tf2/cmake)
[3.034s] -- Found tf2_msgs: 0.11.6 (/opt/ros/dashing/share/tf2_msgs/cmake)
[3.081s] -- Found turtlebot3_msgs: 2.1.0 (/home/common/colcon_ws/install/turtlebot3_msgs/share/turtlebot3_msgs/cmake)
[3.381s] -- Configuring done
[3.415s] -- Generating done
[3.418s] -- Build files have been written to: /home/common/colcon_ws/build/turtlebot3_fake_node
[3.506s] [35m[1mScanning dependencies of target turtlebot3_fake_node[0m
[3.552s] [100%] Built target turtlebot3_fake_node
[3.739s] [100%] Built target turtlebot3_fake_node
[3.774s] [36mInstall the project...[0m
[3.791s] -- Install configuration: ""
[3.791s] -- Execute custom install script
[3.792s] -- Up-to-date symlink: /home/common/colcon_ws/install/turtlebot3_fake_node/lib/turtlebot3_fake_node/turtlebot3_fake_node
[3.793s] -- Up-to-date symlink: /home/common/colcon_ws/install/turtlebot3_fake_node/share/turtlebot3_fake_node/launch/rviz2.launch.py
[3.793s] -- Up-to-date symlink: /home/common/colcon_ws/install/turtlebot3_fake_node/share/turtlebot3_fake_node/launch/turtlebot3_fake_node.launch.py
[3.794s] -- Up-to-date symlink: /home/common/colcon_ws/install/turtlebot3_fake_node/share/turtlebot3_fake_node/param/burger.yaml
[3.794s] -- Up-to-date symlink: /home/common/colcon_ws/install/turtlebot3_fake_node/share/turtlebot3_fake_node/param/waffle.yaml
[3.795s] -- Up-to-date symlink: /home/common/colcon_ws/install/turtlebot3_fake_node/share/turtlebot3_fake_node/param/waffle_pi.yaml
[3.795s] -- Up-to-date symlink: /home/common/colcon_ws/install/turtlebot3_fake_node/share/turtlebot3_fake_node/rviz/model.rviz
[3.796s] -- Up-to-date symlink: /home/common/colcon_ws/install/turtlebot3_fake_node/include//turtlebot3_fake_node/turtlebot3_fake_node.hpp
[3.797s] -- Up-to-date symlink: /home/common/colcon_ws/install/turtlebot3_fake_node/share/ament_index/resource_index/package_run_dependencies/turtlebot3_fake_node
[3.797s] -- Up-to-date symlink: /home/common/colcon_ws/install/turtlebot3_fake_node/share/ament_index/resource_index/parent_prefix_path/turtlebot3_fake_node
[3.798s] -- Up-to-date symlink: /home/common/colcon_ws/install/turtlebot3_fake_node/share/turtlebot3_fake_node/environment/ament_prefix_path.sh
[3.798s] -- Up-to-date symlink: /home/common/colcon_ws/install/turtlebot3_fake_node/share/turtlebot3_fake_node/environment/path.sh
[3.798s] -- Up-to-date symlink: /home/common/colcon_ws/install/turtlebot3_fake_node/share/turtlebot3_fake_node/local_setup.bash
[3.799s] -- Up-to-date symlink: /home/common/colcon_ws/install/turtlebot3_fake_node/share/turtlebot3_fake_node/local_setup.sh
[3.799s] -- Up-to-date symlink: /home/common/colcon_ws/install/turtlebot3_fake_node/share/turtlebot3_fake_node/local_setup.zsh
[3.800s] -- Up-to-date symlink: /home/common/colcon_ws/install/turtlebot3_fake_node/share/ament_index/resource_index/packages/turtlebot3_fake_node
[3.800s] -- Up-to-date symlink: /home/common/colcon_ws/install/turtlebot3_fake_node/share/turtlebot3_fake_node/cmake/ament_cmake_export_include_directories-extras.cmake
[3.801s] -- Up-to-date symlink: /home/common/colcon_ws/install/turtlebot3_fake_node/share/turtlebot3_fake_node/cmake/ament_cmake_export_dependencies-extras.cmake
[3.801s] -- Up-to-date symlink: /home/common/colcon_ws/install/turtlebot3_fake_node/share/turtlebot3_fake_node/cmake/turtlebot3_fake_nodeConfig.cmake
[3.801s] -- Up-to-date symlink: /home/common/colcon_ws/install/turtlebot3_fake_node/share/turtlebot3_fake_node/cmake/turtlebot3_fake_nodeConfig-version.cmake
[3.802s] -- Up-to-date symlink: /home/common/colcon_ws/install/turtlebot3_fake_node/share/turtlebot3_fake_node/package.xml
