[0.392s] In file included from [01m[K/home/common/colcon_ws/build/moveit_msgs/rosidl_generator_c/moveit_msgs/msg/planning_scene__struct.h:37:0[m[K,
[0.392s]                  from [01m[K/home/common/colcon_ws/build/moveit_msgs/rosidl_generator_c/moveit_msgs/msg/planning_scene__functions.h:19[m[K,
[0.392s]                  from [01m[K/home/common/colcon_ws/build/moveit_msgs/rosidl_generator_c/moveit_msgs/msg/planning_scene__functions.c:4[m[K:
[0.392s] [01m[K/home/common/colcon_ws/build/moveit_msgs/rosidl_generator_c/moveit_msgs/msg/planning_scene_world__struct.h:24:10:[m[K [01;31m[Kfatal error: [m[Koctomap_msgs/msg/octomap_with_pose__struct.h: No such file or directory
[0.393s]  #include [01;31m[K"octomap_msgs/msg/octomap_with_pose__struct.h"[m[K
[0.393s]           [01;31m[K^~~~~~~~~~~~~~~~~~~~~~~~~~~~~~~~~~~~~~~~~~~~~~[m[K
[0.393s] compilation terminated.
[0.393s] make[2]: *** [CMakeFiles/moveit_msgs__rosidl_generator_c.dir/rosidl_generator_c/moveit_msgs/msg/planning_scene__functions.c.o] Error 1
[0.393s] make[2]: *** Waiting for unfinished jobs....
[0.396s] In file included from [01m[K/home/common/colcon_ws/build/moveit_msgs/rosidl_generator_c/moveit_msgs/msg/planning_scene_world__functions.h:19:0[m[K,
[0.396s]                  from [01m[K/home/common/colcon_ws/build/moveit_msgs/rosidl_generator_c/moveit_msgs/msg/planning_scene_world__functions.c:4[m[K:
[0.396s] [01m[K/home/common/colcon_ws/build/moveit_msgs/rosidl_generator_c/moveit_msgs/msg/planning_scene_world__struct.h:24:10:[m[K [01;31m[Kfatal error: [m[Koctomap_msgs/msg/octomap_with_pose__struct.h: No such file or directory
[0.397s]  #include [01;31m[K"octomap_msgs/msg/octomap_with_pose__struct.h"[m[K
[0.397s]           [01;31m[K^~~~~~~~~~~~~~~~~~~~~~~~~~~~~~~~~~~~~~~~~~~~~~[m[K
[0.397s] compilation terminated.
[0.397s] make[2]: *** [CMakeFiles/moveit_msgs__rosidl_generator_c.dir/rosidl_generator_c/moveit_msgs/msg/planning_scene_world__functions.c.o] Error 1
[0.422s] In file included from [01m[K/home/common/colcon_ws/build/moveit_msgs/rosidl_generator_c/moveit_msgs/msg/planning_scene__struct.h:37:0[m[K,
[0.422s]                  from [01m[K/home/common/colcon_ws/build/moveit_msgs/rosidl_generator_c/moveit_msgs/msg/planning_options__struct.h:22[m[K,
[0.423s]                  from [01m[K/home/common/colcon_ws/build/moveit_msgs/rosidl_generator_c/moveit_msgs/msg/planning_options__functions.h:19[m[K,
[0.423s]                  from [01m[K/home/common/colcon_ws/build/moveit_msgs/rosidl_generator_c/moveit_msgs/msg/planning_options__functions.c:4[m[K:
[0.423s] [01m[K/home/common/colcon_ws/build/moveit_msgs/rosidl_generator_c/moveit_msgs/msg/planning_scene_world__struct.h:24:10:[m[K [01;31m[Kfatal error: [m[Koctomap_msgs/msg/octomap_with_pose__struct.h: No such file or directory
[0.423s]  #include [01;31m[K"octomap_msgs/msg/octomap_with_pose__struct.h"[m[K
[0.423s]           [01;31m[K^~~~~~~~~~~~~~~~~~~~~~~~~~~~~~~~~~~~~~~~~~~~~~[m[K
[0.423s] compilation terminated.
[0.424s] make[2]: *** [CMakeFiles/moveit_msgs__rosidl_generator_c.dir/rosidl_generator_c/moveit_msgs/msg/planning_options__functions.c.o] Error 1
[0.519s] make[1]: *** [CMakeFiles/moveit_msgs__rosidl_generator_c.dir/all] Error 2
[0.519s] make[1]: *** Waiting for unfinished jobs....
[0.542s] In file included from [01m[K/home/common/colcon_ws/build/moveit_msgs/rosidl_typesupport_introspection_cpp/moveit_msgs/msg/planning_scene_world__type_support.cpp:12:0[m[K:
[0.543s] [01m[K/home/common/colcon_ws/build/moveit_msgs/rosidl_generator_cpp/moveit_msgs/msg/planning_scene_world__struct.hpp:31:10:[m[K [01;31m[Kfatal error: [m[Koctomap_msgs/msg/octomap_with_pose__struct.hpp: No such file or directory
[0.543s]  #include [01;31m[K"octomap_msgs/msg/octomap_with_pose__struct.hpp"[m[K
[0.543s]           [01;31m[K^~~~~~~~~~~~~~~~~~~~~~~~~~~~~~~~~~~~~~~~~~~~~~~~[m[K
[0.543s] compilation terminated.
[0.548s] make[2]: *** [CMakeFiles/moveit_msgs__rosidl_typesupport_introspection_cpp.dir/rosidl_typesupport_introspection_cpp/moveit_msgs/msg/planning_scene_world__type_support.cpp.o] Error 1
[0.548s] make[2]: *** Waiting for unfinished jobs....
[0.553s] In file included from [01m[K/home/common/colcon_ws/build/moveit_msgs/rosidl_generator_cpp/moveit_msgs/msg/planning_scene__struct.hpp:41:0[m[K,
[0.553s]                  from [01m[K/home/common/colcon_ws/build/moveit_msgs/rosidl_generator_cpp/moveit_msgs/msg/planning_options__struct.hpp:29[m[K,
[0.554s]                  from [01m[K/home/common/colcon_ws/build/moveit_msgs/rosidl_typesupport_introspection_cpp/moveit_msgs/msg/planning_options__type_support.cpp:12[m[K:
[0.554s] [01m[K/home/common/colcon_ws/build/moveit_msgs/rosidl_generator_cpp/moveit_msgs/msg/planning_scene_world__struct.hpp:31:10:[m[K [01;31m[Kfatal error: [m[Koctomap_msgs/msg/octomap_with_pose__struct.hpp: No such file or directory
[0.554s]  #include [01;31m[K"octomap_msgs/msg/octomap_with_pose__struct.hpp"[m[K
[0.554s]           [01;31m[K^~~~~~~~~~~~~~~~~~~~~~~~~~~~~~~~~~~~~~~~~~~~~~~~[m[K
[0.554s] compilation terminated.
[0.555s] make[2]: *** [CMakeFiles/moveit_msgs__rosidl_typesupport_introspection_cpp.dir/rosidl_typesupport_introspection_cpp/moveit_msgs/msg/planning_options__type_support.cpp.o] Error 1
[0.571s] In file included from [01m[K/home/common/colcon_ws/build/moveit_msgs/rosidl_generator_cpp/moveit_msgs/msg/planning_scene__struct.hpp:41:0[m[K,
[0.571s]                  from [01m[K/home/common/colcon_ws/build/moveit_msgs/rosidl_typesupport_introspection_cpp/moveit_msgs/msg/planning_scene__type_support.cpp:12[m[K:
[0.571s] [01m[K/home/common/colcon_ws/build/moveit_msgs/rosidl_generator_cpp/moveit_msgs/msg/planning_scene_world__struct.hpp:31:10:[m[K [01;31m[Kfatal error: [m[Koctomap_msgs/msg/octomap_with_pose__struct.hpp: No such file or directory
[0.572s]  #include [01;31m[K"octomap_msgs/msg/octomap_with_pose__struct.hpp"[m[K
[0.572s]           [01;31m[K^~~~~~~~~~~~~~~~~~~~~~~~~~~~~~~~~~~~~~~~~~~~~~~~[m[K
[0.572s] compilation terminated.
[0.572s] make[2]: *** [CMakeFiles/moveit_msgs__rosidl_typesupport_introspection_cpp.dir/rosidl_typesupport_introspection_cpp/moveit_msgs/msg/planning_scene__type_support.cpp.o] Error 1
[0.671s] In file included from [01m[K/home/common/colcon_ws/build/moveit_msgs/rosidl_generator_cpp/moveit_msgs/msg/planning_scene__struct.hpp:41:0[m[K,
[0.671s]                  from [01m[K/home/common/colcon_ws/build/moveit_msgs/rosidl_typesupport_fastrtps_cpp/moveit_msgs/msg/planning_scene__rosidl_typesupport_fastrtps_cpp.hpp:11[m[K,
[0.671s]                  from [01m[K/home/common/colcon_ws/build/moveit_msgs/rosidl_typesupport_fastrtps_cpp/moveit_msgs/msg/dds_fastrtps/planning_scene__type_support.cpp:4[m[K:
[0.671s] [01m[K/home/common/colcon_ws/build/moveit_msgs/rosidl_generator_cpp/moveit_msgs/msg/planning_scene_world__struct.hpp:31:10:[m[K [01;31m[Kfatal error: [m[Koctomap_msgs/msg/octomap_with_pose__struct.hpp: No such file or directory
[0.671s]  #include [01;31m[K"octomap_msgs/msg/octomap_with_pose__struct.hpp"[m[K
[0.671s]           [01;31m[K^~~~~~~~~~~~~~~~~~~~~~~~~~~~~~~~~~~~~~~~~~~~~~~~[m[K
[0.671s] compilation terminated.
[0.672s] make[2]: *** [CMakeFiles/moveit_msgs__rosidl_typesupport_fastrtps_cpp.dir/rosidl_typesupport_fastrtps_cpp/moveit_msgs/msg/dds_fastrtps/planning_scene__type_support.cpp.o] Error 1
[0.672s] make[2]: *** Waiting for unfinished jobs....
[0.696s] In file included from [01m[K/home/common/colcon_ws/build/moveit_msgs/rosidl_generator_cpp/moveit_msgs/msg/planning_scene__struct.hpp:41:0[m[K,
[0.696s]                  from [01m[K/home/common/colcon_ws/build/moveit_msgs/rosidl_generator_cpp/moveit_msgs/msg/planning_options__struct.hpp:29[m[K,
[0.696s]                  from [01m[K/home/common/colcon_ws/build/moveit_msgs/rosidl_typesupport_fastrtps_cpp/moveit_msgs/msg/planning_options__rosidl_typesupport_fastrtps_cpp.hpp:11[m[K,
[0.696s]                  from [01m[K/home/common/colcon_ws/build/moveit_msgs/rosidl_typesupport_fastrtps_cpp/moveit_msgs/msg/dds_fastrtps/planning_options__type_support.cpp:4[m[K:
[0.696s] [01m[K/home/common/colcon_ws/build/moveit_msgs/rosidl_generator_cpp/moveit_msgs/msg/planning_scene_world__struct.hpp:31:10:[m[K [01;31m[Kfatal error: [m[Koctomap_msgs/msg/octomap_with_pose__struct.hpp: No such file or directory
[0.696s]  #include [01;31m[K"octomap_msgs/msg/octomap_with_pose__struct.hpp"[m[K
[0.697s]           [01;31m[K^~~~~~~~~~~~~~~~~~~~~~~~~~~~~~~~~~~~~~~~~~~~~~~~[m[K
[0.697s] compilation terminated.
[0.697s] make[2]: *** [CMakeFiles/moveit_msgs__rosidl_typesupport_fastrtps_cpp.dir/rosidl_typesupport_fastrtps_cpp/moveit_msgs/msg/dds_fastrtps/planning_options__type_support.cpp.o] Error 1
[0.769s] In file included from [01m[K/home/common/colcon_ws/build/moveit_msgs/rosidl_typesupport_fastrtps_cpp/moveit_msgs/msg/planning_scene_world__rosidl_typesupport_fastrtps_cpp.hpp:11:0[m[K,
[0.769s]                  from [01m[K/home/common/colcon_ws/build/moveit_msgs/rosidl_typesupport_fastrtps_cpp/moveit_msgs/msg/dds_fastrtps/planning_scene_world__type_support.cpp:4[m[K:
[0.769s] [01m[K/home/common/colcon_ws/build/moveit_msgs/rosidl_generator_cpp/moveit_msgs/msg/planning_scene_world__struct.hpp:31:10:[m[K [01;31m[Kfatal error: [m[Koctomap_msgs/msg/octomap_with_pose__struct.hpp: No such file or directory
[0.770s]  #include [01;31m[K"octomap_msgs/msg/octomap_with_pose__struct.hpp"[m[K
[0.770s]           [01;31m[K^~~~~~~~~~~~~~~~~~~~~~~~~~~~~~~~~~~~~~~~~~~~~~~~[m[K
[0.770s] compilation terminated.
[0.771s] make[2]: *** [CMakeFiles/moveit_msgs__rosidl_typesupport_fastrtps_cpp.dir/rosidl_typesupport_fastrtps_cpp/moveit_msgs/msg/dds_fastrtps/planning_scene_world__type_support.cpp.o] Error 1
[1.418s] make[1]: *** [CMakeFiles/moveit_msgs__rosidl_typesupport_introspection_cpp.dir/all] Error 2
[1.543s] make[1]: *** [CMakeFiles/moveit_msgs__rosidl_typesupport_fastrtps_cpp.dir/all] Error 2
[1.545s] make: *** [all] Error 2
