[0.131s] -- The C compiler identification is GNU 7.4.0
[0.199s] -- The CXX compiler identification is GNU 7.4.0
[0.205s] -- Check for working C compiler: /usr/bin/cc
[0.300s] -- Check for working C compiler: /usr/bin/cc -- works
[0.301s] -- Detecting C compiler ABI info
[0.388s] -- Detecting C compiler ABI info - done
[0.396s] -- Detecting C compile features
[0.679s] -- Detecting C compile features - done
[0.682s] -- Check for working CXX compiler: /usr/bin/c++
[0.800s] -- Check for working CXX compiler: /usr/bin/c++ -- works
[0.800s] -- Detecting CXX compiler ABI info
[0.933s] -- Detecting CXX compiler ABI info - done
[0.939s] -- Detecting CXX compile features
[1.526s] -- Detecting CXX compile features - done
[1.535s] -- Found ament_cmake: 0.7.4 (/opt/ros/dashing/share/ament_cmake/cmake)
[1.615s] -- Found PythonInterp: /usr/bin/python3 (found suitable version "3.6.9", minimum required is "3") 
[1.615s] -- Using PYTHON_EXECUTABLE: /usr/bin/python3
[2.014s] -- Override CMake install command with custom implementation using symlinks instead of copying resources
[2.102s] -- Found rosidl_default_generators: 0.7.0 (/opt/ros/dashing/share/rosidl_default_generators/cmake)
[2.629s] -- Found OpenSSL: /usr/lib/x86_64-linux-gnu/libcrypto.so (found version "1.1.1") 
[2.680s] -- Found FastRTPS: /opt/ros/dashing/include  
[2.736s] -- Found rosidl_adapter: 0.7.8 (/opt/ros/dashing/share/rosidl_adapter/cmake)
[2.937s] -- Found rclcpp: 0.7.12 (/opt/ros/dashing/share/rclcpp/cmake)
[3.004s] -- Found rmw_implementation_cmake: 0.7.2 (/opt/ros/dashing/share/rmw_implementation_cmake/cmake)
[3.007s] -- Using RMW implementation 'rmw_fastrtps_cpp' as default
[3.008s] -- Looking for pthread.h
[3.123s] -- Looking for pthread.h - found
[3.124s] -- Looking for pthread_create
[3.256s] -- Looking for pthread_create - not found
[3.256s] -- Looking for pthread_create in pthreads
[3.365s] -- Looking for pthread_create in pthreads - not found
[3.365s] -- Looking for pthread_create in pthread
[3.471s] -- Looking for pthread_create in pthread - found
[3.473s] -- Found Threads: TRUE  
[3.535s] -- Found std_msgs: 0.7.0 (/opt/ros/dashing/share/std_msgs/cmake)
[3.550s] -- Found sensor_msgs: 0.7.0 (/opt/ros/dashing/share/sensor_msgs/cmake)
[3.593s] -- Found ament_lint_auto: 0.7.11 (/opt/ros/dashing/share/ament_lint_auto/cmake)
[3.849s] -- Found PythonInterp: /usr/bin/python3 (found version "3.6.9") 
[4.182s] -- Using single matching rosidl_typesupport_c: rosidl_typesupport_fastrtps_c
[4.325s] -- Using single matching rosidl_typesupport_cpp: rosidl_typesupport_fastrtps_cpp
[5.341s] -- Found PythonInterp: /usr/bin/python3 (found suitable version "3.6.9", minimum required is "3.5") 
[5.348s] -- Found python_cmake_module: 0.7.10 (/opt/ros/dashing/share/python_cmake_module/cmake)
[5.421s] -- Found PythonLibs: /usr/lib/x86_64-linux-gnu/libpython3.6m.so (found suitable version "3.6.9", minimum required is "3.5") 
[5.421s] -- Using PYTHON_EXECUTABLE: /usr/bin/python3
[5.421s] -- Using PYTHON_INCLUDE_DIRS: /usr/include/python3.6m
[5.421s] -- Using PYTHON_LIBRARIES: /usr/lib/x86_64-linux-gnu/libpython3.6m.so
[5.490s] -- Found PythonExtra: .so  
[5.917s] -- Added test 'lint_cmake' to check CMake code style
[5.919s] -- Added test 'xmllint' to check XML markup files
[5.930s] -- Configuring done
[6.232s] -- Generating done
[6.238s] -- Build files have been written to: /home/common/colcon_ws/build/tms_msg_rc
[6.517s] [35m[1mScanning dependencies of target tms_msg_rc__cpp[0m
[6.538s] [35m[1mScanning dependencies of target tms_msg_rc__rosidl_generator_c[0m
[6.547s] [  3%] Built target tms_msg_rc__cpp
[6.571s] [  6%] [32m[1mLinking C shared library libtms_msg_rc__rosidl_generator_c.so[0m
[6.587s] [35m[1mScanning dependencies of target tms_msg_rc__rosidl_typesupport_introspection_cpp[0m
[6.621s] [35m[1mScanning dependencies of target tms_msg_rc__rosidl_typesupport_fastrtps_cpp[0m
[6.647s] [ 10%] [32m[1mLinking CXX shared library libtms_msg_rc__rosidl_typesupport_introspection_cpp.so[0m
[6.693s] [ 13%] [32m[1mLinking CXX shared library libtms_msg_rc__rosidl_typesupport_fastrtps_cpp.so[0m
[6.722s] [ 20%] Built target tms_msg_rc__rosidl_generator_c
[6.752s] [35m[1mScanning dependencies of target tms_msg_rc__rosidl_typesupport_introspection_c[0m
[6.816s] [ 24%] [32m[1mLinking C shared library libtms_msg_rc__rosidl_typesupport_introspection_c.so[0m
[6.818s] [ 31%] Built target tms_msg_rc__rosidl_typesupport_introspection_cpp
[6.888s] [ 37%] Built target tms_msg_rc__rosidl_typesupport_introspection_c
[6.892s] [ 44%] Built target tms_msg_rc__rosidl_typesupport_fastrtps_cpp
[6.907s] [35m[1mScanning dependencies of target tms_msg_rc__rosidl_typesupport_cpp[0m
[6.914s] [35m[1mScanning dependencies of target tms_msg_rc__rosidl_typesupport_fastrtps_c[0m
[6.936s] [ 48%] [32m[1mLinking CXX shared library libtms_msg_rc__rosidl_typesupport_cpp.so[0m
[6.946s] [ 51%] [32m[1mLinking CXX shared library libtms_msg_rc__rosidl_typesupport_fastrtps_c.so[0m
[7.102s] [ 58%] Built target tms_msg_rc__rosidl_typesupport_cpp
[7.130s] [ 65%] Built target tms_msg_rc__rosidl_typesupport_fastrtps_c
[7.186s] [35m[1mScanning dependencies of target tms_msg_rc__rosidl_typesupport_c[0m
[7.237s] [ 68%] [32m[1mLinking CXX shared library libtms_msg_rc__rosidl_typesupport_c.so[0m
[7.393s] [ 75%] Built target tms_msg_rc__rosidl_typesupport_c
[7.421s] [35m[1mScanning dependencies of target tms_msg_rc[0m
[7.453s] [ 75%] Built target tms_msg_rc
[7.503s] [ 79%] Built target tms_msg_rc__py
[7.526s] [35m[1mScanning dependencies of target tms_msg_rc__python[0m
[7.569s] [ 82%] [32m[1mLinking C shared library rosidl_generator_py/tms_msg_rc/libtms_msg_rc__python.so[0m
[7.687s] [ 86%] Built target tms_msg_rc__python
[7.711s] [35m[1mScanning dependencies of target tms_msg_rc__rosidl_typesupport_c__pyext[0m
[7.711s] [35m[1mScanning dependencies of target tms_msg_rc__rosidl_typesupport_fastrtps_c__pyext[0m
[7.758s] [ 89%] [32m[1mLinking C shared library rosidl_generator_py/tms_msg_rc/tms_msg_rc_s__rosidl_typesupport_fastrtps_c.cpython-36m-x86_64-linux-gnu.so[0m
[7.781s] [ 93%] [32m[1mLinking C shared library rosidl_generator_py/tms_msg_rc/tms_msg_rc_s__rosidl_typesupport_c.cpython-36m-x86_64-linux-gnu.so[0m
[7.932s] [ 96%] Built target tms_msg_rc__rosidl_typesupport_fastrtps_c__pyext
[7.942s] [100%] Built target tms_msg_rc__rosidl_typesupport_c__pyext
[8.179s] [ 10%] Built target tms_msg_rc__rosidl_generator_c
[8.208s] [ 13%] Built target tms_msg_rc__cpp
[8.248s] [ 24%] Built target tms_msg_rc__rosidl_typesupport_introspection_c
[8.285s] [ 34%] Built target tms_msg_rc__rosidl_typesupport_fastrtps_cpp
[8.300s] [ 44%] Built target tms_msg_rc__rosidl_typesupport_introspection_cpp
[8.373s] [ 55%] Built target tms_msg_rc__rosidl_typesupport_cpp
[8.384s] [ 65%] Built target tms_msg_rc__rosidl_typesupport_fastrtps_c
[8.437s] [ 75%] Built target tms_msg_rc__rosidl_typesupport_c
[8.481s] [ 75%] Built target tms_msg_rc
[8.521s] [ 79%] Built target tms_msg_rc__py
[8.573s] [ 86%] Built target tms_msg_rc__python
[8.647s] [ 93%] Built target tms_msg_rc__rosidl_typesupport_c__pyext
[8.659s] [100%] Built target tms_msg_rc__rosidl_typesupport_fastrtps_c__pyext
[8.707s] [36mInstall the project...[0m
[8.725s] -- Install configuration: ""
[8.726s] -- Execute custom install script
[8.726s] -- Up-to-date symlink: /home/common/colcon_ws/install/tms_msg_rc/share/ament_index/resource_index/rosidl_interfaces/tms_msg_rc
[8.727s] -- Up-to-date symlink: /home/common/colcon_ws/install/tms_msg_rc/lib/libtms_msg_rc__rosidl_typesupport_c.so
[8.727s] -- Up-to-date symlink: /home/common/colcon_ws/install/tms_msg_rc/share/tms_msg_rc/environment/library_path.sh
[8.728s] -- Up-to-date symlink: /home/common/colcon_ws/install/tms_msg_rc/lib/libtms_msg_rc__rosidl_typesupport_cpp.so
[8.729s] -- Up-to-date symlink: /home/common/colcon_ws/install/tms_msg_rc/include/tms_msg_rc/msg/rosidl_typesupport_fastrtps_c__visibility_control.h
[8.729s] -- Up-to-date symlink: /home/common/colcon_ws/install/tms_msg_rc/include/tms_msg_rc/srv/turtlebot_control__rosidl_typesupport_fastrtps_c.h
[8.730s] -- Up-to-date symlink: /home/common/colcon_ws/install/tms_msg_rc/lib/libtms_msg_rc__rosidl_typesupport_fastrtps_c.so
[8.731s] -- Up-to-date symlink: /home/common/colcon_ws/install/tms_msg_rc/include/tms_msg_rc/msg/rosidl_generator_c__visibility_control.h
[8.731s] -- Up-to-date symlink: /home/common/colcon_ws/install/tms_msg_rc/include/tms_msg_rc/srv/turtlebot_control.h
[8.731s] -- Up-to-date symlink: /home/common/colcon_ws/install/tms_msg_rc/include/tms_msg_rc/srv/turtlebot_control__functions.h
[8.732s] -- Up-to-date symlink: /home/common/colcon_ws/install/tms_msg_rc/include/tms_msg_rc/srv/turtlebot_control__struct.h
[8.732s] -- Up-to-date symlink: /home/common/colcon_ws/install/tms_msg_rc/include/tms_msg_rc/srv/turtlebot_control__type_support.h
[8.733s] -- Up-to-date symlink: /home/common/colcon_ws/install/tms_msg_rc/lib/libtms_msg_rc__rosidl_generator_c.so
[8.734s] -- Up-to-date symlink: /home/common/colcon_ws/install/tms_msg_rc/include/tms_msg_rc/msg/rosidl_typesupport_fastrtps_cpp__visibility_control.h
[8.734s] -- Up-to-date symlink: /home/common/colcon_ws/install/tms_msg_rc/include/tms_msg_rc/srv/turtlebot_control__rosidl_typesupport_fastrtps_cpp.hpp
[8.735s] -- Up-to-date symlink: /home/common/colcon_ws/install/tms_msg_rc/lib/libtms_msg_rc__rosidl_typesupport_fastrtps_cpp.so
[8.737s] -- Up-to-date symlink: /home/common/colcon_ws/install/tms_msg_rc/include/tms_msg_rc/srv/turtlebot_control.hpp
[8.737s] -- Up-to-date symlink: /home/common/colcon_ws/install/tms_msg_rc/include/tms_msg_rc/srv/turtlebot_control__struct.hpp
[8.738s] -- Up-to-date symlink: /home/common/colcon_ws/install/tms_msg_rc/include/tms_msg_rc/srv/turtlebot_control__traits.hpp
[8.739s] -- Up-to-date symlink: /home/common/colcon_ws/install/tms_msg_rc/include/tms_msg_rc/msg/rosidl_typesupport_introspection_c__visibility_control.h
[8.739s] -- Up-to-date symlink: /home/common/colcon_ws/install/tms_msg_rc/include/tms_msg_rc/srv/turtlebot_control__rosidl_typesupport_introspection_c.h
[8.740s] -- Up-to-date symlink: /home/common/colcon_ws/install/tms_msg_rc/lib/libtms_msg_rc__rosidl_typesupport_introspection_c.so
[8.740s] -- Up-to-date symlink: /home/common/colcon_ws/install/tms_msg_rc/include/tms_msg_rc/srv/turtlebot_control__rosidl_typesupport_introspection_cpp.hpp
[8.741s] -- Up-to-date symlink: /home/common/colcon_ws/install/tms_msg_rc/lib/libtms_msg_rc__rosidl_typesupport_introspection_cpp.so
[8.742s] -- Up-to-date symlink: /home/common/colcon_ws/install/tms_msg_rc/share/tms_msg_rc/environment/pythonpath.sh
[8.742s] -- Up-to-date symlink: /home/common/colcon_ws/install/tms_msg_rc/lib/python3.6/site-packages/tms_msg_rc/__init__.py
[8.743s] -- Up-to-date symlink: /home/common/colcon_ws/install/tms_msg_rc/lib/python3.6/site-packages/tms_msg_rc/srv/__init__.py
[8.743s] -- Up-to-date symlink: /home/common/colcon_ws/install/tms_msg_rc/lib/python3.6/site-packages/tms_msg_rc/srv/_turtlebot_control.py
[8.744s] -- Up-to-date symlink: /home/common/colcon_ws/install/tms_msg_rc/lib/python3.6/site-packages/tms_msg_rc/tms_msg_rc_s__rosidl_typesupport_c.cpython-36m-x86_64-linux-gnu.so
[8.744s] -- Up-to-date symlink: /home/common/colcon_ws/install/tms_msg_rc/lib/python3.6/site-packages/tms_msg_rc/tms_msg_rc_s__rosidl_typesupport_fastrtps_c.cpython-36m-x86_64-linux-gnu.so
[8.746s] -- Up-to-date symlink: /home/common/colcon_ws/install/tms_msg_rc/lib/libtms_msg_rc__python.so
[8.746s] -- Up-to-date symlink: /home/common/colcon_ws/install/tms_msg_rc/share/tms_msg_rc/srv/TurtlebotControl.idl
[8.746s] -- Symlinking: /home/common/colcon_ws/install/tms_msg_rc/share/tms_msg_rc/srv/TurtlebotControl.srv
[8.768s] -- Up-to-date symlink: /home/common/colcon_ws/install/tms_msg_rc/share/tms_msg_rc/srv/TurtlebotControl_Request.msg
[8.768s] -- Up-to-date symlink: /home/common/colcon_ws/install/tms_msg_rc/share/tms_msg_rc/srv/TurtlebotControl_Response.msg
[8.769s] -- Up-to-date symlink: /home/common/colcon_ws/install/tms_msg_rc/share/ament_index/resource_index/package_run_dependencies/tms_msg_rc
[8.769s] -- Up-to-date symlink: /home/common/colcon_ws/install/tms_msg_rc/share/ament_index/resource_index/parent_prefix_path/tms_msg_rc
[8.770s] -- Up-to-date symlink: /home/common/colcon_ws/install/tms_msg_rc/share/tms_msg_rc/environment/ament_prefix_path.sh
[8.770s] -- Up-to-date symlink: /home/common/colcon_ws/install/tms_msg_rc/share/tms_msg_rc/environment/path.sh
[8.770s] -- Up-to-date symlink: /home/common/colcon_ws/install/tms_msg_rc/share/tms_msg_rc/local_setup.bash
[8.771s] -- Up-to-date symlink: /home/common/colcon_ws/install/tms_msg_rc/share/tms_msg_rc/local_setup.sh
[8.771s] -- Up-to-date symlink: /home/common/colcon_ws/install/tms_msg_rc/share/tms_msg_rc/local_setup.zsh
[8.771s] -- Up-to-date symlink: /home/common/colcon_ws/install/tms_msg_rc/share/ament_index/resource_index/packages/tms_msg_rc
[8.772s] -- Up-to-date symlink: /home/common/colcon_ws/install/tms_msg_rc/share/tms_msg_rc/cmake/rosidl_cmake-extras.cmake
[8.773s] -- Up-to-date symlink: /home/common/colcon_ws/install/tms_msg_rc/share/tms_msg_rc/cmake/ament_cmake_export_dependencies-extras.cmake
[8.773s] -- Up-to-date symlink: /home/common/colcon_ws/install/tms_msg_rc/share/tms_msg_rc/cmake/ament_cmake_export_libraries-extras.cmake
[8.773s] -- Up-to-date symlink: /home/common/colcon_ws/install/tms_msg_rc/share/tms_msg_rc/cmake/ament_cmake_export_include_directories-extras.cmake
[8.773s] -- Up-to-date symlink: /home/common/colcon_ws/install/tms_msg_rc/share/tms_msg_rc/cmake/tms_msg_rcConfig.cmake
[8.773s] -- Up-to-date symlink: /home/common/colcon_ws/install/tms_msg_rc/share/tms_msg_rc/cmake/tms_msg_rcConfig-version.cmake
[8.774s] -- Symlinking: /home/common/colcon_ws/install/tms_msg_rc/share/tms_msg_rc/package.xml
[8.874s] Compiling '/home/common/colcon_ws/install/tms_msg_rc/lib/python3.6/site-packages/tms_msg_rc/__init__.py'...
