Determining if the pthread_create exist failed with the following output:
Change Dir: /home/common/colcon_ws/build/tms_msg_rc/CMakeFiles/CMakeTmp

Run Build Command:"/usr/bin/make" "cmTC_252dd/fast"
/usr/bin/make -f CMakeFiles/cmTC_252dd.dir/build.make CMakeFiles/cmTC_252dd.dir/build
make[1]: Entering directory '/home/common/colcon_ws/build/tms_msg_rc/CMakeFiles/CMakeTmp'
Building C object CMakeFiles/cmTC_252dd.dir/CheckSymbolExists.c.o
/usr/bin/cc    -o CMakeFiles/cmTC_252dd.dir/CheckSymbolExists.c.o   -c /home/common/colcon_ws/build/tms_msg_rc/CMakeFiles/CMakeTmp/CheckSymbolExists.c
Linking C executable cmTC_252dd
/usr/bin/cmake -E cmake_link_script CMakeFiles/cmTC_252dd.dir/link.txt --verbose=1
/usr/bin/cc      CMakeFiles/cmTC_252dd.dir/CheckSymbolExists.c.o  -o cmTC_252dd 
CMakeFiles/cmTC_252dd.dir/CheckSymbolExists.c.o: In function `main':
CheckSymbolExists.c:(.text+0x1b): undefined reference to `pthread_create'
collect2: error: ld returned 1 exit status
CMakeFiles/cmTC_252dd.dir/build.make:97: recipe for target 'cmTC_252dd' failed
make[1]: *** [cmTC_252dd] Error 1
make[1]: Leaving directory '/home/common/colcon_ws/build/tms_msg_rc/CMakeFiles/CMakeTmp'
Makefile:126: recipe for target 'cmTC_252dd/fast' failed
make: *** [cmTC_252dd/fast] Error 2

File /home/common/colcon_ws/build/tms_msg_rc/CMakeFiles/CMakeTmp/CheckSymbolExists.c:
/* */
#include <pthread.h>

int main(int argc, char** argv)
{
  (void)argv;
#ifndef pthread_create
  return ((int*)(&pthread_create))[argc];
#else
  (void)argc;
  return 0;
#endif
}

Determining if the function pthread_create exists in the pthreads failed with the following output:
Change Dir: /home/common/colcon_ws/build/tms_msg_rc/CMakeFiles/CMakeTmp

Run Build Command:"/usr/bin/make" "cmTC_6feb3/fast"
/usr/bin/make -f CMakeFiles/cmTC_6feb3.dir/build.make CMakeFiles/cmTC_6feb3.dir/build
make[1]: Entering directory '/home/common/colcon_ws/build/tms_msg_rc/CMakeFiles/CMakeTmp'
Building C object CMakeFiles/cmTC_6feb3.dir/CheckFunctionExists.c.o
/usr/bin/cc   -DCHECK_FUNCTION_EXISTS=pthread_create   -o CMakeFiles/cmTC_6feb3.dir/CheckFunctionExists.c.o   -c /usr/share/cmake-3.10/Modules/CheckFunctionExists.c
Linking C executable cmTC_6feb3
/usr/bin/cmake -E cmake_link_script CMakeFiles/cmTC_6feb3.dir/link.txt --verbose=1
/usr/bin/cc  -DCHECK_FUNCTION_EXISTS=pthread_create    CMakeFiles/cmTC_6feb3.dir/CheckFunctionExists.c.o  -o cmTC_6feb3 -lpthreads 
/usr/bin/ld: cannot find -lpthreads
collect2: error: ld returned 1 exit status
CMakeFiles/cmTC_6feb3.dir/build.make:97: recipe for target 'cmTC_6feb3' failed
make[1]: *** [cmTC_6feb3] Error 1
make[1]: Leaving directory '/home/common/colcon_ws/build/tms_msg_rc/CMakeFiles/CMakeTmp'
Makefile:126: recipe for target 'cmTC_6feb3/fast' failed
make: *** [cmTC_6feb3/fast] Error 2


Determining if the pthread_create exist failed with the following output:
Change Dir: /home/common/colcon_ws/build/tms_msg_rc/CMakeFiles/CMakeTmp

Run Build Command:"/usr/bin/make" "cmTC_7b1c2/fast"
/usr/bin/make -f CMakeFiles/cmTC_7b1c2.dir/build.make CMakeFiles/cmTC_7b1c2.dir/build
make[1]: Entering directory '/home/common/colcon_ws/build/tms_msg_rc/CMakeFiles/CMakeTmp'
Building C object CMakeFiles/cmTC_7b1c2.dir/CheckSymbolExists.c.o
/usr/bin/cc    -o CMakeFiles/cmTC_7b1c2.dir/CheckSymbolExists.c.o   -c /home/common/colcon_ws/build/tms_msg_rc/CMakeFiles/CMakeTmp/CheckSymbolExists.c
Linking C executable cmTC_7b1c2
/usr/bin/cmake -E cmake_link_script CMakeFiles/cmTC_7b1c2.dir/link.txt --verbose=1
/usr/bin/cc      CMakeFiles/cmTC_7b1c2.dir/CheckSymbolExists.c.o  -o cmTC_7b1c2 
CMakeFiles/cmTC_7b1c2.dir/CheckSymbolExists.c.o: In function `main':
CheckSymbolExists.c:(.text+0x1b): undefined reference to `pthread_create'
collect2: error: ld returned 1 exit status
CMakeFiles/cmTC_7b1c2.dir/build.make:97: recipe for target 'cmTC_7b1c2' failed
make[1]: *** [cmTC_7b1c2] Error 1
make[1]: Leaving directory '/home/common/colcon_ws/build/tms_msg_rc/CMakeFiles/CMakeTmp'
Makefile:126: recipe for target 'cmTC_7b1c2/fast' failed
make: *** [cmTC_7b1c2/fast] Error 2

File /home/common/colcon_ws/build/tms_msg_rc/CMakeFiles/CMakeTmp/CheckSymbolExists.c:
/* */
#include <pthread.h>

int main(int argc, char** argv)
{
  (void)argv;
#ifndef pthread_create
  return ((int*)(&pthread_create))[argc];
#else
  (void)argc;
  return 0;
#endif
}

Determining if the function pthread_create exists in the pthreads failed with the following output:
Change Dir: /home/common/colcon_ws/build/tms_msg_rc/CMakeFiles/CMakeTmp

Run Build Command:"/usr/bin/make" "cmTC_b4b2b/fast"
/usr/bin/make -f CMakeFiles/cmTC_b4b2b.dir/build.make CMakeFiles/cmTC_b4b2b.dir/build
make[1]: Entering directory '/home/common/colcon_ws/build/tms_msg_rc/CMakeFiles/CMakeTmp'
Building C object CMakeFiles/cmTC_b4b2b.dir/CheckFunctionExists.c.o
/usr/bin/cc   -DCHECK_FUNCTION_EXISTS=pthread_create   -o CMakeFiles/cmTC_b4b2b.dir/CheckFunctionExists.c.o   -c /usr/share/cmake-3.10/Modules/CheckFunctionExists.c
Linking C executable cmTC_b4b2b
/usr/bin/cmake -E cmake_link_script CMakeFiles/cmTC_b4b2b.dir/link.txt --verbose=1
/usr/bin/cc  -DCHECK_FUNCTION_EXISTS=pthread_create    CMakeFiles/cmTC_b4b2b.dir/CheckFunctionExists.c.o  -o cmTC_b4b2b -lpthreads 
/usr/bin/ld: cannot find -lpthreads
collect2: error: ld returned 1 exit status
CMakeFiles/cmTC_b4b2b.dir/build.make:97: recipe for target 'cmTC_b4b2b' failed
make[1]: *** [cmTC_b4b2b] Error 1
make[1]: Leaving directory '/home/common/colcon_ws/build/tms_msg_rc/CMakeFiles/CMakeTmp'
Makefile:126: recipe for target 'cmTC_b4b2b/fast' failed
make: *** [cmTC_b4b2b/fast] Error 2


Determining if the pthread_create exist failed with the following output:
Change Dir: /home/common/colcon_ws/build/tms_msg_rc/CMakeFiles/CMakeTmp

Run Build Command:"/usr/bin/make" "cmTC_57d8c/fast"
/usr/bin/make -f CMakeFiles/cmTC_57d8c.dir/build.make CMakeFiles/cmTC_57d8c.dir/build
make[1]: Entering directory '/home/common/colcon_ws/build/tms_msg_rc/CMakeFiles/CMakeTmp'
Building C object CMakeFiles/cmTC_57d8c.dir/CheckSymbolExists.c.o
/usr/bin/cc    -o CMakeFiles/cmTC_57d8c.dir/CheckSymbolExists.c.o   -c /home/common/colcon_ws/build/tms_msg_rc/CMakeFiles/CMakeTmp/CheckSymbolExists.c
Linking C executable cmTC_57d8c
/usr/bin/cmake -E cmake_link_script CMakeFiles/cmTC_57d8c.dir/link.txt --verbose=1
/usr/bin/cc      CMakeFiles/cmTC_57d8c.dir/CheckSymbolExists.c.o  -o cmTC_57d8c 
CMakeFiles/cmTC_57d8c.dir/CheckSymbolExists.c.o: In function `main':
CheckSymbolExists.c:(.text+0x1b): undefined reference to `pthread_create'
collect2: error: ld returned 1 exit status
CMakeFiles/cmTC_57d8c.dir/build.make:97: recipe for target 'cmTC_57d8c' failed
make[1]: *** [cmTC_57d8c] Error 1
make[1]: Leaving directory '/home/common/colcon_ws/build/tms_msg_rc/CMakeFiles/CMakeTmp'
Makefile:126: recipe for target 'cmTC_57d8c/fast' failed
make: *** [cmTC_57d8c/fast] Error 2

File /home/common/colcon_ws/build/tms_msg_rc/CMakeFiles/CMakeTmp/CheckSymbolExists.c:
/* */
#include <pthread.h>

int main(int argc, char** argv)
{
  (void)argv;
#ifndef pthread_create
  return ((int*)(&pthread_create))[argc];
#else
  (void)argc;
  return 0;
#endif
}

Determining if the function pthread_create exists in the pthreads failed with the following output:
Change Dir: /home/common/colcon_ws/build/tms_msg_rc/CMakeFiles/CMakeTmp

Run Build Command:"/usr/bin/make" "cmTC_c183c/fast"
/usr/bin/make -f CMakeFiles/cmTC_c183c.dir/build.make CMakeFiles/cmTC_c183c.dir/build
make[1]: Entering directory '/home/common/colcon_ws/build/tms_msg_rc/CMakeFiles/CMakeTmp'
Building C object CMakeFiles/cmTC_c183c.dir/CheckFunctionExists.c.o
/usr/bin/cc   -DCHECK_FUNCTION_EXISTS=pthread_create   -o CMakeFiles/cmTC_c183c.dir/CheckFunctionExists.c.o   -c /usr/share/cmake-3.10/Modules/CheckFunctionExists.c
Linking C executable cmTC_c183c
/usr/bin/cmake -E cmake_link_script CMakeFiles/cmTC_c183c.dir/link.txt --verbose=1
/usr/bin/cc  -DCHECK_FUNCTION_EXISTS=pthread_create    CMakeFiles/cmTC_c183c.dir/CheckFunctionExists.c.o  -o cmTC_c183c -lpthreads 
/usr/bin/ld: cannot find -lpthreads
collect2: error: ld returned 1 exit status
CMakeFiles/cmTC_c183c.dir/build.make:97: recipe for target 'cmTC_c183c' failed
make[1]: *** [cmTC_c183c] Error 1
make[1]: Leaving directory '/home/common/colcon_ws/build/tms_msg_rc/CMakeFiles/CMakeTmp'
Makefile:126: recipe for target 'cmTC_c183c/fast' failed
make: *** [cmTC_c183c/fast] Error 2


Determining if the pthread_create exist failed with the following output:
Change Dir: /home/common/colcon_ws/build/tms_msg_rc/CMakeFiles/CMakeTmp

Run Build Command:"/usr/bin/make" "cmTC_6c4c0/fast"
/usr/bin/make -f CMakeFiles/cmTC_6c4c0.dir/build.make CMakeFiles/cmTC_6c4c0.dir/build
make[1]: Entering directory '/home/common/colcon_ws/build/tms_msg_rc/CMakeFiles/CMakeTmp'
Building C object CMakeFiles/cmTC_6c4c0.dir/CheckSymbolExists.c.o
/usr/bin/cc    -o CMakeFiles/cmTC_6c4c0.dir/CheckSymbolExists.c.o   -c /home/common/colcon_ws/build/tms_msg_rc/CMakeFiles/CMakeTmp/CheckSymbolExists.c
Linking C executable cmTC_6c4c0
/usr/bin/cmake -E cmake_link_script CMakeFiles/cmTC_6c4c0.dir/link.txt --verbose=1
/usr/bin/cc      CMakeFiles/cmTC_6c4c0.dir/CheckSymbolExists.c.o  -o cmTC_6c4c0 
CMakeFiles/cmTC_6c4c0.dir/CheckSymbolExists.c.o: In function `main':
CheckSymbolExists.c:(.text+0x1b): undefined reference to `pthread_create'
collect2: error: ld returned 1 exit status
CMakeFiles/cmTC_6c4c0.dir/build.make:97: recipe for target 'cmTC_6c4c0' failed
make[1]: *** [cmTC_6c4c0] Error 1
make[1]: Leaving directory '/home/common/colcon_ws/build/tms_msg_rc/CMakeFiles/CMakeTmp'
Makefile:126: recipe for target 'cmTC_6c4c0/fast' failed
make: *** [cmTC_6c4c0/fast] Error 2

File /home/common/colcon_ws/build/tms_msg_rc/CMakeFiles/CMakeTmp/CheckSymbolExists.c:
/* */
#include <pthread.h>

int main(int argc, char** argv)
{
  (void)argv;
#ifndef pthread_create
  return ((int*)(&pthread_create))[argc];
#else
  (void)argc;
  return 0;
#endif
}

Determining if the function pthread_create exists in the pthreads failed with the following output:
Change Dir: /home/common/colcon_ws/build/tms_msg_rc/CMakeFiles/CMakeTmp

Run Build Command:"/usr/bin/make" "cmTC_ba7ff/fast"
/usr/bin/make -f CMakeFiles/cmTC_ba7ff.dir/build.make CMakeFiles/cmTC_ba7ff.dir/build
make[1]: Entering directory '/home/common/colcon_ws/build/tms_msg_rc/CMakeFiles/CMakeTmp'
Building C object CMakeFiles/cmTC_ba7ff.dir/CheckFunctionExists.c.o
/usr/bin/cc   -DCHECK_FUNCTION_EXISTS=pthread_create   -o CMakeFiles/cmTC_ba7ff.dir/CheckFunctionExists.c.o   -c /usr/share/cmake-3.10/Modules/CheckFunctionExists.c
Linking C executable cmTC_ba7ff
/usr/bin/cmake -E cmake_link_script CMakeFiles/cmTC_ba7ff.dir/link.txt --verbose=1
/usr/bin/cc  -DCHECK_FUNCTION_EXISTS=pthread_create    CMakeFiles/cmTC_ba7ff.dir/CheckFunctionExists.c.o  -o cmTC_ba7ff -lpthreads 
/usr/bin/ld: cannot find -lpthreads
collect2: error: ld returned 1 exit status
CMakeFiles/cmTC_ba7ff.dir/build.make:97: recipe for target 'cmTC_ba7ff' failed
make[1]: *** [cmTC_ba7ff] Error 1
make[1]: Leaving directory '/home/common/colcon_ws/build/tms_msg_rc/CMakeFiles/CMakeTmp'
Makefile:126: recipe for target 'cmTC_ba7ff/fast' failed
make: *** [cmTC_ba7ff/fast] Error 2


Determining if the pthread_create exist failed with the following output:
Change Dir: /home/common/colcon_ws/build/tms_msg_rc/CMakeFiles/CMakeTmp

Run Build Command:"/usr/bin/make" "cmTC_ff758/fast"
/usr/bin/make -f CMakeFiles/cmTC_ff758.dir/build.make CMakeFiles/cmTC_ff758.dir/build
make[1]: Entering directory '/home/common/colcon_ws/build/tms_msg_rc/CMakeFiles/CMakeTmp'
Building C object CMakeFiles/cmTC_ff758.dir/CheckSymbolExists.c.o
/usr/bin/cc    -o CMakeFiles/cmTC_ff758.dir/CheckSymbolExists.c.o   -c /home/common/colcon_ws/build/tms_msg_rc/CMakeFiles/CMakeTmp/CheckSymbolExists.c
Linking C executable cmTC_ff758
/usr/bin/cmake -E cmake_link_script CMakeFiles/cmTC_ff758.dir/link.txt --verbose=1
/usr/bin/cc      CMakeFiles/cmTC_ff758.dir/CheckSymbolExists.c.o  -o cmTC_ff758 
CMakeFiles/cmTC_ff758.dir/CheckSymbolExists.c.o: In function `main':
CheckSymbolExists.c:(.text+0x1b): undefined reference to `pthread_create'
collect2: error: ld returned 1 exit status
CMakeFiles/cmTC_ff758.dir/build.make:97: recipe for target 'cmTC_ff758' failed
make[1]: *** [cmTC_ff758] Error 1
make[1]: Leaving directory '/home/common/colcon_ws/build/tms_msg_rc/CMakeFiles/CMakeTmp'
Makefile:126: recipe for target 'cmTC_ff758/fast' failed
make: *** [cmTC_ff758/fast] Error 2

File /home/common/colcon_ws/build/tms_msg_rc/CMakeFiles/CMakeTmp/CheckSymbolExists.c:
/* */
#include <pthread.h>

int main(int argc, char** argv)
{
  (void)argv;
#ifndef pthread_create
  return ((int*)(&pthread_create))[argc];
#else
  (void)argc;
  return 0;
#endif
}

Determining if the function pthread_create exists in the pthreads failed with the following output:
Change Dir: /home/common/colcon_ws/build/tms_msg_rc/CMakeFiles/CMakeTmp

Run Build Command:"/usr/bin/make" "cmTC_7802f/fast"
/usr/bin/make -f CMakeFiles/cmTC_7802f.dir/build.make CMakeFiles/cmTC_7802f.dir/build
make[1]: Entering directory '/home/common/colcon_ws/build/tms_msg_rc/CMakeFiles/CMakeTmp'
Building C object CMakeFiles/cmTC_7802f.dir/CheckFunctionExists.c.o
/usr/bin/cc   -DCHECK_FUNCTION_EXISTS=pthread_create   -o CMakeFiles/cmTC_7802f.dir/CheckFunctionExists.c.o   -c /usr/share/cmake-3.10/Modules/CheckFunctionExists.c
Linking C executable cmTC_7802f
/usr/bin/cmake -E cmake_link_script CMakeFiles/cmTC_7802f.dir/link.txt --verbose=1
/usr/bin/cc  -DCHECK_FUNCTION_EXISTS=pthread_create    CMakeFiles/cmTC_7802f.dir/CheckFunctionExists.c.o  -o cmTC_7802f -lpthreads 
/usr/bin/ld: cannot find -lpthreads
collect2: error: ld returned 1 exit status
CMakeFiles/cmTC_7802f.dir/build.make:97: recipe for target 'cmTC_7802f' failed
make[1]: *** [cmTC_7802f] Error 1
make[1]: Leaving directory '/home/common/colcon_ws/build/tms_msg_rc/CMakeFiles/CMakeTmp'
Makefile:126: recipe for target 'cmTC_7802f/fast' failed
make: *** [cmTC_7802f/fast] Error 2


Determining if the pthread_create exist failed with the following output:
Change Dir: /home/common/colcon_ws/build/tms_msg_rc/CMakeFiles/CMakeTmp

Run Build Command:"/usr/bin/make" "cmTC_e26bd/fast"
/usr/bin/make -f CMakeFiles/cmTC_e26bd.dir/build.make CMakeFiles/cmTC_e26bd.dir/build
make[1]: Entering directory '/home/common/colcon_ws/build/tms_msg_rc/CMakeFiles/CMakeTmp'
Building C object CMakeFiles/cmTC_e26bd.dir/CheckSymbolExists.c.o
/usr/bin/cc    -o CMakeFiles/cmTC_e26bd.dir/CheckSymbolExists.c.o   -c /home/common/colcon_ws/build/tms_msg_rc/CMakeFiles/CMakeTmp/CheckSymbolExists.c
Linking C executable cmTC_e26bd
/usr/bin/cmake -E cmake_link_script CMakeFiles/cmTC_e26bd.dir/link.txt --verbose=1
/usr/bin/cc      CMakeFiles/cmTC_e26bd.dir/CheckSymbolExists.c.o  -o cmTC_e26bd 
CMakeFiles/cmTC_e26bd.dir/CheckSymbolExists.c.o: In function `main':
CheckSymbolExists.c:(.text+0x1b): undefined reference to `pthread_create'
collect2: error: ld returned 1 exit status
CMakeFiles/cmTC_e26bd.dir/build.make:97: recipe for target 'cmTC_e26bd' failed
make[1]: *** [cmTC_e26bd] Error 1
make[1]: Leaving directory '/home/common/colcon_ws/build/tms_msg_rc/CMakeFiles/CMakeTmp'
Makefile:126: recipe for target 'cmTC_e26bd/fast' failed
make: *** [cmTC_e26bd/fast] Error 2

File /home/common/colcon_ws/build/tms_msg_rc/CMakeFiles/CMakeTmp/CheckSymbolExists.c:
/* */
#include <pthread.h>

int main(int argc, char** argv)
{
  (void)argv;
#ifndef pthread_create
  return ((int*)(&pthread_create))[argc];
#else
  (void)argc;
  return 0;
#endif
}

Determining if the function pthread_create exists in the pthreads failed with the following output:
Change Dir: /home/common/colcon_ws/build/tms_msg_rc/CMakeFiles/CMakeTmp

Run Build Command:"/usr/bin/make" "cmTC_2dcb6/fast"
/usr/bin/make -f CMakeFiles/cmTC_2dcb6.dir/build.make CMakeFiles/cmTC_2dcb6.dir/build
make[1]: Entering directory '/home/common/colcon_ws/build/tms_msg_rc/CMakeFiles/CMakeTmp'
Building C object CMakeFiles/cmTC_2dcb6.dir/CheckFunctionExists.c.o
/usr/bin/cc   -DCHECK_FUNCTION_EXISTS=pthread_create   -o CMakeFiles/cmTC_2dcb6.dir/CheckFunctionExists.c.o   -c /usr/share/cmake-3.10/Modules/CheckFunctionExists.c
Linking C executable cmTC_2dcb6
/usr/bin/cmake -E cmake_link_script CMakeFiles/cmTC_2dcb6.dir/link.txt --verbose=1
/usr/bin/cc  -DCHECK_FUNCTION_EXISTS=pthread_create    CMakeFiles/cmTC_2dcb6.dir/CheckFunctionExists.c.o  -o cmTC_2dcb6 -lpthreads 
/usr/bin/ld: cannot find -lpthreads
collect2: error: ld returned 1 exit status
CMakeFiles/cmTC_2dcb6.dir/build.make:97: recipe for target 'cmTC_2dcb6' failed
make[1]: *** [cmTC_2dcb6] Error 1
make[1]: Leaving directory '/home/common/colcon_ws/build/tms_msg_rc/CMakeFiles/CMakeTmp'
Makefile:126: recipe for target 'cmTC_2dcb6/fast' failed
make: *** [cmTC_2dcb6/fast] Error 2


Determining if the pthread_create exist failed with the following output:
Change Dir: /home/common/colcon_ws/build/tms_msg_rc/CMakeFiles/CMakeTmp

Run Build Command:"/usr/bin/make" "cmTC_9162f/fast"
/usr/bin/make -f CMakeFiles/cmTC_9162f.dir/build.make CMakeFiles/cmTC_9162f.dir/build
make[1]: Entering directory '/home/common/colcon_ws/build/tms_msg_rc/CMakeFiles/CMakeTmp'
Building C object CMakeFiles/cmTC_9162f.dir/CheckSymbolExists.c.o
/usr/bin/cc    -o CMakeFiles/cmTC_9162f.dir/CheckSymbolExists.c.o   -c /home/common/colcon_ws/build/tms_msg_rc/CMakeFiles/CMakeTmp/CheckSymbolExists.c
Linking C executable cmTC_9162f
/usr/bin/cmake -E cmake_link_script CMakeFiles/cmTC_9162f.dir/link.txt --verbose=1
/usr/bin/cc      CMakeFiles/cmTC_9162f.dir/CheckSymbolExists.c.o  -o cmTC_9162f 
CMakeFiles/cmTC_9162f.dir/CheckSymbolExists.c.o: In function `main':
CheckSymbolExists.c:(.text+0x1b): undefined reference to `pthread_create'
collect2: error: ld returned 1 exit status
CMakeFiles/cmTC_9162f.dir/build.make:97: recipe for target 'cmTC_9162f' failed
make[1]: *** [cmTC_9162f] Error 1
make[1]: Leaving directory '/home/common/colcon_ws/build/tms_msg_rc/CMakeFiles/CMakeTmp'
Makefile:126: recipe for target 'cmTC_9162f/fast' failed
make: *** [cmTC_9162f/fast] Error 2

File /home/common/colcon_ws/build/tms_msg_rc/CMakeFiles/CMakeTmp/CheckSymbolExists.c:
/* */
#include <pthread.h>

int main(int argc, char** argv)
{
  (void)argv;
#ifndef pthread_create
  return ((int*)(&pthread_create))[argc];
#else
  (void)argc;
  return 0;
#endif
}

Determining if the function pthread_create exists in the pthreads failed with the following output:
Change Dir: /home/common/colcon_ws/build/tms_msg_rc/CMakeFiles/CMakeTmp

Run Build Command:"/usr/bin/make" "cmTC_b8b78/fast"
/usr/bin/make -f CMakeFiles/cmTC_b8b78.dir/build.make CMakeFiles/cmTC_b8b78.dir/build
make[1]: Entering directory '/home/common/colcon_ws/build/tms_msg_rc/CMakeFiles/CMakeTmp'
Building C object CMakeFiles/cmTC_b8b78.dir/CheckFunctionExists.c.o
/usr/bin/cc   -DCHECK_FUNCTION_EXISTS=pthread_create   -o CMakeFiles/cmTC_b8b78.dir/CheckFunctionExists.c.o   -c /usr/share/cmake-3.10/Modules/CheckFunctionExists.c
Linking C executable cmTC_b8b78
/usr/bin/cmake -E cmake_link_script CMakeFiles/cmTC_b8b78.dir/link.txt --verbose=1
/usr/bin/cc  -DCHECK_FUNCTION_EXISTS=pthread_create    CMakeFiles/cmTC_b8b78.dir/CheckFunctionExists.c.o  -o cmTC_b8b78 -lpthreads 
/usr/bin/ld: cannot find -lpthreads
collect2: error: ld returned 1 exit status
CMakeFiles/cmTC_b8b78.dir/build.make:97: recipe for target 'cmTC_b8b78' failed
make[1]: *** [cmTC_b8b78] Error 1
make[1]: Leaving directory '/home/common/colcon_ws/build/tms_msg_rc/CMakeFiles/CMakeTmp'
Makefile:126: recipe for target 'cmTC_b8b78/fast' failed
make: *** [cmTC_b8b78/fast] Error 2


Determining if the pthread_create exist failed with the following output:
Change Dir: /home/common/colcon_ws/build/tms_msg_rc/CMakeFiles/CMakeTmp

Run Build Command:"/usr/bin/make" "cmTC_a3bc7/fast"
/usr/bin/make -f CMakeFiles/cmTC_a3bc7.dir/build.make CMakeFiles/cmTC_a3bc7.dir/build
make[1]: Entering directory '/home/common/colcon_ws/build/tms_msg_rc/CMakeFiles/CMakeTmp'
Building C object CMakeFiles/cmTC_a3bc7.dir/CheckSymbolExists.c.o
/usr/bin/cc    -o CMakeFiles/cmTC_a3bc7.dir/CheckSymbolExists.c.o   -c /home/common/colcon_ws/build/tms_msg_rc/CMakeFiles/CMakeTmp/CheckSymbolExists.c
Linking C executable cmTC_a3bc7
/usr/bin/cmake -E cmake_link_script CMakeFiles/cmTC_a3bc7.dir/link.txt --verbose=1
/usr/bin/cc      CMakeFiles/cmTC_a3bc7.dir/CheckSymbolExists.c.o  -o cmTC_a3bc7 
CMakeFiles/cmTC_a3bc7.dir/CheckSymbolExists.c.o: In function `main':
CheckSymbolExists.c:(.text+0x1b): undefined reference to `pthread_create'
collect2: error: ld returned 1 exit status
CMakeFiles/cmTC_a3bc7.dir/build.make:97: recipe for target 'cmTC_a3bc7' failed
make[1]: *** [cmTC_a3bc7] Error 1
make[1]: Leaving directory '/home/common/colcon_ws/build/tms_msg_rc/CMakeFiles/CMakeTmp'
Makefile:126: recipe for target 'cmTC_a3bc7/fast' failed
make: *** [cmTC_a3bc7/fast] Error 2

File /home/common/colcon_ws/build/tms_msg_rc/CMakeFiles/CMakeTmp/CheckSymbolExists.c:
/* */
#include <pthread.h>

int main(int argc, char** argv)
{
  (void)argv;
#ifndef pthread_create
  return ((int*)(&pthread_create))[argc];
#else
  (void)argc;
  return 0;
#endif
}

Determining if the function pthread_create exists in the pthreads failed with the following output:
Change Dir: /home/common/colcon_ws/build/tms_msg_rc/CMakeFiles/CMakeTmp

Run Build Command:"/usr/bin/make" "cmTC_2e093/fast"
/usr/bin/make -f CMakeFiles/cmTC_2e093.dir/build.make CMakeFiles/cmTC_2e093.dir/build
make[1]: Entering directory '/home/common/colcon_ws/build/tms_msg_rc/CMakeFiles/CMakeTmp'
Building C object CMakeFiles/cmTC_2e093.dir/CheckFunctionExists.c.o
/usr/bin/cc   -DCHECK_FUNCTION_EXISTS=pthread_create   -o CMakeFiles/cmTC_2e093.dir/CheckFunctionExists.c.o   -c /usr/share/cmake-3.10/Modules/CheckFunctionExists.c
Linking C executable cmTC_2e093
/usr/bin/cmake -E cmake_link_script CMakeFiles/cmTC_2e093.dir/link.txt --verbose=1
/usr/bin/cc  -DCHECK_FUNCTION_EXISTS=pthread_create    CMakeFiles/cmTC_2e093.dir/CheckFunctionExists.c.o  -o cmTC_2e093 -lpthreads 
/usr/bin/ld: cannot find -lpthreads
collect2: error: ld returned 1 exit status
CMakeFiles/cmTC_2e093.dir/build.make:97: recipe for target 'cmTC_2e093' failed
make[1]: *** [cmTC_2e093] Error 1
make[1]: Leaving directory '/home/common/colcon_ws/build/tms_msg_rc/CMakeFiles/CMakeTmp'
Makefile:126: recipe for target 'cmTC_2e093/fast' failed
make: *** [cmTC_2e093/fast] Error 2


Determining if the pthread_create exist failed with the following output:
Change Dir: /home/common/colcon_ws/build/tms_msg_rc/CMakeFiles/CMakeTmp

Run Build Command:"/usr/bin/make" "cmTC_666d7/fast"
/usr/bin/make -f CMakeFiles/cmTC_666d7.dir/build.make CMakeFiles/cmTC_666d7.dir/build
make[1]: Entering directory '/home/common/colcon_ws/build/tms_msg_rc/CMakeFiles/CMakeTmp'
Building C object CMakeFiles/cmTC_666d7.dir/CheckSymbolExists.c.o
/usr/bin/cc    -o CMakeFiles/cmTC_666d7.dir/CheckSymbolExists.c.o   -c /home/common/colcon_ws/build/tms_msg_rc/CMakeFiles/CMakeTmp/CheckSymbolExists.c
Linking C executable cmTC_666d7
/usr/bin/cmake -E cmake_link_script CMakeFiles/cmTC_666d7.dir/link.txt --verbose=1
/usr/bin/cc      CMakeFiles/cmTC_666d7.dir/CheckSymbolExists.c.o  -o cmTC_666d7 
CMakeFiles/cmTC_666d7.dir/CheckSymbolExists.c.o: In function `main':
CheckSymbolExists.c:(.text+0x1b): undefined reference to `pthread_create'
collect2: error: ld returned 1 exit status
CMakeFiles/cmTC_666d7.dir/build.make:97: recipe for target 'cmTC_666d7' failed
make[1]: *** [cmTC_666d7] Error 1
make[1]: Leaving directory '/home/common/colcon_ws/build/tms_msg_rc/CMakeFiles/CMakeTmp'
Makefile:126: recipe for target 'cmTC_666d7/fast' failed
make: *** [cmTC_666d7/fast] Error 2

File /home/common/colcon_ws/build/tms_msg_rc/CMakeFiles/CMakeTmp/CheckSymbolExists.c:
/* */
#include <pthread.h>

int main(int argc, char** argv)
{
  (void)argv;
#ifndef pthread_create
  return ((int*)(&pthread_create))[argc];
#else
  (void)argc;
  return 0;
#endif
}

Determining if the function pthread_create exists in the pthreads failed with the following output:
Change Dir: /home/common/colcon_ws/build/tms_msg_rc/CMakeFiles/CMakeTmp

Run Build Command:"/usr/bin/make" "cmTC_90094/fast"
/usr/bin/make -f CMakeFiles/cmTC_90094.dir/build.make CMakeFiles/cmTC_90094.dir/build
make[1]: Entering directory '/home/common/colcon_ws/build/tms_msg_rc/CMakeFiles/CMakeTmp'
Building C object CMakeFiles/cmTC_90094.dir/CheckFunctionExists.c.o
/usr/bin/cc   -DCHECK_FUNCTION_EXISTS=pthread_create   -o CMakeFiles/cmTC_90094.dir/CheckFunctionExists.c.o   -c /usr/share/cmake-3.10/Modules/CheckFunctionExists.c
Linking C executable cmTC_90094
/usr/bin/cmake -E cmake_link_script CMakeFiles/cmTC_90094.dir/link.txt --verbose=1
/usr/bin/cc  -DCHECK_FUNCTION_EXISTS=pthread_create    CMakeFiles/cmTC_90094.dir/CheckFunctionExists.c.o  -o cmTC_90094 -lpthreads 
/usr/bin/ld: cannot find -lpthreads
collect2: error: ld returned 1 exit status
CMakeFiles/cmTC_90094.dir/build.make:97: recipe for target 'cmTC_90094' failed
make[1]: *** [cmTC_90094] Error 1
make[1]: Leaving directory '/home/common/colcon_ws/build/tms_msg_rc/CMakeFiles/CMakeTmp'
Makefile:126: recipe for target 'cmTC_90094/fast' failed
make: *** [cmTC_90094/fast] Error 2


Determining if the pthread_create exist failed with the following output:
Change Dir: /home/common/colcon_ws/build/tms_msg_rc/CMakeFiles/CMakeTmp

Run Build Command:"/usr/bin/make" "cmTC_29a46/fast"
/usr/bin/make -f CMakeFiles/cmTC_29a46.dir/build.make CMakeFiles/cmTC_29a46.dir/build
make[1]: Entering directory '/home/common/colcon_ws/build/tms_msg_rc/CMakeFiles/CMakeTmp'
Building C object CMakeFiles/cmTC_29a46.dir/CheckSymbolExists.c.o
/usr/bin/cc    -o CMakeFiles/cmTC_29a46.dir/CheckSymbolExists.c.o   -c /home/common/colcon_ws/build/tms_msg_rc/CMakeFiles/CMakeTmp/CheckSymbolExists.c
Linking C executable cmTC_29a46
/usr/bin/cmake -E cmake_link_script CMakeFiles/cmTC_29a46.dir/link.txt --verbose=1
/usr/bin/cc      CMakeFiles/cmTC_29a46.dir/CheckSymbolExists.c.o  -o cmTC_29a46 
CMakeFiles/cmTC_29a46.dir/CheckSymbolExists.c.o: In function `main':
CheckSymbolExists.c:(.text+0x1b): undefined reference to `pthread_create'
collect2: error: ld returned 1 exit status
CMakeFiles/cmTC_29a46.dir/build.make:97: recipe for target 'cmTC_29a46' failed
make[1]: *** [cmTC_29a46] Error 1
make[1]: Leaving directory '/home/common/colcon_ws/build/tms_msg_rc/CMakeFiles/CMakeTmp'
Makefile:126: recipe for target 'cmTC_29a46/fast' failed
make: *** [cmTC_29a46/fast] Error 2

File /home/common/colcon_ws/build/tms_msg_rc/CMakeFiles/CMakeTmp/CheckSymbolExists.c:
/* */
#include <pthread.h>

int main(int argc, char** argv)
{
  (void)argv;
#ifndef pthread_create
  return ((int*)(&pthread_create))[argc];
#else
  (void)argc;
  return 0;
#endif
}

Determining if the function pthread_create exists in the pthreads failed with the following output:
Change Dir: /home/common/colcon_ws/build/tms_msg_rc/CMakeFiles/CMakeTmp

Run Build Command:"/usr/bin/make" "cmTC_df25b/fast"
/usr/bin/make -f CMakeFiles/cmTC_df25b.dir/build.make CMakeFiles/cmTC_df25b.dir/build
make[1]: Entering directory '/home/common/colcon_ws/build/tms_msg_rc/CMakeFiles/CMakeTmp'
Building C object CMakeFiles/cmTC_df25b.dir/CheckFunctionExists.c.o
/usr/bin/cc   -DCHECK_FUNCTION_EXISTS=pthread_create   -o CMakeFiles/cmTC_df25b.dir/CheckFunctionExists.c.o   -c /usr/share/cmake-3.10/Modules/CheckFunctionExists.c
Linking C executable cmTC_df25b
/usr/bin/cmake -E cmake_link_script CMakeFiles/cmTC_df25b.dir/link.txt --verbose=1
/usr/bin/cc  -DCHECK_FUNCTION_EXISTS=pthread_create    CMakeFiles/cmTC_df25b.dir/CheckFunctionExists.c.o  -o cmTC_df25b -lpthreads 
/usr/bin/ld: cannot find -lpthreads
collect2: error: ld returned 1 exit status
CMakeFiles/cmTC_df25b.dir/build.make:97: recipe for target 'cmTC_df25b' failed
make[1]: *** [cmTC_df25b] Error 1
make[1]: Leaving directory '/home/common/colcon_ws/build/tms_msg_rc/CMakeFiles/CMakeTmp'
Makefile:126: recipe for target 'cmTC_df25b/fast' failed
make: *** [cmTC_df25b/fast] Error 2


