[0.129s] -- The C compiler identification is GNU 7.4.0
[0.207s] -- The CXX compiler identification is GNU 7.4.0
[0.214s] -- Check for working C compiler: /usr/bin/cc
[0.331s] -- Check for working C compiler: /usr/bin/cc -- works
[0.331s] -- Detecting C compiler ABI info
[0.445s] -- Detecting C compiler ABI info - done
[0.454s] -- Detecting C compile features
[0.828s] -- Detecting C compile features - done
[0.831s] -- Check for working CXX compiler: /usr/bin/c++
[0.961s] -- Check for working CXX compiler: /usr/bin/c++ -- works
[0.962s] -- Detecting CXX compiler ABI info
[1.092s] -- Detecting CXX compiler ABI info - done
[1.101s] -- Detecting CXX compile features
[1.657s] -- Detecting CXX compile features - done
[1.662s] -- Found ament_cmake: 0.7.4 (/opt/ros/dashing/share/ament_cmake/cmake)
[1.749s] -- Found PythonInterp: /usr/bin/python3 (found suitable version "3.6.9", minimum required is "3") 
[1.749s] -- Using PYTHON_EXECUTABLE: /usr/bin/python3
[2.204s] -- Override CMake install command with custom implementation using symlinks instead of copying resources
[2.401s] -- Configuring done
[2.403s] -- Generating done
[2.404s] -- Build files have been written to: /home/common/colcon_ws/build/turtlebot3_cartographer
[2.631s] [36mInstall the project...[0m
[2.649s] -- Install configuration: ""
[2.650s] -- Execute custom install script
[2.651s] -- Up-to-date symlink: /home/common/colcon_ws/install/turtlebot3_cartographer/share/turtlebot3_cartographer/config/turtlebot3_lds_2d.lua
[2.652s] -- Up-to-date symlink: /home/common/colcon_ws/install/turtlebot3_cartographer/share/turtlebot3_cartographer/launch/cartographer.launch.py
[2.654s] -- Up-to-date symlink: /home/common/colcon_ws/install/turtlebot3_cartographer/share/turtlebot3_cartographer/launch/occupancy_grid.launch.py
[2.655s] -- Up-to-date symlink: /home/common/colcon_ws/install/turtlebot3_cartographer/share/turtlebot3_cartographer/rviz/tb3_cartographer.rviz
[2.656s] -- Up-to-date symlink: /home/common/colcon_ws/install/turtlebot3_cartographer/share/ament_index/resource_index/package_run_dependencies/turtlebot3_cartographer
[2.656s] -- Up-to-date symlink: /home/common/colcon_ws/install/turtlebot3_cartographer/share/ament_index/resource_index/parent_prefix_path/turtlebot3_cartographer
[2.657s] -- Up-to-date symlink: /home/common/colcon_ws/install/turtlebot3_cartographer/share/turtlebot3_cartographer/environment/ament_prefix_path.sh
[2.658s] -- Up-to-date symlink: /home/common/colcon_ws/install/turtlebot3_cartographer/share/turtlebot3_cartographer/environment/path.sh
[2.658s] -- Up-to-date symlink: /home/common/colcon_ws/install/turtlebot3_cartographer/share/turtlebot3_cartographer/local_setup.bash
[2.659s] -- Up-to-date symlink: /home/common/colcon_ws/install/turtlebot3_cartographer/share/turtlebot3_cartographer/local_setup.sh
[2.660s] -- Up-to-date symlink: /home/common/colcon_ws/install/turtlebot3_cartographer/share/turtlebot3_cartographer/local_setup.zsh
[2.661s] -- Up-to-date symlink: /home/common/colcon_ws/install/turtlebot3_cartographer/share/ament_index/resource_index/packages/turtlebot3_cartographer
[2.662s] -- Up-to-date symlink: /home/common/colcon_ws/install/turtlebot3_cartographer/share/turtlebot3_cartographer/cmake/turtlebot3_cartographerConfig.cmake
[2.662s] -- Up-to-date symlink: /home/common/colcon_ws/install/turtlebot3_cartographer/share/turtlebot3_cartographer/cmake/turtlebot3_cartographerConfig-version.cmake
[2.663s] -- Up-to-date symlink: /home/common/colcon_ws/install/turtlebot3_cartographer/share/turtlebot3_cartographer/package.xml
