[0.357s] In file included from [01m[K/home/common/colcon_ws/build/moveit_msgs/rosidl_generator_c/moveit_msgs/msg/attached_collision_object__struct.h:25:0[m[K,
[0.358s]                  from [01m[K/home/common/colcon_ws/build/moveit_msgs/rosidl_generator_c/moveit_msgs/msg/robot_state__struct.h:26[m[K,
[0.358s]                  from [01m[K/home/common/colcon_ws/build/moveit_msgs/rosidl_generator_c/moveit_msgs/msg/display_trajectory__struct.h:26[m[K,
[0.358s]                  from [01m[K/home/common/colcon_ws/build/moveit_msgs/rosidl_generator_c/moveit_msgs/msg/display_trajectory__functions.h:19[m[K,
[0.358s]                  from [01m[K/home/common/colcon_ws/build/moveit_msgs/rosidl_generator_c/moveit_msgs/msg/display_trajectory__functions.c:4[m[K:
[0.358s] [01m[K/home/common/colcon_ws/build/moveit_msgs/rosidl_generator_c/moveit_msgs/msg/collision_object__struct.h:50:10:[m[K [01;31m[Kfatal error: [m[Kobject_recognition_msgs/msg/object_type__struct.h: No such file or directory
[0.359s]  #include [01;31m[K"object_recognition_msgs/msg/object_type__struct.h"[m[K
[0.359s]           [01;31m[K^~~~~~~~~~~~~~~~~~~~~~~~~~~~~~~~~~~~~~~~~~~~~~~~~~~[m[K
[0.359s] compilation terminated.
[0.359s] make[2]: *** [CMakeFiles/moveit_msgs__rosidl_generator_c.dir/rosidl_generator_c/moveit_msgs/msg/display_trajectory__functions.c.o] Error 1
[0.359s] make[2]: *** Waiting for unfinished jobs....
[0.395s] In file included from [01m[K/home/common/colcon_ws/build/moveit_msgs/rosidl_generator_c/moveit_msgs/msg/attached_collision_object__struct.h:25:0[m[K,
[0.395s]                  from [01m[K/home/common/colcon_ws/build/moveit_msgs/rosidl_generator_c/moveit_msgs/msg/robot_state__struct.h:26[m[K,
[0.395s]                  from [01m[K/home/common/colcon_ws/build/moveit_msgs/rosidl_generator_c/moveit_msgs/msg/display_robot_state__struct.h:22[m[K,
[0.395s]                  from [01m[K/home/common/colcon_ws/build/moveit_msgs/rosidl_generator_c/moveit_msgs/msg/display_robot_state__functions.h:19[m[K,
[0.396s]                  from [01m[K/home/common/colcon_ws/build/moveit_msgs/rosidl_generator_c/moveit_msgs/msg/display_robot_state__functions.c:4[m[K:
[0.396s] [01m[K/home/common/colcon_ws/build/moveit_msgs/rosidl_generator_c/moveit_msgs/msg/collision_object__struct.h:50:10:[m[K [01;31m[Kfatal error: [m[Kobject_recognition_msgs/msg/object_type__struct.h: No such file or directory
[0.396s]  #include [01;31m[K"object_recognition_msgs/msg/object_type__struct.h"[m[K
[0.396s]           [01;31m[K^~~~~~~~~~~~~~~~~~~~~~~~~~~~~~~~~~~~~~~~~~~~~~~~~~~[m[K
[0.396s] compilation terminated.
[0.398s] make[2]: *** [CMakeFiles/moveit_msgs__rosidl_generator_c.dir/rosidl_generator_c/moveit_msgs/msg/display_robot_state__functions.c.o] Error 1
[0.413s] In file included from [01m[K/home/common/colcon_ws/build/moveit_msgs/rosidl_generator_c/moveit_msgs/msg/collision_object__functions.h:19:0[m[K,
[0.414s]                  from [01m[K/home/common/colcon_ws/build/moveit_msgs/rosidl_generator_c/moveit_msgs/msg/collision_object__functions.c:4[m[K:
[0.414s] [01m[K/home/common/colcon_ws/build/moveit_msgs/rosidl_generator_c/moveit_msgs/msg/collision_object__struct.h:50:10:[m[K [01;31m[Kfatal error: [m[Kobject_recognition_msgs/msg/object_type__struct.h: No such file or directory
[0.414s]  #include [01;31m[K"object_recognition_msgs/msg/object_type__struct.h"[m[K
[0.414s]           [01;31m[K^~~~~~~~~~~~~~~~~~~~~~~~~~~~~~~~~~~~~~~~~~~~~~~~~~~[m[K
[0.422s] compilation terminated.
[0.423s] make[2]: *** [CMakeFiles/moveit_msgs__rosidl_generator_c.dir/rosidl_generator_c/moveit_msgs/msg/collision_object__functions.c.o] Error 1
[0.425s] In file included from [01m[K/home/common/colcon_ws/build/moveit_msgs/rosidl_generator_c/moveit_msgs/msg/attached_collision_object__struct.h:25:0[m[K,
[0.425s]                  from [01m[K/home/common/colcon_ws/build/moveit_msgs/rosidl_generator_c/moveit_msgs/msg/robot_state__struct.h:26[m[K,
[0.425s]                  from [01m[K/home/common/colcon_ws/build/moveit_msgs/rosidl_generator_c/moveit_msgs/msg/motion_plan_request__struct.h:24[m[K,
[0.425s]                  from [01m[K/home/common/colcon_ws/build/moveit_msgs/rosidl_generator_c/moveit_msgs/msg/motion_plan_request__functions.h:19[m[K,
[0.425s]                  from [01m[K/home/common/colcon_ws/build/moveit_msgs/rosidl_generator_c/moveit_msgs/msg/motion_plan_request__functions.c:4[m[K:
[0.426s] [01m[K/home/common/colcon_ws/build/moveit_msgs/rosidl_generator_c/moveit_msgs/msg/collision_object__struct.h:50:10:[m[K [01;31m[Kfatal error: [m[Kobject_recognition_msgs/msg/object_type__struct.h: No such file or directory
[0.426s]  #include [01;31m[K"object_recognition_msgs/msg/object_type__struct.h"[m[K
[0.426s]           [01;31m[K^~~~~~~~~~~~~~~~~~~~~~~~~~~~~~~~~~~~~~~~~~~~~~~~~~~[m[K
[0.426s] compilation terminated.
[0.426s] make[2]: *** [CMakeFiles/moveit_msgs__rosidl_generator_c.dir/rosidl_generator_c/moveit_msgs/msg/motion_plan_request__functions.c.o] Error 1
[0.427s] In file included from [01m[K/home/common/colcon_ws/build/moveit_msgs/rosidl_generator_c/moveit_msgs/msg/attached_collision_object__struct.h:25:0[m[K,
[0.427s]                  from [01m[K/home/common/colcon_ws/build/moveit_msgs/rosidl_generator_c/moveit_msgs/msg/attached_collision_object__functions.h:19[m[K,
[0.427s]                  from [01m[K/home/common/colcon_ws/build/moveit_msgs/rosidl_generator_c/moveit_msgs/msg/attached_collision_object__functions.c:4[m[K:
[0.427s] [01m[K/home/common/colcon_ws/build/moveit_msgs/rosidl_generator_c/moveit_msgs/msg/collision_object__struct.h:50:10:[m[K [01;31m[Kfatal error: [m[Kobject_recognition_msgs/msg/object_type__struct.h: No such file or directory
[0.427s]  #include [01;31m[K"object_recognition_msgs/msg/object_type__struct.h"[m[K
[0.427s]           [01;31m[K^~~~~~~~~~~~~~~~~~~~~~~~~~~~~~~~~~~~~~~~~~~~~~~~~~~[m[K
[0.428s] compilation terminated.
[0.429s] make[2]: *** [CMakeFiles/moveit_msgs__rosidl_generator_c.dir/rosidl_generator_c/moveit_msgs/msg/attached_collision_object__functions.c.o] Error 1
[0.438s] In file included from [01m[K/home/common/colcon_ws/build/moveit_msgs/rosidl_generator_c/moveit_msgs/msg/attached_collision_object__struct.h:25:0[m[K,
[0.438s]                  from [01m[K/home/common/colcon_ws/build/moveit_msgs/rosidl_generator_c/moveit_msgs/msg/robot_state__struct.h:26[m[K,
[0.438s]                  from [01m[K/home/common/colcon_ws/build/moveit_msgs/rosidl_generator_c/moveit_msgs/msg/motion_plan_response__struct.h:22[m[K,
[0.438s]                  from [01m[K/home/common/colcon_ws/build/moveit_msgs/rosidl_generator_c/moveit_msgs/msg/motion_plan_response__functions.h:19[m[K,
[0.438s]                  from [01m[K/home/common/colcon_ws/build/moveit_msgs/rosidl_generator_c/moveit_msgs/msg/motion_plan_response__functions.c:4[m[K:
[0.439s] [01m[K/home/common/colcon_ws/build/moveit_msgs/rosidl_generator_c/moveit_msgs/msg/collision_object__struct.h:50:10:[m[K [01;31m[Kfatal error: [m[Kobject_recognition_msgs/msg/object_type__struct.h: No such file or directory
[0.439s]  #include [01;31m[K"object_recognition_msgs/msg/object_type__struct.h"[m[K
[0.439s]           [01;31m[K^~~~~~~~~~~~~~~~~~~~~~~~~~~~~~~~~~~~~~~~~~~~~~~~~~~[m[K
[0.439s] compilation terminated.
[0.439s] make[2]: *** [CMakeFiles/moveit_msgs__rosidl_generator_c.dir/rosidl_generator_c/moveit_msgs/msg/motion_plan_response__functions.c.o] Error 1
[0.440s] make[1]: *** [CMakeFiles/moveit_msgs__rosidl_generator_c.dir/all] Error 2
[0.440s] make[1]: *** Waiting for unfinished jobs....
[0.624s] In file included from [01m[K/home/common/colcon_ws/build/moveit_msgs/rosidl_generator_cpp/moveit_msgs/msg/attached_collision_object__struct.hpp:29:0[m[K,
[0.624s]                  from [01m[K/home/common/colcon_ws/build/moveit_msgs/rosidl_generator_cpp/moveit_msgs/msg/robot_state__struct.hpp:33[m[K,
[0.624s]                  from [01m[K/home/common/colcon_ws/build/moveit_msgs/rosidl_generator_cpp/moveit_msgs/msg/display_robot_state__struct.hpp:29[m[K,
[0.624s]                  from [01m[K/home/common/colcon_ws/build/moveit_msgs/rosidl_typesupport_introspection_cpp/moveit_msgs/msg/display_robot_state__type_support.cpp:12[m[K:
[0.625s] [01m[K/home/common/colcon_ws/build/moveit_msgs/rosidl_generator_cpp/moveit_msgs/msg/collision_object__struct.hpp:31:10:[m[K [01;31m[Kfatal error: [m[Kobject_recognition_msgs/msg/object_type__struct.hpp: No such file or directory
[0.625s]  #include [01;31m[K"object_recognition_msgs/msg/object_type__struct.hpp"[m[K
[0.625s]           [01;31m[K^~~~~~~~~~~~~~~~~~~~~~~~~~~~~~~~~~~~~~~~~~~~~~~~~~~~~[m[K
[0.625s] compilation terminated.
[0.628s] make[2]: *** [CMakeFiles/moveit_msgs__rosidl_typesupport_introspection_cpp.dir/rosidl_typesupport_introspection_cpp/moveit_msgs/msg/display_robot_state__type_support.cpp.o] Error 1
[0.628s] make[2]: *** Waiting for unfinished jobs....
[0.648s] In file included from [01m[K/home/common/colcon_ws/build/moveit_msgs/rosidl_generator_cpp/moveit_msgs/msg/attached_collision_object__struct.hpp:29:0[m[K,
[0.648s]                  from [01m[K/home/common/colcon_ws/build/moveit_msgs/rosidl_typesupport_introspection_cpp/moveit_msgs/msg/attached_collision_object__type_support.cpp:12[m[K:
[0.649s] [01m[K/home/common/colcon_ws/build/moveit_msgs/rosidl_generator_cpp/moveit_msgs/msg/collision_object__struct.hpp:31:10:[m[K [01;31m[Kfatal error: [m[Kobject_recognition_msgs/msg/object_type__struct.hpp: No such file or directory
[0.649s]  #include [01;31m[K"object_recognition_msgs/msg/object_type__struct.hpp"[m[K
[0.649s]           [01;31m[K^~~~~~~~~~~~~~~~~~~~~~~~~~~~~~~~~~~~~~~~~~~~~~~~~~~~~[m[K
[0.649s] compilation terminated.
[0.650s] make[2]: *** [CMakeFiles/moveit_msgs__rosidl_typesupport_introspection_cpp.dir/rosidl_typesupport_introspection_cpp/moveit_msgs/msg/attached_collision_object__type_support.cpp.o] Error 1
[0.689s] In file included from [01m[K/home/common/colcon_ws/build/moveit_msgs/rosidl_typesupport_introspection_cpp/moveit_msgs/msg/collision_object__type_support.cpp:12:0[m[K:
[0.690s] [01m[K/home/common/colcon_ws/build/moveit_msgs/rosidl_generator_cpp/moveit_msgs/msg/collision_object__struct.hpp:31:10:[m[K [01;31m[Kfatal error: [m[Kobject_recognition_msgs/msg/object_type__struct.hpp: No such file or directory
[0.690s]  #include [01;31m[K"object_recognition_msgs/msg/object_type__struct.hpp"[m[K
[0.690s]           [01;31m[K^~~~~~~~~~~~~~~~~~~~~~~~~~~~~~~~~~~~~~~~~~~~~~~~~~~~~[m[K
[0.690s] compilation terminated.
[0.692s] make[2]: *** [CMakeFiles/moveit_msgs__rosidl_typesupport_introspection_cpp.dir/rosidl_typesupport_introspection_cpp/moveit_msgs/msg/collision_object__type_support.cpp.o] Error 1
[0.713s] In file included from [01m[K/home/common/colcon_ws/build/moveit_msgs/rosidl_generator_cpp/moveit_msgs/msg/attached_collision_object__struct.hpp:29:0[m[K,
[0.713s]                  from [01m[K/home/common/colcon_ws/build/moveit_msgs/rosidl_generator_cpp/moveit_msgs/msg/robot_state__struct.hpp:33[m[K,
[0.713s]                  from [01m[K/home/common/colcon_ws/build/moveit_msgs/rosidl_generator_cpp/moveit_msgs/msg/motion_plan_response__struct.hpp:29[m[K,
[0.714s]                  from [01m[K/home/common/colcon_ws/build/moveit_msgs/rosidl_typesupport_introspection_cpp/moveit_msgs/msg/motion_plan_response__type_support.cpp:12[m[K:
[0.714s] [01m[K/home/common/colcon_ws/build/moveit_msgs/rosidl_generator_cpp/moveit_msgs/msg/collision_object__struct.hpp:31:10:[m[K [01;31m[Kfatal error: [m[Kobject_recognition_msgs/msg/object_type__struct.hpp: No such file or directory
[0.714s]  #include [01;31m[K"object_recognition_msgs/msg/object_type__struct.hpp"[m[K
[0.714s]           [01;31m[K^~~~~~~~~~~~~~~~~~~~~~~~~~~~~~~~~~~~~~~~~~~~~~~~~~~~~[m[K
[0.714s] compilation terminated.
[0.715s] make[2]: *** [CMakeFiles/moveit_msgs__rosidl_typesupport_introspection_cpp.dir/rosidl_typesupport_introspection_cpp/moveit_msgs/msg/motion_plan_response__type_support.cpp.o] Error 1
[0.731s] In file included from [01m[K/home/common/colcon_ws/build/moveit_msgs/rosidl_generator_cpp/moveit_msgs/msg/attached_collision_object__struct.hpp:29:0[m[K,
[0.731s]                  from [01m[K/home/common/colcon_ws/build/moveit_msgs/rosidl_typesupport_fastrtps_cpp/moveit_msgs/msg/attached_collision_object__rosidl_typesupport_fastrtps_cpp.hpp:11[m[K,
[0.731s]                  from [01m[K/home/common/colcon_ws/build/moveit_msgs/rosidl_typesupport_fastrtps_cpp/moveit_msgs/msg/dds_fastrtps/attached_collision_object__type_support.cpp:4[m[K:
[0.731s] [01m[K/home/common/colcon_ws/build/moveit_msgs/rosidl_generator_cpp/moveit_msgs/msg/collision_object__struct.hpp:31:10:[m[K [01;31m[Kfatal error: [m[Kobject_recognition_msgs/msg/object_type__struct.hpp: No such file or directory
[0.731s]  #include [01;31m[K"object_recognition_msgs/msg/object_type__struct.hpp"[m[K
[0.731s]           [01;31m[K^~~~~~~~~~~~~~~~~~~~~~~~~~~~~~~~~~~~~~~~~~~~~~~~~~~~~[m[K
[0.731s] compilation terminated.
[0.732s] make[2]: *** [CMakeFiles/moveit_msgs__rosidl_typesupport_fastrtps_cpp.dir/rosidl_typesupport_fastrtps_cpp/moveit_msgs/msg/dds_fastrtps/attached_collision_object__type_support.cpp.o] Error 1
[0.732s] make[2]: *** Waiting for unfinished jobs....
[0.739s] In file included from [01m[K/home/common/colcon_ws/build/moveit_msgs/rosidl_typesupport_fastrtps_cpp/moveit_msgs/msg/collision_object__rosidl_typesupport_fastrtps_cpp.hpp:11:0[m[K,
[0.739s]                  from [01m[K/home/common/colcon_ws/build/moveit_msgs/rosidl_typesupport_fastrtps_cpp/moveit_msgs/msg/dds_fastrtps/collision_object__type_support.cpp:4[m[K:
[0.739s] [01m[K/home/common/colcon_ws/build/moveit_msgs/rosidl_generator_cpp/moveit_msgs/msg/collision_object__struct.hpp:31:10:[m[K [01;31m[Kfatal error: [m[Kobject_recognition_msgs/msg/object_type__struct.hpp: No such file or directory
[0.739s]  #include [01;31m[K"object_recognition_msgs/msg/object_type__struct.hpp"[m[K
[0.739s]           [01;31m[K^~~~~~~~~~~~~~~~~~~~~~~~~~~~~~~~~~~~~~~~~~~~~~~~~~~~~[m[K
[0.740s] compilation terminated.
[0.740s] make[2]: *** [CMakeFiles/moveit_msgs__rosidl_typesupport_fastrtps_cpp.dir/rosidl_typesupport_fastrtps_cpp/moveit_msgs/msg/dds_fastrtps/collision_object__type_support.cpp.o] Error 1
[0.743s] In file included from [01m[K/home/common/colcon_ws/build/moveit_msgs/rosidl_generator_cpp/moveit_msgs/msg/attached_collision_object__struct.hpp:29:0[m[K,
[0.743s]                  from [01m[K/home/common/colcon_ws/build/moveit_msgs/rosidl_generator_cpp/moveit_msgs/msg/robot_state__struct.hpp:33[m[K,
[0.743s]                  from [01m[K/home/common/colcon_ws/build/moveit_msgs/rosidl_generator_cpp/moveit_msgs/msg/motion_plan_request__struct.hpp:31[m[K,
[0.744s]                  from [01m[K/home/common/colcon_ws/build/moveit_msgs/rosidl_typesupport_introspection_cpp/moveit_msgs/msg/motion_plan_request__type_support.cpp:12[m[K:
[0.744s] [01m[K/home/common/colcon_ws/build/moveit_msgs/rosidl_generator_cpp/moveit_msgs/msg/collision_object__struct.hpp:31:10:[m[K [01;31m[Kfatal error: [m[Kobject_recognition_msgs/msg/object_type__struct.hpp: No such file or directory
[0.744s]  #include [01;31m[K"object_recognition_msgs/msg/object_type__struct.hpp"[m[K
[0.744s]           [01;31m[K^~~~~~~~~~~~~~~~~~~~~~~~~~~~~~~~~~~~~~~~~~~~~~~~~~~~~[m[K
[0.744s] compilation terminated.
[0.745s] make[2]: *** [CMakeFiles/moveit_msgs__rosidl_typesupport_introspection_cpp.dir/rosidl_typesupport_introspection_cpp/moveit_msgs/msg/motion_plan_request__type_support.cpp.o] Error 1
[0.761s] In file included from [01m[K/home/common/colcon_ws/build/moveit_msgs/rosidl_generator_cpp/moveit_msgs/msg/attached_collision_object__struct.hpp:29:0[m[K,
[0.761s]                  from [01m[K/home/common/colcon_ws/build/moveit_msgs/rosidl_generator_cpp/moveit_msgs/msg/robot_state__struct.hpp:33[m[K,
[0.762s]                  from [01m[K/home/common/colcon_ws/build/moveit_msgs/rosidl_generator_cpp/moveit_msgs/msg/display_trajectory__struct.hpp:31[m[K,
[0.762s]                  from [01m[K/home/common/colcon_ws/build/moveit_msgs/rosidl_typesupport_introspection_cpp/moveit_msgs/msg/display_trajectory__type_support.cpp:12[m[K:
[0.762s] [01m[K/home/common/colcon_ws/build/moveit_msgs/rosidl_generator_cpp/moveit_msgs/msg/collision_object__struct.hpp:31:10:[m[K [01;31m[Kfatal error: [m[Kobject_recognition_msgs/msg/object_type__struct.hpp: No such file or directory
[0.762s]  #include [01;31m[K"object_recognition_msgs/msg/object_type__struct.hpp"[m[K
[0.762s]           [01;31m[K^~~~~~~~~~~~~~~~~~~~~~~~~~~~~~~~~~~~~~~~~~~~~~~~~~~~~[m[K
[0.762s] compilation terminated.
[0.814s] In file included from [01m[K/home/common/colcon_ws/build/moveit_msgs/rosidl_generator_cpp/moveit_msgs/msg/attached_collision_object__struct.hpp:29:0[m[K,
[0.814s]                  from [01m[K/home/common/colcon_ws/build/moveit_msgs/rosidl_generator_cpp/moveit_msgs/msg/robot_state__struct.hpp:33[m[K,
[0.814s]                  from [01m[K/home/common/colcon_ws/build/moveit_msgs/rosidl_generator_cpp/moveit_msgs/msg/display_trajectory__struct.hpp:31[m[K,
[0.815s]                  from [01m[K/home/common/colcon_ws/build/moveit_msgs/rosidl_typesupport_fastrtps_cpp/moveit_msgs/msg/display_trajectory__rosidl_typesupport_fastrtps_cpp.hpp:11[m[K,
[0.815s]                  from [01m[K/home/common/colcon_ws/build/moveit_msgs/rosidl_typesupport_fastrtps_cpp/moveit_msgs/msg/dds_fastrtps/display_trajectory__type_support.cpp:4[m[K:
[0.815s] [01m[K/home/common/colcon_ws/build/moveit_msgs/rosidl_generator_cpp/moveit_msgs/msg/collision_object__struct.hpp:31:10:[m[K [01;31m[Kfatal error: [m[Kobject_recognition_msgs/msg/object_type__struct.hpp: No such file or directory
[0.815s]  #include [01;31m[K"object_recognition_msgs/msg/object_type__struct.hpp"[m[K
[0.816s]           [01;31m[K^~~~~~~~~~~~~~~~~~~~~~~~~~~~~~~~~~~~~~~~~~~~~~~~~~~~~[m[K
[0.816s] compilation terminated.
[0.824s] make[2]: *** [CMakeFiles/moveit_msgs__rosidl_typesupport_introspection_cpp.dir/rosidl_typesupport_introspection_cpp/moveit_msgs/msg/display_trajectory__type_support.cpp.o] Error 1
[0.824s] make[2]: *** [CMakeFiles/moveit_msgs__rosidl_typesupport_fastrtps_cpp.dir/rosidl_typesupport_fastrtps_cpp/moveit_msgs/msg/dds_fastrtps/display_trajectory__type_support.cpp.o] Error 1
[0.824s] make[1]: *** [CMakeFiles/moveit_msgs__rosidl_typesupport_introspection_cpp.dir/all] Error 2
[0.828s] In file included from [01m[K/home/common/colcon_ws/build/moveit_msgs/rosidl_generator_cpp/moveit_msgs/msg/attached_collision_object__struct.hpp:29:0[m[K,
[0.829s]                  from [01m[K/home/common/colcon_ws/build/moveit_msgs/rosidl_generator_cpp/moveit_msgs/msg/robot_state__struct.hpp:33[m[K,
[0.829s]                  from [01m[K/home/common/colcon_ws/build/moveit_msgs/rosidl_generator_cpp/moveit_msgs/msg/motion_plan_response__struct.hpp:29[m[K,
[0.829s]                  from [01m[K/home/common/colcon_ws/build/moveit_msgs/rosidl_typesupport_fastrtps_cpp/moveit_msgs/msg/motion_plan_response__rosidl_typesupport_fastrtps_cpp.hpp:11[m[K,
[0.829s]                  from [01m[K/home/common/colcon_ws/build/moveit_msgs/rosidl_typesupport_fastrtps_cpp/moveit_msgs/msg/dds_fastrtps/motion_plan_response__type_support.cpp:4[m[K:
[0.829s] [01m[K/home/common/colcon_ws/build/moveit_msgs/rosidl_generator_cpp/moveit_msgs/msg/collision_object__struct.hpp:31:10:[m[K [01;31m[Kfatal error: [m[Kobject_recognition_msgs/msg/object_type__struct.hpp: No such file or directory
[0.829s]  #include [01;31m[K"object_recognition_msgs/msg/object_type__struct.hpp"[m[K
[0.829s]           [01;31m[K^~~~~~~~~~~~~~~~~~~~~~~~~~~~~~~~~~~~~~~~~~~~~~~~~~~~~[m[K
[0.829s] compilation terminated.
[0.830s] make[2]: *** [CMakeFiles/moveit_msgs__rosidl_typesupport_fastrtps_cpp.dir/rosidl_typesupport_fastrtps_cpp/moveit_msgs/msg/dds_fastrtps/motion_plan_response__type_support.cpp.o] Error 1
[0.853s] In file included from [01m[K/home/common/colcon_ws/build/moveit_msgs/rosidl_generator_cpp/moveit_msgs/msg/attached_collision_object__struct.hpp:29:0[m[K,
[0.853s]                  from [01m[K/home/common/colcon_ws/build/moveit_msgs/rosidl_generator_cpp/moveit_msgs/msg/robot_state__struct.hpp:33[m[K,
[0.853s]                  from [01m[K/home/common/colcon_ws/build/moveit_msgs/rosidl_generator_cpp/moveit_msgs/msg/display_robot_state__struct.hpp:29[m[K,
[0.853s]                  from [01m[K/home/common/colcon_ws/build/moveit_msgs/rosidl_typesupport_fastrtps_cpp/moveit_msgs/msg/display_robot_state__rosidl_typesupport_fastrtps_cpp.hpp:11[m[K,
[0.853s]                  from [01m[K/home/common/colcon_ws/build/moveit_msgs/rosidl_typesupport_fastrtps_cpp/moveit_msgs/msg/dds_fastrtps/display_robot_state__type_support.cpp:4[m[K:
[0.853s] [01m[K/home/common/colcon_ws/build/moveit_msgs/rosidl_generator_cpp/moveit_msgs/msg/collision_object__struct.hpp:31:10:[m[K [01;31m[Kfatal error: [m[Kobject_recognition_msgs/msg/object_type__struct.hpp: No such file or directory
[0.854s]  #include [01;31m[K"object_recognition_msgs/msg/object_type__struct.hpp"[m[K
[0.854s]           [01;31m[K^~~~~~~~~~~~~~~~~~~~~~~~~~~~~~~~~~~~~~~~~~~~~~~~~~~~~[m[K
[0.854s] compilation terminated.
[0.854s] make[2]: *** [CMakeFiles/moveit_msgs__rosidl_typesupport_fastrtps_cpp.dir/rosidl_typesupport_fastrtps_cpp/moveit_msgs/msg/dds_fastrtps/display_robot_state__type_support.cpp.o] Error 1
[0.857s] In file included from [01m[K/home/common/colcon_ws/build/moveit_msgs/rosidl_generator_cpp/moveit_msgs/msg/attached_collision_object__struct.hpp:29:0[m[K,
[0.857s]                  from [01m[K/home/common/colcon_ws/build/moveit_msgs/rosidl_generator_cpp/moveit_msgs/msg/robot_state__struct.hpp:33[m[K,
[0.857s]                  from [01m[K/home/common/colcon_ws/build/moveit_msgs/rosidl_generator_cpp/moveit_msgs/msg/motion_plan_request__struct.hpp:31[m[K,
[0.857s]                  from [01m[K/home/common/colcon_ws/build/moveit_msgs/rosidl_typesupport_fastrtps_cpp/moveit_msgs/msg/motion_plan_request__rosidl_typesupport_fastrtps_cpp.hpp:11[m[K,
[0.857s]                  from [01m[K/home/common/colcon_ws/build/moveit_msgs/rosidl_typesupport_fastrtps_cpp/moveit_msgs/msg/dds_fastrtps/motion_plan_request__type_support.cpp:4[m[K:
[0.857s] [01m[K/home/common/colcon_ws/build/moveit_msgs/rosidl_generator_cpp/moveit_msgs/msg/collision_object__struct.hpp:31:10:[m[K [01;31m[Kfatal error: [m[Kobject_recognition_msgs/msg/object_type__struct.hpp: No such file or directory
[0.857s]  #include [01;31m[K"object_recognition_msgs/msg/object_type__struct.hpp"[m[K
[0.857s]           [01;31m[K^~~~~~~~~~~~~~~~~~~~~~~~~~~~~~~~~~~~~~~~~~~~~~~~~~~~~[m[K
[0.858s] compilation terminated.
[0.859s] make[2]: *** [CMakeFiles/moveit_msgs__rosidl_typesupport_fastrtps_cpp.dir/rosidl_typesupport_fastrtps_cpp/moveit_msgs/msg/dds_fastrtps/motion_plan_request__type_support.cpp.o] Error 1
[0.859s] make[1]: *** [CMakeFiles/moveit_msgs__rosidl_typesupport_fastrtps_cpp.dir/all] Error 2
[0.860s] make: *** [all] Error 2
