[0.169s] [  1%] Built target tms_msg_ts__cpp
[0.177s] [ 13%] Built target tms_msg_ts__rosidl_generator_c
[0.224s] [ 24%] Built target tms_msg_ts__rosidl_typesupport_introspection_cpp
[0.236s] [ 36%] Built target tms_msg_ts__rosidl_typesupport_fastrtps_cpp
[0.242s] [ 47%] Built target tms_msg_ts__rosidl_typesupport_introspection_c
[0.283s] [ 59%] Built target tms_msg_ts__rosidl_typesupport_fastrtps_c
[0.283s] [ 70%] Built target tms_msg_ts__rosidl_typesupport_cpp
[0.316s] [ 81%] Built target tms_msg_ts__rosidl_typesupport_c
[0.345s] [ 81%] Built target tms_msg_ts
[0.383s] [ 83%] Built target tms_msg_ts__py
[0.432s] [ 93%] Built target tms_msg_ts__python
[0.480s] [ 96%] Built target tms_msg_ts__rosidl_typesupport_c__pyext
[0.493s] [100%] Built target tms_msg_ts__rosidl_typesupport_fastrtps_c__pyext
[1.533s] [  1%] Built target tms_msg_ts__cpp
[1.533s] [ 13%] Built target tms_msg_ts__rosidl_generator_c
[1.592s] [ 24%] Built target tms_msg_ts__rosidl_typesupport_introspection_c
[1.611s] [ 36%] Built target tms_msg_ts__rosidl_typesupport_fastrtps_cpp
[1.616s] [ 47%] Built target tms_msg_ts__rosidl_typesupport_introspection_cpp
[1.671s] [ 59%] Built target tms_msg_ts__rosidl_typesupport_cpp
[1.671s] [ 70%] Built target tms_msg_ts__rosidl_typesupport_fastrtps_c
[1.711s] [ 81%] Built target tms_msg_ts__rosidl_typesupport_c
[1.737s] [ 81%] Built target tms_msg_ts
[1.766s] [ 83%] Built target tms_msg_ts__py
[1.806s] [ 93%] Built target tms_msg_ts__python
[1.846s] [ 96%] Built target tms_msg_ts__rosidl_typesupport_fastrtps_c__pyext
[1.848s] [100%] Built target tms_msg_ts__rosidl_typesupport_c__pyext
[1.880s] [36mInstall the project...[0m
[1.890s] -- Install configuration: ""
[1.891s] -- Execute custom install script
[1.891s] -- Up-to-date symlink: /home/common/colcon_ws/install/tms_msg_ts/share/ament_index/resource_index/rosidl_interfaces/tms_msg_ts
[1.892s] -- Up-to-date symlink: /home/common/colcon_ws/install/tms_msg_ts/include/tms_msg_ts/msg/arg.hpp
[1.892s] -- Up-to-date symlink: /home/common/colcon_ws/install/tms_msg_ts/include/tms_msg_ts/msg/arg__struct.hpp
[1.892s] -- Up-to-date symlink: /home/common/colcon_ws/install/tms_msg_ts/include/tms_msg_ts/msg/arg__traits.hpp
[1.893s] -- Up-to-date symlink: /home/common/colcon_ws/install/tms_msg_ts/include/tms_msg_ts/srv/tms_sa_find_objects.hpp
[1.893s] -- Up-to-date symlink: /home/common/colcon_ws/install/tms_msg_ts/include/tms_msg_ts/srv/tms_sa_find_objects__struct.hpp
[1.893s] -- Up-to-date symlink: /home/common/colcon_ws/install/tms_msg_ts/include/tms_msg_ts/srv/tms_sa_find_objects__traits.hpp
[1.893s] -- Up-to-date symlink: /home/common/colcon_ws/install/tms_msg_ts/include/tms_msg_ts/srv/ts_do_task.hpp
[1.894s] -- Up-to-date symlink: /home/common/colcon_ws/install/tms_msg_ts/include/tms_msg_ts/srv/ts_do_task__struct.hpp
[1.894s] -- Up-to-date symlink: /home/common/colcon_ws/install/tms_msg_ts/include/tms_msg_ts/srv/ts_do_task__traits.hpp
[1.894s] -- Up-to-date symlink: /home/common/colcon_ws/install/tms_msg_ts/include/tms_msg_ts/srv/ts_req.hpp
[1.894s] -- Up-to-date symlink: /home/common/colcon_ws/install/tms_msg_ts/include/tms_msg_ts/srv/ts_req__struct.hpp
[1.895s] -- Up-to-date symlink: /home/common/colcon_ws/install/tms_msg_ts/include/tms_msg_ts/srv/ts_req__traits.hpp
[1.895s] -- Up-to-date symlink: /home/common/colcon_ws/install/tms_msg_ts/include/tms_msg_ts/srv/ts_state_control.hpp
[1.895s] -- Up-to-date symlink: /home/common/colcon_ws/install/tms_msg_ts/include/tms_msg_ts/srv/ts_state_control__struct.hpp
[1.895s] -- Up-to-date symlink: /home/common/colcon_ws/install/tms_msg_ts/include/tms_msg_ts/srv/ts_state_control__traits.hpp
[1.896s] -- Up-to-date symlink: /home/common/colcon_ws/install/tms_msg_ts/include/tms_msg_ts/msg/arg.h
[1.897s] -- Up-to-date symlink: /home/common/colcon_ws/install/tms_msg_ts/include/tms_msg_ts/msg/arg__functions.h
[1.897s] -- Up-to-date symlink: /home/common/colcon_ws/install/tms_msg_ts/include/tms_msg_ts/msg/arg__struct.h
[1.897s] -- Up-to-date symlink: /home/common/colcon_ws/install/tms_msg_ts/include/tms_msg_ts/msg/arg__type_support.h
[1.897s] -- Up-to-date symlink: /home/common/colcon_ws/install/tms_msg_ts/include/tms_msg_ts/msg/rosidl_generator_c__visibility_control.h
[1.898s] -- Up-to-date symlink: /home/common/colcon_ws/install/tms_msg_ts/include/tms_msg_ts/srv/tms_sa_find_objects.h
[1.898s] -- Up-to-date symlink: /home/common/colcon_ws/install/tms_msg_ts/include/tms_msg_ts/srv/tms_sa_find_objects__functions.h
[1.898s] -- Up-to-date symlink: /home/common/colcon_ws/install/tms_msg_ts/include/tms_msg_ts/srv/tms_sa_find_objects__struct.h
[1.898s] -- Up-to-date symlink: /home/common/colcon_ws/install/tms_msg_ts/include/tms_msg_ts/srv/tms_sa_find_objects__type_support.h
[1.899s] -- Up-to-date symlink: /home/common/colcon_ws/install/tms_msg_ts/include/tms_msg_ts/srv/ts_do_task.h
[1.899s] -- Up-to-date symlink: /home/common/colcon_ws/install/tms_msg_ts/include/tms_msg_ts/srv/ts_do_task__functions.h
[1.899s] -- Up-to-date symlink: /home/common/colcon_ws/install/tms_msg_ts/include/tms_msg_ts/srv/ts_do_task__struct.h
[1.899s] -- Up-to-date symlink: /home/common/colcon_ws/install/tms_msg_ts/include/tms_msg_ts/srv/ts_do_task__type_support.h
[1.899s] -- Up-to-date symlink: /home/common/colcon_ws/install/tms_msg_ts/include/tms_msg_ts/srv/ts_req.h
[1.900s] -- Up-to-date symlink: /home/common/colcon_ws/install/tms_msg_ts/include/tms_msg_ts/srv/ts_req__functions.h
[1.900s] -- Up-to-date symlink: /home/common/colcon_ws/install/tms_msg_ts/include/tms_msg_ts/srv/ts_req__struct.h
[1.900s] -- Up-to-date symlink: /home/common/colcon_ws/install/tms_msg_ts/include/tms_msg_ts/srv/ts_req__type_support.h
[1.900s] -- Up-to-date symlink: /home/common/colcon_ws/install/tms_msg_ts/include/tms_msg_ts/srv/ts_state_control.h
[1.900s] -- Up-to-date symlink: /home/common/colcon_ws/install/tms_msg_ts/include/tms_msg_ts/srv/ts_state_control__functions.h
[1.900s] -- Up-to-date symlink: /home/common/colcon_ws/install/tms_msg_ts/include/tms_msg_ts/srv/ts_state_control__struct.h
[1.901s] -- Up-to-date symlink: /home/common/colcon_ws/install/tms_msg_ts/include/tms_msg_ts/srv/ts_state_control__type_support.h
[1.901s] -- Up-to-date symlink: /home/common/colcon_ws/install/tms_msg_ts/share/tms_msg_ts/environment/library_path.sh
[1.901s] -- Up-to-date symlink: /home/common/colcon_ws/install/tms_msg_ts/lib/libtms_msg_ts__rosidl_generator_c.so
[1.902s] -- Up-to-date symlink: /home/common/colcon_ws/install/tms_msg_ts/lib/libtms_msg_ts__rosidl_typesupport_c.so
[1.902s] -- Up-to-date symlink: /home/common/colcon_ws/install/tms_msg_ts/lib/libtms_msg_ts__rosidl_typesupport_cpp.so
[1.903s] -- Up-to-date symlink: /home/common/colcon_ws/install/tms_msg_ts/include/tms_msg_ts/msg/arg__rosidl_typesupport_introspection_c.h
[1.903s] -- Up-to-date symlink: /home/common/colcon_ws/install/tms_msg_ts/include/tms_msg_ts/msg/rosidl_typesupport_introspection_c__visibility_control.h
[1.903s] -- Up-to-date symlink: /home/common/colcon_ws/install/tms_msg_ts/include/tms_msg_ts/srv/tms_sa_find_objects__rosidl_typesupport_introspection_c.h
[1.903s] -- Up-to-date symlink: /home/common/colcon_ws/install/tms_msg_ts/include/tms_msg_ts/srv/ts_do_task__rosidl_typesupport_introspection_c.h
[1.903s] -- Up-to-date symlink: /home/common/colcon_ws/install/tms_msg_ts/include/tms_msg_ts/srv/ts_req__rosidl_typesupport_introspection_c.h
[1.904s] -- Up-to-date symlink: /home/common/colcon_ws/install/tms_msg_ts/include/tms_msg_ts/srv/ts_state_control__rosidl_typesupport_introspection_c.h
[1.904s] -- Up-to-date symlink: /home/common/colcon_ws/install/tms_msg_ts/lib/libtms_msg_ts__rosidl_typesupport_introspection_c.so
[1.905s] -- Up-to-date symlink: /home/common/colcon_ws/install/tms_msg_ts/include/tms_msg_ts/msg/arg__rosidl_typesupport_introspection_cpp.hpp
[1.905s] -- Up-to-date symlink: /home/common/colcon_ws/install/tms_msg_ts/include/tms_msg_ts/srv/tms_sa_find_objects__rosidl_typesupport_introspection_cpp.hpp
[1.905s] -- Up-to-date symlink: /home/common/colcon_ws/install/tms_msg_ts/include/tms_msg_ts/srv/ts_do_task__rosidl_typesupport_introspection_cpp.hpp
[1.905s] -- Up-to-date symlink: /home/common/colcon_ws/install/tms_msg_ts/include/tms_msg_ts/srv/ts_req__rosidl_typesupport_introspection_cpp.hpp
[1.905s] -- Up-to-date symlink: /home/common/colcon_ws/install/tms_msg_ts/include/tms_msg_ts/srv/ts_state_control__rosidl_typesupport_introspection_cpp.hpp
[1.906s] -- Up-to-date symlink: /home/common/colcon_ws/install/tms_msg_ts/lib/libtms_msg_ts__rosidl_typesupport_introspection_cpp.so
[1.907s] -- Up-to-date symlink: /home/common/colcon_ws/install/tms_msg_ts/include/tms_msg_ts/msg/arg__rosidl_typesupport_fastrtps_c.h
[1.907s] -- Up-to-date symlink: /home/common/colcon_ws/install/tms_msg_ts/include/tms_msg_ts/msg/rosidl_typesupport_fastrtps_c__visibility_control.h
[1.907s] -- Up-to-date symlink: /home/common/colcon_ws/install/tms_msg_ts/include/tms_msg_ts/srv/tms_sa_find_objects__rosidl_typesupport_fastrtps_c.h
[1.908s] -- Up-to-date symlink: /home/common/colcon_ws/install/tms_msg_ts/include/tms_msg_ts/srv/ts_do_task__rosidl_typesupport_fastrtps_c.h
[1.908s] -- Up-to-date symlink: /home/common/colcon_ws/install/tms_msg_ts/include/tms_msg_ts/srv/ts_req__rosidl_typesupport_fastrtps_c.h
[1.908s] -- Up-to-date symlink: /home/common/colcon_ws/install/tms_msg_ts/include/tms_msg_ts/srv/ts_state_control__rosidl_typesupport_fastrtps_c.h
[1.908s] -- Up-to-date symlink: /home/common/colcon_ws/install/tms_msg_ts/lib/libtms_msg_ts__rosidl_typesupport_fastrtps_c.so
[1.909s] -- Up-to-date symlink: /home/common/colcon_ws/install/tms_msg_ts/include/tms_msg_ts/msg/arg__rosidl_typesupport_fastrtps_cpp.hpp
[1.909s] -- Up-to-date symlink: /home/common/colcon_ws/install/tms_msg_ts/include/tms_msg_ts/msg/rosidl_typesupport_fastrtps_cpp__visibility_control.h
[1.910s] -- Up-to-date symlink: /home/common/colcon_ws/install/tms_msg_ts/include/tms_msg_ts/srv/tms_sa_find_objects__rosidl_typesupport_fastrtps_cpp.hpp
[1.910s] -- Up-to-date symlink: /home/common/colcon_ws/install/tms_msg_ts/include/tms_msg_ts/srv/ts_do_task__rosidl_typesupport_fastrtps_cpp.hpp
[1.910s] -- Up-to-date symlink: /home/common/colcon_ws/install/tms_msg_ts/include/tms_msg_ts/srv/ts_req__rosidl_typesupport_fastrtps_cpp.hpp
[1.910s] -- Up-to-date symlink: /home/common/colcon_ws/install/tms_msg_ts/include/tms_msg_ts/srv/ts_state_control__rosidl_typesupport_fastrtps_cpp.hpp
[1.911s] -- Up-to-date symlink: /home/common/colcon_ws/install/tms_msg_ts/lib/libtms_msg_ts__rosidl_typesupport_fastrtps_cpp.so
[1.911s] -- Up-to-date symlink: /home/common/colcon_ws/install/tms_msg_ts/share/tms_msg_ts/environment/pythonpath.sh
[1.911s] -- Up-to-date symlink: /home/common/colcon_ws/install/tms_msg_ts/lib/python3.6/site-packages/tms_msg_ts/__init__.py
[1.912s] -- Up-to-date symlink: /home/common/colcon_ws/install/tms_msg_ts/lib/python3.6/site-packages/tms_msg_ts/msg/__init__.py
[1.912s] -- Up-to-date symlink: /home/common/colcon_ws/install/tms_msg_ts/lib/python3.6/site-packages/tms_msg_ts/msg/_arg.py
[1.912s] -- Up-to-date symlink: /home/common/colcon_ws/install/tms_msg_ts/lib/python3.6/site-packages/tms_msg_ts/srv/__init__.py
[1.913s] -- Up-to-date symlink: /home/common/colcon_ws/install/tms_msg_ts/lib/python3.6/site-packages/tms_msg_ts/srv/_tms_sa_find_objects.py
[1.913s] -- Up-to-date symlink: /home/common/colcon_ws/install/tms_msg_ts/lib/python3.6/site-packages/tms_msg_ts/srv/_ts_do_task.py
[1.913s] -- Up-to-date symlink: /home/common/colcon_ws/install/tms_msg_ts/lib/python3.6/site-packages/tms_msg_ts/srv/_ts_req.py
[1.913s] -- Up-to-date symlink: /home/common/colcon_ws/install/tms_msg_ts/lib/python3.6/site-packages/tms_msg_ts/srv/_ts_state_control.py
[1.913s] -- Up-to-date symlink: /home/common/colcon_ws/install/tms_msg_ts/lib/python3.6/site-packages/tms_msg_ts/tms_msg_ts_s__rosidl_typesupport_c.cpython-36m-x86_64-linux-gnu.so
[1.914s] -- Up-to-date symlink: /home/common/colcon_ws/install/tms_msg_ts/lib/python3.6/site-packages/tms_msg_ts/tms_msg_ts_s__rosidl_typesupport_fastrtps_c.cpython-36m-x86_64-linux-gnu.so
[1.914s] -- Up-to-date symlink: /home/common/colcon_ws/install/tms_msg_ts/lib/libtms_msg_ts__python.so
[1.915s] -- Up-to-date symlink: /home/common/colcon_ws/install/tms_msg_ts/share/tms_msg_ts/msg/Arg.idl
[1.915s] -- Up-to-date symlink: /home/common/colcon_ws/install/tms_msg_ts/share/tms_msg_ts/srv/TmsSaFindObjects.idl
[1.915s] -- Up-to-date symlink: /home/common/colcon_ws/install/tms_msg_ts/share/tms_msg_ts/srv/TsReq.idl
[1.915s] -- Up-to-date symlink: /home/common/colcon_ws/install/tms_msg_ts/share/tms_msg_ts/srv/TsStateControl.idl
[1.916s] -- Up-to-date symlink: /home/common/colcon_ws/install/tms_msg_ts/share/tms_msg_ts/srv/TsDoTask.idl
[1.916s] -- Up-to-date symlink: /home/common/colcon_ws/install/tms_msg_ts/share/tms_msg_ts/msg/Arg.msg
[1.916s] -- Up-to-date symlink: /home/common/colcon_ws/install/tms_msg_ts/share/tms_msg_ts/srv/TmsSaFindObjects.srv
[1.916s] -- Up-to-date symlink: /home/common/colcon_ws/install/tms_msg_ts/share/tms_msg_ts/srv/TmsSaFindObjects_Request.msg
[1.917s] -- Up-to-date symlink: /home/common/colcon_ws/install/tms_msg_ts/share/tms_msg_ts/srv/TmsSaFindObjects_Response.msg
[1.917s] -- Up-to-date symlink: /home/common/colcon_ws/install/tms_msg_ts/share/tms_msg_ts/srv/TsReq.srv
[1.917s] -- Up-to-date symlink: /home/common/colcon_ws/install/tms_msg_ts/share/tms_msg_ts/srv/TsReq_Request.msg
[1.918s] -- Up-to-date symlink: /home/common/colcon_ws/install/tms_msg_ts/share/tms_msg_ts/srv/TsReq_Response.msg
[1.918s] -- Up-to-date symlink: /home/common/colcon_ws/install/tms_msg_ts/share/tms_msg_ts/srv/TsStateControl.srv
[1.918s] -- Up-to-date symlink: /home/common/colcon_ws/install/tms_msg_ts/share/tms_msg_ts/srv/TsStateControl_Request.msg
[1.918s] -- Up-to-date symlink: /home/common/colcon_ws/install/tms_msg_ts/share/tms_msg_ts/srv/TsStateControl_Response.msg
[1.919s] -- Up-to-date symlink: /home/common/colcon_ws/install/tms_msg_ts/share/tms_msg_ts/srv/TsDoTask.srv
[1.919s] -- Up-to-date symlink: /home/common/colcon_ws/install/tms_msg_ts/share/tms_msg_ts/srv/TsDoTask_Request.msg
[1.919s] -- Up-to-date symlink: /home/common/colcon_ws/install/tms_msg_ts/share/tms_msg_ts/srv/TsDoTask_Response.msg
[1.920s] -- Up-to-date symlink: /home/common/colcon_ws/install/tms_msg_ts/share/ament_index/resource_index/package_run_dependencies/tms_msg_ts
[1.920s] -- Up-to-date symlink: /home/common/colcon_ws/install/tms_msg_ts/share/ament_index/resource_index/parent_prefix_path/tms_msg_ts
[1.921s] -- Up-to-date symlink: /home/common/colcon_ws/install/tms_msg_ts/share/tms_msg_ts/environment/ament_prefix_path.sh
[1.921s] -- Up-to-date symlink: /home/common/colcon_ws/install/tms_msg_ts/share/tms_msg_ts/environment/path.sh
[1.922s] -- Up-to-date symlink: /home/common/colcon_ws/install/tms_msg_ts/share/tms_msg_ts/local_setup.bash
[1.923s] -- Up-to-date symlink: /home/common/colcon_ws/install/tms_msg_ts/share/tms_msg_ts/local_setup.sh
[1.923s] -- Up-to-date symlink: /home/common/colcon_ws/install/tms_msg_ts/share/tms_msg_ts/local_setup.zsh
[1.924s] -- Up-to-date symlink: /home/common/colcon_ws/install/tms_msg_ts/share/ament_index/resource_index/packages/tms_msg_ts
[1.925s] -- Up-to-date symlink: /home/common/colcon_ws/install/tms_msg_ts/share/tms_msg_ts/cmake/rosidl_cmake-extras.cmake
[1.926s] -- Up-to-date symlink: /home/common/colcon_ws/install/tms_msg_ts/share/tms_msg_ts/cmake/ament_cmake_export_dependencies-extras.cmake
[1.927s] -- Up-to-date symlink: /home/common/colcon_ws/install/tms_msg_ts/share/tms_msg_ts/cmake/ament_cmake_export_include_directories-extras.cmake
[1.928s] -- Up-to-date symlink: /home/common/colcon_ws/install/tms_msg_ts/share/tms_msg_ts/cmake/ament_cmake_export_libraries-extras.cmake
[1.929s] -- Up-to-date symlink: /home/common/colcon_ws/install/tms_msg_ts/share/tms_msg_ts/cmake/tms_msg_tsConfig.cmake
[1.929s] -- Up-to-date symlink: /home/common/colcon_ws/install/tms_msg_ts/share/tms_msg_ts/cmake/tms_msg_tsConfig-version.cmake
[1.930s] -- Up-to-date symlink: /home/common/colcon_ws/install/tms_msg_ts/share/tms_msg_ts/package.xml
