[0.157s] [  1%] Built target object_recognition_msgs__cpp
[0.166s] [ 12%] Built target object_recognition_msgs__rosidl_generator_c
[0.256s] [ 24%] Built target object_recognition_msgs__rosidl_typesupport_introspection_cpp
[0.265s] [ 36%] Built target object_recognition_msgs__rosidl_typesupport_fastrtps_cpp
[0.267s] [ 48%] Built target object_recognition_msgs__rosidl_typesupport_introspection_c
[0.343s] [ 60%] Built target object_recognition_msgs__rosidl_typesupport_cpp
[0.356s] [ 71%] Built target object_recognition_msgs__rosidl_typesupport_fastrtps_c
[0.415s] [ 83%] Built target object_recognition_msgs__rosidl_typesupport_c
[0.446s] [ 83%] Built target object_recognition_msgs
[0.484s] [ 84%] Built target object_recognition_msgs__py
[0.564s] [ 95%] Built target object_recognition_msgs__python
[0.626s] [ 97%] Built target object_recognition_msgs__rosidl_typesupport_fastrtps_c__pyext
[0.639s] [100%] Built target object_recognition_msgs__rosidl_typesupport_c__pyext
[1.273s] [  1%] Built target object_recognition_msgs__cpp
[1.283s] [ 12%] Built target object_recognition_msgs__rosidl_generator_c
[1.343s] [ 24%] Built target object_recognition_msgs__rosidl_typesupport_fastrtps_cpp
[1.345s] [ 36%] Built target object_recognition_msgs__rosidl_typesupport_introspection_c
[1.348s] [ 48%] Built target object_recognition_msgs__rosidl_typesupport_introspection_cpp
[1.400s] [ 60%] Built target object_recognition_msgs__rosidl_typesupport_cpp
[1.410s] [ 71%] Built target object_recognition_msgs__rosidl_typesupport_fastrtps_c
[1.458s] [ 83%] Built target object_recognition_msgs__rosidl_typesupport_c
[1.486s] [ 83%] Built target object_recognition_msgs
[1.512s] [ 84%] Built target object_recognition_msgs__py
[1.558s] [ 95%] Built target object_recognition_msgs__python
[1.594s] [ 97%] Built target object_recognition_msgs__rosidl_typesupport_c__pyext
[1.597s] [100%] Built target object_recognition_msgs__rosidl_typesupport_fastrtps_c__pyext
[1.622s] [36mInstall the project...[0m
[1.634s] -- Install configuration: ""
[1.635s] -- Execute custom install script
[1.636s] -- Up-to-date symlink: /home/common/colcon_ws/install/object_recognition_msgs/share/ament_index/resource_index/rosidl_interfaces/object_recognition_msgs
[1.636s] -- Up-to-date symlink: /home/common/colcon_ws/install/object_recognition_msgs/lib/libobject_recognition_msgs__rosidl_typesupport_c.so
[1.637s] -- Up-to-date symlink: /home/common/colcon_ws/install/object_recognition_msgs/share/object_recognition_msgs/environment/library_path.sh
[1.637s] -- Up-to-date symlink: /home/common/colcon_ws/install/object_recognition_msgs/lib/libobject_recognition_msgs__rosidl_typesupport_cpp.so
[1.638s] -- Up-to-date symlink: /home/common/colcon_ws/install/object_recognition_msgs/include/object_recognition_msgs/action/object_recognition__rosidl_typesupport_fastrtps_c.h
[1.639s] -- Up-to-date symlink: /home/common/colcon_ws/install/object_recognition_msgs/include/object_recognition_msgs/msg/object_information__rosidl_typesupport_fastrtps_c.h
[1.639s] -- Up-to-date symlink: /home/common/colcon_ws/install/object_recognition_msgs/include/object_recognition_msgs/msg/object_type__rosidl_typesupport_fastrtps_c.h
[1.640s] -- Up-to-date symlink: /home/common/colcon_ws/install/object_recognition_msgs/include/object_recognition_msgs/msg/recognized_object__rosidl_typesupport_fastrtps_c.h
[1.640s] -- Up-to-date symlink: /home/common/colcon_ws/install/object_recognition_msgs/include/object_recognition_msgs/msg/recognized_object_array__rosidl_typesupport_fastrtps_c.h
[1.641s] -- Up-to-date symlink: /home/common/colcon_ws/install/object_recognition_msgs/include/object_recognition_msgs/msg/rosidl_typesupport_fastrtps_c__visibility_control.h
[1.641s] -- Up-to-date symlink: /home/common/colcon_ws/install/object_recognition_msgs/include/object_recognition_msgs/msg/table__rosidl_typesupport_fastrtps_c.h
[1.642s] -- Up-to-date symlink: /home/common/colcon_ws/install/object_recognition_msgs/include/object_recognition_msgs/msg/table_array__rosidl_typesupport_fastrtps_c.h
[1.642s] -- Up-to-date symlink: /home/common/colcon_ws/install/object_recognition_msgs/include/object_recognition_msgs/srv/get_object_information__rosidl_typesupport_fastrtps_c.h
[1.643s] -- Up-to-date symlink: /home/common/colcon_ws/install/object_recognition_msgs/lib/libobject_recognition_msgs__rosidl_typesupport_fastrtps_c.so
[1.644s] -- Up-to-date symlink: /home/common/colcon_ws/install/object_recognition_msgs/include/object_recognition_msgs/action/object_recognition.h
[1.646s] -- Up-to-date symlink: /home/common/colcon_ws/install/object_recognition_msgs/include/object_recognition_msgs/action/object_recognition__functions.h
[1.647s] -- Up-to-date symlink: /home/common/colcon_ws/install/object_recognition_msgs/include/object_recognition_msgs/action/object_recognition__struct.h
[1.649s] -- Up-to-date symlink: /home/common/colcon_ws/install/object_recognition_msgs/include/object_recognition_msgs/action/object_recognition__type_support.h
[1.649s] -- Up-to-date symlink: /home/common/colcon_ws/install/object_recognition_msgs/include/object_recognition_msgs/msg/object_information.h
[1.649s] -- Up-to-date symlink: /home/common/colcon_ws/install/object_recognition_msgs/include/object_recognition_msgs/msg/object_information__functions.h
[1.652s] -- Up-to-date symlink: /home/common/colcon_ws/install/object_recognition_msgs/include/object_recognition_msgs/msg/object_information__struct.h
[1.655s] -- Up-to-date symlink: /home/common/colcon_ws/install/object_recognition_msgs/include/object_recognition_msgs/msg/object_information__type_support.h
[1.655s] -- Up-to-date symlink: /home/common/colcon_ws/install/object_recognition_msgs/include/object_recognition_msgs/msg/object_type.h
[1.655s] -- Up-to-date symlink: /home/common/colcon_ws/install/object_recognition_msgs/include/object_recognition_msgs/msg/object_type__functions.h
[1.656s] -- Up-to-date symlink: /home/common/colcon_ws/install/object_recognition_msgs/include/object_recognition_msgs/msg/object_type__struct.h
[1.656s] -- Up-to-date symlink: /home/common/colcon_ws/install/object_recognition_msgs/include/object_recognition_msgs/msg/object_type__type_support.h
[1.659s] -- Up-to-date symlink: /home/common/colcon_ws/install/object_recognition_msgs/include/object_recognition_msgs/msg/recognized_object.h
[1.660s] -- Up-to-date symlink: /home/common/colcon_ws/install/object_recognition_msgs/include/object_recognition_msgs/msg/recognized_object__functions.h
[1.660s] -- Up-to-date symlink: /home/common/colcon_ws/install/object_recognition_msgs/include/object_recognition_msgs/msg/recognized_object__struct.h
[1.660s] -- Up-to-date symlink: /home/common/colcon_ws/install/object_recognition_msgs/include/object_recognition_msgs/msg/recognized_object__type_support.h
[1.661s] -- Up-to-date symlink: /home/common/colcon_ws/install/object_recognition_msgs/include/object_recognition_msgs/msg/recognized_object_array.h
[1.661s] -- Up-to-date symlink: /home/common/colcon_ws/install/object_recognition_msgs/include/object_recognition_msgs/msg/recognized_object_array__functions.h
[1.662s] -- Up-to-date symlink: /home/common/colcon_ws/install/object_recognition_msgs/include/object_recognition_msgs/msg/recognized_object_array__struct.h
[1.662s] -- Up-to-date symlink: /home/common/colcon_ws/install/object_recognition_msgs/include/object_recognition_msgs/msg/recognized_object_array__type_support.h
[1.663s] -- Up-to-date symlink: /home/common/colcon_ws/install/object_recognition_msgs/include/object_recognition_msgs/msg/rosidl_generator_c__visibility_control.h
[1.664s] -- Up-to-date symlink: /home/common/colcon_ws/install/object_recognition_msgs/include/object_recognition_msgs/msg/table.h
[1.664s] -- Up-to-date symlink: /home/common/colcon_ws/install/object_recognition_msgs/include/object_recognition_msgs/msg/table__functions.h
[1.664s] -- Up-to-date symlink: /home/common/colcon_ws/install/object_recognition_msgs/include/object_recognition_msgs/msg/table__struct.h
[1.665s] -- Up-to-date symlink: /home/common/colcon_ws/install/object_recognition_msgs/include/object_recognition_msgs/msg/table__type_support.h
[1.665s] -- Up-to-date symlink: /home/common/colcon_ws/install/object_recognition_msgs/include/object_recognition_msgs/msg/table_array.h
[1.667s] -- Up-to-date symlink: /home/common/colcon_ws/install/object_recognition_msgs/include/object_recognition_msgs/msg/table_array__functions.h
[1.668s] -- Up-to-date symlink: /home/common/colcon_ws/install/object_recognition_msgs/include/object_recognition_msgs/msg/table_array__struct.h
[1.669s] -- Up-to-date symlink: /home/common/colcon_ws/install/object_recognition_msgs/include/object_recognition_msgs/msg/table_array__type_support.h
[1.670s] -- Up-to-date symlink: /home/common/colcon_ws/install/object_recognition_msgs/include/object_recognition_msgs/srv/get_object_information.h
[1.670s] -- Up-to-date symlink: /home/common/colcon_ws/install/object_recognition_msgs/include/object_recognition_msgs/srv/get_object_information__functions.h
[1.673s] -- Up-to-date symlink: /home/common/colcon_ws/install/object_recognition_msgs/include/object_recognition_msgs/srv/get_object_information__struct.h
[1.674s] -- Up-to-date symlink: /home/common/colcon_ws/install/object_recognition_msgs/include/object_recognition_msgs/srv/get_object_information__type_support.h
[1.675s] -- Up-to-date symlink: /home/common/colcon_ws/install/object_recognition_msgs/lib/libobject_recognition_msgs__rosidl_generator_c.so
[1.676s] -- Up-to-date symlink: /home/common/colcon_ws/install/object_recognition_msgs/include/object_recognition_msgs/action/object_recognition__rosidl_typesupport_fastrtps_cpp.hpp
[1.677s] -- Up-to-date symlink: /home/common/colcon_ws/install/object_recognition_msgs/include/object_recognition_msgs/msg/object_information__rosidl_typesupport_fastrtps_cpp.hpp
[1.677s] -- Up-to-date symlink: /home/common/colcon_ws/install/object_recognition_msgs/include/object_recognition_msgs/msg/object_type__rosidl_typesupport_fastrtps_cpp.hpp
[1.678s] -- Up-to-date symlink: /home/common/colcon_ws/install/object_recognition_msgs/include/object_recognition_msgs/msg/recognized_object__rosidl_typesupport_fastrtps_cpp.hpp
[1.678s] -- Up-to-date symlink: /home/common/colcon_ws/install/object_recognition_msgs/include/object_recognition_msgs/msg/recognized_object_array__rosidl_typesupport_fastrtps_cpp.hpp
[1.679s] -- Up-to-date symlink: /home/common/colcon_ws/install/object_recognition_msgs/include/object_recognition_msgs/msg/rosidl_typesupport_fastrtps_cpp__visibility_control.h
[1.681s] -- Up-to-date symlink: /home/common/colcon_ws/install/object_recognition_msgs/include/object_recognition_msgs/msg/table__rosidl_typesupport_fastrtps_cpp.hpp
[1.681s] -- Up-to-date symlink: /home/common/colcon_ws/install/object_recognition_msgs/include/object_recognition_msgs/msg/table_array__rosidl_typesupport_fastrtps_cpp.hpp
[1.682s] -- Up-to-date symlink: /home/common/colcon_ws/install/object_recognition_msgs/include/object_recognition_msgs/srv/get_object_information__rosidl_typesupport_fastrtps_cpp.hpp
[1.682s] -- Up-to-date symlink: /home/common/colcon_ws/install/object_recognition_msgs/lib/libobject_recognition_msgs__rosidl_typesupport_fastrtps_cpp.so
[1.682s] -- Up-to-date symlink: /home/common/colcon_ws/install/object_recognition_msgs/include/object_recognition_msgs/action/object_recognition.hpp
[1.682s] -- Up-to-date symlink: /home/common/colcon_ws/install/object_recognition_msgs/include/object_recognition_msgs/action/object_recognition__struct.hpp
[1.683s] -- Up-to-date symlink: /home/common/colcon_ws/install/object_recognition_msgs/include/object_recognition_msgs/action/object_recognition__traits.hpp
[1.683s] -- Up-to-date symlink: /home/common/colcon_ws/install/object_recognition_msgs/include/object_recognition_msgs/msg/object_information.hpp
[1.684s] -- Up-to-date symlink: /home/common/colcon_ws/install/object_recognition_msgs/include/object_recognition_msgs/msg/object_information__struct.hpp
[1.684s] -- Up-to-date symlink: /home/common/colcon_ws/install/object_recognition_msgs/include/object_recognition_msgs/msg/object_information__traits.hpp
[1.686s] -- Up-to-date symlink: /home/common/colcon_ws/install/object_recognition_msgs/include/object_recognition_msgs/msg/object_type.hpp
[1.686s] -- Up-to-date symlink: /home/common/colcon_ws/install/object_recognition_msgs/include/object_recognition_msgs/msg/object_type__struct.hpp
[1.687s] -- Up-to-date symlink: /home/common/colcon_ws/install/object_recognition_msgs/include/object_recognition_msgs/msg/object_type__traits.hpp
[1.687s] -- Up-to-date symlink: /home/common/colcon_ws/install/object_recognition_msgs/include/object_recognition_msgs/msg/recognized_object.hpp
[1.687s] -- Up-to-date symlink: /home/common/colcon_ws/install/object_recognition_msgs/include/object_recognition_msgs/msg/recognized_object__struct.hpp
[1.688s] -- Up-to-date symlink: /home/common/colcon_ws/install/object_recognition_msgs/include/object_recognition_msgs/msg/recognized_object__traits.hpp
[1.689s] -- Up-to-date symlink: /home/common/colcon_ws/install/object_recognition_msgs/include/object_recognition_msgs/msg/recognized_object_array.hpp
[1.689s] -- Up-to-date symlink: /home/common/colcon_ws/install/object_recognition_msgs/include/object_recognition_msgs/msg/recognized_object_array__struct.hpp
[1.689s] -- Up-to-date symlink: /home/common/colcon_ws/install/object_recognition_msgs/include/object_recognition_msgs/msg/recognized_object_array__traits.hpp
[1.689s] -- Up-to-date symlink: /home/common/colcon_ws/install/object_recognition_msgs/include/object_recognition_msgs/msg/table.hpp
[1.690s] -- Up-to-date symlink: /home/common/colcon_ws/install/object_recognition_msgs/include/object_recognition_msgs/msg/table__struct.hpp
[1.690s] -- Up-to-date symlink: /home/common/colcon_ws/install/object_recognition_msgs/include/object_recognition_msgs/msg/table__traits.hpp
[1.690s] -- Up-to-date symlink: /home/common/colcon_ws/install/object_recognition_msgs/include/object_recognition_msgs/msg/table_array.hpp
[1.691s] -- Up-to-date symlink: /home/common/colcon_ws/install/object_recognition_msgs/include/object_recognition_msgs/msg/table_array__struct.hpp
[1.691s] -- Up-to-date symlink: /home/common/colcon_ws/install/object_recognition_msgs/include/object_recognition_msgs/msg/table_array__traits.hpp
[1.692s] -- Up-to-date symlink: /home/common/colcon_ws/install/object_recognition_msgs/include/object_recognition_msgs/srv/get_object_information.hpp
[1.692s] -- Up-to-date symlink: /home/common/colcon_ws/install/object_recognition_msgs/include/object_recognition_msgs/srv/get_object_information__struct.hpp
[1.692s] -- Up-to-date symlink: /home/common/colcon_ws/install/object_recognition_msgs/include/object_recognition_msgs/srv/get_object_information__traits.hpp
[1.693s] -- Up-to-date symlink: /home/common/colcon_ws/install/object_recognition_msgs/include/object_recognition_msgs/action/object_recognition__rosidl_typesupport_introspection_c.h
[1.693s] -- Up-to-date symlink: /home/common/colcon_ws/install/object_recognition_msgs/include/object_recognition_msgs/msg/object_information__rosidl_typesupport_introspection_c.h
[1.693s] -- Up-to-date symlink: /home/common/colcon_ws/install/object_recognition_msgs/include/object_recognition_msgs/msg/object_type__rosidl_typesupport_introspection_c.h
[1.694s] -- Up-to-date symlink: /home/common/colcon_ws/install/object_recognition_msgs/include/object_recognition_msgs/msg/recognized_object__rosidl_typesupport_introspection_c.h
[1.695s] -- Up-to-date symlink: /home/common/colcon_ws/install/object_recognition_msgs/include/object_recognition_msgs/msg/recognized_object_array__rosidl_typesupport_introspection_c.h
[1.697s] -- Up-to-date symlink: /home/common/colcon_ws/install/object_recognition_msgs/include/object_recognition_msgs/msg/rosidl_typesupport_introspection_c__visibility_control.h
[1.698s] -- Up-to-date symlink: /home/common/colcon_ws/install/object_recognition_msgs/include/object_recognition_msgs/msg/table__rosidl_typesupport_introspection_c.h
[1.698s] -- Up-to-date symlink: /home/common/colcon_ws/install/object_recognition_msgs/include/object_recognition_msgs/msg/table_array__rosidl_typesupport_introspection_c.h
[1.698s] -- Up-to-date symlink: /home/common/colcon_ws/install/object_recognition_msgs/include/object_recognition_msgs/srv/get_object_information__rosidl_typesupport_introspection_c.h
[1.698s] -- Up-to-date symlink: /home/common/colcon_ws/install/object_recognition_msgs/lib/libobject_recognition_msgs__rosidl_typesupport_introspection_c.so
[1.698s] -- Up-to-date symlink: /home/common/colcon_ws/install/object_recognition_msgs/include/object_recognition_msgs/action/object_recognition__rosidl_typesupport_introspection_cpp.hpp
[1.698s] -- Up-to-date symlink: /home/common/colcon_ws/install/object_recognition_msgs/include/object_recognition_msgs/msg/object_information__rosidl_typesupport_introspection_cpp.hpp
[1.698s] -- Up-to-date symlink: /home/common/colcon_ws/install/object_recognition_msgs/include/object_recognition_msgs/msg/object_type__rosidl_typesupport_introspection_cpp.hpp
[1.699s] -- Up-to-date symlink: /home/common/colcon_ws/install/object_recognition_msgs/include/object_recognition_msgs/msg/recognized_object__rosidl_typesupport_introspection_cpp.hpp
[1.699s] -- Up-to-date symlink: /home/common/colcon_ws/install/object_recognition_msgs/include/object_recognition_msgs/msg/recognized_object_array__rosidl_typesupport_introspection_cpp.hpp
[1.699s] -- Up-to-date symlink: /home/common/colcon_ws/install/object_recognition_msgs/include/object_recognition_msgs/msg/table__rosidl_typesupport_introspection_cpp.hpp
[1.699s] -- Up-to-date symlink: /home/common/colcon_ws/install/object_recognition_msgs/include/object_recognition_msgs/msg/table_array__rosidl_typesupport_introspection_cpp.hpp
[1.699s] -- Up-to-date symlink: /home/common/colcon_ws/install/object_recognition_msgs/include/object_recognition_msgs/srv/get_object_information__rosidl_typesupport_introspection_cpp.hpp
[1.699s] -- Up-to-date symlink: /home/common/colcon_ws/install/object_recognition_msgs/lib/libobject_recognition_msgs__rosidl_typesupport_introspection_cpp.so
[1.699s] -- Up-to-date symlink: /home/common/colcon_ws/install/object_recognition_msgs/share/object_recognition_msgs/environment/pythonpath.sh
[1.700s] -- Up-to-date symlink: /home/common/colcon_ws/install/object_recognition_msgs/lib/python3.6/site-packages/object_recognition_msgs/__init__.py
[1.700s] -- Up-to-date symlink: /home/common/colcon_ws/install/object_recognition_msgs/lib/python3.6/site-packages/object_recognition_msgs/msg/__init__.py
[1.700s] -- Up-to-date symlink: /home/common/colcon_ws/install/object_recognition_msgs/lib/python3.6/site-packages/object_recognition_msgs/msg/_object_information.py
[1.700s] -- Up-to-date symlink: /home/common/colcon_ws/install/object_recognition_msgs/lib/python3.6/site-packages/object_recognition_msgs/msg/_object_type.py
[1.700s] -- Up-to-date symlink: /home/common/colcon_ws/install/object_recognition_msgs/lib/python3.6/site-packages/object_recognition_msgs/msg/_recognized_object.py
[1.700s] -- Up-to-date symlink: /home/common/colcon_ws/install/object_recognition_msgs/lib/python3.6/site-packages/object_recognition_msgs/msg/_recognized_object_array.py
[1.700s] -- Up-to-date symlink: /home/common/colcon_ws/install/object_recognition_msgs/lib/python3.6/site-packages/object_recognition_msgs/msg/_table.py
[1.700s] -- Up-to-date symlink: /home/common/colcon_ws/install/object_recognition_msgs/lib/python3.6/site-packages/object_recognition_msgs/msg/_table_array.py
[1.701s] -- Up-to-date symlink: /home/common/colcon_ws/install/object_recognition_msgs/lib/python3.6/site-packages/object_recognition_msgs/srv/__init__.py
[1.701s] -- Up-to-date symlink: /home/common/colcon_ws/install/object_recognition_msgs/lib/python3.6/site-packages/object_recognition_msgs/srv/_get_object_information.py
[1.701s] -- Up-to-date symlink: /home/common/colcon_ws/install/object_recognition_msgs/lib/python3.6/site-packages/object_recognition_msgs/action/__init__.py
[1.701s] -- Up-to-date symlink: /home/common/colcon_ws/install/object_recognition_msgs/lib/python3.6/site-packages/object_recognition_msgs/action/_object_recognition.py
[1.701s] -- Up-to-date symlink: /home/common/colcon_ws/install/object_recognition_msgs/lib/python3.6/site-packages/object_recognition_msgs/object_recognition_msgs_s__rosidl_typesupport_c.cpython-36m-x86_64-linux-gnu.so
[1.701s] -- Up-to-date symlink: /home/common/colcon_ws/install/object_recognition_msgs/lib/python3.6/site-packages/object_recognition_msgs/object_recognition_msgs_s__rosidl_typesupport_fastrtps_c.cpython-36m-x86_64-linux-gnu.so
[1.701s] -- Up-to-date symlink: /home/common/colcon_ws/install/object_recognition_msgs/lib/libobject_recognition_msgs__python.so
[1.702s] -- Up-to-date symlink: /home/common/colcon_ws/install/object_recognition_msgs/share/object_recognition_msgs/msg/ObjectInformation.idl
[1.702s] -- Up-to-date symlink: /home/common/colcon_ws/install/object_recognition_msgs/share/object_recognition_msgs/msg/ObjectType.idl
[1.702s] -- Up-to-date symlink: /home/common/colcon_ws/install/object_recognition_msgs/share/object_recognition_msgs/msg/RecognizedObject.idl
[1.702s] -- Up-to-date symlink: /home/common/colcon_ws/install/object_recognition_msgs/share/object_recognition_msgs/msg/RecognizedObjectArray.idl
[1.702s] -- Up-to-date symlink: /home/common/colcon_ws/install/object_recognition_msgs/share/object_recognition_msgs/msg/Table.idl
[1.702s] -- Up-to-date symlink: /home/common/colcon_ws/install/object_recognition_msgs/share/object_recognition_msgs/msg/TableArray.idl
[1.702s] -- Up-to-date symlink: /home/common/colcon_ws/install/object_recognition_msgs/share/object_recognition_msgs/srv/GetObjectInformation.idl
[1.702s] -- Up-to-date symlink: /home/common/colcon_ws/install/object_recognition_msgs/share/object_recognition_msgs/action/ObjectRecognition.idl
[1.703s] -- Up-to-date symlink: /home/common/colcon_ws/install/object_recognition_msgs/share/object_recognition_msgs/msg/ObjectInformation.msg
[1.703s] -- Up-to-date symlink: /home/common/colcon_ws/install/object_recognition_msgs/share/object_recognition_msgs/msg/ObjectType.msg
[1.703s] -- Up-to-date symlink: /home/common/colcon_ws/install/object_recognition_msgs/share/object_recognition_msgs/msg/RecognizedObject.msg
[1.703s] -- Up-to-date symlink: /home/common/colcon_ws/install/object_recognition_msgs/share/object_recognition_msgs/msg/RecognizedObjectArray.msg
[1.703s] -- Up-to-date symlink: /home/common/colcon_ws/install/object_recognition_msgs/share/object_recognition_msgs/msg/Table.msg
[1.703s] -- Up-to-date symlink: /home/common/colcon_ws/install/object_recognition_msgs/share/object_recognition_msgs/msg/TableArray.msg
[1.703s] -- Up-to-date symlink: /home/common/colcon_ws/install/object_recognition_msgs/share/object_recognition_msgs/srv/GetObjectInformation.srv
[1.704s] -- Up-to-date symlink: /home/common/colcon_ws/install/object_recognition_msgs/share/object_recognition_msgs/srv/GetObjectInformation_Request.msg
[1.704s] -- Up-to-date symlink: /home/common/colcon_ws/install/object_recognition_msgs/share/object_recognition_msgs/srv/GetObjectInformation_Response.msg
[1.704s] -- Up-to-date symlink: /home/common/colcon_ws/install/object_recognition_msgs/share/object_recognition_msgs/action/ObjectRecognition.action
[1.704s] -- Up-to-date symlink: /home/common/colcon_ws/install/object_recognition_msgs/share/ament_index/resource_index/package_run_dependencies/object_recognition_msgs
[1.704s] -- Up-to-date symlink: /home/common/colcon_ws/install/object_recognition_msgs/share/ament_index/resource_index/parent_prefix_path/object_recognition_msgs
[1.704s] -- Up-to-date symlink: /home/common/colcon_ws/install/object_recognition_msgs/share/object_recognition_msgs/environment/ament_prefix_path.sh
[1.704s] -- Up-to-date symlink: /home/common/colcon_ws/install/object_recognition_msgs/share/object_recognition_msgs/environment/path.sh
[1.704s] -- Up-to-date symlink: /home/common/colcon_ws/install/object_recognition_msgs/share/object_recognition_msgs/local_setup.bash
[1.705s] -- Up-to-date symlink: /home/common/colcon_ws/install/object_recognition_msgs/share/object_recognition_msgs/local_setup.sh
[1.705s] -- Up-to-date symlink: /home/common/colcon_ws/install/object_recognition_msgs/share/object_recognition_msgs/local_setup.zsh
[1.705s] -- Up-to-date symlink: /home/common/colcon_ws/install/object_recognition_msgs/share/ament_index/resource_index/packages/object_recognition_msgs
[1.705s] -- Up-to-date symlink: /home/common/colcon_ws/install/object_recognition_msgs/share/object_recognition_msgs/cmake/rosidl_cmake-extras.cmake
[1.705s] -- Up-to-date symlink: /home/common/colcon_ws/install/object_recognition_msgs/share/object_recognition_msgs/cmake/ament_cmake_export_dependencies-extras.cmake
[1.707s] -- Up-to-date symlink: /home/common/colcon_ws/install/object_recognition_msgs/share/object_recognition_msgs/cmake/ament_cmake_export_libraries-extras.cmake
[1.707s] -- Up-to-date symlink: /home/common/colcon_ws/install/object_recognition_msgs/share/object_recognition_msgs/cmake/ament_cmake_export_include_directories-extras.cmake
[1.707s] -- Up-to-date symlink: /home/common/colcon_ws/install/object_recognition_msgs/share/object_recognition_msgs/cmake/object_recognition_msgsConfig.cmake
[1.708s] -- Up-to-date symlink: /home/common/colcon_ws/install/object_recognition_msgs/share/object_recognition_msgs/cmake/object_recognition_msgsConfig-version.cmake
[1.708s] -- Up-to-date symlink: /home/common/colcon_ws/install/object_recognition_msgs/share/object_recognition_msgs/package.xml
