[1.471s] [100%] Built target vicon_stream
[1.629s] [100%] Built target vicon_stream
[1.659s] [36mInstall the project...[0m
[1.675s] -- Install configuration: ""
[1.676s] -- Execute custom install script
[1.676s] -- Up-to-date symlink: /home/common/colcon_ws/install/tms_ss_vicon/bin/vicon_stream
[1.677s] -- Up-to-date symlink: /home/common/colcon_ws/install/tms_ss_vicon/lib/tms_ss_vicon/vicon_stream
[1.677s] -- Up-to-date symlink: /home/common/colcon_ws/install/tms_ss_vicon/share/ament_index/resource_index/package_run_dependencies/tms_ss_vicon
[1.678s] -- Up-to-date symlink: /home/common/colcon_ws/install/tms_ss_vicon/share/ament_index/resource_index/parent_prefix_path/tms_ss_vicon
[1.678s] -- Up-to-date symlink: /home/common/colcon_ws/install/tms_ss_vicon/share/tms_ss_vicon/environment/ament_prefix_path.sh
[1.678s] -- Up-to-date symlink: /home/common/colcon_ws/install/tms_ss_vicon/share/tms_ss_vicon/environment/path.sh
[1.679s] -- Up-to-date symlink: /home/common/colcon_ws/install/tms_ss_vicon/share/tms_ss_vicon/local_setup.bash
[1.679s] -- Up-to-date symlink: /home/common/colcon_ws/install/tms_ss_vicon/share/tms_ss_vicon/local_setup.sh
[1.680s] -- Up-to-date symlink: /home/common/colcon_ws/install/tms_ss_vicon/share/tms_ss_vicon/local_setup.zsh
[1.680s] -- Up-to-date symlink: /home/common/colcon_ws/install/tms_ss_vicon/share/ament_index/resource_index/packages/tms_ss_vicon
[1.680s] -- Up-to-date symlink: /home/common/colcon_ws/install/tms_ss_vicon/share/tms_ss_vicon/cmake/ament_cmake_export_include_directories-extras.cmake
[1.681s] -- Up-to-date symlink: /home/common/colcon_ws/install/tms_ss_vicon/share/tms_ss_vicon/cmake/ament_cmake_export_dependencies-extras.cmake
[1.683s] -- Up-to-date symlink: /home/common/colcon_ws/install/tms_ss_vicon/share/tms_ss_vicon/cmake/tms_ss_viconConfig.cmake
[1.683s] -- Up-to-date symlink: /home/common/colcon_ws/install/tms_ss_vicon/share/tms_ss_vicon/cmake/tms_ss_viconConfig-version.cmake
[1.683s] -- Up-to-date symlink: /home/common/colcon_ws/install/tms_ss_vicon/share/tms_ss_vicon/package.xml
