[0.197s] [ 85%] Built target turtlebot3_node_lib
[0.238s] [100%] Built target turtlebot3_ros
[0.641s] [ 85%] Built target turtlebot3_node_lib
[0.720s] [100%] Built target turtlebot3_ros
[0.743s] [36mInstall the project...[0m
[0.754s] -- Install configuration: ""
[0.755s] -- Execute custom install script
[0.755s] -- Up-to-date symlink: /home/common/colcon_ws/install/turtlebot3_node/share/turtlebot3_node/param/burger.yaml
[0.755s] -- Up-to-date symlink: /home/common/colcon_ws/install/turtlebot3_node/share/turtlebot3_node/param/waffle.yaml
[0.756s] -- Up-to-date symlink: /home/common/colcon_ws/install/turtlebot3_node/share/turtlebot3_node/param/waffle_pi.yaml
[0.756s] -- Up-to-date symlink: /home/common/colcon_ws/install/turtlebot3_node/lib/turtlebot3_node/turtlebot3_ros
[0.756s] -- Up-to-date symlink: /home/common/colcon_ws/install/turtlebot3_node/share/ament_index/resource_index/package_run_dependencies/turtlebot3_node
[0.757s] -- Up-to-date symlink: /home/common/colcon_ws/install/turtlebot3_node/share/ament_index/resource_index/parent_prefix_path/turtlebot3_node
[0.758s] -- Up-to-date symlink: /home/common/colcon_ws/install/turtlebot3_node/share/turtlebot3_node/environment/ament_prefix_path.sh
[0.759s] -- Up-to-date symlink: /home/common/colcon_ws/install/turtlebot3_node/share/turtlebot3_node/environment/path.sh
[0.759s] -- Up-to-date symlink: /home/common/colcon_ws/install/turtlebot3_node/share/turtlebot3_node/local_setup.bash
[0.759s] -- Up-to-date symlink: /home/common/colcon_ws/install/turtlebot3_node/share/turtlebot3_node/local_setup.sh
[0.761s] -- Up-to-date symlink: /home/common/colcon_ws/install/turtlebot3_node/share/turtlebot3_node/local_setup.zsh
[0.761s] -- Up-to-date symlink: /home/common/colcon_ws/install/turtlebot3_node/share/ament_index/resource_index/packages/turtlebot3_node
[0.762s] -- Up-to-date symlink: /home/common/colcon_ws/install/turtlebot3_node/share/turtlebot3_node/cmake/ament_cmake_export_include_directories-extras.cmake
[0.762s] -- Up-to-date symlink: /home/common/colcon_ws/install/turtlebot3_node/share/turtlebot3_node/cmake/turtlebot3_nodeConfig.cmake
[0.762s] -- Up-to-date symlink: /home/common/colcon_ws/install/turtlebot3_node/share/turtlebot3_node/cmake/turtlebot3_nodeConfig-version.cmake
[0.763s] -- Up-to-date symlink: /home/common/colcon_ws/install/turtlebot3_node/share/turtlebot3_node/package.xml
