[0.130s] [ 50%] Built target timer_member_function
[0.136s] [100%] Built target timer_lambda
[0.332s] [ 50%] Built target timer_member_function
[0.332s] [100%] Built target timer_lambda
[0.364s] [36mInstall the project...[0m
[0.375s] -- Install configuration: ""
[0.376s] -- Execute custom install script
[0.376s] -- Up-to-date symlink: /home/common/colcon_ws/install/examples_rclcpp_minimal_timer/lib/examples_rclcpp_minimal_timer/timer_lambda
[0.377s] -- Up-to-date symlink: /home/common/colcon_ws/install/examples_rclcpp_minimal_timer/lib/examples_rclcpp_minimal_timer/timer_member_function
[0.378s] -- Up-to-date symlink: /home/common/colcon_ws/install/examples_rclcpp_minimal_timer/share/ament_index/resource_index/package_run_dependencies/examples_rclcpp_minimal_timer
[0.378s] -- Up-to-date symlink: /home/common/colcon_ws/install/examples_rclcpp_minimal_timer/share/ament_index/resource_index/parent_prefix_path/examples_rclcpp_minimal_timer
[0.381s] -- Up-to-date symlink: /home/common/colcon_ws/install/examples_rclcpp_minimal_timer/share/examples_rclcpp_minimal_timer/environment/ament_prefix_path.sh
[0.382s] -- Up-to-date symlink: /home/common/colcon_ws/install/examples_rclcpp_minimal_timer/share/examples_rclcpp_minimal_timer/environment/path.sh
[0.383s] -- Up-to-date symlink: /home/common/colcon_ws/install/examples_rclcpp_minimal_timer/share/examples_rclcpp_minimal_timer/local_setup.bash
[0.384s] -- Up-to-date symlink: /home/common/colcon_ws/install/examples_rclcpp_minimal_timer/share/examples_rclcpp_minimal_timer/local_setup.sh
[0.384s] -- Up-to-date symlink: /home/common/colcon_ws/install/examples_rclcpp_minimal_timer/share/examples_rclcpp_minimal_timer/local_setup.zsh
[0.384s] -- Up-to-date symlink: /home/common/colcon_ws/install/examples_rclcpp_minimal_timer/share/ament_index/resource_index/packages/examples_rclcpp_minimal_timer
[0.384s] -- Up-to-date symlink: /home/common/colcon_ws/install/examples_rclcpp_minimal_timer/share/examples_rclcpp_minimal_timer/cmake/examples_rclcpp_minimal_timerConfig.cmake
[0.385s] -- Up-to-date symlink: /home/common/colcon_ws/install/examples_rclcpp_minimal_timer/share/examples_rclcpp_minimal_timer/cmake/examples_rclcpp_minimal_timerConfig-version.cmake
[0.385s] -- Up-to-date symlink: /home/common/colcon_ws/install/examples_rclcpp_minimal_timer/share/examples_rclcpp_minimal_timer/package.xml
