[0.040s] Invoking command in '/home/common/colcon_ws/build/examples_rclcpp_minimal_action_server': CMAKE_PREFIX_PATH=/opt/ros/dashing:${CMAKE_PREFIX_PATH} /usr/bin/cmake --build /home/common/colcon_ws/build/examples_rclcpp_minimal_action_server -- -j8 -l8
[0.142s] [ 50%] Built target action_server_member_functions
[0.173s] [100%] Built target action_server_not_composable
[0.214s] Invoked command in '/home/common/colcon_ws/build/examples_rclcpp_minimal_action_server' returned '0': CMAKE_PREFIX_PATH=/opt/ros/dashing:${CMAKE_PREFIX_PATH} /usr/bin/cmake --build /home/common/colcon_ws/build/examples_rclcpp_minimal_action_server -- -j8 -l8
[0.307s] Invoking command in '/home/common/colcon_ws/build/examples_rclcpp_minimal_action_server': CMAKE_PREFIX_PATH=/opt/ros/dashing:${CMAKE_PREFIX_PATH} /usr/bin/cmake --build /home/common/colcon_ws/build/examples_rclcpp_minimal_action_server --target install -- -j8 -l8
[0.441s] [ 50%] Built target action_server_not_composable
[0.465s] [100%] Built target action_server_member_functions
[0.504s] [36mInstall the project...[0m
[0.521s] -- Install configuration: ""
[0.521s] -- Execute custom install script
[0.522s] -- Up-to-date symlink: /home/common/colcon_ws/install/examples_rclcpp_minimal_action_server/lib/examples_rclcpp_minimal_action_server/action_server_not_composable
[0.522s] -- Up-to-date symlink: /home/common/colcon_ws/install/examples_rclcpp_minimal_action_server/lib/examples_rclcpp_minimal_action_server/action_server_member_functions
[0.522s] -- Up-to-date symlink: /home/common/colcon_ws/install/examples_rclcpp_minimal_action_server/share/ament_index/resource_index/package_run_dependencies/examples_rclcpp_minimal_action_server
[0.523s] -- Up-to-date symlink: /home/common/colcon_ws/install/examples_rclcpp_minimal_action_server/share/ament_index/resource_index/parent_prefix_path/examples_rclcpp_minimal_action_server
[0.523s] -- Up-to-date symlink: /home/common/colcon_ws/install/examples_rclcpp_minimal_action_server/share/examples_rclcpp_minimal_action_server/environment/ament_prefix_path.sh
[0.524s] -- Up-to-date symlink: /home/common/colcon_ws/install/examples_rclcpp_minimal_action_server/share/examples_rclcpp_minimal_action_server/environment/path.sh
[0.525s] -- Up-to-date symlink: /home/common/colcon_ws/install/examples_rclcpp_minimal_action_server/share/examples_rclcpp_minimal_action_server/local_setup.bash
[0.525s] -- Up-to-date symlink: /home/common/colcon_ws/install/examples_rclcpp_minimal_action_server/share/examples_rclcpp_minimal_action_server/local_setup.sh
[0.526s] -- Up-to-date symlink: /home/common/colcon_ws/install/examples_rclcpp_minimal_action_server/share/examples_rclcpp_minimal_action_server/local_setup.zsh
[0.527s] -- Up-to-date symlink: /home/common/colcon_ws/install/examples_rclcpp_minimal_action_server/share/ament_index/resource_index/packages/examples_rclcpp_minimal_action_server
[0.527s] -- Up-to-date symlink: /home/common/colcon_ws/install/examples_rclcpp_minimal_action_server/share/examples_rclcpp_minimal_action_server/cmake/examples_rclcpp_minimal_action_serverConfig.cmake
[0.527s] -- Up-to-date symlink: /home/common/colcon_ws/install/examples_rclcpp_minimal_action_server/share/examples_rclcpp_minimal_action_server/cmake/examples_rclcpp_minimal_action_serverConfig-version.cmake
[0.528s] -- Up-to-date symlink: /home/common/colcon_ws/install/examples_rclcpp_minimal_action_server/share/examples_rclcpp_minimal_action_server/package.xml
[0.561s] Invoked command in '/home/common/colcon_ws/build/examples_rclcpp_minimal_action_server' returned '0': CMAKE_PREFIX_PATH=/opt/ros/dashing:${CMAKE_PREFIX_PATH} /usr/bin/cmake --build /home/common/colcon_ws/build/examples_rclcpp_minimal_action_server --target install -- -j8 -l8
