[0.413s] -- The C compiler identification is GNU 7.4.0
[0.663s] -- The CXX compiler identification is GNU 7.4.0
[0.670s] -- Check for working C compiler: /usr/bin/cc
[1.127s] -- Check for working C compiler: /usr/bin/cc -- works
[1.128s] -- Detecting C compiler ABI info
[1.575s] -- Detecting C compiler ABI info - done
[1.583s] -- Detecting C compile features
[2.852s] -- Detecting C compile features - done
[2.856s] -- Check for working CXX compiler: /usr/bin/c++
[3.267s] -- Check for working CXX compiler: /usr/bin/c++ -- works
[3.267s] -- Detecting CXX compiler ABI info
[3.773s] -- Detecting CXX compiler ABI info - done
[3.782s] -- Detecting CXX compile features
[4.987s] -- Detecting CXX compile features - done
[4.998s] -- Found ament_cmake: 0.7.4 (/opt/ros/dashing/share/ament_cmake/cmake)
[5.086s] -- Found PythonInterp: /usr/bin/python3 (found suitable version "3.6.9", minimum required is "3") 
[5.086s] -- Using PYTHON_EXECUTABLE: /usr/bin/python3
[5.545s] -- Override CMake install command with custom implementation using symlinks instead of copying resources
[5.652s] -- Found rosidl_default_generators: 0.7.0 (/opt/ros/dashing/share/rosidl_default_generators/cmake)
[5.939s] -- Found OpenSSL: /usr/lib/x86_64-linux-gnu/libcrypto.so (found version "1.1.1") 
[5.995s] -- Found FastRTPS: /opt/ros/dashing/include  
[6.043s] -- Found rosidl_adapter: 0.7.8 (/opt/ros/dashing/share/rosidl_adapter/cmake)
[6.216s] -- Found rclcpp: 0.7.12 (/opt/ros/dashing/share/rclcpp/cmake)
[6.285s] -- Found rmw_implementation_cmake: 0.7.2 (/opt/ros/dashing/share/rmw_implementation_cmake/cmake)
[6.291s] -- Using RMW implementation 'rmw_fastrtps_cpp' as default
[6.292s] -- Looking for pthread.h
[6.481s] -- Looking for pthread.h - found
[6.481s] -- Looking for pthread_create
[6.750s] -- Looking for pthread_create - not found
[6.751s] -- Looking for pthread_create in pthreads
[6.961s] -- Looking for pthread_create in pthreads - not found
[6.961s] -- Looking for pthread_create in pthread
[7.167s] -- Looking for pthread_create in pthread - found
[7.169s] -- Found Threads: TRUE  
[7.229s] -- Found std_msgs: 0.7.0 (/opt/ros/dashing/share/std_msgs/cmake)
[7.243s] -- Found sensor_msgs: 0.7.0 (/opt/ros/dashing/share/sensor_msgs/cmake)
[7.284s] -- Found ament_lint_auto: 0.7.11 (/opt/ros/dashing/share/ament_lint_auto/cmake)
[7.558s] -- Found PythonInterp: /usr/bin/python3 (found version "3.6.9") 
[7.842s] -- Using single matching rosidl_typesupport_c: rosidl_typesupport_fastrtps_c
[7.975s] -- Using single matching rosidl_typesupport_cpp: rosidl_typesupport_fastrtps_cpp
[8.910s] -- Found PythonInterp: /usr/bin/python3 (found suitable version "3.6.9", minimum required is "3.5") 
[8.917s] -- Found python_cmake_module: 0.7.10 (/opt/ros/dashing/share/python_cmake_module/cmake)
[8.997s] -- Found PythonLibs: /usr/lib/x86_64-linux-gnu/libpython3.6m.so (found suitable version "3.6.9", minimum required is "3.5") 
[8.997s] -- Using PYTHON_EXECUTABLE: /usr/bin/python3
[8.998s] -- Using PYTHON_INCLUDE_DIRS: /usr/include/python3.6m
[8.998s] -- Using PYTHON_LIBRARIES: /usr/lib/x86_64-linux-gnu/libpython3.6m.so
[9.070s] -- Found PythonExtra: .so  
[9.511s] -- Added test 'lint_cmake' to check CMake code style
[9.513s] -- Added test 'xmllint' to check XML markup files
[9.525s] -- Configuring done
[9.847s] -- Generating done
[9.854s] -- Build files have been written to: /home/common/colcon_ws/build/tms_msg_rc
[10.253s] [35m[1mScanning dependencies of target tms_msg_rc__cpp[0m
[10.266s] [35m[1mScanning dependencies of target tms_msg_rc__rosidl_generator_c[0m
[10.283s] [  3%] Built target tms_msg_rc__cpp
[10.299s] [  6%] [32m[1mLinking C shared library libtms_msg_rc__rosidl_generator_c.so[0m
[10.313s] [35m[1mScanning dependencies of target tms_msg_rc__rosidl_typesupport_fastrtps_cpp[0m
[10.328s] [35m[1mScanning dependencies of target tms_msg_rc__rosidl_typesupport_introspection_cpp[0m
[10.359s] [ 10%] [32m[1mLinking CXX shared library libtms_msg_rc__rosidl_typesupport_introspection_cpp.so[0m
[10.374s] [ 13%] [32m[1mLinking CXX shared library libtms_msg_rc__rosidl_typesupport_fastrtps_cpp.so[0m
[10.404s] [ 20%] Built target tms_msg_rc__rosidl_generator_c
[10.457s] [35m[1mScanning dependencies of target tms_msg_rc__rosidl_typesupport_introspection_c[0m
[10.525s] [ 24%] [32m[1mLinking C shared library libtms_msg_rc__rosidl_typesupport_introspection_c.so[0m
[10.538s] [ 31%] Built target tms_msg_rc__rosidl_typesupport_introspection_cpp
[10.567s] [ 37%] Built target tms_msg_rc__rosidl_typesupport_fastrtps_cpp
[10.591s] [35m[1mScanning dependencies of target tms_msg_rc__rosidl_typesupport_cpp[0m
[10.611s] [ 44%] Built target tms_msg_rc__rosidl_typesupport_introspection_c
[10.621s] [35m[1mScanning dependencies of target tms_msg_rc__rosidl_typesupport_fastrtps_c[0m
[10.630s] [ 48%] [32m[1mLinking CXX shared library libtms_msg_rc__rosidl_typesupport_cpp.so[0m
[10.667s] [ 51%] [32m[1mLinking CXX shared library libtms_msg_rc__rosidl_typesupport_fastrtps_c.so[0m
[10.828s] [ 58%] Built target tms_msg_rc__rosidl_typesupport_cpp
[10.872s] [ 65%] Built target tms_msg_rc__rosidl_typesupport_fastrtps_c
[10.895s] [35m[1mScanning dependencies of target tms_msg_rc__rosidl_typesupport_c[0m
[10.926s] [ 68%] [32m[1mLinking CXX shared library libtms_msg_rc__rosidl_typesupport_c.so[0m
[11.041s] [ 75%] Built target tms_msg_rc__rosidl_typesupport_c
[11.061s] [35m[1mScanning dependencies of target tms_msg_rc[0m
[11.082s] [ 75%] Built target tms_msg_rc
[11.125s] [ 79%] Built target tms_msg_rc__py
[11.148s] [35m[1mScanning dependencies of target tms_msg_rc__python[0m
[11.199s] [ 82%] [32m[1mLinking C shared library rosidl_generator_py/tms_msg_rc/libtms_msg_rc__python.so[0m
[11.349s] [ 86%] Built target tms_msg_rc__python
[11.375s] [35m[1mScanning dependencies of target tms_msg_rc__rosidl_typesupport_c__pyext[0m
[11.383s] [35m[1mScanning dependencies of target tms_msg_rc__rosidl_typesupport_fastrtps_c__pyext[0m
[11.420s] [ 89%] [32m[1mLinking C shared library rosidl_generator_py/tms_msg_rc/tms_msg_rc_s__rosidl_typesupport_c.cpython-36m-x86_64-linux-gnu.so[0m
[11.422s] [ 93%] [32m[1mLinking C shared library rosidl_generator_py/tms_msg_rc/tms_msg_rc_s__rosidl_typesupport_fastrtps_c.cpython-36m-x86_64-linux-gnu.so[0m
[11.566s] [ 96%] Built target tms_msg_rc__rosidl_typesupport_fastrtps_c__pyext
[11.586s] [100%] Built target tms_msg_rc__rosidl_typesupport_c__pyext
[12.275s] [  3%] Built target tms_msg_rc__cpp
[12.281s] [ 13%] Built target tms_msg_rc__rosidl_generator_c
[12.314s] [ 24%] Built target tms_msg_rc__rosidl_typesupport_fastrtps_cpp
[12.322s] [ 34%] Built target tms_msg_rc__rosidl_typesupport_introspection_cpp
[12.328s] [ 44%] Built target tms_msg_rc__rosidl_typesupport_introspection_c
[12.357s] [ 55%] Built target tms_msg_rc__rosidl_typesupport_fastrtps_c
[12.360s] [ 65%] Built target tms_msg_rc__rosidl_typesupport_cpp
[12.398s] [ 75%] Built target tms_msg_rc__rosidl_typesupport_c
[12.429s] [ 75%] Built target tms_msg_rc
[12.464s] [ 79%] Built target tms_msg_rc__py
[12.508s] [ 86%] Built target tms_msg_rc__python
[12.550s] [ 93%] Built target tms_msg_rc__rosidl_typesupport_c__pyext
[12.551s] [100%] Built target tms_msg_rc__rosidl_typesupport_fastrtps_c__pyext
[12.583s] [36mInstall the project...[0m
[12.598s] -- Install configuration: ""
[12.599s] -- Execute custom install script
[12.600s] -- Up-to-date symlink: /home/common/colcon_ws/install/tms_msg_rc/share/ament_index/resource_index/rosidl_interfaces/tms_msg_rc
[12.600s] -- Up-to-date symlink: /home/common/colcon_ws/install/tms_msg_rc/lib/libtms_msg_rc__rosidl_typesupport_c.so
[12.601s] -- Up-to-date symlink: /home/common/colcon_ws/install/tms_msg_rc/share/tms_msg_rc/environment/library_path.sh
[12.601s] -- Up-to-date symlink: /home/common/colcon_ws/install/tms_msg_rc/lib/libtms_msg_rc__rosidl_typesupport_cpp.so
[12.602s] -- Up-to-date symlink: /home/common/colcon_ws/install/tms_msg_rc/include/tms_msg_rc/msg/rosidl_typesupport_fastrtps_c__visibility_control.h
[12.603s] -- Up-to-date symlink: /home/common/colcon_ws/install/tms_msg_rc/include/tms_msg_rc/srv/turtlebot_control__rosidl_typesupport_fastrtps_c.h
[12.603s] -- Up-to-date symlink: /home/common/colcon_ws/install/tms_msg_rc/lib/libtms_msg_rc__rosidl_typesupport_fastrtps_c.so
[12.604s] -- Up-to-date symlink: /home/common/colcon_ws/install/tms_msg_rc/include/tms_msg_rc/msg/rosidl_generator_c__visibility_control.h
[12.605s] -- Up-to-date symlink: /home/common/colcon_ws/install/tms_msg_rc/include/tms_msg_rc/srv/turtlebot_control.h
[12.605s] -- Up-to-date symlink: /home/common/colcon_ws/install/tms_msg_rc/include/tms_msg_rc/srv/turtlebot_control__functions.h
[12.606s] -- Up-to-date symlink: /home/common/colcon_ws/install/tms_msg_rc/include/tms_msg_rc/srv/turtlebot_control__struct.h
[12.606s] -- Up-to-date symlink: /home/common/colcon_ws/install/tms_msg_rc/include/tms_msg_rc/srv/turtlebot_control__type_support.h
[12.607s] -- Up-to-date symlink: /home/common/colcon_ws/install/tms_msg_rc/lib/libtms_msg_rc__rosidl_generator_c.so
[12.608s] -- Up-to-date symlink: /home/common/colcon_ws/install/tms_msg_rc/include/tms_msg_rc/msg/rosidl_typesupport_fastrtps_cpp__visibility_control.h
[12.608s] -- Up-to-date symlink: /home/common/colcon_ws/install/tms_msg_rc/include/tms_msg_rc/srv/turtlebot_control__rosidl_typesupport_fastrtps_cpp.hpp
[12.609s] -- Up-to-date symlink: /home/common/colcon_ws/install/tms_msg_rc/lib/libtms_msg_rc__rosidl_typesupport_fastrtps_cpp.so
[12.610s] -- Up-to-date symlink: /home/common/colcon_ws/install/tms_msg_rc/include/tms_msg_rc/srv/turtlebot_control.hpp
[12.610s] -- Up-to-date symlink: /home/common/colcon_ws/install/tms_msg_rc/include/tms_msg_rc/srv/turtlebot_control__struct.hpp
[12.610s] -- Up-to-date symlink: /home/common/colcon_ws/install/tms_msg_rc/include/tms_msg_rc/srv/turtlebot_control__traits.hpp
[12.611s] -- Up-to-date symlink: /home/common/colcon_ws/install/tms_msg_rc/include/tms_msg_rc/msg/rosidl_typesupport_introspection_c__visibility_control.h
[12.612s] -- Up-to-date symlink: /home/common/colcon_ws/install/tms_msg_rc/include/tms_msg_rc/srv/turtlebot_control__rosidl_typesupport_introspection_c.h
[12.612s] -- Up-to-date symlink: /home/common/colcon_ws/install/tms_msg_rc/lib/libtms_msg_rc__rosidl_typesupport_introspection_c.so
[12.613s] -- Up-to-date symlink: /home/common/colcon_ws/install/tms_msg_rc/include/tms_msg_rc/srv/turtlebot_control__rosidl_typesupport_introspection_cpp.hpp
[12.613s] -- Up-to-date symlink: /home/common/colcon_ws/install/tms_msg_rc/lib/libtms_msg_rc__rosidl_typesupport_introspection_cpp.so
[12.614s] -- Up-to-date symlink: /home/common/colcon_ws/install/tms_msg_rc/share/tms_msg_rc/environment/pythonpath.sh
[12.614s] -- Up-to-date symlink: /home/common/colcon_ws/install/tms_msg_rc/lib/python3.6/site-packages/tms_msg_rc/__init__.py
[12.615s] -- Up-to-date symlink: /home/common/colcon_ws/install/tms_msg_rc/lib/python3.6/site-packages/tms_msg_rc/srv/__init__.py
[12.616s] -- Up-to-date symlink: /home/common/colcon_ws/install/tms_msg_rc/lib/python3.6/site-packages/tms_msg_rc/srv/_turtlebot_control.py
[12.616s] -- Up-to-date symlink: /home/common/colcon_ws/install/tms_msg_rc/lib/python3.6/site-packages/tms_msg_rc/tms_msg_rc_s__rosidl_typesupport_c.cpython-36m-x86_64-linux-gnu.so
[12.617s] -- Up-to-date symlink: /home/common/colcon_ws/install/tms_msg_rc/lib/python3.6/site-packages/tms_msg_rc/tms_msg_rc_s__rosidl_typesupport_fastrtps_c.cpython-36m-x86_64-linux-gnu.so
[12.618s] -- Up-to-date symlink: /home/common/colcon_ws/install/tms_msg_rc/lib/libtms_msg_rc__python.so
[12.618s] -- Up-to-date symlink: /home/common/colcon_ws/install/tms_msg_rc/share/tms_msg_rc/srv/TurtlebotControl.idl
[12.618s] -- Symlinking: /home/common/colcon_ws/install/tms_msg_rc/share/tms_msg_rc/srv/TurtlebotControl.srv
[12.635s] -- Up-to-date symlink: /home/common/colcon_ws/install/tms_msg_rc/share/tms_msg_rc/srv/TurtlebotControl_Request.msg
[12.635s] -- Up-to-date symlink: /home/common/colcon_ws/install/tms_msg_rc/share/tms_msg_rc/srv/TurtlebotControl_Response.msg
[12.636s] -- Up-to-date symlink: /home/common/colcon_ws/install/tms_msg_rc/share/ament_index/resource_index/package_run_dependencies/tms_msg_rc
[12.636s] -- Up-to-date symlink: /home/common/colcon_ws/install/tms_msg_rc/share/ament_index/resource_index/parent_prefix_path/tms_msg_rc
[12.637s] -- Up-to-date symlink: /home/common/colcon_ws/install/tms_msg_rc/share/tms_msg_rc/environment/ament_prefix_path.sh
[12.637s] -- Up-to-date symlink: /home/common/colcon_ws/install/tms_msg_rc/share/tms_msg_rc/environment/path.sh
[12.638s] -- Up-to-date symlink: /home/common/colcon_ws/install/tms_msg_rc/share/tms_msg_rc/local_setup.bash
[12.638s] -- Up-to-date symlink: /home/common/colcon_ws/install/tms_msg_rc/share/tms_msg_rc/local_setup.sh
[12.639s] -- Up-to-date symlink: /home/common/colcon_ws/install/tms_msg_rc/share/tms_msg_rc/local_setup.zsh
[12.639s] -- Up-to-date symlink: /home/common/colcon_ws/install/tms_msg_rc/share/ament_index/resource_index/packages/tms_msg_rc
[12.640s] -- Up-to-date symlink: /home/common/colcon_ws/install/tms_msg_rc/share/tms_msg_rc/cmake/rosidl_cmake-extras.cmake
[12.640s] -- Up-to-date symlink: /home/common/colcon_ws/install/tms_msg_rc/share/tms_msg_rc/cmake/ament_cmake_export_dependencies-extras.cmake
[12.641s] -- Up-to-date symlink: /home/common/colcon_ws/install/tms_msg_rc/share/tms_msg_rc/cmake/ament_cmake_export_libraries-extras.cmake
[12.641s] -- Up-to-date symlink: /home/common/colcon_ws/install/tms_msg_rc/share/tms_msg_rc/cmake/ament_cmake_export_include_directories-extras.cmake
[12.641s] -- Up-to-date symlink: /home/common/colcon_ws/install/tms_msg_rc/share/tms_msg_rc/cmake/tms_msg_rcConfig.cmake
[12.642s] -- Up-to-date symlink: /home/common/colcon_ws/install/tms_msg_rc/share/tms_msg_rc/cmake/tms_msg_rcConfig-version.cmake
[12.642s] -- Symlinking: /home/common/colcon_ws/install/tms_msg_rc/share/tms_msg_rc/package.xml
[12.731s] Compiling '/home/common/colcon_ws/install/tms_msg_rc/lib/python3.6/site-packages/tms_msg_rc/__init__.py'...
