[0.039s] Invoking command in '/home/common/colcon_ws/build/turtlebot3_bringup': CMAKE_PREFIX_PATH=/home/common/colcon_ws/install/turtlebot3_node:/home/common/colcon_ws/install/turtlebot3_msgs:/home/common/colcon_ws/install/turtlebot3_description:/home/common/colcon_ws/install/hls_lfcd_lds_driver:/home/common/colcon_ws/install/dynamixel_sdk:/home/common/colcon_ws/install/octomap_msgs:/home/common/colcon_ws/install/turtlebot3_teleop:/home/common/colcon_ws/install/tms_ur_speaker:/home/common/colcon_ws/install/tms_ur_listener:/home/common/colcon_ws/install/tms_ts_ts:/home/common/colcon_ws/install/tms_ts_test:/home/common/colcon_ws/install/tms_ts_subtask:/home/common/colcon_ws/install/tms_ss_whs1:/home/common/colcon_ws/install/tms_rc_double:/home/common/colcon_ws/install/tms_db_manager:/opt/ros/dashing:/opt/ros/melodic:/home/common/colcon_ws/install/turtlebot3:/home/common/colcon_ws/install/turtlebot3_simulations:/home/common/colcon_ws/install/turtlebot3_bringup:/home/common/colcon_ws/install/turtlebot3_navigation2:/home/common/colcon_ws/install/turtlebot3_fake_node:/home/common/colcon_ws/install/doublenode:/home/common/colcon_ws/install/turtlebot3_gazebo:/home/common/colcon_ws/install/turtlebot3_cartographer:/home/common/colcon_ws/install/tms_ss_vicon:/home/common/colcon_ws/install/tms_rc_tfnode:/home/common/colcon_ws/install/tms_rc_bot:/home/common/colcon_ws/install/tms_nw_rp:/home/common/colcon_ws/install/tms_msg_ur:/home/common/colcon_ws/install/tms_msg_ts:/home/common/colcon_ws/install/tms_msg_ss:/home/common/colcon_ws/install/tms_msg_rc:/home/common/colcon_ws/install/tms_msg_db:/home/common/colcon_ws/install/object_recognition_msgs:/home/common/colcon_ws/install/examples_rclcpp_minimal_timer:/home/common/colcon_ws/install/examples_rclcpp_minimal_subscriber:/home/common/colcon_ws/install/examples_rclcpp_minimal_service:/home/common/colcon_ws/install/examples_rclcpp_minimal_publisher:/home/common/colcon_ws/install/examples_rclcpp_minimal_composition:/home/common/colcon_ws/install/examples_rclcpp_minimal_client:/home/common/colcon_ws/install/examples_rclcpp_minimal_action_server:/home/common/colcon_ws/install/examples_rclcpp_minimal_action_client LD_LIBRARY_PATH=/home/common/colcon_ws/install/turtlebot3_msgs/lib:/home/common/colcon_ws/install/dynamixel_sdk/lib:/home/common/colcon_ws/install/octomap_msgs/lib:/opt/ros/melodic/lib:/home/common/colcon_ws/install/tms_nw_rp/lib:/home/common/colcon_ws/install/tms_msg_ur/lib:/home/common/colcon_ws/install/tms_msg_ts/lib:/home/common/colcon_ws/install/tms_msg_ss/lib:/home/common/colcon_ws/install/tms_msg_rc/lib:/home/common/colcon_ws/install/tms_msg_db/lib:/home/common/colcon_ws/install/object_recognition_msgs/lib:/home/common/colcon_ws/install/examples_rclcpp_minimal_composition/lib:/opt/ros/dashing/opt/yaml_cpp_vendor/lib:/opt/ros/dashing/opt/rviz_ogre_vendor/lib:/opt/ros/dashing/lib:/usr/include:/usr/include/omniORB4 PYTHONPATH=/home/common/colcon_ws/install/turtlebot3_msgs/lib/python3.6/site-packages:/home/common/colcon_ws/build/turtlebot3_teleop:/home/common/colcon_ws/build/tms_ur_speaker:/home/common/colcon_ws/build/tms_ur_listener:/home/common/colcon_ws/build/tms_ts_ts:/home/common/colcon_ws/build/tms_ts_test:/home/common/colcon_ws/build/tms_ts_subtask:/home/common/colcon_ws/build/tms_ss_whs1:/home/common/colcon_ws/build/tms_rc_double:/home/common/colcon_ws/build/tms_db_manager:/home/common/colcon_ws/install/octomap_msgs/lib/python3.6/site-packages:/opt/ros/melodic/lib/python2.7/dist-packages:/home/common/colcon_ws/install/turtlebot3_teleop/lib/python3.6/site-packages:/home/common/colcon_ws/install/tms_ur_speaker/lib/python3.6/site-packages:/home/common/colcon_ws/install/tms_ur_listener/lib/python3.6/site-packages:/home/common/colcon_ws/install/tms_ts_ts/lib/python3.6/site-packages:/home/common/colcon_ws/install/tms_ts_test/lib/python3.6/site-packages:/home/common/colcon_ws/install/tms_ts_subtask/lib/python3.6/site-packages:/home/common/colcon_ws/install/tms_ss_whs1/lib/python3.6/site-packages:/home/common/colcon_ws/install/tms_rc_double/lib/python3.6/site-packages:/home/common/colcon_ws/install/tms_nw_rp/lib/python3.6/site-packages:/home/common/colcon_ws/install/tms_msg_ur/lib/python3.6/site-packages:/home/common/colcon_ws/install/tms_msg_ts/lib/python3.6/site-packages:/home/common/colcon_ws/install/tms_msg_ss/lib/python3.6/site-packages:/home/common/colcon_ws/install/tms_msg_rc/lib/python3.6/site-packages:/home/common/colcon_ws/install/tms_db_manager/lib/python3.6/site-packages:/home/common/colcon_ws/install/tms_msg_db/lib/python3.6/site-packages:/home/common/colcon_ws/install/object_recognition_msgs/lib/python3.6/site-packages:/opt/ros/dashing/lib/python3.6/site-packages /usr/bin/cmake /home/common/colcon_ws/src/ros_tms/turtlebot3/turtlebot3/turtlebot3_bringup -DAMENT_CMAKE_SYMLINK_INSTALL=1 -DCMAKE_INSTALL_PREFIX=/home/common/colcon_ws/install/turtlebot3_bringup
[0.143s] -- The C compiler identification is GNU 7.4.0
[0.240s] -- The CXX compiler identification is GNU 7.4.0
[0.247s] -- Check for working C compiler: /usr/bin/cc
[0.359s] -- Check for working C compiler: /usr/bin/cc -- works
[0.360s] -- Detecting C compiler ABI info
[0.487s] -- Detecting C compiler ABI info - done
[0.496s] -- Detecting C compile features
[0.788s] -- Detecting C compile features - done
[0.790s] -- Check for working CXX compiler: /usr/bin/c++
[0.899s] -- Check for working CXX compiler: /usr/bin/c++ -- works
[0.900s] -- Detecting CXX compiler ABI info
[1.017s] -- Detecting CXX compiler ABI info - done
[1.025s] -- Detecting CXX compile features
[1.477s] -- Detecting CXX compile features - done
[1.479s] -- Found ament_cmake: 0.7.4 (/opt/ros/dashing/share/ament_cmake/cmake)
[1.541s] -- Found PythonInterp: /usr/bin/python3 (found suitable version "3.6.9", minimum required is "3") 
[1.542s] -- Using PYTHON_EXECUTABLE: /usr/bin/python3
[1.840s] -- Override CMake install command with custom implementation using symlinks instead of copying resources
[1.944s] -- Configuring done
[1.945s] -- Generating done
[1.946s] -- Build files have been written to: /home/common/colcon_ws/build/turtlebot3_bringup
