[0.025s] Invoking command in '/home/common/colcon_ws/build/examples_rclcpp_minimal_composition': CMAKE_PREFIX_PATH=/opt/ros/dashing:${CMAKE_PREFIX_PATH} /usr/bin/cmake --build /home/common/colcon_ws/build/examples_rclcpp_minimal_composition -- -j8 -l8
[0.152s] [ 33%] Built target composition_nodes
[0.220s] [ 55%] Built target composition_subscriber
[0.245s] [ 77%] Built target composition_composed
[0.252s] [100%] Built target composition_publisher
[0.269s] Invoked command in '/home/common/colcon_ws/build/examples_rclcpp_minimal_composition' returned '0': CMAKE_PREFIX_PATH=/opt/ros/dashing:${CMAKE_PREFIX_PATH} /usr/bin/cmake --build /home/common/colcon_ws/build/examples_rclcpp_minimal_composition -- -j8 -l8
[0.348s] Invoking command in '/home/common/colcon_ws/build/examples_rclcpp_minimal_composition': CMAKE_PREFIX_PATH=/opt/ros/dashing:${CMAKE_PREFIX_PATH} /usr/bin/cmake --build /home/common/colcon_ws/build/examples_rclcpp_minimal_composition --target install -- -j8 -l8
[0.456s] [ 33%] Built target composition_nodes
[0.518s] [ 55%] Built target composition_subscriber
[0.519s] [ 77%] Built target composition_composed
[0.519s] [100%] Built target composition_publisher
[0.554s] [36mInstall the project...[0m
[0.568s] -- Install configuration: ""
[0.569s] -- Execute custom install script
[0.570s] -- Up-to-date symlink: /home/common/colcon_ws/install/examples_rclcpp_minimal_composition/share/examples_rclcpp_minimal_composition/environment/library_path.sh
[0.573s] -- Up-to-date symlink: /home/common/colcon_ws/install/examples_rclcpp_minimal_composition/lib/libcomposition_nodes.so
[0.573s] -- Up-to-date symlink: /home/common/colcon_ws/install/examples_rclcpp_minimal_composition/lib/examples_rclcpp_minimal_composition/composition_publisher
[0.574s] -- Up-to-date symlink: /home/common/colcon_ws/install/examples_rclcpp_minimal_composition/lib/examples_rclcpp_minimal_composition/composition_subscriber
[0.574s] -- Up-to-date symlink: /home/common/colcon_ws/install/examples_rclcpp_minimal_composition/lib/examples_rclcpp_minimal_composition/composition_composed
[0.574s] -- Up-to-date symlink: /home/common/colcon_ws/install/examples_rclcpp_minimal_composition/share/ament_index/resource_index/package_run_dependencies/examples_rclcpp_minimal_composition
[0.574s] -- Up-to-date symlink: /home/common/colcon_ws/install/examples_rclcpp_minimal_composition/share/ament_index/resource_index/parent_prefix_path/examples_rclcpp_minimal_composition
[0.574s] -- Up-to-date symlink: /home/common/colcon_ws/install/examples_rclcpp_minimal_composition/share/examples_rclcpp_minimal_composition/environment/ament_prefix_path.sh
[0.575s] -- Up-to-date symlink: /home/common/colcon_ws/install/examples_rclcpp_minimal_composition/share/examples_rclcpp_minimal_composition/environment/path.sh
[0.576s] -- Up-to-date symlink: /home/common/colcon_ws/install/examples_rclcpp_minimal_composition/share/examples_rclcpp_minimal_composition/local_setup.bash
[0.576s] -- Up-to-date symlink: /home/common/colcon_ws/install/examples_rclcpp_minimal_composition/share/examples_rclcpp_minimal_composition/local_setup.sh
[0.577s] -- Up-to-date symlink: /home/common/colcon_ws/install/examples_rclcpp_minimal_composition/share/examples_rclcpp_minimal_composition/local_setup.zsh
[0.578s] -- Up-to-date symlink: /home/common/colcon_ws/install/examples_rclcpp_minimal_composition/share/ament_index/resource_index/packages/examples_rclcpp_minimal_composition
[0.579s] -- Up-to-date symlink: /home/common/colcon_ws/install/examples_rclcpp_minimal_composition/share/examples_rclcpp_minimal_composition/cmake/examples_rclcpp_minimal_compositionConfig.cmake
[0.579s] -- Up-to-date symlink: /home/common/colcon_ws/install/examples_rclcpp_minimal_composition/share/examples_rclcpp_minimal_composition/cmake/examples_rclcpp_minimal_compositionConfig-version.cmake
[0.580s] -- Up-to-date symlink: /home/common/colcon_ws/install/examples_rclcpp_minimal_composition/share/examples_rclcpp_minimal_composition/package.xml
[0.607s] Invoked command in '/home/common/colcon_ws/build/examples_rclcpp_minimal_composition' returned '0': CMAKE_PREFIX_PATH=/opt/ros/dashing:${CMAKE_PREFIX_PATH} /usr/bin/cmake --build /home/common/colcon_ws/build/examples_rclcpp_minimal_composition --target install -- -j8 -l8
