[0.130s] -- The C compiler identification is GNU 7.4.0
[0.202s] -- The CXX compiler identification is GNU 7.4.0
[0.208s] -- Check for working C compiler: /usr/bin/cc
[0.299s] -- Check for working C compiler: /usr/bin/cc -- works
[0.299s] -- Detecting C compiler ABI info
[0.394s] -- Detecting C compiler ABI info - done
[0.402s] -- Detecting C compile features
[0.681s] -- Detecting C compile features - done
[0.684s] -- Check for working CXX compiler: /usr/bin/c++
[0.799s] -- Check for working CXX compiler: /usr/bin/c++ -- works
[0.800s] -- Detecting CXX compiler ABI info
[0.928s] -- Detecting CXX compiler ABI info - done
[0.936s] -- Detecting CXX compile features
[1.432s] -- Detecting CXX compile features - done
[1.435s] -- Found ament_cmake: 0.7.4 (/opt/ros/dashing/share/ament_cmake/cmake)
[1.518s] -- Found PythonInterp: /usr/bin/python3 (found suitable version "3.6.9", minimum required is "3") 
[1.518s] -- Using PYTHON_EXECUTABLE: /usr/bin/python3
[1.943s] -- Override CMake install command with custom implementation using symlinks instead of copying resources
[2.126s] -- Configuring done
[2.133s] -- Generating done
[2.135s] -- Build files have been written to: /home/common/colcon_ws/build/dynamixel_sdk
[2.214s] [35m[1mScanning dependencies of target dynamixel_sdk[0m
[2.236s] [100%] Built target dynamixel_sdk
[2.432s] [100%] Built target dynamixel_sdk
[2.466s] [36mInstall the project...[0m
[2.482s] -- Install configuration: ""
[2.483s] -- Execute custom install script
[2.484s] -- Up-to-date symlink: /home/common/colcon_ws/install/dynamixel_sdk/include//dynamixel_sdk/dynamixel_sdk.h
[2.484s] -- Up-to-date symlink: /home/common/colcon_ws/install/dynamixel_sdk/include//dynamixel_sdk/group_bulk_read.h
[2.484s] -- Up-to-date symlink: /home/common/colcon_ws/install/dynamixel_sdk/include//dynamixel_sdk/group_bulk_write.h
[2.485s] -- Up-to-date symlink: /home/common/colcon_ws/install/dynamixel_sdk/include//dynamixel_sdk/group_sync_read.h
[2.485s] -- Up-to-date symlink: /home/common/colcon_ws/install/dynamixel_sdk/include//dynamixel_sdk/group_sync_write.h
[2.486s] -- Up-to-date symlink: /home/common/colcon_ws/install/dynamixel_sdk/include//dynamixel_sdk/packet_handler.h
[2.486s] -- Up-to-date symlink: /home/common/colcon_ws/install/dynamixel_sdk/include//dynamixel_sdk/port_handler.h
[2.486s] -- Up-to-date symlink: /home/common/colcon_ws/install/dynamixel_sdk/include//dynamixel_sdk/port_handler_arduino.h
[2.487s] -- Up-to-date symlink: /home/common/colcon_ws/install/dynamixel_sdk/include//dynamixel_sdk/port_handler_linux.h
[2.487s] -- Up-to-date symlink: /home/common/colcon_ws/install/dynamixel_sdk/include//dynamixel_sdk/port_handler_mac.h
[2.488s] -- Up-to-date symlink: /home/common/colcon_ws/install/dynamixel_sdk/include//dynamixel_sdk/port_handler_windows.h
[2.488s] -- Up-to-date symlink: /home/common/colcon_ws/install/dynamixel_sdk/include//dynamixel_sdk/protocol1_packet_handler.h
[2.488s] -- Up-to-date symlink: /home/common/colcon_ws/install/dynamixel_sdk/include//dynamixel_sdk/protocol2_packet_handler.h
[2.489s] -- Up-to-date symlink: /home/common/colcon_ws/install/dynamixel_sdk/lib/libdynamixel_sdk.so
[2.489s] -- Up-to-date symlink: /home/common/colcon_ws/install/dynamixel_sdk/share/dynamixel_sdk/environment/library_path.sh
[2.490s] -- Up-to-date symlink: /home/common/colcon_ws/install/dynamixel_sdk/share/ament_index/resource_index/package_run_dependencies/dynamixel_sdk
[2.490s] -- Up-to-date symlink: /home/common/colcon_ws/install/dynamixel_sdk/share/ament_index/resource_index/parent_prefix_path/dynamixel_sdk
[2.491s] -- Up-to-date symlink: /home/common/colcon_ws/install/dynamixel_sdk/share/dynamixel_sdk/environment/ament_prefix_path.sh
[2.491s] -- Up-to-date symlink: /home/common/colcon_ws/install/dynamixel_sdk/share/dynamixel_sdk/environment/path.sh
[2.492s] -- Up-to-date symlink: /home/common/colcon_ws/install/dynamixel_sdk/share/dynamixel_sdk/local_setup.bash
[2.492s] -- Up-to-date symlink: /home/common/colcon_ws/install/dynamixel_sdk/share/dynamixel_sdk/local_setup.sh
[2.493s] -- Up-to-date symlink: /home/common/colcon_ws/install/dynamixel_sdk/share/dynamixel_sdk/local_setup.zsh
[2.493s] -- Up-to-date symlink: /home/common/colcon_ws/install/dynamixel_sdk/share/ament_index/resource_index/packages/dynamixel_sdk
[2.493s] -- Up-to-date symlink: /home/common/colcon_ws/install/dynamixel_sdk/share/dynamixel_sdk/cmake/ament_cmake_export_include_directories-extras.cmake
[2.494s] -- Up-to-date symlink: /home/common/colcon_ws/install/dynamixel_sdk/share/dynamixel_sdk/cmake/ament_cmake_export_libraries-extras.cmake
[2.495s] -- Up-to-date symlink: /home/common/colcon_ws/install/dynamixel_sdk/share/dynamixel_sdk/cmake/dynamixel_sdkConfig.cmake
[2.495s] -- Up-to-date symlink: /home/common/colcon_ws/install/dynamixel_sdk/share/dynamixel_sdk/cmake/dynamixel_sdkConfig-version.cmake
[2.496s] -- Up-to-date symlink: /home/common/colcon_ws/install/dynamixel_sdk/share/dynamixel_sdk/package.xml
