[0.041s] Invoking command in '/home/common/colcon_ws/build/tms_msg_ur': CMAKE_PREFIX_PATH=/home/common/colcon_ws/install/turtlebot3:/home/common/colcon_ws/install/turtlebot3_simulations:/home/common/colcon_ws/install/doublenode:/home/common/colcon_ws/install/tms_ss_vicon:/home/common/colcon_ws/install/tms_ur_speaker:/home/common/colcon_ws/install/tms_ur_listener:/home/common/colcon_ws/install/tms_ts_ts:/home/common/colcon_ws/install/tms_ts_test:/home/common/colcon_ws/install/tms_ts_subtask:/home/common/colcon_ws/install/tms_db_manager:/home/common/colcon_ws/install/turtlebot3_teleop:/home/common/colcon_ws/install/tms_ss_whs1:/home/common/colcon_ws/install/tms_rc_double:/opt/ros/dashing:/opt/ros/melodic:/home/common/colcon_ws/install/tms_rc_tfnode:/home/common/colcon_ws/install/tms_msg_ur:/home/common/colcon_ws/install/tms_msg_ts:/home/common/colcon_ws/install/turtlebot3_bringup:/home/common/colcon_ws/install/turtlebot3_node:/home/common/colcon_ws/install/turtlebot3_navigation2:/home/common/colcon_ws/install/turtlebot3_fake_node:/home/common/colcon_ws/install/turtlebot3_msgs:/home/common/colcon_ws/install/turtlebot3_gazebo:/home/common/colcon_ws/install/turtlebot3_description:/home/common/colcon_ws/install/turtlebot3_cartographer:/home/common/colcon_ws/install/tms_rc_bot:/home/common/colcon_ws/install/tms_nw_rp:/home/common/colcon_ws/install/tms_msg_ss:/home/common/colcon_ws/install/tms_msg_rc:/home/common/colcon_ws/install/tms_msg_db:/home/common/colcon_ws/install/object_recognition_msgs:/home/common/colcon_ws/install/hls_lfcd_lds_driver:/home/common/colcon_ws/install/examples_rclcpp_minimal_timer:/home/common/colcon_ws/install/examples_rclcpp_minimal_subscriber:/home/common/colcon_ws/install/examples_rclcpp_minimal_service:/home/common/colcon_ws/install/examples_rclcpp_minimal_publisher:/home/common/colcon_ws/install/examples_rclcpp_minimal_composition:/home/common/colcon_ws/install/examples_rclcpp_minimal_client:/home/common/colcon_ws/install/examples_rclcpp_minimal_action_server:/home/common/colcon_ws/install/examples_rclcpp_minimal_action_client:/home/common/colcon_ws/install/dynamixel_sdk /usr/bin/cmake --build /home/common/colcon_ws/build/tms_msg_ur -- -j8 -l8
[0.201s] [ 11%] Built target tms_msg_ur__rosidl_generator_c
[0.212s] [ 13%] Built target tms_msg_ur__cpp
[0.271s] [ 24%] Built target tms_msg_ur__rosidl_typesupport_introspection_c
[0.297s] [ 35%] Built target tms_msg_ur__rosidl_typesupport_introspection_cpp
[0.312s] [ 47%] Built target tms_msg_ur__rosidl_typesupport_fastrtps_cpp
[0.377s] [ 58%] Built target tms_msg_ur__rosidl_typesupport_fastrtps_c
[0.385s] [ 69%] Built target tms_msg_ur__rosidl_typesupport_cpp
[0.416s] [ 81%] Built target tms_msg_ur__rosidl_typesupport_c
[0.449s] [ 81%] Built target tms_msg_ur
[0.477s] [ 83%] Built target tms_msg_ur__py
[0.531s] [ 92%] Built target tms_msg_ur__python
[0.574s] [ 96%] Built target tms_msg_ur__rosidl_typesupport_fastrtps_c__pyext
[0.577s] [100%] Built target tms_msg_ur__rosidl_typesupport_c__pyext
[0.732s] Invoked command in '/home/common/colcon_ws/build/tms_msg_ur' returned '0': CMAKE_PREFIX_PATH=/home/common/colcon_ws/install/turtlebot3:/home/common/colcon_ws/install/turtlebot3_simulations:/home/common/colcon_ws/install/doublenode:/home/common/colcon_ws/install/tms_ss_vicon:/home/common/colcon_ws/install/tms_ur_speaker:/home/common/colcon_ws/install/tms_ur_listener:/home/common/colcon_ws/install/tms_ts_ts:/home/common/colcon_ws/install/tms_ts_test:/home/common/colcon_ws/install/tms_ts_subtask:/home/common/colcon_ws/install/tms_db_manager:/home/common/colcon_ws/install/turtlebot3_teleop:/home/common/colcon_ws/install/tms_ss_whs1:/home/common/colcon_ws/install/tms_rc_double:/opt/ros/dashing:/opt/ros/melodic:/home/common/colcon_ws/install/tms_rc_tfnode:/home/common/colcon_ws/install/tms_msg_ur:/home/common/colcon_ws/install/tms_msg_ts:/home/common/colcon_ws/install/turtlebot3_bringup:/home/common/colcon_ws/install/turtlebot3_node:/home/common/colcon_ws/install/turtlebot3_navigation2:/home/common/colcon_ws/install/turtlebot3_fake_node:/home/common/colcon_ws/install/turtlebot3_msgs:/home/common/colcon_ws/install/turtlebot3_gazebo:/home/common/colcon_ws/install/turtlebot3_description:/home/common/colcon_ws/install/turtlebot3_cartographer:/home/common/colcon_ws/install/tms_rc_bot:/home/common/colcon_ws/install/tms_nw_rp:/home/common/colcon_ws/install/tms_msg_ss:/home/common/colcon_ws/install/tms_msg_rc:/home/common/colcon_ws/install/tms_msg_db:/home/common/colcon_ws/install/object_recognition_msgs:/home/common/colcon_ws/install/hls_lfcd_lds_driver:/home/common/colcon_ws/install/examples_rclcpp_minimal_timer:/home/common/colcon_ws/install/examples_rclcpp_minimal_subscriber:/home/common/colcon_ws/install/examples_rclcpp_minimal_service:/home/common/colcon_ws/install/examples_rclcpp_minimal_publisher:/home/common/colcon_ws/install/examples_rclcpp_minimal_composition:/home/common/colcon_ws/install/examples_rclcpp_minimal_client:/home/common/colcon_ws/install/examples_rclcpp_minimal_action_server:/home/common/colcon_ws/install/examples_rclcpp_minimal_action_client:/home/common/colcon_ws/install/dynamixel_sdk /usr/bin/cmake --build /home/common/colcon_ws/build/tms_msg_ur -- -j8 -l8
[1.052s] Invoking command in '/home/common/colcon_ws/build/tms_msg_ur': CMAKE_PREFIX_PATH=/home/common/colcon_ws/install/turtlebot3:/home/common/colcon_ws/install/turtlebot3_simulations:/home/common/colcon_ws/install/doublenode:/home/common/colcon_ws/install/tms_ss_vicon:/home/common/colcon_ws/install/tms_ur_speaker:/home/common/colcon_ws/install/tms_ur_listener:/home/common/colcon_ws/install/tms_ts_ts:/home/common/colcon_ws/install/tms_ts_test:/home/common/colcon_ws/install/tms_ts_subtask:/home/common/colcon_ws/install/tms_db_manager:/home/common/colcon_ws/install/turtlebot3_teleop:/home/common/colcon_ws/install/tms_ss_whs1:/home/common/colcon_ws/install/tms_rc_double:/opt/ros/dashing:/opt/ros/melodic:/home/common/colcon_ws/install/tms_rc_tfnode:/home/common/colcon_ws/install/tms_msg_ur:/home/common/colcon_ws/install/tms_msg_ts:/home/common/colcon_ws/install/turtlebot3_bringup:/home/common/colcon_ws/install/turtlebot3_node:/home/common/colcon_ws/install/turtlebot3_navigation2:/home/common/colcon_ws/install/turtlebot3_fake_node:/home/common/colcon_ws/install/turtlebot3_msgs:/home/common/colcon_ws/install/turtlebot3_gazebo:/home/common/colcon_ws/install/turtlebot3_description:/home/common/colcon_ws/install/turtlebot3_cartographer:/home/common/colcon_ws/install/tms_rc_bot:/home/common/colcon_ws/install/tms_nw_rp:/home/common/colcon_ws/install/tms_msg_ss:/home/common/colcon_ws/install/tms_msg_rc:/home/common/colcon_ws/install/tms_msg_db:/home/common/colcon_ws/install/object_recognition_msgs:/home/common/colcon_ws/install/hls_lfcd_lds_driver:/home/common/colcon_ws/install/examples_rclcpp_minimal_timer:/home/common/colcon_ws/install/examples_rclcpp_minimal_subscriber:/home/common/colcon_ws/install/examples_rclcpp_minimal_service:/home/common/colcon_ws/install/examples_rclcpp_minimal_publisher:/home/common/colcon_ws/install/examples_rclcpp_minimal_composition:/home/common/colcon_ws/install/examples_rclcpp_minimal_client:/home/common/colcon_ws/install/examples_rclcpp_minimal_action_server:/home/common/colcon_ws/install/examples_rclcpp_minimal_action_client:/home/common/colcon_ws/install/dynamixel_sdk /usr/bin/cmake --build /home/common/colcon_ws/build/tms_msg_ur --target install -- -j8 -l8
[1.142s] [  1%] Built target tms_msg_ur__cpp
[1.160s] [ 13%] Built target tms_msg_ur__rosidl_generator_c
[1.225s] [ 24%] Built target tms_msg_ur__rosidl_typesupport_introspection_cpp
[1.254s] [ 35%] Built target tms_msg_ur__rosidl_typesupport_fastrtps_cpp
[1.263s] [ 47%] Built target tms_msg_ur__rosidl_typesupport_introspection_c
[1.313s] [ 58%] Built target tms_msg_ur__rosidl_typesupport_cpp
[1.360s] [ 69%] Built target tms_msg_ur__rosidl_typesupport_fastrtps_c
[1.417s] [ 81%] Built target tms_msg_ur__rosidl_typesupport_c
[1.457s] [ 81%] Built target tms_msg_ur
[1.495s] [ 83%] Built target tms_msg_ur__py
[1.550s] [ 92%] Built target tms_msg_ur__python
[1.608s] [ 96%] Built target tms_msg_ur__rosidl_typesupport_c__pyext
[1.619s] [100%] Built target tms_msg_ur__rosidl_typesupport_fastrtps_c__pyext
[1.666s] [36mInstall the project...[0m
[1.682s] -- Install configuration: ""
[1.683s] -- Execute custom install script
[1.684s] -- Up-to-date symlink: /home/common/colcon_ws/install/tms_msg_ur/share/ament_index/resource_index/rosidl_interfaces/tms_msg_ur
[1.685s] -- Up-to-date symlink: /home/common/colcon_ws/install/tms_msg_ur/include/tms_msg_ur/msg/julius_msg.hpp
[1.685s] -- Up-to-date symlink: /home/common/colcon_ws/install/tms_msg_ur/include/tms_msg_ur/msg/julius_msg__struct.hpp
[1.685s] -- Up-to-date symlink: /home/common/colcon_ws/install/tms_msg_ur/include/tms_msg_ur/msg/julius_msg__traits.hpp
[1.686s] -- Up-to-date symlink: /home/common/colcon_ws/install/tms_msg_ur/include/tms_msg_ur/srv/g_speech_srv.hpp
[1.686s] -- Up-to-date symlink: /home/common/colcon_ws/install/tms_msg_ur/include/tms_msg_ur/srv/g_speech_srv__struct.hpp
[1.686s] -- Up-to-date symlink: /home/common/colcon_ws/install/tms_msg_ur/include/tms_msg_ur/srv/g_speech_srv__traits.hpp
[1.687s] -- Up-to-date symlink: /home/common/colcon_ws/install/tms_msg_ur/include/tms_msg_ur/srv/slack_srv.hpp
[1.687s] -- Up-to-date symlink: /home/common/colcon_ws/install/tms_msg_ur/include/tms_msg_ur/srv/slack_srv__struct.hpp
[1.687s] -- Up-to-date symlink: /home/common/colcon_ws/install/tms_msg_ur/include/tms_msg_ur/srv/slack_srv__traits.hpp
[1.688s] -- Up-to-date symlink: /home/common/colcon_ws/install/tms_msg_ur/include/tms_msg_ur/srv/speaker_srv.hpp
[1.688s] -- Up-to-date symlink: /home/common/colcon_ws/install/tms_msg_ur/include/tms_msg_ur/srv/speaker_srv__struct.hpp
[1.688s] -- Up-to-date symlink: /home/common/colcon_ws/install/tms_msg_ur/include/tms_msg_ur/srv/speaker_srv__traits.hpp
[1.689s] -- Up-to-date symlink: /home/common/colcon_ws/install/tms_msg_ur/include/tms_msg_ur/msg/julius_msg.h
[1.689s] -- Up-to-date symlink: /home/common/colcon_ws/install/tms_msg_ur/include/tms_msg_ur/msg/julius_msg__functions.h
[1.690s] -- Up-to-date symlink: /home/common/colcon_ws/install/tms_msg_ur/include/tms_msg_ur/msg/julius_msg__struct.h
[1.690s] -- Up-to-date symlink: /home/common/colcon_ws/install/tms_msg_ur/include/tms_msg_ur/msg/julius_msg__type_support.h
[1.690s] -- Up-to-date symlink: /home/common/colcon_ws/install/tms_msg_ur/include/tms_msg_ur/msg/rosidl_generator_c__visibility_control.h
[1.691s] -- Up-to-date symlink: /home/common/colcon_ws/install/tms_msg_ur/include/tms_msg_ur/srv/g_speech_srv.h
[1.691s] -- Up-to-date symlink: /home/common/colcon_ws/install/tms_msg_ur/include/tms_msg_ur/srv/g_speech_srv__functions.h
[1.691s] -- Up-to-date symlink: /home/common/colcon_ws/install/tms_msg_ur/include/tms_msg_ur/srv/g_speech_srv__struct.h
[1.692s] -- Up-to-date symlink: /home/common/colcon_ws/install/tms_msg_ur/include/tms_msg_ur/srv/g_speech_srv__type_support.h
[1.692s] -- Up-to-date symlink: /home/common/colcon_ws/install/tms_msg_ur/include/tms_msg_ur/srv/slack_srv.h
[1.692s] -- Up-to-date symlink: /home/common/colcon_ws/install/tms_msg_ur/include/tms_msg_ur/srv/slack_srv__functions.h
[1.692s] -- Up-to-date symlink: /home/common/colcon_ws/install/tms_msg_ur/include/tms_msg_ur/srv/slack_srv__struct.h
[1.693s] -- Up-to-date symlink: /home/common/colcon_ws/install/tms_msg_ur/include/tms_msg_ur/srv/slack_srv__type_support.h
[1.693s] -- Up-to-date symlink: /home/common/colcon_ws/install/tms_msg_ur/include/tms_msg_ur/srv/speaker_srv.h
[1.693s] -- Up-to-date symlink: /home/common/colcon_ws/install/tms_msg_ur/include/tms_msg_ur/srv/speaker_srv__functions.h
[1.694s] -- Up-to-date symlink: /home/common/colcon_ws/install/tms_msg_ur/include/tms_msg_ur/srv/speaker_srv__struct.h
[1.694s] -- Up-to-date symlink: /home/common/colcon_ws/install/tms_msg_ur/include/tms_msg_ur/srv/speaker_srv__type_support.h
[1.700s] -- Up-to-date symlink: /home/common/colcon_ws/install/tms_msg_ur/share/tms_msg_ur/environment/library_path.sh
[1.700s] -- Up-to-date symlink: /home/common/colcon_ws/install/tms_msg_ur/lib/libtms_msg_ur__rosidl_generator_c.so
[1.701s] -- Up-to-date symlink: /home/common/colcon_ws/install/tms_msg_ur/lib/libtms_msg_ur__rosidl_typesupport_c.so
[1.701s] -- Up-to-date symlink: /home/common/colcon_ws/install/tms_msg_ur/lib/libtms_msg_ur__rosidl_typesupport_cpp.so
[1.701s] -- Up-to-date symlink: /home/common/colcon_ws/install/tms_msg_ur/include/tms_msg_ur/msg/julius_msg__rosidl_typesupport_introspection_c.h
[1.701s] -- Up-to-date symlink: /home/common/colcon_ws/install/tms_msg_ur/include/tms_msg_ur/msg/rosidl_typesupport_introspection_c__visibility_control.h
[1.701s] -- Up-to-date symlink: /home/common/colcon_ws/install/tms_msg_ur/include/tms_msg_ur/srv/g_speech_srv__rosidl_typesupport_introspection_c.h
[1.703s] -- Up-to-date symlink: /home/common/colcon_ws/install/tms_msg_ur/include/tms_msg_ur/srv/slack_srv__rosidl_typesupport_introspection_c.h
[1.703s] -- Up-to-date symlink: /home/common/colcon_ws/install/tms_msg_ur/include/tms_msg_ur/srv/speaker_srv__rosidl_typesupport_introspection_c.h
[1.705s] -- Up-to-date symlink: /home/common/colcon_ws/install/tms_msg_ur/lib/libtms_msg_ur__rosidl_typesupport_introspection_c.so
[1.705s] -- Up-to-date symlink: /home/common/colcon_ws/install/tms_msg_ur/include/tms_msg_ur/msg/julius_msg__rosidl_typesupport_introspection_cpp.hpp
[1.705s] -- Up-to-date symlink: /home/common/colcon_ws/install/tms_msg_ur/include/tms_msg_ur/srv/g_speech_srv__rosidl_typesupport_introspection_cpp.hpp
[1.706s] -- Up-to-date symlink: /home/common/colcon_ws/install/tms_msg_ur/include/tms_msg_ur/srv/slack_srv__rosidl_typesupport_introspection_cpp.hpp
[1.706s] -- Up-to-date symlink: /home/common/colcon_ws/install/tms_msg_ur/include/tms_msg_ur/srv/speaker_srv__rosidl_typesupport_introspection_cpp.hpp
[1.707s] -- Up-to-date symlink: /home/common/colcon_ws/install/tms_msg_ur/lib/libtms_msg_ur__rosidl_typesupport_introspection_cpp.so
[1.707s] -- Up-to-date symlink: /home/common/colcon_ws/install/tms_msg_ur/include/tms_msg_ur/msg/julius_msg__rosidl_typesupport_fastrtps_c.h
[1.708s] -- Up-to-date symlink: /home/common/colcon_ws/install/tms_msg_ur/include/tms_msg_ur/msg/rosidl_typesupport_fastrtps_c__visibility_control.h
[1.708s] -- Up-to-date symlink: /home/common/colcon_ws/install/tms_msg_ur/include/tms_msg_ur/srv/g_speech_srv__rosidl_typesupport_fastrtps_c.h
[1.709s] -- Up-to-date symlink: /home/common/colcon_ws/install/tms_msg_ur/include/tms_msg_ur/srv/slack_srv__rosidl_typesupport_fastrtps_c.h
[1.709s] -- Up-to-date symlink: /home/common/colcon_ws/install/tms_msg_ur/include/tms_msg_ur/srv/speaker_srv__rosidl_typesupport_fastrtps_c.h
[1.709s] -- Up-to-date symlink: /home/common/colcon_ws/install/tms_msg_ur/lib/libtms_msg_ur__rosidl_typesupport_fastrtps_c.so
[1.710s] -- Up-to-date symlink: /home/common/colcon_ws/install/tms_msg_ur/include/tms_msg_ur/msg/julius_msg__rosidl_typesupport_fastrtps_cpp.hpp
[1.711s] -- Up-to-date symlink: /home/common/colcon_ws/install/tms_msg_ur/include/tms_msg_ur/msg/rosidl_typesupport_fastrtps_cpp__visibility_control.h
[1.711s] -- Up-to-date symlink: /home/common/colcon_ws/install/tms_msg_ur/include/tms_msg_ur/srv/g_speech_srv__rosidl_typesupport_fastrtps_cpp.hpp
[1.711s] -- Up-to-date symlink: /home/common/colcon_ws/install/tms_msg_ur/include/tms_msg_ur/srv/slack_srv__rosidl_typesupport_fastrtps_cpp.hpp
[1.712s] -- Up-to-date symlink: /home/common/colcon_ws/install/tms_msg_ur/include/tms_msg_ur/srv/speaker_srv__rosidl_typesupport_fastrtps_cpp.hpp
[1.712s] -- Up-to-date symlink: /home/common/colcon_ws/install/tms_msg_ur/lib/libtms_msg_ur__rosidl_typesupport_fastrtps_cpp.so
[1.712s] -- Up-to-date symlink: /home/common/colcon_ws/install/tms_msg_ur/share/tms_msg_ur/environment/pythonpath.sh
[1.712s] -- Up-to-date symlink: /home/common/colcon_ws/install/tms_msg_ur/lib/python3.6/site-packages/tms_msg_ur/__init__.py
[1.713s] -- Up-to-date symlink: /home/common/colcon_ws/install/tms_msg_ur/lib/python3.6/site-packages/tms_msg_ur/msg/__init__.py
[1.713s] -- Up-to-date symlink: /home/common/colcon_ws/install/tms_msg_ur/lib/python3.6/site-packages/tms_msg_ur/msg/_julius_msg.py
[1.713s] -- Up-to-date symlink: /home/common/colcon_ws/install/tms_msg_ur/lib/python3.6/site-packages/tms_msg_ur/srv/__init__.py
[1.714s] -- Up-to-date symlink: /home/common/colcon_ws/install/tms_msg_ur/lib/python3.6/site-packages/tms_msg_ur/srv/_g_speech_srv.py
[1.714s] -- Up-to-date symlink: /home/common/colcon_ws/install/tms_msg_ur/lib/python3.6/site-packages/tms_msg_ur/srv/_slack_srv.py
[1.714s] -- Up-to-date symlink: /home/common/colcon_ws/install/tms_msg_ur/lib/python3.6/site-packages/tms_msg_ur/srv/_speaker_srv.py
[1.715s] -- Up-to-date symlink: /home/common/colcon_ws/install/tms_msg_ur/lib/python3.6/site-packages/tms_msg_ur/tms_msg_ur_s__rosidl_typesupport_c.cpython-36m-x86_64-linux-gnu.so
[1.715s] -- Up-to-date symlink: /home/common/colcon_ws/install/tms_msg_ur/lib/python3.6/site-packages/tms_msg_ur/tms_msg_ur_s__rosidl_typesupport_fastrtps_c.cpython-36m-x86_64-linux-gnu.so
[1.715s] -- Up-to-date symlink: /home/common/colcon_ws/install/tms_msg_ur/lib/libtms_msg_ur__python.so
[1.715s] -- Up-to-date symlink: /home/common/colcon_ws/install/tms_msg_ur/share/tms_msg_ur/msg/JuliusMsg.idl
[1.716s] -- Up-to-date symlink: /home/common/colcon_ws/install/tms_msg_ur/share/tms_msg_ur/srv/GSpeechSrv.idl
[1.716s] -- Up-to-date symlink: /home/common/colcon_ws/install/tms_msg_ur/share/tms_msg_ur/srv/SlackSrv.idl
[1.717s] -- Up-to-date symlink: /home/common/colcon_ws/install/tms_msg_ur/share/tms_msg_ur/srv/SpeakerSrv.idl
[1.717s] -- Up-to-date symlink: /home/common/colcon_ws/install/tms_msg_ur/share/tms_msg_ur/msg/JuliusMsg.msg
[1.717s] -- Up-to-date symlink: /home/common/colcon_ws/install/tms_msg_ur/share/tms_msg_ur/srv/GSpeechSrv.srv
[1.717s] -- Up-to-date symlink: /home/common/colcon_ws/install/tms_msg_ur/share/tms_msg_ur/srv/GSpeechSrv_Request.msg
[1.718s] -- Up-to-date symlink: /home/common/colcon_ws/install/tms_msg_ur/share/tms_msg_ur/srv/GSpeechSrv_Response.msg
[1.719s] -- Up-to-date symlink: /home/common/colcon_ws/install/tms_msg_ur/share/tms_msg_ur/srv/SlackSrv.srv
[1.719s] -- Up-to-date symlink: /home/common/colcon_ws/install/tms_msg_ur/share/tms_msg_ur/srv/SlackSrv_Request.msg
[1.719s] -- Up-to-date symlink: /home/common/colcon_ws/install/tms_msg_ur/share/tms_msg_ur/srv/SlackSrv_Response.msg
[1.720s] -- Up-to-date symlink: /home/common/colcon_ws/install/tms_msg_ur/share/tms_msg_ur/srv/SpeakerSrv.srv
[1.720s] -- Up-to-date symlink: /home/common/colcon_ws/install/tms_msg_ur/share/tms_msg_ur/srv/SpeakerSrv_Request.msg
[1.720s] -- Up-to-date symlink: /home/common/colcon_ws/install/tms_msg_ur/share/tms_msg_ur/srv/SpeakerSrv_Response.msg
[1.721s] -- Up-to-date symlink: /home/common/colcon_ws/install/tms_msg_ur/share/ament_index/resource_index/package_run_dependencies/tms_msg_ur
[1.721s] -- Up-to-date symlink: /home/common/colcon_ws/install/tms_msg_ur/share/ament_index/resource_index/parent_prefix_path/tms_msg_ur
[1.721s] -- Up-to-date symlink: /home/common/colcon_ws/install/tms_msg_ur/share/tms_msg_ur/environment/ament_prefix_path.sh
[1.722s] -- Up-to-date symlink: /home/common/colcon_ws/install/tms_msg_ur/share/tms_msg_ur/environment/path.sh
[1.722s] -- Up-to-date symlink: /home/common/colcon_ws/install/tms_msg_ur/share/tms_msg_ur/local_setup.bash
[1.722s] -- Up-to-date symlink: /home/common/colcon_ws/install/tms_msg_ur/share/tms_msg_ur/local_setup.sh
[1.723s] -- Up-to-date symlink: /home/common/colcon_ws/install/tms_msg_ur/share/tms_msg_ur/local_setup.zsh
[1.723s] -- Up-to-date symlink: /home/common/colcon_ws/install/tms_msg_ur/share/ament_index/resource_index/packages/tms_msg_ur
[1.738s] -- Up-to-date symlink: /home/common/colcon_ws/install/tms_msg_ur/share/tms_msg_ur/cmake/rosidl_cmake-extras.cmake
[1.739s] -- Up-to-date symlink: /home/common/colcon_ws/install/tms_msg_ur/share/tms_msg_ur/cmake/ament_cmake_export_dependencies-extras.cmake
[1.739s] -- Up-to-date symlink: /home/common/colcon_ws/install/tms_msg_ur/share/tms_msg_ur/cmake/ament_cmake_export_include_directories-extras.cmake
[1.740s] -- Up-to-date symlink: /home/common/colcon_ws/install/tms_msg_ur/share/tms_msg_ur/cmake/ament_cmake_export_libraries-extras.cmake
[1.740s] -- Up-to-date symlink: /home/common/colcon_ws/install/tms_msg_ur/share/tms_msg_ur/cmake/tms_msg_urConfig.cmake
[1.740s] -- Up-to-date symlink: /home/common/colcon_ws/install/tms_msg_ur/share/tms_msg_ur/cmake/tms_msg_urConfig-version.cmake
[1.742s] -- Up-to-date symlink: /home/common/colcon_ws/install/tms_msg_ur/share/tms_msg_ur/package.xml
[2.112s] Invoked command in '/home/common/colcon_ws/build/tms_msg_ur' returned '0': CMAKE_PREFIX_PATH=/home/common/colcon_ws/install/turtlebot3:/home/common/colcon_ws/install/turtlebot3_simulations:/home/common/colcon_ws/install/doublenode:/home/common/colcon_ws/install/tms_ss_vicon:/home/common/colcon_ws/install/tms_ur_speaker:/home/common/colcon_ws/install/tms_ur_listener:/home/common/colcon_ws/install/tms_ts_ts:/home/common/colcon_ws/install/tms_ts_test:/home/common/colcon_ws/install/tms_ts_subtask:/home/common/colcon_ws/install/tms_db_manager:/home/common/colcon_ws/install/turtlebot3_teleop:/home/common/colcon_ws/install/tms_ss_whs1:/home/common/colcon_ws/install/tms_rc_double:/opt/ros/dashing:/opt/ros/melodic:/home/common/colcon_ws/install/tms_rc_tfnode:/home/common/colcon_ws/install/tms_msg_ur:/home/common/colcon_ws/install/tms_msg_ts:/home/common/colcon_ws/install/turtlebot3_bringup:/home/common/colcon_ws/install/turtlebot3_node:/home/common/colcon_ws/install/turtlebot3_navigation2:/home/common/colcon_ws/install/turtlebot3_fake_node:/home/common/colcon_ws/install/turtlebot3_msgs:/home/common/colcon_ws/install/turtlebot3_gazebo:/home/common/colcon_ws/install/turtlebot3_description:/home/common/colcon_ws/install/turtlebot3_cartographer:/home/common/colcon_ws/install/tms_rc_bot:/home/common/colcon_ws/install/tms_nw_rp:/home/common/colcon_ws/install/tms_msg_ss:/home/common/colcon_ws/install/tms_msg_rc:/home/common/colcon_ws/install/tms_msg_db:/home/common/colcon_ws/install/object_recognition_msgs:/home/common/colcon_ws/install/hls_lfcd_lds_driver:/home/common/colcon_ws/install/examples_rclcpp_minimal_timer:/home/common/colcon_ws/install/examples_rclcpp_minimal_subscriber:/home/common/colcon_ws/install/examples_rclcpp_minimal_service:/home/common/colcon_ws/install/examples_rclcpp_minimal_publisher:/home/common/colcon_ws/install/examples_rclcpp_minimal_composition:/home/common/colcon_ws/install/examples_rclcpp_minimal_client:/home/common/colcon_ws/install/examples_rclcpp_minimal_action_server:/home/common/colcon_ws/install/examples_rclcpp_minimal_action_client:/home/common/colcon_ws/install/dynamixel_sdk /usr/bin/cmake --build /home/common/colcon_ws/build/tms_msg_ur --target install -- -j8 -l8
