[0.058s] Invoking command in '/home/common/colcon_ws/build/examples_rclcpp_minimal_service': CMAKE_PREFIX_PATH=/home/common/colcon_ws/install/turtlebot3_teleop:/home/common/colcon_ws/install/tms_ss_whs1:/home/common/colcon_ws/install/tms_rc_double:/opt/ros/dashing:${CMAKE_PREFIX_PATH} /usr/bin/cmake --build /home/common/colcon_ws/build/examples_rclcpp_minimal_service -- -j8 -l8
[0.188s] [100%] Built target service_main
[0.235s] Invoked command in '/home/common/colcon_ws/build/examples_rclcpp_minimal_service' returned '0': CMAKE_PREFIX_PATH=/home/common/colcon_ws/install/turtlebot3_teleop:/home/common/colcon_ws/install/tms_ss_whs1:/home/common/colcon_ws/install/tms_rc_double:/opt/ros/dashing:${CMAKE_PREFIX_PATH} /usr/bin/cmake --build /home/common/colcon_ws/build/examples_rclcpp_minimal_service -- -j8 -l8
[0.353s] Invoking command in '/home/common/colcon_ws/build/examples_rclcpp_minimal_service': CMAKE_PREFIX_PATH=/home/common/colcon_ws/install/turtlebot3_teleop:/home/common/colcon_ws/install/tms_ss_whs1:/home/common/colcon_ws/install/tms_rc_double:/opt/ros/dashing:${CMAKE_PREFIX_PATH} /usr/bin/cmake --build /home/common/colcon_ws/build/examples_rclcpp_minimal_service --target install -- -j8 -l8
[0.434s] [100%] Built target service_main
[0.480s] [36mInstall the project...[0m
[0.496s] -- Install configuration: ""
[0.497s] -- Execute custom install script
[0.498s] -- Up-to-date symlink: /home/common/colcon_ws/install/examples_rclcpp_minimal_service/lib/examples_rclcpp_minimal_service/service_main
[0.498s] -- Up-to-date symlink: /home/common/colcon_ws/install/examples_rclcpp_minimal_service/share/ament_index/resource_index/package_run_dependencies/examples_rclcpp_minimal_service
[0.499s] -- Up-to-date symlink: /home/common/colcon_ws/install/examples_rclcpp_minimal_service/share/ament_index/resource_index/parent_prefix_path/examples_rclcpp_minimal_service
[0.499s] -- Up-to-date symlink: /home/common/colcon_ws/install/examples_rclcpp_minimal_service/share/examples_rclcpp_minimal_service/environment/ament_prefix_path.sh
[0.500s] -- Up-to-date symlink: /home/common/colcon_ws/install/examples_rclcpp_minimal_service/share/examples_rclcpp_minimal_service/environment/path.sh
[0.500s] -- Up-to-date symlink: /home/common/colcon_ws/install/examples_rclcpp_minimal_service/share/examples_rclcpp_minimal_service/local_setup.bash
[0.501s] -- Up-to-date symlink: /home/common/colcon_ws/install/examples_rclcpp_minimal_service/share/examples_rclcpp_minimal_service/local_setup.sh
[0.501s] -- Up-to-date symlink: /home/common/colcon_ws/install/examples_rclcpp_minimal_service/share/examples_rclcpp_minimal_service/local_setup.zsh
[0.501s] -- Up-to-date symlink: /home/common/colcon_ws/install/examples_rclcpp_minimal_service/share/ament_index/resource_index/packages/examples_rclcpp_minimal_service
[0.502s] -- Up-to-date symlink: /home/common/colcon_ws/install/examples_rclcpp_minimal_service/share/examples_rclcpp_minimal_service/cmake/examples_rclcpp_minimal_serviceConfig.cmake
[0.502s] -- Up-to-date symlink: /home/common/colcon_ws/install/examples_rclcpp_minimal_service/share/examples_rclcpp_minimal_service/cmake/examples_rclcpp_minimal_serviceConfig-version.cmake
[0.503s] -- Up-to-date symlink: /home/common/colcon_ws/install/examples_rclcpp_minimal_service/share/examples_rclcpp_minimal_service/package.xml
[0.509s] Invoked command in '/home/common/colcon_ws/build/examples_rclcpp_minimal_service' returned '0': CMAKE_PREFIX_PATH=/home/common/colcon_ws/install/turtlebot3_teleop:/home/common/colcon_ws/install/tms_ss_whs1:/home/common/colcon_ws/install/tms_rc_double:/opt/ros/dashing:${CMAKE_PREFIX_PATH} /usr/bin/cmake --build /home/common/colcon_ws/build/examples_rclcpp_minimal_service --target install -- -j8 -l8
