[0.122s] -- The C compiler identification is GNU 7.4.0
[0.211s] -- The CXX compiler identification is GNU 7.4.0
[0.214s] -- Check for working C compiler: /usr/bin/cc
[0.341s] -- Check for working C compiler: /usr/bin/cc -- works
[0.343s] -- Detecting C compiler ABI info
[0.453s] -- Detecting C compiler ABI info - done
[0.461s] -- Detecting C compile features
[0.809s] -- Detecting C compile features - done
[0.811s] -- Check for working CXX compiler: /usr/bin/c++
[0.945s] -- Check for working CXX compiler: /usr/bin/c++ -- works
[0.946s] -- Detecting CXX compiler ABI info
[1.071s] -- Detecting CXX compiler ABI info - done
[1.079s] -- Detecting CXX compile features
[2.945s] -- Detecting CXX compile features - done
[2.953s] -- Found ament_cmake: 0.7.4 (/opt/ros/dashing/share/ament_cmake/cmake)
[3.114s] -- Found PythonInterp: /usr/bin/python3 (found suitable version "3.6.9", minimum required is "3") 
[3.116s] -- Using PYTHON_EXECUTABLE: /usr/bin/python3
[3.845s] -- Override CMake install command with custom implementation using symlinks instead of copying resources
[4.077s] -- Found example_interfaces: 0.7.1 (/opt/ros/dashing/share/example_interfaces/cmake)
[4.211s] -- Found rosidl_adapter: 0.7.8 (/opt/ros/dashing/share/rosidl_adapter/cmake)
[4.415s] -- Found rclcpp: 0.7.12 (/opt/ros/dashing/share/rclcpp/cmake)
[4.488s] -- Found rmw_implementation_cmake: 0.7.2 (/opt/ros/dashing/share/rmw_implementation_cmake/cmake)
[4.494s] -- Using RMW implementation 'rmw_fastrtps_cpp' as default
[4.496s] -- Looking for pthread.h
[4.970s] -- Looking for pthread.h - found
[4.971s] -- Looking for pthread_create
[5.445s] -- Looking for pthread_create - not found
[5.446s] -- Looking for pthread_create in pthreads
[5.912s] -- Looking for pthread_create in pthreads - not found
[5.912s] -- Looking for pthread_create in pthread
[6.274s] -- Looking for pthread_create in pthread - found
[6.275s] -- Found Threads: TRUE  
[6.669s] -- Configuring done
[6.712s] -- Generating done
[6.714s] -- Build files have been written to: /home/common/colcon_ws/build/examples_rclcpp_minimal_service
[6.976s] [35m[1mScanning dependencies of target service_main[0m
[7.101s] [ 50%] [32m[1mLinking CXX executable service_main[0m
[7.579s] [100%] Built target service_main
[8.466s] [100%] Built target service_main
[8.567s] [36mInstall the project...[0m
[8.622s] -- Install configuration: ""
[8.623s] -- Execute custom install script
[8.640s] -- Up-to-date symlink: /home/common/colcon_ws/install/examples_rclcpp_minimal_service/lib/examples_rclcpp_minimal_service/service_main
[8.641s] -- Up-to-date symlink: /home/common/colcon_ws/install/examples_rclcpp_minimal_service/share/ament_index/resource_index/package_run_dependencies/examples_rclcpp_minimal_service
[8.641s] -- Up-to-date symlink: /home/common/colcon_ws/install/examples_rclcpp_minimal_service/share/ament_index/resource_index/parent_prefix_path/examples_rclcpp_minimal_service
[8.642s] -- Up-to-date symlink: /home/common/colcon_ws/install/examples_rclcpp_minimal_service/share/examples_rclcpp_minimal_service/environment/ament_prefix_path.sh
[8.642s] -- Up-to-date symlink: /home/common/colcon_ws/install/examples_rclcpp_minimal_service/share/examples_rclcpp_minimal_service/environment/path.sh
[8.643s] -- Up-to-date symlink: /home/common/colcon_ws/install/examples_rclcpp_minimal_service/share/examples_rclcpp_minimal_service/local_setup.bash
[8.643s] -- Up-to-date symlink: /home/common/colcon_ws/install/examples_rclcpp_minimal_service/share/examples_rclcpp_minimal_service/local_setup.sh
[8.644s] -- Up-to-date symlink: /home/common/colcon_ws/install/examples_rclcpp_minimal_service/share/examples_rclcpp_minimal_service/local_setup.zsh
[8.648s] -- Up-to-date symlink: /home/common/colcon_ws/install/examples_rclcpp_minimal_service/share/ament_index/resource_index/packages/examples_rclcpp_minimal_service
[8.649s] -- Up-to-date symlink: /home/common/colcon_ws/install/examples_rclcpp_minimal_service/share/examples_rclcpp_minimal_service/cmake/examples_rclcpp_minimal_serviceConfig.cmake
[8.649s] -- Up-to-date symlink: /home/common/colcon_ws/install/examples_rclcpp_minimal_service/share/examples_rclcpp_minimal_service/cmake/examples_rclcpp_minimal_serviceConfig-version.cmake
[8.649s] -- Symlinking: /home/common/colcon_ws/install/examples_rclcpp_minimal_service/share/examples_rclcpp_minimal_service/package.xml
