[0.433s] [ 25%] Built target action_client_not_composable_with_feedback
[0.446s] [ 50%] Built target action_client_member_functions
[0.454s] [ 75%] Built target action_client_not_composable
[0.459s] [100%] Built target action_client_not_composable_with_cancel
[0.789s] [ 25%] Built target action_client_not_composable_with_feedback
[0.793s] [ 50%] Built target action_client_not_composable_with_cancel
[0.799s] [ 75%] Built target action_client_not_composable
[0.812s] [100%] Built target action_client_member_functions
[0.858s] [36mInstall the project...[0m
[0.873s] -- Install configuration: ""
[0.874s] -- Execute custom install script
[0.875s] -- Up-to-date symlink: /home/common/colcon_ws/install/examples_rclcpp_minimal_action_client/lib/examples_rclcpp_minimal_action_client/action_client_member_functions
[0.876s] -- Up-to-date symlink: /home/common/colcon_ws/install/examples_rclcpp_minimal_action_client/lib/examples_rclcpp_minimal_action_client/action_client_not_composable
[0.876s] -- Up-to-date symlink: /home/common/colcon_ws/install/examples_rclcpp_minimal_action_client/lib/examples_rclcpp_minimal_action_client/action_client_not_composable_with_cancel
[0.876s] -- Up-to-date symlink: /home/common/colcon_ws/install/examples_rclcpp_minimal_action_client/lib/examples_rclcpp_minimal_action_client/action_client_not_composable_with_feedback
[0.877s] -- Up-to-date symlink: /home/common/colcon_ws/install/examples_rclcpp_minimal_action_client/share/ament_index/resource_index/package_run_dependencies/examples_rclcpp_minimal_action_client
[0.877s] -- Up-to-date symlink: /home/common/colcon_ws/install/examples_rclcpp_minimal_action_client/share/ament_index/resource_index/parent_prefix_path/examples_rclcpp_minimal_action_client
[0.877s] -- Up-to-date symlink: /home/common/colcon_ws/install/examples_rclcpp_minimal_action_client/share/examples_rclcpp_minimal_action_client/environment/ament_prefix_path.sh
[0.878s] -- Up-to-date symlink: /home/common/colcon_ws/install/examples_rclcpp_minimal_action_client/share/examples_rclcpp_minimal_action_client/environment/path.sh
[0.878s] -- Up-to-date symlink: /home/common/colcon_ws/install/examples_rclcpp_minimal_action_client/share/examples_rclcpp_minimal_action_client/local_setup.bash
[0.879s] -- Up-to-date symlink: /home/common/colcon_ws/install/examples_rclcpp_minimal_action_client/share/examples_rclcpp_minimal_action_client/local_setup.sh
[0.879s] -- Up-to-date symlink: /home/common/colcon_ws/install/examples_rclcpp_minimal_action_client/share/examples_rclcpp_minimal_action_client/local_setup.zsh
[0.880s] -- Up-to-date symlink: /home/common/colcon_ws/install/examples_rclcpp_minimal_action_client/share/ament_index/resource_index/packages/examples_rclcpp_minimal_action_client
[0.880s] -- Up-to-date symlink: /home/common/colcon_ws/install/examples_rclcpp_minimal_action_client/share/examples_rclcpp_minimal_action_client/cmake/examples_rclcpp_minimal_action_clientConfig.cmake
[0.881s] -- Up-to-date symlink: /home/common/colcon_ws/install/examples_rclcpp_minimal_action_client/share/examples_rclcpp_minimal_action_client/cmake/examples_rclcpp_minimal_action_clientConfig-version.cmake
[0.881s] -- Up-to-date symlink: /home/common/colcon_ws/install/examples_rclcpp_minimal_action_client/share/examples_rclcpp_minimal_action_client/package.xml
