Determining if the pthread_create exist failed with the following output:
Change Dir: /home/common/colcon_ws/build/examples_rclcpp_minimal_action_server/CMakeFiles/CMakeTmp

Run Build Command:"/usr/bin/make" "cmTC_0a2da/fast"
/usr/bin/make -f CMakeFiles/cmTC_0a2da.dir/build.make CMakeFiles/cmTC_0a2da.dir/build
make[1]: Entering directory '/home/common/colcon_ws/build/examples_rclcpp_minimal_action_server/CMakeFiles/CMakeTmp'
Building C object CMakeFiles/cmTC_0a2da.dir/CheckSymbolExists.c.o
/usr/bin/cc    -o CMakeFiles/cmTC_0a2da.dir/CheckSymbolExists.c.o   -c /home/common/colcon_ws/build/examples_rclcpp_minimal_action_server/CMakeFiles/CMakeTmp/CheckSymbolExists.c
Linking C executable cmTC_0a2da
/usr/bin/cmake -E cmake_link_script CMakeFiles/cmTC_0a2da.dir/link.txt --verbose=1
/usr/bin/cc      CMakeFiles/cmTC_0a2da.dir/CheckSymbolExists.c.o  -o cmTC_0a2da 
CMakeFiles/cmTC_0a2da.dir/CheckSymbolExists.c.o: In function `main':
CheckSymbolExists.c:(.text+0x1b): undefined reference to `pthread_create'
collect2: error: ld returned 1 exit status
CMakeFiles/cmTC_0a2da.dir/build.make:97: recipe for target 'cmTC_0a2da' failed
make[1]: *** [cmTC_0a2da] Error 1
make[1]: Leaving directory '/home/common/colcon_ws/build/examples_rclcpp_minimal_action_server/CMakeFiles/CMakeTmp'
Makefile:126: recipe for target 'cmTC_0a2da/fast' failed
make: *** [cmTC_0a2da/fast] Error 2

File /home/common/colcon_ws/build/examples_rclcpp_minimal_action_server/CMakeFiles/CMakeTmp/CheckSymbolExists.c:
/* */
#include <pthread.h>

int main(int argc, char** argv)
{
  (void)argv;
#ifndef pthread_create
  return ((int*)(&pthread_create))[argc];
#else
  (void)argc;
  return 0;
#endif
}

Determining if the function pthread_create exists in the pthreads failed with the following output:
Change Dir: /home/common/colcon_ws/build/examples_rclcpp_minimal_action_server/CMakeFiles/CMakeTmp

Run Build Command:"/usr/bin/make" "cmTC_8d80c/fast"
/usr/bin/make -f CMakeFiles/cmTC_8d80c.dir/build.make CMakeFiles/cmTC_8d80c.dir/build
make[1]: Entering directory '/home/common/colcon_ws/build/examples_rclcpp_minimal_action_server/CMakeFiles/CMakeTmp'
Building C object CMakeFiles/cmTC_8d80c.dir/CheckFunctionExists.c.o
/usr/bin/cc   -DCHECK_FUNCTION_EXISTS=pthread_create   -o CMakeFiles/cmTC_8d80c.dir/CheckFunctionExists.c.o   -c /usr/share/cmake-3.10/Modules/CheckFunctionExists.c
Linking C executable cmTC_8d80c
/usr/bin/cmake -E cmake_link_script CMakeFiles/cmTC_8d80c.dir/link.txt --verbose=1
/usr/bin/cc  -DCHECK_FUNCTION_EXISTS=pthread_create    CMakeFiles/cmTC_8d80c.dir/CheckFunctionExists.c.o  -o cmTC_8d80c -lpthreads 
/usr/bin/ld: cannot find -lpthreads
collect2: error: ld returned 1 exit status
CMakeFiles/cmTC_8d80c.dir/build.make:97: recipe for target 'cmTC_8d80c' failed
make[1]: *** [cmTC_8d80c] Error 1
make[1]: Leaving directory '/home/common/colcon_ws/build/examples_rclcpp_minimal_action_server/CMakeFiles/CMakeTmp'
Makefile:126: recipe for target 'cmTC_8d80c/fast' failed
make: *** [cmTC_8d80c/fast] Error 2


Determining if the pthread_create exist failed with the following output:
Change Dir: /home/common/colcon_ws/build/examples_rclcpp_minimal_action_server/CMakeFiles/CMakeTmp

Run Build Command:"/usr/bin/make" "cmTC_91335/fast"
/usr/bin/make -f CMakeFiles/cmTC_91335.dir/build.make CMakeFiles/cmTC_91335.dir/build
make[1]: Entering directory '/home/common/colcon_ws/build/examples_rclcpp_minimal_action_server/CMakeFiles/CMakeTmp'
Building C object CMakeFiles/cmTC_91335.dir/CheckSymbolExists.c.o
/usr/bin/cc    -o CMakeFiles/cmTC_91335.dir/CheckSymbolExists.c.o   -c /home/common/colcon_ws/build/examples_rclcpp_minimal_action_server/CMakeFiles/CMakeTmp/CheckSymbolExists.c
Linking C executable cmTC_91335
/usr/bin/cmake -E cmake_link_script CMakeFiles/cmTC_91335.dir/link.txt --verbose=1
/usr/bin/cc      CMakeFiles/cmTC_91335.dir/CheckSymbolExists.c.o  -o cmTC_91335 
CMakeFiles/cmTC_91335.dir/CheckSymbolExists.c.o: In function `main':
CheckSymbolExists.c:(.text+0x1b): undefined reference to `pthread_create'
collect2: error: ld returned 1 exit status
CMakeFiles/cmTC_91335.dir/build.make:97: recipe for target 'cmTC_91335' failed
make[1]: *** [cmTC_91335] Error 1
make[1]: Leaving directory '/home/common/colcon_ws/build/examples_rclcpp_minimal_action_server/CMakeFiles/CMakeTmp'
Makefile:126: recipe for target 'cmTC_91335/fast' failed
make: *** [cmTC_91335/fast] Error 2

File /home/common/colcon_ws/build/examples_rclcpp_minimal_action_server/CMakeFiles/CMakeTmp/CheckSymbolExists.c:
/* */
#include <pthread.h>

int main(int argc, char** argv)
{
  (void)argv;
#ifndef pthread_create
  return ((int*)(&pthread_create))[argc];
#else
  (void)argc;
  return 0;
#endif
}

Determining if the function pthread_create exists in the pthreads failed with the following output:
Change Dir: /home/common/colcon_ws/build/examples_rclcpp_minimal_action_server/CMakeFiles/CMakeTmp

Run Build Command:"/usr/bin/make" "cmTC_aaaa2/fast"
/usr/bin/make -f CMakeFiles/cmTC_aaaa2.dir/build.make CMakeFiles/cmTC_aaaa2.dir/build
make[1]: Entering directory '/home/common/colcon_ws/build/examples_rclcpp_minimal_action_server/CMakeFiles/CMakeTmp'
Building C object CMakeFiles/cmTC_aaaa2.dir/CheckFunctionExists.c.o
/usr/bin/cc   -DCHECK_FUNCTION_EXISTS=pthread_create   -o CMakeFiles/cmTC_aaaa2.dir/CheckFunctionExists.c.o   -c /usr/share/cmake-3.10/Modules/CheckFunctionExists.c
Linking C executable cmTC_aaaa2
/usr/bin/cmake -E cmake_link_script CMakeFiles/cmTC_aaaa2.dir/link.txt --verbose=1
/usr/bin/cc  -DCHECK_FUNCTION_EXISTS=pthread_create    CMakeFiles/cmTC_aaaa2.dir/CheckFunctionExists.c.o  -o cmTC_aaaa2 -lpthreads 
/usr/bin/ld: cannot find -lpthreads
collect2: error: ld returned 1 exit status
CMakeFiles/cmTC_aaaa2.dir/build.make:97: recipe for target 'cmTC_aaaa2' failed
make[1]: *** [cmTC_aaaa2] Error 1
make[1]: Leaving directory '/home/common/colcon_ws/build/examples_rclcpp_minimal_action_server/CMakeFiles/CMakeTmp'
Makefile:126: recipe for target 'cmTC_aaaa2/fast' failed
make: *** [cmTC_aaaa2/fast] Error 2


Determining if the pthread_create exist failed with the following output:
Change Dir: /home/common/colcon_ws/build/examples_rclcpp_minimal_action_server/CMakeFiles/CMakeTmp

Run Build Command:"/usr/bin/make" "cmTC_cd27a/fast"
/usr/bin/make -f CMakeFiles/cmTC_cd27a.dir/build.make CMakeFiles/cmTC_cd27a.dir/build
make[1]: Entering directory '/home/common/colcon_ws/build/examples_rclcpp_minimal_action_server/CMakeFiles/CMakeTmp'
Building C object CMakeFiles/cmTC_cd27a.dir/CheckSymbolExists.c.o
/usr/bin/cc    -o CMakeFiles/cmTC_cd27a.dir/CheckSymbolExists.c.o   -c /home/common/colcon_ws/build/examples_rclcpp_minimal_action_server/CMakeFiles/CMakeTmp/CheckSymbolExists.c
Linking C executable cmTC_cd27a
/usr/bin/cmake -E cmake_link_script CMakeFiles/cmTC_cd27a.dir/link.txt --verbose=1
/usr/bin/cc      CMakeFiles/cmTC_cd27a.dir/CheckSymbolExists.c.o  -o cmTC_cd27a 
CMakeFiles/cmTC_cd27a.dir/CheckSymbolExists.c.o: In function `main':
CheckSymbolExists.c:(.text+0x1b): undefined reference to `pthread_create'
collect2: error: ld returned 1 exit status
CMakeFiles/cmTC_cd27a.dir/build.make:97: recipe for target 'cmTC_cd27a' failed
make[1]: *** [cmTC_cd27a] Error 1
make[1]: Leaving directory '/home/common/colcon_ws/build/examples_rclcpp_minimal_action_server/CMakeFiles/CMakeTmp'
Makefile:126: recipe for target 'cmTC_cd27a/fast' failed
make: *** [cmTC_cd27a/fast] Error 2

File /home/common/colcon_ws/build/examples_rclcpp_minimal_action_server/CMakeFiles/CMakeTmp/CheckSymbolExists.c:
/* */
#include <pthread.h>

int main(int argc, char** argv)
{
  (void)argv;
#ifndef pthread_create
  return ((int*)(&pthread_create))[argc];
#else
  (void)argc;
  return 0;
#endif
}

Determining if the function pthread_create exists in the pthreads failed with the following output:
Change Dir: /home/common/colcon_ws/build/examples_rclcpp_minimal_action_server/CMakeFiles/CMakeTmp

Run Build Command:"/usr/bin/make" "cmTC_6510b/fast"
/usr/bin/make -f CMakeFiles/cmTC_6510b.dir/build.make CMakeFiles/cmTC_6510b.dir/build
make[1]: Entering directory '/home/common/colcon_ws/build/examples_rclcpp_minimal_action_server/CMakeFiles/CMakeTmp'
Building C object CMakeFiles/cmTC_6510b.dir/CheckFunctionExists.c.o
/usr/bin/cc   -DCHECK_FUNCTION_EXISTS=pthread_create   -o CMakeFiles/cmTC_6510b.dir/CheckFunctionExists.c.o   -c /usr/share/cmake-3.10/Modules/CheckFunctionExists.c
Linking C executable cmTC_6510b
/usr/bin/cmake -E cmake_link_script CMakeFiles/cmTC_6510b.dir/link.txt --verbose=1
/usr/bin/cc  -DCHECK_FUNCTION_EXISTS=pthread_create    CMakeFiles/cmTC_6510b.dir/CheckFunctionExists.c.o  -o cmTC_6510b -lpthreads 
/usr/bin/ld: cannot find -lpthreads
collect2: error: ld returned 1 exit status
CMakeFiles/cmTC_6510b.dir/build.make:97: recipe for target 'cmTC_6510b' failed
make[1]: *** [cmTC_6510b] Error 1
make[1]: Leaving directory '/home/common/colcon_ws/build/examples_rclcpp_minimal_action_server/CMakeFiles/CMakeTmp'
Makefile:126: recipe for target 'cmTC_6510b/fast' failed
make: *** [cmTC_6510b/fast] Error 2


Determining if the pthread_create exist failed with the following output:
Change Dir: /home/common/colcon_ws/build/examples_rclcpp_minimal_action_server/CMakeFiles/CMakeTmp

Run Build Command:"/usr/bin/make" "cmTC_4c0e0/fast"
/usr/bin/make -f CMakeFiles/cmTC_4c0e0.dir/build.make CMakeFiles/cmTC_4c0e0.dir/build
make[1]: Entering directory '/home/common/colcon_ws/build/examples_rclcpp_minimal_action_server/CMakeFiles/CMakeTmp'
Building C object CMakeFiles/cmTC_4c0e0.dir/CheckSymbolExists.c.o
/usr/bin/cc    -o CMakeFiles/cmTC_4c0e0.dir/CheckSymbolExists.c.o   -c /home/common/colcon_ws/build/examples_rclcpp_minimal_action_server/CMakeFiles/CMakeTmp/CheckSymbolExists.c
Linking C executable cmTC_4c0e0
/usr/bin/cmake -E cmake_link_script CMakeFiles/cmTC_4c0e0.dir/link.txt --verbose=1
/usr/bin/cc      CMakeFiles/cmTC_4c0e0.dir/CheckSymbolExists.c.o  -o cmTC_4c0e0 
CMakeFiles/cmTC_4c0e0.dir/CheckSymbolExists.c.o: In function `main':
CheckSymbolExists.c:(.text+0x1b): undefined reference to `pthread_create'
collect2: error: ld returned 1 exit status
CMakeFiles/cmTC_4c0e0.dir/build.make:97: recipe for target 'cmTC_4c0e0' failed
make[1]: *** [cmTC_4c0e0] Error 1
make[1]: Leaving directory '/home/common/colcon_ws/build/examples_rclcpp_minimal_action_server/CMakeFiles/CMakeTmp'
Makefile:126: recipe for target 'cmTC_4c0e0/fast' failed
make: *** [cmTC_4c0e0/fast] Error 2

File /home/common/colcon_ws/build/examples_rclcpp_minimal_action_server/CMakeFiles/CMakeTmp/CheckSymbolExists.c:
/* */
#include <pthread.h>

int main(int argc, char** argv)
{
  (void)argv;
#ifndef pthread_create
  return ((int*)(&pthread_create))[argc];
#else
  (void)argc;
  return 0;
#endif
}

Determining if the function pthread_create exists in the pthreads failed with the following output:
Change Dir: /home/common/colcon_ws/build/examples_rclcpp_minimal_action_server/CMakeFiles/CMakeTmp

Run Build Command:"/usr/bin/make" "cmTC_feceb/fast"
/usr/bin/make -f CMakeFiles/cmTC_feceb.dir/build.make CMakeFiles/cmTC_feceb.dir/build
make[1]: Entering directory '/home/common/colcon_ws/build/examples_rclcpp_minimal_action_server/CMakeFiles/CMakeTmp'
Building C object CMakeFiles/cmTC_feceb.dir/CheckFunctionExists.c.o
/usr/bin/cc   -DCHECK_FUNCTION_EXISTS=pthread_create   -o CMakeFiles/cmTC_feceb.dir/CheckFunctionExists.c.o   -c /usr/share/cmake-3.10/Modules/CheckFunctionExists.c
Linking C executable cmTC_feceb
/usr/bin/cmake -E cmake_link_script CMakeFiles/cmTC_feceb.dir/link.txt --verbose=1
/usr/bin/cc  -DCHECK_FUNCTION_EXISTS=pthread_create    CMakeFiles/cmTC_feceb.dir/CheckFunctionExists.c.o  -o cmTC_feceb -lpthreads 
/usr/bin/ld: cannot find -lpthreads
collect2: error: ld returned 1 exit status
CMakeFiles/cmTC_feceb.dir/build.make:97: recipe for target 'cmTC_feceb' failed
make[1]: *** [cmTC_feceb] Error 1
make[1]: Leaving directory '/home/common/colcon_ws/build/examples_rclcpp_minimal_action_server/CMakeFiles/CMakeTmp'
Makefile:126: recipe for target 'cmTC_feceb/fast' failed
make: *** [cmTC_feceb/fast] Error 2


Determining if the pthread_create exist failed with the following output:
Change Dir: /home/common/colcon_ws/build/examples_rclcpp_minimal_action_server/CMakeFiles/CMakeTmp

Run Build Command:"/usr/bin/make" "cmTC_58cf1/fast"
/usr/bin/make -f CMakeFiles/cmTC_58cf1.dir/build.make CMakeFiles/cmTC_58cf1.dir/build
make[1]: Entering directory '/home/common/colcon_ws/build/examples_rclcpp_minimal_action_server/CMakeFiles/CMakeTmp'
Building C object CMakeFiles/cmTC_58cf1.dir/CheckSymbolExists.c.o
/usr/bin/cc    -o CMakeFiles/cmTC_58cf1.dir/CheckSymbolExists.c.o   -c /home/common/colcon_ws/build/examples_rclcpp_minimal_action_server/CMakeFiles/CMakeTmp/CheckSymbolExists.c
Linking C executable cmTC_58cf1
/usr/bin/cmake -E cmake_link_script CMakeFiles/cmTC_58cf1.dir/link.txt --verbose=1
/usr/bin/cc      CMakeFiles/cmTC_58cf1.dir/CheckSymbolExists.c.o  -o cmTC_58cf1 
CMakeFiles/cmTC_58cf1.dir/CheckSymbolExists.c.o: In function `main':
CheckSymbolExists.c:(.text+0x1b): undefined reference to `pthread_create'
collect2: error: ld returned 1 exit status
CMakeFiles/cmTC_58cf1.dir/build.make:97: recipe for target 'cmTC_58cf1' failed
make[1]: *** [cmTC_58cf1] Error 1
make[1]: Leaving directory '/home/common/colcon_ws/build/examples_rclcpp_minimal_action_server/CMakeFiles/CMakeTmp'
Makefile:126: recipe for target 'cmTC_58cf1/fast' failed
make: *** [cmTC_58cf1/fast] Error 2

File /home/common/colcon_ws/build/examples_rclcpp_minimal_action_server/CMakeFiles/CMakeTmp/CheckSymbolExists.c:
/* */
#include <pthread.h>

int main(int argc, char** argv)
{
  (void)argv;
#ifndef pthread_create
  return ((int*)(&pthread_create))[argc];
#else
  (void)argc;
  return 0;
#endif
}

Determining if the function pthread_create exists in the pthreads failed with the following output:
Change Dir: /home/common/colcon_ws/build/examples_rclcpp_minimal_action_server/CMakeFiles/CMakeTmp

Run Build Command:"/usr/bin/make" "cmTC_f3e61/fast"
/usr/bin/make -f CMakeFiles/cmTC_f3e61.dir/build.make CMakeFiles/cmTC_f3e61.dir/build
make[1]: Entering directory '/home/common/colcon_ws/build/examples_rclcpp_minimal_action_server/CMakeFiles/CMakeTmp'
Building C object CMakeFiles/cmTC_f3e61.dir/CheckFunctionExists.c.o
/usr/bin/cc   -DCHECK_FUNCTION_EXISTS=pthread_create   -o CMakeFiles/cmTC_f3e61.dir/CheckFunctionExists.c.o   -c /usr/share/cmake-3.10/Modules/CheckFunctionExists.c
Linking C executable cmTC_f3e61
/usr/bin/cmake -E cmake_link_script CMakeFiles/cmTC_f3e61.dir/link.txt --verbose=1
/usr/bin/cc  -DCHECK_FUNCTION_EXISTS=pthread_create    CMakeFiles/cmTC_f3e61.dir/CheckFunctionExists.c.o  -o cmTC_f3e61 -lpthreads 
/usr/bin/ld: cannot find -lpthreads
collect2: error: ld returned 1 exit status
CMakeFiles/cmTC_f3e61.dir/build.make:97: recipe for target 'cmTC_f3e61' failed
make[1]: *** [cmTC_f3e61] Error 1
make[1]: Leaving directory '/home/common/colcon_ws/build/examples_rclcpp_minimal_action_server/CMakeFiles/CMakeTmp'
Makefile:126: recipe for target 'cmTC_f3e61/fast' failed
make: *** [cmTC_f3e61/fast] Error 2


Determining if the pthread_create exist failed with the following output:
Change Dir: /home/common/colcon_ws/build/examples_rclcpp_minimal_action_server/CMakeFiles/CMakeTmp

Run Build Command:"/usr/bin/make" "cmTC_0cdb6/fast"
/usr/bin/make -f CMakeFiles/cmTC_0cdb6.dir/build.make CMakeFiles/cmTC_0cdb6.dir/build
make[1]: Entering directory '/home/common/colcon_ws/build/examples_rclcpp_minimal_action_server/CMakeFiles/CMakeTmp'
Building C object CMakeFiles/cmTC_0cdb6.dir/CheckSymbolExists.c.o
/usr/bin/cc    -o CMakeFiles/cmTC_0cdb6.dir/CheckSymbolExists.c.o   -c /home/common/colcon_ws/build/examples_rclcpp_minimal_action_server/CMakeFiles/CMakeTmp/CheckSymbolExists.c
Linking C executable cmTC_0cdb6
/usr/bin/cmake -E cmake_link_script CMakeFiles/cmTC_0cdb6.dir/link.txt --verbose=1
/usr/bin/cc      CMakeFiles/cmTC_0cdb6.dir/CheckSymbolExists.c.o  -o cmTC_0cdb6 
CMakeFiles/cmTC_0cdb6.dir/CheckSymbolExists.c.o: In function `main':
CheckSymbolExists.c:(.text+0x1b): undefined reference to `pthread_create'
collect2: error: ld returned 1 exit status
CMakeFiles/cmTC_0cdb6.dir/build.make:97: recipe for target 'cmTC_0cdb6' failed
make[1]: *** [cmTC_0cdb6] Error 1
make[1]: Leaving directory '/home/common/colcon_ws/build/examples_rclcpp_minimal_action_server/CMakeFiles/CMakeTmp'
Makefile:126: recipe for target 'cmTC_0cdb6/fast' failed
make: *** [cmTC_0cdb6/fast] Error 2

File /home/common/colcon_ws/build/examples_rclcpp_minimal_action_server/CMakeFiles/CMakeTmp/CheckSymbolExists.c:
/* */
#include <pthread.h>

int main(int argc, char** argv)
{
  (void)argv;
#ifndef pthread_create
  return ((int*)(&pthread_create))[argc];
#else
  (void)argc;
  return 0;
#endif
}

Determining if the function pthread_create exists in the pthreads failed with the following output:
Change Dir: /home/common/colcon_ws/build/examples_rclcpp_minimal_action_server/CMakeFiles/CMakeTmp

Run Build Command:"/usr/bin/make" "cmTC_63047/fast"
/usr/bin/make -f CMakeFiles/cmTC_63047.dir/build.make CMakeFiles/cmTC_63047.dir/build
make[1]: Entering directory '/home/common/colcon_ws/build/examples_rclcpp_minimal_action_server/CMakeFiles/CMakeTmp'
Building C object CMakeFiles/cmTC_63047.dir/CheckFunctionExists.c.o
/usr/bin/cc   -DCHECK_FUNCTION_EXISTS=pthread_create   -o CMakeFiles/cmTC_63047.dir/CheckFunctionExists.c.o   -c /usr/share/cmake-3.10/Modules/CheckFunctionExists.c
Linking C executable cmTC_63047
/usr/bin/cmake -E cmake_link_script CMakeFiles/cmTC_63047.dir/link.txt --verbose=1
/usr/bin/cc  -DCHECK_FUNCTION_EXISTS=pthread_create    CMakeFiles/cmTC_63047.dir/CheckFunctionExists.c.o  -o cmTC_63047 -lpthreads 
/usr/bin/ld: cannot find -lpthreads
collect2: error: ld returned 1 exit status
CMakeFiles/cmTC_63047.dir/build.make:97: recipe for target 'cmTC_63047' failed
make[1]: *** [cmTC_63047] Error 1
make[1]: Leaving directory '/home/common/colcon_ws/build/examples_rclcpp_minimal_action_server/CMakeFiles/CMakeTmp'
Makefile:126: recipe for target 'cmTC_63047/fast' failed
make: *** [cmTC_63047/fast] Error 2


Determining if the pthread_create exist failed with the following output:
Change Dir: /home/common/colcon_ws/build/examples_rclcpp_minimal_action_server/CMakeFiles/CMakeTmp

Run Build Command:"/usr/bin/make" "cmTC_4c2f3/fast"
/usr/bin/make -f CMakeFiles/cmTC_4c2f3.dir/build.make CMakeFiles/cmTC_4c2f3.dir/build
make[1]: Entering directory '/home/common/colcon_ws/build/examples_rclcpp_minimal_action_server/CMakeFiles/CMakeTmp'
Building C object CMakeFiles/cmTC_4c2f3.dir/CheckSymbolExists.c.o
/usr/bin/cc    -o CMakeFiles/cmTC_4c2f3.dir/CheckSymbolExists.c.o   -c /home/common/colcon_ws/build/examples_rclcpp_minimal_action_server/CMakeFiles/CMakeTmp/CheckSymbolExists.c
Linking C executable cmTC_4c2f3
/usr/bin/cmake -E cmake_link_script CMakeFiles/cmTC_4c2f3.dir/link.txt --verbose=1
/usr/bin/cc      CMakeFiles/cmTC_4c2f3.dir/CheckSymbolExists.c.o  -o cmTC_4c2f3 
CMakeFiles/cmTC_4c2f3.dir/CheckSymbolExists.c.o: In function `main':
CheckSymbolExists.c:(.text+0x1b): undefined reference to `pthread_create'
collect2: error: ld returned 1 exit status
CMakeFiles/cmTC_4c2f3.dir/build.make:97: recipe for target 'cmTC_4c2f3' failed
make[1]: *** [cmTC_4c2f3] Error 1
make[1]: Leaving directory '/home/common/colcon_ws/build/examples_rclcpp_minimal_action_server/CMakeFiles/CMakeTmp'
Makefile:126: recipe for target 'cmTC_4c2f3/fast' failed
make: *** [cmTC_4c2f3/fast] Error 2

File /home/common/colcon_ws/build/examples_rclcpp_minimal_action_server/CMakeFiles/CMakeTmp/CheckSymbolExists.c:
/* */
#include <pthread.h>

int main(int argc, char** argv)
{
  (void)argv;
#ifndef pthread_create
  return ((int*)(&pthread_create))[argc];
#else
  (void)argc;
  return 0;
#endif
}

Determining if the function pthread_create exists in the pthreads failed with the following output:
Change Dir: /home/common/colcon_ws/build/examples_rclcpp_minimal_action_server/CMakeFiles/CMakeTmp

Run Build Command:"/usr/bin/make" "cmTC_7abf6/fast"
/usr/bin/make -f CMakeFiles/cmTC_7abf6.dir/build.make CMakeFiles/cmTC_7abf6.dir/build
make[1]: Entering directory '/home/common/colcon_ws/build/examples_rclcpp_minimal_action_server/CMakeFiles/CMakeTmp'
Building C object CMakeFiles/cmTC_7abf6.dir/CheckFunctionExists.c.o
/usr/bin/cc   -DCHECK_FUNCTION_EXISTS=pthread_create   -o CMakeFiles/cmTC_7abf6.dir/CheckFunctionExists.c.o   -c /usr/share/cmake-3.10/Modules/CheckFunctionExists.c
Linking C executable cmTC_7abf6
/usr/bin/cmake -E cmake_link_script CMakeFiles/cmTC_7abf6.dir/link.txt --verbose=1
/usr/bin/cc  -DCHECK_FUNCTION_EXISTS=pthread_create    CMakeFiles/cmTC_7abf6.dir/CheckFunctionExists.c.o  -o cmTC_7abf6 -lpthreads 
/usr/bin/ld: cannot find -lpthreads
collect2: error: ld returned 1 exit status
CMakeFiles/cmTC_7abf6.dir/build.make:97: recipe for target 'cmTC_7abf6' failed
make[1]: *** [cmTC_7abf6] Error 1
make[1]: Leaving directory '/home/common/colcon_ws/build/examples_rclcpp_minimal_action_server/CMakeFiles/CMakeTmp'
Makefile:126: recipe for target 'cmTC_7abf6/fast' failed
make: *** [cmTC_7abf6/fast] Error 2


Determining if the pthread_create exist failed with the following output:
Change Dir: /home/common/colcon_ws/build/examples_rclcpp_minimal_action_server/CMakeFiles/CMakeTmp

Run Build Command:"/usr/bin/make" "cmTC_75894/fast"
/usr/bin/make -f CMakeFiles/cmTC_75894.dir/build.make CMakeFiles/cmTC_75894.dir/build
make[1]: Entering directory '/home/common/colcon_ws/build/examples_rclcpp_minimal_action_server/CMakeFiles/CMakeTmp'
Building C object CMakeFiles/cmTC_75894.dir/CheckSymbolExists.c.o
/usr/bin/cc    -o CMakeFiles/cmTC_75894.dir/CheckSymbolExists.c.o   -c /home/common/colcon_ws/build/examples_rclcpp_minimal_action_server/CMakeFiles/CMakeTmp/CheckSymbolExists.c
Linking C executable cmTC_75894
/usr/bin/cmake -E cmake_link_script CMakeFiles/cmTC_75894.dir/link.txt --verbose=1
/usr/bin/cc      CMakeFiles/cmTC_75894.dir/CheckSymbolExists.c.o  -o cmTC_75894 
CMakeFiles/cmTC_75894.dir/CheckSymbolExists.c.o: In function `main':
CheckSymbolExists.c:(.text+0x1b): undefined reference to `pthread_create'
collect2: error: ld returned 1 exit status
CMakeFiles/cmTC_75894.dir/build.make:97: recipe for target 'cmTC_75894' failed
make[1]: *** [cmTC_75894] Error 1
make[1]: Leaving directory '/home/common/colcon_ws/build/examples_rclcpp_minimal_action_server/CMakeFiles/CMakeTmp'
Makefile:126: recipe for target 'cmTC_75894/fast' failed
make: *** [cmTC_75894/fast] Error 2

File /home/common/colcon_ws/build/examples_rclcpp_minimal_action_server/CMakeFiles/CMakeTmp/CheckSymbolExists.c:
/* */
#include <pthread.h>

int main(int argc, char** argv)
{
  (void)argv;
#ifndef pthread_create
  return ((int*)(&pthread_create))[argc];
#else
  (void)argc;
  return 0;
#endif
}

Determining if the function pthread_create exists in the pthreads failed with the following output:
Change Dir: /home/common/colcon_ws/build/examples_rclcpp_minimal_action_server/CMakeFiles/CMakeTmp

Run Build Command:"/usr/bin/make" "cmTC_9c304/fast"
/usr/bin/make -f CMakeFiles/cmTC_9c304.dir/build.make CMakeFiles/cmTC_9c304.dir/build
make[1]: Entering directory '/home/common/colcon_ws/build/examples_rclcpp_minimal_action_server/CMakeFiles/CMakeTmp'
Building C object CMakeFiles/cmTC_9c304.dir/CheckFunctionExists.c.o
/usr/bin/cc   -DCHECK_FUNCTION_EXISTS=pthread_create   -o CMakeFiles/cmTC_9c304.dir/CheckFunctionExists.c.o   -c /usr/share/cmake-3.10/Modules/CheckFunctionExists.c
Linking C executable cmTC_9c304
/usr/bin/cmake -E cmake_link_script CMakeFiles/cmTC_9c304.dir/link.txt --verbose=1
/usr/bin/cc  -DCHECK_FUNCTION_EXISTS=pthread_create    CMakeFiles/cmTC_9c304.dir/CheckFunctionExists.c.o  -o cmTC_9c304 -lpthreads 
/usr/bin/ld: cannot find -lpthreads
collect2: error: ld returned 1 exit status
CMakeFiles/cmTC_9c304.dir/build.make:97: recipe for target 'cmTC_9c304' failed
make[1]: *** [cmTC_9c304] Error 1
make[1]: Leaving directory '/home/common/colcon_ws/build/examples_rclcpp_minimal_action_server/CMakeFiles/CMakeTmp'
Makefile:126: recipe for target 'cmTC_9c304/fast' failed
make: *** [cmTC_9c304/fast] Error 2


Determining if the pthread_create exist failed with the following output:
Change Dir: /home/common/colcon_ws/build/examples_rclcpp_minimal_action_server/CMakeFiles/CMakeTmp

Run Build Command:"/usr/bin/make" "cmTC_5494e/fast"
/usr/bin/make -f CMakeFiles/cmTC_5494e.dir/build.make CMakeFiles/cmTC_5494e.dir/build
make[1]: Entering directory '/home/common/colcon_ws/build/examples_rclcpp_minimal_action_server/CMakeFiles/CMakeTmp'
Building C object CMakeFiles/cmTC_5494e.dir/CheckSymbolExists.c.o
/usr/bin/cc    -o CMakeFiles/cmTC_5494e.dir/CheckSymbolExists.c.o   -c /home/common/colcon_ws/build/examples_rclcpp_minimal_action_server/CMakeFiles/CMakeTmp/CheckSymbolExists.c
Linking C executable cmTC_5494e
/usr/bin/cmake -E cmake_link_script CMakeFiles/cmTC_5494e.dir/link.txt --verbose=1
/usr/bin/cc      CMakeFiles/cmTC_5494e.dir/CheckSymbolExists.c.o  -o cmTC_5494e 
CMakeFiles/cmTC_5494e.dir/CheckSymbolExists.c.o: In function `main':
CheckSymbolExists.c:(.text+0x1b): undefined reference to `pthread_create'
collect2: error: ld returned 1 exit status
CMakeFiles/cmTC_5494e.dir/build.make:97: recipe for target 'cmTC_5494e' failed
make[1]: *** [cmTC_5494e] Error 1
make[1]: Leaving directory '/home/common/colcon_ws/build/examples_rclcpp_minimal_action_server/CMakeFiles/CMakeTmp'
Makefile:126: recipe for target 'cmTC_5494e/fast' failed
make: *** [cmTC_5494e/fast] Error 2

File /home/common/colcon_ws/build/examples_rclcpp_minimal_action_server/CMakeFiles/CMakeTmp/CheckSymbolExists.c:
/* */
#include <pthread.h>

int main(int argc, char** argv)
{
  (void)argv;
#ifndef pthread_create
  return ((int*)(&pthread_create))[argc];
#else
  (void)argc;
  return 0;
#endif
}

Determining if the function pthread_create exists in the pthreads failed with the following output:
Change Dir: /home/common/colcon_ws/build/examples_rclcpp_minimal_action_server/CMakeFiles/CMakeTmp

Run Build Command:"/usr/bin/make" "cmTC_69194/fast"
/usr/bin/make -f CMakeFiles/cmTC_69194.dir/build.make CMakeFiles/cmTC_69194.dir/build
make[1]: Entering directory '/home/common/colcon_ws/build/examples_rclcpp_minimal_action_server/CMakeFiles/CMakeTmp'
Building C object CMakeFiles/cmTC_69194.dir/CheckFunctionExists.c.o
/usr/bin/cc   -DCHECK_FUNCTION_EXISTS=pthread_create   -o CMakeFiles/cmTC_69194.dir/CheckFunctionExists.c.o   -c /usr/share/cmake-3.10/Modules/CheckFunctionExists.c
Linking C executable cmTC_69194
/usr/bin/cmake -E cmake_link_script CMakeFiles/cmTC_69194.dir/link.txt --verbose=1
/usr/bin/cc  -DCHECK_FUNCTION_EXISTS=pthread_create    CMakeFiles/cmTC_69194.dir/CheckFunctionExists.c.o  -o cmTC_69194 -lpthreads 
/usr/bin/ld: cannot find -lpthreads
collect2: error: ld returned 1 exit status
CMakeFiles/cmTC_69194.dir/build.make:97: recipe for target 'cmTC_69194' failed
make[1]: *** [cmTC_69194] Error 1
make[1]: Leaving directory '/home/common/colcon_ws/build/examples_rclcpp_minimal_action_server/CMakeFiles/CMakeTmp'
Makefile:126: recipe for target 'cmTC_69194/fast' failed
make: *** [cmTC_69194/fast] Error 2


Determining if the pthread_create exist failed with the following output:
Change Dir: /home/common/colcon_ws/build/examples_rclcpp_minimal_action_server/CMakeFiles/CMakeTmp

Run Build Command:"/usr/bin/make" "cmTC_a98d7/fast"
/usr/bin/make -f CMakeFiles/cmTC_a98d7.dir/build.make CMakeFiles/cmTC_a98d7.dir/build
make[1]: Entering directory '/home/common/colcon_ws/build/examples_rclcpp_minimal_action_server/CMakeFiles/CMakeTmp'
Building C object CMakeFiles/cmTC_a98d7.dir/CheckSymbolExists.c.o
/usr/bin/cc    -o CMakeFiles/cmTC_a98d7.dir/CheckSymbolExists.c.o   -c /home/common/colcon_ws/build/examples_rclcpp_minimal_action_server/CMakeFiles/CMakeTmp/CheckSymbolExists.c
Linking C executable cmTC_a98d7
/usr/bin/cmake -E cmake_link_script CMakeFiles/cmTC_a98d7.dir/link.txt --verbose=1
/usr/bin/cc      CMakeFiles/cmTC_a98d7.dir/CheckSymbolExists.c.o  -o cmTC_a98d7 
CMakeFiles/cmTC_a98d7.dir/CheckSymbolExists.c.o: In function `main':
CheckSymbolExists.c:(.text+0x1b): undefined reference to `pthread_create'
collect2: error: ld returned 1 exit status
CMakeFiles/cmTC_a98d7.dir/build.make:97: recipe for target 'cmTC_a98d7' failed
make[1]: *** [cmTC_a98d7] Error 1
make[1]: Leaving directory '/home/common/colcon_ws/build/examples_rclcpp_minimal_action_server/CMakeFiles/CMakeTmp'
Makefile:126: recipe for target 'cmTC_a98d7/fast' failed
make: *** [cmTC_a98d7/fast] Error 2

File /home/common/colcon_ws/build/examples_rclcpp_minimal_action_server/CMakeFiles/CMakeTmp/CheckSymbolExists.c:
/* */
#include <pthread.h>

int main(int argc, char** argv)
{
  (void)argv;
#ifndef pthread_create
  return ((int*)(&pthread_create))[argc];
#else
  (void)argc;
  return 0;
#endif
}

Determining if the function pthread_create exists in the pthreads failed with the following output:
Change Dir: /home/common/colcon_ws/build/examples_rclcpp_minimal_action_server/CMakeFiles/CMakeTmp

Run Build Command:"/usr/bin/make" "cmTC_5cabf/fast"
/usr/bin/make -f CMakeFiles/cmTC_5cabf.dir/build.make CMakeFiles/cmTC_5cabf.dir/build
make[1]: Entering directory '/home/common/colcon_ws/build/examples_rclcpp_minimal_action_server/CMakeFiles/CMakeTmp'
Building C object CMakeFiles/cmTC_5cabf.dir/CheckFunctionExists.c.o
/usr/bin/cc   -DCHECK_FUNCTION_EXISTS=pthread_create   -o CMakeFiles/cmTC_5cabf.dir/CheckFunctionExists.c.o   -c /usr/share/cmake-3.10/Modules/CheckFunctionExists.c
Linking C executable cmTC_5cabf
/usr/bin/cmake -E cmake_link_script CMakeFiles/cmTC_5cabf.dir/link.txt --verbose=1
/usr/bin/cc  -DCHECK_FUNCTION_EXISTS=pthread_create    CMakeFiles/cmTC_5cabf.dir/CheckFunctionExists.c.o  -o cmTC_5cabf -lpthreads 
/usr/bin/ld: cannot find -lpthreads
collect2: error: ld returned 1 exit status
CMakeFiles/cmTC_5cabf.dir/build.make:97: recipe for target 'cmTC_5cabf' failed
make[1]: *** [cmTC_5cabf] Error 1
make[1]: Leaving directory '/home/common/colcon_ws/build/examples_rclcpp_minimal_action_server/CMakeFiles/CMakeTmp'
Makefile:126: recipe for target 'cmTC_5cabf/fast' failed
make: *** [cmTC_5cabf/fast] Error 2


