[0.058s] Invoking command in '/home/common/colcon_ws/build/object_recognition_msgs': CMAKE_PREFIX_PATH=/home/common/colcon_ws/install/turtlebot3_teleop:/home/common/colcon_ws/install/tms_ss_whs1:/home/common/colcon_ws/install/tms_rc_double:/opt/ros/dashing:${CMAKE_PREFIX_PATH} /usr/bin/cmake --build /home/common/colcon_ws/build/object_recognition_msgs -- -j8 -l8
[0.157s] [  1%] Built target object_recognition_msgs__cpp
[0.174s] [ 12%] Built target object_recognition_msgs__rosidl_generator_c
[0.228s] [ 24%] Built target object_recognition_msgs__rosidl_typesupport_introspection_cpp
[0.240s] [ 36%] Built target object_recognition_msgs__rosidl_typesupport_fastrtps_cpp
[0.241s] [ 48%] Built target object_recognition_msgs__rosidl_typesupport_introspection_c
[0.298s] [ 60%] Built target object_recognition_msgs__rosidl_typesupport_cpp
[0.303s] [ 71%] Built target object_recognition_msgs__rosidl_typesupport_fastrtps_c
[0.362s] [ 83%] Built target object_recognition_msgs__rosidl_typesupport_c
[0.395s] [ 83%] Built target object_recognition_msgs
[0.432s] [ 84%] Built target object_recognition_msgs__py
[0.477s] [ 95%] Built target object_recognition_msgs__python
[0.513s] [ 97%] Built target object_recognition_msgs__rosidl_typesupport_c__pyext
[0.517s] [100%] Built target object_recognition_msgs__rosidl_typesupport_fastrtps_c__pyext
[0.693s] Invoked command in '/home/common/colcon_ws/build/object_recognition_msgs' returned '0': CMAKE_PREFIX_PATH=/home/common/colcon_ws/install/turtlebot3_teleop:/home/common/colcon_ws/install/tms_ss_whs1:/home/common/colcon_ws/install/tms_rc_double:/opt/ros/dashing:${CMAKE_PREFIX_PATH} /usr/bin/cmake --build /home/common/colcon_ws/build/object_recognition_msgs -- -j8 -l8
[1.024s] Invoking command in '/home/common/colcon_ws/build/object_recognition_msgs': CMAKE_PREFIX_PATH=/home/common/colcon_ws/install/turtlebot3_teleop:/home/common/colcon_ws/install/tms_ss_whs1:/home/common/colcon_ws/install/tms_rc_double:/opt/ros/dashing:${CMAKE_PREFIX_PATH} /usr/bin/cmake --build /home/common/colcon_ws/build/object_recognition_msgs --target install -- -j8 -l8
[1.138s] [ 11%] Built target object_recognition_msgs__rosidl_generator_c
[1.170s] [ 12%] Built target object_recognition_msgs__cpp
[1.246s] [ 24%] Built target object_recognition_msgs__rosidl_typesupport_introspection_c
[1.259s] [ 36%] Built target object_recognition_msgs__rosidl_typesupport_introspection_cpp
[1.266s] [ 48%] Built target object_recognition_msgs__rosidl_typesupport_fastrtps_cpp
[1.355s] [ 60%] Built target object_recognition_msgs__rosidl_typesupport_fastrtps_c
[1.367s] [ 71%] Built target object_recognition_msgs__rosidl_typesupport_cpp
[1.423s] [ 83%] Built target object_recognition_msgs__rosidl_typesupport_c
[1.462s] [ 83%] Built target object_recognition_msgs
[1.516s] [ 84%] Built target object_recognition_msgs__py
[1.599s] [ 95%] Built target object_recognition_msgs__python
[1.659s] [ 97%] Built target object_recognition_msgs__rosidl_typesupport_c__pyext
[1.670s] [100%] Built target object_recognition_msgs__rosidl_typesupport_fastrtps_c__pyext
[1.722s] [36mInstall the project...[0m
[1.730s] -- Install configuration: ""
[1.731s] -- Execute custom install script
[1.731s] -- Up-to-date symlink: /home/common/colcon_ws/install/object_recognition_msgs/share/ament_index/resource_index/rosidl_interfaces/object_recognition_msgs
[1.731s] -- Up-to-date symlink: /home/common/colcon_ws/install/object_recognition_msgs/lib/libobject_recognition_msgs__rosidl_typesupport_c.so
[1.732s] -- Up-to-date symlink: /home/common/colcon_ws/install/object_recognition_msgs/share/object_recognition_msgs/environment/library_path.sh
[1.732s] -- Up-to-date symlink: /home/common/colcon_ws/install/object_recognition_msgs/lib/libobject_recognition_msgs__rosidl_typesupport_cpp.so
[1.732s] -- Up-to-date symlink: /home/common/colcon_ws/install/object_recognition_msgs/include/object_recognition_msgs/action/object_recognition__rosidl_typesupport_fastrtps_c.h
[1.732s] -- Up-to-date symlink: /home/common/colcon_ws/install/object_recognition_msgs/include/object_recognition_msgs/msg/object_information__rosidl_typesupport_fastrtps_c.h
[1.732s] -- Up-to-date symlink: /home/common/colcon_ws/install/object_recognition_msgs/include/object_recognition_msgs/msg/object_type__rosidl_typesupport_fastrtps_c.h
[1.733s] -- Up-to-date symlink: /home/common/colcon_ws/install/object_recognition_msgs/include/object_recognition_msgs/msg/recognized_object__rosidl_typesupport_fastrtps_c.h
[1.733s] -- Up-to-date symlink: /home/common/colcon_ws/install/object_recognition_msgs/include/object_recognition_msgs/msg/recognized_object_array__rosidl_typesupport_fastrtps_c.h
[1.733s] -- Up-to-date symlink: /home/common/colcon_ws/install/object_recognition_msgs/include/object_recognition_msgs/msg/rosidl_typesupport_fastrtps_c__visibility_control.h
[1.733s] -- Up-to-date symlink: /home/common/colcon_ws/install/object_recognition_msgs/include/object_recognition_msgs/msg/table__rosidl_typesupport_fastrtps_c.h
[1.733s] -- Up-to-date symlink: /home/common/colcon_ws/install/object_recognition_msgs/include/object_recognition_msgs/msg/table_array__rosidl_typesupport_fastrtps_c.h
[1.733s] -- Up-to-date symlink: /home/common/colcon_ws/install/object_recognition_msgs/include/object_recognition_msgs/srv/get_object_information__rosidl_typesupport_fastrtps_c.h
[1.734s] -- Up-to-date symlink: /home/common/colcon_ws/install/object_recognition_msgs/lib/libobject_recognition_msgs__rosidl_typesupport_fastrtps_c.so
[1.734s] -- Up-to-date symlink: /home/common/colcon_ws/install/object_recognition_msgs/include/object_recognition_msgs/action/object_recognition.h
[1.734s] -- Up-to-date symlink: /home/common/colcon_ws/install/object_recognition_msgs/include/object_recognition_msgs/action/object_recognition__functions.h
[1.734s] -- Up-to-date symlink: /home/common/colcon_ws/install/object_recognition_msgs/include/object_recognition_msgs/action/object_recognition__struct.h
[1.734s] -- Up-to-date symlink: /home/common/colcon_ws/install/object_recognition_msgs/include/object_recognition_msgs/action/object_recognition__type_support.h
[1.734s] -- Up-to-date symlink: /home/common/colcon_ws/install/object_recognition_msgs/include/object_recognition_msgs/msg/object_information.h
[1.735s] -- Up-to-date symlink: /home/common/colcon_ws/install/object_recognition_msgs/include/object_recognition_msgs/msg/object_information__functions.h
[1.735s] -- Up-to-date symlink: /home/common/colcon_ws/install/object_recognition_msgs/include/object_recognition_msgs/msg/object_information__struct.h
[1.735s] -- Up-to-date symlink: /home/common/colcon_ws/install/object_recognition_msgs/include/object_recognition_msgs/msg/object_information__type_support.h
[1.735s] -- Up-to-date symlink: /home/common/colcon_ws/install/object_recognition_msgs/include/object_recognition_msgs/msg/object_type.h
[1.735s] -- Up-to-date symlink: /home/common/colcon_ws/install/object_recognition_msgs/include/object_recognition_msgs/msg/object_type__functions.h
[1.735s] -- Up-to-date symlink: /home/common/colcon_ws/install/object_recognition_msgs/include/object_recognition_msgs/msg/object_type__struct.h
[1.736s] -- Up-to-date symlink: /home/common/colcon_ws/install/object_recognition_msgs/include/object_recognition_msgs/msg/object_type__type_support.h
[1.736s] -- Up-to-date symlink: /home/common/colcon_ws/install/object_recognition_msgs/include/object_recognition_msgs/msg/recognized_object.h
[1.736s] -- Up-to-date symlink: /home/common/colcon_ws/install/object_recognition_msgs/include/object_recognition_msgs/msg/recognized_object__functions.h
[1.736s] -- Up-to-date symlink: /home/common/colcon_ws/install/object_recognition_msgs/include/object_recognition_msgs/msg/recognized_object__struct.h
[1.737s] -- Up-to-date symlink: /home/common/colcon_ws/install/object_recognition_msgs/include/object_recognition_msgs/msg/recognized_object__type_support.h
[1.737s] -- Up-to-date symlink: /home/common/colcon_ws/install/object_recognition_msgs/include/object_recognition_msgs/msg/recognized_object_array.h
[1.737s] -- Up-to-date symlink: /home/common/colcon_ws/install/object_recognition_msgs/include/object_recognition_msgs/msg/recognized_object_array__functions.h
[1.737s] -- Up-to-date symlink: /home/common/colcon_ws/install/object_recognition_msgs/include/object_recognition_msgs/msg/recognized_object_array__struct.h
[1.737s] -- Up-to-date symlink: /home/common/colcon_ws/install/object_recognition_msgs/include/object_recognition_msgs/msg/recognized_object_array__type_support.h
[1.737s] -- Up-to-date symlink: /home/common/colcon_ws/install/object_recognition_msgs/include/object_recognition_msgs/msg/rosidl_generator_c__visibility_control.h
[1.738s] -- Up-to-date symlink: /home/common/colcon_ws/install/object_recognition_msgs/include/object_recognition_msgs/msg/table.h
[1.738s] -- Up-to-date symlink: /home/common/colcon_ws/install/object_recognition_msgs/include/object_recognition_msgs/msg/table__functions.h
[1.738s] -- Up-to-date symlink: /home/common/colcon_ws/install/object_recognition_msgs/include/object_recognition_msgs/msg/table__struct.h
[1.740s] -- Up-to-date symlink: /home/common/colcon_ws/install/object_recognition_msgs/include/object_recognition_msgs/msg/table__type_support.h
[1.741s] -- Up-to-date symlink: /home/common/colcon_ws/install/object_recognition_msgs/include/object_recognition_msgs/msg/table_array.h
[1.741s] -- Up-to-date symlink: /home/common/colcon_ws/install/object_recognition_msgs/include/object_recognition_msgs/msg/table_array__functions.h
[1.741s] -- Up-to-date symlink: /home/common/colcon_ws/install/object_recognition_msgs/include/object_recognition_msgs/msg/table_array__struct.h
[1.741s] -- Up-to-date symlink: /home/common/colcon_ws/install/object_recognition_msgs/include/object_recognition_msgs/msg/table_array__type_support.h
[1.741s] -- Up-to-date symlink: /home/common/colcon_ws/install/object_recognition_msgs/include/object_recognition_msgs/srv/get_object_information.h
[1.741s] -- Up-to-date symlink: /home/common/colcon_ws/install/object_recognition_msgs/include/object_recognition_msgs/srv/get_object_information__functions.h
[1.741s] -- Up-to-date symlink: /home/common/colcon_ws/install/object_recognition_msgs/include/object_recognition_msgs/srv/get_object_information__struct.h
[1.742s] -- Up-to-date symlink: /home/common/colcon_ws/install/object_recognition_msgs/include/object_recognition_msgs/srv/get_object_information__type_support.h
[1.742s] -- Up-to-date symlink: /home/common/colcon_ws/install/object_recognition_msgs/lib/libobject_recognition_msgs__rosidl_generator_c.so
[1.743s] -- Up-to-date symlink: /home/common/colcon_ws/install/object_recognition_msgs/include/object_recognition_msgs/action/object_recognition__rosidl_typesupport_fastrtps_cpp.hpp
[1.744s] -- Up-to-date symlink: /home/common/colcon_ws/install/object_recognition_msgs/include/object_recognition_msgs/msg/object_information__rosidl_typesupport_fastrtps_cpp.hpp
[1.745s] -- Up-to-date symlink: /home/common/colcon_ws/install/object_recognition_msgs/include/object_recognition_msgs/msg/object_type__rosidl_typesupport_fastrtps_cpp.hpp
[1.745s] -- Up-to-date symlink: /home/common/colcon_ws/install/object_recognition_msgs/include/object_recognition_msgs/msg/recognized_object__rosidl_typesupport_fastrtps_cpp.hpp
[1.745s] -- Up-to-date symlink: /home/common/colcon_ws/install/object_recognition_msgs/include/object_recognition_msgs/msg/recognized_object_array__rosidl_typesupport_fastrtps_cpp.hpp
[1.745s] -- Up-to-date symlink: /home/common/colcon_ws/install/object_recognition_msgs/include/object_recognition_msgs/msg/rosidl_typesupport_fastrtps_cpp__visibility_control.h
[1.745s] -- Up-to-date symlink: /home/common/colcon_ws/install/object_recognition_msgs/include/object_recognition_msgs/msg/table__rosidl_typesupport_fastrtps_cpp.hpp
[1.745s] -- Up-to-date symlink: /home/common/colcon_ws/install/object_recognition_msgs/include/object_recognition_msgs/msg/table_array__rosidl_typesupport_fastrtps_cpp.hpp
[1.746s] -- Up-to-date symlink: /home/common/colcon_ws/install/object_recognition_msgs/include/object_recognition_msgs/srv/get_object_information__rosidl_typesupport_fastrtps_cpp.hpp
[1.746s] -- Up-to-date symlink: /home/common/colcon_ws/install/object_recognition_msgs/lib/libobject_recognition_msgs__rosidl_typesupport_fastrtps_cpp.so
[1.748s] -- Up-to-date symlink: /home/common/colcon_ws/install/object_recognition_msgs/include/object_recognition_msgs/action/object_recognition.hpp
[1.749s] -- Up-to-date symlink: /home/common/colcon_ws/install/object_recognition_msgs/include/object_recognition_msgs/action/object_recognition__struct.hpp
[1.749s] -- Up-to-date symlink: /home/common/colcon_ws/install/object_recognition_msgs/include/object_recognition_msgs/action/object_recognition__traits.hpp
[1.749s] -- Up-to-date symlink: /home/common/colcon_ws/install/object_recognition_msgs/include/object_recognition_msgs/msg/object_information.hpp
[1.749s] -- Up-to-date symlink: /home/common/colcon_ws/install/object_recognition_msgs/include/object_recognition_msgs/msg/object_information__struct.hpp
[1.749s] -- Up-to-date symlink: /home/common/colcon_ws/install/object_recognition_msgs/include/object_recognition_msgs/msg/object_information__traits.hpp
[1.750s] -- Up-to-date symlink: /home/common/colcon_ws/install/object_recognition_msgs/include/object_recognition_msgs/msg/object_type.hpp
[1.750s] -- Up-to-date symlink: /home/common/colcon_ws/install/object_recognition_msgs/include/object_recognition_msgs/msg/object_type__struct.hpp
[1.753s] -- Up-to-date symlink: /home/common/colcon_ws/install/object_recognition_msgs/include/object_recognition_msgs/msg/object_type__traits.hpp
[1.753s] -- Up-to-date symlink: /home/common/colcon_ws/install/object_recognition_msgs/include/object_recognition_msgs/msg/recognized_object.hpp
[1.753s] -- Up-to-date symlink: /home/common/colcon_ws/install/object_recognition_msgs/include/object_recognition_msgs/msg/recognized_object__struct.hpp
[1.754s] -- Up-to-date symlink: /home/common/colcon_ws/install/object_recognition_msgs/include/object_recognition_msgs/msg/recognized_object__traits.hpp
[1.754s] -- Up-to-date symlink: /home/common/colcon_ws/install/object_recognition_msgs/include/object_recognition_msgs/msg/recognized_object_array.hpp
[1.754s] -- Up-to-date symlink: /home/common/colcon_ws/install/object_recognition_msgs/include/object_recognition_msgs/msg/recognized_object_array__struct.hpp
[1.754s] -- Up-to-date symlink: /home/common/colcon_ws/install/object_recognition_msgs/include/object_recognition_msgs/msg/recognized_object_array__traits.hpp
[1.754s] -- Up-to-date symlink: /home/common/colcon_ws/install/object_recognition_msgs/include/object_recognition_msgs/msg/table.hpp
[1.755s] -- Up-to-date symlink: /home/common/colcon_ws/install/object_recognition_msgs/include/object_recognition_msgs/msg/table__struct.hpp
[1.755s] -- Up-to-date symlink: /home/common/colcon_ws/install/object_recognition_msgs/include/object_recognition_msgs/msg/table__traits.hpp
[1.755s] -- Up-to-date symlink: /home/common/colcon_ws/install/object_recognition_msgs/include/object_recognition_msgs/msg/table_array.hpp
[1.755s] -- Up-to-date symlink: /home/common/colcon_ws/install/object_recognition_msgs/include/object_recognition_msgs/msg/table_array__struct.hpp
[1.756s] -- Up-to-date symlink: /home/common/colcon_ws/install/object_recognition_msgs/include/object_recognition_msgs/msg/table_array__traits.hpp
[1.756s] -- Up-to-date symlink: /home/common/colcon_ws/install/object_recognition_msgs/include/object_recognition_msgs/srv/get_object_information.hpp
[1.756s] -- Up-to-date symlink: /home/common/colcon_ws/install/object_recognition_msgs/include/object_recognition_msgs/srv/get_object_information__struct.hpp
[1.756s] -- Up-to-date symlink: /home/common/colcon_ws/install/object_recognition_msgs/include/object_recognition_msgs/srv/get_object_information__traits.hpp
[1.757s] -- Up-to-date symlink: /home/common/colcon_ws/install/object_recognition_msgs/include/object_recognition_msgs/action/object_recognition__rosidl_typesupport_introspection_c.h
[1.757s] -- Up-to-date symlink: /home/common/colcon_ws/install/object_recognition_msgs/include/object_recognition_msgs/msg/object_information__rosidl_typesupport_introspection_c.h
[1.757s] -- Up-to-date symlink: /home/common/colcon_ws/install/object_recognition_msgs/include/object_recognition_msgs/msg/object_type__rosidl_typesupport_introspection_c.h
[1.757s] -- Up-to-date symlink: /home/common/colcon_ws/install/object_recognition_msgs/include/object_recognition_msgs/msg/recognized_object__rosidl_typesupport_introspection_c.h
[1.758s] -- Up-to-date symlink: /home/common/colcon_ws/install/object_recognition_msgs/include/object_recognition_msgs/msg/recognized_object_array__rosidl_typesupport_introspection_c.h
[1.758s] -- Up-to-date symlink: /home/common/colcon_ws/install/object_recognition_msgs/include/object_recognition_msgs/msg/rosidl_typesupport_introspection_c__visibility_control.h
[1.758s] -- Up-to-date symlink: /home/common/colcon_ws/install/object_recognition_msgs/include/object_recognition_msgs/msg/table__rosidl_typesupport_introspection_c.h
[1.758s] -- Up-to-date symlink: /home/common/colcon_ws/install/object_recognition_msgs/include/object_recognition_msgs/msg/table_array__rosidl_typesupport_introspection_c.h
[1.759s] -- Up-to-date symlink: /home/common/colcon_ws/install/object_recognition_msgs/include/object_recognition_msgs/srv/get_object_information__rosidl_typesupport_introspection_c.h
[1.759s] -- Up-to-date symlink: /home/common/colcon_ws/install/object_recognition_msgs/lib/libobject_recognition_msgs__rosidl_typesupport_introspection_c.so
[1.759s] -- Up-to-date symlink: /home/common/colcon_ws/install/object_recognition_msgs/include/object_recognition_msgs/action/object_recognition__rosidl_typesupport_introspection_cpp.hpp
[1.760s] -- Up-to-date symlink: /home/common/colcon_ws/install/object_recognition_msgs/include/object_recognition_msgs/msg/object_information__rosidl_typesupport_introspection_cpp.hpp
[1.760s] -- Up-to-date symlink: /home/common/colcon_ws/install/object_recognition_msgs/include/object_recognition_msgs/msg/object_type__rosidl_typesupport_introspection_cpp.hpp
[1.760s] -- Up-to-date symlink: /home/common/colcon_ws/install/object_recognition_msgs/include/object_recognition_msgs/msg/recognized_object__rosidl_typesupport_introspection_cpp.hpp
[1.760s] -- Up-to-date symlink: /home/common/colcon_ws/install/object_recognition_msgs/include/object_recognition_msgs/msg/recognized_object_array__rosidl_typesupport_introspection_cpp.hpp
[1.761s] -- Up-to-date symlink: /home/common/colcon_ws/install/object_recognition_msgs/include/object_recognition_msgs/msg/table__rosidl_typesupport_introspection_cpp.hpp
[1.761s] -- Up-to-date symlink: /home/common/colcon_ws/install/object_recognition_msgs/include/object_recognition_msgs/msg/table_array__rosidl_typesupport_introspection_cpp.hpp
[1.761s] -- Up-to-date symlink: /home/common/colcon_ws/install/object_recognition_msgs/include/object_recognition_msgs/srv/get_object_information__rosidl_typesupport_introspection_cpp.hpp
[1.762s] -- Up-to-date symlink: /home/common/colcon_ws/install/object_recognition_msgs/lib/libobject_recognition_msgs__rosidl_typesupport_introspection_cpp.so
[1.763s] -- Up-to-date symlink: /home/common/colcon_ws/install/object_recognition_msgs/share/object_recognition_msgs/environment/pythonpath.sh
[1.763s] -- Up-to-date symlink: /home/common/colcon_ws/install/object_recognition_msgs/lib/python3.6/site-packages/object_recognition_msgs/__init__.py
[1.767s] -- Up-to-date symlink: /home/common/colcon_ws/install/object_recognition_msgs/lib/python3.6/site-packages/object_recognition_msgs/msg/__init__.py
[1.767s] -- Up-to-date symlink: /home/common/colcon_ws/install/object_recognition_msgs/lib/python3.6/site-packages/object_recognition_msgs/msg/_object_information.py
[1.770s] -- Up-to-date symlink: /home/common/colcon_ws/install/object_recognition_msgs/lib/python3.6/site-packages/object_recognition_msgs/msg/_object_type.py
[1.770s] -- Up-to-date symlink: /home/common/colcon_ws/install/object_recognition_msgs/lib/python3.6/site-packages/object_recognition_msgs/msg/_recognized_object.py
[1.770s] -- Up-to-date symlink: /home/common/colcon_ws/install/object_recognition_msgs/lib/python3.6/site-packages/object_recognition_msgs/msg/_recognized_object_array.py
[1.770s] -- Up-to-date symlink: /home/common/colcon_ws/install/object_recognition_msgs/lib/python3.6/site-packages/object_recognition_msgs/msg/_table.py
[1.770s] -- Up-to-date symlink: /home/common/colcon_ws/install/object_recognition_msgs/lib/python3.6/site-packages/object_recognition_msgs/msg/_table_array.py
[1.770s] -- Up-to-date symlink: /home/common/colcon_ws/install/object_recognition_msgs/lib/python3.6/site-packages/object_recognition_msgs/srv/__init__.py
[1.770s] -- Up-to-date symlink: /home/common/colcon_ws/install/object_recognition_msgs/lib/python3.6/site-packages/object_recognition_msgs/srv/_get_object_information.py
[1.771s] -- Up-to-date symlink: /home/common/colcon_ws/install/object_recognition_msgs/lib/python3.6/site-packages/object_recognition_msgs/action/__init__.py
[1.776s] -- Up-to-date symlink: /home/common/colcon_ws/install/object_recognition_msgs/lib/python3.6/site-packages/object_recognition_msgs/action/_object_recognition.py
[1.777s] -- Up-to-date symlink: /home/common/colcon_ws/install/object_recognition_msgs/lib/python3.6/site-packages/object_recognition_msgs/object_recognition_msgs_s__rosidl_typesupport_c.cpython-36m-x86_64-linux-gnu.so
[1.777s] -- Up-to-date symlink: /home/common/colcon_ws/install/object_recognition_msgs/lib/python3.6/site-packages/object_recognition_msgs/object_recognition_msgs_s__rosidl_typesupport_fastrtps_c.cpython-36m-x86_64-linux-gnu.so
[1.777s] -- Up-to-date symlink: /home/common/colcon_ws/install/object_recognition_msgs/lib/libobject_recognition_msgs__python.so
[1.779s] -- Up-to-date symlink: /home/common/colcon_ws/install/object_recognition_msgs/share/object_recognition_msgs/msg/ObjectInformation.idl
[1.779s] -- Up-to-date symlink: /home/common/colcon_ws/install/object_recognition_msgs/share/object_recognition_msgs/msg/ObjectType.idl
[1.779s] -- Up-to-date symlink: /home/common/colcon_ws/install/object_recognition_msgs/share/object_recognition_msgs/msg/RecognizedObject.idl
[1.780s] -- Up-to-date symlink: /home/common/colcon_ws/install/object_recognition_msgs/share/object_recognition_msgs/msg/RecognizedObjectArray.idl
[1.780s] -- Up-to-date symlink: /home/common/colcon_ws/install/object_recognition_msgs/share/object_recognition_msgs/msg/Table.idl
[1.780s] -- Up-to-date symlink: /home/common/colcon_ws/install/object_recognition_msgs/share/object_recognition_msgs/msg/TableArray.idl
[1.780s] -- Up-to-date symlink: /home/common/colcon_ws/install/object_recognition_msgs/share/object_recognition_msgs/srv/GetObjectInformation.idl
[1.781s] -- Up-to-date symlink: /home/common/colcon_ws/install/object_recognition_msgs/share/object_recognition_msgs/action/ObjectRecognition.idl
[1.781s] -- Up-to-date symlink: /home/common/colcon_ws/install/object_recognition_msgs/share/object_recognition_msgs/msg/ObjectInformation.msg
[1.781s] -- Up-to-date symlink: /home/common/colcon_ws/install/object_recognition_msgs/share/object_recognition_msgs/msg/ObjectType.msg
[1.781s] -- Up-to-date symlink: /home/common/colcon_ws/install/object_recognition_msgs/share/object_recognition_msgs/msg/RecognizedObject.msg
[1.781s] -- Up-to-date symlink: /home/common/colcon_ws/install/object_recognition_msgs/share/object_recognition_msgs/msg/RecognizedObjectArray.msg
[1.782s] -- Up-to-date symlink: /home/common/colcon_ws/install/object_recognition_msgs/share/object_recognition_msgs/msg/Table.msg
[1.782s] -- Up-to-date symlink: /home/common/colcon_ws/install/object_recognition_msgs/share/object_recognition_msgs/msg/TableArray.msg
[1.783s] -- Up-to-date symlink: /home/common/colcon_ws/install/object_recognition_msgs/share/object_recognition_msgs/srv/GetObjectInformation.srv
[1.783s] -- Up-to-date symlink: /home/common/colcon_ws/install/object_recognition_msgs/share/object_recognition_msgs/srv/GetObjectInformation_Request.msg
[1.783s] -- Up-to-date symlink: /home/common/colcon_ws/install/object_recognition_msgs/share/object_recognition_msgs/srv/GetObjectInformation_Response.msg
[1.783s] -- Up-to-date symlink: /home/common/colcon_ws/install/object_recognition_msgs/share/object_recognition_msgs/action/ObjectRecognition.action
[1.783s] -- Up-to-date symlink: /home/common/colcon_ws/install/object_recognition_msgs/share/ament_index/resource_index/package_run_dependencies/object_recognition_msgs
[1.783s] -- Up-to-date symlink: /home/common/colcon_ws/install/object_recognition_msgs/share/ament_index/resource_index/parent_prefix_path/object_recognition_msgs
[1.784s] -- Up-to-date symlink: /home/common/colcon_ws/install/object_recognition_msgs/share/object_recognition_msgs/environment/ament_prefix_path.sh
[1.784s] -- Up-to-date symlink: /home/common/colcon_ws/install/object_recognition_msgs/share/object_recognition_msgs/environment/path.sh
[1.784s] -- Up-to-date symlink: /home/common/colcon_ws/install/object_recognition_msgs/share/object_recognition_msgs/local_setup.bash
[1.784s] -- Up-to-date symlink: /home/common/colcon_ws/install/object_recognition_msgs/share/object_recognition_msgs/local_setup.sh
[1.793s] -- Up-to-date symlink: /home/common/colcon_ws/install/object_recognition_msgs/share/object_recognition_msgs/local_setup.zsh
[1.793s] -- Up-to-date symlink: /home/common/colcon_ws/install/object_recognition_msgs/share/ament_index/resource_index/packages/object_recognition_msgs
[1.794s] -- Up-to-date symlink: /home/common/colcon_ws/install/object_recognition_msgs/share/object_recognition_msgs/cmake/rosidl_cmake-extras.cmake
[1.794s] -- Up-to-date symlink: /home/common/colcon_ws/install/object_recognition_msgs/share/object_recognition_msgs/cmake/ament_cmake_export_dependencies-extras.cmake
[1.795s] -- Up-to-date symlink: /home/common/colcon_ws/install/object_recognition_msgs/share/object_recognition_msgs/cmake/ament_cmake_export_libraries-extras.cmake
[1.795s] -- Up-to-date symlink: /home/common/colcon_ws/install/object_recognition_msgs/share/object_recognition_msgs/cmake/ament_cmake_export_include_directories-extras.cmake
[1.795s] -- Up-to-date symlink: /home/common/colcon_ws/install/object_recognition_msgs/share/object_recognition_msgs/cmake/object_recognition_msgsConfig.cmake
[1.796s] -- Up-to-date symlink: /home/common/colcon_ws/install/object_recognition_msgs/share/object_recognition_msgs/cmake/object_recognition_msgsConfig-version.cmake
[1.799s] -- Up-to-date symlink: /home/common/colcon_ws/install/object_recognition_msgs/share/object_recognition_msgs/package.xml
[1.869s] Invoked command in '/home/common/colcon_ws/build/object_recognition_msgs' returned '0': CMAKE_PREFIX_PATH=/home/common/colcon_ws/install/turtlebot3_teleop:/home/common/colcon_ws/install/tms_ss_whs1:/home/common/colcon_ws/install/tms_rc_double:/opt/ros/dashing:${CMAKE_PREFIX_PATH} /usr/bin/cmake --build /home/common/colcon_ws/build/object_recognition_msgs --target install -- -j8 -l8
