[0.157s] [ 11%] Built target tms_msg_ts__rosidl_generator_c
[0.158s] [ 13%] Built target tms_msg_ts__cpp
[0.197s] [ 24%] Built target tms_msg_ts__rosidl_typesupport_introspection_c
[0.200s] [ 36%] Built target tms_msg_ts__rosidl_typesupport_introspection_cpp
[0.212s] [ 47%] Built target tms_msg_ts__rosidl_typesupport_fastrtps_cpp
[0.274s] [ 59%] Built target tms_msg_ts__rosidl_typesupport_cpp
[0.283s] [ 70%] Built target tms_msg_ts__rosidl_typesupport_fastrtps_c
[0.326s] [ 81%] Built target tms_msg_ts__rosidl_typesupport_c
[0.394s] [ 81%] Built target tms_msg_ts
[0.461s] [ 83%] Built target tms_msg_ts__py
[0.510s] [ 93%] Built target tms_msg_ts__python
[0.551s] [100%] Built target tms_msg_ts__rosidl_typesupport_fastrtps_c__pyext
[0.551s] [100%] Built target tms_msg_ts__rosidl_typesupport_c__pyext
[1.779s] [ 11%] Built target tms_msg_ts__rosidl_generator_c
[1.780s] [ 13%] Built target tms_msg_ts__cpp
[1.780s] [ 24%] Built target tms_msg_ts__rosidl_typesupport_introspection_c
[1.780s] [ 36%] Built target tms_msg_ts__rosidl_typesupport_introspection_cpp
[1.780s] [ 47%] Built target tms_msg_ts__rosidl_typesupport_fastrtps_cpp
[1.781s] [ 59%] Built target tms_msg_ts__rosidl_typesupport_fastrtps_c
[1.781s] [ 70%] Built target tms_msg_ts__rosidl_typesupport_cpp
[1.782s] [ 81%] Built target tms_msg_ts__rosidl_typesupport_c
[1.782s] [ 81%] Built target tms_msg_ts
[1.783s] [ 83%] Built target tms_msg_ts__py
[1.783s] [ 93%] Built target tms_msg_ts__python
[1.783s] [100%] Built target tms_msg_ts__rosidl_typesupport_c__pyext
[1.783s] [100%] Built target tms_msg_ts__rosidl_typesupport_fastrtps_c__pyext
[1.783s] [36mInstall the project...[0m
[1.783s] -- Install configuration: ""
[1.784s] -- Execute custom install script
[1.784s] -- Up-to-date symlink: /home/common/colcon_ws/install/tms_msg_ts/share/ament_index/resource_index/rosidl_interfaces/tms_msg_ts
[1.784s] -- Up-to-date symlink: /home/common/colcon_ws/install/tms_msg_ts/include/tms_msg_ts/msg/arg.hpp
[1.786s] -- Up-to-date symlink: /home/common/colcon_ws/install/tms_msg_ts/include/tms_msg_ts/msg/arg__struct.hpp
[1.786s] -- Up-to-date symlink: /home/common/colcon_ws/install/tms_msg_ts/include/tms_msg_ts/msg/arg__traits.hpp
[1.787s] -- Up-to-date symlink: /home/common/colcon_ws/install/tms_msg_ts/include/tms_msg_ts/srv/tms_sa_find_objects.hpp
[1.787s] -- Up-to-date symlink: /home/common/colcon_ws/install/tms_msg_ts/include/tms_msg_ts/srv/tms_sa_find_objects__struct.hpp
[1.787s] -- Up-to-date symlink: /home/common/colcon_ws/install/tms_msg_ts/include/tms_msg_ts/srv/tms_sa_find_objects__traits.hpp
[1.788s] -- Up-to-date symlink: /home/common/colcon_ws/install/tms_msg_ts/include/tms_msg_ts/srv/ts_do_task.hpp
[1.788s] -- Up-to-date symlink: /home/common/colcon_ws/install/tms_msg_ts/include/tms_msg_ts/srv/ts_do_task__struct.hpp
[1.788s] -- Up-to-date symlink: /home/common/colcon_ws/install/tms_msg_ts/include/tms_msg_ts/srv/ts_do_task__traits.hpp
[1.789s] -- Up-to-date symlink: /home/common/colcon_ws/install/tms_msg_ts/include/tms_msg_ts/srv/ts_req.hpp
[1.789s] -- Up-to-date symlink: /home/common/colcon_ws/install/tms_msg_ts/include/tms_msg_ts/srv/ts_req__struct.hpp
[1.789s] -- Up-to-date symlink: /home/common/colcon_ws/install/tms_msg_ts/include/tms_msg_ts/srv/ts_req__traits.hpp
[1.790s] -- Up-to-date symlink: /home/common/colcon_ws/install/tms_msg_ts/include/tms_msg_ts/srv/ts_state_control.hpp
[1.790s] -- Up-to-date symlink: /home/common/colcon_ws/install/tms_msg_ts/include/tms_msg_ts/srv/ts_state_control__struct.hpp
[1.790s] -- Up-to-date symlink: /home/common/colcon_ws/install/tms_msg_ts/include/tms_msg_ts/srv/ts_state_control__traits.hpp
[1.790s] -- Up-to-date symlink: /home/common/colcon_ws/install/tms_msg_ts/include/tms_msg_ts/msg/arg.h
[1.791s] -- Up-to-date symlink: /home/common/colcon_ws/install/tms_msg_ts/include/tms_msg_ts/msg/arg__functions.h
[1.791s] -- Up-to-date symlink: /home/common/colcon_ws/install/tms_msg_ts/include/tms_msg_ts/msg/arg__struct.h
[1.791s] -- Up-to-date symlink: /home/common/colcon_ws/install/tms_msg_ts/include/tms_msg_ts/msg/arg__type_support.h
[1.792s] -- Up-to-date symlink: /home/common/colcon_ws/install/tms_msg_ts/include/tms_msg_ts/msg/rosidl_generator_c__visibility_control.h
[1.793s] -- Up-to-date symlink: /home/common/colcon_ws/install/tms_msg_ts/include/tms_msg_ts/srv/tms_sa_find_objects.h
[1.793s] -- Up-to-date symlink: /home/common/colcon_ws/install/tms_msg_ts/include/tms_msg_ts/srv/tms_sa_find_objects__functions.h
[1.793s] -- Up-to-date symlink: /home/common/colcon_ws/install/tms_msg_ts/include/tms_msg_ts/srv/tms_sa_find_objects__struct.h
[1.793s] -- Up-to-date symlink: /home/common/colcon_ws/install/tms_msg_ts/include/tms_msg_ts/srv/tms_sa_find_objects__type_support.h
[1.793s] -- Up-to-date symlink: /home/common/colcon_ws/install/tms_msg_ts/include/tms_msg_ts/srv/ts_do_task.h
[1.794s] -- Up-to-date symlink: /home/common/colcon_ws/install/tms_msg_ts/include/tms_msg_ts/srv/ts_do_task__functions.h
[1.794s] -- Up-to-date symlink: /home/common/colcon_ws/install/tms_msg_ts/include/tms_msg_ts/srv/ts_do_task__struct.h
[1.794s] -- Up-to-date symlink: /home/common/colcon_ws/install/tms_msg_ts/include/tms_msg_ts/srv/ts_do_task__type_support.h
[1.804s] -- Up-to-date symlink: /home/common/colcon_ws/install/tms_msg_ts/include/tms_msg_ts/srv/ts_req.h
[1.804s] -- Up-to-date symlink: /home/common/colcon_ws/install/tms_msg_ts/include/tms_msg_ts/srv/ts_req__functions.h
[1.805s] -- Up-to-date symlink: /home/common/colcon_ws/install/tms_msg_ts/include/tms_msg_ts/srv/ts_req__struct.h
[1.805s] -- Up-to-date symlink: /home/common/colcon_ws/install/tms_msg_ts/include/tms_msg_ts/srv/ts_req__type_support.h
[1.805s] -- Up-to-date symlink: /home/common/colcon_ws/install/tms_msg_ts/include/tms_msg_ts/srv/ts_state_control.h
[1.806s] -- Up-to-date symlink: /home/common/colcon_ws/install/tms_msg_ts/include/tms_msg_ts/srv/ts_state_control__functions.h
[1.806s] -- Up-to-date symlink: /home/common/colcon_ws/install/tms_msg_ts/include/tms_msg_ts/srv/ts_state_control__struct.h
[1.807s] -- Up-to-date symlink: /home/common/colcon_ws/install/tms_msg_ts/include/tms_msg_ts/srv/ts_state_control__type_support.h
[1.807s] -- Up-to-date symlink: /home/common/colcon_ws/install/tms_msg_ts/share/tms_msg_ts/environment/library_path.sh
[1.807s] -- Up-to-date symlink: /home/common/colcon_ws/install/tms_msg_ts/lib/libtms_msg_ts__rosidl_generator_c.so
[1.807s] -- Up-to-date symlink: /home/common/colcon_ws/install/tms_msg_ts/lib/libtms_msg_ts__rosidl_typesupport_c.so
[1.807s] -- Up-to-date symlink: /home/common/colcon_ws/install/tms_msg_ts/lib/libtms_msg_ts__rosidl_typesupport_cpp.so
[1.808s] -- Up-to-date symlink: /home/common/colcon_ws/install/tms_msg_ts/include/tms_msg_ts/msg/arg__rosidl_typesupport_introspection_c.h
[1.808s] -- Up-to-date symlink: /home/common/colcon_ws/install/tms_msg_ts/include/tms_msg_ts/msg/rosidl_typesupport_introspection_c__visibility_control.h
[1.808s] -- Up-to-date symlink: /home/common/colcon_ws/install/tms_msg_ts/include/tms_msg_ts/srv/tms_sa_find_objects__rosidl_typesupport_introspection_c.h
[1.809s] -- Up-to-date symlink: /home/common/colcon_ws/install/tms_msg_ts/include/tms_msg_ts/srv/ts_do_task__rosidl_typesupport_introspection_c.h
[1.810s] -- Up-to-date symlink: /home/common/colcon_ws/install/tms_msg_ts/include/tms_msg_ts/srv/ts_req__rosidl_typesupport_introspection_c.h
[1.811s] -- Up-to-date symlink: /home/common/colcon_ws/install/tms_msg_ts/include/tms_msg_ts/srv/ts_state_control__rosidl_typesupport_introspection_c.h
[1.811s] -- Up-to-date symlink: /home/common/colcon_ws/install/tms_msg_ts/lib/libtms_msg_ts__rosidl_typesupport_introspection_c.so
[1.811s] -- Up-to-date symlink: /home/common/colcon_ws/install/tms_msg_ts/include/tms_msg_ts/msg/arg__rosidl_typesupport_introspection_cpp.hpp
[1.811s] -- Up-to-date symlink: /home/common/colcon_ws/install/tms_msg_ts/include/tms_msg_ts/srv/tms_sa_find_objects__rosidl_typesupport_introspection_cpp.hpp
[1.811s] -- Up-to-date symlink: /home/common/colcon_ws/install/tms_msg_ts/include/tms_msg_ts/srv/ts_do_task__rosidl_typesupport_introspection_cpp.hpp
[1.811s] -- Up-to-date symlink: /home/common/colcon_ws/install/tms_msg_ts/include/tms_msg_ts/srv/ts_req__rosidl_typesupport_introspection_cpp.hpp
[1.812s] -- Up-to-date symlink: /home/common/colcon_ws/install/tms_msg_ts/include/tms_msg_ts/srv/ts_state_control__rosidl_typesupport_introspection_cpp.hpp
[1.812s] -- Up-to-date symlink: /home/common/colcon_ws/install/tms_msg_ts/lib/libtms_msg_ts__rosidl_typesupport_introspection_cpp.so
[1.812s] -- Up-to-date symlink: /home/common/colcon_ws/install/tms_msg_ts/include/tms_msg_ts/msg/arg__rosidl_typesupport_fastrtps_c.h
[1.812s] -- Up-to-date symlink: /home/common/colcon_ws/install/tms_msg_ts/include/tms_msg_ts/msg/rosidl_typesupport_fastrtps_c__visibility_control.h
[1.812s] -- Up-to-date symlink: /home/common/colcon_ws/install/tms_msg_ts/include/tms_msg_ts/srv/tms_sa_find_objects__rosidl_typesupport_fastrtps_c.h
[1.812s] -- Up-to-date symlink: /home/common/colcon_ws/install/tms_msg_ts/include/tms_msg_ts/srv/ts_do_task__rosidl_typesupport_fastrtps_c.h
[1.812s] -- Up-to-date symlink: /home/common/colcon_ws/install/tms_msg_ts/include/tms_msg_ts/srv/ts_req__rosidl_typesupport_fastrtps_c.h
[1.813s] -- Up-to-date symlink: /home/common/colcon_ws/install/tms_msg_ts/include/tms_msg_ts/srv/ts_state_control__rosidl_typesupport_fastrtps_c.h
[1.813s] -- Up-to-date symlink: /home/common/colcon_ws/install/tms_msg_ts/lib/libtms_msg_ts__rosidl_typesupport_fastrtps_c.so
[1.816s] -- Up-to-date symlink: /home/common/colcon_ws/install/tms_msg_ts/include/tms_msg_ts/msg/arg__rosidl_typesupport_fastrtps_cpp.hpp
[1.816s] -- Up-to-date symlink: /home/common/colcon_ws/install/tms_msg_ts/include/tms_msg_ts/msg/rosidl_typesupport_fastrtps_cpp__visibility_control.h
[1.817s] -- Up-to-date symlink: /home/common/colcon_ws/install/tms_msg_ts/include/tms_msg_ts/srv/tms_sa_find_objects__rosidl_typesupport_fastrtps_cpp.hpp
[1.817s] -- Up-to-date symlink: /home/common/colcon_ws/install/tms_msg_ts/include/tms_msg_ts/srv/ts_do_task__rosidl_typesupport_fastrtps_cpp.hpp
[1.817s] -- Up-to-date symlink: /home/common/colcon_ws/install/tms_msg_ts/include/tms_msg_ts/srv/ts_req__rosidl_typesupport_fastrtps_cpp.hpp
[1.817s] -- Up-to-date symlink: /home/common/colcon_ws/install/tms_msg_ts/include/tms_msg_ts/srv/ts_state_control__rosidl_typesupport_fastrtps_cpp.hpp
[1.817s] -- Up-to-date symlink: /home/common/colcon_ws/install/tms_msg_ts/lib/libtms_msg_ts__rosidl_typesupport_fastrtps_cpp.so
[1.817s] -- Up-to-date symlink: /home/common/colcon_ws/install/tms_msg_ts/share/tms_msg_ts/environment/pythonpath.sh
[1.817s] -- Up-to-date symlink: /home/common/colcon_ws/install/tms_msg_ts/lib/python3.6/site-packages/tms_msg_ts/__init__.py
[1.817s] -- Up-to-date symlink: /home/common/colcon_ws/install/tms_msg_ts/lib/python3.6/site-packages/tms_msg_ts/msg/__init__.py
[1.817s] -- Up-to-date symlink: /home/common/colcon_ws/install/tms_msg_ts/lib/python3.6/site-packages/tms_msg_ts/msg/_arg.py
[1.817s] -- Up-to-date symlink: /home/common/colcon_ws/install/tms_msg_ts/lib/python3.6/site-packages/tms_msg_ts/srv/__init__.py
[1.818s] -- Up-to-date symlink: /home/common/colcon_ws/install/tms_msg_ts/lib/python3.6/site-packages/tms_msg_ts/srv/_tms_sa_find_objects.py
[1.818s] -- Up-to-date symlink: /home/common/colcon_ws/install/tms_msg_ts/lib/python3.6/site-packages/tms_msg_ts/srv/_ts_do_task.py
[1.818s] -- Up-to-date symlink: /home/common/colcon_ws/install/tms_msg_ts/lib/python3.6/site-packages/tms_msg_ts/srv/_ts_req.py
[1.818s] -- Up-to-date symlink: /home/common/colcon_ws/install/tms_msg_ts/lib/python3.6/site-packages/tms_msg_ts/srv/_ts_state_control.py
[1.818s] -- Up-to-date symlink: /home/common/colcon_ws/install/tms_msg_ts/lib/python3.6/site-packages/tms_msg_ts/tms_msg_ts_s__rosidl_typesupport_c.cpython-36m-x86_64-linux-gnu.so
[1.818s] -- Up-to-date symlink: /home/common/colcon_ws/install/tms_msg_ts/lib/python3.6/site-packages/tms_msg_ts/tms_msg_ts_s__rosidl_typesupport_fastrtps_c.cpython-36m-x86_64-linux-gnu.so
[1.818s] -- Up-to-date symlink: /home/common/colcon_ws/install/tms_msg_ts/lib/libtms_msg_ts__python.so
[1.818s] -- Up-to-date symlink: /home/common/colcon_ws/install/tms_msg_ts/share/tms_msg_ts/msg/Arg.idl
[1.818s] -- Up-to-date symlink: /home/common/colcon_ws/install/tms_msg_ts/share/tms_msg_ts/srv/TmsSaFindObjects.idl
[1.818s] -- Up-to-date symlink: /home/common/colcon_ws/install/tms_msg_ts/share/tms_msg_ts/srv/TsReq.idl
[1.819s] -- Up-to-date symlink: /home/common/colcon_ws/install/tms_msg_ts/share/tms_msg_ts/srv/TsStateControl.idl
[1.819s] -- Up-to-date symlink: /home/common/colcon_ws/install/tms_msg_ts/share/tms_msg_ts/srv/TsDoTask.idl
[1.819s] -- Up-to-date symlink: /home/common/colcon_ws/install/tms_msg_ts/share/tms_msg_ts/msg/Arg.msg
[1.819s] -- Up-to-date symlink: /home/common/colcon_ws/install/tms_msg_ts/share/tms_msg_ts/srv/TmsSaFindObjects.srv
[1.819s] -- Up-to-date symlink: /home/common/colcon_ws/install/tms_msg_ts/share/tms_msg_ts/srv/TmsSaFindObjects_Request.msg
[1.819s] -- Up-to-date symlink: /home/common/colcon_ws/install/tms_msg_ts/share/tms_msg_ts/srv/TmsSaFindObjects_Response.msg
[1.819s] -- Up-to-date symlink: /home/common/colcon_ws/install/tms_msg_ts/share/tms_msg_ts/srv/TsReq.srv
[1.819s] -- Up-to-date symlink: /home/common/colcon_ws/install/tms_msg_ts/share/tms_msg_ts/srv/TsReq_Request.msg
[1.819s] -- Up-to-date symlink: /home/common/colcon_ws/install/tms_msg_ts/share/tms_msg_ts/srv/TsReq_Response.msg
[1.819s] -- Up-to-date symlink: /home/common/colcon_ws/install/tms_msg_ts/share/tms_msg_ts/srv/TsStateControl.srv
[1.819s] -- Up-to-date symlink: /home/common/colcon_ws/install/tms_msg_ts/share/tms_msg_ts/srv/TsStateControl_Request.msg
[1.820s] -- Up-to-date symlink: /home/common/colcon_ws/install/tms_msg_ts/share/tms_msg_ts/srv/TsStateControl_Response.msg
[1.820s] -- Up-to-date symlink: /home/common/colcon_ws/install/tms_msg_ts/share/tms_msg_ts/srv/TsDoTask.srv
[1.820s] -- Up-to-date symlink: /home/common/colcon_ws/install/tms_msg_ts/share/tms_msg_ts/srv/TsDoTask_Request.msg
[1.820s] -- Up-to-date symlink: /home/common/colcon_ws/install/tms_msg_ts/share/tms_msg_ts/srv/TsDoTask_Response.msg
[1.820s] -- Up-to-date symlink: /home/common/colcon_ws/install/tms_msg_ts/share/ament_index/resource_index/package_run_dependencies/tms_msg_ts
[1.820s] -- Up-to-date symlink: /home/common/colcon_ws/install/tms_msg_ts/share/ament_index/resource_index/parent_prefix_path/tms_msg_ts
[1.820s] -- Up-to-date symlink: /home/common/colcon_ws/install/tms_msg_ts/share/tms_msg_ts/environment/ament_prefix_path.sh
[1.820s] -- Up-to-date symlink: /home/common/colcon_ws/install/tms_msg_ts/share/tms_msg_ts/environment/path.sh
[1.820s] -- Up-to-date symlink: /home/common/colcon_ws/install/tms_msg_ts/share/tms_msg_ts/local_setup.bash
[1.820s] -- Up-to-date symlink: /home/common/colcon_ws/install/tms_msg_ts/share/tms_msg_ts/local_setup.sh
[1.821s] -- Up-to-date symlink: /home/common/colcon_ws/install/tms_msg_ts/share/tms_msg_ts/local_setup.zsh
[1.821s] -- Up-to-date symlink: /home/common/colcon_ws/install/tms_msg_ts/share/ament_index/resource_index/packages/tms_msg_ts
[1.821s] -- Up-to-date symlink: /home/common/colcon_ws/install/tms_msg_ts/share/tms_msg_ts/cmake/rosidl_cmake-extras.cmake
[1.821s] -- Up-to-date symlink: /home/common/colcon_ws/install/tms_msg_ts/share/tms_msg_ts/cmake/ament_cmake_export_dependencies-extras.cmake
[1.821s] -- Up-to-date symlink: /home/common/colcon_ws/install/tms_msg_ts/share/tms_msg_ts/cmake/ament_cmake_export_include_directories-extras.cmake
[1.821s] -- Up-to-date symlink: /home/common/colcon_ws/install/tms_msg_ts/share/tms_msg_ts/cmake/ament_cmake_export_libraries-extras.cmake
[1.821s] -- Up-to-date symlink: /home/common/colcon_ws/install/tms_msg_ts/share/tms_msg_ts/cmake/tms_msg_tsConfig.cmake
[1.821s] -- Up-to-date symlink: /home/common/colcon_ws/install/tms_msg_ts/share/tms_msg_ts/cmake/tms_msg_tsConfig-version.cmake
[1.821s] -- Up-to-date symlink: /home/common/colcon_ws/install/tms_msg_ts/share/tms_msg_ts/package.xml
