[0.051s] -- Found ament_cmake: 0.7.4 (/opt/ros/dashing/share/ament_cmake/cmake)
[0.133s] -- Using PYTHON_EXECUTABLE: /usr/bin/python3
[0.565s] -- Override CMake install command with custom implementation using symlinks instead of copying resources
[0.717s] -- Configuring done
[0.720s] -- Generating done
[0.720s] -- Build files have been written to: /home/common/colcon_ws/build/turtlebot3_navigation2
[1.858s] [36mInstall the project...[0m
[1.874s] -- Install configuration: ""
[1.875s] -- Execute custom install script
[1.876s] -- Up-to-date symlink: /home/common/colcon_ws/install/turtlebot3_navigation2/share/turtlebot3_navigation2/launch/navigation2.launch.py
[1.877s] -- Up-to-date symlink: /home/common/colcon_ws/install/turtlebot3_navigation2/share/turtlebot3_navigation2/map/map.pgm
[1.877s] -- Up-to-date symlink: /home/common/colcon_ws/install/turtlebot3_navigation2/share/turtlebot3_navigation2/map/map.yaml
[1.878s] -- Up-to-date symlink: /home/common/colcon_ws/install/turtlebot3_navigation2/share/turtlebot3_navigation2/param/burger.yaml
[1.878s] -- Up-to-date symlink: /home/common/colcon_ws/install/turtlebot3_navigation2/share/turtlebot3_navigation2/param/waffle.yaml
[1.878s] -- Up-to-date symlink: /home/common/colcon_ws/install/turtlebot3_navigation2/share/turtlebot3_navigation2/param/waffle_pi.yaml
[1.879s] -- Up-to-date symlink: /home/common/colcon_ws/install/turtlebot3_navigation2/share/turtlebot3_navigation2/rviz/tb3_navigation2.rviz
[1.880s] -- Up-to-date symlink: /home/common/colcon_ws/install/turtlebot3_navigation2/share/ament_index/resource_index/package_run_dependencies/turtlebot3_navigation2
[1.880s] -- Up-to-date symlink: /home/common/colcon_ws/install/turtlebot3_navigation2/share/ament_index/resource_index/parent_prefix_path/turtlebot3_navigation2
[1.881s] -- Up-to-date symlink: /home/common/colcon_ws/install/turtlebot3_navigation2/share/turtlebot3_navigation2/environment/ament_prefix_path.sh
[1.881s] -- Up-to-date symlink: /home/common/colcon_ws/install/turtlebot3_navigation2/share/turtlebot3_navigation2/environment/path.sh
[1.882s] -- Up-to-date symlink: /home/common/colcon_ws/install/turtlebot3_navigation2/share/turtlebot3_navigation2/local_setup.bash
[1.882s] -- Up-to-date symlink: /home/common/colcon_ws/install/turtlebot3_navigation2/share/turtlebot3_navigation2/local_setup.sh
[1.883s] -- Up-to-date symlink: /home/common/colcon_ws/install/turtlebot3_navigation2/share/turtlebot3_navigation2/local_setup.zsh
[1.883s] -- Up-to-date symlink: /home/common/colcon_ws/install/turtlebot3_navigation2/share/ament_index/resource_index/packages/turtlebot3_navigation2
[1.884s] -- Up-to-date symlink: /home/common/colcon_ws/install/turtlebot3_navigation2/share/turtlebot3_navigation2/cmake/turtlebot3_navigation2Config.cmake
[1.884s] -- Up-to-date symlink: /home/common/colcon_ws/install/turtlebot3_navigation2/share/turtlebot3_navigation2/cmake/turtlebot3_navigation2Config-version.cmake
[1.884s] -- Up-to-date symlink: /home/common/colcon_ws/install/turtlebot3_navigation2/share/turtlebot3_navigation2/package.xml
