[0.027s] Invoking command in '/home/common/colcon_ws/build/tms_msg_ss': CMAKE_PREFIX_PATH=/home/common/colcon_ws/install/octomap_msgs:/home/common/colcon_ws/install/turtlebot3_teleop:/home/common/colcon_ws/install/tms_ur_speaker:/home/common/colcon_ws/install/tms_ur_listener:/home/common/colcon_ws/install/tms_ts_ts:/home/common/colcon_ws/install/tms_ts_test:/home/common/colcon_ws/install/tms_ts_subtask:/home/common/colcon_ws/install/tms_ss_whs1:/home/common/colcon_ws/install/tms_rc_double:/home/common/colcon_ws/install/tms_db_manager:/opt/ros/dashing:/opt/ros/melodic:/home/common/colcon_ws/install/turtlebot3:/home/common/colcon_ws/install/turtlebot3_simulations:/home/common/colcon_ws/install/turtlebot3_bringup:/home/common/colcon_ws/install/turtlebot3_node:/home/common/colcon_ws/install/turtlebot3_navigation2:/home/common/colcon_ws/install/turtlebot3_fake_node:/home/common/colcon_ws/install/doublenode:/home/common/colcon_ws/install/turtlebot3_msgs:/home/common/colcon_ws/install/turtlebot3_gazebo:/home/common/colcon_ws/install/turtlebot3_description:/home/common/colcon_ws/install/turtlebot3_cartographer:/home/common/colcon_ws/install/tms_ss_vicon:/home/common/colcon_ws/install/tms_rc_tfnode:/home/common/colcon_ws/install/tms_rc_bot:/home/common/colcon_ws/install/tms_nw_rp:/home/common/colcon_ws/install/tms_msg_ur:/home/common/colcon_ws/install/tms_msg_ts:/home/common/colcon_ws/install/tms_msg_ss:/home/common/colcon_ws/install/tms_msg_rc:/home/common/colcon_ws/install/tms_msg_db:/home/common/colcon_ws/install/object_recognition_msgs:/home/common/colcon_ws/install/hls_lfcd_lds_driver:/home/common/colcon_ws/install/examples_rclcpp_minimal_timer:/home/common/colcon_ws/install/examples_rclcpp_minimal_subscriber:/home/common/colcon_ws/install/examples_rclcpp_minimal_service:/home/common/colcon_ws/install/examples_rclcpp_minimal_publisher:/home/common/colcon_ws/install/examples_rclcpp_minimal_composition:/home/common/colcon_ws/install/examples_rclcpp_minimal_client:/home/common/colcon_ws/install/examples_rclcpp_minimal_action_server:/home/common/colcon_ws/install/examples_rclcpp_minimal_action_client:/home/common/colcon_ws/install/dynamixel_sdk /usr/bin/cmake /home/common/colcon_ws/src/ros_tms/tms_msg/tms_msg_ss -DAMENT_CMAKE_SYMLINK_INSTALL=1 -DCMAKE_INSTALL_PREFIX=/home/common/colcon_ws/install/tms_msg_ss
[0.114s] -- The C compiler identification is GNU 7.4.0
[0.199s] -- The CXX compiler identification is GNU 7.4.0
[0.206s] -- Check for working C compiler: /usr/bin/cc
[0.314s] -- Check for working C compiler: /usr/bin/cc -- works
[0.315s] -- Detecting C compiler ABI info
[0.431s] -- Detecting C compiler ABI info - done
[0.439s] -- Detecting C compile features
[0.781s] -- Detecting C compile features - done
[0.785s] -- Check for working CXX compiler: /usr/bin/c++
[0.942s] -- Check for working CXX compiler: /usr/bin/c++ -- works
[0.943s] -- Detecting CXX compiler ABI info
[1.074s] -- Detecting CXX compiler ABI info - done
[1.083s] -- Detecting CXX compile features
[1.622s] -- Detecting CXX compile features - done
[1.627s] -- Found ament_cmake: 0.7.4 (/opt/ros/dashing/share/ament_cmake/cmake)
[1.715s] -- Found PythonInterp: /usr/bin/python3 (found suitable version "3.6.9", minimum required is "3") 
[1.715s] -- Using PYTHON_EXECUTABLE: /usr/bin/python3
[2.150s] -- Override CMake install command with custom implementation using symlinks instead of copying resources
[2.191s] -- Found rosidl_default_generators: 0.7.0 (/opt/ros/dashing/share/rosidl_default_generators/cmake)
[2.349s] -- Found OpenSSL: /usr/lib/x86_64-linux-gnu/libcrypto.so (found version "1.1.1") 
[2.376s] -- Found FastRTPS: /opt/ros/dashing/include  
[2.404s] -- Found rosidl_adapter: 0.7.8 (/opt/ros/dashing/share/rosidl_adapter/cmake)
[2.544s] -- Found rclcpp: 0.7.12 (/opt/ros/dashing/share/rclcpp/cmake)
[2.590s] -- Found rmw_implementation_cmake: 0.7.2 (/opt/ros/dashing/share/rmw_implementation_cmake/cmake)
[2.596s] -- Using RMW implementation 'rmw_fastrtps_cpp' as default
[2.597s] -- Looking for pthread.h
[2.712s] -- Looking for pthread.h - found
[2.713s] -- Looking for pthread_create
[2.833s] -- Looking for pthread_create - not found
[2.833s] -- Looking for pthread_create in pthreads
[2.987s] -- Looking for pthread_create in pthreads - not found
[2.987s] -- Looking for pthread_create in pthread
[3.097s] -- Looking for pthread_create in pthread - found
[3.099s] -- Found Threads: TRUE  
[3.142s] -- Found std_msgs: 0.7.0 (/opt/ros/dashing/share/std_msgs/cmake)
[3.153s] -- Found sensor_msgs: 0.7.0 (/opt/ros/dashing/share/sensor_msgs/cmake)
[3.188s] -- Found ament_lint_auto: 0.7.11 (/opt/ros/dashing/share/ament_lint_auto/cmake)
[3.383s] -- Found PythonInterp: /usr/bin/python3 (found version "3.6.9") 
[3.745s] -- Using single matching rosidl_typesupport_c: rosidl_typesupport_fastrtps_c
[3.845s] -- Using single matching rosidl_typesupport_cpp: rosidl_typesupport_fastrtps_cpp
[4.814s] -- Found PythonInterp: /usr/bin/python3 (found suitable version "3.6.9", minimum required is "3.5") 
[4.817s] -- Found python_cmake_module: 0.7.10 (/opt/ros/dashing/share/python_cmake_module/cmake)
[4.906s] -- Found PythonLibs: /usr/lib/x86_64-linux-gnu/libpython3.6m.so (found suitable version "3.6.9", minimum required is "3.5") 
[4.907s] -- Using PYTHON_EXECUTABLE: /usr/bin/python3
[4.907s] -- Using PYTHON_INCLUDE_DIRS: /usr/include/python3.6m
[4.907s] -- Using PYTHON_LIBRARIES: /usr/lib/x86_64-linux-gnu/libpython3.6m.so
[4.983s] -- Found PythonExtra: .so  
[5.401s] -- Configuring done
[5.710s] -- Generating done
[5.717s] -- Build files have been written to: /home/common/colcon_ws/build/tms_msg_ss
[5.729s] Invoked command in '/home/common/colcon_ws/build/tms_msg_ss' returned '0': CMAKE_PREFIX_PATH=/home/common/colcon_ws/install/octomap_msgs:/home/common/colcon_ws/install/turtlebot3_teleop:/home/common/colcon_ws/install/tms_ur_speaker:/home/common/colcon_ws/install/tms_ur_listener:/home/common/colcon_ws/install/tms_ts_ts:/home/common/colcon_ws/install/tms_ts_test:/home/common/colcon_ws/install/tms_ts_subtask:/home/common/colcon_ws/install/tms_ss_whs1:/home/common/colcon_ws/install/tms_rc_double:/home/common/colcon_ws/install/tms_db_manager:/opt/ros/dashing:/opt/ros/melodic:/home/common/colcon_ws/install/turtlebot3:/home/common/colcon_ws/install/turtlebot3_simulations:/home/common/colcon_ws/install/turtlebot3_bringup:/home/common/colcon_ws/install/turtlebot3_node:/home/common/colcon_ws/install/turtlebot3_navigation2:/home/common/colcon_ws/install/turtlebot3_fake_node:/home/common/colcon_ws/install/doublenode:/home/common/colcon_ws/install/turtlebot3_msgs:/home/common/colcon_ws/install/turtlebot3_gazebo:/home/common/colcon_ws/install/turtlebot3_description:/home/common/colcon_ws/install/turtlebot3_cartographer:/home/common/colcon_ws/install/tms_ss_vicon:/home/common/colcon_ws/install/tms_rc_tfnode:/home/common/colcon_ws/install/tms_rc_bot:/home/common/colcon_ws/install/tms_nw_rp:/home/common/colcon_ws/install/tms_msg_ur:/home/common/colcon_ws/install/tms_msg_ts:/home/common/colcon_ws/install/tms_msg_ss:/home/common/colcon_ws/install/tms_msg_rc:/home/common/colcon_ws/install/tms_msg_db:/home/common/colcon_ws/install/object_recognition_msgs:/home/common/colcon_ws/install/hls_lfcd_lds_driver:/home/common/colcon_ws/install/examples_rclcpp_minimal_timer:/home/common/colcon_ws/install/examples_rclcpp_minimal_subscriber:/home/common/colcon_ws/install/examples_rclcpp_minimal_service:/home/common/colcon_ws/install/examples_rclcpp_minimal_publisher:/home/common/colcon_ws/install/examples_rclcpp_minimal_composition:/home/common/colcon_ws/install/examples_rclcpp_minimal_client:/home/common/colcon_ws/install/examples_rclcpp_minimal_action_server:/home/common/colcon_ws/install/examples_rclcpp_minimal_action_client:/home/common/colcon_ws/install/dynamixel_sdk /usr/bin/cmake /home/common/colcon_ws/src/ros_tms/tms_msg/tms_msg_ss -DAMENT_CMAKE_SYMLINK_INSTALL=1 -DCMAKE_INSTALL_PREFIX=/home/common/colcon_ws/install/tms_msg_ss
[5.730s] Invoking command in '/home/common/colcon_ws/build/tms_msg_ss': CMAKE_PREFIX_PATH=/home/common/colcon_ws/install/octomap_msgs:/home/common/colcon_ws/install/turtlebot3_teleop:/home/common/colcon_ws/install/tms_ur_speaker:/home/common/colcon_ws/install/tms_ur_listener:/home/common/colcon_ws/install/tms_ts_ts:/home/common/colcon_ws/install/tms_ts_test:/home/common/colcon_ws/install/tms_ts_subtask:/home/common/colcon_ws/install/tms_ss_whs1:/home/common/colcon_ws/install/tms_rc_double:/home/common/colcon_ws/install/tms_db_manager:/opt/ros/dashing:/opt/ros/melodic:/home/common/colcon_ws/install/turtlebot3:/home/common/colcon_ws/install/turtlebot3_simulations:/home/common/colcon_ws/install/turtlebot3_bringup:/home/common/colcon_ws/install/turtlebot3_node:/home/common/colcon_ws/install/turtlebot3_navigation2:/home/common/colcon_ws/install/turtlebot3_fake_node:/home/common/colcon_ws/install/doublenode:/home/common/colcon_ws/install/turtlebot3_msgs:/home/common/colcon_ws/install/turtlebot3_gazebo:/home/common/colcon_ws/install/turtlebot3_description:/home/common/colcon_ws/install/turtlebot3_cartographer:/home/common/colcon_ws/install/tms_ss_vicon:/home/common/colcon_ws/install/tms_rc_tfnode:/home/common/colcon_ws/install/tms_rc_bot:/home/common/colcon_ws/install/tms_nw_rp:/home/common/colcon_ws/install/tms_msg_ur:/home/common/colcon_ws/install/tms_msg_ts:/home/common/colcon_ws/install/tms_msg_ss:/home/common/colcon_ws/install/tms_msg_rc:/home/common/colcon_ws/install/tms_msg_db:/home/common/colcon_ws/install/object_recognition_msgs:/home/common/colcon_ws/install/hls_lfcd_lds_driver:/home/common/colcon_ws/install/examples_rclcpp_minimal_timer:/home/common/colcon_ws/install/examples_rclcpp_minimal_subscriber:/home/common/colcon_ws/install/examples_rclcpp_minimal_service:/home/common/colcon_ws/install/examples_rclcpp_minimal_publisher:/home/common/colcon_ws/install/examples_rclcpp_minimal_composition:/home/common/colcon_ws/install/examples_rclcpp_minimal_client:/home/common/colcon_ws/install/examples_rclcpp_minimal_action_server:/home/common/colcon_ws/install/examples_rclcpp_minimal_action_client:/home/common/colcon_ws/install/dynamixel_sdk /usr/bin/cmake --build /home/common/colcon_ws/build/tms_msg_ss -- -j8 -l8
[5.803s] [35m[1mScanning dependencies of target tms_msg_ss__rosidl_generator_c[0m
[5.803s] [35m[1mScanning dependencies of target tms_msg_ss__cpp[0m
[5.824s] [  3%] Built target tms_msg_ss__cpp
[5.836s] [ 13%] Built target tms_msg_ss__rosidl_generator_c
[5.847s] [35m[1mScanning dependencies of target tms_msg_ss__rosidl_typesupport_fastrtps_cpp[0m
[5.855s] [35m[1mScanning dependencies of target tms_msg_ss__rosidl_typesupport_introspection_cpp[0m
[5.896s] [35m[1mScanning dependencies of target tms_msg_ss__rosidl_typesupport_introspection_c[0m
[5.899s] [ 24%] Built target tms_msg_ss__rosidl_typesupport_introspection_cpp
[5.902s] [ 34%] Built target tms_msg_ss__rosidl_typesupport_fastrtps_cpp
[5.930s] [35m[1mScanning dependencies of target tms_msg_ss__rosidl_typesupport_fastrtps_c[0m
[5.939s] [35m[1mScanning dependencies of target tms_msg_ss__rosidl_typesupport_cpp[0m
[5.944s] [ 44%] Built target tms_msg_ss__rosidl_typesupport_introspection_c
[5.967s] [ 55%] Built target tms_msg_ss__rosidl_typesupport_fastrtps_c
[5.979s] [ 65%] Built target tms_msg_ss__rosidl_typesupport_cpp
[6.007s] [35m[1mScanning dependencies of target tms_msg_ss__rosidl_typesupport_c[0m
[6.047s] [ 75%] Built target tms_msg_ss__rosidl_typesupport_c
[6.068s] [35m[1mScanning dependencies of target tms_msg_ss[0m
[6.088s] [ 75%] Built target tms_msg_ss
[6.129s] [ 79%] Built target tms_msg_ss__py
[6.149s] [35m[1mScanning dependencies of target tms_msg_ss__python[0m
[6.186s] [ 86%] Built target tms_msg_ss__python
[6.207s] [35m[1mScanning dependencies of target tms_msg_ss__rosidl_typesupport_c__pyext[0m
[6.212s] [35m[1mScanning dependencies of target tms_msg_ss__rosidl_typesupport_fastrtps_c__pyext[0m
[6.250s] [ 93%] Built target tms_msg_ss__rosidl_typesupport_c__pyext
[6.256s] [100%] Built target tms_msg_ss__rosidl_typesupport_fastrtps_c__pyext
[6.278s] Invoked command in '/home/common/colcon_ws/build/tms_msg_ss' returned '0': CMAKE_PREFIX_PATH=/home/common/colcon_ws/install/octomap_msgs:/home/common/colcon_ws/install/turtlebot3_teleop:/home/common/colcon_ws/install/tms_ur_speaker:/home/common/colcon_ws/install/tms_ur_listener:/home/common/colcon_ws/install/tms_ts_ts:/home/common/colcon_ws/install/tms_ts_test:/home/common/colcon_ws/install/tms_ts_subtask:/home/common/colcon_ws/install/tms_ss_whs1:/home/common/colcon_ws/install/tms_rc_double:/home/common/colcon_ws/install/tms_db_manager:/opt/ros/dashing:/opt/ros/melodic:/home/common/colcon_ws/install/turtlebot3:/home/common/colcon_ws/install/turtlebot3_simulations:/home/common/colcon_ws/install/turtlebot3_bringup:/home/common/colcon_ws/install/turtlebot3_node:/home/common/colcon_ws/install/turtlebot3_navigation2:/home/common/colcon_ws/install/turtlebot3_fake_node:/home/common/colcon_ws/install/doublenode:/home/common/colcon_ws/install/turtlebot3_msgs:/home/common/colcon_ws/install/turtlebot3_gazebo:/home/common/colcon_ws/install/turtlebot3_description:/home/common/colcon_ws/install/turtlebot3_cartographer:/home/common/colcon_ws/install/tms_ss_vicon:/home/common/colcon_ws/install/tms_rc_tfnode:/home/common/colcon_ws/install/tms_rc_bot:/home/common/colcon_ws/install/tms_nw_rp:/home/common/colcon_ws/install/tms_msg_ur:/home/common/colcon_ws/install/tms_msg_ts:/home/common/colcon_ws/install/tms_msg_ss:/home/common/colcon_ws/install/tms_msg_rc:/home/common/colcon_ws/install/tms_msg_db:/home/common/colcon_ws/install/object_recognition_msgs:/home/common/colcon_ws/install/hls_lfcd_lds_driver:/home/common/colcon_ws/install/examples_rclcpp_minimal_timer:/home/common/colcon_ws/install/examples_rclcpp_minimal_subscriber:/home/common/colcon_ws/install/examples_rclcpp_minimal_service:/home/common/colcon_ws/install/examples_rclcpp_minimal_publisher:/home/common/colcon_ws/install/examples_rclcpp_minimal_composition:/home/common/colcon_ws/install/examples_rclcpp_minimal_client:/home/common/colcon_ws/install/examples_rclcpp_minimal_action_server:/home/common/colcon_ws/install/examples_rclcpp_minimal_action_client:/home/common/colcon_ws/install/dynamixel_sdk /usr/bin/cmake --build /home/common/colcon_ws/build/tms_msg_ss -- -j8 -l8
[6.438s] Invoking command in '/home/common/colcon_ws/build/tms_msg_ss': CMAKE_PREFIX_PATH=/home/common/colcon_ws/install/octomap_msgs:/home/common/colcon_ws/install/turtlebot3_teleop:/home/common/colcon_ws/install/tms_ur_speaker:/home/common/colcon_ws/install/tms_ur_listener:/home/common/colcon_ws/install/tms_ts_ts:/home/common/colcon_ws/install/tms_ts_test:/home/common/colcon_ws/install/tms_ts_subtask:/home/common/colcon_ws/install/tms_ss_whs1:/home/common/colcon_ws/install/tms_rc_double:/home/common/colcon_ws/install/tms_db_manager:/opt/ros/dashing:/opt/ros/melodic:/home/common/colcon_ws/install/turtlebot3:/home/common/colcon_ws/install/turtlebot3_simulations:/home/common/colcon_ws/install/turtlebot3_bringup:/home/common/colcon_ws/install/turtlebot3_node:/home/common/colcon_ws/install/turtlebot3_navigation2:/home/common/colcon_ws/install/turtlebot3_fake_node:/home/common/colcon_ws/install/doublenode:/home/common/colcon_ws/install/turtlebot3_msgs:/home/common/colcon_ws/install/turtlebot3_gazebo:/home/common/colcon_ws/install/turtlebot3_description:/home/common/colcon_ws/install/turtlebot3_cartographer:/home/common/colcon_ws/install/tms_ss_vicon:/home/common/colcon_ws/install/tms_rc_tfnode:/home/common/colcon_ws/install/tms_rc_bot:/home/common/colcon_ws/install/tms_nw_rp:/home/common/colcon_ws/install/tms_msg_ur:/home/common/colcon_ws/install/tms_msg_ts:/home/common/colcon_ws/install/tms_msg_ss:/home/common/colcon_ws/install/tms_msg_rc:/home/common/colcon_ws/install/tms_msg_db:/home/common/colcon_ws/install/object_recognition_msgs:/home/common/colcon_ws/install/hls_lfcd_lds_driver:/home/common/colcon_ws/install/examples_rclcpp_minimal_timer:/home/common/colcon_ws/install/examples_rclcpp_minimal_subscriber:/home/common/colcon_ws/install/examples_rclcpp_minimal_service:/home/common/colcon_ws/install/examples_rclcpp_minimal_publisher:/home/common/colcon_ws/install/examples_rclcpp_minimal_composition:/home/common/colcon_ws/install/examples_rclcpp_minimal_client:/home/common/colcon_ws/install/examples_rclcpp_minimal_action_server:/home/common/colcon_ws/install/examples_rclcpp_minimal_action_client:/home/common/colcon_ws/install/dynamixel_sdk /usr/bin/cmake --build /home/common/colcon_ws/build/tms_msg_ss --target install -- -j8 -l8
[6.562s] [  3%] Built target tms_msg_ss__cpp
[6.571s] [ 13%] Built target tms_msg_ss__rosidl_generator_c
[6.625s] [ 24%] Built target tms_msg_ss__rosidl_typesupport_introspection_cpp
[6.642s] [ 34%] Built target tms_msg_ss__rosidl_typesupport_fastrtps_cpp
[6.648s] [ 44%] Built target tms_msg_ss__rosidl_typesupport_introspection_c
[6.702s] [ 55%] Built target tms_msg_ss__rosidl_typesupport_cpp
[6.725s] [ 65%] Built target tms_msg_ss__rosidl_typesupport_fastrtps_c
[6.773s] [ 75%] Built target tms_msg_ss__rosidl_typesupport_c
[6.813s] [ 75%] Built target tms_msg_ss
[6.853s] [ 79%] Built target tms_msg_ss__py
[6.914s] [ 86%] Built target tms_msg_ss__python
[6.971s] [ 93%] Built target tms_msg_ss__rosidl_typesupport_c__pyext
[6.986s] [100%] Built target tms_msg_ss__rosidl_typesupport_fastrtps_c__pyext
[7.021s] [36mInstall the project...[0m
[7.037s] -- Install configuration: ""
[7.038s] -- Execute custom install script
[7.038s] -- Up-to-date symlink: /home/common/colcon_ws/install/tms_msg_ss/share/ament_index/resource_index/rosidl_interfaces/tms_msg_ss
[7.039s] -- Up-to-date symlink: /home/common/colcon_ws/install/tms_msg_ss/lib/libtms_msg_ss__rosidl_typesupport_c.so
[7.039s] -- Up-to-date symlink: /home/common/colcon_ws/install/tms_msg_ss/share/tms_msg_ss/environment/library_path.sh
[7.040s] -- Up-to-date symlink: /home/common/colcon_ws/install/tms_msg_ss/lib/libtms_msg_ss__rosidl_typesupport_cpp.so
[7.041s] -- Up-to-date symlink: /home/common/colcon_ws/install/tms_msg_ss/include/tms_msg_ss/msg/rosidl_typesupport_fastrtps_c__visibility_control.h
[7.041s] -- Up-to-date symlink: /home/common/colcon_ws/install/tms_msg_ss/include/tms_msg_ss/msg/vicon_data__rosidl_typesupport_fastrtps_c.h
[7.042s] -- Up-to-date symlink: /home/common/colcon_ws/install/tms_msg_ss/lib/libtms_msg_ss__rosidl_typesupport_fastrtps_c.so
[7.043s] -- Up-to-date symlink: /home/common/colcon_ws/install/tms_msg_ss/include/tms_msg_ss/msg/rosidl_generator_c__visibility_control.h
[7.043s] -- Up-to-date symlink: /home/common/colcon_ws/install/tms_msg_ss/include/tms_msg_ss/msg/vicon_data.h
[7.043s] -- Up-to-date symlink: /home/common/colcon_ws/install/tms_msg_ss/include/tms_msg_ss/msg/vicon_data__functions.h
[7.044s] -- Up-to-date symlink: /home/common/colcon_ws/install/tms_msg_ss/include/tms_msg_ss/msg/vicon_data__struct.h
[7.044s] -- Up-to-date symlink: /home/common/colcon_ws/install/tms_msg_ss/include/tms_msg_ss/msg/vicon_data__type_support.h
[7.044s] -- Up-to-date symlink: /home/common/colcon_ws/install/tms_msg_ss/lib/libtms_msg_ss__rosidl_generator_c.so
[7.045s] -- Up-to-date symlink: /home/common/colcon_ws/install/tms_msg_ss/include/tms_msg_ss/msg/rosidl_typesupport_fastrtps_cpp__visibility_control.h
[7.046s] -- Up-to-date symlink: /home/common/colcon_ws/install/tms_msg_ss/include/tms_msg_ss/msg/vicon_data__rosidl_typesupport_fastrtps_cpp.hpp
[7.046s] -- Up-to-date symlink: /home/common/colcon_ws/install/tms_msg_ss/lib/libtms_msg_ss__rosidl_typesupport_fastrtps_cpp.so
[7.047s] -- Up-to-date symlink: /home/common/colcon_ws/install/tms_msg_ss/include/tms_msg_ss/msg/vicon_data.hpp
[7.047s] -- Up-to-date symlink: /home/common/colcon_ws/install/tms_msg_ss/include/tms_msg_ss/msg/vicon_data__struct.hpp
[7.048s] -- Up-to-date symlink: /home/common/colcon_ws/install/tms_msg_ss/include/tms_msg_ss/msg/vicon_data__traits.hpp
[7.048s] -- Up-to-date symlink: /home/common/colcon_ws/install/tms_msg_ss/include/tms_msg_ss/msg/rosidl_typesupport_introspection_c__visibility_control.h
[7.049s] -- Up-to-date symlink: /home/common/colcon_ws/install/tms_msg_ss/include/tms_msg_ss/msg/vicon_data__rosidl_typesupport_introspection_c.h
[7.049s] -- Up-to-date symlink: /home/common/colcon_ws/install/tms_msg_ss/lib/libtms_msg_ss__rosidl_typesupport_introspection_c.so
[7.050s] -- Up-to-date symlink: /home/common/colcon_ws/install/tms_msg_ss/include/tms_msg_ss/msg/vicon_data__rosidl_typesupport_introspection_cpp.hpp
[7.051s] -- Up-to-date symlink: /home/common/colcon_ws/install/tms_msg_ss/lib/libtms_msg_ss__rosidl_typesupport_introspection_cpp.so
[7.051s] -- Up-to-date symlink: /home/common/colcon_ws/install/tms_msg_ss/share/tms_msg_ss/environment/pythonpath.sh
[7.052s] -- Up-to-date symlink: /home/common/colcon_ws/install/tms_msg_ss/lib/python3.6/site-packages/tms_msg_ss/__init__.py
[7.052s] -- Up-to-date symlink: /home/common/colcon_ws/install/tms_msg_ss/lib/python3.6/site-packages/tms_msg_ss/msg/__init__.py
[7.053s] -- Up-to-date symlink: /home/common/colcon_ws/install/tms_msg_ss/lib/python3.6/site-packages/tms_msg_ss/msg/_vicon_data.py
[7.053s] -- Up-to-date symlink: /home/common/colcon_ws/install/tms_msg_ss/lib/python3.6/site-packages/tms_msg_ss/tms_msg_ss_s__rosidl_typesupport_c.cpython-36m-x86_64-linux-gnu.so
[7.054s] -- Up-to-date symlink: /home/common/colcon_ws/install/tms_msg_ss/lib/python3.6/site-packages/tms_msg_ss/tms_msg_ss_s__rosidl_typesupport_fastrtps_c.cpython-36m-x86_64-linux-gnu.so
[7.054s] -- Up-to-date symlink: /home/common/colcon_ws/install/tms_msg_ss/lib/libtms_msg_ss__python.so
[7.055s] -- Up-to-date symlink: /home/common/colcon_ws/install/tms_msg_ss/share/tms_msg_ss/msg/ViconData.idl
[7.055s] -- Up-to-date symlink: /home/common/colcon_ws/install/tms_msg_ss/share/tms_msg_ss/msg/ViconData.msg
[7.056s] -- Up-to-date symlink: /home/common/colcon_ws/install/tms_msg_ss/share/ament_index/resource_index/package_run_dependencies/tms_msg_ss
[7.056s] -- Up-to-date symlink: /home/common/colcon_ws/install/tms_msg_ss/share/ament_index/resource_index/parent_prefix_path/tms_msg_ss
[7.057s] -- Up-to-date symlink: /home/common/colcon_ws/install/tms_msg_ss/share/tms_msg_ss/environment/ament_prefix_path.sh
[7.057s] -- Up-to-date symlink: /home/common/colcon_ws/install/tms_msg_ss/share/tms_msg_ss/environment/path.sh
[7.058s] -- Up-to-date symlink: /home/common/colcon_ws/install/tms_msg_ss/share/tms_msg_ss/local_setup.bash
[7.058s] -- Up-to-date symlink: /home/common/colcon_ws/install/tms_msg_ss/share/tms_msg_ss/local_setup.sh
[7.058s] -- Up-to-date symlink: /home/common/colcon_ws/install/tms_msg_ss/share/tms_msg_ss/local_setup.zsh
[7.059s] -- Up-to-date symlink: /home/common/colcon_ws/install/tms_msg_ss/share/ament_index/resource_index/packages/tms_msg_ss
[7.059s] -- Up-to-date symlink: /home/common/colcon_ws/install/tms_msg_ss/share/tms_msg_ss/cmake/rosidl_cmake-extras.cmake
[7.060s] -- Up-to-date symlink: /home/common/colcon_ws/install/tms_msg_ss/share/tms_msg_ss/cmake/ament_cmake_export_dependencies-extras.cmake
[7.060s] -- Up-to-date symlink: /home/common/colcon_ws/install/tms_msg_ss/share/tms_msg_ss/cmake/ament_cmake_export_libraries-extras.cmake
[7.061s] -- Up-to-date symlink: /home/common/colcon_ws/install/tms_msg_ss/share/tms_msg_ss/cmake/ament_cmake_export_include_directories-extras.cmake
[7.061s] -- Up-to-date symlink: /home/common/colcon_ws/install/tms_msg_ss/share/tms_msg_ss/cmake/tms_msg_ssConfig.cmake
[7.061s] -- Up-to-date symlink: /home/common/colcon_ws/install/tms_msg_ss/share/tms_msg_ss/cmake/tms_msg_ssConfig-version.cmake
[7.062s] -- Up-to-date symlink: /home/common/colcon_ws/install/tms_msg_ss/share/tms_msg_ss/package.xml
[7.155s] Compiling '/home/common/colcon_ws/install/tms_msg_ss/lib/python3.6/site-packages/tms_msg_ss/__init__.py'...
[7.170s] Invoked command in '/home/common/colcon_ws/build/tms_msg_ss' returned '0': CMAKE_PREFIX_PATH=/home/common/colcon_ws/install/octomap_msgs:/home/common/colcon_ws/install/turtlebot3_teleop:/home/common/colcon_ws/install/tms_ur_speaker:/home/common/colcon_ws/install/tms_ur_listener:/home/common/colcon_ws/install/tms_ts_ts:/home/common/colcon_ws/install/tms_ts_test:/home/common/colcon_ws/install/tms_ts_subtask:/home/common/colcon_ws/install/tms_ss_whs1:/home/common/colcon_ws/install/tms_rc_double:/home/common/colcon_ws/install/tms_db_manager:/opt/ros/dashing:/opt/ros/melodic:/home/common/colcon_ws/install/turtlebot3:/home/common/colcon_ws/install/turtlebot3_simulations:/home/common/colcon_ws/install/turtlebot3_bringup:/home/common/colcon_ws/install/turtlebot3_node:/home/common/colcon_ws/install/turtlebot3_navigation2:/home/common/colcon_ws/install/turtlebot3_fake_node:/home/common/colcon_ws/install/doublenode:/home/common/colcon_ws/install/turtlebot3_msgs:/home/common/colcon_ws/install/turtlebot3_gazebo:/home/common/colcon_ws/install/turtlebot3_description:/home/common/colcon_ws/install/turtlebot3_cartographer:/home/common/colcon_ws/install/tms_ss_vicon:/home/common/colcon_ws/install/tms_rc_tfnode:/home/common/colcon_ws/install/tms_rc_bot:/home/common/colcon_ws/install/tms_nw_rp:/home/common/colcon_ws/install/tms_msg_ur:/home/common/colcon_ws/install/tms_msg_ts:/home/common/colcon_ws/install/tms_msg_ss:/home/common/colcon_ws/install/tms_msg_rc:/home/common/colcon_ws/install/tms_msg_db:/home/common/colcon_ws/install/object_recognition_msgs:/home/common/colcon_ws/install/hls_lfcd_lds_driver:/home/common/colcon_ws/install/examples_rclcpp_minimal_timer:/home/common/colcon_ws/install/examples_rclcpp_minimal_subscriber:/home/common/colcon_ws/install/examples_rclcpp_minimal_service:/home/common/colcon_ws/install/examples_rclcpp_minimal_publisher:/home/common/colcon_ws/install/examples_rclcpp_minimal_composition:/home/common/colcon_ws/install/examples_rclcpp_minimal_client:/home/common/colcon_ws/install/examples_rclcpp_minimal_action_server:/home/common/colcon_ws/install/examples_rclcpp_minimal_action_client:/home/common/colcon_ws/install/dynamixel_sdk /usr/bin/cmake --build /home/common/colcon_ws/build/tms_msg_ss --target install -- -j8 -l8
