[0.116s] -- The C compiler identification is GNU 7.4.0
[0.202s] -- The CXX compiler identification is GNU 7.4.0
[0.209s] -- Check for working C compiler: /usr/bin/cc
[0.318s] -- Check for working C compiler: /usr/bin/cc -- works
[0.319s] -- Detecting C compiler ABI info
[0.437s] -- Detecting C compiler ABI info - done
[0.441s] -- Detecting C compile features
[0.840s] -- Detecting C compile features - done
[0.844s] -- Check for working CXX compiler: /usr/bin/c++
[0.957s] -- Check for working CXX compiler: /usr/bin/c++ -- works
[0.958s] -- Detecting CXX compiler ABI info
[1.061s] -- Detecting CXX compiler ABI info - done
[1.066s] -- Detecting CXX compile features
[1.487s] -- Detecting CXX compile features - done
[1.491s] -- Found ament_cmake: 0.7.4 (/opt/ros/dashing/share/ament_cmake/cmake)
[1.555s] -- Found PythonInterp: /usr/bin/python3 (found suitable version "3.6.9", minimum required is "3") 
[1.555s] -- Using PYTHON_EXECUTABLE: /usr/bin/python3
[1.841s] -- Override CMake install command with custom implementation using symlinks instead of copying resources
[1.870s] -- Found example_interfaces: 0.7.1 (/opt/ros/dashing/share/example_interfaces/cmake)
[1.897s] -- Found rosidl_adapter: 0.7.8 (/opt/ros/dashing/share/rosidl_adapter/cmake)
[1.949s] -- Found rclcpp: 0.7.12 (/opt/ros/dashing/share/rclcpp/cmake)
[1.965s] -- Found rmw_implementation_cmake: 0.7.2 (/opt/ros/dashing/share/rmw_implementation_cmake/cmake)
[1.968s] -- Using RMW implementation 'rmw_fastrtps_cpp' as default
[1.969s] -- Looking for pthread.h
[2.049s] -- Looking for pthread.h - found
[2.049s] -- Looking for pthread_create
[2.115s] -- Looking for pthread_create - not found
[2.115s] -- Looking for pthread_create in pthreads
[2.167s] -- Looking for pthread_create in pthreads - not found
[2.168s] -- Looking for pthread_create in pthread
[2.232s] -- Looking for pthread_create in pthread - found
[2.233s] -- Found Threads: TRUE  
[2.334s] -- Configuring done
[2.344s] -- Generating done
[2.345s] -- Build files have been written to: /home/common/colcon_ws/build/examples_rclcpp_minimal_service
