[0.039s] Invoking command in '/home/common/colcon_ws/build/examples_rclcpp_minimal_publisher': CMAKE_PREFIX_PATH=/opt/ros/dashing:${CMAKE_PREFIX_PATH} /usr/bin/cmake --build /home/common/colcon_ws/build/examples_rclcpp_minimal_publisher -- -j8 -l8
[0.150s] [ 33%] Built target publisher_lambda
[0.153s] [ 66%] Built target publisher_member_function
[0.170s] [100%] Built target publisher_not_composable
[0.189s] Invoked command in '/home/common/colcon_ws/build/examples_rclcpp_minimal_publisher' returned '0': CMAKE_PREFIX_PATH=/opt/ros/dashing:${CMAKE_PREFIX_PATH} /usr/bin/cmake --build /home/common/colcon_ws/build/examples_rclcpp_minimal_publisher -- -j8 -l8
[0.268s] Invoking command in '/home/common/colcon_ws/build/examples_rclcpp_minimal_publisher': CMAKE_PREFIX_PATH=/opt/ros/dashing:${CMAKE_PREFIX_PATH} /usr/bin/cmake --build /home/common/colcon_ws/build/examples_rclcpp_minimal_publisher --target install -- -j8 -l8
[0.387s] [ 33%] Built target publisher_lambda
[0.389s] [ 66%] Built target publisher_member_function
[0.403s] [100%] Built target publisher_not_composable
[0.434s] [36mInstall the project...[0m
[0.449s] -- Install configuration: ""
[0.449s] -- Execute custom install script
[0.450s] -- Up-to-date symlink: /home/common/colcon_ws/install/examples_rclcpp_minimal_publisher/lib/examples_rclcpp_minimal_publisher/publisher_lambda
[0.450s] -- Up-to-date symlink: /home/common/colcon_ws/install/examples_rclcpp_minimal_publisher/lib/examples_rclcpp_minimal_publisher/publisher_member_function
[0.450s] -- Up-to-date symlink: /home/common/colcon_ws/install/examples_rclcpp_minimal_publisher/lib/examples_rclcpp_minimal_publisher/publisher_not_composable
[0.451s] -- Up-to-date symlink: /home/common/colcon_ws/install/examples_rclcpp_minimal_publisher/share/ament_index/resource_index/package_run_dependencies/examples_rclcpp_minimal_publisher
[0.451s] -- Up-to-date symlink: /home/common/colcon_ws/install/examples_rclcpp_minimal_publisher/share/ament_index/resource_index/parent_prefix_path/examples_rclcpp_minimal_publisher
[0.453s] -- Up-to-date symlink: /home/common/colcon_ws/install/examples_rclcpp_minimal_publisher/share/examples_rclcpp_minimal_publisher/environment/ament_prefix_path.sh
[0.453s] -- Up-to-date symlink: /home/common/colcon_ws/install/examples_rclcpp_minimal_publisher/share/examples_rclcpp_minimal_publisher/environment/path.sh
[0.453s] -- Up-to-date symlink: /home/common/colcon_ws/install/examples_rclcpp_minimal_publisher/share/examples_rclcpp_minimal_publisher/local_setup.bash
[0.454s] -- Up-to-date symlink: /home/common/colcon_ws/install/examples_rclcpp_minimal_publisher/share/examples_rclcpp_minimal_publisher/local_setup.sh
[0.454s] -- Up-to-date symlink: /home/common/colcon_ws/install/examples_rclcpp_minimal_publisher/share/examples_rclcpp_minimal_publisher/local_setup.zsh
[0.454s] -- Up-to-date symlink: /home/common/colcon_ws/install/examples_rclcpp_minimal_publisher/share/ament_index/resource_index/packages/examples_rclcpp_minimal_publisher
[0.456s] -- Up-to-date symlink: /home/common/colcon_ws/install/examples_rclcpp_minimal_publisher/share/examples_rclcpp_minimal_publisher/cmake/examples_rclcpp_minimal_publisherConfig.cmake
[0.456s] -- Up-to-date symlink: /home/common/colcon_ws/install/examples_rclcpp_minimal_publisher/share/examples_rclcpp_minimal_publisher/cmake/examples_rclcpp_minimal_publisherConfig-version.cmake
[0.456s] -- Up-to-date symlink: /home/common/colcon_ws/install/examples_rclcpp_minimal_publisher/share/examples_rclcpp_minimal_publisher/package.xml
[0.480s] Invoked command in '/home/common/colcon_ws/build/examples_rclcpp_minimal_publisher' returned '0': CMAKE_PREFIX_PATH=/opt/ros/dashing:${CMAKE_PREFIX_PATH} /usr/bin/cmake --build /home/common/colcon_ws/build/examples_rclcpp_minimal_publisher --target install -- -j8 -l8
