Determining if the pthread_create exist failed with the following output:
Change Dir: /home/common/colcon_ws/build/turtlebot3_fake_node/CMakeFiles/CMakeTmp

Run Build Command:"/usr/bin/make" "cmTC_4688d/fast"
/usr/bin/make -f CMakeFiles/cmTC_4688d.dir/build.make CMakeFiles/cmTC_4688d.dir/build
make[1]: Entering directory '/home/common/colcon_ws/build/turtlebot3_fake_node/CMakeFiles/CMakeTmp'
Building C object CMakeFiles/cmTC_4688d.dir/CheckSymbolExists.c.o
/usr/bin/cc    -o CMakeFiles/cmTC_4688d.dir/CheckSymbolExists.c.o   -c /home/common/colcon_ws/build/turtlebot3_fake_node/CMakeFiles/CMakeTmp/CheckSymbolExists.c
Linking C executable cmTC_4688d
/usr/bin/cmake -E cmake_link_script CMakeFiles/cmTC_4688d.dir/link.txt --verbose=1
/usr/bin/cc      CMakeFiles/cmTC_4688d.dir/CheckSymbolExists.c.o  -o cmTC_4688d 
CMakeFiles/cmTC_4688d.dir/CheckSymbolExists.c.o: In function `main':
CheckSymbolExists.c:(.text+0x1b): undefined reference to `pthread_create'
collect2: error: ld returned 1 exit status
CMakeFiles/cmTC_4688d.dir/build.make:97: recipe for target 'cmTC_4688d' failed
make[1]: *** [cmTC_4688d] Error 1
make[1]: Leaving directory '/home/common/colcon_ws/build/turtlebot3_fake_node/CMakeFiles/CMakeTmp'
Makefile:126: recipe for target 'cmTC_4688d/fast' failed
make: *** [cmTC_4688d/fast] Error 2

File /home/common/colcon_ws/build/turtlebot3_fake_node/CMakeFiles/CMakeTmp/CheckSymbolExists.c:
/* */
#include <pthread.h>

int main(int argc, char** argv)
{
  (void)argv;
#ifndef pthread_create
  return ((int*)(&pthread_create))[argc];
#else
  (void)argc;
  return 0;
#endif
}

Determining if the function pthread_create exists in the pthreads failed with the following output:
Change Dir: /home/common/colcon_ws/build/turtlebot3_fake_node/CMakeFiles/CMakeTmp

Run Build Command:"/usr/bin/make" "cmTC_d6c3a/fast"
/usr/bin/make -f CMakeFiles/cmTC_d6c3a.dir/build.make CMakeFiles/cmTC_d6c3a.dir/build
make[1]: Entering directory '/home/common/colcon_ws/build/turtlebot3_fake_node/CMakeFiles/CMakeTmp'
Building C object CMakeFiles/cmTC_d6c3a.dir/CheckFunctionExists.c.o
/usr/bin/cc   -DCHECK_FUNCTION_EXISTS=pthread_create   -o CMakeFiles/cmTC_d6c3a.dir/CheckFunctionExists.c.o   -c /usr/share/cmake-3.10/Modules/CheckFunctionExists.c
Linking C executable cmTC_d6c3a
/usr/bin/cmake -E cmake_link_script CMakeFiles/cmTC_d6c3a.dir/link.txt --verbose=1
/usr/bin/cc  -DCHECK_FUNCTION_EXISTS=pthread_create    CMakeFiles/cmTC_d6c3a.dir/CheckFunctionExists.c.o  -o cmTC_d6c3a -lpthreads 
/usr/bin/ld: cannot find -lpthreads
collect2: error: ld returned 1 exit status
CMakeFiles/cmTC_d6c3a.dir/build.make:97: recipe for target 'cmTC_d6c3a' failed
make[1]: *** [cmTC_d6c3a] Error 1
make[1]: Leaving directory '/home/common/colcon_ws/build/turtlebot3_fake_node/CMakeFiles/CMakeTmp'
Makefile:126: recipe for target 'cmTC_d6c3a/fast' failed
make: *** [cmTC_d6c3a/fast] Error 2


Determining if the pthread_create exist failed with the following output:
Change Dir: /home/common/colcon_ws/build/turtlebot3_fake_node/CMakeFiles/CMakeTmp

Run Build Command:"/usr/bin/make" "cmTC_4b7bd/fast"
/usr/bin/make -f CMakeFiles/cmTC_4b7bd.dir/build.make CMakeFiles/cmTC_4b7bd.dir/build
make[1]: Entering directory '/home/common/colcon_ws/build/turtlebot3_fake_node/CMakeFiles/CMakeTmp'
Building C object CMakeFiles/cmTC_4b7bd.dir/CheckSymbolExists.c.o
/usr/bin/cc    -o CMakeFiles/cmTC_4b7bd.dir/CheckSymbolExists.c.o   -c /home/common/colcon_ws/build/turtlebot3_fake_node/CMakeFiles/CMakeTmp/CheckSymbolExists.c
Linking C executable cmTC_4b7bd
/usr/bin/cmake -E cmake_link_script CMakeFiles/cmTC_4b7bd.dir/link.txt --verbose=1
/usr/bin/cc      CMakeFiles/cmTC_4b7bd.dir/CheckSymbolExists.c.o  -o cmTC_4b7bd 
CMakeFiles/cmTC_4b7bd.dir/CheckSymbolExists.c.o: In function `main':
CheckSymbolExists.c:(.text+0x1b): undefined reference to `pthread_create'
collect2: error: ld returned 1 exit status
CMakeFiles/cmTC_4b7bd.dir/build.make:97: recipe for target 'cmTC_4b7bd' failed
make[1]: *** [cmTC_4b7bd] Error 1
make[1]: Leaving directory '/home/common/colcon_ws/build/turtlebot3_fake_node/CMakeFiles/CMakeTmp'
Makefile:126: recipe for target 'cmTC_4b7bd/fast' failed
make: *** [cmTC_4b7bd/fast] Error 2

File /home/common/colcon_ws/build/turtlebot3_fake_node/CMakeFiles/CMakeTmp/CheckSymbolExists.c:
/* */
#include <pthread.h>

int main(int argc, char** argv)
{
  (void)argv;
#ifndef pthread_create
  return ((int*)(&pthread_create))[argc];
#else
  (void)argc;
  return 0;
#endif
}

Determining if the function pthread_create exists in the pthreads failed with the following output:
Change Dir: /home/common/colcon_ws/build/turtlebot3_fake_node/CMakeFiles/CMakeTmp

Run Build Command:"/usr/bin/make" "cmTC_6bd8a/fast"
/usr/bin/make -f CMakeFiles/cmTC_6bd8a.dir/build.make CMakeFiles/cmTC_6bd8a.dir/build
make[1]: Entering directory '/home/common/colcon_ws/build/turtlebot3_fake_node/CMakeFiles/CMakeTmp'
Building C object CMakeFiles/cmTC_6bd8a.dir/CheckFunctionExists.c.o
/usr/bin/cc   -DCHECK_FUNCTION_EXISTS=pthread_create   -o CMakeFiles/cmTC_6bd8a.dir/CheckFunctionExists.c.o   -c /usr/share/cmake-3.10/Modules/CheckFunctionExists.c
Linking C executable cmTC_6bd8a
/usr/bin/cmake -E cmake_link_script CMakeFiles/cmTC_6bd8a.dir/link.txt --verbose=1
/usr/bin/cc  -DCHECK_FUNCTION_EXISTS=pthread_create    CMakeFiles/cmTC_6bd8a.dir/CheckFunctionExists.c.o  -o cmTC_6bd8a -lpthreads 
/usr/bin/ld: cannot find -lpthreads
collect2: error: ld returned 1 exit status
CMakeFiles/cmTC_6bd8a.dir/build.make:97: recipe for target 'cmTC_6bd8a' failed
make[1]: *** [cmTC_6bd8a] Error 1
make[1]: Leaving directory '/home/common/colcon_ws/build/turtlebot3_fake_node/CMakeFiles/CMakeTmp'
Makefile:126: recipe for target 'cmTC_6bd8a/fast' failed
make: *** [cmTC_6bd8a/fast] Error 2


Determining if the pthread_create exist failed with the following output:
Change Dir: /home/common/colcon_ws/build/turtlebot3_fake_node/CMakeFiles/CMakeTmp

Run Build Command:"/usr/bin/make" "cmTC_cf41c/fast"
/usr/bin/make -f CMakeFiles/cmTC_cf41c.dir/build.make CMakeFiles/cmTC_cf41c.dir/build
make[1]: Entering directory '/home/common/colcon_ws/build/turtlebot3_fake_node/CMakeFiles/CMakeTmp'
Building C object CMakeFiles/cmTC_cf41c.dir/CheckSymbolExists.c.o
/usr/bin/cc    -o CMakeFiles/cmTC_cf41c.dir/CheckSymbolExists.c.o   -c /home/common/colcon_ws/build/turtlebot3_fake_node/CMakeFiles/CMakeTmp/CheckSymbolExists.c
Linking C executable cmTC_cf41c
/usr/bin/cmake -E cmake_link_script CMakeFiles/cmTC_cf41c.dir/link.txt --verbose=1
/usr/bin/cc      CMakeFiles/cmTC_cf41c.dir/CheckSymbolExists.c.o  -o cmTC_cf41c 
CMakeFiles/cmTC_cf41c.dir/CheckSymbolExists.c.o: In function `main':
CheckSymbolExists.c:(.text+0x1b): undefined reference to `pthread_create'
collect2: error: ld returned 1 exit status
CMakeFiles/cmTC_cf41c.dir/build.make:97: recipe for target 'cmTC_cf41c' failed
make[1]: *** [cmTC_cf41c] Error 1
make[1]: Leaving directory '/home/common/colcon_ws/build/turtlebot3_fake_node/CMakeFiles/CMakeTmp'
Makefile:126: recipe for target 'cmTC_cf41c/fast' failed
make: *** [cmTC_cf41c/fast] Error 2

File /home/common/colcon_ws/build/turtlebot3_fake_node/CMakeFiles/CMakeTmp/CheckSymbolExists.c:
/* */
#include <pthread.h>

int main(int argc, char** argv)
{
  (void)argv;
#ifndef pthread_create
  return ((int*)(&pthread_create))[argc];
#else
  (void)argc;
  return 0;
#endif
}

Determining if the function pthread_create exists in the pthreads failed with the following output:
Change Dir: /home/common/colcon_ws/build/turtlebot3_fake_node/CMakeFiles/CMakeTmp

Run Build Command:"/usr/bin/make" "cmTC_e51c0/fast"
/usr/bin/make -f CMakeFiles/cmTC_e51c0.dir/build.make CMakeFiles/cmTC_e51c0.dir/build
make[1]: Entering directory '/home/common/colcon_ws/build/turtlebot3_fake_node/CMakeFiles/CMakeTmp'
Building C object CMakeFiles/cmTC_e51c0.dir/CheckFunctionExists.c.o
/usr/bin/cc   -DCHECK_FUNCTION_EXISTS=pthread_create   -o CMakeFiles/cmTC_e51c0.dir/CheckFunctionExists.c.o   -c /usr/share/cmake-3.10/Modules/CheckFunctionExists.c
Linking C executable cmTC_e51c0
/usr/bin/cmake -E cmake_link_script CMakeFiles/cmTC_e51c0.dir/link.txt --verbose=1
/usr/bin/cc  -DCHECK_FUNCTION_EXISTS=pthread_create    CMakeFiles/cmTC_e51c0.dir/CheckFunctionExists.c.o  -o cmTC_e51c0 -lpthreads 
/usr/bin/ld: cannot find -lpthreads
collect2: error: ld returned 1 exit status
CMakeFiles/cmTC_e51c0.dir/build.make:97: recipe for target 'cmTC_e51c0' failed
make[1]: *** [cmTC_e51c0] Error 1
make[1]: Leaving directory '/home/common/colcon_ws/build/turtlebot3_fake_node/CMakeFiles/CMakeTmp'
Makefile:126: recipe for target 'cmTC_e51c0/fast' failed
make: *** [cmTC_e51c0/fast] Error 2


Determining if the pthread_create exist failed with the following output:
Change Dir: /home/common/colcon_ws/build/turtlebot3_fake_node/CMakeFiles/CMakeTmp

Run Build Command:"/usr/bin/make" "cmTC_fbab8/fast"
/usr/bin/make -f CMakeFiles/cmTC_fbab8.dir/build.make CMakeFiles/cmTC_fbab8.dir/build
make[1]: Entering directory '/home/common/colcon_ws/build/turtlebot3_fake_node/CMakeFiles/CMakeTmp'
Building C object CMakeFiles/cmTC_fbab8.dir/CheckSymbolExists.c.o
/usr/bin/cc    -o CMakeFiles/cmTC_fbab8.dir/CheckSymbolExists.c.o   -c /home/common/colcon_ws/build/turtlebot3_fake_node/CMakeFiles/CMakeTmp/CheckSymbolExists.c
Linking C executable cmTC_fbab8
/usr/bin/cmake -E cmake_link_script CMakeFiles/cmTC_fbab8.dir/link.txt --verbose=1
/usr/bin/cc      CMakeFiles/cmTC_fbab8.dir/CheckSymbolExists.c.o  -o cmTC_fbab8 
CMakeFiles/cmTC_fbab8.dir/CheckSymbolExists.c.o: In function `main':
CheckSymbolExists.c:(.text+0x1b): undefined reference to `pthread_create'
collect2: error: ld returned 1 exit status
CMakeFiles/cmTC_fbab8.dir/build.make:97: recipe for target 'cmTC_fbab8' failed
make[1]: *** [cmTC_fbab8] Error 1
make[1]: Leaving directory '/home/common/colcon_ws/build/turtlebot3_fake_node/CMakeFiles/CMakeTmp'
Makefile:126: recipe for target 'cmTC_fbab8/fast' failed
make: *** [cmTC_fbab8/fast] Error 2

File /home/common/colcon_ws/build/turtlebot3_fake_node/CMakeFiles/CMakeTmp/CheckSymbolExists.c:
/* */
#include <pthread.h>

int main(int argc, char** argv)
{
  (void)argv;
#ifndef pthread_create
  return ((int*)(&pthread_create))[argc];
#else
  (void)argc;
  return 0;
#endif
}

Determining if the function pthread_create exists in the pthreads failed with the following output:
Change Dir: /home/common/colcon_ws/build/turtlebot3_fake_node/CMakeFiles/CMakeTmp

Run Build Command:"/usr/bin/make" "cmTC_bbe84/fast"
/usr/bin/make -f CMakeFiles/cmTC_bbe84.dir/build.make CMakeFiles/cmTC_bbe84.dir/build
make[1]: Entering directory '/home/common/colcon_ws/build/turtlebot3_fake_node/CMakeFiles/CMakeTmp'
Building C object CMakeFiles/cmTC_bbe84.dir/CheckFunctionExists.c.o
/usr/bin/cc   -DCHECK_FUNCTION_EXISTS=pthread_create   -o CMakeFiles/cmTC_bbe84.dir/CheckFunctionExists.c.o   -c /usr/share/cmake-3.10/Modules/CheckFunctionExists.c
Linking C executable cmTC_bbe84
/usr/bin/cmake -E cmake_link_script CMakeFiles/cmTC_bbe84.dir/link.txt --verbose=1
/usr/bin/cc  -DCHECK_FUNCTION_EXISTS=pthread_create    CMakeFiles/cmTC_bbe84.dir/CheckFunctionExists.c.o  -o cmTC_bbe84 -lpthreads 
/usr/bin/ld: cannot find -lpthreads
collect2: error: ld returned 1 exit status
CMakeFiles/cmTC_bbe84.dir/build.make:97: recipe for target 'cmTC_bbe84' failed
make[1]: *** [cmTC_bbe84] Error 1
make[1]: Leaving directory '/home/common/colcon_ws/build/turtlebot3_fake_node/CMakeFiles/CMakeTmp'
Makefile:126: recipe for target 'cmTC_bbe84/fast' failed
make: *** [cmTC_bbe84/fast] Error 2


Determining if the pthread_create exist failed with the following output:
Change Dir: /home/common/colcon_ws/build/turtlebot3_fake_node/CMakeFiles/CMakeTmp

Run Build Command:"/usr/bin/make" "cmTC_64a35/fast"
/usr/bin/make -f CMakeFiles/cmTC_64a35.dir/build.make CMakeFiles/cmTC_64a35.dir/build
make[1]: Entering directory '/home/common/colcon_ws/build/turtlebot3_fake_node/CMakeFiles/CMakeTmp'
Building C object CMakeFiles/cmTC_64a35.dir/CheckSymbolExists.c.o
/usr/bin/cc    -o CMakeFiles/cmTC_64a35.dir/CheckSymbolExists.c.o   -c /home/common/colcon_ws/build/turtlebot3_fake_node/CMakeFiles/CMakeTmp/CheckSymbolExists.c
Linking C executable cmTC_64a35
/usr/bin/cmake -E cmake_link_script CMakeFiles/cmTC_64a35.dir/link.txt --verbose=1
/usr/bin/cc      CMakeFiles/cmTC_64a35.dir/CheckSymbolExists.c.o  -o cmTC_64a35 
CMakeFiles/cmTC_64a35.dir/CheckSymbolExists.c.o: In function `main':
CheckSymbolExists.c:(.text+0x1b): undefined reference to `pthread_create'
collect2: error: ld returned 1 exit status
CMakeFiles/cmTC_64a35.dir/build.make:97: recipe for target 'cmTC_64a35' failed
make[1]: *** [cmTC_64a35] Error 1
make[1]: Leaving directory '/home/common/colcon_ws/build/turtlebot3_fake_node/CMakeFiles/CMakeTmp'
Makefile:126: recipe for target 'cmTC_64a35/fast' failed
make: *** [cmTC_64a35/fast] Error 2

File /home/common/colcon_ws/build/turtlebot3_fake_node/CMakeFiles/CMakeTmp/CheckSymbolExists.c:
/* */
#include <pthread.h>

int main(int argc, char** argv)
{
  (void)argv;
#ifndef pthread_create
  return ((int*)(&pthread_create))[argc];
#else
  (void)argc;
  return 0;
#endif
}

Determining if the function pthread_create exists in the pthreads failed with the following output:
Change Dir: /home/common/colcon_ws/build/turtlebot3_fake_node/CMakeFiles/CMakeTmp

Run Build Command:"/usr/bin/make" "cmTC_cbcbd/fast"
/usr/bin/make -f CMakeFiles/cmTC_cbcbd.dir/build.make CMakeFiles/cmTC_cbcbd.dir/build
make[1]: Entering directory '/home/common/colcon_ws/build/turtlebot3_fake_node/CMakeFiles/CMakeTmp'
Building C object CMakeFiles/cmTC_cbcbd.dir/CheckFunctionExists.c.o
/usr/bin/cc   -DCHECK_FUNCTION_EXISTS=pthread_create   -o CMakeFiles/cmTC_cbcbd.dir/CheckFunctionExists.c.o   -c /usr/share/cmake-3.10/Modules/CheckFunctionExists.c
Linking C executable cmTC_cbcbd
/usr/bin/cmake -E cmake_link_script CMakeFiles/cmTC_cbcbd.dir/link.txt --verbose=1
/usr/bin/cc  -DCHECK_FUNCTION_EXISTS=pthread_create    CMakeFiles/cmTC_cbcbd.dir/CheckFunctionExists.c.o  -o cmTC_cbcbd -lpthreads 
/usr/bin/ld: cannot find -lpthreads
collect2: error: ld returned 1 exit status
CMakeFiles/cmTC_cbcbd.dir/build.make:97: recipe for target 'cmTC_cbcbd' failed
make[1]: *** [cmTC_cbcbd] Error 1
make[1]: Leaving directory '/home/common/colcon_ws/build/turtlebot3_fake_node/CMakeFiles/CMakeTmp'
Makefile:126: recipe for target 'cmTC_cbcbd/fast' failed
make: *** [cmTC_cbcbd/fast] Error 2


Determining if the pthread_create exist failed with the following output:
Change Dir: /home/common/colcon_ws/build/turtlebot3_fake_node/CMakeFiles/CMakeTmp

Run Build Command:"/usr/bin/make" "cmTC_35739/fast"
/usr/bin/make -f CMakeFiles/cmTC_35739.dir/build.make CMakeFiles/cmTC_35739.dir/build
make[1]: Entering directory '/home/common/colcon_ws/build/turtlebot3_fake_node/CMakeFiles/CMakeTmp'
Building C object CMakeFiles/cmTC_35739.dir/CheckSymbolExists.c.o
/usr/bin/cc    -o CMakeFiles/cmTC_35739.dir/CheckSymbolExists.c.o   -c /home/common/colcon_ws/build/turtlebot3_fake_node/CMakeFiles/CMakeTmp/CheckSymbolExists.c
Linking C executable cmTC_35739
/usr/bin/cmake -E cmake_link_script CMakeFiles/cmTC_35739.dir/link.txt --verbose=1
/usr/bin/cc      CMakeFiles/cmTC_35739.dir/CheckSymbolExists.c.o  -o cmTC_35739 
CMakeFiles/cmTC_35739.dir/CheckSymbolExists.c.o: In function `main':
CheckSymbolExists.c:(.text+0x1b): undefined reference to `pthread_create'
collect2: error: ld returned 1 exit status
CMakeFiles/cmTC_35739.dir/build.make:97: recipe for target 'cmTC_35739' failed
make[1]: *** [cmTC_35739] Error 1
make[1]: Leaving directory '/home/common/colcon_ws/build/turtlebot3_fake_node/CMakeFiles/CMakeTmp'
Makefile:126: recipe for target 'cmTC_35739/fast' failed
make: *** [cmTC_35739/fast] Error 2

File /home/common/colcon_ws/build/turtlebot3_fake_node/CMakeFiles/CMakeTmp/CheckSymbolExists.c:
/* */
#include <pthread.h>

int main(int argc, char** argv)
{
  (void)argv;
#ifndef pthread_create
  return ((int*)(&pthread_create))[argc];
#else
  (void)argc;
  return 0;
#endif
}

Determining if the function pthread_create exists in the pthreads failed with the following output:
Change Dir: /home/common/colcon_ws/build/turtlebot3_fake_node/CMakeFiles/CMakeTmp

Run Build Command:"/usr/bin/make" "cmTC_4fc1f/fast"
/usr/bin/make -f CMakeFiles/cmTC_4fc1f.dir/build.make CMakeFiles/cmTC_4fc1f.dir/build
make[1]: Entering directory '/home/common/colcon_ws/build/turtlebot3_fake_node/CMakeFiles/CMakeTmp'
Building C object CMakeFiles/cmTC_4fc1f.dir/CheckFunctionExists.c.o
/usr/bin/cc   -DCHECK_FUNCTION_EXISTS=pthread_create   -o CMakeFiles/cmTC_4fc1f.dir/CheckFunctionExists.c.o   -c /usr/share/cmake-3.10/Modules/CheckFunctionExists.c
Linking C executable cmTC_4fc1f
/usr/bin/cmake -E cmake_link_script CMakeFiles/cmTC_4fc1f.dir/link.txt --verbose=1
/usr/bin/cc  -DCHECK_FUNCTION_EXISTS=pthread_create    CMakeFiles/cmTC_4fc1f.dir/CheckFunctionExists.c.o  -o cmTC_4fc1f -lpthreads 
/usr/bin/ld: cannot find -lpthreads
collect2: error: ld returned 1 exit status
CMakeFiles/cmTC_4fc1f.dir/build.make:97: recipe for target 'cmTC_4fc1f' failed
make[1]: *** [cmTC_4fc1f] Error 1
make[1]: Leaving directory '/home/common/colcon_ws/build/turtlebot3_fake_node/CMakeFiles/CMakeTmp'
Makefile:126: recipe for target 'cmTC_4fc1f/fast' failed
make: *** [cmTC_4fc1f/fast] Error 2


Determining if the pthread_create exist failed with the following output:
Change Dir: /home/common/colcon_ws/build/turtlebot3_fake_node/CMakeFiles/CMakeTmp

Run Build Command:"/usr/bin/make" "cmTC_247d4/fast"
/usr/bin/make -f CMakeFiles/cmTC_247d4.dir/build.make CMakeFiles/cmTC_247d4.dir/build
make[1]: Entering directory '/home/common/colcon_ws/build/turtlebot3_fake_node/CMakeFiles/CMakeTmp'
Building C object CMakeFiles/cmTC_247d4.dir/CheckSymbolExists.c.o
/usr/bin/cc    -o CMakeFiles/cmTC_247d4.dir/CheckSymbolExists.c.o   -c /home/common/colcon_ws/build/turtlebot3_fake_node/CMakeFiles/CMakeTmp/CheckSymbolExists.c
Linking C executable cmTC_247d4
/usr/bin/cmake -E cmake_link_script CMakeFiles/cmTC_247d4.dir/link.txt --verbose=1
/usr/bin/cc      CMakeFiles/cmTC_247d4.dir/CheckSymbolExists.c.o  -o cmTC_247d4 
CMakeFiles/cmTC_247d4.dir/CheckSymbolExists.c.o: In function `main':
CheckSymbolExists.c:(.text+0x1b): undefined reference to `pthread_create'
collect2: error: ld returned 1 exit status
CMakeFiles/cmTC_247d4.dir/build.make:97: recipe for target 'cmTC_247d4' failed
make[1]: *** [cmTC_247d4] Error 1
make[1]: Leaving directory '/home/common/colcon_ws/build/turtlebot3_fake_node/CMakeFiles/CMakeTmp'
Makefile:126: recipe for target 'cmTC_247d4/fast' failed
make: *** [cmTC_247d4/fast] Error 2

File /home/common/colcon_ws/build/turtlebot3_fake_node/CMakeFiles/CMakeTmp/CheckSymbolExists.c:
/* */
#include <pthread.h>

int main(int argc, char** argv)
{
  (void)argv;
#ifndef pthread_create
  return ((int*)(&pthread_create))[argc];
#else
  (void)argc;
  return 0;
#endif
}

Determining if the function pthread_create exists in the pthreads failed with the following output:
Change Dir: /home/common/colcon_ws/build/turtlebot3_fake_node/CMakeFiles/CMakeTmp

Run Build Command:"/usr/bin/make" "cmTC_4def9/fast"
/usr/bin/make -f CMakeFiles/cmTC_4def9.dir/build.make CMakeFiles/cmTC_4def9.dir/build
make[1]: Entering directory '/home/common/colcon_ws/build/turtlebot3_fake_node/CMakeFiles/CMakeTmp'
Building C object CMakeFiles/cmTC_4def9.dir/CheckFunctionExists.c.o
/usr/bin/cc   -DCHECK_FUNCTION_EXISTS=pthread_create   -o CMakeFiles/cmTC_4def9.dir/CheckFunctionExists.c.o   -c /usr/share/cmake-3.10/Modules/CheckFunctionExists.c
Linking C executable cmTC_4def9
/usr/bin/cmake -E cmake_link_script CMakeFiles/cmTC_4def9.dir/link.txt --verbose=1
/usr/bin/cc  -DCHECK_FUNCTION_EXISTS=pthread_create    CMakeFiles/cmTC_4def9.dir/CheckFunctionExists.c.o  -o cmTC_4def9 -lpthreads 
/usr/bin/ld: cannot find -lpthreads
collect2: error: ld returned 1 exit status
CMakeFiles/cmTC_4def9.dir/build.make:97: recipe for target 'cmTC_4def9' failed
make[1]: *** [cmTC_4def9] Error 1
make[1]: Leaving directory '/home/common/colcon_ws/build/turtlebot3_fake_node/CMakeFiles/CMakeTmp'
Makefile:126: recipe for target 'cmTC_4def9/fast' failed
make: *** [cmTC_4def9/fast] Error 2


Determining if the pthread_create exist failed with the following output:
Change Dir: /home/common/colcon_ws/build/turtlebot3_fake_node/CMakeFiles/CMakeTmp

Run Build Command:"/usr/bin/make" "cmTC_e2385/fast"
/usr/bin/make -f CMakeFiles/cmTC_e2385.dir/build.make CMakeFiles/cmTC_e2385.dir/build
make[1]: Entering directory '/home/common/colcon_ws/build/turtlebot3_fake_node/CMakeFiles/CMakeTmp'
Building C object CMakeFiles/cmTC_e2385.dir/CheckSymbolExists.c.o
/usr/bin/cc    -o CMakeFiles/cmTC_e2385.dir/CheckSymbolExists.c.o   -c /home/common/colcon_ws/build/turtlebot3_fake_node/CMakeFiles/CMakeTmp/CheckSymbolExists.c
Linking C executable cmTC_e2385
/usr/bin/cmake -E cmake_link_script CMakeFiles/cmTC_e2385.dir/link.txt --verbose=1
/usr/bin/cc      CMakeFiles/cmTC_e2385.dir/CheckSymbolExists.c.o  -o cmTC_e2385 
CMakeFiles/cmTC_e2385.dir/CheckSymbolExists.c.o: In function `main':
CheckSymbolExists.c:(.text+0x1b): undefined reference to `pthread_create'
collect2: error: ld returned 1 exit status
CMakeFiles/cmTC_e2385.dir/build.make:97: recipe for target 'cmTC_e2385' failed
make[1]: *** [cmTC_e2385] Error 1
make[1]: Leaving directory '/home/common/colcon_ws/build/turtlebot3_fake_node/CMakeFiles/CMakeTmp'
Makefile:126: recipe for target 'cmTC_e2385/fast' failed
make: *** [cmTC_e2385/fast] Error 2

File /home/common/colcon_ws/build/turtlebot3_fake_node/CMakeFiles/CMakeTmp/CheckSymbolExists.c:
/* */
#include <pthread.h>

int main(int argc, char** argv)
{
  (void)argv;
#ifndef pthread_create
  return ((int*)(&pthread_create))[argc];
#else
  (void)argc;
  return 0;
#endif
}

Determining if the function pthread_create exists in the pthreads failed with the following output:
Change Dir: /home/common/colcon_ws/build/turtlebot3_fake_node/CMakeFiles/CMakeTmp

Run Build Command:"/usr/bin/make" "cmTC_c7ae3/fast"
/usr/bin/make -f CMakeFiles/cmTC_c7ae3.dir/build.make CMakeFiles/cmTC_c7ae3.dir/build
make[1]: Entering directory '/home/common/colcon_ws/build/turtlebot3_fake_node/CMakeFiles/CMakeTmp'
Building C object CMakeFiles/cmTC_c7ae3.dir/CheckFunctionExists.c.o
/usr/bin/cc   -DCHECK_FUNCTION_EXISTS=pthread_create   -o CMakeFiles/cmTC_c7ae3.dir/CheckFunctionExists.c.o   -c /usr/share/cmake-3.10/Modules/CheckFunctionExists.c
Linking C executable cmTC_c7ae3
/usr/bin/cmake -E cmake_link_script CMakeFiles/cmTC_c7ae3.dir/link.txt --verbose=1
/usr/bin/cc  -DCHECK_FUNCTION_EXISTS=pthread_create    CMakeFiles/cmTC_c7ae3.dir/CheckFunctionExists.c.o  -o cmTC_c7ae3 -lpthreads 
/usr/bin/ld: cannot find -lpthreads
collect2: error: ld returned 1 exit status
CMakeFiles/cmTC_c7ae3.dir/build.make:97: recipe for target 'cmTC_c7ae3' failed
make[1]: *** [cmTC_c7ae3] Error 1
make[1]: Leaving directory '/home/common/colcon_ws/build/turtlebot3_fake_node/CMakeFiles/CMakeTmp'
Makefile:126: recipe for target 'cmTC_c7ae3/fast' failed
make: *** [cmTC_c7ae3/fast] Error 2


Determining if the pthread_create exist failed with the following output:
Change Dir: /home/common/colcon_ws/build/turtlebot3_fake_node/CMakeFiles/CMakeTmp

Run Build Command:"/usr/bin/make" "cmTC_70fd4/fast"
/usr/bin/make -f CMakeFiles/cmTC_70fd4.dir/build.make CMakeFiles/cmTC_70fd4.dir/build
make[1]: Entering directory '/home/common/colcon_ws/build/turtlebot3_fake_node/CMakeFiles/CMakeTmp'
Building C object CMakeFiles/cmTC_70fd4.dir/CheckSymbolExists.c.o
/usr/bin/cc    -o CMakeFiles/cmTC_70fd4.dir/CheckSymbolExists.c.o   -c /home/common/colcon_ws/build/turtlebot3_fake_node/CMakeFiles/CMakeTmp/CheckSymbolExists.c
Linking C executable cmTC_70fd4
/usr/bin/cmake -E cmake_link_script CMakeFiles/cmTC_70fd4.dir/link.txt --verbose=1
/usr/bin/cc      CMakeFiles/cmTC_70fd4.dir/CheckSymbolExists.c.o  -o cmTC_70fd4 
CMakeFiles/cmTC_70fd4.dir/CheckSymbolExists.c.o: In function `main':
CheckSymbolExists.c:(.text+0x1b): undefined reference to `pthread_create'
collect2: error: ld returned 1 exit status
CMakeFiles/cmTC_70fd4.dir/build.make:97: recipe for target 'cmTC_70fd4' failed
make[1]: *** [cmTC_70fd4] Error 1
make[1]: Leaving directory '/home/common/colcon_ws/build/turtlebot3_fake_node/CMakeFiles/CMakeTmp'
Makefile:126: recipe for target 'cmTC_70fd4/fast' failed
make: *** [cmTC_70fd4/fast] Error 2

File /home/common/colcon_ws/build/turtlebot3_fake_node/CMakeFiles/CMakeTmp/CheckSymbolExists.c:
/* */
#include <pthread.h>

int main(int argc, char** argv)
{
  (void)argv;
#ifndef pthread_create
  return ((int*)(&pthread_create))[argc];
#else
  (void)argc;
  return 0;
#endif
}

Determining if the function pthread_create exists in the pthreads failed with the following output:
Change Dir: /home/common/colcon_ws/build/turtlebot3_fake_node/CMakeFiles/CMakeTmp

Run Build Command:"/usr/bin/make" "cmTC_09be8/fast"
/usr/bin/make -f CMakeFiles/cmTC_09be8.dir/build.make CMakeFiles/cmTC_09be8.dir/build
make[1]: Entering directory '/home/common/colcon_ws/build/turtlebot3_fake_node/CMakeFiles/CMakeTmp'
Building C object CMakeFiles/cmTC_09be8.dir/CheckFunctionExists.c.o
/usr/bin/cc   -DCHECK_FUNCTION_EXISTS=pthread_create   -o CMakeFiles/cmTC_09be8.dir/CheckFunctionExists.c.o   -c /usr/share/cmake-3.10/Modules/CheckFunctionExists.c
Linking C executable cmTC_09be8
/usr/bin/cmake -E cmake_link_script CMakeFiles/cmTC_09be8.dir/link.txt --verbose=1
/usr/bin/cc  -DCHECK_FUNCTION_EXISTS=pthread_create    CMakeFiles/cmTC_09be8.dir/CheckFunctionExists.c.o  -o cmTC_09be8 -lpthreads 
/usr/bin/ld: cannot find -lpthreads
collect2: error: ld returned 1 exit status
CMakeFiles/cmTC_09be8.dir/build.make:97: recipe for target 'cmTC_09be8' failed
make[1]: *** [cmTC_09be8] Error 1
make[1]: Leaving directory '/home/common/colcon_ws/build/turtlebot3_fake_node/CMakeFiles/CMakeTmp'
Makefile:126: recipe for target 'cmTC_09be8/fast' failed
make: *** [cmTC_09be8/fast] Error 2


Determining if the pthread_create exist failed with the following output:
Change Dir: /home/common/colcon_ws/build/turtlebot3_fake_node/CMakeFiles/CMakeTmp

Run Build Command:"/usr/bin/make" "cmTC_24175/fast"
/usr/bin/make -f CMakeFiles/cmTC_24175.dir/build.make CMakeFiles/cmTC_24175.dir/build
make[1]: Entering directory '/home/common/colcon_ws/build/turtlebot3_fake_node/CMakeFiles/CMakeTmp'
Building C object CMakeFiles/cmTC_24175.dir/CheckSymbolExists.c.o
/usr/bin/cc    -o CMakeFiles/cmTC_24175.dir/CheckSymbolExists.c.o   -c /home/common/colcon_ws/build/turtlebot3_fake_node/CMakeFiles/CMakeTmp/CheckSymbolExists.c
Linking C executable cmTC_24175
/usr/bin/cmake -E cmake_link_script CMakeFiles/cmTC_24175.dir/link.txt --verbose=1
/usr/bin/cc      CMakeFiles/cmTC_24175.dir/CheckSymbolExists.c.o  -o cmTC_24175 
CMakeFiles/cmTC_24175.dir/CheckSymbolExists.c.o: In function `main':
CheckSymbolExists.c:(.text+0x1b): undefined reference to `pthread_create'
collect2: error: ld returned 1 exit status
CMakeFiles/cmTC_24175.dir/build.make:97: recipe for target 'cmTC_24175' failed
make[1]: *** [cmTC_24175] Error 1
make[1]: Leaving directory '/home/common/colcon_ws/build/turtlebot3_fake_node/CMakeFiles/CMakeTmp'
Makefile:126: recipe for target 'cmTC_24175/fast' failed
make: *** [cmTC_24175/fast] Error 2

File /home/common/colcon_ws/build/turtlebot3_fake_node/CMakeFiles/CMakeTmp/CheckSymbolExists.c:
/* */
#include <pthread.h>

int main(int argc, char** argv)
{
  (void)argv;
#ifndef pthread_create
  return ((int*)(&pthread_create))[argc];
#else
  (void)argc;
  return 0;
#endif
}

Determining if the function pthread_create exists in the pthreads failed with the following output:
Change Dir: /home/common/colcon_ws/build/turtlebot3_fake_node/CMakeFiles/CMakeTmp

Run Build Command:"/usr/bin/make" "cmTC_e11f3/fast"
/usr/bin/make -f CMakeFiles/cmTC_e11f3.dir/build.make CMakeFiles/cmTC_e11f3.dir/build
make[1]: Entering directory '/home/common/colcon_ws/build/turtlebot3_fake_node/CMakeFiles/CMakeTmp'
Building C object CMakeFiles/cmTC_e11f3.dir/CheckFunctionExists.c.o
/usr/bin/cc   -DCHECK_FUNCTION_EXISTS=pthread_create   -o CMakeFiles/cmTC_e11f3.dir/CheckFunctionExists.c.o   -c /usr/share/cmake-3.10/Modules/CheckFunctionExists.c
Linking C executable cmTC_e11f3
/usr/bin/cmake -E cmake_link_script CMakeFiles/cmTC_e11f3.dir/link.txt --verbose=1
/usr/bin/cc  -DCHECK_FUNCTION_EXISTS=pthread_create    CMakeFiles/cmTC_e11f3.dir/CheckFunctionExists.c.o  -o cmTC_e11f3 -lpthreads 
/usr/bin/ld: cannot find -lpthreads
collect2: error: ld returned 1 exit status
CMakeFiles/cmTC_e11f3.dir/build.make:97: recipe for target 'cmTC_e11f3' failed
make[1]: *** [cmTC_e11f3] Error 1
make[1]: Leaving directory '/home/common/colcon_ws/build/turtlebot3_fake_node/CMakeFiles/CMakeTmp'
Makefile:126: recipe for target 'cmTC_e11f3/fast' failed
make: *** [cmTC_e11f3/fast] Error 2


