[0.143s] [ 50%] Built target action_server_member_functions
[0.144s] [100%] Built target action_server_not_composable
[0.339s] [ 50%] Built target action_server_not_composable
[0.347s] [100%] Built target action_server_member_functions
[0.388s] [36mInstall the project...[0m
[0.403s] -- Install configuration: ""
[0.404s] -- Execute custom install script
[0.405s] -- Up-to-date symlink: /home/common/colcon_ws/install/examples_rclcpp_minimal_action_server/lib/examples_rclcpp_minimal_action_server/action_server_not_composable
[0.405s] -- Up-to-date symlink: /home/common/colcon_ws/install/examples_rclcpp_minimal_action_server/lib/examples_rclcpp_minimal_action_server/action_server_member_functions
[0.406s] -- Up-to-date symlink: /home/common/colcon_ws/install/examples_rclcpp_minimal_action_server/share/ament_index/resource_index/package_run_dependencies/examples_rclcpp_minimal_action_server
[0.406s] -- Up-to-date symlink: /home/common/colcon_ws/install/examples_rclcpp_minimal_action_server/share/ament_index/resource_index/parent_prefix_path/examples_rclcpp_minimal_action_server
[0.407s] -- Up-to-date symlink: /home/common/colcon_ws/install/examples_rclcpp_minimal_action_server/share/examples_rclcpp_minimal_action_server/environment/ament_prefix_path.sh
[0.407s] -- Up-to-date symlink: /home/common/colcon_ws/install/examples_rclcpp_minimal_action_server/share/examples_rclcpp_minimal_action_server/environment/path.sh
[0.408s] -- Up-to-date symlink: /home/common/colcon_ws/install/examples_rclcpp_minimal_action_server/share/examples_rclcpp_minimal_action_server/local_setup.bash
[0.408s] -- Up-to-date symlink: /home/common/colcon_ws/install/examples_rclcpp_minimal_action_server/share/examples_rclcpp_minimal_action_server/local_setup.sh
[0.408s] -- Up-to-date symlink: /home/common/colcon_ws/install/examples_rclcpp_minimal_action_server/share/examples_rclcpp_minimal_action_server/local_setup.zsh
[0.409s] -- Up-to-date symlink: /home/common/colcon_ws/install/examples_rclcpp_minimal_action_server/share/ament_index/resource_index/packages/examples_rclcpp_minimal_action_server
[0.409s] -- Up-to-date symlink: /home/common/colcon_ws/install/examples_rclcpp_minimal_action_server/share/examples_rclcpp_minimal_action_server/cmake/examples_rclcpp_minimal_action_serverConfig.cmake
[0.410s] -- Up-to-date symlink: /home/common/colcon_ws/install/examples_rclcpp_minimal_action_server/share/examples_rclcpp_minimal_action_server/cmake/examples_rclcpp_minimal_action_serverConfig-version.cmake
[0.410s] -- Up-to-date symlink: /home/common/colcon_ws/install/examples_rclcpp_minimal_action_server/share/examples_rclcpp_minimal_action_server/package.xml
