[0.059s] Invoking command in '/home/common/colcon_ws/build/turtlebot3_msgs': CMAKE_PREFIX_PATH=/home/common/colcon_ws/install/turtlebot3:/home/common/colcon_ws/install/turtlebot3_simulations:/home/common/colcon_ws/install/turtlebot3_bringup:/home/common/colcon_ws/install/turtlebot3_node:/home/common/colcon_ws/install/turtlebot3_navigation2:/home/common/colcon_ws/install/turtlebot3_fake_node:/home/common/colcon_ws/install/doublenode:/home/common/colcon_ws/install/turtlebot3_msgs:/home/common/colcon_ws/install/turtlebot3_gazebo:/home/common/colcon_ws/install/turtlebot3_description:/home/common/colcon_ws/install/turtlebot3_cartographer:/home/common/colcon_ws/install/tms_ss_vicon:/home/common/colcon_ws/install/tms_rc_tfnode:/home/common/colcon_ws/install/turtlebot3_teleop:/home/common/colcon_ws/install/tms_ur_speaker:/home/common/colcon_ws/install/tms_ur_listener:/home/common/colcon_ws/install/tms_ts_ts:/home/common/colcon_ws/install/tms_ts_test:/home/common/colcon_ws/install/tms_ts_subtask:/home/common/colcon_ws/install/tms_ss_whs1:/home/common/colcon_ws/install/tms_rc_double:/home/common/colcon_ws/install/tms_db_manager:/opt/ros/dashing:/home/common/colcon_ws/install/tms_rc_smartpal_control:/home/common/colcon_ws/install/tms_rc_bot:/home/common/colcon_ws/install/tms_nw_rp:/home/common/colcon_ws/install/tms_msg_ur:/home/common/colcon_ws/install/tms_msg_ts:/home/common/colcon_ws/install/tms_msg_ss:/home/common/colcon_ws/install/tms_msg_rc:/home/common/colcon_ws/install/tms_msg_db:/home/common/colcon_ws/install/moveit_msgs:/home/common/colcon_ws/install/octomap_msgs:/home/common/colcon_ws/install/object_recognition_msgs:/home/common/colcon_ws/install/hls_lfcd_lds_driver:/home/common/colcon_ws/install/examples_rclcpp_minimal_timer:/home/common/colcon_ws/install/examples_rclcpp_minimal_subscriber:/home/common/colcon_ws/install/examples_rclcpp_minimal_service:/home/common/colcon_ws/install/examples_rclcpp_minimal_publisher:/home/common/colcon_ws/install/examples_rclcpp_minimal_composition:/home/common/colcon_ws/install/examples_rclcpp_minimal_client:/home/common/colcon_ws/install/examples_rclcpp_minimal_action_server:/home/common/colcon_ws/install/examples_rclcpp_minimal_action_client:/home/common/colcon_ws/install/dynamixel_sdk:/home/common/catkin_ws/devel:/opt/ros/melodic /usr/bin/cmake --build /home/common/colcon_ws/build/turtlebot3_msgs -- -j8 -l8
[0.176s] [  1%] Built target turtlebot3_msgs__cpp
[0.226s] [ 13%] Built target turtlebot3_msgs__rosidl_generator_c
[0.247s] [ 24%] Built target turtlebot3_msgs__rosidl_typesupport_introspection_cpp
[0.277s] [ 35%] Built target turtlebot3_msgs__rosidl_typesupport_fastrtps_cpp
[0.310s] [ 47%] Built target turtlebot3_msgs__rosidl_typesupport_introspection_c
[0.359s] [ 58%] Built target turtlebot3_msgs__rosidl_typesupport_cpp
[0.365s] [ 69%] Built target turtlebot3_msgs__rosidl_typesupport_fastrtps_c
[0.416s] [ 81%] Built target turtlebot3_msgs__rosidl_typesupport_c
[0.456s] [ 81%] Built target turtlebot3_msgs
[0.500s] [ 83%] Built target turtlebot3_msgs__py
[0.563s] [ 92%] Built target turtlebot3_msgs__python
[0.635s] [ 96%] Built target turtlebot3_msgs__rosidl_typesupport_c__pyext
[0.641s] [100%] Built target turtlebot3_msgs__rosidl_typesupport_fastrtps_c__pyext
[0.666s] Invoked command in '/home/common/colcon_ws/build/turtlebot3_msgs' returned '0': CMAKE_PREFIX_PATH=/home/common/colcon_ws/install/turtlebot3:/home/common/colcon_ws/install/turtlebot3_simulations:/home/common/colcon_ws/install/turtlebot3_bringup:/home/common/colcon_ws/install/turtlebot3_node:/home/common/colcon_ws/install/turtlebot3_navigation2:/home/common/colcon_ws/install/turtlebot3_fake_node:/home/common/colcon_ws/install/doublenode:/home/common/colcon_ws/install/turtlebot3_msgs:/home/common/colcon_ws/install/turtlebot3_gazebo:/home/common/colcon_ws/install/turtlebot3_description:/home/common/colcon_ws/install/turtlebot3_cartographer:/home/common/colcon_ws/install/tms_ss_vicon:/home/common/colcon_ws/install/tms_rc_tfnode:/home/common/colcon_ws/install/turtlebot3_teleop:/home/common/colcon_ws/install/tms_ur_speaker:/home/common/colcon_ws/install/tms_ur_listener:/home/common/colcon_ws/install/tms_ts_ts:/home/common/colcon_ws/install/tms_ts_test:/home/common/colcon_ws/install/tms_ts_subtask:/home/common/colcon_ws/install/tms_ss_whs1:/home/common/colcon_ws/install/tms_rc_double:/home/common/colcon_ws/install/tms_db_manager:/opt/ros/dashing:/home/common/colcon_ws/install/tms_rc_smartpal_control:/home/common/colcon_ws/install/tms_rc_bot:/home/common/colcon_ws/install/tms_nw_rp:/home/common/colcon_ws/install/tms_msg_ur:/home/common/colcon_ws/install/tms_msg_ts:/home/common/colcon_ws/install/tms_msg_ss:/home/common/colcon_ws/install/tms_msg_rc:/home/common/colcon_ws/install/tms_msg_db:/home/common/colcon_ws/install/moveit_msgs:/home/common/colcon_ws/install/octomap_msgs:/home/common/colcon_ws/install/object_recognition_msgs:/home/common/colcon_ws/install/hls_lfcd_lds_driver:/home/common/colcon_ws/install/examples_rclcpp_minimal_timer:/home/common/colcon_ws/install/examples_rclcpp_minimal_subscriber:/home/common/colcon_ws/install/examples_rclcpp_minimal_service:/home/common/colcon_ws/install/examples_rclcpp_minimal_publisher:/home/common/colcon_ws/install/examples_rclcpp_minimal_composition:/home/common/colcon_ws/install/examples_rclcpp_minimal_client:/home/common/colcon_ws/install/examples_rclcpp_minimal_action_server:/home/common/colcon_ws/install/examples_rclcpp_minimal_action_client:/home/common/colcon_ws/install/dynamixel_sdk:/home/common/catkin_ws/devel:/opt/ros/melodic /usr/bin/cmake --build /home/common/colcon_ws/build/turtlebot3_msgs -- -j8 -l8
[1.216s] Invoking command in '/home/common/colcon_ws/build/turtlebot3_msgs': CMAKE_PREFIX_PATH=/home/common/colcon_ws/install/turtlebot3:/home/common/colcon_ws/install/turtlebot3_simulations:/home/common/colcon_ws/install/turtlebot3_bringup:/home/common/colcon_ws/install/turtlebot3_node:/home/common/colcon_ws/install/turtlebot3_navigation2:/home/common/colcon_ws/install/turtlebot3_fake_node:/home/common/colcon_ws/install/doublenode:/home/common/colcon_ws/install/turtlebot3_msgs:/home/common/colcon_ws/install/turtlebot3_gazebo:/home/common/colcon_ws/install/turtlebot3_description:/home/common/colcon_ws/install/turtlebot3_cartographer:/home/common/colcon_ws/install/tms_ss_vicon:/home/common/colcon_ws/install/tms_rc_tfnode:/home/common/colcon_ws/install/turtlebot3_teleop:/home/common/colcon_ws/install/tms_ur_speaker:/home/common/colcon_ws/install/tms_ur_listener:/home/common/colcon_ws/install/tms_ts_ts:/home/common/colcon_ws/install/tms_ts_test:/home/common/colcon_ws/install/tms_ts_subtask:/home/common/colcon_ws/install/tms_ss_whs1:/home/common/colcon_ws/install/tms_rc_double:/home/common/colcon_ws/install/tms_db_manager:/opt/ros/dashing:/home/common/colcon_ws/install/tms_rc_smartpal_control:/home/common/colcon_ws/install/tms_rc_bot:/home/common/colcon_ws/install/tms_nw_rp:/home/common/colcon_ws/install/tms_msg_ur:/home/common/colcon_ws/install/tms_msg_ts:/home/common/colcon_ws/install/tms_msg_ss:/home/common/colcon_ws/install/tms_msg_rc:/home/common/colcon_ws/install/tms_msg_db:/home/common/colcon_ws/install/moveit_msgs:/home/common/colcon_ws/install/octomap_msgs:/home/common/colcon_ws/install/object_recognition_msgs:/home/common/colcon_ws/install/hls_lfcd_lds_driver:/home/common/colcon_ws/install/examples_rclcpp_minimal_timer:/home/common/colcon_ws/install/examples_rclcpp_minimal_subscriber:/home/common/colcon_ws/install/examples_rclcpp_minimal_service:/home/common/colcon_ws/install/examples_rclcpp_minimal_publisher:/home/common/colcon_ws/install/examples_rclcpp_minimal_composition:/home/common/colcon_ws/install/examples_rclcpp_minimal_client:/home/common/colcon_ws/install/examples_rclcpp_minimal_action_server:/home/common/colcon_ws/install/examples_rclcpp_minimal_action_client:/home/common/colcon_ws/install/dynamixel_sdk:/home/common/catkin_ws/devel:/opt/ros/melodic /usr/bin/cmake --build /home/common/colcon_ws/build/turtlebot3_msgs --target install -- -j8 -l8
[1.303s] [  1%] Built target turtlebot3_msgs__cpp
[1.306s] [ 13%] Built target turtlebot3_msgs__rosidl_generator_c
[1.357s] [ 24%] Built target turtlebot3_msgs__rosidl_typesupport_introspection_cpp
[1.360s] [ 35%] Built target turtlebot3_msgs__rosidl_typesupport_introspection_c
[1.373s] [ 47%] Built target turtlebot3_msgs__rosidl_typesupport_fastrtps_cpp
[1.417s] [ 58%] Built target turtlebot3_msgs__rosidl_typesupport_cpp
[1.421s] [ 69%] Built target turtlebot3_msgs__rosidl_typesupport_fastrtps_c
[1.457s] [ 81%] Built target turtlebot3_msgs__rosidl_typesupport_c
[1.488s] [ 81%] Built target turtlebot3_msgs
[1.518s] [ 83%] Built target turtlebot3_msgs__py
[1.563s] [ 92%] Built target turtlebot3_msgs__python
[1.600s] [ 96%] Built target turtlebot3_msgs__rosidl_typesupport_fastrtps_c__pyext
[1.605s] [100%] Built target turtlebot3_msgs__rosidl_typesupport_c__pyext
[1.636s] [36mInstall the project...[0m
[1.651s] -- Install configuration: ""
[1.652s] -- Execute custom install script
[1.653s] -- Up-to-date symlink: /home/common/colcon_ws/install/turtlebot3_msgs/share/ament_index/resource_index/rosidl_interfaces/turtlebot3_msgs
[1.653s] -- Up-to-date symlink: /home/common/colcon_ws/install/turtlebot3_msgs/lib/libturtlebot3_msgs__rosidl_typesupport_c.so
[1.654s] -- Up-to-date symlink: /home/common/colcon_ws/install/turtlebot3_msgs/share/turtlebot3_msgs/environment/library_path.sh
[1.654s] -- Up-to-date symlink: /home/common/colcon_ws/install/turtlebot3_msgs/lib/libturtlebot3_msgs__rosidl_typesupport_cpp.so
[1.656s] -- Up-to-date symlink: /home/common/colcon_ws/install/turtlebot3_msgs/include/turtlebot3_msgs/msg/rosidl_typesupport_fastrtps_c__visibility_control.h
[1.656s] -- Up-to-date symlink: /home/common/colcon_ws/install/turtlebot3_msgs/include/turtlebot3_msgs/msg/sensor_state__rosidl_typesupport_fastrtps_c.h
[1.656s] -- Up-to-date symlink: /home/common/colcon_ws/install/turtlebot3_msgs/include/turtlebot3_msgs/msg/sound__rosidl_typesupport_fastrtps_c.h
[1.657s] -- Up-to-date symlink: /home/common/colcon_ws/install/turtlebot3_msgs/include/turtlebot3_msgs/msg/version_info__rosidl_typesupport_fastrtps_c.h
[1.657s] -- Up-to-date symlink: /home/common/colcon_ws/install/turtlebot3_msgs/include/turtlebot3_msgs/srv/sound__rosidl_typesupport_fastrtps_c.h
[1.658s] -- Up-to-date symlink: /home/common/colcon_ws/install/turtlebot3_msgs/lib/libturtlebot3_msgs__rosidl_typesupport_fastrtps_c.so
[1.659s] -- Up-to-date symlink: /home/common/colcon_ws/install/turtlebot3_msgs/include/turtlebot3_msgs/msg/rosidl_generator_c__visibility_control.h
[1.659s] -- Up-to-date symlink: /home/common/colcon_ws/install/turtlebot3_msgs/include/turtlebot3_msgs/msg/sensor_state.h
[1.660s] -- Up-to-date symlink: /home/common/colcon_ws/install/turtlebot3_msgs/include/turtlebot3_msgs/msg/sensor_state__functions.h
[1.660s] -- Up-to-date symlink: /home/common/colcon_ws/install/turtlebot3_msgs/include/turtlebot3_msgs/msg/sensor_state__struct.h
[1.660s] -- Up-to-date symlink: /home/common/colcon_ws/install/turtlebot3_msgs/include/turtlebot3_msgs/msg/sensor_state__type_support.h
[1.661s] -- Up-to-date symlink: /home/common/colcon_ws/install/turtlebot3_msgs/include/turtlebot3_msgs/msg/sound.h
[1.661s] -- Up-to-date symlink: /home/common/colcon_ws/install/turtlebot3_msgs/include/turtlebot3_msgs/msg/sound__functions.h
[1.662s] -- Up-to-date symlink: /home/common/colcon_ws/install/turtlebot3_msgs/include/turtlebot3_msgs/msg/sound__struct.h
[1.662s] -- Up-to-date symlink: /home/common/colcon_ws/install/turtlebot3_msgs/include/turtlebot3_msgs/msg/sound__type_support.h
[1.662s] -- Up-to-date symlink: /home/common/colcon_ws/install/turtlebot3_msgs/include/turtlebot3_msgs/msg/version_info.h
[1.663s] -- Up-to-date symlink: /home/common/colcon_ws/install/turtlebot3_msgs/include/turtlebot3_msgs/msg/version_info__functions.h
[1.663s] -- Up-to-date symlink: /home/common/colcon_ws/install/turtlebot3_msgs/include/turtlebot3_msgs/msg/version_info__struct.h
[1.663s] -- Up-to-date symlink: /home/common/colcon_ws/install/turtlebot3_msgs/include/turtlebot3_msgs/msg/version_info__type_support.h
[1.664s] -- Up-to-date symlink: /home/common/colcon_ws/install/turtlebot3_msgs/include/turtlebot3_msgs/srv/sound.h
[1.664s] -- Up-to-date symlink: /home/common/colcon_ws/install/turtlebot3_msgs/include/turtlebot3_msgs/srv/sound__functions.h
[1.665s] -- Up-to-date symlink: /home/common/colcon_ws/install/turtlebot3_msgs/include/turtlebot3_msgs/srv/sound__struct.h
[1.665s] -- Up-to-date symlink: /home/common/colcon_ws/install/turtlebot3_msgs/include/turtlebot3_msgs/srv/sound__type_support.h
[1.666s] -- Up-to-date symlink: /home/common/colcon_ws/install/turtlebot3_msgs/lib/libturtlebot3_msgs__rosidl_generator_c.so
[1.667s] -- Up-to-date symlink: /home/common/colcon_ws/install/turtlebot3_msgs/include/turtlebot3_msgs/msg/rosidl_typesupport_fastrtps_cpp__visibility_control.h
[1.667s] -- Up-to-date symlink: /home/common/colcon_ws/install/turtlebot3_msgs/include/turtlebot3_msgs/msg/sensor_state__rosidl_typesupport_fastrtps_cpp.hpp
[1.667s] -- Up-to-date symlink: /home/common/colcon_ws/install/turtlebot3_msgs/include/turtlebot3_msgs/msg/sound__rosidl_typesupport_fastrtps_cpp.hpp
[1.668s] -- Up-to-date symlink: /home/common/colcon_ws/install/turtlebot3_msgs/include/turtlebot3_msgs/msg/version_info__rosidl_typesupport_fastrtps_cpp.hpp
[1.668s] -- Up-to-date symlink: /home/common/colcon_ws/install/turtlebot3_msgs/include/turtlebot3_msgs/srv/sound__rosidl_typesupport_fastrtps_cpp.hpp
[1.669s] -- Up-to-date symlink: /home/common/colcon_ws/install/turtlebot3_msgs/lib/libturtlebot3_msgs__rosidl_typesupport_fastrtps_cpp.so
[1.670s] -- Up-to-date symlink: /home/common/colcon_ws/install/turtlebot3_msgs/include/turtlebot3_msgs/msg/sensor_state.hpp
[1.670s] -- Up-to-date symlink: /home/common/colcon_ws/install/turtlebot3_msgs/include/turtlebot3_msgs/msg/sensor_state__struct.hpp
[1.670s] -- Up-to-date symlink: /home/common/colcon_ws/install/turtlebot3_msgs/include/turtlebot3_msgs/msg/sensor_state__traits.hpp
[1.671s] -- Up-to-date symlink: /home/common/colcon_ws/install/turtlebot3_msgs/include/turtlebot3_msgs/msg/sound.hpp
[1.671s] -- Up-to-date symlink: /home/common/colcon_ws/install/turtlebot3_msgs/include/turtlebot3_msgs/msg/sound__struct.hpp
[1.672s] -- Up-to-date symlink: /home/common/colcon_ws/install/turtlebot3_msgs/include/turtlebot3_msgs/msg/sound__traits.hpp
[1.672s] -- Up-to-date symlink: /home/common/colcon_ws/install/turtlebot3_msgs/include/turtlebot3_msgs/msg/version_info.hpp
[1.672s] -- Up-to-date symlink: /home/common/colcon_ws/install/turtlebot3_msgs/include/turtlebot3_msgs/msg/version_info__struct.hpp
[1.673s] -- Up-to-date symlink: /home/common/colcon_ws/install/turtlebot3_msgs/include/turtlebot3_msgs/msg/version_info__traits.hpp
[1.673s] -- Up-to-date symlink: /home/common/colcon_ws/install/turtlebot3_msgs/include/turtlebot3_msgs/srv/sound.hpp
[1.674s] -- Up-to-date symlink: /home/common/colcon_ws/install/turtlebot3_msgs/include/turtlebot3_msgs/srv/sound__struct.hpp
[1.674s] -- Up-to-date symlink: /home/common/colcon_ws/install/turtlebot3_msgs/include/turtlebot3_msgs/srv/sound__traits.hpp
[1.674s] -- Up-to-date symlink: /home/common/colcon_ws/install/turtlebot3_msgs/include/turtlebot3_msgs/msg/rosidl_typesupport_introspection_c__visibility_control.h
[1.674s] -- Up-to-date symlink: /home/common/colcon_ws/install/turtlebot3_msgs/include/turtlebot3_msgs/msg/sensor_state__rosidl_typesupport_introspection_c.h
[1.675s] -- Up-to-date symlink: /home/common/colcon_ws/install/turtlebot3_msgs/include/turtlebot3_msgs/msg/sound__rosidl_typesupport_introspection_c.h
[1.675s] -- Up-to-date symlink: /home/common/colcon_ws/install/turtlebot3_msgs/include/turtlebot3_msgs/msg/version_info__rosidl_typesupport_introspection_c.h
[1.675s] -- Up-to-date symlink: /home/common/colcon_ws/install/turtlebot3_msgs/include/turtlebot3_msgs/srv/sound__rosidl_typesupport_introspection_c.h
[1.676s] -- Up-to-date symlink: /home/common/colcon_ws/install/turtlebot3_msgs/lib/libturtlebot3_msgs__rosidl_typesupport_introspection_c.so
[1.677s] -- Up-to-date symlink: /home/common/colcon_ws/install/turtlebot3_msgs/include/turtlebot3_msgs/msg/sensor_state__rosidl_typesupport_introspection_cpp.hpp
[1.677s] -- Up-to-date symlink: /home/common/colcon_ws/install/turtlebot3_msgs/include/turtlebot3_msgs/msg/sound__rosidl_typesupport_introspection_cpp.hpp
[1.677s] -- Up-to-date symlink: /home/common/colcon_ws/install/turtlebot3_msgs/include/turtlebot3_msgs/msg/version_info__rosidl_typesupport_introspection_cpp.hpp
[1.678s] -- Up-to-date symlink: /home/common/colcon_ws/install/turtlebot3_msgs/include/turtlebot3_msgs/srv/sound__rosidl_typesupport_introspection_cpp.hpp
[1.679s] -- Up-to-date symlink: /home/common/colcon_ws/install/turtlebot3_msgs/lib/libturtlebot3_msgs__rosidl_typesupport_introspection_cpp.so
[1.680s] -- Up-to-date symlink: /home/common/colcon_ws/install/turtlebot3_msgs/share/turtlebot3_msgs/environment/pythonpath.sh
[1.680s] -- Up-to-date symlink: /home/common/colcon_ws/install/turtlebot3_msgs/lib/python3.6/site-packages/turtlebot3_msgs/__init__.py
[1.680s] -- Up-to-date symlink: /home/common/colcon_ws/install/turtlebot3_msgs/lib/python3.6/site-packages/turtlebot3_msgs/msg/__init__.py
[1.681s] -- Up-to-date symlink: /home/common/colcon_ws/install/turtlebot3_msgs/lib/python3.6/site-packages/turtlebot3_msgs/msg/_sensor_state.py
[1.681s] -- Up-to-date symlink: /home/common/colcon_ws/install/turtlebot3_msgs/lib/python3.6/site-packages/turtlebot3_msgs/msg/_sound.py
[1.681s] -- Up-to-date symlink: /home/common/colcon_ws/install/turtlebot3_msgs/lib/python3.6/site-packages/turtlebot3_msgs/msg/_version_info.py
[1.682s] -- Up-to-date symlink: /home/common/colcon_ws/install/turtlebot3_msgs/lib/python3.6/site-packages/turtlebot3_msgs/srv/__init__.py
[1.684s] -- Up-to-date symlink: /home/common/colcon_ws/install/turtlebot3_msgs/lib/python3.6/site-packages/turtlebot3_msgs/srv/_sound.py
[1.687s] -- Up-to-date symlink: /home/common/colcon_ws/install/turtlebot3_msgs/lib/python3.6/site-packages/turtlebot3_msgs/turtlebot3_msgs_s__rosidl_typesupport_c.cpython-36m-x86_64-linux-gnu.so
[1.687s] -- Up-to-date symlink: /home/common/colcon_ws/install/turtlebot3_msgs/lib/python3.6/site-packages/turtlebot3_msgs/turtlebot3_msgs_s__rosidl_typesupport_fastrtps_c.cpython-36m-x86_64-linux-gnu.so
[1.688s] -- Up-to-date symlink: /home/common/colcon_ws/install/turtlebot3_msgs/lib/libturtlebot3_msgs__python.so
[1.689s] -- Up-to-date symlink: /home/common/colcon_ws/install/turtlebot3_msgs/share/turtlebot3_msgs/msg/SensorState.idl
[1.692s] -- Up-to-date symlink: /home/common/colcon_ws/install/turtlebot3_msgs/share/turtlebot3_msgs/msg/Sound.idl
[1.697s] -- Up-to-date symlink: /home/common/colcon_ws/install/turtlebot3_msgs/share/turtlebot3_msgs/msg/VersionInfo.idl
[1.698s] -- Up-to-date symlink: /home/common/colcon_ws/install/turtlebot3_msgs/share/turtlebot3_msgs/srv/Sound.idl
[1.698s] -- Up-to-date symlink: /home/common/colcon_ws/install/turtlebot3_msgs/share/turtlebot3_msgs/msg/SensorState.msg
[1.699s] -- Up-to-date symlink: /home/common/colcon_ws/install/turtlebot3_msgs/share/turtlebot3_msgs/msg/Sound.msg
[1.699s] -- Up-to-date symlink: /home/common/colcon_ws/install/turtlebot3_msgs/share/turtlebot3_msgs/msg/VersionInfo.msg
[1.700s] -- Up-to-date symlink: /home/common/colcon_ws/install/turtlebot3_msgs/share/turtlebot3_msgs/srv/Sound.srv
[1.700s] -- Up-to-date symlink: /home/common/colcon_ws/install/turtlebot3_msgs/share/turtlebot3_msgs/srv/Sound_Request.msg
[1.701s] -- Up-to-date symlink: /home/common/colcon_ws/install/turtlebot3_msgs/share/turtlebot3_msgs/srv/Sound_Response.msg
[1.702s] -- Up-to-date symlink: /home/common/colcon_ws/install/turtlebot3_msgs/share/ament_index/resource_index/package_run_dependencies/turtlebot3_msgs
[1.702s] -- Up-to-date symlink: /home/common/colcon_ws/install/turtlebot3_msgs/share/ament_index/resource_index/parent_prefix_path/turtlebot3_msgs
[1.703s] -- Up-to-date symlink: /home/common/colcon_ws/install/turtlebot3_msgs/share/turtlebot3_msgs/environment/ament_prefix_path.sh
[1.704s] -- Up-to-date symlink: /home/common/colcon_ws/install/turtlebot3_msgs/share/turtlebot3_msgs/environment/path.sh
[1.705s] -- Up-to-date symlink: /home/common/colcon_ws/install/turtlebot3_msgs/share/turtlebot3_msgs/local_setup.bash
[1.706s] -- Up-to-date symlink: /home/common/colcon_ws/install/turtlebot3_msgs/share/turtlebot3_msgs/local_setup.sh
[1.706s] -- Up-to-date symlink: /home/common/colcon_ws/install/turtlebot3_msgs/share/turtlebot3_msgs/local_setup.zsh
[1.707s] -- Up-to-date symlink: /home/common/colcon_ws/install/turtlebot3_msgs/share/ament_index/resource_index/packages/turtlebot3_msgs
[1.710s] -- Up-to-date symlink: /home/common/colcon_ws/install/turtlebot3_msgs/share/turtlebot3_msgs/cmake/rosidl_cmake-extras.cmake
[1.710s] -- Up-to-date symlink: /home/common/colcon_ws/install/turtlebot3_msgs/share/turtlebot3_msgs/cmake/ament_cmake_export_dependencies-extras.cmake
[1.713s] -- Up-to-date symlink: /home/common/colcon_ws/install/turtlebot3_msgs/share/turtlebot3_msgs/cmake/ament_cmake_export_libraries-extras.cmake
[1.713s] -- Up-to-date symlink: /home/common/colcon_ws/install/turtlebot3_msgs/share/turtlebot3_msgs/cmake/ament_cmake_export_include_directories-extras.cmake
[1.713s] -- Up-to-date symlink: /home/common/colcon_ws/install/turtlebot3_msgs/share/turtlebot3_msgs/cmake/turtlebot3_msgsConfig.cmake
[1.714s] -- Up-to-date symlink: /home/common/colcon_ws/install/turtlebot3_msgs/share/turtlebot3_msgs/cmake/turtlebot3_msgsConfig-version.cmake
[1.715s] -- Up-to-date symlink: /home/common/colcon_ws/install/turtlebot3_msgs/share/turtlebot3_msgs/package.xml
[1.825s] Invoked command in '/home/common/colcon_ws/build/turtlebot3_msgs' returned '0': CMAKE_PREFIX_PATH=/home/common/colcon_ws/install/turtlebot3:/home/common/colcon_ws/install/turtlebot3_simulations:/home/common/colcon_ws/install/turtlebot3_bringup:/home/common/colcon_ws/install/turtlebot3_node:/home/common/colcon_ws/install/turtlebot3_navigation2:/home/common/colcon_ws/install/turtlebot3_fake_node:/home/common/colcon_ws/install/doublenode:/home/common/colcon_ws/install/turtlebot3_msgs:/home/common/colcon_ws/install/turtlebot3_gazebo:/home/common/colcon_ws/install/turtlebot3_description:/home/common/colcon_ws/install/turtlebot3_cartographer:/home/common/colcon_ws/install/tms_ss_vicon:/home/common/colcon_ws/install/tms_rc_tfnode:/home/common/colcon_ws/install/turtlebot3_teleop:/home/common/colcon_ws/install/tms_ur_speaker:/home/common/colcon_ws/install/tms_ur_listener:/home/common/colcon_ws/install/tms_ts_ts:/home/common/colcon_ws/install/tms_ts_test:/home/common/colcon_ws/install/tms_ts_subtask:/home/common/colcon_ws/install/tms_ss_whs1:/home/common/colcon_ws/install/tms_rc_double:/home/common/colcon_ws/install/tms_db_manager:/opt/ros/dashing:/home/common/colcon_ws/install/tms_rc_smartpal_control:/home/common/colcon_ws/install/tms_rc_bot:/home/common/colcon_ws/install/tms_nw_rp:/home/common/colcon_ws/install/tms_msg_ur:/home/common/colcon_ws/install/tms_msg_ts:/home/common/colcon_ws/install/tms_msg_ss:/home/common/colcon_ws/install/tms_msg_rc:/home/common/colcon_ws/install/tms_msg_db:/home/common/colcon_ws/install/moveit_msgs:/home/common/colcon_ws/install/octomap_msgs:/home/common/colcon_ws/install/object_recognition_msgs:/home/common/colcon_ws/install/hls_lfcd_lds_driver:/home/common/colcon_ws/install/examples_rclcpp_minimal_timer:/home/common/colcon_ws/install/examples_rclcpp_minimal_subscriber:/home/common/colcon_ws/install/examples_rclcpp_minimal_service:/home/common/colcon_ws/install/examples_rclcpp_minimal_publisher:/home/common/colcon_ws/install/examples_rclcpp_minimal_composition:/home/common/colcon_ws/install/examples_rclcpp_minimal_client:/home/common/colcon_ws/install/examples_rclcpp_minimal_action_server:/home/common/colcon_ws/install/examples_rclcpp_minimal_action_client:/home/common/colcon_ws/install/dynamixel_sdk:/home/common/catkin_ws/devel:/opt/ros/melodic /usr/bin/cmake --build /home/common/colcon_ws/build/turtlebot3_msgs --target install -- -j8 -l8
