[0.118s] -- The C compiler identification is GNU 7.4.0
[0.208s] -- The CXX compiler identification is GNU 7.4.0
[0.222s] -- Check for working C compiler: /usr/bin/cc
[0.327s] -- Check for working C compiler: /usr/bin/cc -- works
[0.327s] -- Detecting C compiler ABI info
[0.439s] -- Detecting C compiler ABI info - done
[0.448s] -- Detecting C compile features
[0.782s] -- Detecting C compile features - done
[0.785s] -- Check for working CXX compiler: /usr/bin/c++
[0.933s] -- Check for working CXX compiler: /usr/bin/c++ -- works
[0.933s] -- Detecting CXX compiler ABI info
[1.055s] -- Detecting CXX compiler ABI info - done
[1.063s] -- Detecting CXX compile features
[1.620s] -- Detecting CXX compile features - done
[1.624s] -- Found ament_cmake: 0.7.4 (/opt/ros/dashing/share/ament_cmake/cmake)
[1.713s] -- Found PythonInterp: /usr/bin/python3 (found suitable version "3.6.9", minimum required is "3") 
[1.713s] -- Using PYTHON_EXECUTABLE: /usr/bin/python3
[2.150s] -- Override CMake install command with custom implementation using symlinks instead of copying resources
[2.190s] -- Found example_interfaces: 0.7.1 (/opt/ros/dashing/share/example_interfaces/cmake)
[2.221s] -- Found rosidl_adapter: 0.7.8 (/opt/ros/dashing/share/rosidl_adapter/cmake)
[2.301s] -- Found rclcpp: 0.7.12 (/opt/ros/dashing/share/rclcpp/cmake)
[2.328s] -- Found rmw_implementation_cmake: 0.7.2 (/opt/ros/dashing/share/rmw_implementation_cmake/cmake)
[2.333s] -- Using RMW implementation 'rmw_fastrtps_cpp' as default
[2.334s] -- Looking for pthread.h
[2.452s] -- Looking for pthread.h - found
[2.452s] -- Looking for pthread_create
[2.567s] -- Looking for pthread_create - not found
[2.567s] -- Looking for pthread_create in pthreads
[2.651s] -- Looking for pthread_create in pthreads - not found
[2.656s] -- Looking for pthread_create in pthread
[2.762s] -- Looking for pthread_create in pthread - found
[2.763s] -- Found Threads: TRUE  
[2.975s] -- Configuring done
[2.990s] -- Generating done
[2.991s] -- Build files have been written to: /home/common/colcon_ws/build/examples_rclcpp_minimal_client
