[0.014s] Invoking command in '/home/common/colcon_ws/build/examples_rclcpp_minimal_publisher': CMAKE_PREFIX_PATH=/opt/ros/dashing:${CMAKE_PREFIX_PATH} /usr/bin/cmake --build /home/common/colcon_ws/build/examples_rclcpp_minimal_publisher -- -j8 -l8
[0.136s] [ 33%] Built target publisher_lambda
[0.136s] [ 66%] Built target publisher_member_function
[0.147s] [100%] Built target publisher_not_composable
[0.163s] Invoked command in '/home/common/colcon_ws/build/examples_rclcpp_minimal_publisher' returned '0': CMAKE_PREFIX_PATH=/opt/ros/dashing:${CMAKE_PREFIX_PATH} /usr/bin/cmake --build /home/common/colcon_ws/build/examples_rclcpp_minimal_publisher -- -j8 -l8
[0.292s] Invoking command in '/home/common/colcon_ws/build/examples_rclcpp_minimal_publisher': CMAKE_PREFIX_PATH=/opt/ros/dashing:${CMAKE_PREFIX_PATH} /usr/bin/cmake --build /home/common/colcon_ws/build/examples_rclcpp_minimal_publisher --target install -- -j8 -l8
[0.404s] [ 33%] Built target publisher_not_composable
[0.404s] [ 66%] Built target publisher_lambda
[0.413s] [100%] Built target publisher_member_function
[0.441s] [36mInstall the project...[0m
[0.458s] -- Install configuration: ""
[0.459s] -- Execute custom install script
[0.460s] -- Up-to-date symlink: /home/common/colcon_ws/install/examples_rclcpp_minimal_publisher/lib/examples_rclcpp_minimal_publisher/publisher_lambda
[0.460s] -- Up-to-date symlink: /home/common/colcon_ws/install/examples_rclcpp_minimal_publisher/lib/examples_rclcpp_minimal_publisher/publisher_member_function
[0.460s] -- Up-to-date symlink: /home/common/colcon_ws/install/examples_rclcpp_minimal_publisher/lib/examples_rclcpp_minimal_publisher/publisher_not_composable
[0.461s] -- Up-to-date symlink: /home/common/colcon_ws/install/examples_rclcpp_minimal_publisher/share/ament_index/resource_index/package_run_dependencies/examples_rclcpp_minimal_publisher
[0.463s] -- Up-to-date symlink: /home/common/colcon_ws/install/examples_rclcpp_minimal_publisher/share/ament_index/resource_index/parent_prefix_path/examples_rclcpp_minimal_publisher
[0.463s] -- Up-to-date symlink: /home/common/colcon_ws/install/examples_rclcpp_minimal_publisher/share/examples_rclcpp_minimal_publisher/environment/ament_prefix_path.sh
[0.463s] -- Up-to-date symlink: /home/common/colcon_ws/install/examples_rclcpp_minimal_publisher/share/examples_rclcpp_minimal_publisher/environment/path.sh
[0.464s] -- Up-to-date symlink: /home/common/colcon_ws/install/examples_rclcpp_minimal_publisher/share/examples_rclcpp_minimal_publisher/local_setup.bash
[0.464s] -- Up-to-date symlink: /home/common/colcon_ws/install/examples_rclcpp_minimal_publisher/share/examples_rclcpp_minimal_publisher/local_setup.sh
[0.464s] -- Up-to-date symlink: /home/common/colcon_ws/install/examples_rclcpp_minimal_publisher/share/examples_rclcpp_minimal_publisher/local_setup.zsh
[0.464s] -- Up-to-date symlink: /home/common/colcon_ws/install/examples_rclcpp_minimal_publisher/share/ament_index/resource_index/packages/examples_rclcpp_minimal_publisher
[0.465s] -- Up-to-date symlink: /home/common/colcon_ws/install/examples_rclcpp_minimal_publisher/share/examples_rclcpp_minimal_publisher/cmake/examples_rclcpp_minimal_publisherConfig.cmake
[0.465s] -- Up-to-date symlink: /home/common/colcon_ws/install/examples_rclcpp_minimal_publisher/share/examples_rclcpp_minimal_publisher/cmake/examples_rclcpp_minimal_publisherConfig-version.cmake
[0.466s] -- Up-to-date symlink: /home/common/colcon_ws/install/examples_rclcpp_minimal_publisher/share/examples_rclcpp_minimal_publisher/package.xml
[0.491s] Invoked command in '/home/common/colcon_ws/build/examples_rclcpp_minimal_publisher' returned '0': CMAKE_PREFIX_PATH=/opt/ros/dashing:${CMAKE_PREFIX_PATH} /usr/bin/cmake --build /home/common/colcon_ws/build/examples_rclcpp_minimal_publisher --target install -- -j8 -l8
