[0.032s] Invoking command in '/home/common/colcon_ws/build/tms_msg_ss': /usr/bin/cmake /home/common/colcon_ws/src/ros2_tms/tms_msg/tms_msg_ss -DAMENT_CMAKE_SYMLINK_INSTALL=1 -DCMAKE_INSTALL_PREFIX=/home/common/colcon_ws/install/tms_msg_ss
[0.174s] -- The C compiler identification is GNU 7.4.0
[0.298s] -- The CXX compiler identification is GNU 7.4.0
[0.300s] -- Check for working C compiler: /usr/bin/cc
[0.394s] -- Check for working C compiler: /usr/bin/cc -- works
[0.395s] -- Detecting C compiler ABI info
[0.481s] -- Detecting C compiler ABI info - done
[0.488s] -- Detecting C compile features
[0.746s] -- Detecting C compile features - done
[0.748s] -- Check for working CXX compiler: /usr/bin/c++
[0.853s] -- Check for working CXX compiler: /usr/bin/c++ -- works
[0.853s] -- Detecting CXX compiler ABI info
[0.970s] -- Detecting CXX compiler ABI info - done
[0.979s] -- Detecting CXX compile features
[1.480s] -- Detecting CXX compile features - done
[1.482s] CMake Error at CMakeLists.txt:16 (find_package):
[1.482s]   By not providing "Findament_cmake.cmake" in CMAKE_MODULE_PATH this project
[1.482s]   has asked CMake to find a package configuration file provided by
[1.483s]   "ament_cmake", but CMake did not find one.
[1.483s] 
[1.483s]   Could not find a package configuration file provided by "ament_cmake" with
[1.483s]   any of the following names:
[1.483s] 
[1.483s]     ament_cmakeConfig.cmake
[1.483s]     ament_cmake-config.cmake
[1.483s] 
[1.483s]   Add the installation prefix of "ament_cmake" to CMAKE_PREFIX_PATH or set
[1.483s]   "ament_cmake_DIR" to a directory containing one of the above files.  If
[1.483s]   "ament_cmake" provides a separate development package or SDK, be sure it
[1.483s]   has been installed.
[1.483s] 
[1.484s] 
[1.484s] -- Configuring incomplete, errors occurred!
[1.484s] See also "/home/common/colcon_ws/build/tms_msg_ss/CMakeFiles/CMakeOutput.log".
