[0.048s] Invoking command in '/home/common/colcon_ws/build/moveit_msgs': CMAKE_PREFIX_PATH=/home/common/colcon_ws/install/object_recognition_msgs:/home/common/colcon_ws/install/turtlebot3_teleop:/home/common/colcon_ws/install/tms_ur_speaker:/home/common/colcon_ws/install/tms_ur_listener:/home/common/colcon_ws/install/tms_ts_ts:/home/common/colcon_ws/install/tms_ts_test:/home/common/colcon_ws/install/tms_ts_subtask:/home/common/colcon_ws/install/tms_ss_whs1:/home/common/colcon_ws/install/tms_rc_double:/home/common/colcon_ws/install/tms_db_manager:/opt/ros/dashing:/opt/ros/melodic:/home/common/colcon_ws/install/turtlebot3:/home/common/colcon_ws/install/turtlebot3_simulations:/home/common/colcon_ws/install/turtlebot3_bringup:/home/common/colcon_ws/install/turtlebot3_node:/home/common/colcon_ws/install/turtlebot3_navigation2:/home/common/colcon_ws/install/turtlebot3_fake_node:/home/common/colcon_ws/install/doublenode:/home/common/colcon_ws/install/turtlebot3_msgs:/home/common/colcon_ws/install/turtlebot3_gazebo:/home/common/colcon_ws/install/turtlebot3_description:/home/common/colcon_ws/install/turtlebot3_cartographer:/home/common/colcon_ws/install/tms_ss_vicon:/home/common/colcon_ws/install/tms_rc_tfnode:/home/common/colcon_ws/install/tms_rc_bot:/home/common/colcon_ws/install/tms_nw_rp:/home/common/colcon_ws/install/tms_msg_ur:/home/common/colcon_ws/install/tms_msg_ts:/home/common/colcon_ws/install/tms_msg_ss:/home/common/colcon_ws/install/tms_msg_rc:/home/common/colcon_ws/install/tms_msg_db:/home/common/colcon_ws/install/hls_lfcd_lds_driver:/home/common/colcon_ws/install/examples_rclcpp_minimal_timer:/home/common/colcon_ws/install/examples_rclcpp_minimal_subscriber:/home/common/colcon_ws/install/examples_rclcpp_minimal_service:/home/common/colcon_ws/install/examples_rclcpp_minimal_publisher:/home/common/colcon_ws/install/examples_rclcpp_minimal_composition:/home/common/colcon_ws/install/examples_rclcpp_minimal_client:/home/common/colcon_ws/install/examples_rclcpp_minimal_action_server:/home/common/colcon_ws/install/examples_rclcpp_minimal_action_client:/home/common/colcon_ws/install/dynamixel_sdk LD_LIBRARY_PATH=/home/common/colcon_ws/install/object_recognition_msgs/lib:/opt/ros/melodic/lib:/home/common/colcon_ws/install/turtlebot3_msgs/lib:/home/common/colcon_ws/install/tms_nw_rp/lib:/home/common/colcon_ws/install/tms_msg_ur/lib:/home/common/colcon_ws/install/tms_msg_ts/lib:/home/common/colcon_ws/install/tms_msg_ss/lib:/home/common/colcon_ws/install/tms_msg_rc/lib:/home/common/colcon_ws/install/tms_msg_db/lib:/home/common/colcon_ws/install/examples_rclcpp_minimal_composition/lib:/home/common/colcon_ws/install/dynamixel_sdk/lib:/opt/ros/dashing/opt/yaml_cpp_vendor/lib:/opt/ros/dashing/opt/rviz_ogre_vendor/lib:/opt/ros/dashing/lib:/usr/include:/usr/include/omniORB4 PYTHONPATH=/home/common/colcon_ws/install/object_recognition_msgs/lib/python3.6/site-packages:/opt/ros/melodic/lib/python2.7/dist-packages:/home/common/colcon_ws/install/turtlebot3_teleop/lib/python3.6/site-packages:/home/common/colcon_ws/install/turtlebot3_msgs/lib/python3.6/site-packages:/home/common/colcon_ws/install/tms_ur_speaker/lib/python3.6/site-packages:/home/common/colcon_ws/install/tms_ur_listener/lib/python3.6/site-packages:/home/common/colcon_ws/install/tms_ts_ts/lib/python3.6/site-packages:/home/common/colcon_ws/install/tms_ts_test/lib/python3.6/site-packages:/home/common/colcon_ws/install/tms_ts_subtask/lib/python3.6/site-packages:/home/common/colcon_ws/install/tms_ss_whs1/lib/python3.6/site-packages:/home/common/colcon_ws/install/tms_rc_double/lib/python3.6/site-packages:/home/common/colcon_ws/install/tms_nw_rp/lib/python3.6/site-packages:/home/common/colcon_ws/install/tms_msg_ur/lib/python3.6/site-packages:/home/common/colcon_ws/install/tms_msg_ts/lib/python3.6/site-packages:/home/common/colcon_ws/install/tms_msg_ss/lib/python3.6/site-packages:/home/common/colcon_ws/install/tms_msg_rc/lib/python3.6/site-packages:/home/common/colcon_ws/install/tms_db_manager/lib/python3.6/site-packages:/home/common/colcon_ws/install/tms_msg_db/lib/python3.6/site-packages:/opt/ros/dashing/lib/python3.6/site-packages /usr/bin/cmake --build /home/common/colcon_ws/build/moveit_msgs -- -j8 -l8
[0.241s] [  0%] Built target moveit_msgs__cpp
[0.377s] [  0%] [32mBuilding C object CMakeFiles/moveit_msgs__rosidl_generator_c.dir/rosidl_generator_c/moveit_msgs/msg/planning_scene__functions.c.o[0m
[0.377s] [  0%] [32mBuilding C object CMakeFiles/moveit_msgs__rosidl_generator_c.dir/rosidl_generator_c/moveit_msgs/msg/planning_scene_world__functions.c.o[0m
[0.379s] [  0%] [32mBuilding C object CMakeFiles/moveit_msgs__rosidl_generator_c.dir/rosidl_generator_c/moveit_msgs/msg/planning_options__functions.c.o[0m
[0.391s] [  0%] [32mBuilding CXX object CMakeFiles/moveit_msgs__rosidl_typesupport_introspection_cpp.dir/rosidl_typesupport_introspection_cpp/moveit_msgs/msg/planning_scene__type_support.cpp.o[0m
[0.401s] [  0%] [32mBuilding CXX object CMakeFiles/moveit_msgs__rosidl_typesupport_fastrtps_cpp.dir/rosidl_typesupport_fastrtps_cpp/moveit_msgs/msg/dds_fastrtps/planning_scene__type_support.cpp.o[0m
[0.408s] [  0%] [32mBuilding C object CMakeFiles/moveit_msgs__rosidl_generator_c.dir/rosidl_generator_c/moveit_msgs/msg/robot_trajectory__functions.c.o[0m
[0.408s] [  0%] [32mBuilding C object CMakeFiles/moveit_msgs__rosidl_generator_c.dir/rosidl_generator_c/moveit_msgs/msg/visibility_constraint__functions.c.o[0m
[0.409s] In file included from [01m[K/home/common/colcon_ws/build/moveit_msgs/rosidl_generator_c/moveit_msgs/msg/planning_scene_world__functions.h:19:0[m[K,
[0.409s]                  from [01m[K/home/common/colcon_ws/build/moveit_msgs/rosidl_generator_c/moveit_msgs/msg/planning_scene_world__functions.c:4[m[K:
[0.409s] [01m[K/home/common/colcon_ws/build/moveit_msgs/rosidl_generator_c/moveit_msgs/msg/planning_scene_world__struct.h:24:10:[m[K [01;31m[Kfatal error: [m[Koctomap_msgs/msg/octomap_with_pose__struct.h: No such file or directory
[0.409s]  #include [01;31m[K"octomap_msgs/msg/octomap_with_pose__struct.h"[m[K
[0.409s]           [01;31m[K^~~~~~~~~~~~~~~~~~~~~~~~~~~~~~~~~~~~~~~~~~~~~~[m[K
[0.409s] compilation terminated.
[0.410s] [  0%] [32mBuilding C object CMakeFiles/moveit_msgs__rosidl_generator_c.dir/rosidl_generator_c/moveit_msgs/msg/workspace_parameters__functions.c.o[0m
[0.410s] make[2]: *** [CMakeFiles/moveit_msgs__rosidl_generator_c.dir/rosidl_generator_c/moveit_msgs/msg/planning_scene_world__functions.c.o] Error 1
[0.410s] make[2]: *** Waiting for unfinished jobs....
[0.410s] CMakeFiles/moveit_msgs__rosidl_generator_c.dir/build.make:1913: recipe for target 'CMakeFiles/moveit_msgs__rosidl_generator_c.dir/rosidl_generator_c/moveit_msgs/msg/planning_scene_world__functions.c.o' failed
[0.423s] In file included from [01m[K/home/common/colcon_ws/build/moveit_msgs/rosidl_generator_c/moveit_msgs/msg/planning_scene__struct.h:37:0[m[K,
[0.424s]                  from [01m[K/home/common/colcon_ws/build/moveit_msgs/rosidl_generator_c/moveit_msgs/msg/planning_scene__functions.h:19[m[K,
[0.424s]                  from [01m[K/home/common/colcon_ws/build/moveit_msgs/rosidl_generator_c/moveit_msgs/msg/planning_scene__functions.c:4[m[K:
[0.424s] [01m[K/home/common/colcon_ws/build/moveit_msgs/rosidl_generator_c/moveit_msgs/msg/planning_scene_world__struct.h:24:10:[m[K [01;31m[Kfatal error: [m[Koctomap_msgs/msg/octomap_with_pose__struct.h: No such file or directory
[0.424s]  #include [01;31m[K"octomap_msgs/msg/octomap_with_pose__struct.h"[m[K
[0.424s]           [01;31m[K^~~~~~~~~~~~~~~~~~~~~~~~~~~~~~~~~~~~~~~~~~~~~~[m[K
[0.424s] compilation terminated.
[0.425s] CMakeFiles/moveit_msgs__rosidl_generator_c.dir/build.make:1865: recipe for target 'CMakeFiles/moveit_msgs__rosidl_generator_c.dir/rosidl_generator_c/moveit_msgs/msg/planning_scene__functions.c.o' failed
[0.426s] make[2]: *** [CMakeFiles/moveit_msgs__rosidl_generator_c.dir/rosidl_generator_c/moveit_msgs/msg/planning_scene__functions.c.o] Error 1
[0.442s] In file included from [01m[K/home/common/colcon_ws/build/moveit_msgs/rosidl_generator_c/moveit_msgs/msg/planning_scene__struct.h:37:0[m[K,
[0.442s]                  from [01m[K/home/common/colcon_ws/build/moveit_msgs/rosidl_generator_c/moveit_msgs/msg/planning_options__struct.h:22[m[K,
[0.443s]                  from [01m[K/home/common/colcon_ws/build/moveit_msgs/rosidl_generator_c/moveit_msgs/msg/planning_options__functions.h:19[m[K,
[0.443s]                  from [01m[K/home/common/colcon_ws/build/moveit_msgs/rosidl_generator_c/moveit_msgs/msg/planning_options__functions.c:4[m[K:
[0.443s] [01m[K/home/common/colcon_ws/build/moveit_msgs/rosidl_generator_c/moveit_msgs/msg/planning_scene_world__struct.h:24:10:[m[K [01;31m[Kfatal error: [m[Koctomap_msgs/msg/octomap_with_pose__struct.h: No such file or directory
[0.443s]  #include [01;31m[K"octomap_msgs/msg/octomap_with_pose__struct.h"[m[K
[0.443s]           [01;31m[K^~~~~~~~~~~~~~~~~~~~~~~~~~~~~~~~~~~~~~~~~~~~~~[m[K
[0.443s] compilation terminated.
[0.443s] CMakeFiles/moveit_msgs__rosidl_generator_c.dir/build.make:1937: recipe for target 'CMakeFiles/moveit_msgs__rosidl_generator_c.dir/rosidl_generator_c/moveit_msgs/msg/planning_options__functions.c.o' failed
[0.444s] make[2]: *** [CMakeFiles/moveit_msgs__rosidl_generator_c.dir/rosidl_generator_c/moveit_msgs/msg/planning_options__functions.c.o] Error 1
[0.450s] [  1%] [32mBuilding CXX object CMakeFiles/moveit_msgs__rosidl_typesupport_fastrtps_cpp.dir/rosidl_typesupport_fastrtps_cpp/moveit_msgs/msg/dds_fastrtps/planning_options__type_support.cpp.o[0m
[0.462s] [  1%] [32mBuilding CXX object CMakeFiles/moveit_msgs__rosidl_typesupport_fastrtps_cpp.dir/rosidl_typesupport_fastrtps_cpp/moveit_msgs/msg/dds_fastrtps/planning_scene_world__type_support.cpp.o[0m
[0.494s] [  1%] [32mBuilding CXX object CMakeFiles/moveit_msgs__rosidl_typesupport_fastrtps_cpp.dir/rosidl_typesupport_fastrtps_cpp/moveit_msgs/msg/dds_fastrtps/position_constraint__type_support.cpp.o[0m
[0.495s] In file included from [01m[K/home/common/colcon_ws/build/moveit_msgs/rosidl_generator_cpp/moveit_msgs/msg/planning_scene__struct.hpp:41:0[m[K,
[0.495s]                  from [01m[K/home/common/colcon_ws/build/moveit_msgs/rosidl_typesupport_introspection_cpp/moveit_msgs/msg/planning_scene__type_support.cpp:12[m[K:
[0.495s] [01m[K/home/common/colcon_ws/build/moveit_msgs/rosidl_generator_cpp/moveit_msgs/msg/planning_scene_world__struct.hpp:31:10:[m[K [01;31m[Kfatal error: [m[Koctomap_msgs/msg/octomap_with_pose__struct.hpp: No such file or directory
[0.495s]  #include [01;31m[K"octomap_msgs/msg/octomap_with_pose__struct.hpp"[m[K
[0.495s]           [01;31m[K^~~~~~~~~~~~~~~~~~~~~~~~~~~~~~~~~~~~~~~~~~~~~~~~[m[K
[0.496s] compilation terminated.
[0.497s] CMakeFiles/moveit_msgs__rosidl_typesupport_introspection_cpp.dir/build.make:1293: recipe for target 'CMakeFiles/moveit_msgs__rosidl_typesupport_introspection_cpp.dir/rosidl_typesupport_introspection_cpp/moveit_msgs/msg/planning_scene__type_support.cpp.o' failed
[0.497s] make[2]: *** [CMakeFiles/moveit_msgs__rosidl_typesupport_introspection_cpp.dir/rosidl_typesupport_introspection_cpp/moveit_msgs/msg/planning_scene__type_support.cpp.o] Error 1
[0.497s] CMakeFiles/Makefile2:609: recipe for target 'CMakeFiles/moveit_msgs__rosidl_typesupport_introspection_cpp.dir/all' failed
[0.497s] make[1]: *** [CMakeFiles/moveit_msgs__rosidl_typesupport_introspection_cpp.dir/all] Error 2
[0.497s] make[1]: *** Waiting for unfinished jobs....
[0.510s] CMakeFiles/Makefile2:270: recipe for target 'CMakeFiles/moveit_msgs__rosidl_generator_c.dir/all' failed
[0.510s] make[1]: *** [CMakeFiles/moveit_msgs__rosidl_generator_c.dir/all] Error 2
[0.512s] In file included from [01m[K/home/common/colcon_ws/build/moveit_msgs/rosidl_generator_cpp/moveit_msgs/msg/planning_scene__struct.hpp:41:0[m[K,
[0.513s]                  from [01m[K/home/common/colcon_ws/build/moveit_msgs/rosidl_typesupport_fastrtps_cpp/moveit_msgs/msg/planning_scene__rosidl_typesupport_fastrtps_cpp.hpp:11[m[K,
[0.513s]                  from [01m[K/home/common/colcon_ws/build/moveit_msgs/rosidl_typesupport_fastrtps_cpp/moveit_msgs/msg/dds_fastrtps/planning_scene__type_support.cpp:4[m[K:
[0.513s] [01m[K/home/common/colcon_ws/build/moveit_msgs/rosidl_generator_cpp/moveit_msgs/msg/planning_scene_world__struct.hpp:31:10:[m[K [01;31m[Kfatal error: [m[Koctomap_msgs/msg/octomap_with_pose__struct.hpp: No such file or directory
[0.513s]  #include [01;31m[K"octomap_msgs/msg/octomap_with_pose__struct.hpp"[m[K
[0.513s]           [01;31m[K^~~~~~~~~~~~~~~~~~~~~~~~~~~~~~~~~~~~~~~~~~~~~~~~[m[K
[0.513s] compilation terminated.
[0.514s] CMakeFiles/moveit_msgs__rosidl_typesupport_fastrtps_cpp.dir/build.make:1293: recipe for target 'CMakeFiles/moveit_msgs__rosidl_typesupport_fastrtps_cpp.dir/rosidl_typesupport_fastrtps_cpp/moveit_msgs/msg/dds_fastrtps/planning_scene__type_support.cpp.o' failed
[0.514s] make[2]: *** [CMakeFiles/moveit_msgs__rosidl_typesupport_fastrtps_cpp.dir/rosidl_typesupport_fastrtps_cpp/moveit_msgs/msg/dds_fastrtps/planning_scene__type_support.cpp.o] Error 1
[0.514s] make[2]: *** Waiting for unfinished jobs....
[0.516s] [  1%] [32mBuilding CXX object CMakeFiles/moveit_msgs__rosidl_typesupport_fastrtps_cpp.dir/rosidl_typesupport_fastrtps_cpp/moveit_msgs/msg/dds_fastrtps/robot_state__type_support.cpp.o[0m
[0.530s] [  1%] [32mBuilding CXX object CMakeFiles/moveit_msgs__rosidl_typesupport_fastrtps_cpp.dir/rosidl_typesupport_fastrtps_cpp/moveit_msgs/msg/dds_fastrtps/visibility_constraint__type_support.cpp.o[0m
[0.557s] [  1%] [32mBuilding CXX object CMakeFiles/moveit_msgs__rosidl_typesupport_fastrtps_cpp.dir/rosidl_typesupport_fastrtps_cpp/moveit_msgs/msg/dds_fastrtps/robot_trajectory__type_support.cpp.o[0m
[0.569s] [  2%] [32mBuilding CXX object CMakeFiles/moveit_msgs__rosidl_typesupport_fastrtps_cpp.dir/rosidl_typesupport_fastrtps_cpp/moveit_msgs/msg/dds_fastrtps/workspace_parameters__type_support.cpp.o[0m
[0.574s] In file included from [01m[K/home/common/colcon_ws/build/moveit_msgs/rosidl_generator_cpp/moveit_msgs/msg/planning_scene__struct.hpp:41:0[m[K,
[0.574s]                  from [01m[K/home/common/colcon_ws/build/moveit_msgs/rosidl_generator_cpp/moveit_msgs/msg/planning_options__struct.hpp:29[m[K,
[0.575s]                  from [01m[K/home/common/colcon_ws/build/moveit_msgs/rosidl_typesupport_fastrtps_cpp/moveit_msgs/msg/planning_options__rosidl_typesupport_fastrtps_cpp.hpp:11[m[K,
[0.575s]                  from [01m[K/home/common/colcon_ws/build/moveit_msgs/rosidl_typesupport_fastrtps_cpp/moveit_msgs/msg/dds_fastrtps/planning_options__type_support.cpp:4[m[K:
[0.575s] [01m[K/home/common/colcon_ws/build/moveit_msgs/rosidl_generator_cpp/moveit_msgs/msg/planning_scene_world__struct.hpp:31:10:[m[K [01;31m[Kfatal error: [m[Koctomap_msgs/msg/octomap_with_pose__struct.hpp: No such file or directory
[0.575s]  #include [01;31m[K"octomap_msgs/msg/octomap_with_pose__struct.hpp"[m[K
[0.575s]           [01;31m[K^~~~~~~~~~~~~~~~~~~~~~~~~~~~~~~~~~~~~~~~~~~~~~~~[m[K
[0.575s] compilation terminated.
[0.576s] CMakeFiles/moveit_msgs__rosidl_typesupport_fastrtps_cpp.dir/build.make:1365: recipe for target 'CMakeFiles/moveit_msgs__rosidl_typesupport_fastrtps_cpp.dir/rosidl_typesupport_fastrtps_cpp/moveit_msgs/msg/dds_fastrtps/planning_options__type_support.cpp.o' failed
[0.576s] make[2]: *** [CMakeFiles/moveit_msgs__rosidl_typesupport_fastrtps_cpp.dir/rosidl_typesupport_fastrtps_cpp/moveit_msgs/msg/dds_fastrtps/planning_options__type_support.cpp.o] Error 1
[0.599s] In file included from [01m[K/home/common/colcon_ws/build/moveit_msgs/rosidl_typesupport_fastrtps_cpp/moveit_msgs/msg/planning_scene_world__rosidl_typesupport_fastrtps_cpp.hpp:11:0[m[K,
[0.600s]                  from [01m[K/home/common/colcon_ws/build/moveit_msgs/rosidl_typesupport_fastrtps_cpp/moveit_msgs/msg/dds_fastrtps/planning_scene_world__type_support.cpp:4[m[K:
[0.600s] [01m[K/home/common/colcon_ws/build/moveit_msgs/rosidl_generator_cpp/moveit_msgs/msg/planning_scene_world__struct.hpp:31:10:[m[K [01;31m[Kfatal error: [m[Koctomap_msgs/msg/octomap_with_pose__struct.hpp: No such file or directory
[0.600s]  #include [01;31m[K"octomap_msgs/msg/octomap_with_pose__struct.hpp"[m[K
[0.600s]           [01;31m[K^~~~~~~~~~~~~~~~~~~~~~~~~~~~~~~~~~~~~~~~~~~~~~~~[m[K
[0.600s] compilation terminated.
[0.601s] CMakeFiles/moveit_msgs__rosidl_typesupport_fastrtps_cpp.dir/build.make:1341: recipe for target 'CMakeFiles/moveit_msgs__rosidl_typesupport_fastrtps_cpp.dir/rosidl_typesupport_fastrtps_cpp/moveit_msgs/msg/dds_fastrtps/planning_scene_world__type_support.cpp.o' failed
[0.601s] make[2]: *** [CMakeFiles/moveit_msgs__rosidl_typesupport_fastrtps_cpp.dir/rosidl_typesupport_fastrtps_cpp/moveit_msgs/msg/dds_fastrtps/planning_scene_world__type_support.cpp.o] Error 1
[1.546s] CMakeFiles/Makefile2:459: recipe for target 'CMakeFiles/moveit_msgs__rosidl_typesupport_fastrtps_cpp.dir/all' failed
[1.546s] make[1]: *** [CMakeFiles/moveit_msgs__rosidl_typesupport_fastrtps_cpp.dir/all] Error 2
[1.546s] make: *** [all] Error 2
[1.546s] Makefile:140: recipe for target 'all' failed
[1.930s] Invoked command in '/home/common/colcon_ws/build/moveit_msgs' returned '2': CMAKE_PREFIX_PATH=/home/common/colcon_ws/install/object_recognition_msgs:/home/common/colcon_ws/install/turtlebot3_teleop:/home/common/colcon_ws/install/tms_ur_speaker:/home/common/colcon_ws/install/tms_ur_listener:/home/common/colcon_ws/install/tms_ts_ts:/home/common/colcon_ws/install/tms_ts_test:/home/common/colcon_ws/install/tms_ts_subtask:/home/common/colcon_ws/install/tms_ss_whs1:/home/common/colcon_ws/install/tms_rc_double:/home/common/colcon_ws/install/tms_db_manager:/opt/ros/dashing:/opt/ros/melodic:/home/common/colcon_ws/install/turtlebot3:/home/common/colcon_ws/install/turtlebot3_simulations:/home/common/colcon_ws/install/turtlebot3_bringup:/home/common/colcon_ws/install/turtlebot3_node:/home/common/colcon_ws/install/turtlebot3_navigation2:/home/common/colcon_ws/install/turtlebot3_fake_node:/home/common/colcon_ws/install/doublenode:/home/common/colcon_ws/install/turtlebot3_msgs:/home/common/colcon_ws/install/turtlebot3_gazebo:/home/common/colcon_ws/install/turtlebot3_description:/home/common/colcon_ws/install/turtlebot3_cartographer:/home/common/colcon_ws/install/tms_ss_vicon:/home/common/colcon_ws/install/tms_rc_tfnode:/home/common/colcon_ws/install/tms_rc_bot:/home/common/colcon_ws/install/tms_nw_rp:/home/common/colcon_ws/install/tms_msg_ur:/home/common/colcon_ws/install/tms_msg_ts:/home/common/colcon_ws/install/tms_msg_ss:/home/common/colcon_ws/install/tms_msg_rc:/home/common/colcon_ws/install/tms_msg_db:/home/common/colcon_ws/install/hls_lfcd_lds_driver:/home/common/colcon_ws/install/examples_rclcpp_minimal_timer:/home/common/colcon_ws/install/examples_rclcpp_minimal_subscriber:/home/common/colcon_ws/install/examples_rclcpp_minimal_service:/home/common/colcon_ws/install/examples_rclcpp_minimal_publisher:/home/common/colcon_ws/install/examples_rclcpp_minimal_composition:/home/common/colcon_ws/install/examples_rclcpp_minimal_client:/home/common/colcon_ws/install/examples_rclcpp_minimal_action_server:/home/common/colcon_ws/install/examples_rclcpp_minimal_action_client:/home/common/colcon_ws/install/dynamixel_sdk LD_LIBRARY_PATH=/home/common/colcon_ws/install/object_recognition_msgs/lib:/opt/ros/melodic/lib:/home/common/colcon_ws/install/turtlebot3_msgs/lib:/home/common/colcon_ws/install/tms_nw_rp/lib:/home/common/colcon_ws/install/tms_msg_ur/lib:/home/common/colcon_ws/install/tms_msg_ts/lib:/home/common/colcon_ws/install/tms_msg_ss/lib:/home/common/colcon_ws/install/tms_msg_rc/lib:/home/common/colcon_ws/install/tms_msg_db/lib:/home/common/colcon_ws/install/examples_rclcpp_minimal_composition/lib:/home/common/colcon_ws/install/dynamixel_sdk/lib:/opt/ros/dashing/opt/yaml_cpp_vendor/lib:/opt/ros/dashing/opt/rviz_ogre_vendor/lib:/opt/ros/dashing/lib:/usr/include:/usr/include/omniORB4 PYTHONPATH=/home/common/colcon_ws/install/object_recognition_msgs/lib/python3.6/site-packages:/opt/ros/melodic/lib/python2.7/dist-packages:/home/common/colcon_ws/install/turtlebot3_teleop/lib/python3.6/site-packages:/home/common/colcon_ws/install/turtlebot3_msgs/lib/python3.6/site-packages:/home/common/colcon_ws/install/tms_ur_speaker/lib/python3.6/site-packages:/home/common/colcon_ws/install/tms_ur_listener/lib/python3.6/site-packages:/home/common/colcon_ws/install/tms_ts_ts/lib/python3.6/site-packages:/home/common/colcon_ws/install/tms_ts_test/lib/python3.6/site-packages:/home/common/colcon_ws/install/tms_ts_subtask/lib/python3.6/site-packages:/home/common/colcon_ws/install/tms_ss_whs1/lib/python3.6/site-packages:/home/common/colcon_ws/install/tms_rc_double/lib/python3.6/site-packages:/home/common/colcon_ws/install/tms_nw_rp/lib/python3.6/site-packages:/home/common/colcon_ws/install/tms_msg_ur/lib/python3.6/site-packages:/home/common/colcon_ws/install/tms_msg_ts/lib/python3.6/site-packages:/home/common/colcon_ws/install/tms_msg_ss/lib/python3.6/site-packages:/home/common/colcon_ws/install/tms_msg_rc/lib/python3.6/site-packages:/home/common/colcon_ws/install/tms_db_manager/lib/python3.6/site-packages:/home/common/colcon_ws/install/tms_msg_db/lib/python3.6/site-packages:/opt/ros/dashing/lib/python3.6/site-packages /usr/bin/cmake --build /home/common/colcon_ws/build/moveit_msgs -- -j8 -l8
