[1.570s] [01m[K/home/common/colcon_ws/src/ros2_tms/tms_rc/tms_rc_smartpal/smartpal_control/src/sp5_cmd_arm.cpp:[m[K In member function ‘[01m[Kint8_t Client::armGetActiveAlarm(int8_t, u_int32_t, double*)[m[K’:
[1.570s] [01m[K/home/common/colcon_ws/src/ros2_tms/tms_rc/tms_rc_smartpal/smartpal_control/src/sp5_cmd_arm.cpp:315:76:[m[K [01;35m[Kwarning: [m[Kunused parameter ‘[01m[Kreturn_code[m[K’ [[01;35m[K-Wunused-parameter[m[K]
[1.570s]  int8_t Client::armGetActiveAlarm(int8_t RL, u_int32_t num_request, double *[01;35m[Kreturn_code[m[K)
[1.571s]                                                                             [01;35m[K^~~~~~~~~~~[m[K
[1.589s] In file included from [01m[K/home/common/colcon_ws/src/ros2_tms/tms_rc/tms_rc_smartpal/smartpal_control/src/sp5_client.cpp:6:0[m[K:
[1.589s] [01m[K/home/common/colcon_ws/src/ros2_tms/tms_rc/tms_rc_smartpal/smartpal_control/src/sp5_client.h:[m[K In constructor ‘[01m[KClient::Client()[m[K’:
[1.589s] [01m[K/home/common/colcon_ws/src/ros2_tms/tms_rc/tms_rc_smartpal/smartpal_control/src/sp5_client.h:206:8:[m[K [01;35m[Kwarning: [m[K‘[01m[KClient::bInitialize[m[K’ will be initialized after [[01;35m[K-Wreorder[m[K]
[1.589s]    bool [01;35m[KbInitialize[m[K;
[1.589s]         [01;35m[K^~~~~~~~~~~[m[K
[1.590s] [01m[K/home/common/colcon_ws/src/ros2_tms/tms_rc/tms_rc_smartpal/smartpal_control/src/sp5_client.h:182:18:[m[K [01;35m[Kwarning: [m[K  ‘[01m[KCORBA::ORB_var Client::orb[m[K’ [[01;35m[K-Wreorder[m[K]
[1.590s]    CORBA::ORB_var [01;35m[Korb[m[K;
[1.590s]                   [01;35m[K^~~[m[K
[1.590s] [01m[K/home/common/colcon_ws/src/ros2_tms/tms_rc/tms_rc_smartpal/smartpal_control/src/sp5_client.cpp:11:1:[m[K [01;35m[Kwarning: [m[K  when initialized here [[01;35m[K-Wreorder[m[K]
[1.590s]  [01;35m[KClient[m[K::Client()
[1.590s]  [01;35m[K^~~~~~[m[K
[1.590s] [01m[K/home/common/colcon_ws/src/ros2_tms/tms_rc/tms_rc_smartpal/smartpal_control/src/sp5_cmd_gripper.cpp:[m[K In member function ‘[01m[Kint8_t Client::gripperSetPower(int8_t, double)[m[K’:
[1.590s] [01m[K/home/common/colcon_ws/src/ros2_tms/tms_rc/tms_rc_smartpal/smartpal_control/src/sp5_cmd_gripper.cpp:41:39:[m[K [01;35m[Kwarning: [m[Kunused parameter ‘[01m[KRL[m[K’ [[01;35m[K-Wunused-parameter[m[K]
[1.591s]  int8_t Client::gripperSetPower(int8_t [01;35m[KRL[m[K, double OnOff)
[1.591s]                                        [01;35m[K^~[m[K
[1.591s] [01m[K/home/common/colcon_ws/src/ros2_tms/tms_rc/tms_rc_smartpal/smartpal_control/src/sp5_cmd_gripper.cpp:41:50:[m[K [01;35m[Kwarning: [m[Kunused parameter ‘[01m[KOnOff[m[K’ [[01;35m[K-Wunused-parameter[m[K]
[1.591s]  int8_t Client::gripperSetPower(int8_t RL, double [01;35m[KOnOff[m[K)
[1.591s]                                                   [01;35m[K^~~~~[m[K
[1.984s] [01m[K/home/common/colcon_ws/src/ros2_tms/tms_rc/tms_rc_smartpal/smartpal_control/src/smartpal5_control.cpp:15:10:[m[K [01;31m[Kfatal error: [m[Ktms_msg_db/msg/tmsdb_stamped.hpp: No such file or directory
[1.984s]  #include [01;31m[K<tms_msg_db/msg/tmsdb_stamped.hpp>[m[K
[1.985s]           [01;31m[K^~~~~~~~~~~~~~~~~~~~~~~~~~~~~~~~~~[m[K
[1.985s] compilation terminated.
[1.990s] make[2]: *** [CMakeFiles/smartpal5_control.dir/src/smartpal5_control.cpp.o] Error 1
[1.990s] make[2]: *** Waiting for unfinished jobs....
[2.386s] make[1]: *** [CMakeFiles/smartpal5_control.dir/all] Error 2
[2.386s] make: *** [all] Error 2
