[0.024s] -- Found ament_cmake: 0.7.4 (/opt/ros/dashing/share/ament_cmake/cmake)
[0.052s] -- Found PythonInterp: /usr/bin/python3 (found suitable version "3.6.9", minimum required is "3") 
[0.052s] -- Using PYTHON_EXECUTABLE: /usr/bin/python3
[0.214s] -- Found rclcpp: 0.7.12 (/opt/ros/dashing/share/rclcpp/cmake)
[0.224s] -- Found rosidl_adapter: 0.7.8 (/opt/ros/dashing/share/rosidl_adapter/cmake)
[0.245s] -- Found rmw_implementation_cmake: 0.7.2 (/opt/ros/dashing/share/rmw_implementation_cmake/cmake)
[0.247s] -- Using RMW implementation 'rmw_fastrtps_cpp' as default
[0.274s] -- Using CATKIN_DEVEL_PREFIX: /home/common/colcon_ws/build/tms_rc_smartpal_control/devel
[0.275s] -- Using CMAKE_PREFIX_PATH: /opt/ros/melodic;/home/common/colcon_ws/install/tms_rc_tfnode;/home/common/colcon_ws/install/tms_msg_ur;/home/common/colcon_ws/install/tms_msg_ts;/home/common/colcon_ws/install/turtlebot3_bringup;/home/common/colcon_ws/install/turtlebot3_node;/home/common/colcon_ws/install/turtlebot3_navigation2;/home/common/colcon_ws/install/turtlebot3_fake_node;/home/common/colcon_ws/install/turtlebot3_msgs;/home/common/colcon_ws/install/turtlebot3_gazebo;/home/common/colcon_ws/install/turtlebot3_description;/home/common/colcon_ws/install/turtlebot3_cartographer;/home/common/colcon_ws/install/tms_rc_bot;/home/common/colcon_ws/install/tms_nw_rp;/home/common/colcon_ws/install/tms_msg_ss;/home/common/colcon_ws/install/tms_msg_rc;/home/common/colcon_ws/install/tms_msg_db;/home/common/colcon_ws/install/object_recognition_msgs;/home/common/colcon_ws/install/hls_lfcd_lds_driver;/home/common/colcon_ws/install/examples_rclcpp_minimal_timer;/home/common/colcon_ws/install/examples_rclcpp_minimal_subscriber;/home/common/colcon_ws/install/examples_rclcpp_minimal_service;/home/common/colcon_ws/install/examples_rclcpp_minimal_publisher;/home/common/colcon_ws/install/examples_rclcpp_minimal_composition;/home/common/colcon_ws/install/examples_rclcpp_minimal_client;/home/common/colcon_ws/install/examples_rclcpp_minimal_action_server;/home/common/colcon_ws/install/examples_rclcpp_minimal_action_client;/home/common/colcon_ws/install/dynamixel_sdk
[0.275s] -- This workspace overlays: /opt/ros/melodic
[0.302s] -- Using PYTHON_EXECUTABLE: /usr/bin/python3
[0.303s] -- Using Debian Python package layout
[0.303s] -- Using empy: /usr/bin/empy
[0.409s] -- Using CATKIN_ENABLE_TESTING: ON
[0.409s] -- Call enable_testing()
[0.410s] -- Using CATKIN_TEST_RESULTS_DIR: /home/common/colcon_ws/build/tms_rc_smartpal_control/test_results
[0.427s] -- Found gtest sources under '/usr/src/googletest': gtests will be built
[0.427s] -- Found gmock sources under '/usr/src/googletest': gmock will be built
[0.455s] -- Found PythonInterp: /usr/bin/python3 (found version "3.6.9") 
[0.459s] -- Using Python nosetests: /usr/bin/nosetests
[0.508s] -- catkin 0.7.19
[0.508s] -- BUILD_SHARED_LIBS is on
[0.659s] -- Using these message generators: gencpp;geneus;genlisp;gennodejs;genpy
[0.780s] -- Configuring done
[0.812s] -- Generating done
[0.818s] -- Build files have been written to: /home/common/colcon_ws/build/tms_rc_smartpal_control
[0.863s] [35m[1mScanning dependencies of target smartpal5_control[0m
[0.904s] [ 28%] [32mBuilding CXX object CMakeFiles/smartpal5_control.dir/src/smartpal5_control.cpp.o[0m
[0.904s] [ 35%] [32mBuilding CXX object CMakeFiles/smartpal5_control.dir/src/sp5_cmd_lumbar.cpp.o[0m
[0.904s] [ 28%] [32mBuilding CXX object CMakeFiles/smartpal5_control.dir/src/sp5_client.cpp.o[0m
[0.904s] [ 42%] [32mBuilding CXX object CMakeFiles/smartpal5_control.dir/src/sp5_cmd_gripper.cpp.o[0m
[0.904s] [ 28%] [32mBuilding CXX object CMakeFiles/smartpal5_control.dir/src/sp5_cmd_arm.cpp.o[0m
[0.905s] [ 28%] [32mBuilding CXX object CMakeFiles/smartpal5_control.dir/src/sp5_cmd_mobility.cpp.o[0m
[0.905s] [ 57%] [32mBuilding CXX object CMakeFiles/smartpal5_control.dir/src/idl/sp5/CommonSK.cc.o[0m
[0.905s] [ 57%] [32mBuilding CXX object CMakeFiles/smartpal5_control.dir/src/idl/sp5/MobilitySK.cc.o[0m
[1.450s] [ 64%] [32mBuilding CXX object CMakeFiles/smartpal5_control.dir/src/idl/sp5/ArmUnitSK.cc.o[0m
[1.642s] [ 71%] [32mBuilding CXX object CMakeFiles/smartpal5_control.dir/src/idl/sp5/GripperUnitSK.cc.o[0m
[1.715s] [ 78%] [32mBuilding CXX object CMakeFiles/smartpal5_control.dir/src/idl/sp5/GripperExtAxesSK.cc.o[0m
[1.787s] [ 85%] [32mBuilding CXX object CMakeFiles/smartpal5_control.dir/src/idl/sp5/LumbarUnitSK.cc.o[0m
[1.804s] [ 92%] [32mBuilding CXX object CMakeFiles/smartpal5_control.dir/src/idl/sp5/LumbarExtAxesSK.cc.o[0m
[1.989s] CMakeFiles/smartpal5_control.dir/build.make:62: recipe for target 'CMakeFiles/smartpal5_control.dir/src/smartpal5_control.cpp.o' failed
[2.385s] CMakeFiles/Makefile2:67: recipe for target 'CMakeFiles/smartpal5_control.dir/all' failed
[2.386s] Makefile:140: recipe for target 'all' failed
