[0.049s] Invoking command in '/home/common/colcon_ws/build/octomap_msgs': CMAKE_PREFIX_PATH=/home/common/colcon_ws/install/octomap_msgs:/home/common/colcon_ws/install/turtlebot3_teleop:/home/common/colcon_ws/install/tms_ur_speaker:/home/common/colcon_ws/install/tms_ur_listener:/home/common/colcon_ws/install/tms_ts_ts:/home/common/colcon_ws/install/tms_ts_test:/home/common/colcon_ws/install/tms_ts_subtask:/home/common/colcon_ws/install/tms_ss_whs1:/home/common/colcon_ws/install/tms_rc_double:/home/common/colcon_ws/install/tms_db_manager:/opt/ros/dashing:/opt/ros/melodic:/home/common/colcon_ws/install/turtlebot3:/home/common/colcon_ws/install/turtlebot3_simulations:/home/common/colcon_ws/install/turtlebot3_bringup:/home/common/colcon_ws/install/turtlebot3_node:/home/common/colcon_ws/install/turtlebot3_navigation2:/home/common/colcon_ws/install/turtlebot3_fake_node:/home/common/colcon_ws/install/doublenode:/home/common/colcon_ws/install/turtlebot3_msgs:/home/common/colcon_ws/install/turtlebot3_gazebo:/home/common/colcon_ws/install/turtlebot3_description:/home/common/colcon_ws/install/turtlebot3_cartographer:/home/common/colcon_ws/install/tms_ss_vicon:/home/common/colcon_ws/install/tms_rc_tfnode:/home/common/colcon_ws/install/tms_rc_bot:/home/common/colcon_ws/install/tms_nw_rp:/home/common/colcon_ws/install/tms_msg_ur:/home/common/colcon_ws/install/tms_msg_ts:/home/common/colcon_ws/install/tms_msg_ss:/home/common/colcon_ws/install/tms_msg_rc:/home/common/colcon_ws/install/tms_msg_db:/home/common/colcon_ws/install/object_recognition_msgs:/home/common/colcon_ws/install/hls_lfcd_lds_driver:/home/common/colcon_ws/install/examples_rclcpp_minimal_timer:/home/common/colcon_ws/install/examples_rclcpp_minimal_subscriber:/home/common/colcon_ws/install/examples_rclcpp_minimal_service:/home/common/colcon_ws/install/examples_rclcpp_minimal_publisher:/home/common/colcon_ws/install/examples_rclcpp_minimal_composition:/home/common/colcon_ws/install/examples_rclcpp_minimal_client:/home/common/colcon_ws/install/examples_rclcpp_minimal_action_server:/home/common/colcon_ws/install/examples_rclcpp_minimal_action_client:/home/common/colcon_ws/install/dynamixel_sdk /usr/bin/cmake /home/common/colcon_ws/src/octomap_msgs -DAMENT_CMAKE_SYMLINK_INSTALL=1 -DCMAKE_INSTALL_PREFIX=/home/common/colcon_ws/install/octomap_msgs
[0.122s] -- The C compiler identification is GNU 7.4.0
[0.194s] -- The CXX compiler identification is GNU 7.4.0
[0.198s] -- Check for working C compiler: /usr/bin/cc
[0.290s] -- Check for working C compiler: /usr/bin/cc -- works
[0.291s] -- Detecting C compiler ABI info
[0.383s] -- Detecting C compiler ABI info - done
[0.390s] -- Detecting C compile features
[0.668s] -- Detecting C compile features - done
[0.670s] -- Check for working CXX compiler: /usr/bin/c++
[0.782s] -- Check for working CXX compiler: /usr/bin/c++ -- works
[0.783s] -- Detecting CXX compiler ABI info
[0.912s] -- Detecting CXX compiler ABI info - done
[0.921s] -- Detecting CXX compile features
[1.524s] -- Detecting CXX compile features - done
[1.528s] -- Found ament_cmake: 0.7.4 (/opt/ros/dashing/share/ament_cmake/cmake)
[1.618s] -- Found PythonInterp: /usr/bin/python3 (found suitable version "3.6.9", minimum required is "3") 
[1.619s] -- Using PYTHON_EXECUTABLE: /usr/bin/python3
[2.053s] -- Override CMake install command with custom implementation using symlinks instead of copying resources
[2.081s] -- Found rosidl_default_generators: 0.7.0 (/opt/ros/dashing/share/rosidl_default_generators/cmake)
[2.258s] -- Found OpenSSL: /usr/lib/x86_64-linux-gnu/libcrypto.so (found version "1.1.1") 
[2.300s] -- Found FastRTPS: /opt/ros/dashing/include  
[2.329s] -- Found rosidl_adapter: 0.7.8 (/opt/ros/dashing/share/rosidl_adapter/cmake)
[2.460s] -- Found std_msgs: 0.7.0 (/opt/ros/dashing/share/std_msgs/cmake)
[2.490s] -- Found geometry_msgs: 0.7.0 (/opt/ros/dashing/share/geometry_msgs/cmake)
[2.581s] -- Found PythonInterp: /usr/bin/python3 (found version "3.6.9") 
[3.057s] -- Using single matching rosidl_typesupport_c: rosidl_typesupport_fastrtps_c
[3.153s] -- Using single matching rosidl_typesupport_cpp: rosidl_typesupport_fastrtps_cpp
[3.834s] -- Found rmw_implementation_cmake: 0.7.2 (/opt/ros/dashing/share/rmw_implementation_cmake/cmake)
[3.910s] -- Found PythonInterp: /usr/bin/python3 (found suitable version "3.6.9", minimum required is "3.5") 
[3.914s] -- Found python_cmake_module: 0.7.10 (/opt/ros/dashing/share/python_cmake_module/cmake)
[4.003s] -- Found PythonLibs: /usr/lib/x86_64-linux-gnu/libpython3.6m.so (found suitable version "3.6.9", minimum required is "3.5") 
[4.003s] -- Using PYTHON_EXECUTABLE: /usr/bin/python3
[4.003s] -- Using PYTHON_INCLUDE_DIRS: /usr/include/python3.6m
[4.003s] -- Using PYTHON_LIBRARIES: /usr/lib/x86_64-linux-gnu/libpython3.6m.so
[4.088s] -- Found PythonExtra: .so  
[4.471s] -- Configuring done
[4.732s] -- Generating done
[4.735s] -- Build files have been written to: /home/common/colcon_ws/build/octomap_msgs
[4.746s] Invoked command in '/home/common/colcon_ws/build/octomap_msgs' returned '0': CMAKE_PREFIX_PATH=/home/common/colcon_ws/install/octomap_msgs:/home/common/colcon_ws/install/turtlebot3_teleop:/home/common/colcon_ws/install/tms_ur_speaker:/home/common/colcon_ws/install/tms_ur_listener:/home/common/colcon_ws/install/tms_ts_ts:/home/common/colcon_ws/install/tms_ts_test:/home/common/colcon_ws/install/tms_ts_subtask:/home/common/colcon_ws/install/tms_ss_whs1:/home/common/colcon_ws/install/tms_rc_double:/home/common/colcon_ws/install/tms_db_manager:/opt/ros/dashing:/opt/ros/melodic:/home/common/colcon_ws/install/turtlebot3:/home/common/colcon_ws/install/turtlebot3_simulations:/home/common/colcon_ws/install/turtlebot3_bringup:/home/common/colcon_ws/install/turtlebot3_node:/home/common/colcon_ws/install/turtlebot3_navigation2:/home/common/colcon_ws/install/turtlebot3_fake_node:/home/common/colcon_ws/install/doublenode:/home/common/colcon_ws/install/turtlebot3_msgs:/home/common/colcon_ws/install/turtlebot3_gazebo:/home/common/colcon_ws/install/turtlebot3_description:/home/common/colcon_ws/install/turtlebot3_cartographer:/home/common/colcon_ws/install/tms_ss_vicon:/home/common/colcon_ws/install/tms_rc_tfnode:/home/common/colcon_ws/install/tms_rc_bot:/home/common/colcon_ws/install/tms_nw_rp:/home/common/colcon_ws/install/tms_msg_ur:/home/common/colcon_ws/install/tms_msg_ts:/home/common/colcon_ws/install/tms_msg_ss:/home/common/colcon_ws/install/tms_msg_rc:/home/common/colcon_ws/install/tms_msg_db:/home/common/colcon_ws/install/object_recognition_msgs:/home/common/colcon_ws/install/hls_lfcd_lds_driver:/home/common/colcon_ws/install/examples_rclcpp_minimal_timer:/home/common/colcon_ws/install/examples_rclcpp_minimal_subscriber:/home/common/colcon_ws/install/examples_rclcpp_minimal_service:/home/common/colcon_ws/install/examples_rclcpp_minimal_publisher:/home/common/colcon_ws/install/examples_rclcpp_minimal_composition:/home/common/colcon_ws/install/examples_rclcpp_minimal_client:/home/common/colcon_ws/install/examples_rclcpp_minimal_action_server:/home/common/colcon_ws/install/examples_rclcpp_minimal_action_client:/home/common/colcon_ws/install/dynamixel_sdk /usr/bin/cmake /home/common/colcon_ws/src/octomap_msgs -DAMENT_CMAKE_SYMLINK_INSTALL=1 -DCMAKE_INSTALL_PREFIX=/home/common/colcon_ws/install/octomap_msgs
[4.747s] Invoking command in '/home/common/colcon_ws/build/octomap_msgs': CMAKE_PREFIX_PATH=/home/common/colcon_ws/install/octomap_msgs:/home/common/colcon_ws/install/turtlebot3_teleop:/home/common/colcon_ws/install/tms_ur_speaker:/home/common/colcon_ws/install/tms_ur_listener:/home/common/colcon_ws/install/tms_ts_ts:/home/common/colcon_ws/install/tms_ts_test:/home/common/colcon_ws/install/tms_ts_subtask:/home/common/colcon_ws/install/tms_ss_whs1:/home/common/colcon_ws/install/tms_rc_double:/home/common/colcon_ws/install/tms_db_manager:/opt/ros/dashing:/opt/ros/melodic:/home/common/colcon_ws/install/turtlebot3:/home/common/colcon_ws/install/turtlebot3_simulations:/home/common/colcon_ws/install/turtlebot3_bringup:/home/common/colcon_ws/install/turtlebot3_node:/home/common/colcon_ws/install/turtlebot3_navigation2:/home/common/colcon_ws/install/turtlebot3_fake_node:/home/common/colcon_ws/install/doublenode:/home/common/colcon_ws/install/turtlebot3_msgs:/home/common/colcon_ws/install/turtlebot3_gazebo:/home/common/colcon_ws/install/turtlebot3_description:/home/common/colcon_ws/install/turtlebot3_cartographer:/home/common/colcon_ws/install/tms_ss_vicon:/home/common/colcon_ws/install/tms_rc_tfnode:/home/common/colcon_ws/install/tms_rc_bot:/home/common/colcon_ws/install/tms_nw_rp:/home/common/colcon_ws/install/tms_msg_ur:/home/common/colcon_ws/install/tms_msg_ts:/home/common/colcon_ws/install/tms_msg_ss:/home/common/colcon_ws/install/tms_msg_rc:/home/common/colcon_ws/install/tms_msg_db:/home/common/colcon_ws/install/object_recognition_msgs:/home/common/colcon_ws/install/hls_lfcd_lds_driver:/home/common/colcon_ws/install/examples_rclcpp_minimal_timer:/home/common/colcon_ws/install/examples_rclcpp_minimal_subscriber:/home/common/colcon_ws/install/examples_rclcpp_minimal_service:/home/common/colcon_ws/install/examples_rclcpp_minimal_publisher:/home/common/colcon_ws/install/examples_rclcpp_minimal_composition:/home/common/colcon_ws/install/examples_rclcpp_minimal_client:/home/common/colcon_ws/install/examples_rclcpp_minimal_action_server:/home/common/colcon_ws/install/examples_rclcpp_minimal_action_client:/home/common/colcon_ws/install/dynamixel_sdk /usr/bin/cmake --build /home/common/colcon_ws/build/octomap_msgs -- -j8 -l8
[4.909s] [35m[1mScanning dependencies of target octomap_msgs__cpp[0m
[4.910s] [35m[1mScanning dependencies of target octomap_msgs__rosidl_generator_c[0m
[4.933s] [  1%] Built target octomap_msgs__cpp
[4.951s] [ 13%] Built target octomap_msgs__rosidl_generator_c
[4.959s] [35m[1mScanning dependencies of target octomap_msgs__rosidl_typesupport_fastrtps_cpp[0m
[4.970s] [35m[1mScanning dependencies of target octomap_msgs__rosidl_typesupport_introspection_cpp[0m
[4.989s] [35m[1mScanning dependencies of target octomap_msgs__rosidl_typesupport_introspection_c[0m
[4.999s] [ 24%] Built target octomap_msgs__rosidl_typesupport_fastrtps_cpp
[5.012s] [ 35%] Built target octomap_msgs__rosidl_typesupport_introspection_cpp
[5.026s] [ 47%] Built target octomap_msgs__rosidl_typesupport_introspection_c
[5.044s] [35m[1mScanning dependencies of target octomap_msgs__rosidl_typesupport_cpp[0m
[5.044s] [35m[1mScanning dependencies of target octomap_msgs__rosidl_typesupport_fastrtps_c[0m
[5.081s] [ 58%] Built target octomap_msgs__rosidl_typesupport_cpp
[5.086s] [ 69%] Built target octomap_msgs__rosidl_typesupport_fastrtps_c
[5.112s] [35m[1mScanning dependencies of target octomap_msgs__rosidl_typesupport_c[0m
[5.148s] [ 81%] Built target octomap_msgs__rosidl_typesupport_c
[5.167s] [35m[1mScanning dependencies of target octomap_msgs[0m
[5.189s] [ 81%] Built target octomap_msgs
[5.230s] [ 83%] Built target octomap_msgs__py
[5.258s] [35m[1mScanning dependencies of target octomap_msgs__python[0m
[5.309s] [ 92%] Built target octomap_msgs__python
[5.337s] [35m[1mScanning dependencies of target octomap_msgs__rosidl_typesupport_c__pyext[0m
[5.341s] [35m[1mScanning dependencies of target octomap_msgs__rosidl_typesupport_fastrtps_c__pyext[0m
[5.384s] [ 96%] Built target octomap_msgs__rosidl_typesupport_fastrtps_c__pyext
[5.396s] [100%] Built target octomap_msgs__rosidl_typesupport_c__pyext
[5.865s] Invoked command in '/home/common/colcon_ws/build/octomap_msgs' returned '0': CMAKE_PREFIX_PATH=/home/common/colcon_ws/install/octomap_msgs:/home/common/colcon_ws/install/turtlebot3_teleop:/home/common/colcon_ws/install/tms_ur_speaker:/home/common/colcon_ws/install/tms_ur_listener:/home/common/colcon_ws/install/tms_ts_ts:/home/common/colcon_ws/install/tms_ts_test:/home/common/colcon_ws/install/tms_ts_subtask:/home/common/colcon_ws/install/tms_ss_whs1:/home/common/colcon_ws/install/tms_rc_double:/home/common/colcon_ws/install/tms_db_manager:/opt/ros/dashing:/opt/ros/melodic:/home/common/colcon_ws/install/turtlebot3:/home/common/colcon_ws/install/turtlebot3_simulations:/home/common/colcon_ws/install/turtlebot3_bringup:/home/common/colcon_ws/install/turtlebot3_node:/home/common/colcon_ws/install/turtlebot3_navigation2:/home/common/colcon_ws/install/turtlebot3_fake_node:/home/common/colcon_ws/install/doublenode:/home/common/colcon_ws/install/turtlebot3_msgs:/home/common/colcon_ws/install/turtlebot3_gazebo:/home/common/colcon_ws/install/turtlebot3_description:/home/common/colcon_ws/install/turtlebot3_cartographer:/home/common/colcon_ws/install/tms_ss_vicon:/home/common/colcon_ws/install/tms_rc_tfnode:/home/common/colcon_ws/install/tms_rc_bot:/home/common/colcon_ws/install/tms_nw_rp:/home/common/colcon_ws/install/tms_msg_ur:/home/common/colcon_ws/install/tms_msg_ts:/home/common/colcon_ws/install/tms_msg_ss:/home/common/colcon_ws/install/tms_msg_rc:/home/common/colcon_ws/install/tms_msg_db:/home/common/colcon_ws/install/object_recognition_msgs:/home/common/colcon_ws/install/hls_lfcd_lds_driver:/home/common/colcon_ws/install/examples_rclcpp_minimal_timer:/home/common/colcon_ws/install/examples_rclcpp_minimal_subscriber:/home/common/colcon_ws/install/examples_rclcpp_minimal_service:/home/common/colcon_ws/install/examples_rclcpp_minimal_publisher:/home/common/colcon_ws/install/examples_rclcpp_minimal_composition:/home/common/colcon_ws/install/examples_rclcpp_minimal_client:/home/common/colcon_ws/install/examples_rclcpp_minimal_action_server:/home/common/colcon_ws/install/examples_rclcpp_minimal_action_client:/home/common/colcon_ws/install/dynamixel_sdk /usr/bin/cmake --build /home/common/colcon_ws/build/octomap_msgs -- -j8 -l8
[6.369s] Invoking command in '/home/common/colcon_ws/build/octomap_msgs': CMAKE_PREFIX_PATH=/home/common/colcon_ws/install/octomap_msgs:/home/common/colcon_ws/install/turtlebot3_teleop:/home/common/colcon_ws/install/tms_ur_speaker:/home/common/colcon_ws/install/tms_ur_listener:/home/common/colcon_ws/install/tms_ts_ts:/home/common/colcon_ws/install/tms_ts_test:/home/common/colcon_ws/install/tms_ts_subtask:/home/common/colcon_ws/install/tms_ss_whs1:/home/common/colcon_ws/install/tms_rc_double:/home/common/colcon_ws/install/tms_db_manager:/opt/ros/dashing:/opt/ros/melodic:/home/common/colcon_ws/install/turtlebot3:/home/common/colcon_ws/install/turtlebot3_simulations:/home/common/colcon_ws/install/turtlebot3_bringup:/home/common/colcon_ws/install/turtlebot3_node:/home/common/colcon_ws/install/turtlebot3_navigation2:/home/common/colcon_ws/install/turtlebot3_fake_node:/home/common/colcon_ws/install/doublenode:/home/common/colcon_ws/install/turtlebot3_msgs:/home/common/colcon_ws/install/turtlebot3_gazebo:/home/common/colcon_ws/install/turtlebot3_description:/home/common/colcon_ws/install/turtlebot3_cartographer:/home/common/colcon_ws/install/tms_ss_vicon:/home/common/colcon_ws/install/tms_rc_tfnode:/home/common/colcon_ws/install/tms_rc_bot:/home/common/colcon_ws/install/tms_nw_rp:/home/common/colcon_ws/install/tms_msg_ur:/home/common/colcon_ws/install/tms_msg_ts:/home/common/colcon_ws/install/tms_msg_ss:/home/common/colcon_ws/install/tms_msg_rc:/home/common/colcon_ws/install/tms_msg_db:/home/common/colcon_ws/install/object_recognition_msgs:/home/common/colcon_ws/install/hls_lfcd_lds_driver:/home/common/colcon_ws/install/examples_rclcpp_minimal_timer:/home/common/colcon_ws/install/examples_rclcpp_minimal_subscriber:/home/common/colcon_ws/install/examples_rclcpp_minimal_service:/home/common/colcon_ws/install/examples_rclcpp_minimal_publisher:/home/common/colcon_ws/install/examples_rclcpp_minimal_composition:/home/common/colcon_ws/install/examples_rclcpp_minimal_client:/home/common/colcon_ws/install/examples_rclcpp_minimal_action_server:/home/common/colcon_ws/install/examples_rclcpp_minimal_action_client:/home/common/colcon_ws/install/dynamixel_sdk /usr/bin/cmake --build /home/common/colcon_ws/build/octomap_msgs --target install -- -j8 -l8
[6.476s] [  1%] Built target octomap_msgs__cpp
[6.491s] [ 13%] Built target octomap_msgs__rosidl_generator_c
[6.545s] [ 24%] Built target octomap_msgs__rosidl_typesupport_introspection_cpp
[6.560s] [ 35%] Built target octomap_msgs__rosidl_typesupport_fastrtps_cpp
[6.570s] [ 47%] Built target octomap_msgs__rosidl_typesupport_introspection_c
[6.622s] [ 58%] Built target octomap_msgs__rosidl_typesupport_cpp
[6.630s] [ 69%] Built target octomap_msgs__rosidl_typesupport_fastrtps_c
[6.683s] [ 81%] Built target octomap_msgs__rosidl_typesupport_c
[6.718s] [ 81%] Built target octomap_msgs
[6.767s] [ 83%] Built target octomap_msgs__py
[6.839s] [ 92%] Built target octomap_msgs__python
[6.894s] [ 96%] Built target octomap_msgs__rosidl_typesupport_c__pyext
[6.903s] [100%] Built target octomap_msgs__rosidl_typesupport_fastrtps_c__pyext
[6.940s] [36mInstall the project...[0m
[6.955s] -- Install configuration: ""
[6.956s] -- Execute custom install script
[6.957s] -- Up-to-date symlink: /home/common/colcon_ws/install/octomap_msgs/share/ament_index/resource_index/rosidl_interfaces/octomap_msgs
[6.958s] -- Up-to-date symlink: /home/common/colcon_ws/install/octomap_msgs/lib/liboctomap_msgs__rosidl_typesupport_c.so
[6.958s] -- Up-to-date symlink: /home/common/colcon_ws/install/octomap_msgs/share/octomap_msgs/environment/library_path.sh
[6.959s] -- Up-to-date symlink: /home/common/colcon_ws/install/octomap_msgs/lib/liboctomap_msgs__rosidl_typesupport_cpp.so
[6.960s] -- Up-to-date symlink: /home/common/colcon_ws/install/octomap_msgs/include/octomap_msgs/msg/octomap__rosidl_typesupport_fastrtps_c.h
[6.960s] -- Up-to-date symlink: /home/common/colcon_ws/install/octomap_msgs/include/octomap_msgs/msg/octomap_with_pose__rosidl_typesupport_fastrtps_c.h
[6.960s] -- Up-to-date symlink: /home/common/colcon_ws/install/octomap_msgs/include/octomap_msgs/msg/rosidl_typesupport_fastrtps_c__visibility_control.h
[6.961s] -- Up-to-date symlink: /home/common/colcon_ws/install/octomap_msgs/include/octomap_msgs/srv/bounding_box_query__rosidl_typesupport_fastrtps_c.h
[6.961s] -- Up-to-date symlink: /home/common/colcon_ws/install/octomap_msgs/include/octomap_msgs/srv/get_octomap__rosidl_typesupport_fastrtps_c.h
[6.962s] -- Up-to-date symlink: /home/common/colcon_ws/install/octomap_msgs/lib/liboctomap_msgs__rosidl_typesupport_fastrtps_c.so
[6.963s] -- Up-to-date symlink: /home/common/colcon_ws/install/octomap_msgs/include/octomap_msgs/msg/octomap.h
[6.963s] -- Up-to-date symlink: /home/common/colcon_ws/install/octomap_msgs/include/octomap_msgs/msg/octomap__functions.h
[6.964s] -- Up-to-date symlink: /home/common/colcon_ws/install/octomap_msgs/include/octomap_msgs/msg/octomap__struct.h
[6.964s] -- Up-to-date symlink: /home/common/colcon_ws/install/octomap_msgs/include/octomap_msgs/msg/octomap__type_support.h
[6.964s] -- Up-to-date symlink: /home/common/colcon_ws/install/octomap_msgs/include/octomap_msgs/msg/octomap_with_pose.h
[6.964s] -- Up-to-date symlink: /home/common/colcon_ws/install/octomap_msgs/include/octomap_msgs/msg/octomap_with_pose__functions.h
[6.965s] -- Up-to-date symlink: /home/common/colcon_ws/install/octomap_msgs/include/octomap_msgs/msg/octomap_with_pose__struct.h
[6.965s] -- Up-to-date symlink: /home/common/colcon_ws/install/octomap_msgs/include/octomap_msgs/msg/octomap_with_pose__type_support.h
[6.965s] -- Up-to-date symlink: /home/common/colcon_ws/install/octomap_msgs/include/octomap_msgs/msg/rosidl_generator_c__visibility_control.h
[6.966s] -- Up-to-date symlink: /home/common/colcon_ws/install/octomap_msgs/include/octomap_msgs/srv/bounding_box_query.h
[6.966s] -- Up-to-date symlink: /home/common/colcon_ws/install/octomap_msgs/include/octomap_msgs/srv/bounding_box_query__functions.h
[6.967s] -- Up-to-date symlink: /home/common/colcon_ws/install/octomap_msgs/include/octomap_msgs/srv/bounding_box_query__struct.h
[6.967s] -- Up-to-date symlink: /home/common/colcon_ws/install/octomap_msgs/include/octomap_msgs/srv/bounding_box_query__type_support.h
[6.967s] -- Up-to-date symlink: /home/common/colcon_ws/install/octomap_msgs/include/octomap_msgs/srv/get_octomap.h
[6.967s] -- Up-to-date symlink: /home/common/colcon_ws/install/octomap_msgs/include/octomap_msgs/srv/get_octomap__functions.h
[6.968s] -- Up-to-date symlink: /home/common/colcon_ws/install/octomap_msgs/include/octomap_msgs/srv/get_octomap__struct.h
[6.968s] -- Up-to-date symlink: /home/common/colcon_ws/install/octomap_msgs/include/octomap_msgs/srv/get_octomap__type_support.h
[6.968s] -- Up-to-date symlink: /home/common/colcon_ws/install/octomap_msgs/lib/liboctomap_msgs__rosidl_generator_c.so
[6.970s] -- Up-to-date symlink: /home/common/colcon_ws/install/octomap_msgs/include/octomap_msgs/msg/octomap__rosidl_typesupport_fastrtps_cpp.hpp
[6.970s] -- Up-to-date symlink: /home/common/colcon_ws/install/octomap_msgs/include/octomap_msgs/msg/octomap_with_pose__rosidl_typesupport_fastrtps_cpp.hpp
[6.970s] -- Up-to-date symlink: /home/common/colcon_ws/install/octomap_msgs/include/octomap_msgs/msg/rosidl_typesupport_fastrtps_cpp__visibility_control.h
[6.971s] -- Up-to-date symlink: /home/common/colcon_ws/install/octomap_msgs/include/octomap_msgs/srv/bounding_box_query__rosidl_typesupport_fastrtps_cpp.hpp
[6.971s] -- Up-to-date symlink: /home/common/colcon_ws/install/octomap_msgs/include/octomap_msgs/srv/get_octomap__rosidl_typesupport_fastrtps_cpp.hpp
[6.971s] -- Up-to-date symlink: /home/common/colcon_ws/install/octomap_msgs/lib/liboctomap_msgs__rosidl_typesupport_fastrtps_cpp.so
[6.972s] -- Up-to-date symlink: /home/common/colcon_ws/install/octomap_msgs/include/octomap_msgs/msg/octomap.hpp
[6.973s] -- Up-to-date symlink: /home/common/colcon_ws/install/octomap_msgs/include/octomap_msgs/msg/octomap__struct.hpp
[6.973s] -- Up-to-date symlink: /home/common/colcon_ws/install/octomap_msgs/include/octomap_msgs/msg/octomap__traits.hpp
[6.973s] -- Up-to-date symlink: /home/common/colcon_ws/install/octomap_msgs/include/octomap_msgs/msg/octomap_with_pose.hpp
[6.973s] -- Up-to-date symlink: /home/common/colcon_ws/install/octomap_msgs/include/octomap_msgs/msg/octomap_with_pose__struct.hpp
[6.974s] -- Up-to-date symlink: /home/common/colcon_ws/install/octomap_msgs/include/octomap_msgs/msg/octomap_with_pose__traits.hpp
[6.974s] -- Up-to-date symlink: /home/common/colcon_ws/install/octomap_msgs/include/octomap_msgs/srv/bounding_box_query.hpp
[6.974s] -- Up-to-date symlink: /home/common/colcon_ws/install/octomap_msgs/include/octomap_msgs/srv/bounding_box_query__struct.hpp
[6.975s] -- Up-to-date symlink: /home/common/colcon_ws/install/octomap_msgs/include/octomap_msgs/srv/bounding_box_query__traits.hpp
[6.975s] -- Up-to-date symlink: /home/common/colcon_ws/install/octomap_msgs/include/octomap_msgs/srv/get_octomap.hpp
[6.975s] -- Up-to-date symlink: /home/common/colcon_ws/install/octomap_msgs/include/octomap_msgs/srv/get_octomap__struct.hpp
[6.975s] -- Up-to-date symlink: /home/common/colcon_ws/install/octomap_msgs/include/octomap_msgs/srv/get_octomap__traits.hpp
[6.976s] -- Up-to-date symlink: /home/common/colcon_ws/install/octomap_msgs/include/octomap_msgs/msg/octomap__rosidl_typesupport_introspection_c.h
[6.976s] -- Up-to-date symlink: /home/common/colcon_ws/install/octomap_msgs/include/octomap_msgs/msg/octomap_with_pose__rosidl_typesupport_introspection_c.h
[6.977s] -- Up-to-date symlink: /home/common/colcon_ws/install/octomap_msgs/include/octomap_msgs/msg/rosidl_typesupport_introspection_c__visibility_control.h
[6.977s] -- Up-to-date symlink: /home/common/colcon_ws/install/octomap_msgs/include/octomap_msgs/srv/bounding_box_query__rosidl_typesupport_introspection_c.h
[6.978s] -- Up-to-date symlink: /home/common/colcon_ws/install/octomap_msgs/include/octomap_msgs/srv/get_octomap__rosidl_typesupport_introspection_c.h
[6.978s] -- Up-to-date symlink: /home/common/colcon_ws/install/octomap_msgs/lib/liboctomap_msgs__rosidl_typesupport_introspection_c.so
[6.979s] -- Up-to-date symlink: /home/common/colcon_ws/install/octomap_msgs/include/octomap_msgs/msg/octomap__rosidl_typesupport_introspection_cpp.hpp
[6.979s] -- Up-to-date symlink: /home/common/colcon_ws/install/octomap_msgs/include/octomap_msgs/msg/octomap_with_pose__rosidl_typesupport_introspection_cpp.hpp
[6.980s] -- Up-to-date symlink: /home/common/colcon_ws/install/octomap_msgs/include/octomap_msgs/srv/bounding_box_query__rosidl_typesupport_introspection_cpp.hpp
[6.980s] -- Up-to-date symlink: /home/common/colcon_ws/install/octomap_msgs/include/octomap_msgs/srv/get_octomap__rosidl_typesupport_introspection_cpp.hpp
[6.980s] -- Up-to-date symlink: /home/common/colcon_ws/install/octomap_msgs/lib/liboctomap_msgs__rosidl_typesupport_introspection_cpp.so
[6.981s] -- Up-to-date symlink: /home/common/colcon_ws/install/octomap_msgs/share/octomap_msgs/environment/pythonpath.sh
[6.982s] -- Up-to-date symlink: /home/common/colcon_ws/install/octomap_msgs/lib/python3.6/site-packages/octomap_msgs/__init__.py
[6.982s] -- Up-to-date symlink: /home/common/colcon_ws/install/octomap_msgs/lib/python3.6/site-packages/octomap_msgs/msg/__init__.py
[6.982s] -- Up-to-date symlink: /home/common/colcon_ws/install/octomap_msgs/lib/python3.6/site-packages/octomap_msgs/msg/_octomap.py
[6.983s] -- Up-to-date symlink: /home/common/colcon_ws/install/octomap_msgs/lib/python3.6/site-packages/octomap_msgs/msg/_octomap_with_pose.py
[6.984s] -- Up-to-date symlink: /home/common/colcon_ws/install/octomap_msgs/lib/python3.6/site-packages/octomap_msgs/srv/__init__.py
[6.984s] -- Up-to-date symlink: /home/common/colcon_ws/install/octomap_msgs/lib/python3.6/site-packages/octomap_msgs/srv/_bounding_box_query.py
[6.984s] -- Up-to-date symlink: /home/common/colcon_ws/install/octomap_msgs/lib/python3.6/site-packages/octomap_msgs/srv/_get_octomap.py
[6.985s] -- Up-to-date symlink: /home/common/colcon_ws/install/octomap_msgs/lib/python3.6/site-packages/octomap_msgs/octomap_msgs_s__rosidl_typesupport_c.cpython-36m-x86_64-linux-gnu.so
[6.985s] -- Up-to-date symlink: /home/common/colcon_ws/install/octomap_msgs/lib/python3.6/site-packages/octomap_msgs/octomap_msgs_s__rosidl_typesupport_fastrtps_c.cpython-36m-x86_64-linux-gnu.so
[6.986s] -- Up-to-date symlink: /home/common/colcon_ws/install/octomap_msgs/lib/liboctomap_msgs__python.so
[6.987s] -- Up-to-date symlink: /home/common/colcon_ws/install/octomap_msgs/share/octomap_msgs/msg/Octomap.idl
[6.987s] -- Up-to-date symlink: /home/common/colcon_ws/install/octomap_msgs/share/octomap_msgs/msg/OctomapWithPose.idl
[6.987s] -- Up-to-date symlink: /home/common/colcon_ws/install/octomap_msgs/share/octomap_msgs/srv/BoundingBoxQuery.idl
[6.988s] -- Up-to-date symlink: /home/common/colcon_ws/install/octomap_msgs/share/octomap_msgs/srv/GetOctomap.idl
[6.988s] -- Up-to-date symlink: /home/common/colcon_ws/install/octomap_msgs/share/octomap_msgs/msg/Octomap.msg
[6.988s] -- Up-to-date symlink: /home/common/colcon_ws/install/octomap_msgs/share/octomap_msgs/msg/OctomapWithPose.msg
[6.989s] -- Up-to-date symlink: /home/common/colcon_ws/install/octomap_msgs/share/octomap_msgs/srv/BoundingBoxQuery.srv
[6.989s] -- Up-to-date symlink: /home/common/colcon_ws/install/octomap_msgs/share/octomap_msgs/srv/BoundingBoxQuery_Request.msg
[6.990s] -- Up-to-date symlink: /home/common/colcon_ws/install/octomap_msgs/share/octomap_msgs/srv/BoundingBoxQuery_Response.msg
[6.990s] -- Up-to-date symlink: /home/common/colcon_ws/install/octomap_msgs/share/octomap_msgs/srv/GetOctomap.srv
[6.990s] -- Up-to-date symlink: /home/common/colcon_ws/install/octomap_msgs/share/octomap_msgs/srv/GetOctomap_Request.msg
[6.991s] -- Up-to-date symlink: /home/common/colcon_ws/install/octomap_msgs/share/octomap_msgs/srv/GetOctomap_Response.msg
[6.991s] -- Up-to-date symlink: /home/common/colcon_ws/install/octomap_msgs/share/ament_index/resource_index/package_run_dependencies/octomap_msgs
[6.992s] -- Up-to-date symlink: /home/common/colcon_ws/install/octomap_msgs/share/ament_index/resource_index/parent_prefix_path/octomap_msgs
[6.992s] -- Up-to-date symlink: /home/common/colcon_ws/install/octomap_msgs/share/octomap_msgs/environment/ament_prefix_path.sh
[6.992s] -- Up-to-date symlink: /home/common/colcon_ws/install/octomap_msgs/share/octomap_msgs/environment/path.sh
[6.993s] -- Up-to-date symlink: /home/common/colcon_ws/install/octomap_msgs/share/octomap_msgs/local_setup.bash
[6.993s] -- Up-to-date symlink: /home/common/colcon_ws/install/octomap_msgs/share/octomap_msgs/local_setup.sh
[6.994s] -- Up-to-date symlink: /home/common/colcon_ws/install/octomap_msgs/share/octomap_msgs/local_setup.zsh
[6.994s] -- Up-to-date symlink: /home/common/colcon_ws/install/octomap_msgs/share/ament_index/resource_index/packages/octomap_msgs
[6.994s] -- Up-to-date symlink: /home/common/colcon_ws/install/octomap_msgs/share/octomap_msgs/cmake/rosidl_cmake-extras.cmake
[6.995s] -- Up-to-date symlink: /home/common/colcon_ws/install/octomap_msgs/share/octomap_msgs/cmake/ament_cmake_export_dependencies-extras.cmake
[6.995s] -- Up-to-date symlink: /home/common/colcon_ws/install/octomap_msgs/share/octomap_msgs/cmake/ament_cmake_export_libraries-extras.cmake
[6.995s] -- Up-to-date symlink: /home/common/colcon_ws/install/octomap_msgs/share/octomap_msgs/cmake/ament_cmake_export_include_directories-extras.cmake
[6.996s] -- Up-to-date symlink: /home/common/colcon_ws/install/octomap_msgs/share/octomap_msgs/cmake/octomap_msgsConfig.cmake
[6.996s] -- Up-to-date symlink: /home/common/colcon_ws/install/octomap_msgs/share/octomap_msgs/cmake/octomap_msgsConfig-version.cmake
[6.996s] -- Up-to-date symlink: /home/common/colcon_ws/install/octomap_msgs/share/octomap_msgs/package.xml
[7.090s] Compiling '/home/common/colcon_ws/install/octomap_msgs/lib/python3.6/site-packages/octomap_msgs/__init__.py'...
[7.096s] -- Up-to-date: /home/common/colcon_ws/install/octomap_msgs/include
[7.096s] -- Up-to-date: /home/common/colcon_ws/install/octomap_msgs/include/octomap_msgs
[7.098s] -- Up-to-date: /home/common/colcon_ws/install/octomap_msgs/include/octomap_msgs/conversions.h
[7.107s] Invoked command in '/home/common/colcon_ws/build/octomap_msgs' returned '0': CMAKE_PREFIX_PATH=/home/common/colcon_ws/install/octomap_msgs:/home/common/colcon_ws/install/turtlebot3_teleop:/home/common/colcon_ws/install/tms_ur_speaker:/home/common/colcon_ws/install/tms_ur_listener:/home/common/colcon_ws/install/tms_ts_ts:/home/common/colcon_ws/install/tms_ts_test:/home/common/colcon_ws/install/tms_ts_subtask:/home/common/colcon_ws/install/tms_ss_whs1:/home/common/colcon_ws/install/tms_rc_double:/home/common/colcon_ws/install/tms_db_manager:/opt/ros/dashing:/opt/ros/melodic:/home/common/colcon_ws/install/turtlebot3:/home/common/colcon_ws/install/turtlebot3_simulations:/home/common/colcon_ws/install/turtlebot3_bringup:/home/common/colcon_ws/install/turtlebot3_node:/home/common/colcon_ws/install/turtlebot3_navigation2:/home/common/colcon_ws/install/turtlebot3_fake_node:/home/common/colcon_ws/install/doublenode:/home/common/colcon_ws/install/turtlebot3_msgs:/home/common/colcon_ws/install/turtlebot3_gazebo:/home/common/colcon_ws/install/turtlebot3_description:/home/common/colcon_ws/install/turtlebot3_cartographer:/home/common/colcon_ws/install/tms_ss_vicon:/home/common/colcon_ws/install/tms_rc_tfnode:/home/common/colcon_ws/install/tms_rc_bot:/home/common/colcon_ws/install/tms_nw_rp:/home/common/colcon_ws/install/tms_msg_ur:/home/common/colcon_ws/install/tms_msg_ts:/home/common/colcon_ws/install/tms_msg_ss:/home/common/colcon_ws/install/tms_msg_rc:/home/common/colcon_ws/install/tms_msg_db:/home/common/colcon_ws/install/object_recognition_msgs:/home/common/colcon_ws/install/hls_lfcd_lds_driver:/home/common/colcon_ws/install/examples_rclcpp_minimal_timer:/home/common/colcon_ws/install/examples_rclcpp_minimal_subscriber:/home/common/colcon_ws/install/examples_rclcpp_minimal_service:/home/common/colcon_ws/install/examples_rclcpp_minimal_publisher:/home/common/colcon_ws/install/examples_rclcpp_minimal_composition:/home/common/colcon_ws/install/examples_rclcpp_minimal_client:/home/common/colcon_ws/install/examples_rclcpp_minimal_action_server:/home/common/colcon_ws/install/examples_rclcpp_minimal_action_client:/home/common/colcon_ws/install/dynamixel_sdk /usr/bin/cmake --build /home/common/colcon_ws/build/octomap_msgs --target install -- -j8 -l8
