[0.146s] [  3%] Built target tms_msg_rc__cpp
[0.147s] [ 13%] Built target tms_msg_rc__rosidl_generator_c
[0.196s] [ 24%] Built target tms_msg_rc__rosidl_typesupport_introspection_c
[0.212s] [ 34%] Built target tms_msg_rc__rosidl_typesupport_introspection_cpp
[0.213s] [ 44%] Built target tms_msg_rc__rosidl_typesupport_fastrtps_cpp
[0.268s] [ 55%] Built target tms_msg_rc__rosidl_typesupport_fastrtps_c
[0.268s] [ 65%] Built target tms_msg_rc__rosidl_typesupport_cpp
[0.328s] [ 75%] Built target tms_msg_rc__rosidl_typesupport_c
[0.372s] [ 75%] Built target tms_msg_rc
[0.430s] [ 79%] Built target tms_msg_rc__py
[0.479s] [ 86%] Built target tms_msg_rc__python
[0.540s] [ 93%] Built target tms_msg_rc__rosidl_typesupport_c__pyext
[0.542s] [100%] Built target tms_msg_rc__rosidl_typesupport_fastrtps_c__pyext
[1.181s] [  3%] Built target tms_msg_rc__cpp
[1.184s] [ 13%] Built target tms_msg_rc__rosidl_generator_c
[1.258s] [ 24%] Built target tms_msg_rc__rosidl_typesupport_introspection_c
[1.261s] [ 34%] Built target tms_msg_rc__rosidl_typesupport_introspection_cpp
[1.278s] [ 44%] Built target tms_msg_rc__rosidl_typesupport_fastrtps_cpp
[1.365s] [ 55%] Built target tms_msg_rc__rosidl_typesupport_fastrtps_c
[1.375s] [ 65%] Built target tms_msg_rc__rosidl_typesupport_cpp
[1.419s] [ 75%] Built target tms_msg_rc__rosidl_typesupport_c
[1.455s] [ 75%] Built target tms_msg_rc
[1.494s] [ 79%] Built target tms_msg_rc__py
[1.540s] [ 86%] Built target tms_msg_rc__python
[1.596s] [ 93%] Built target tms_msg_rc__rosidl_typesupport_c__pyext
[1.613s] [100%] Built target tms_msg_rc__rosidl_typesupport_fastrtps_c__pyext
[1.646s] [36mInstall the project...[0m
[1.661s] -- Install configuration: ""
[1.662s] -- Execute custom install script
[1.663s] -- Up-to-date symlink: /home/common/colcon_ws/install/tms_msg_rc/share/ament_index/resource_index/rosidl_interfaces/tms_msg_rc
[1.663s] -- Up-to-date symlink: /home/common/colcon_ws/install/tms_msg_rc/lib/libtms_msg_rc__rosidl_typesupport_c.so
[1.664s] -- Up-to-date symlink: /home/common/colcon_ws/install/tms_msg_rc/share/tms_msg_rc/environment/library_path.sh
[1.664s] -- Up-to-date symlink: /home/common/colcon_ws/install/tms_msg_rc/lib/libtms_msg_rc__rosidl_typesupport_cpp.so
[1.665s] -- Up-to-date symlink: /home/common/colcon_ws/install/tms_msg_rc/include/tms_msg_rc/msg/rosidl_typesupport_fastrtps_c__visibility_control.h
[1.666s] -- Up-to-date symlink: /home/common/colcon_ws/install/tms_msg_rc/include/tms_msg_rc/srv/turtlebot_control__rosidl_typesupport_fastrtps_c.h
[1.666s] -- Up-to-date symlink: /home/common/colcon_ws/install/tms_msg_rc/lib/libtms_msg_rc__rosidl_typesupport_fastrtps_c.so
[1.667s] -- Up-to-date symlink: /home/common/colcon_ws/install/tms_msg_rc/include/tms_msg_rc/msg/rosidl_generator_c__visibility_control.h
[1.667s] -- Up-to-date symlink: /home/common/colcon_ws/install/tms_msg_rc/include/tms_msg_rc/srv/turtlebot_control.h
[1.668s] -- Up-to-date symlink: /home/common/colcon_ws/install/tms_msg_rc/include/tms_msg_rc/srv/turtlebot_control__functions.h
[1.668s] -- Up-to-date symlink: /home/common/colcon_ws/install/tms_msg_rc/include/tms_msg_rc/srv/turtlebot_control__struct.h
[1.668s] -- Up-to-date symlink: /home/common/colcon_ws/install/tms_msg_rc/include/tms_msg_rc/srv/turtlebot_control__type_support.h
[1.669s] -- Up-to-date symlink: /home/common/colcon_ws/install/tms_msg_rc/lib/libtms_msg_rc__rosidl_generator_c.so
[1.670s] -- Up-to-date symlink: /home/common/colcon_ws/install/tms_msg_rc/include/tms_msg_rc/msg/rosidl_typesupport_fastrtps_cpp__visibility_control.h
[1.670s] -- Up-to-date symlink: /home/common/colcon_ws/install/tms_msg_rc/include/tms_msg_rc/srv/turtlebot_control__rosidl_typesupport_fastrtps_cpp.hpp
[1.671s] -- Up-to-date symlink: /home/common/colcon_ws/install/tms_msg_rc/lib/libtms_msg_rc__rosidl_typesupport_fastrtps_cpp.so
[1.671s] -- Up-to-date symlink: /home/common/colcon_ws/install/tms_msg_rc/include/tms_msg_rc/srv/turtlebot_control.hpp
[1.672s] -- Up-to-date symlink: /home/common/colcon_ws/install/tms_msg_rc/include/tms_msg_rc/srv/turtlebot_control__struct.hpp
[1.672s] -- Up-to-date symlink: /home/common/colcon_ws/install/tms_msg_rc/include/tms_msg_rc/srv/turtlebot_control__traits.hpp
[1.673s] -- Up-to-date symlink: /home/common/colcon_ws/install/tms_msg_rc/include/tms_msg_rc/msg/rosidl_typesupport_introspection_c__visibility_control.h
[1.673s] -- Up-to-date symlink: /home/common/colcon_ws/install/tms_msg_rc/include/tms_msg_rc/srv/turtlebot_control__rosidl_typesupport_introspection_c.h
[1.674s] -- Up-to-date symlink: /home/common/colcon_ws/install/tms_msg_rc/lib/libtms_msg_rc__rosidl_typesupport_introspection_c.so
[1.674s] -- Up-to-date symlink: /home/common/colcon_ws/install/tms_msg_rc/include/tms_msg_rc/srv/turtlebot_control__rosidl_typesupport_introspection_cpp.hpp
[1.675s] -- Up-to-date symlink: /home/common/colcon_ws/install/tms_msg_rc/lib/libtms_msg_rc__rosidl_typesupport_introspection_cpp.so
[1.676s] -- Up-to-date symlink: /home/common/colcon_ws/install/tms_msg_rc/share/tms_msg_rc/environment/pythonpath.sh
[1.676s] -- Up-to-date symlink: /home/common/colcon_ws/install/tms_msg_rc/lib/python3.6/site-packages/tms_msg_rc/__init__.py
[1.677s] -- Up-to-date symlink: /home/common/colcon_ws/install/tms_msg_rc/lib/python3.6/site-packages/tms_msg_rc/srv/__init__.py
[1.677s] -- Up-to-date symlink: /home/common/colcon_ws/install/tms_msg_rc/lib/python3.6/site-packages/tms_msg_rc/srv/_turtlebot_control.py
[1.678s] -- Up-to-date symlink: /home/common/colcon_ws/install/tms_msg_rc/lib/python3.6/site-packages/tms_msg_rc/tms_msg_rc_s__rosidl_typesupport_c.cpython-36m-x86_64-linux-gnu.so
[1.679s] -- Up-to-date symlink: /home/common/colcon_ws/install/tms_msg_rc/lib/python3.6/site-packages/tms_msg_rc/tms_msg_rc_s__rosidl_typesupport_fastrtps_c.cpython-36m-x86_64-linux-gnu.so
[1.679s] -- Up-to-date symlink: /home/common/colcon_ws/install/tms_msg_rc/lib/libtms_msg_rc__python.so
[1.680s] -- Up-to-date symlink: /home/common/colcon_ws/install/tms_msg_rc/share/tms_msg_rc/srv/TurtlebotControl.idl
[1.681s] -- Up-to-date symlink: /home/common/colcon_ws/install/tms_msg_rc/share/tms_msg_rc/srv/TurtlebotControl.srv
[1.682s] -- Up-to-date symlink: /home/common/colcon_ws/install/tms_msg_rc/share/tms_msg_rc/srv/TurtlebotControl_Request.msg
[1.682s] -- Up-to-date symlink: /home/common/colcon_ws/install/tms_msg_rc/share/tms_msg_rc/srv/TurtlebotControl_Response.msg
[1.683s] -- Up-to-date symlink: /home/common/colcon_ws/install/tms_msg_rc/share/ament_index/resource_index/package_run_dependencies/tms_msg_rc
[1.684s] -- Up-to-date symlink: /home/common/colcon_ws/install/tms_msg_rc/share/ament_index/resource_index/parent_prefix_path/tms_msg_rc
[1.684s] -- Up-to-date symlink: /home/common/colcon_ws/install/tms_msg_rc/share/tms_msg_rc/environment/ament_prefix_path.sh
[1.685s] -- Up-to-date symlink: /home/common/colcon_ws/install/tms_msg_rc/share/tms_msg_rc/environment/path.sh
[1.686s] -- Up-to-date symlink: /home/common/colcon_ws/install/tms_msg_rc/share/tms_msg_rc/local_setup.bash
[1.687s] -- Up-to-date symlink: /home/common/colcon_ws/install/tms_msg_rc/share/tms_msg_rc/local_setup.sh
[1.687s] -- Up-to-date symlink: /home/common/colcon_ws/install/tms_msg_rc/share/tms_msg_rc/local_setup.zsh
[1.688s] -- Up-to-date symlink: /home/common/colcon_ws/install/tms_msg_rc/share/ament_index/resource_index/packages/tms_msg_rc
[1.688s] -- Up-to-date symlink: /home/common/colcon_ws/install/tms_msg_rc/share/tms_msg_rc/cmake/rosidl_cmake-extras.cmake
[1.700s] -- Up-to-date symlink: /home/common/colcon_ws/install/tms_msg_rc/share/tms_msg_rc/cmake/ament_cmake_export_dependencies-extras.cmake
[1.701s] -- Up-to-date symlink: /home/common/colcon_ws/install/tms_msg_rc/share/tms_msg_rc/cmake/ament_cmake_export_libraries-extras.cmake
[1.702s] -- Up-to-date symlink: /home/common/colcon_ws/install/tms_msg_rc/share/tms_msg_rc/cmake/ament_cmake_export_include_directories-extras.cmake
[1.703s] -- Up-to-date symlink: /home/common/colcon_ws/install/tms_msg_rc/share/tms_msg_rc/cmake/tms_msg_rcConfig.cmake
[1.703s] -- Up-to-date symlink: /home/common/colcon_ws/install/tms_msg_rc/share/tms_msg_rc/cmake/tms_msg_rcConfig-version.cmake
[1.703s] -- Up-to-date symlink: /home/common/colcon_ws/install/tms_msg_rc/share/tms_msg_rc/package.xml
