[0.126s] -- The C compiler identification is GNU 7.4.0
[0.211s] -- The CXX compiler identification is GNU 7.4.0
[0.218s] -- Check for working C compiler: /usr/bin/cc
[0.329s] -- Check for working C compiler: /usr/bin/cc -- works
[0.330s] -- Detecting C compiler ABI info
[0.435s] -- Detecting C compiler ABI info - done
[0.443s] -- Detecting C compile features
[0.799s] -- Detecting C compile features - done
[0.803s] -- Check for working CXX compiler: /usr/bin/c++
[0.947s] -- Check for working CXX compiler: /usr/bin/c++ -- works
[0.947s] -- Detecting CXX compiler ABI info
[1.084s] -- Detecting CXX compiler ABI info - done
[1.093s] -- Detecting CXX compile features
[1.740s] -- Detecting CXX compile features - done
[1.744s] -- Found ament_cmake: 0.7.4 (/opt/ros/dashing/share/ament_cmake/cmake)
[1.834s] -- Found PythonInterp: /usr/bin/python3 (found suitable version "3.6.9", minimum required is "3") 
[1.834s] -- Using PYTHON_EXECUTABLE: /usr/bin/python3
[2.244s] -- Override CMake install command with custom implementation using symlinks instead of copying resources
[2.287s] -- Found example_interfaces: 0.7.1 (/opt/ros/dashing/share/example_interfaces/cmake)
[2.323s] -- Found rosidl_adapter: 0.7.8 (/opt/ros/dashing/share/rosidl_adapter/cmake)
[2.418s] -- Found rclcpp: 0.7.12 (/opt/ros/dashing/share/rclcpp/cmake)
[2.445s] -- Found rmw_implementation_cmake: 0.7.2 (/opt/ros/dashing/share/rmw_implementation_cmake/cmake)
[2.451s] -- Using RMW implementation 'rmw_fastrtps_cpp' as default
[2.452s] -- Looking for pthread.h
[2.568s] -- Looking for pthread.h - found
[2.568s] -- Looking for pthread_create
[2.689s] -- Looking for pthread_create - not found
[2.690s] -- Looking for pthread_create in pthreads
[2.787s] -- Looking for pthread_create in pthreads - not found
[2.788s] -- Looking for pthread_create in pthread
[2.901s] -- Looking for pthread_create in pthread - found
[2.903s] -- Found Threads: TRUE  
[2.960s] -- Found rclcpp_action: 0.7.12 (/opt/ros/dashing/share/rclcpp_action/cmake)
[3.349s] -- Configuring done
[3.385s] -- Generating done
[3.388s] -- Build files have been written to: /home/common/colcon_ws/build/examples_rclcpp_minimal_action_server
[3.479s] [35m[1mScanning dependencies of target action_server_not_composable[0m
[3.479s] [35m[1mScanning dependencies of target action_server_member_functions[0m
[3.522s] [ 50%] Built target action_server_member_functions
[3.525s] [100%] Built target action_server_not_composable
[3.740s] [ 50%] Built target action_server_not_composable
[3.741s] [100%] Built target action_server_member_functions
[3.773s] [36mInstall the project...[0m
[3.790s] -- Install configuration: ""
[3.790s] -- Execute custom install script
[3.791s] -- Up-to-date symlink: /home/common/colcon_ws/install/examples_rclcpp_minimal_action_server/lib/examples_rclcpp_minimal_action_server/action_server_not_composable
[3.791s] -- Up-to-date symlink: /home/common/colcon_ws/install/examples_rclcpp_minimal_action_server/lib/examples_rclcpp_minimal_action_server/action_server_member_functions
[3.791s] -- Up-to-date symlink: /home/common/colcon_ws/install/examples_rclcpp_minimal_action_server/share/ament_index/resource_index/package_run_dependencies/examples_rclcpp_minimal_action_server
[3.792s] -- Up-to-date symlink: /home/common/colcon_ws/install/examples_rclcpp_minimal_action_server/share/ament_index/resource_index/parent_prefix_path/examples_rclcpp_minimal_action_server
[3.792s] -- Up-to-date symlink: /home/common/colcon_ws/install/examples_rclcpp_minimal_action_server/share/examples_rclcpp_minimal_action_server/environment/ament_prefix_path.sh
[3.793s] -- Up-to-date symlink: /home/common/colcon_ws/install/examples_rclcpp_minimal_action_server/share/examples_rclcpp_minimal_action_server/environment/path.sh
[3.793s] -- Up-to-date symlink: /home/common/colcon_ws/install/examples_rclcpp_minimal_action_server/share/examples_rclcpp_minimal_action_server/local_setup.bash
[3.793s] -- Up-to-date symlink: /home/common/colcon_ws/install/examples_rclcpp_minimal_action_server/share/examples_rclcpp_minimal_action_server/local_setup.sh
[3.794s] -- Up-to-date symlink: /home/common/colcon_ws/install/examples_rclcpp_minimal_action_server/share/examples_rclcpp_minimal_action_server/local_setup.zsh
[3.794s] -- Up-to-date symlink: /home/common/colcon_ws/install/examples_rclcpp_minimal_action_server/share/ament_index/resource_index/packages/examples_rclcpp_minimal_action_server
[3.795s] -- Up-to-date symlink: /home/common/colcon_ws/install/examples_rclcpp_minimal_action_server/share/examples_rclcpp_minimal_action_server/cmake/examples_rclcpp_minimal_action_serverConfig.cmake
[3.795s] -- Up-to-date symlink: /home/common/colcon_ws/install/examples_rclcpp_minimal_action_server/share/examples_rclcpp_minimal_action_server/cmake/examples_rclcpp_minimal_action_serverConfig-version.cmake
[3.796s] -- Up-to-date symlink: /home/common/colcon_ws/install/examples_rclcpp_minimal_action_server/share/examples_rclcpp_minimal_action_server/package.xml
