[1.040s] Invoking command in '/home/common/colcon_ws/build/tms_ts_subtask': PYTHONPATH=/home/common/colcon_ws/install/tms_ts_subtask/lib/python3.6/site-packages:${PYTHONPATH} /usr/bin/python3 setup.py develop --prefix /home/common/colcon_ws/install/tms_ts_subtask --editable --build-directory /home/common/colcon_ws/build/tms_ts_subtask/build --no-deps install_data --install-dir /home/common/colcon_ws/install/tms_ts_subtask
[1.500s] running develop
[1.798s] running egg_info
[1.799s] creating tms_ts_subtask.egg-info
[1.799s] writing tms_ts_subtask.egg-info/PKG-INFO
[1.799s] writing dependency_links to tms_ts_subtask.egg-info/dependency_links.txt
[1.799s] writing entry points to tms_ts_subtask.egg-info/entry_points.txt
[1.800s] writing requirements to tms_ts_subtask.egg-info/requires.txt
[1.800s] writing top-level names to tms_ts_subtask.egg-info/top_level.txt
[1.801s] writing manifest file 'tms_ts_subtask.egg-info/SOURCES.txt'
[1.853s] reading manifest file 'tms_ts_subtask.egg-info/SOURCES.txt'
[1.854s] writing manifest file 'tms_ts_subtask.egg-info/SOURCES.txt'
[1.856s] running build_ext
[1.857s] Creating /home/common/colcon_ws/install/tms_ts_subtask/lib/python3.6/site-packages/site.py
[1.858s] Creating /home/common/colcon_ws/install/tms_ts_subtask/lib/python3.6/site-packages/tms-ts-subtask.egg-link (link to .)
[1.859s] Installing tms_ts_subtask script to /home/common/colcon_ws/install/tms_ts_subtask/lib/tms_ts_subtask
[1.860s] 
[1.860s] Installed /home/common/colcon_ws/build/tms_ts_subtask
[1.860s] running install_data
[1.860s] creating /home/common/colcon_ws/install/tms_ts_subtask/share/ament_index
[1.860s] creating /home/common/colcon_ws/install/tms_ts_subtask/share/ament_index/resource_index
[1.860s] creating /home/common/colcon_ws/install/tms_ts_subtask/share/ament_index/resource_index/packages
[1.861s] copying resource/tms_ts_subtask -> /home/common/colcon_ws/install/tms_ts_subtask/share/ament_index/resource_index/packages
[1.861s] copying package.xml -> /home/common/colcon_ws/install/tms_ts_subtask/share/tms_ts_subtask
