[0.149s] [100%] Built target hlds_laser_publisher
[0.394s] [100%] Built target hlds_laser_publisher
[0.422s] [36mInstall the project...[0m
[0.436s] -- Install configuration: ""
[0.437s] -- Execute custom install script
[0.438s] -- Up-to-date symlink: /home/common/colcon_ws/install/hls_lfcd_lds_driver/share/hls_lfcd_lds_driver/launch/hlds_laser.launch.py
[0.438s] -- Up-to-date symlink: /home/common/colcon_ws/install/hls_lfcd_lds_driver/share/hls_lfcd_lds_driver/launch/view_hlds_laser.launch.py
[0.439s] -- Up-to-date symlink: /home/common/colcon_ws/install/hls_lfcd_lds_driver/share/hls_lfcd_lds_driver/rviz/hlds_laser.rviz
[0.440s] -- Up-to-date symlink: /home/common/colcon_ws/install/hls_lfcd_lds_driver/lib/hls_lfcd_lds_driver/hlds_laser_publisher
[0.440s] -- Up-to-date symlink: /home/common/colcon_ws/install/hls_lfcd_lds_driver/share/ament_index/resource_index/package_run_dependencies/hls_lfcd_lds_driver
[0.441s] -- Up-to-date symlink: /home/common/colcon_ws/install/hls_lfcd_lds_driver/share/ament_index/resource_index/parent_prefix_path/hls_lfcd_lds_driver
[0.441s] -- Up-to-date symlink: /home/common/colcon_ws/install/hls_lfcd_lds_driver/share/hls_lfcd_lds_driver/environment/ament_prefix_path.sh
[0.442s] -- Up-to-date symlink: /home/common/colcon_ws/install/hls_lfcd_lds_driver/share/hls_lfcd_lds_driver/environment/path.sh
[0.442s] -- Up-to-date symlink: /home/common/colcon_ws/install/hls_lfcd_lds_driver/share/hls_lfcd_lds_driver/local_setup.bash
[0.443s] -- Up-to-date symlink: /home/common/colcon_ws/install/hls_lfcd_lds_driver/share/hls_lfcd_lds_driver/local_setup.sh
[0.443s] -- Up-to-date symlink: /home/common/colcon_ws/install/hls_lfcd_lds_driver/share/hls_lfcd_lds_driver/local_setup.zsh
[0.443s] -- Up-to-date symlink: /home/common/colcon_ws/install/hls_lfcd_lds_driver/share/ament_index/resource_index/packages/hls_lfcd_lds_driver
[0.444s] -- Up-to-date symlink: /home/common/colcon_ws/install/hls_lfcd_lds_driver/share/hls_lfcd_lds_driver/cmake/ament_cmake_export_dependencies-extras.cmake
[0.444s] -- Up-to-date symlink: /home/common/colcon_ws/install/hls_lfcd_lds_driver/share/hls_lfcd_lds_driver/cmake/ament_cmake_export_include_directories-extras.cmake
[0.444s] -- Up-to-date symlink: /home/common/colcon_ws/install/hls_lfcd_lds_driver/share/hls_lfcd_lds_driver/cmake/hls_lfcd_lds_driverConfig.cmake
[0.445s] -- Up-to-date symlink: /home/common/colcon_ws/install/hls_lfcd_lds_driver/share/hls_lfcd_lds_driver/cmake/hls_lfcd_lds_driverConfig-version.cmake
[0.445s] -- Up-to-date symlink: /home/common/colcon_ws/install/hls_lfcd_lds_driver/share/hls_lfcd_lds_driver/package.xml
