[0.168s] -- The C compiler identification is GNU 7.4.0
[0.256s] -- The CXX compiler identification is GNU 7.4.0
[0.263s] -- Check for working C compiler: /usr/bin/cc
[0.397s] -- Check for working C compiler: /usr/bin/cc -- works
[0.398s] -- Detecting C compiler ABI info
[0.511s] -- Detecting C compiler ABI info - done
[0.520s] -- Detecting C compile features
[0.840s] -- Detecting C compile features - done
[0.841s] -- Check for working CXX compiler: /usr/bin/c++
[0.960s] -- Check for working CXX compiler: /usr/bin/c++ -- works
[0.961s] -- Detecting CXX compiler ABI info
[1.082s] -- Detecting CXX compiler ABI info - done
[1.087s] -- Detecting CXX compile features
[1.570s] -- Detecting CXX compile features - done
[1.574s] -- Found ament_cmake: 0.7.4 (/opt/ros/dashing/share/ament_cmake/cmake)
[1.636s] -- Found PythonInterp: /usr/bin/python3 (found suitable version "3.6.9", minimum required is "3") 
[1.636s] -- Using PYTHON_EXECUTABLE: /usr/bin/python3
[1.966s] -- Override CMake install command with custom implementation using symlinks instead of copying resources
[2.116s] -- Configuring done
[2.118s] -- Generating done
[2.120s] -- Build files have been written to: /home/common/colcon_ws/build/turtlebot3_bringup
