[0.030s] Invoking command in '/home/common/colcon_ws/build/tms_msg_db': /usr/bin/cmake /home/common/colcon_ws/src/ros2_tms/tms_msg/tms_msg_db -DAMENT_CMAKE_SYMLINK_INSTALL=1 -DCMAKE_INSTALL_PREFIX=/home/common/colcon_ws/install/tms_msg_db
[0.181s] -- The C compiler identification is GNU 7.4.0
[0.294s] -- The CXX compiler identification is GNU 7.4.0
[0.301s] -- Check for working C compiler: /usr/bin/cc
[0.380s] -- Check for working C compiler: /usr/bin/cc -- works
[0.381s] -- Detecting C compiler ABI info
[0.464s] -- Detecting C compiler ABI info - done
[0.472s] -- Detecting C compile features
[0.731s] -- Detecting C compile features - done
[0.735s] -- Check for working CXX compiler: /usr/bin/c++
[0.843s] -- Check for working CXX compiler: /usr/bin/c++ -- works
[0.843s] -- Detecting CXX compiler ABI info
[0.962s] -- Detecting CXX compiler ABI info - done
[0.970s] -- Detecting CXX compile features
[1.455s] -- Detecting CXX compile features - done
[1.469s] CMake Error at CMakeLists.txt:17 (find_package):
[1.469s]   By not providing "Findament_cmake.cmake" in CMAKE_MODULE_PATH this project
[1.469s]   has asked CMake to find a package configuration file provided by
[1.469s]   "ament_cmake", but CMake did not find one.
[1.469s] 
[1.470s]   Could not find a package configuration file provided by "ament_cmake" with
[1.470s]   any of the following names:
[1.470s] 
[1.470s]     ament_cmakeConfig.cmake
[1.470s]     ament_cmake-config.cmake
[1.470s] 
[1.471s]   Add the installation prefix of "ament_cmake" to CMAKE_PREFIX_PATH or set
[1.471s]   "ament_cmake_DIR" to a directory containing one of the above files.  If
[1.471s]   "ament_cmake" provides a separate development package or SDK, be sure it
[1.472s]   has been installed.
[1.473s] 
[1.473s] 
[1.474s] -- Configuring incomplete, errors occurred!
[1.474s] See also "/home/common/colcon_ws/build/tms_msg_db/CMakeFiles/CMakeOutput.log".
[1.477s] Invoked command in '/home/common/colcon_ws/build/tms_msg_db' returned '1': /usr/bin/cmake /home/common/colcon_ws/src/ros2_tms/tms_msg/tms_msg_db -DAMENT_CMAKE_SYMLINK_INSTALL=1 -DCMAKE_INSTALL_PREFIX=/home/common/colcon_ws/install/tms_msg_db
