[0.054s] Invoking command in '/home/common/colcon_ws/build/tms_msg_db': CMAKE_PREFIX_PATH=/home/common/colcon_ws/install/octomap_msgs:/home/common/colcon_ws/install/turtlebot3_teleop:/home/common/colcon_ws/install/tms_ur_speaker:/home/common/colcon_ws/install/tms_ur_listener:/home/common/colcon_ws/install/tms_ts_ts:/home/common/colcon_ws/install/tms_ts_test:/home/common/colcon_ws/install/tms_ts_subtask:/home/common/colcon_ws/install/tms_ss_whs1:/home/common/colcon_ws/install/tms_rc_double:/home/common/colcon_ws/install/tms_db_manager:/opt/ros/dashing:/opt/ros/melodic:/home/common/colcon_ws/install/turtlebot3:/home/common/colcon_ws/install/turtlebot3_simulations:/home/common/colcon_ws/install/turtlebot3_bringup:/home/common/colcon_ws/install/turtlebot3_node:/home/common/colcon_ws/install/turtlebot3_navigation2:/home/common/colcon_ws/install/turtlebot3_fake_node:/home/common/colcon_ws/install/doublenode:/home/common/colcon_ws/install/turtlebot3_msgs:/home/common/colcon_ws/install/turtlebot3_gazebo:/home/common/colcon_ws/install/turtlebot3_description:/home/common/colcon_ws/install/turtlebot3_cartographer:/home/common/colcon_ws/install/tms_ss_vicon:/home/common/colcon_ws/install/tms_rc_tfnode:/home/common/colcon_ws/install/tms_rc_bot:/home/common/colcon_ws/install/tms_nw_rp:/home/common/colcon_ws/install/tms_msg_ur:/home/common/colcon_ws/install/tms_msg_ts:/home/common/colcon_ws/install/tms_msg_ss:/home/common/colcon_ws/install/tms_msg_rc:/home/common/colcon_ws/install/tms_msg_db:/home/common/colcon_ws/install/object_recognition_msgs:/home/common/colcon_ws/install/hls_lfcd_lds_driver:/home/common/colcon_ws/install/examples_rclcpp_minimal_timer:/home/common/colcon_ws/install/examples_rclcpp_minimal_subscriber:/home/common/colcon_ws/install/examples_rclcpp_minimal_service:/home/common/colcon_ws/install/examples_rclcpp_minimal_publisher:/home/common/colcon_ws/install/examples_rclcpp_minimal_composition:/home/common/colcon_ws/install/examples_rclcpp_minimal_client:/home/common/colcon_ws/install/examples_rclcpp_minimal_action_server:/home/common/colcon_ws/install/examples_rclcpp_minimal_action_client:/home/common/colcon_ws/install/dynamixel_sdk /usr/bin/cmake /home/common/colcon_ws/src/ros_tms/tms_msg/tms_msg_db -DAMENT_CMAKE_SYMLINK_INSTALL=1 -DCMAKE_INSTALL_PREFIX=/home/common/colcon_ws/install/tms_msg_db
[0.124s] -- The C compiler identification is GNU 7.4.0
[0.198s] -- The CXX compiler identification is GNU 7.4.0
[0.203s] -- Check for working C compiler: /usr/bin/cc
[0.298s] -- Check for working C compiler: /usr/bin/cc -- works
[0.299s] -- Detecting C compiler ABI info
[0.391s] -- Detecting C compiler ABI info - done
[0.399s] -- Detecting C compile features
[0.686s] -- Detecting C compile features - done
[0.686s] -- Check for working CXX compiler: /usr/bin/c++
[0.793s] -- Check for working CXX compiler: /usr/bin/c++ -- works
[0.794s] -- Detecting CXX compiler ABI info
[0.939s] -- Detecting CXX compiler ABI info - done
[0.940s] -- Detecting CXX compile features
[1.541s] -- Detecting CXX compile features - done
[1.545s] -- Found ament_cmake: 0.7.4 (/opt/ros/dashing/share/ament_cmake/cmake)
[1.638s] -- Found PythonInterp: /usr/bin/python3 (found suitable version "3.6.9", minimum required is "3") 
[1.638s] -- Using PYTHON_EXECUTABLE: /usr/bin/python3
[2.068s] -- Override CMake install command with custom implementation using symlinks instead of copying resources
[2.102s] -- Found rosidl_default_generators: 0.7.0 (/opt/ros/dashing/share/rosidl_default_generators/cmake)
[2.293s] -- Found OpenSSL: /usr/lib/x86_64-linux-gnu/libcrypto.so (found version "1.1.1") 
[2.336s] -- Found FastRTPS: /opt/ros/dashing/include  
[2.364s] -- Found rosidl_adapter: 0.7.8 (/opt/ros/dashing/share/rosidl_adapter/cmake)
[2.492s] -- Found rclcpp: 0.7.12 (/opt/ros/dashing/share/rclcpp/cmake)
[2.538s] -- Found rmw_implementation_cmake: 0.7.2 (/opt/ros/dashing/share/rmw_implementation_cmake/cmake)
[2.543s] -- Using RMW implementation 'rmw_fastrtps_cpp' as default
[2.545s] -- Looking for pthread.h
[2.665s] -- Looking for pthread.h - found
[2.668s] -- Looking for pthread_create
[2.779s] -- Looking for pthread_create - not found
[2.779s] -- Looking for pthread_create in pthreads
[2.872s] -- Looking for pthread_create in pthreads - not found
[2.872s] -- Looking for pthread_create in pthread
[2.982s] -- Looking for pthread_create in pthread - found
[2.984s] -- Found Threads: TRUE  
[3.029s] -- Found std_msgs: 0.7.0 (/opt/ros/dashing/share/std_msgs/cmake)
[3.040s] -- Found sensor_msgs: 0.7.0 (/opt/ros/dashing/share/sensor_msgs/cmake)
[3.076s] -- Found ament_lint_auto: 0.7.11 (/opt/ros/dashing/share/ament_lint_auto/cmake)
[3.338s] -- Found PythonInterp: /usr/bin/python3 (found version "3.6.9") 
[4.067s] -- Using single matching rosidl_typesupport_c: rosidl_typesupport_fastrtps_c
[4.214s] -- Using single matching rosidl_typesupport_cpp: rosidl_typesupport_fastrtps_cpp
[5.318s] -- Found PythonInterp: /usr/bin/python3 (found suitable version "3.6.9", minimum required is "3.5") 
[5.318s] -- Found python_cmake_module: 0.7.10 (/opt/ros/dashing/share/python_cmake_module/cmake)
[5.403s] -- Found PythonLibs: /usr/lib/x86_64-linux-gnu/libpython3.6m.so (found suitable version "3.6.9", minimum required is "3.5") 
[5.403s] -- Using PYTHON_EXECUTABLE: /usr/bin/python3
[5.404s] -- Using PYTHON_INCLUDE_DIRS: /usr/include/python3.6m
[5.404s] -- Using PYTHON_LIBRARIES: /usr/lib/x86_64-linux-gnu/libpython3.6m.so
[5.481s] -- Found PythonExtra: .so  
[5.856s] -- Added test 'lint_cmake' to check CMake code style
[5.858s] -- Added test 'xmllint' to check XML markup files
[5.867s] -- Configuring done
[6.293s] -- Generating done
[6.299s] -- Build files have been written to: /home/common/colcon_ws/build/tms_msg_db
[6.361s] Invoked command in '/home/common/colcon_ws/build/tms_msg_db' returned '0': CMAKE_PREFIX_PATH=/home/common/colcon_ws/install/octomap_msgs:/home/common/colcon_ws/install/turtlebot3_teleop:/home/common/colcon_ws/install/tms_ur_speaker:/home/common/colcon_ws/install/tms_ur_listener:/home/common/colcon_ws/install/tms_ts_ts:/home/common/colcon_ws/install/tms_ts_test:/home/common/colcon_ws/install/tms_ts_subtask:/home/common/colcon_ws/install/tms_ss_whs1:/home/common/colcon_ws/install/tms_rc_double:/home/common/colcon_ws/install/tms_db_manager:/opt/ros/dashing:/opt/ros/melodic:/home/common/colcon_ws/install/turtlebot3:/home/common/colcon_ws/install/turtlebot3_simulations:/home/common/colcon_ws/install/turtlebot3_bringup:/home/common/colcon_ws/install/turtlebot3_node:/home/common/colcon_ws/install/turtlebot3_navigation2:/home/common/colcon_ws/install/turtlebot3_fake_node:/home/common/colcon_ws/install/doublenode:/home/common/colcon_ws/install/turtlebot3_msgs:/home/common/colcon_ws/install/turtlebot3_gazebo:/home/common/colcon_ws/install/turtlebot3_description:/home/common/colcon_ws/install/turtlebot3_cartographer:/home/common/colcon_ws/install/tms_ss_vicon:/home/common/colcon_ws/install/tms_rc_tfnode:/home/common/colcon_ws/install/tms_rc_bot:/home/common/colcon_ws/install/tms_nw_rp:/home/common/colcon_ws/install/tms_msg_ur:/home/common/colcon_ws/install/tms_msg_ts:/home/common/colcon_ws/install/tms_msg_ss:/home/common/colcon_ws/install/tms_msg_rc:/home/common/colcon_ws/install/tms_msg_db:/home/common/colcon_ws/install/object_recognition_msgs:/home/common/colcon_ws/install/hls_lfcd_lds_driver:/home/common/colcon_ws/install/examples_rclcpp_minimal_timer:/home/common/colcon_ws/install/examples_rclcpp_minimal_subscriber:/home/common/colcon_ws/install/examples_rclcpp_minimal_service:/home/common/colcon_ws/install/examples_rclcpp_minimal_publisher:/home/common/colcon_ws/install/examples_rclcpp_minimal_composition:/home/common/colcon_ws/install/examples_rclcpp_minimal_client:/home/common/colcon_ws/install/examples_rclcpp_minimal_action_server:/home/common/colcon_ws/install/examples_rclcpp_minimal_action_client:/home/common/colcon_ws/install/dynamixel_sdk /usr/bin/cmake /home/common/colcon_ws/src/ros_tms/tms_msg/tms_msg_db -DAMENT_CMAKE_SYMLINK_INSTALL=1 -DCMAKE_INSTALL_PREFIX=/home/common/colcon_ws/install/tms_msg_db
[6.363s] Invoking command in '/home/common/colcon_ws/build/tms_msg_db': CMAKE_PREFIX_PATH=/home/common/colcon_ws/install/octomap_msgs:/home/common/colcon_ws/install/turtlebot3_teleop:/home/common/colcon_ws/install/tms_ur_speaker:/home/common/colcon_ws/install/tms_ur_listener:/home/common/colcon_ws/install/tms_ts_ts:/home/common/colcon_ws/install/tms_ts_test:/home/common/colcon_ws/install/tms_ts_subtask:/home/common/colcon_ws/install/tms_ss_whs1:/home/common/colcon_ws/install/tms_rc_double:/home/common/colcon_ws/install/tms_db_manager:/opt/ros/dashing:/opt/ros/melodic:/home/common/colcon_ws/install/turtlebot3:/home/common/colcon_ws/install/turtlebot3_simulations:/home/common/colcon_ws/install/turtlebot3_bringup:/home/common/colcon_ws/install/turtlebot3_node:/home/common/colcon_ws/install/turtlebot3_navigation2:/home/common/colcon_ws/install/turtlebot3_fake_node:/home/common/colcon_ws/install/doublenode:/home/common/colcon_ws/install/turtlebot3_msgs:/home/common/colcon_ws/install/turtlebot3_gazebo:/home/common/colcon_ws/install/turtlebot3_description:/home/common/colcon_ws/install/turtlebot3_cartographer:/home/common/colcon_ws/install/tms_ss_vicon:/home/common/colcon_ws/install/tms_rc_tfnode:/home/common/colcon_ws/install/tms_rc_bot:/home/common/colcon_ws/install/tms_nw_rp:/home/common/colcon_ws/install/tms_msg_ur:/home/common/colcon_ws/install/tms_msg_ts:/home/common/colcon_ws/install/tms_msg_ss:/home/common/colcon_ws/install/tms_msg_rc:/home/common/colcon_ws/install/tms_msg_db:/home/common/colcon_ws/install/object_recognition_msgs:/home/common/colcon_ws/install/hls_lfcd_lds_driver:/home/common/colcon_ws/install/examples_rclcpp_minimal_timer:/home/common/colcon_ws/install/examples_rclcpp_minimal_subscriber:/home/common/colcon_ws/install/examples_rclcpp_minimal_service:/home/common/colcon_ws/install/examples_rclcpp_minimal_publisher:/home/common/colcon_ws/install/examples_rclcpp_minimal_composition:/home/common/colcon_ws/install/examples_rclcpp_minimal_client:/home/common/colcon_ws/install/examples_rclcpp_minimal_action_server:/home/common/colcon_ws/install/examples_rclcpp_minimal_action_client:/home/common/colcon_ws/install/dynamixel_sdk /usr/bin/cmake --build /home/common/colcon_ws/build/tms_msg_db -- -j8 -l8
[6.454s] [35m[1mScanning dependencies of target tms_msg_db__cpp[0m
[6.461s] [35m[1mScanning dependencies of target tms_msg_db__rosidl_generator_c[0m
[6.483s] [  0%] Built target tms_msg_db__cpp
[6.495s] [ 12%] Built target tms_msg_db__rosidl_generator_c
[6.518s] [35m[1mScanning dependencies of target tms_msg_db__rosidl_typesupport_introspection_cpp[0m
[6.532s] [35m[1mScanning dependencies of target tms_msg_db__rosidl_typesupport_introspection_c[0m
[6.534s] [35m[1mScanning dependencies of target tms_msg_db__rosidl_typesupport_fastrtps_cpp[0m
[6.578s] [ 25%] Built target tms_msg_db__rosidl_typesupport_introspection_cpp
[6.580s] [ 37%] Built target tms_msg_db__rosidl_typesupport_introspection_c
[6.609s] [ 49%] Built target tms_msg_db__rosidl_typesupport_fastrtps_cpp
[6.648s] [35m[1mScanning dependencies of target tms_msg_db__rosidl_typesupport_fastrtps_c[0m
[6.649s] [35m[1mScanning dependencies of target tms_msg_db__rosidl_typesupport_cpp[0m
[6.706s] [ 61%] Built target tms_msg_db__rosidl_typesupport_cpp
[6.733s] [ 73%] Built target tms_msg_db__rosidl_typesupport_fastrtps_c
[6.761s] [35m[1mScanning dependencies of target tms_msg_db__rosidl_typesupport_c[0m
[6.810s] [ 86%] Built target tms_msg_db__rosidl_typesupport_c
[6.830s] [35m[1mScanning dependencies of target tms_msg_db[0m
[6.854s] [ 86%] Built target tms_msg_db
[6.917s] [ 87%] Built target tms_msg_db__py
[6.950s] [35m[1mScanning dependencies of target tms_msg_db__python[0m
[7.105s] [ 98%] Built target tms_msg_db__python
[7.127s] [35m[1mScanning dependencies of target tms_msg_db__rosidl_typesupport_c__pyext[0m
[7.147s] [35m[1mScanning dependencies of target tms_msg_db__rosidl_typesupport_fastrtps_c__pyext[0m
[7.187s] [ 99%] Built target tms_msg_db__rosidl_typesupport_c__pyext
[7.205s] [100%] Built target tms_msg_db__rosidl_typesupport_fastrtps_c__pyext
[7.231s] Invoked command in '/home/common/colcon_ws/build/tms_msg_db' returned '0': CMAKE_PREFIX_PATH=/home/common/colcon_ws/install/octomap_msgs:/home/common/colcon_ws/install/turtlebot3_teleop:/home/common/colcon_ws/install/tms_ur_speaker:/home/common/colcon_ws/install/tms_ur_listener:/home/common/colcon_ws/install/tms_ts_ts:/home/common/colcon_ws/install/tms_ts_test:/home/common/colcon_ws/install/tms_ts_subtask:/home/common/colcon_ws/install/tms_ss_whs1:/home/common/colcon_ws/install/tms_rc_double:/home/common/colcon_ws/install/tms_db_manager:/opt/ros/dashing:/opt/ros/melodic:/home/common/colcon_ws/install/turtlebot3:/home/common/colcon_ws/install/turtlebot3_simulations:/home/common/colcon_ws/install/turtlebot3_bringup:/home/common/colcon_ws/install/turtlebot3_node:/home/common/colcon_ws/install/turtlebot3_navigation2:/home/common/colcon_ws/install/turtlebot3_fake_node:/home/common/colcon_ws/install/doublenode:/home/common/colcon_ws/install/turtlebot3_msgs:/home/common/colcon_ws/install/turtlebot3_gazebo:/home/common/colcon_ws/install/turtlebot3_description:/home/common/colcon_ws/install/turtlebot3_cartographer:/home/common/colcon_ws/install/tms_ss_vicon:/home/common/colcon_ws/install/tms_rc_tfnode:/home/common/colcon_ws/install/tms_rc_bot:/home/common/colcon_ws/install/tms_nw_rp:/home/common/colcon_ws/install/tms_msg_ur:/home/common/colcon_ws/install/tms_msg_ts:/home/common/colcon_ws/install/tms_msg_ss:/home/common/colcon_ws/install/tms_msg_rc:/home/common/colcon_ws/install/tms_msg_db:/home/common/colcon_ws/install/object_recognition_msgs:/home/common/colcon_ws/install/hls_lfcd_lds_driver:/home/common/colcon_ws/install/examples_rclcpp_minimal_timer:/home/common/colcon_ws/install/examples_rclcpp_minimal_subscriber:/home/common/colcon_ws/install/examples_rclcpp_minimal_service:/home/common/colcon_ws/install/examples_rclcpp_minimal_publisher:/home/common/colcon_ws/install/examples_rclcpp_minimal_composition:/home/common/colcon_ws/install/examples_rclcpp_minimal_client:/home/common/colcon_ws/install/examples_rclcpp_minimal_action_server:/home/common/colcon_ws/install/examples_rclcpp_minimal_action_client:/home/common/colcon_ws/install/dynamixel_sdk /usr/bin/cmake --build /home/common/colcon_ws/build/tms_msg_db -- -j8 -l8
[8.246s] Invoking command in '/home/common/colcon_ws/build/tms_msg_db': CMAKE_PREFIX_PATH=/home/common/colcon_ws/install/octomap_msgs:/home/common/colcon_ws/install/turtlebot3_teleop:/home/common/colcon_ws/install/tms_ur_speaker:/home/common/colcon_ws/install/tms_ur_listener:/home/common/colcon_ws/install/tms_ts_ts:/home/common/colcon_ws/install/tms_ts_test:/home/common/colcon_ws/install/tms_ts_subtask:/home/common/colcon_ws/install/tms_ss_whs1:/home/common/colcon_ws/install/tms_rc_double:/home/common/colcon_ws/install/tms_db_manager:/opt/ros/dashing:/opt/ros/melodic:/home/common/colcon_ws/install/turtlebot3:/home/common/colcon_ws/install/turtlebot3_simulations:/home/common/colcon_ws/install/turtlebot3_bringup:/home/common/colcon_ws/install/turtlebot3_node:/home/common/colcon_ws/install/turtlebot3_navigation2:/home/common/colcon_ws/install/turtlebot3_fake_node:/home/common/colcon_ws/install/doublenode:/home/common/colcon_ws/install/turtlebot3_msgs:/home/common/colcon_ws/install/turtlebot3_gazebo:/home/common/colcon_ws/install/turtlebot3_description:/home/common/colcon_ws/install/turtlebot3_cartographer:/home/common/colcon_ws/install/tms_ss_vicon:/home/common/colcon_ws/install/tms_rc_tfnode:/home/common/colcon_ws/install/tms_rc_bot:/home/common/colcon_ws/install/tms_nw_rp:/home/common/colcon_ws/install/tms_msg_ur:/home/common/colcon_ws/install/tms_msg_ts:/home/common/colcon_ws/install/tms_msg_ss:/home/common/colcon_ws/install/tms_msg_rc:/home/common/colcon_ws/install/tms_msg_db:/home/common/colcon_ws/install/object_recognition_msgs:/home/common/colcon_ws/install/hls_lfcd_lds_driver:/home/common/colcon_ws/install/examples_rclcpp_minimal_timer:/home/common/colcon_ws/install/examples_rclcpp_minimal_subscriber:/home/common/colcon_ws/install/examples_rclcpp_minimal_service:/home/common/colcon_ws/install/examples_rclcpp_minimal_publisher:/home/common/colcon_ws/install/examples_rclcpp_minimal_composition:/home/common/colcon_ws/install/examples_rclcpp_minimal_client:/home/common/colcon_ws/install/examples_rclcpp_minimal_action_server:/home/common/colcon_ws/install/examples_rclcpp_minimal_action_client:/home/common/colcon_ws/install/dynamixel_sdk /usr/bin/cmake --build /home/common/colcon_ws/build/tms_msg_db --target install -- -j8 -l8
[8.385s] [  0%] Built target tms_msg_db__cpp
[8.416s] [ 12%] Built target tms_msg_db__rosidl_generator_c
[8.477s] [ 25%] Built target tms_msg_db__rosidl_typesupport_introspection_cpp
[8.489s] [ 37%] Built target tms_msg_db__rosidl_typesupport_fastrtps_cpp
[8.503s] [ 49%] Built target tms_msg_db__rosidl_typesupport_introspection_c
[8.581s] [ 61%] Built target tms_msg_db__rosidl_typesupport_cpp
[8.584s] [ 73%] Built target tms_msg_db__rosidl_typesupport_fastrtps_c
[8.650s] [ 86%] Built target tms_msg_db__rosidl_typesupport_c
[8.691s] [ 86%] Built target tms_msg_db
[8.739s] [ 87%] Built target tms_msg_db__py
[8.821s] [ 98%] Built target tms_msg_db__python
[8.881s] [ 99%] Built target tms_msg_db__rosidl_typesupport_c__pyext
[8.886s] [100%] Built target tms_msg_db__rosidl_typesupport_fastrtps_c__pyext
[8.921s] [36mInstall the project...[0m
[8.937s] -- Install configuration: ""
[8.938s] -- Execute custom install script
[8.939s] -- Up-to-date symlink: /home/common/colcon_ws/install/tms_msg_db/share/ament_index/resource_index/rosidl_interfaces/tms_msg_db
[8.939s] -- Up-to-date symlink: /home/common/colcon_ws/install/tms_msg_db/lib/libtms_msg_db__rosidl_typesupport_c.so
[8.940s] -- Up-to-date symlink: /home/common/colcon_ws/install/tms_msg_db/share/tms_msg_db/environment/library_path.sh
[8.940s] -- Up-to-date symlink: /home/common/colcon_ws/install/tms_msg_db/lib/libtms_msg_db__rosidl_typesupport_cpp.so
[8.942s] -- Up-to-date symlink: /home/common/colcon_ws/install/tms_msg_db/include/tms_msg_db/msg/rosidl_typesupport_fastrtps_c__visibility_control.h
[8.943s] -- Up-to-date symlink: /home/common/colcon_ws/install/tms_msg_db/include/tms_msg_db/msg/tms_data__rosidl_typesupport_fastrtps_c.h
[8.943s] -- Up-to-date symlink: /home/common/colcon_ws/install/tms_msg_db/include/tms_msg_db/msg/tms_data_stamped__rosidl_typesupport_fastrtps_c.h
[8.943s] -- Up-to-date symlink: /home/common/colcon_ws/install/tms_msg_db/include/tms_msg_db/msg/tmsdb__rosidl_typesupport_fastrtps_c.h
[8.944s] -- Up-to-date symlink: /home/common/colcon_ws/install/tms_msg_db/include/tms_msg_db/msg/tmsdb_stamped__rosidl_typesupport_fastrtps_c.h
[8.944s] -- Up-to-date symlink: /home/common/colcon_ws/install/tms_msg_db/include/tms_msg_db/srv/tmsdb_get_data__rosidl_typesupport_fastrtps_c.h
[8.944s] -- Up-to-date symlink: /home/common/colcon_ws/install/tms_msg_db/include/tms_msg_db/srv/tmsdb_objectsdata__rosidl_typesupport_fastrtps_c.h
[8.944s] -- Up-to-date symlink: /home/common/colcon_ws/install/tms_msg_db/include/tms_msg_db/srv/tmsdb_planning__rosidl_typesupport_fastrtps_c.h
[8.945s] -- Up-to-date symlink: /home/common/colcon_ws/install/tms_msg_db/include/tms_msg_db/srv/tmsdbfileconservation__rosidl_typesupport_fastrtps_c.h
[8.945s] -- Up-to-date symlink: /home/common/colcon_ws/install/tms_msg_db/include/tms_msg_db/srv/tmsdbgetfurnituresinfo__rosidl_typesupport_fastrtps_c.h
[8.945s] -- Up-to-date symlink: /home/common/colcon_ws/install/tms_msg_db/include/tms_msg_db/srv/tmsdbgetmovablefurnituresinfo__rosidl_typesupport_fastrtps_c.h
[8.946s] -- Up-to-date symlink: /home/common/colcon_ws/install/tms_msg_db/include/tms_msg_db/srv/tmsdbgetobjectsinfo__rosidl_typesupport_fastrtps_c.h
[8.946s] -- Up-to-date symlink: /home/common/colcon_ws/install/tms_msg_db/include/tms_msg_db/srv/tmsdbgetpcdinfo__rosidl_typesupport_fastrtps_c.h
[8.946s] -- Up-to-date symlink: /home/common/colcon_ws/install/tms_msg_db/include/tms_msg_db/srv/tmsdbgetpersonbehaviorinfo__rosidl_typesupport_fastrtps_c.h
[8.947s] -- Up-to-date symlink: /home/common/colcon_ws/install/tms_msg_db/include/tms_msg_db/srv/tmsdbgetpersoninfo__rosidl_typesupport_fastrtps_c.h
[8.947s] -- Up-to-date symlink: /home/common/colcon_ws/install/tms_msg_db/include/tms_msg_db/srv/tmsdbgetrobotinfo__rosidl_typesupport_fastrtps_c.h
[8.947s] -- Up-to-date symlink: /home/common/colcon_ws/install/tms_msg_db/include/tms_msg_db/srv/tmsdbgetrobotsinfo__rosidl_typesupport_fastrtps_c.h
[8.947s] -- Up-to-date symlink: /home/common/colcon_ws/install/tms_msg_db/include/tms_msg_db/srv/tmsdbgettasklist__rosidl_typesupport_fastrtps_c.h
[8.948s] -- Up-to-date symlink: /home/common/colcon_ws/install/tms_msg_db/include/tms_msg_db/srv/tmsdbgetunknownobject__rosidl_typesupport_fastrtps_c.h
[8.948s] -- Up-to-date symlink: /home/common/colcon_ws/install/tms_msg_db/include/tms_msg_db/srv/tmsdbmissingobjectschecker__rosidl_typesupport_fastrtps_c.h
[8.948s] -- Up-to-date symlink: /home/common/colcon_ws/install/tms_msg_db/include/tms_msg_db/srv/tmsdbobjdt__rosidl_typesupport_fastrtps_c.h
[8.949s] -- Up-to-date symlink: /home/common/colcon_ws/install/tms_msg_db/lib/libtms_msg_db__rosidl_typesupport_fastrtps_c.so
[8.951s] -- Up-to-date symlink: /home/common/colcon_ws/install/tms_msg_db/include/tms_msg_db/msg/rosidl_generator_c__visibility_control.h
[8.951s] -- Up-to-date symlink: /home/common/colcon_ws/install/tms_msg_db/include/tms_msg_db/msg/tms_data.h
[8.952s] -- Up-to-date symlink: /home/common/colcon_ws/install/tms_msg_db/include/tms_msg_db/msg/tms_data__functions.h
[8.952s] -- Up-to-date symlink: /home/common/colcon_ws/install/tms_msg_db/include/tms_msg_db/msg/tms_data__struct.h
[8.952s] -- Up-to-date symlink: /home/common/colcon_ws/install/tms_msg_db/include/tms_msg_db/msg/tms_data__type_support.h
[8.953s] -- Up-to-date symlink: /home/common/colcon_ws/install/tms_msg_db/include/tms_msg_db/msg/tms_data_stamped.h
[8.953s] -- Up-to-date symlink: /home/common/colcon_ws/install/tms_msg_db/include/tms_msg_db/msg/tms_data_stamped__functions.h
[8.953s] -- Up-to-date symlink: /home/common/colcon_ws/install/tms_msg_db/include/tms_msg_db/msg/tms_data_stamped__struct.h
[8.954s] -- Up-to-date symlink: /home/common/colcon_ws/install/tms_msg_db/include/tms_msg_db/msg/tms_data_stamped__type_support.h
[8.954s] -- Up-to-date symlink: /home/common/colcon_ws/install/tms_msg_db/include/tms_msg_db/msg/tmsdb.h
[8.954s] -- Up-to-date symlink: /home/common/colcon_ws/install/tms_msg_db/include/tms_msg_db/msg/tmsdb__functions.h
[8.954s] -- Up-to-date symlink: /home/common/colcon_ws/install/tms_msg_db/include/tms_msg_db/msg/tmsdb__struct.h
[8.955s] -- Up-to-date symlink: /home/common/colcon_ws/install/tms_msg_db/include/tms_msg_db/msg/tmsdb__type_support.h
[8.955s] -- Up-to-date symlink: /home/common/colcon_ws/install/tms_msg_db/include/tms_msg_db/msg/tmsdb_stamped.h
[8.955s] -- Up-to-date symlink: /home/common/colcon_ws/install/tms_msg_db/include/tms_msg_db/msg/tmsdb_stamped__functions.h
[8.955s] -- Up-to-date symlink: /home/common/colcon_ws/install/tms_msg_db/include/tms_msg_db/msg/tmsdb_stamped__struct.h
[8.956s] -- Up-to-date symlink: /home/common/colcon_ws/install/tms_msg_db/include/tms_msg_db/msg/tmsdb_stamped__type_support.h
[8.956s] -- Up-to-date symlink: /home/common/colcon_ws/install/tms_msg_db/include/tms_msg_db/srv/tmsdb_get_data.h
[8.956s] -- Up-to-date symlink: /home/common/colcon_ws/install/tms_msg_db/include/tms_msg_db/srv/tmsdb_get_data__functions.h
[8.956s] -- Up-to-date symlink: /home/common/colcon_ws/install/tms_msg_db/include/tms_msg_db/srv/tmsdb_get_data__struct.h
[8.957s] -- Up-to-date symlink: /home/common/colcon_ws/install/tms_msg_db/include/tms_msg_db/srv/tmsdb_get_data__type_support.h
[8.957s] -- Up-to-date symlink: /home/common/colcon_ws/install/tms_msg_db/include/tms_msg_db/srv/tmsdb_objectsdata.h
[8.958s] -- Up-to-date symlink: /home/common/colcon_ws/install/tms_msg_db/include/tms_msg_db/srv/tmsdb_objectsdata__functions.h
[8.958s] -- Up-to-date symlink: /home/common/colcon_ws/install/tms_msg_db/include/tms_msg_db/srv/tmsdb_objectsdata__struct.h
[8.958s] -- Up-to-date symlink: /home/common/colcon_ws/install/tms_msg_db/include/tms_msg_db/srv/tmsdb_objectsdata__type_support.h
[8.958s] -- Up-to-date symlink: /home/common/colcon_ws/install/tms_msg_db/include/tms_msg_db/srv/tmsdb_planning.h
[8.959s] -- Up-to-date symlink: /home/common/colcon_ws/install/tms_msg_db/include/tms_msg_db/srv/tmsdb_planning__functions.h
[8.959s] -- Up-to-date symlink: /home/common/colcon_ws/install/tms_msg_db/include/tms_msg_db/srv/tmsdb_planning__struct.h
[8.959s] -- Up-to-date symlink: /home/common/colcon_ws/install/tms_msg_db/include/tms_msg_db/srv/tmsdb_planning__type_support.h
[8.959s] -- Up-to-date symlink: /home/common/colcon_ws/install/tms_msg_db/include/tms_msg_db/srv/tmsdbfileconservation.h
[8.960s] -- Up-to-date symlink: /home/common/colcon_ws/install/tms_msg_db/include/tms_msg_db/srv/tmsdbfileconservation__functions.h
[8.960s] -- Up-to-date symlink: /home/common/colcon_ws/install/tms_msg_db/include/tms_msg_db/srv/tmsdbfileconservation__struct.h
[8.960s] -- Up-to-date symlink: /home/common/colcon_ws/install/tms_msg_db/include/tms_msg_db/srv/tmsdbfileconservation__type_support.h
[8.961s] -- Up-to-date symlink: /home/common/colcon_ws/install/tms_msg_db/include/tms_msg_db/srv/tmsdbgetfurnituresinfo.h
[8.961s] -- Up-to-date symlink: /home/common/colcon_ws/install/tms_msg_db/include/tms_msg_db/srv/tmsdbgetfurnituresinfo__functions.h
[8.961s] -- Up-to-date symlink: /home/common/colcon_ws/install/tms_msg_db/include/tms_msg_db/srv/tmsdbgetfurnituresinfo__struct.h
[8.961s] -- Up-to-date symlink: /home/common/colcon_ws/install/tms_msg_db/include/tms_msg_db/srv/tmsdbgetfurnituresinfo__type_support.h
[8.962s] -- Up-to-date symlink: /home/common/colcon_ws/install/tms_msg_db/include/tms_msg_db/srv/tmsdbgetmovablefurnituresinfo.h
[8.962s] -- Up-to-date symlink: /home/common/colcon_ws/install/tms_msg_db/include/tms_msg_db/srv/tmsdbgetmovablefurnituresinfo__functions.h
[8.962s] -- Up-to-date symlink: /home/common/colcon_ws/install/tms_msg_db/include/tms_msg_db/srv/tmsdbgetmovablefurnituresinfo__struct.h
[8.962s] -- Up-to-date symlink: /home/common/colcon_ws/install/tms_msg_db/include/tms_msg_db/srv/tmsdbgetmovablefurnituresinfo__type_support.h
[8.963s] -- Up-to-date symlink: /home/common/colcon_ws/install/tms_msg_db/include/tms_msg_db/srv/tmsdbgetobjectsinfo.h
[8.963s] -- Up-to-date symlink: /home/common/colcon_ws/install/tms_msg_db/include/tms_msg_db/srv/tmsdbgetobjectsinfo__functions.h
[8.963s] -- Up-to-date symlink: /home/common/colcon_ws/install/tms_msg_db/include/tms_msg_db/srv/tmsdbgetobjectsinfo__struct.h
[8.963s] -- Up-to-date symlink: /home/common/colcon_ws/install/tms_msg_db/include/tms_msg_db/srv/tmsdbgetobjectsinfo__type_support.h
[8.964s] -- Up-to-date symlink: /home/common/colcon_ws/install/tms_msg_db/include/tms_msg_db/srv/tmsdbgetpcdinfo.h
[8.964s] -- Up-to-date symlink: /home/common/colcon_ws/install/tms_msg_db/include/tms_msg_db/srv/tmsdbgetpcdinfo__functions.h
[8.964s] -- Up-to-date symlink: /home/common/colcon_ws/install/tms_msg_db/include/tms_msg_db/srv/tmsdbgetpcdinfo__struct.h
[8.965s] -- Up-to-date symlink: /home/common/colcon_ws/install/tms_msg_db/include/tms_msg_db/srv/tmsdbgetpcdinfo__type_support.h
[8.965s] -- Up-to-date symlink: /home/common/colcon_ws/install/tms_msg_db/include/tms_msg_db/srv/tmsdbgetpersonbehaviorinfo.h
[8.965s] -- Up-to-date symlink: /home/common/colcon_ws/install/tms_msg_db/include/tms_msg_db/srv/tmsdbgetpersonbehaviorinfo__functions.h
[8.965s] -- Up-to-date symlink: /home/common/colcon_ws/install/tms_msg_db/include/tms_msg_db/srv/tmsdbgetpersonbehaviorinfo__struct.h
[8.966s] -- Up-to-date symlink: /home/common/colcon_ws/install/tms_msg_db/include/tms_msg_db/srv/tmsdbgetpersonbehaviorinfo__type_support.h
[8.966s] -- Up-to-date symlink: /home/common/colcon_ws/install/tms_msg_db/include/tms_msg_db/srv/tmsdbgetpersoninfo.h
[8.966s] -- Up-to-date symlink: /home/common/colcon_ws/install/tms_msg_db/include/tms_msg_db/srv/tmsdbgetpersoninfo__functions.h
[8.966s] -- Up-to-date symlink: /home/common/colcon_ws/install/tms_msg_db/include/tms_msg_db/srv/tmsdbgetpersoninfo__struct.h
[8.967s] -- Up-to-date symlink: /home/common/colcon_ws/install/tms_msg_db/include/tms_msg_db/srv/tmsdbgetpersoninfo__type_support.h
[8.967s] -- Up-to-date symlink: /home/common/colcon_ws/install/tms_msg_db/include/tms_msg_db/srv/tmsdbgetrobotinfo.h
[8.967s] -- Up-to-date symlink: /home/common/colcon_ws/install/tms_msg_db/include/tms_msg_db/srv/tmsdbgetrobotinfo__functions.h
[8.968s] -- Up-to-date symlink: /home/common/colcon_ws/install/tms_msg_db/include/tms_msg_db/srv/tmsdbgetrobotinfo__struct.h
[8.968s] -- Up-to-date symlink: /home/common/colcon_ws/install/tms_msg_db/include/tms_msg_db/srv/tmsdbgetrobotinfo__type_support.h
[8.968s] -- Up-to-date symlink: /home/common/colcon_ws/install/tms_msg_db/include/tms_msg_db/srv/tmsdbgetrobotsinfo.h
[8.968s] -- Up-to-date symlink: /home/common/colcon_ws/install/tms_msg_db/include/tms_msg_db/srv/tmsdbgetrobotsinfo__functions.h
[8.969s] -- Up-to-date symlink: /home/common/colcon_ws/install/tms_msg_db/include/tms_msg_db/srv/tmsdbgetrobotsinfo__struct.h
[8.969s] -- Up-to-date symlink: /home/common/colcon_ws/install/tms_msg_db/include/tms_msg_db/srv/tmsdbgetrobotsinfo__type_support.h
[8.969s] -- Up-to-date symlink: /home/common/colcon_ws/install/tms_msg_db/include/tms_msg_db/srv/tmsdbgettasklist.h
[8.969s] -- Up-to-date symlink: /home/common/colcon_ws/install/tms_msg_db/include/tms_msg_db/srv/tmsdbgettasklist__functions.h
[8.970s] -- Up-to-date symlink: /home/common/colcon_ws/install/tms_msg_db/include/tms_msg_db/srv/tmsdbgettasklist__struct.h
[8.970s] -- Up-to-date symlink: /home/common/colcon_ws/install/tms_msg_db/include/tms_msg_db/srv/tmsdbgettasklist__type_support.h
[8.970s] -- Up-to-date symlink: /home/common/colcon_ws/install/tms_msg_db/include/tms_msg_db/srv/tmsdbgetunknownobject.h
[8.970s] -- Up-to-date symlink: /home/common/colcon_ws/install/tms_msg_db/include/tms_msg_db/srv/tmsdbgetunknownobject__functions.h
[8.971s] -- Up-to-date symlink: /home/common/colcon_ws/install/tms_msg_db/include/tms_msg_db/srv/tmsdbgetunknownobject__struct.h
[8.971s] -- Up-to-date symlink: /home/common/colcon_ws/install/tms_msg_db/include/tms_msg_db/srv/tmsdbgetunknownobject__type_support.h
[8.971s] -- Up-to-date symlink: /home/common/colcon_ws/install/tms_msg_db/include/tms_msg_db/srv/tmsdbmissingobjectschecker.h
[8.972s] -- Up-to-date symlink: /home/common/colcon_ws/install/tms_msg_db/include/tms_msg_db/srv/tmsdbmissingobjectschecker__functions.h
[8.972s] -- Up-to-date symlink: /home/common/colcon_ws/install/tms_msg_db/include/tms_msg_db/srv/tmsdbmissingobjectschecker__struct.h
[8.972s] -- Up-to-date symlink: /home/common/colcon_ws/install/tms_msg_db/include/tms_msg_db/srv/tmsdbmissingobjectschecker__type_support.h
[8.972s] -- Up-to-date symlink: /home/common/colcon_ws/install/tms_msg_db/include/tms_msg_db/srv/tmsdbobjdt.h
[8.973s] -- Up-to-date symlink: /home/common/colcon_ws/install/tms_msg_db/include/tms_msg_db/srv/tmsdbobjdt__functions.h
[8.973s] -- Up-to-date symlink: /home/common/colcon_ws/install/tms_msg_db/include/tms_msg_db/srv/tmsdbobjdt__struct.h
[8.973s] -- Up-to-date symlink: /home/common/colcon_ws/install/tms_msg_db/include/tms_msg_db/srv/tmsdbobjdt__type_support.h
[8.974s] -- Up-to-date symlink: /home/common/colcon_ws/install/tms_msg_db/lib/libtms_msg_db__rosidl_generator_c.so
[8.976s] -- Up-to-date symlink: /home/common/colcon_ws/install/tms_msg_db/include/tms_msg_db/msg/rosidl_typesupport_fastrtps_cpp__visibility_control.h
[8.976s] -- Up-to-date symlink: /home/common/colcon_ws/install/tms_msg_db/include/tms_msg_db/msg/tms_data__rosidl_typesupport_fastrtps_cpp.hpp
[8.976s] -- Up-to-date symlink: /home/common/colcon_ws/install/tms_msg_db/include/tms_msg_db/msg/tms_data_stamped__rosidl_typesupport_fastrtps_cpp.hpp
[8.976s] -- Up-to-date symlink: /home/common/colcon_ws/install/tms_msg_db/include/tms_msg_db/msg/tmsdb__rosidl_typesupport_fastrtps_cpp.hpp
[8.977s] -- Up-to-date symlink: /home/common/colcon_ws/install/tms_msg_db/include/tms_msg_db/msg/tmsdb_stamped__rosidl_typesupport_fastrtps_cpp.hpp
[8.977s] -- Up-to-date symlink: /home/common/colcon_ws/install/tms_msg_db/include/tms_msg_db/srv/tmsdb_get_data__rosidl_typesupport_fastrtps_cpp.hpp
[8.977s] -- Up-to-date symlink: /home/common/colcon_ws/install/tms_msg_db/include/tms_msg_db/srv/tmsdb_objectsdata__rosidl_typesupport_fastrtps_cpp.hpp
[8.977s] -- Up-to-date symlink: /home/common/colcon_ws/install/tms_msg_db/include/tms_msg_db/srv/tmsdb_planning__rosidl_typesupport_fastrtps_cpp.hpp
[8.978s] -- Up-to-date symlink: /home/common/colcon_ws/install/tms_msg_db/include/tms_msg_db/srv/tmsdbfileconservation__rosidl_typesupport_fastrtps_cpp.hpp
[8.978s] -- Up-to-date symlink: /home/common/colcon_ws/install/tms_msg_db/include/tms_msg_db/srv/tmsdbgetfurnituresinfo__rosidl_typesupport_fastrtps_cpp.hpp
[8.978s] -- Up-to-date symlink: /home/common/colcon_ws/install/tms_msg_db/include/tms_msg_db/srv/tmsdbgetmovablefurnituresinfo__rosidl_typesupport_fastrtps_cpp.hpp
[8.978s] -- Up-to-date symlink: /home/common/colcon_ws/install/tms_msg_db/include/tms_msg_db/srv/tmsdbgetobjectsinfo__rosidl_typesupport_fastrtps_cpp.hpp
[8.979s] -- Up-to-date symlink: /home/common/colcon_ws/install/tms_msg_db/include/tms_msg_db/srv/tmsdbgetpcdinfo__rosidl_typesupport_fastrtps_cpp.hpp
[8.979s] -- Up-to-date symlink: /home/common/colcon_ws/install/tms_msg_db/include/tms_msg_db/srv/tmsdbgetpersonbehaviorinfo__rosidl_typesupport_fastrtps_cpp.hpp
[8.979s] -- Up-to-date symlink: /home/common/colcon_ws/install/tms_msg_db/include/tms_msg_db/srv/tmsdbgetpersoninfo__rosidl_typesupport_fastrtps_cpp.hpp
[8.980s] -- Up-to-date symlink: /home/common/colcon_ws/install/tms_msg_db/include/tms_msg_db/srv/tmsdbgetrobotinfo__rosidl_typesupport_fastrtps_cpp.hpp
[8.980s] -- Up-to-date symlink: /home/common/colcon_ws/install/tms_msg_db/include/tms_msg_db/srv/tmsdbgetrobotsinfo__rosidl_typesupport_fastrtps_cpp.hpp
[8.980s] -- Up-to-date symlink: /home/common/colcon_ws/install/tms_msg_db/include/tms_msg_db/srv/tmsdbgettasklist__rosidl_typesupport_fastrtps_cpp.hpp
[8.981s] -- Up-to-date symlink: /home/common/colcon_ws/install/tms_msg_db/include/tms_msg_db/srv/tmsdbgetunknownobject__rosidl_typesupport_fastrtps_cpp.hpp
[8.981s] -- Up-to-date symlink: /home/common/colcon_ws/install/tms_msg_db/include/tms_msg_db/srv/tmsdbmissingobjectschecker__rosidl_typesupport_fastrtps_cpp.hpp
[8.981s] -- Up-to-date symlink: /home/common/colcon_ws/install/tms_msg_db/include/tms_msg_db/srv/tmsdbobjdt__rosidl_typesupport_fastrtps_cpp.hpp
[8.982s] -- Up-to-date symlink: /home/common/colcon_ws/install/tms_msg_db/lib/libtms_msg_db__rosidl_typesupport_fastrtps_cpp.so
[8.983s] -- Up-to-date symlink: /home/common/colcon_ws/install/tms_msg_db/include/tms_msg_db/msg/tms_data.hpp
[8.984s] -- Up-to-date symlink: /home/common/colcon_ws/install/tms_msg_db/include/tms_msg_db/msg/tms_data__struct.hpp
[8.984s] -- Up-to-date symlink: /home/common/colcon_ws/install/tms_msg_db/include/tms_msg_db/msg/tms_data__traits.hpp
[8.984s] -- Up-to-date symlink: /home/common/colcon_ws/install/tms_msg_db/include/tms_msg_db/msg/tms_data_stamped.hpp
[8.985s] -- Up-to-date symlink: /home/common/colcon_ws/install/tms_msg_db/include/tms_msg_db/msg/tms_data_stamped__struct.hpp
[8.985s] -- Up-to-date symlink: /home/common/colcon_ws/install/tms_msg_db/include/tms_msg_db/msg/tms_data_stamped__traits.hpp
[8.985s] -- Up-to-date symlink: /home/common/colcon_ws/install/tms_msg_db/include/tms_msg_db/msg/tmsdb.hpp
[8.985s] -- Up-to-date symlink: /home/common/colcon_ws/install/tms_msg_db/include/tms_msg_db/msg/tmsdb__struct.hpp
[8.986s] -- Up-to-date symlink: /home/common/colcon_ws/install/tms_msg_db/include/tms_msg_db/msg/tmsdb__traits.hpp
[8.986s] -- Up-to-date symlink: /home/common/colcon_ws/install/tms_msg_db/include/tms_msg_db/msg/tmsdb_stamped.hpp
[8.986s] -- Up-to-date symlink: /home/common/colcon_ws/install/tms_msg_db/include/tms_msg_db/msg/tmsdb_stamped__struct.hpp
[8.987s] -- Up-to-date symlink: /home/common/colcon_ws/install/tms_msg_db/include/tms_msg_db/msg/tmsdb_stamped__traits.hpp
[8.987s] -- Up-to-date symlink: /home/common/colcon_ws/install/tms_msg_db/include/tms_msg_db/srv/tmsdb_get_data.hpp
[8.989s] -- Up-to-date symlink: /home/common/colcon_ws/install/tms_msg_db/include/tms_msg_db/srv/tmsdb_get_data__struct.hpp
[8.989s] -- Up-to-date symlink: /home/common/colcon_ws/install/tms_msg_db/include/tms_msg_db/srv/tmsdb_get_data__traits.hpp
[8.990s] -- Up-to-date symlink: /home/common/colcon_ws/install/tms_msg_db/include/tms_msg_db/srv/tmsdb_objectsdata.hpp
[8.990s] -- Up-to-date symlink: /home/common/colcon_ws/install/tms_msg_db/include/tms_msg_db/srv/tmsdb_objectsdata__struct.hpp
[8.990s] -- Up-to-date symlink: /home/common/colcon_ws/install/tms_msg_db/include/tms_msg_db/srv/tmsdb_objectsdata__traits.hpp
[8.990s] -- Up-to-date symlink: /home/common/colcon_ws/install/tms_msg_db/include/tms_msg_db/srv/tmsdb_planning.hpp
[8.990s] -- Up-to-date symlink: /home/common/colcon_ws/install/tms_msg_db/include/tms_msg_db/srv/tmsdb_planning__struct.hpp
[8.990s] -- Up-to-date symlink: /home/common/colcon_ws/install/tms_msg_db/include/tms_msg_db/srv/tmsdb_planning__traits.hpp
[8.991s] -- Up-to-date symlink: /home/common/colcon_ws/install/tms_msg_db/include/tms_msg_db/srv/tmsdbfileconservation.hpp
[8.991s] -- Up-to-date symlink: /home/common/colcon_ws/install/tms_msg_db/include/tms_msg_db/srv/tmsdbfileconservation__struct.hpp
[8.991s] -- Up-to-date symlink: /home/common/colcon_ws/install/tms_msg_db/include/tms_msg_db/srv/tmsdbfileconservation__traits.hpp
[8.991s] -- Up-to-date symlink: /home/common/colcon_ws/install/tms_msg_db/include/tms_msg_db/srv/tmsdbgetfurnituresinfo.hpp
[8.991s] -- Up-to-date symlink: /home/common/colcon_ws/install/tms_msg_db/include/tms_msg_db/srv/tmsdbgetfurnituresinfo__struct.hpp
[8.991s] -- Up-to-date symlink: /home/common/colcon_ws/install/tms_msg_db/include/tms_msg_db/srv/tmsdbgetfurnituresinfo__traits.hpp
[8.992s] -- Up-to-date symlink: /home/common/colcon_ws/install/tms_msg_db/include/tms_msg_db/srv/tmsdbgetmovablefurnituresinfo.hpp
[8.992s] -- Up-to-date symlink: /home/common/colcon_ws/install/tms_msg_db/include/tms_msg_db/srv/tmsdbgetmovablefurnituresinfo__struct.hpp
[8.992s] -- Up-to-date symlink: /home/common/colcon_ws/install/tms_msg_db/include/tms_msg_db/srv/tmsdbgetmovablefurnituresinfo__traits.hpp
[8.993s] -- Up-to-date symlink: /home/common/colcon_ws/install/tms_msg_db/include/tms_msg_db/srv/tmsdbgetobjectsinfo.hpp
[8.993s] -- Up-to-date symlink: /home/common/colcon_ws/install/tms_msg_db/include/tms_msg_db/srv/tmsdbgetobjectsinfo__struct.hpp
[8.993s] -- Up-to-date symlink: /home/common/colcon_ws/install/tms_msg_db/include/tms_msg_db/srv/tmsdbgetobjectsinfo__traits.hpp
[8.993s] -- Up-to-date symlink: /home/common/colcon_ws/install/tms_msg_db/include/tms_msg_db/srv/tmsdbgetpcdinfo.hpp
[8.994s] -- Up-to-date symlink: /home/common/colcon_ws/install/tms_msg_db/include/tms_msg_db/srv/tmsdbgetpcdinfo__struct.hpp
[8.994s] -- Up-to-date symlink: /home/common/colcon_ws/install/tms_msg_db/include/tms_msg_db/srv/tmsdbgetpcdinfo__traits.hpp
[8.994s] -- Up-to-date symlink: /home/common/colcon_ws/install/tms_msg_db/include/tms_msg_db/srv/tmsdbgetpersonbehaviorinfo.hpp
[8.995s] -- Up-to-date symlink: /home/common/colcon_ws/install/tms_msg_db/include/tms_msg_db/srv/tmsdbgetpersonbehaviorinfo__struct.hpp
[8.995s] -- Up-to-date symlink: /home/common/colcon_ws/install/tms_msg_db/include/tms_msg_db/srv/tmsdbgetpersonbehaviorinfo__traits.hpp
[8.995s] -- Up-to-date symlink: /home/common/colcon_ws/install/tms_msg_db/include/tms_msg_db/srv/tmsdbgetpersoninfo.hpp
[8.995s] -- Up-to-date symlink: /home/common/colcon_ws/install/tms_msg_db/include/tms_msg_db/srv/tmsdbgetpersoninfo__struct.hpp
[8.996s] -- Up-to-date symlink: /home/common/colcon_ws/install/tms_msg_db/include/tms_msg_db/srv/tmsdbgetpersoninfo__traits.hpp
[8.996s] -- Up-to-date symlink: /home/common/colcon_ws/install/tms_msg_db/include/tms_msg_db/srv/tmsdbgetrobotinfo.hpp
[8.996s] -- Up-to-date symlink: /home/common/colcon_ws/install/tms_msg_db/include/tms_msg_db/srv/tmsdbgetrobotinfo__struct.hpp
[8.997s] -- Up-to-date symlink: /home/common/colcon_ws/install/tms_msg_db/include/tms_msg_db/srv/tmsdbgetrobotinfo__traits.hpp
[8.997s] -- Up-to-date symlink: /home/common/colcon_ws/install/tms_msg_db/include/tms_msg_db/srv/tmsdbgetrobotsinfo.hpp
[8.997s] -- Up-to-date symlink: /home/common/colcon_ws/install/tms_msg_db/include/tms_msg_db/srv/tmsdbgetrobotsinfo__struct.hpp
[8.998s] -- Up-to-date symlink: /home/common/colcon_ws/install/tms_msg_db/include/tms_msg_db/srv/tmsdbgetrobotsinfo__traits.hpp
[8.998s] -- Up-to-date symlink: /home/common/colcon_ws/install/tms_msg_db/include/tms_msg_db/srv/tmsdbgettasklist.hpp
[8.998s] -- Up-to-date symlink: /home/common/colcon_ws/install/tms_msg_db/include/tms_msg_db/srv/tmsdbgettasklist__struct.hpp
[8.998s] -- Up-to-date symlink: /home/common/colcon_ws/install/tms_msg_db/include/tms_msg_db/srv/tmsdbgettasklist__traits.hpp
[8.999s] -- Up-to-date symlink: /home/common/colcon_ws/install/tms_msg_db/include/tms_msg_db/srv/tmsdbgetunknownobject.hpp
[8.999s] -- Up-to-date symlink: /home/common/colcon_ws/install/tms_msg_db/include/tms_msg_db/srv/tmsdbgetunknownobject__struct.hpp
[8.999s] -- Up-to-date symlink: /home/common/colcon_ws/install/tms_msg_db/include/tms_msg_db/srv/tmsdbgetunknownobject__traits.hpp
[8.999s] -- Up-to-date symlink: /home/common/colcon_ws/install/tms_msg_db/include/tms_msg_db/srv/tmsdbmissingobjectschecker.hpp
[9.000s] -- Up-to-date symlink: /home/common/colcon_ws/install/tms_msg_db/include/tms_msg_db/srv/tmsdbmissingobjectschecker__struct.hpp
[9.000s] -- Up-to-date symlink: /home/common/colcon_ws/install/tms_msg_db/include/tms_msg_db/srv/tmsdbmissingobjectschecker__traits.hpp
[9.000s] -- Up-to-date symlink: /home/common/colcon_ws/install/tms_msg_db/include/tms_msg_db/srv/tmsdbobjdt.hpp
[9.001s] -- Up-to-date symlink: /home/common/colcon_ws/install/tms_msg_db/include/tms_msg_db/srv/tmsdbobjdt__struct.hpp
[9.001s] -- Up-to-date symlink: /home/common/colcon_ws/install/tms_msg_db/include/tms_msg_db/srv/tmsdbobjdt__traits.hpp
[9.002s] -- Up-to-date symlink: /home/common/colcon_ws/install/tms_msg_db/include/tms_msg_db/msg/rosidl_typesupport_introspection_c__visibility_control.h
[9.002s] -- Up-to-date symlink: /home/common/colcon_ws/install/tms_msg_db/include/tms_msg_db/msg/tms_data__rosidl_typesupport_introspection_c.h
[9.003s] -- Up-to-date symlink: /home/common/colcon_ws/install/tms_msg_db/include/tms_msg_db/msg/tms_data_stamped__rosidl_typesupport_introspection_c.h
[9.003s] -- Up-to-date symlink: /home/common/colcon_ws/install/tms_msg_db/include/tms_msg_db/msg/tmsdb__rosidl_typesupport_introspection_c.h
[9.003s] -- Up-to-date symlink: /home/common/colcon_ws/install/tms_msg_db/include/tms_msg_db/msg/tmsdb_stamped__rosidl_typesupport_introspection_c.h
[9.004s] -- Up-to-date symlink: /home/common/colcon_ws/install/tms_msg_db/include/tms_msg_db/srv/tmsdb_get_data__rosidl_typesupport_introspection_c.h
[9.004s] -- Up-to-date symlink: /home/common/colcon_ws/install/tms_msg_db/include/tms_msg_db/srv/tmsdb_objectsdata__rosidl_typesupport_introspection_c.h
[9.004s] -- Up-to-date symlink: /home/common/colcon_ws/install/tms_msg_db/include/tms_msg_db/srv/tmsdb_planning__rosidl_typesupport_introspection_c.h
[9.004s] -- Up-to-date symlink: /home/common/colcon_ws/install/tms_msg_db/include/tms_msg_db/srv/tmsdbfileconservation__rosidl_typesupport_introspection_c.h
[9.005s] -- Up-to-date symlink: /home/common/colcon_ws/install/tms_msg_db/include/tms_msg_db/srv/tmsdbgetfurnituresinfo__rosidl_typesupport_introspection_c.h
[9.005s] -- Up-to-date symlink: /home/common/colcon_ws/install/tms_msg_db/include/tms_msg_db/srv/tmsdbgetmovablefurnituresinfo__rosidl_typesupport_introspection_c.h
[9.005s] -- Up-to-date symlink: /home/common/colcon_ws/install/tms_msg_db/include/tms_msg_db/srv/tmsdbgetobjectsinfo__rosidl_typesupport_introspection_c.h
[9.006s] -- Up-to-date symlink: /home/common/colcon_ws/install/tms_msg_db/include/tms_msg_db/srv/tmsdbgetpcdinfo__rosidl_typesupport_introspection_c.h
[9.006s] -- Up-to-date symlink: /home/common/colcon_ws/install/tms_msg_db/include/tms_msg_db/srv/tmsdbgetpersonbehaviorinfo__rosidl_typesupport_introspection_c.h
[9.006s] -- Up-to-date symlink: /home/common/colcon_ws/install/tms_msg_db/include/tms_msg_db/srv/tmsdbgetpersoninfo__rosidl_typesupport_introspection_c.h
[9.007s] -- Up-to-date symlink: /home/common/colcon_ws/install/tms_msg_db/include/tms_msg_db/srv/tmsdbgetrobotinfo__rosidl_typesupport_introspection_c.h
[9.007s] -- Up-to-date symlink: /home/common/colcon_ws/install/tms_msg_db/include/tms_msg_db/srv/tmsdbgetrobotsinfo__rosidl_typesupport_introspection_c.h
[9.007s] -- Up-to-date symlink: /home/common/colcon_ws/install/tms_msg_db/include/tms_msg_db/srv/tmsdbgettasklist__rosidl_typesupport_introspection_c.h
[9.007s] -- Up-to-date symlink: /home/common/colcon_ws/install/tms_msg_db/include/tms_msg_db/srv/tmsdbgetunknownobject__rosidl_typesupport_introspection_c.h
[9.008s] -- Up-to-date symlink: /home/common/colcon_ws/install/tms_msg_db/include/tms_msg_db/srv/tmsdbmissingobjectschecker__rosidl_typesupport_introspection_c.h
[9.008s] -- Up-to-date symlink: /home/common/colcon_ws/install/tms_msg_db/include/tms_msg_db/srv/tmsdbobjdt__rosidl_typesupport_introspection_c.h
[9.009s] -- Up-to-date symlink: /home/common/colcon_ws/install/tms_msg_db/lib/libtms_msg_db__rosidl_typesupport_introspection_c.so
[9.010s] -- Up-to-date symlink: /home/common/colcon_ws/install/tms_msg_db/include/tms_msg_db/msg/tms_data__rosidl_typesupport_introspection_cpp.hpp
[9.010s] -- Up-to-date symlink: /home/common/colcon_ws/install/tms_msg_db/include/tms_msg_db/msg/tms_data_stamped__rosidl_typesupport_introspection_cpp.hpp
[9.010s] -- Up-to-date symlink: /home/common/colcon_ws/install/tms_msg_db/include/tms_msg_db/msg/tmsdb__rosidl_typesupport_introspection_cpp.hpp
[9.010s] -- Up-to-date symlink: /home/common/colcon_ws/install/tms_msg_db/include/tms_msg_db/msg/tmsdb_stamped__rosidl_typesupport_introspection_cpp.hpp
[9.011s] -- Up-to-date symlink: /home/common/colcon_ws/install/tms_msg_db/include/tms_msg_db/srv/tmsdb_get_data__rosidl_typesupport_introspection_cpp.hpp
[9.011s] -- Up-to-date symlink: /home/common/colcon_ws/install/tms_msg_db/include/tms_msg_db/srv/tmsdb_objectsdata__rosidl_typesupport_introspection_cpp.hpp
[9.011s] -- Up-to-date symlink: /home/common/colcon_ws/install/tms_msg_db/include/tms_msg_db/srv/tmsdb_planning__rosidl_typesupport_introspection_cpp.hpp
[9.012s] -- Up-to-date symlink: /home/common/colcon_ws/install/tms_msg_db/include/tms_msg_db/srv/tmsdbfileconservation__rosidl_typesupport_introspection_cpp.hpp
[9.012s] -- Up-to-date symlink: /home/common/colcon_ws/install/tms_msg_db/include/tms_msg_db/srv/tmsdbgetfurnituresinfo__rosidl_typesupport_introspection_cpp.hpp
[9.012s] -- Up-to-date symlink: /home/common/colcon_ws/install/tms_msg_db/include/tms_msg_db/srv/tmsdbgetmovablefurnituresinfo__rosidl_typesupport_introspection_cpp.hpp
[9.012s] -- Up-to-date symlink: /home/common/colcon_ws/install/tms_msg_db/include/tms_msg_db/srv/tmsdbgetobjectsinfo__rosidl_typesupport_introspection_cpp.hpp
[9.013s] -- Up-to-date symlink: /home/common/colcon_ws/install/tms_msg_db/include/tms_msg_db/srv/tmsdbgetpcdinfo__rosidl_typesupport_introspection_cpp.hpp
[9.013s] -- Up-to-date symlink: /home/common/colcon_ws/install/tms_msg_db/include/tms_msg_db/srv/tmsdbgetpersonbehaviorinfo__rosidl_typesupport_introspection_cpp.hpp
[9.013s] -- Up-to-date symlink: /home/common/colcon_ws/install/tms_msg_db/include/tms_msg_db/srv/tmsdbgetpersoninfo__rosidl_typesupport_introspection_cpp.hpp
[9.013s] -- Up-to-date symlink: /home/common/colcon_ws/install/tms_msg_db/include/tms_msg_db/srv/tmsdbgetrobotinfo__rosidl_typesupport_introspection_cpp.hpp
[9.014s] -- Up-to-date symlink: /home/common/colcon_ws/install/tms_msg_db/include/tms_msg_db/srv/tmsdbgetrobotsinfo__rosidl_typesupport_introspection_cpp.hpp
[9.014s] -- Up-to-date symlink: /home/common/colcon_ws/install/tms_msg_db/include/tms_msg_db/srv/tmsdbgettasklist__rosidl_typesupport_introspection_cpp.hpp
[9.014s] -- Up-to-date symlink: /home/common/colcon_ws/install/tms_msg_db/include/tms_msg_db/srv/tmsdbgetunknownobject__rosidl_typesupport_introspection_cpp.hpp
[9.014s] -- Up-to-date symlink: /home/common/colcon_ws/install/tms_msg_db/include/tms_msg_db/srv/tmsdbmissingobjectschecker__rosidl_typesupport_introspection_cpp.hpp
[9.015s] -- Up-to-date symlink: /home/common/colcon_ws/install/tms_msg_db/include/tms_msg_db/srv/tmsdbobjdt__rosidl_typesupport_introspection_cpp.hpp
[9.015s] -- Up-to-date symlink: /home/common/colcon_ws/install/tms_msg_db/lib/libtms_msg_db__rosidl_typesupport_introspection_cpp.so
[9.016s] -- Up-to-date symlink: /home/common/colcon_ws/install/tms_msg_db/share/tms_msg_db/environment/pythonpath.sh
[9.016s] -- Up-to-date symlink: /home/common/colcon_ws/install/tms_msg_db/lib/python3.6/site-packages/tms_msg_db/__init__.py
[9.017s] -- Up-to-date symlink: /home/common/colcon_ws/install/tms_msg_db/lib/python3.6/site-packages/tms_msg_db/msg/__init__.py
[9.017s] -- Up-to-date symlink: /home/common/colcon_ws/install/tms_msg_db/lib/python3.6/site-packages/tms_msg_db/msg/_tms_data.py
[9.017s] -- Up-to-date symlink: /home/common/colcon_ws/install/tms_msg_db/lib/python3.6/site-packages/tms_msg_db/msg/_tms_data_stamped.py
[9.018s] -- Up-to-date symlink: /home/common/colcon_ws/install/tms_msg_db/lib/python3.6/site-packages/tms_msg_db/msg/_tmsdb.py
[9.018s] -- Up-to-date symlink: /home/common/colcon_ws/install/tms_msg_db/lib/python3.6/site-packages/tms_msg_db/msg/_tmsdb_stamped.py
[9.019s] -- Up-to-date symlink: /home/common/colcon_ws/install/tms_msg_db/lib/python3.6/site-packages/tms_msg_db/srv/__init__.py
[9.019s] -- Up-to-date symlink: /home/common/colcon_ws/install/tms_msg_db/lib/python3.6/site-packages/tms_msg_db/srv/_tmsdb_get_data.py
[9.020s] -- Up-to-date symlink: /home/common/colcon_ws/install/tms_msg_db/lib/python3.6/site-packages/tms_msg_db/srv/_tmsdb_objectsdata.py
[9.020s] -- Up-to-date symlink: /home/common/colcon_ws/install/tms_msg_db/lib/python3.6/site-packages/tms_msg_db/srv/_tmsdb_planning.py
[9.020s] -- Up-to-date symlink: /home/common/colcon_ws/install/tms_msg_db/lib/python3.6/site-packages/tms_msg_db/srv/_tmsdbfileconservation.py
[9.021s] -- Up-to-date symlink: /home/common/colcon_ws/install/tms_msg_db/lib/python3.6/site-packages/tms_msg_db/srv/_tmsdbgetfurnituresinfo.py
[9.021s] -- Up-to-date symlink: /home/common/colcon_ws/install/tms_msg_db/lib/python3.6/site-packages/tms_msg_db/srv/_tmsdbgetmovablefurnituresinfo.py
[9.021s] -- Up-to-date symlink: /home/common/colcon_ws/install/tms_msg_db/lib/python3.6/site-packages/tms_msg_db/srv/_tmsdbgetobjectsinfo.py
[9.021s] -- Up-to-date symlink: /home/common/colcon_ws/install/tms_msg_db/lib/python3.6/site-packages/tms_msg_db/srv/_tmsdbgetpcdinfo.py
[9.022s] -- Up-to-date symlink: /home/common/colcon_ws/install/tms_msg_db/lib/python3.6/site-packages/tms_msg_db/srv/_tmsdbgetpersonbehaviorinfo.py
[9.022s] -- Up-to-date symlink: /home/common/colcon_ws/install/tms_msg_db/lib/python3.6/site-packages/tms_msg_db/srv/_tmsdbgetpersoninfo.py
[9.022s] -- Up-to-date symlink: /home/common/colcon_ws/install/tms_msg_db/lib/python3.6/site-packages/tms_msg_db/srv/_tmsdbgetrobotinfo.py
[9.023s] -- Up-to-date symlink: /home/common/colcon_ws/install/tms_msg_db/lib/python3.6/site-packages/tms_msg_db/srv/_tmsdbgetrobotsinfo.py
[9.023s] -- Up-to-date symlink: /home/common/colcon_ws/install/tms_msg_db/lib/python3.6/site-packages/tms_msg_db/srv/_tmsdbgettasklist.py
[9.023s] -- Up-to-date symlink: /home/common/colcon_ws/install/tms_msg_db/lib/python3.6/site-packages/tms_msg_db/srv/_tmsdbgetunknownobject.py
[9.023s] -- Up-to-date symlink: /home/common/colcon_ws/install/tms_msg_db/lib/python3.6/site-packages/tms_msg_db/srv/_tmsdbmissingobjectschecker.py
[9.024s] -- Up-to-date symlink: /home/common/colcon_ws/install/tms_msg_db/lib/python3.6/site-packages/tms_msg_db/srv/_tmsdbobjdt.py
[9.024s] -- Up-to-date symlink: /home/common/colcon_ws/install/tms_msg_db/lib/python3.6/site-packages/tms_msg_db/tms_msg_db_s__rosidl_typesupport_c.cpython-36m-x86_64-linux-gnu.so
[9.025s] -- Up-to-date symlink: /home/common/colcon_ws/install/tms_msg_db/lib/python3.6/site-packages/tms_msg_db/tms_msg_db_s__rosidl_typesupport_fastrtps_c.cpython-36m-x86_64-linux-gnu.so
[9.025s] -- Up-to-date symlink: /home/common/colcon_ws/install/tms_msg_db/lib/libtms_msg_db__python.so
[9.026s] -- Up-to-date symlink: /home/common/colcon_ws/install/tms_msg_db/share/tms_msg_db/msg/Tmsdb.idl
[9.026s] -- Up-to-date symlink: /home/common/colcon_ws/install/tms_msg_db/share/tms_msg_db/msg/TmsdbStamped.idl
[9.027s] -- Up-to-date symlink: /home/common/colcon_ws/install/tms_msg_db/share/tms_msg_db/msg/TmsData.idl
[9.027s] -- Up-to-date symlink: /home/common/colcon_ws/install/tms_msg_db/share/tms_msg_db/msg/TmsDataStamped.idl
[9.028s] -- Up-to-date symlink: /home/common/colcon_ws/install/tms_msg_db/share/tms_msg_db/srv/TmsdbGetData.idl
[9.028s] -- Up-to-date symlink: /home/common/colcon_ws/install/tms_msg_db/share/tms_msg_db/srv/Tmsdbgetfurnituresinfo.idl
[9.029s] -- Up-to-date symlink: /home/common/colcon_ws/install/tms_msg_db/share/tms_msg_db/srv/Tmsdbgetmovablefurnituresinfo.idl
[9.029s] -- Up-to-date symlink: /home/common/colcon_ws/install/tms_msg_db/share/tms_msg_db/srv/Tmsdbgetobjectsinfo.idl
[9.029s] -- Up-to-date symlink: /home/common/colcon_ws/install/tms_msg_db/share/tms_msg_db/srv/Tmsdbgetpersoninfo.idl
[9.030s] -- Up-to-date symlink: /home/common/colcon_ws/install/tms_msg_db/share/tms_msg_db/srv/Tmsdbgetrobotsinfo.idl
[9.030s] -- Up-to-date symlink: /home/common/colcon_ws/install/tms_msg_db/share/tms_msg_db/srv/Tmsdbgetrobotinfo.idl
[9.031s] -- Up-to-date symlink: /home/common/colcon_ws/install/tms_msg_db/share/tms_msg_db/srv/Tmsdbgetpersonbehaviorinfo.idl
[9.031s] -- Up-to-date symlink: /home/common/colcon_ws/install/tms_msg_db/share/tms_msg_db/srv/Tmsdbgetpcdinfo.idl
[9.032s] -- Up-to-date symlink: /home/common/colcon_ws/install/tms_msg_db/share/tms_msg_db/srv/Tmsdbgettasklist.idl
[9.032s] -- Up-to-date symlink: /home/common/colcon_ws/install/tms_msg_db/share/tms_msg_db/srv/Tmsdbmissingobjectschecker.idl
[9.033s] -- Up-to-date symlink: /home/common/colcon_ws/install/tms_msg_db/share/tms_msg_db/srv/Tmsdbobjdt.idl
[9.033s] -- Up-to-date symlink: /home/common/colcon_ws/install/tms_msg_db/share/tms_msg_db/srv/TmsdbPlanning.idl
[9.033s] -- Up-to-date symlink: /home/common/colcon_ws/install/tms_msg_db/share/tms_msg_db/srv/Tmsdbfileconservation.idl
[9.034s] -- Up-to-date symlink: /home/common/colcon_ws/install/tms_msg_db/share/tms_msg_db/srv/TmsdbObjectsdata.idl
[9.034s] -- Up-to-date symlink: /home/common/colcon_ws/install/tms_msg_db/share/tms_msg_db/srv/Tmsdbgetunknownobject.idl
[9.035s] -- Up-to-date symlink: /home/common/colcon_ws/install/tms_msg_db/share/tms_msg_db/msg/Tmsdb.msg
[9.035s] -- Up-to-date symlink: /home/common/colcon_ws/install/tms_msg_db/share/tms_msg_db/msg/TmsdbStamped.msg
[9.036s] -- Up-to-date symlink: /home/common/colcon_ws/install/tms_msg_db/share/tms_msg_db/msg/TmsData.msg
[9.036s] -- Up-to-date symlink: /home/common/colcon_ws/install/tms_msg_db/share/tms_msg_db/msg/TmsDataStamped.msg
[9.037s] -- Up-to-date symlink: /home/common/colcon_ws/install/tms_msg_db/share/tms_msg_db/srv/TmsdbGetData.srv
[9.037s] -- Up-to-date symlink: /home/common/colcon_ws/install/tms_msg_db/share/tms_msg_db/srv/TmsdbGetData_Request.msg
[9.037s] -- Up-to-date symlink: /home/common/colcon_ws/install/tms_msg_db/share/tms_msg_db/srv/TmsdbGetData_Response.msg
[9.038s] -- Up-to-date symlink: /home/common/colcon_ws/install/tms_msg_db/share/tms_msg_db/srv/Tmsdbgetfurnituresinfo.srv
[9.038s] -- Up-to-date symlink: /home/common/colcon_ws/install/tms_msg_db/share/tms_msg_db/srv/Tmsdbgetfurnituresinfo_Request.msg
[9.039s] -- Up-to-date symlink: /home/common/colcon_ws/install/tms_msg_db/share/tms_msg_db/srv/Tmsdbgetfurnituresinfo_Response.msg
[9.039s] -- Up-to-date symlink: /home/common/colcon_ws/install/tms_msg_db/share/tms_msg_db/srv/Tmsdbgetmovablefurnituresinfo.srv
[9.040s] -- Up-to-date symlink: /home/common/colcon_ws/install/tms_msg_db/share/tms_msg_db/srv/Tmsdbgetmovablefurnituresinfo_Request.msg
[9.040s] -- Up-to-date symlink: /home/common/colcon_ws/install/tms_msg_db/share/tms_msg_db/srv/Tmsdbgetmovablefurnituresinfo_Response.msg
[9.040s] -- Up-to-date symlink: /home/common/colcon_ws/install/tms_msg_db/share/tms_msg_db/srv/Tmsdbgetobjectsinfo.srv
[9.041s] -- Up-to-date symlink: /home/common/colcon_ws/install/tms_msg_db/share/tms_msg_db/srv/Tmsdbgetobjectsinfo_Request.msg
[9.041s] -- Up-to-date symlink: /home/common/colcon_ws/install/tms_msg_db/share/tms_msg_db/srv/Tmsdbgetobjectsinfo_Response.msg
[9.042s] -- Up-to-date symlink: /home/common/colcon_ws/install/tms_msg_db/share/tms_msg_db/srv/Tmsdbgetpersoninfo.srv
[9.042s] -- Up-to-date symlink: /home/common/colcon_ws/install/tms_msg_db/share/tms_msg_db/srv/Tmsdbgetpersoninfo_Request.msg
[9.043s] -- Up-to-date symlink: /home/common/colcon_ws/install/tms_msg_db/share/tms_msg_db/srv/Tmsdbgetpersoninfo_Response.msg
[9.043s] -- Up-to-date symlink: /home/common/colcon_ws/install/tms_msg_db/share/tms_msg_db/srv/Tmsdbgetrobotsinfo.srv
[9.043s] -- Up-to-date symlink: /home/common/colcon_ws/install/tms_msg_db/share/tms_msg_db/srv/Tmsdbgetrobotsinfo_Request.msg
[9.044s] -- Up-to-date symlink: /home/common/colcon_ws/install/tms_msg_db/share/tms_msg_db/srv/Tmsdbgetrobotsinfo_Response.msg
[9.044s] -- Up-to-date symlink: /home/common/colcon_ws/install/tms_msg_db/share/tms_msg_db/srv/Tmsdbgetrobotinfo.srv
[9.045s] -- Up-to-date symlink: /home/common/colcon_ws/install/tms_msg_db/share/tms_msg_db/srv/Tmsdbgetrobotinfo_Request.msg
[9.045s] -- Up-to-date symlink: /home/common/colcon_ws/install/tms_msg_db/share/tms_msg_db/srv/Tmsdbgetrobotinfo_Response.msg
[9.045s] -- Up-to-date symlink: /home/common/colcon_ws/install/tms_msg_db/share/tms_msg_db/srv/Tmsdbgetpersonbehaviorinfo.srv
[9.046s] -- Up-to-date symlink: /home/common/colcon_ws/install/tms_msg_db/share/tms_msg_db/srv/Tmsdbgetpersonbehaviorinfo_Request.msg
[9.046s] -- Up-to-date symlink: /home/common/colcon_ws/install/tms_msg_db/share/tms_msg_db/srv/Tmsdbgetpersonbehaviorinfo_Response.msg
[9.047s] -- Up-to-date symlink: /home/common/colcon_ws/install/tms_msg_db/share/tms_msg_db/srv/Tmsdbgetpcdinfo.srv
[9.047s] -- Up-to-date symlink: /home/common/colcon_ws/install/tms_msg_db/share/tms_msg_db/srv/Tmsdbgetpcdinfo_Request.msg
[9.048s] -- Up-to-date symlink: /home/common/colcon_ws/install/tms_msg_db/share/tms_msg_db/srv/Tmsdbgetpcdinfo_Response.msg
[9.048s] -- Up-to-date symlink: /home/common/colcon_ws/install/tms_msg_db/share/tms_msg_db/srv/Tmsdbgettasklist.srv
[9.048s] -- Up-to-date symlink: /home/common/colcon_ws/install/tms_msg_db/share/tms_msg_db/srv/Tmsdbgettasklist_Request.msg
[9.049s] -- Up-to-date symlink: /home/common/colcon_ws/install/tms_msg_db/share/tms_msg_db/srv/Tmsdbgettasklist_Response.msg
[9.049s] -- Up-to-date symlink: /home/common/colcon_ws/install/tms_msg_db/share/tms_msg_db/srv/Tmsdbmissingobjectschecker.srv
[9.050s] -- Up-to-date symlink: /home/common/colcon_ws/install/tms_msg_db/share/tms_msg_db/srv/Tmsdbmissingobjectschecker_Request.msg
[9.050s] -- Up-to-date symlink: /home/common/colcon_ws/install/tms_msg_db/share/tms_msg_db/srv/Tmsdbmissingobjectschecker_Response.msg
[9.050s] -- Up-to-date symlink: /home/common/colcon_ws/install/tms_msg_db/share/tms_msg_db/srv/Tmsdbobjdt.srv
[9.051s] -- Up-to-date symlink: /home/common/colcon_ws/install/tms_msg_db/share/tms_msg_db/srv/Tmsdbobjdt_Request.msg
[9.051s] -- Up-to-date symlink: /home/common/colcon_ws/install/tms_msg_db/share/tms_msg_db/srv/Tmsdbobjdt_Response.msg
[9.052s] -- Up-to-date symlink: /home/common/colcon_ws/install/tms_msg_db/share/tms_msg_db/srv/TmsdbPlanning.srv
[9.052s] -- Up-to-date symlink: /home/common/colcon_ws/install/tms_msg_db/share/tms_msg_db/srv/TmsdbPlanning_Request.msg
[9.053s] -- Up-to-date symlink: /home/common/colcon_ws/install/tms_msg_db/share/tms_msg_db/srv/TmsdbPlanning_Response.msg
[9.053s] -- Up-to-date symlink: /home/common/colcon_ws/install/tms_msg_db/share/tms_msg_db/srv/Tmsdbfileconservation.srv
[9.054s] -- Up-to-date symlink: /home/common/colcon_ws/install/tms_msg_db/share/tms_msg_db/srv/Tmsdbfileconservation_Request.msg
[9.054s] -- Up-to-date symlink: /home/common/colcon_ws/install/tms_msg_db/share/tms_msg_db/srv/Tmsdbfileconservation_Response.msg
[9.055s] -- Up-to-date symlink: /home/common/colcon_ws/install/tms_msg_db/share/tms_msg_db/srv/TmsdbObjectsdata.srv
[9.055s] -- Up-to-date symlink: /home/common/colcon_ws/install/tms_msg_db/share/tms_msg_db/srv/TmsdbObjectsdata_Request.msg
[9.055s] -- Up-to-date symlink: /home/common/colcon_ws/install/tms_msg_db/share/tms_msg_db/srv/TmsdbObjectsdata_Response.msg
[9.056s] -- Up-to-date symlink: /home/common/colcon_ws/install/tms_msg_db/share/tms_msg_db/srv/Tmsdbgetunknownobject.srv
[9.056s] -- Up-to-date symlink: /home/common/colcon_ws/install/tms_msg_db/share/tms_msg_db/srv/Tmsdbgetunknownobject_Request.msg
[9.057s] -- Up-to-date symlink: /home/common/colcon_ws/install/tms_msg_db/share/tms_msg_db/srv/Tmsdbgetunknownobject_Response.msg
[9.057s] -- Up-to-date symlink: /home/common/colcon_ws/install/tms_msg_db/share/ament_index/resource_index/package_run_dependencies/tms_msg_db
[9.058s] -- Up-to-date symlink: /home/common/colcon_ws/install/tms_msg_db/share/ament_index/resource_index/parent_prefix_path/tms_msg_db
[9.058s] -- Up-to-date symlink: /home/common/colcon_ws/install/tms_msg_db/share/tms_msg_db/environment/ament_prefix_path.sh
[9.058s] -- Up-to-date symlink: /home/common/colcon_ws/install/tms_msg_db/share/tms_msg_db/environment/path.sh
[9.059s] -- Up-to-date symlink: /home/common/colcon_ws/install/tms_msg_db/share/tms_msg_db/local_setup.bash
[9.059s] -- Up-to-date symlink: /home/common/colcon_ws/install/tms_msg_db/share/tms_msg_db/local_setup.sh
[9.060s] -- Up-to-date symlink: /home/common/colcon_ws/install/tms_msg_db/share/tms_msg_db/local_setup.zsh
[9.060s] -- Up-to-date symlink: /home/common/colcon_ws/install/tms_msg_db/share/ament_index/resource_index/packages/tms_msg_db
[9.060s] -- Up-to-date symlink: /home/common/colcon_ws/install/tms_msg_db/share/tms_msg_db/cmake/rosidl_cmake-extras.cmake
[9.061s] -- Up-to-date symlink: /home/common/colcon_ws/install/tms_msg_db/share/tms_msg_db/cmake/ament_cmake_export_dependencies-extras.cmake
[9.061s] -- Up-to-date symlink: /home/common/colcon_ws/install/tms_msg_db/share/tms_msg_db/cmake/ament_cmake_export_libraries-extras.cmake
[9.062s] -- Up-to-date symlink: /home/common/colcon_ws/install/tms_msg_db/share/tms_msg_db/cmake/ament_cmake_export_include_directories-extras.cmake
[9.062s] -- Up-to-date symlink: /home/common/colcon_ws/install/tms_msg_db/share/tms_msg_db/cmake/tms_msg_dbConfig.cmake
[9.062s] -- Up-to-date symlink: /home/common/colcon_ws/install/tms_msg_db/share/tms_msg_db/cmake/tms_msg_dbConfig-version.cmake
[9.063s] -- Up-to-date symlink: /home/common/colcon_ws/install/tms_msg_db/share/tms_msg_db/package.xml
[9.155s] Compiling '/home/common/colcon_ws/install/tms_msg_db/lib/python3.6/site-packages/tms_msg_db/__init__.py'...
[9.165s] Invoked command in '/home/common/colcon_ws/build/tms_msg_db' returned '0': CMAKE_PREFIX_PATH=/home/common/colcon_ws/install/octomap_msgs:/home/common/colcon_ws/install/turtlebot3_teleop:/home/common/colcon_ws/install/tms_ur_speaker:/home/common/colcon_ws/install/tms_ur_listener:/home/common/colcon_ws/install/tms_ts_ts:/home/common/colcon_ws/install/tms_ts_test:/home/common/colcon_ws/install/tms_ts_subtask:/home/common/colcon_ws/install/tms_ss_whs1:/home/common/colcon_ws/install/tms_rc_double:/home/common/colcon_ws/install/tms_db_manager:/opt/ros/dashing:/opt/ros/melodic:/home/common/colcon_ws/install/turtlebot3:/home/common/colcon_ws/install/turtlebot3_simulations:/home/common/colcon_ws/install/turtlebot3_bringup:/home/common/colcon_ws/install/turtlebot3_node:/home/common/colcon_ws/install/turtlebot3_navigation2:/home/common/colcon_ws/install/turtlebot3_fake_node:/home/common/colcon_ws/install/doublenode:/home/common/colcon_ws/install/turtlebot3_msgs:/home/common/colcon_ws/install/turtlebot3_gazebo:/home/common/colcon_ws/install/turtlebot3_description:/home/common/colcon_ws/install/turtlebot3_cartographer:/home/common/colcon_ws/install/tms_ss_vicon:/home/common/colcon_ws/install/tms_rc_tfnode:/home/common/colcon_ws/install/tms_rc_bot:/home/common/colcon_ws/install/tms_nw_rp:/home/common/colcon_ws/install/tms_msg_ur:/home/common/colcon_ws/install/tms_msg_ts:/home/common/colcon_ws/install/tms_msg_ss:/home/common/colcon_ws/install/tms_msg_rc:/home/common/colcon_ws/install/tms_msg_db:/home/common/colcon_ws/install/object_recognition_msgs:/home/common/colcon_ws/install/hls_lfcd_lds_driver:/home/common/colcon_ws/install/examples_rclcpp_minimal_timer:/home/common/colcon_ws/install/examples_rclcpp_minimal_subscriber:/home/common/colcon_ws/install/examples_rclcpp_minimal_service:/home/common/colcon_ws/install/examples_rclcpp_minimal_publisher:/home/common/colcon_ws/install/examples_rclcpp_minimal_composition:/home/common/colcon_ws/install/examples_rclcpp_minimal_client:/home/common/colcon_ws/install/examples_rclcpp_minimal_action_server:/home/common/colcon_ws/install/examples_rclcpp_minimal_action_client:/home/common/colcon_ws/install/dynamixel_sdk /usr/bin/cmake --build /home/common/colcon_ws/build/tms_msg_db --target install -- -j8 -l8
