[0.202s] [ 50%] Built target action_server_not_composable
[0.202s] [100%] Built target action_server_member_functions
[0.485s] [ 50%] Built target action_server_not_composable
[0.506s] [100%] Built target action_server_member_functions
[0.537s] [36mInstall the project...[0m
[0.550s] -- Install configuration: ""
[0.551s] -- Execute custom install script
[0.552s] -- Up-to-date symlink: /home/common/colcon_ws/install/examples_rclcpp_minimal_action_server/lib/examples_rclcpp_minimal_action_server/action_server_not_composable
[0.552s] -- Up-to-date symlink: /home/common/colcon_ws/install/examples_rclcpp_minimal_action_server/lib/examples_rclcpp_minimal_action_server/action_server_member_functions
[0.552s] -- Up-to-date symlink: /home/common/colcon_ws/install/examples_rclcpp_minimal_action_server/share/ament_index/resource_index/package_run_dependencies/examples_rclcpp_minimal_action_server
[0.552s] -- Up-to-date symlink: /home/common/colcon_ws/install/examples_rclcpp_minimal_action_server/share/ament_index/resource_index/parent_prefix_path/examples_rclcpp_minimal_action_server
[0.552s] -- Up-to-date symlink: /home/common/colcon_ws/install/examples_rclcpp_minimal_action_server/share/examples_rclcpp_minimal_action_server/environment/ament_prefix_path.sh
[0.553s] -- Up-to-date symlink: /home/common/colcon_ws/install/examples_rclcpp_minimal_action_server/share/examples_rclcpp_minimal_action_server/environment/path.sh
[0.553s] -- Up-to-date symlink: /home/common/colcon_ws/install/examples_rclcpp_minimal_action_server/share/examples_rclcpp_minimal_action_server/local_setup.bash
[0.553s] -- Up-to-date symlink: /home/common/colcon_ws/install/examples_rclcpp_minimal_action_server/share/examples_rclcpp_minimal_action_server/local_setup.sh
[0.554s] -- Up-to-date symlink: /home/common/colcon_ws/install/examples_rclcpp_minimal_action_server/share/examples_rclcpp_minimal_action_server/local_setup.zsh
[0.554s] -- Up-to-date symlink: /home/common/colcon_ws/install/examples_rclcpp_minimal_action_server/share/ament_index/resource_index/packages/examples_rclcpp_minimal_action_server
[0.554s] -- Up-to-date symlink: /home/common/colcon_ws/install/examples_rclcpp_minimal_action_server/share/examples_rclcpp_minimal_action_server/cmake/examples_rclcpp_minimal_action_serverConfig.cmake
[0.554s] -- Up-to-date symlink: /home/common/colcon_ws/install/examples_rclcpp_minimal_action_server/share/examples_rclcpp_minimal_action_server/cmake/examples_rclcpp_minimal_action_serverConfig-version.cmake
[0.555s] -- Up-to-date symlink: /home/common/colcon_ws/install/examples_rclcpp_minimal_action_server/share/examples_rclcpp_minimal_action_server/package.xml
