[0.195s] [  0%] Built target tms_msg_db__cpp
[0.223s] [ 12%] Built target tms_msg_db__rosidl_generator_c
[0.272s] [ 25%] Built target tms_msg_db__rosidl_typesupport_introspection_cpp
[0.297s] [ 37%] Built target tms_msg_db__rosidl_typesupport_fastrtps_cpp
[0.311s] [ 49%] Built target tms_msg_db__rosidl_typesupport_introspection_c
[0.375s] [ 61%] Built target tms_msg_db__rosidl_typesupport_fastrtps_c
[0.387s] [ 73%] Built target tms_msg_db__rosidl_typesupport_cpp
[0.424s] [ 86%] Built target tms_msg_db__rosidl_typesupport_c
[0.455s] [ 86%] Built target tms_msg_db
[0.512s] [ 87%] Built target tms_msg_db__py
[0.614s] [ 98%] Built target tms_msg_db__python
[0.664s] [ 99%] Built target tms_msg_db__rosidl_typesupport_c__pyext
[0.673s] [100%] Built target tms_msg_db__rosidl_typesupport_fastrtps_c__pyext
[1.836s] [  0%] Built target tms_msg_db__cpp
[1.845s] [ 12%] Built target tms_msg_db__rosidl_generator_c
[1.922s] [ 25%] Built target tms_msg_db__rosidl_typesupport_introspection_cpp
[1.944s] [ 37%] Built target tms_msg_db__rosidl_typesupport_introspection_c
[1.973s] [ 49%] Built target tms_msg_db__rosidl_typesupport_fastrtps_cpp
[2.048s] [ 61%] Built target tms_msg_db__rosidl_typesupport_cpp
[2.069s] [ 73%] Built target tms_msg_db__rosidl_typesupport_fastrtps_c
[2.161s] [ 86%] Built target tms_msg_db__rosidl_typesupport_c
[2.249s] [ 86%] Built target tms_msg_db
[2.305s] [ 87%] Built target tms_msg_db__py
[2.405s] [ 98%] Built target tms_msg_db__python
[2.465s] [ 99%] Built target tms_msg_db__rosidl_typesupport_fastrtps_c__pyext
[2.466s] [100%] Built target tms_msg_db__rosidl_typesupport_c__pyext
[2.511s] [36mInstall the project...[0m
[2.528s] -- Install configuration: ""
[2.528s] -- Execute custom install script
[2.528s] -- Up-to-date symlink: /home/common/colcon_ws/install/tms_msg_db/share/ament_index/resource_index/rosidl_interfaces/tms_msg_db
[2.529s] -- Up-to-date symlink: /home/common/colcon_ws/install/tms_msg_db/lib/libtms_msg_db__rosidl_typesupport_c.so
[2.529s] -- Up-to-date symlink: /home/common/colcon_ws/install/tms_msg_db/share/tms_msg_db/environment/library_path.sh
[2.530s] -- Up-to-date symlink: /home/common/colcon_ws/install/tms_msg_db/lib/libtms_msg_db__rosidl_typesupport_cpp.so
[2.532s] -- Up-to-date symlink: /home/common/colcon_ws/install/tms_msg_db/include/tms_msg_db/msg/rosidl_typesupport_fastrtps_c__visibility_control.h
[2.532s] -- Up-to-date symlink: /home/common/colcon_ws/install/tms_msg_db/include/tms_msg_db/msg/tms_data__rosidl_typesupport_fastrtps_c.h
[2.533s] -- Up-to-date symlink: /home/common/colcon_ws/install/tms_msg_db/include/tms_msg_db/msg/tms_data_stamped__rosidl_typesupport_fastrtps_c.h
[2.533s] -- Up-to-date symlink: /home/common/colcon_ws/install/tms_msg_db/include/tms_msg_db/msg/tmsdb__rosidl_typesupport_fastrtps_c.h
[2.534s] -- Up-to-date symlink: /home/common/colcon_ws/install/tms_msg_db/include/tms_msg_db/msg/tmsdb_stamped__rosidl_typesupport_fastrtps_c.h
[2.534s] -- Up-to-date symlink: /home/common/colcon_ws/install/tms_msg_db/include/tms_msg_db/srv/tmsdb_get_data__rosidl_typesupport_fastrtps_c.h
[2.534s] -- Up-to-date symlink: /home/common/colcon_ws/install/tms_msg_db/include/tms_msg_db/srv/tmsdb_objectsdata__rosidl_typesupport_fastrtps_c.h
[2.535s] -- Up-to-date symlink: /home/common/colcon_ws/install/tms_msg_db/include/tms_msg_db/srv/tmsdb_planning__rosidl_typesupport_fastrtps_c.h
[2.535s] -- Up-to-date symlink: /home/common/colcon_ws/install/tms_msg_db/include/tms_msg_db/srv/tmsdbfileconservation__rosidl_typesupport_fastrtps_c.h
[2.535s] -- Up-to-date symlink: /home/common/colcon_ws/install/tms_msg_db/include/tms_msg_db/srv/tmsdbgetfurnituresinfo__rosidl_typesupport_fastrtps_c.h
[2.536s] -- Up-to-date symlink: /home/common/colcon_ws/install/tms_msg_db/include/tms_msg_db/srv/tmsdbgetmovablefurnituresinfo__rosidl_typesupport_fastrtps_c.h
[2.536s] -- Up-to-date symlink: /home/common/colcon_ws/install/tms_msg_db/include/tms_msg_db/srv/tmsdbgetobjectsinfo__rosidl_typesupport_fastrtps_c.h
[2.536s] -- Up-to-date symlink: /home/common/colcon_ws/install/tms_msg_db/include/tms_msg_db/srv/tmsdbgetpcdinfo__rosidl_typesupport_fastrtps_c.h
[2.537s] -- Up-to-date symlink: /home/common/colcon_ws/install/tms_msg_db/include/tms_msg_db/srv/tmsdbgetpersonbehaviorinfo__rosidl_typesupport_fastrtps_c.h
[2.537s] -- Up-to-date symlink: /home/common/colcon_ws/install/tms_msg_db/include/tms_msg_db/srv/tmsdbgetpersoninfo__rosidl_typesupport_fastrtps_c.h
[2.538s] -- Up-to-date symlink: /home/common/colcon_ws/install/tms_msg_db/include/tms_msg_db/srv/tmsdbgetrobotinfo__rosidl_typesupport_fastrtps_c.h
[2.538s] -- Up-to-date symlink: /home/common/colcon_ws/install/tms_msg_db/include/tms_msg_db/srv/tmsdbgetrobotsinfo__rosidl_typesupport_fastrtps_c.h
[2.538s] -- Up-to-date symlink: /home/common/colcon_ws/install/tms_msg_db/include/tms_msg_db/srv/tmsdbgettasklist__rosidl_typesupport_fastrtps_c.h
[2.539s] -- Up-to-date symlink: /home/common/colcon_ws/install/tms_msg_db/include/tms_msg_db/srv/tmsdbgetunknownobject__rosidl_typesupport_fastrtps_c.h
[2.539s] -- Up-to-date symlink: /home/common/colcon_ws/install/tms_msg_db/include/tms_msg_db/srv/tmsdbmissingobjectschecker__rosidl_typesupport_fastrtps_c.h
[2.539s] -- Up-to-date symlink: /home/common/colcon_ws/install/tms_msg_db/include/tms_msg_db/srv/tmsdbobjdt__rosidl_typesupport_fastrtps_c.h
[2.540s] -- Up-to-date symlink: /home/common/colcon_ws/install/tms_msg_db/lib/libtms_msg_db__rosidl_typesupport_fastrtps_c.so
[2.543s] -- Up-to-date symlink: /home/common/colcon_ws/install/tms_msg_db/include/tms_msg_db/msg/rosidl_generator_c__visibility_control.h
[2.543s] -- Up-to-date symlink: /home/common/colcon_ws/install/tms_msg_db/include/tms_msg_db/msg/tms_data.h
[2.543s] -- Up-to-date symlink: /home/common/colcon_ws/install/tms_msg_db/include/tms_msg_db/msg/tms_data__functions.h
[2.543s] -- Up-to-date symlink: /home/common/colcon_ws/install/tms_msg_db/include/tms_msg_db/msg/tms_data__struct.h
[2.544s] -- Up-to-date symlink: /home/common/colcon_ws/install/tms_msg_db/include/tms_msg_db/msg/tms_data__type_support.h
[2.544s] -- Up-to-date symlink: /home/common/colcon_ws/install/tms_msg_db/include/tms_msg_db/msg/tms_data_stamped.h
[2.544s] -- Up-to-date symlink: /home/common/colcon_ws/install/tms_msg_db/include/tms_msg_db/msg/tms_data_stamped__functions.h
[2.544s] -- Up-to-date symlink: /home/common/colcon_ws/install/tms_msg_db/include/tms_msg_db/msg/tms_data_stamped__struct.h
[2.545s] -- Up-to-date symlink: /home/common/colcon_ws/install/tms_msg_db/include/tms_msg_db/msg/tms_data_stamped__type_support.h
[2.545s] -- Up-to-date symlink: /home/common/colcon_ws/install/tms_msg_db/include/tms_msg_db/msg/tmsdb.h
[2.545s] -- Up-to-date symlink: /home/common/colcon_ws/install/tms_msg_db/include/tms_msg_db/msg/tmsdb__functions.h
[2.546s] -- Up-to-date symlink: /home/common/colcon_ws/install/tms_msg_db/include/tms_msg_db/msg/tmsdb__struct.h
[2.546s] -- Up-to-date symlink: /home/common/colcon_ws/install/tms_msg_db/include/tms_msg_db/msg/tmsdb__type_support.h
[2.546s] -- Up-to-date symlink: /home/common/colcon_ws/install/tms_msg_db/include/tms_msg_db/msg/tmsdb_stamped.h
[2.546s] -- Up-to-date symlink: /home/common/colcon_ws/install/tms_msg_db/include/tms_msg_db/msg/tmsdb_stamped__functions.h
[2.547s] -- Up-to-date symlink: /home/common/colcon_ws/install/tms_msg_db/include/tms_msg_db/msg/tmsdb_stamped__struct.h
[2.547s] -- Up-to-date symlink: /home/common/colcon_ws/install/tms_msg_db/include/tms_msg_db/msg/tmsdb_stamped__type_support.h
[2.547s] -- Up-to-date symlink: /home/common/colcon_ws/install/tms_msg_db/include/tms_msg_db/srv/tmsdb_get_data.h
[2.548s] -- Up-to-date symlink: /home/common/colcon_ws/install/tms_msg_db/include/tms_msg_db/srv/tmsdb_get_data__functions.h
[2.548s] -- Up-to-date symlink: /home/common/colcon_ws/install/tms_msg_db/include/tms_msg_db/srv/tmsdb_get_data__struct.h
[2.548s] -- Up-to-date symlink: /home/common/colcon_ws/install/tms_msg_db/include/tms_msg_db/srv/tmsdb_get_data__type_support.h
[2.548s] -- Up-to-date symlink: /home/common/colcon_ws/install/tms_msg_db/include/tms_msg_db/srv/tmsdb_objectsdata.h
[2.549s] -- Up-to-date symlink: /home/common/colcon_ws/install/tms_msg_db/include/tms_msg_db/srv/tmsdb_objectsdata__functions.h
[2.549s] -- Up-to-date symlink: /home/common/colcon_ws/install/tms_msg_db/include/tms_msg_db/srv/tmsdb_objectsdata__struct.h
[2.550s] -- Up-to-date symlink: /home/common/colcon_ws/install/tms_msg_db/include/tms_msg_db/srv/tmsdb_objectsdata__type_support.h
[2.550s] -- Up-to-date symlink: /home/common/colcon_ws/install/tms_msg_db/include/tms_msg_db/srv/tmsdb_planning.h
[2.550s] -- Up-to-date symlink: /home/common/colcon_ws/install/tms_msg_db/include/tms_msg_db/srv/tmsdb_planning__functions.h
[2.550s] -- Up-to-date symlink: /home/common/colcon_ws/install/tms_msg_db/include/tms_msg_db/srv/tmsdb_planning__struct.h
[2.551s] -- Up-to-date symlink: /home/common/colcon_ws/install/tms_msg_db/include/tms_msg_db/srv/tmsdb_planning__type_support.h
[2.551s] -- Up-to-date symlink: /home/common/colcon_ws/install/tms_msg_db/include/tms_msg_db/srv/tmsdbfileconservation.h
[2.551s] -- Up-to-date symlink: /home/common/colcon_ws/install/tms_msg_db/include/tms_msg_db/srv/tmsdbfileconservation__functions.h
[2.552s] -- Up-to-date symlink: /home/common/colcon_ws/install/tms_msg_db/include/tms_msg_db/srv/tmsdbfileconservation__struct.h
[2.552s] -- Up-to-date symlink: /home/common/colcon_ws/install/tms_msg_db/include/tms_msg_db/srv/tmsdbfileconservation__type_support.h
[2.552s] -- Up-to-date symlink: /home/common/colcon_ws/install/tms_msg_db/include/tms_msg_db/srv/tmsdbgetfurnituresinfo.h
[2.553s] -- Up-to-date symlink: /home/common/colcon_ws/install/tms_msg_db/include/tms_msg_db/srv/tmsdbgetfurnituresinfo__functions.h
[2.553s] -- Up-to-date symlink: /home/common/colcon_ws/install/tms_msg_db/include/tms_msg_db/srv/tmsdbgetfurnituresinfo__struct.h
[2.553s] -- Up-to-date symlink: /home/common/colcon_ws/install/tms_msg_db/include/tms_msg_db/srv/tmsdbgetfurnituresinfo__type_support.h
[2.554s] -- Up-to-date symlink: /home/common/colcon_ws/install/tms_msg_db/include/tms_msg_db/srv/tmsdbgetmovablefurnituresinfo.h
[2.554s] -- Up-to-date symlink: /home/common/colcon_ws/install/tms_msg_db/include/tms_msg_db/srv/tmsdbgetmovablefurnituresinfo__functions.h
[2.554s] -- Up-to-date symlink: /home/common/colcon_ws/install/tms_msg_db/include/tms_msg_db/srv/tmsdbgetmovablefurnituresinfo__struct.h
[2.555s] -- Up-to-date symlink: /home/common/colcon_ws/install/tms_msg_db/include/tms_msg_db/srv/tmsdbgetmovablefurnituresinfo__type_support.h
[2.555s] -- Up-to-date symlink: /home/common/colcon_ws/install/tms_msg_db/include/tms_msg_db/srv/tmsdbgetobjectsinfo.h
[2.555s] -- Up-to-date symlink: /home/common/colcon_ws/install/tms_msg_db/include/tms_msg_db/srv/tmsdbgetobjectsinfo__functions.h
[2.556s] -- Up-to-date symlink: /home/common/colcon_ws/install/tms_msg_db/include/tms_msg_db/srv/tmsdbgetobjectsinfo__struct.h
[2.556s] -- Up-to-date symlink: /home/common/colcon_ws/install/tms_msg_db/include/tms_msg_db/srv/tmsdbgetobjectsinfo__type_support.h
[2.556s] -- Up-to-date symlink: /home/common/colcon_ws/install/tms_msg_db/include/tms_msg_db/srv/tmsdbgetpcdinfo.h
[2.556s] -- Up-to-date symlink: /home/common/colcon_ws/install/tms_msg_db/include/tms_msg_db/srv/tmsdbgetpcdinfo__functions.h
[2.557s] -- Up-to-date symlink: /home/common/colcon_ws/install/tms_msg_db/include/tms_msg_db/srv/tmsdbgetpcdinfo__struct.h
[2.557s] -- Up-to-date symlink: /home/common/colcon_ws/install/tms_msg_db/include/tms_msg_db/srv/tmsdbgetpcdinfo__type_support.h
[2.557s] -- Up-to-date symlink: /home/common/colcon_ws/install/tms_msg_db/include/tms_msg_db/srv/tmsdbgetpersonbehaviorinfo.h
[2.558s] -- Up-to-date symlink: /home/common/colcon_ws/install/tms_msg_db/include/tms_msg_db/srv/tmsdbgetpersonbehaviorinfo__functions.h
[2.558s] -- Up-to-date symlink: /home/common/colcon_ws/install/tms_msg_db/include/tms_msg_db/srv/tmsdbgetpersonbehaviorinfo__struct.h
[2.558s] -- Up-to-date symlink: /home/common/colcon_ws/install/tms_msg_db/include/tms_msg_db/srv/tmsdbgetpersonbehaviorinfo__type_support.h
[2.559s] -- Up-to-date symlink: /home/common/colcon_ws/install/tms_msg_db/include/tms_msg_db/srv/tmsdbgetpersoninfo.h
[2.559s] -- Up-to-date symlink: /home/common/colcon_ws/install/tms_msg_db/include/tms_msg_db/srv/tmsdbgetpersoninfo__functions.h
[2.559s] -- Up-to-date symlink: /home/common/colcon_ws/install/tms_msg_db/include/tms_msg_db/srv/tmsdbgetpersoninfo__struct.h
[2.559s] -- Up-to-date symlink: /home/common/colcon_ws/install/tms_msg_db/include/tms_msg_db/srv/tmsdbgetpersoninfo__type_support.h
[2.560s] -- Up-to-date symlink: /home/common/colcon_ws/install/tms_msg_db/include/tms_msg_db/srv/tmsdbgetrobotinfo.h
[2.560s] -- Up-to-date symlink: /home/common/colcon_ws/install/tms_msg_db/include/tms_msg_db/srv/tmsdbgetrobotinfo__functions.h
[2.560s] -- Up-to-date symlink: /home/common/colcon_ws/install/tms_msg_db/include/tms_msg_db/srv/tmsdbgetrobotinfo__struct.h
[2.561s] -- Up-to-date symlink: /home/common/colcon_ws/install/tms_msg_db/include/tms_msg_db/srv/tmsdbgetrobotinfo__type_support.h
[2.561s] -- Up-to-date symlink: /home/common/colcon_ws/install/tms_msg_db/include/tms_msg_db/srv/tmsdbgetrobotsinfo.h
[2.561s] -- Up-to-date symlink: /home/common/colcon_ws/install/tms_msg_db/include/tms_msg_db/srv/tmsdbgetrobotsinfo__functions.h
[2.562s] -- Up-to-date symlink: /home/common/colcon_ws/install/tms_msg_db/include/tms_msg_db/srv/tmsdbgetrobotsinfo__struct.h
[2.562s] -- Up-to-date symlink: /home/common/colcon_ws/install/tms_msg_db/include/tms_msg_db/srv/tmsdbgetrobotsinfo__type_support.h
[2.562s] -- Up-to-date symlink: /home/common/colcon_ws/install/tms_msg_db/include/tms_msg_db/srv/tmsdbgettasklist.h
[2.562s] -- Up-to-date symlink: /home/common/colcon_ws/install/tms_msg_db/include/tms_msg_db/srv/tmsdbgettasklist__functions.h
[2.563s] -- Up-to-date symlink: /home/common/colcon_ws/install/tms_msg_db/include/tms_msg_db/srv/tmsdbgettasklist__struct.h
[2.563s] -- Up-to-date symlink: /home/common/colcon_ws/install/tms_msg_db/include/tms_msg_db/srv/tmsdbgettasklist__type_support.h
[2.563s] -- Up-to-date symlink: /home/common/colcon_ws/install/tms_msg_db/include/tms_msg_db/srv/tmsdbgetunknownobject.h
[2.563s] -- Up-to-date symlink: /home/common/colcon_ws/install/tms_msg_db/include/tms_msg_db/srv/tmsdbgetunknownobject__functions.h
[2.564s] -- Up-to-date symlink: /home/common/colcon_ws/install/tms_msg_db/include/tms_msg_db/srv/tmsdbgetunknownobject__struct.h
[2.564s] -- Up-to-date symlink: /home/common/colcon_ws/install/tms_msg_db/include/tms_msg_db/srv/tmsdbgetunknownobject__type_support.h
[2.564s] -- Up-to-date symlink: /home/common/colcon_ws/install/tms_msg_db/include/tms_msg_db/srv/tmsdbmissingobjectschecker.h
[2.565s] -- Up-to-date symlink: /home/common/colcon_ws/install/tms_msg_db/include/tms_msg_db/srv/tmsdbmissingobjectschecker__functions.h
[2.565s] -- Up-to-date symlink: /home/common/colcon_ws/install/tms_msg_db/include/tms_msg_db/srv/tmsdbmissingobjectschecker__struct.h
[2.565s] -- Up-to-date symlink: /home/common/colcon_ws/install/tms_msg_db/include/tms_msg_db/srv/tmsdbmissingobjectschecker__type_support.h
[2.565s] -- Up-to-date symlink: /home/common/colcon_ws/install/tms_msg_db/include/tms_msg_db/srv/tmsdbobjdt.h
[2.566s] -- Up-to-date symlink: /home/common/colcon_ws/install/tms_msg_db/include/tms_msg_db/srv/tmsdbobjdt__functions.h
[2.566s] -- Up-to-date symlink: /home/common/colcon_ws/install/tms_msg_db/include/tms_msg_db/srv/tmsdbobjdt__struct.h
[2.566s] -- Up-to-date symlink: /home/common/colcon_ws/install/tms_msg_db/include/tms_msg_db/srv/tmsdbobjdt__type_support.h
[2.567s] -- Up-to-date symlink: /home/common/colcon_ws/install/tms_msg_db/lib/libtms_msg_db__rosidl_generator_c.so
[2.569s] -- Up-to-date symlink: /home/common/colcon_ws/install/tms_msg_db/include/tms_msg_db/msg/rosidl_typesupport_fastrtps_cpp__visibility_control.h
[2.569s] -- Up-to-date symlink: /home/common/colcon_ws/install/tms_msg_db/include/tms_msg_db/msg/tms_data__rosidl_typesupport_fastrtps_cpp.hpp
[2.569s] -- Up-to-date symlink: /home/common/colcon_ws/install/tms_msg_db/include/tms_msg_db/msg/tms_data_stamped__rosidl_typesupport_fastrtps_cpp.hpp
[2.570s] -- Up-to-date symlink: /home/common/colcon_ws/install/tms_msg_db/include/tms_msg_db/msg/tmsdb__rosidl_typesupport_fastrtps_cpp.hpp
[2.570s] -- Up-to-date symlink: /home/common/colcon_ws/install/tms_msg_db/include/tms_msg_db/msg/tmsdb_stamped__rosidl_typesupport_fastrtps_cpp.hpp
[2.570s] -- Up-to-date symlink: /home/common/colcon_ws/install/tms_msg_db/include/tms_msg_db/srv/tmsdb_get_data__rosidl_typesupport_fastrtps_cpp.hpp
[2.571s] -- Up-to-date symlink: /home/common/colcon_ws/install/tms_msg_db/include/tms_msg_db/srv/tmsdb_objectsdata__rosidl_typesupport_fastrtps_cpp.hpp
[2.571s] -- Up-to-date symlink: /home/common/colcon_ws/install/tms_msg_db/include/tms_msg_db/srv/tmsdb_planning__rosidl_typesupport_fastrtps_cpp.hpp
[2.571s] -- Up-to-date symlink: /home/common/colcon_ws/install/tms_msg_db/include/tms_msg_db/srv/tmsdbfileconservation__rosidl_typesupport_fastrtps_cpp.hpp
[2.571s] -- Up-to-date symlink: /home/common/colcon_ws/install/tms_msg_db/include/tms_msg_db/srv/tmsdbgetfurnituresinfo__rosidl_typesupport_fastrtps_cpp.hpp
[2.572s] -- Up-to-date symlink: /home/common/colcon_ws/install/tms_msg_db/include/tms_msg_db/srv/tmsdbgetmovablefurnituresinfo__rosidl_typesupport_fastrtps_cpp.hpp
[2.572s] -- Up-to-date symlink: /home/common/colcon_ws/install/tms_msg_db/include/tms_msg_db/srv/tmsdbgetobjectsinfo__rosidl_typesupport_fastrtps_cpp.hpp
[2.572s] -- Up-to-date symlink: /home/common/colcon_ws/install/tms_msg_db/include/tms_msg_db/srv/tmsdbgetpcdinfo__rosidl_typesupport_fastrtps_cpp.hpp
[2.573s] -- Up-to-date symlink: /home/common/colcon_ws/install/tms_msg_db/include/tms_msg_db/srv/tmsdbgetpersonbehaviorinfo__rosidl_typesupport_fastrtps_cpp.hpp
[2.573s] -- Up-to-date symlink: /home/common/colcon_ws/install/tms_msg_db/include/tms_msg_db/srv/tmsdbgetpersoninfo__rosidl_typesupport_fastrtps_cpp.hpp
[2.573s] -- Up-to-date symlink: /home/common/colcon_ws/install/tms_msg_db/include/tms_msg_db/srv/tmsdbgetrobotinfo__rosidl_typesupport_fastrtps_cpp.hpp
[2.574s] -- Up-to-date symlink: /home/common/colcon_ws/install/tms_msg_db/include/tms_msg_db/srv/tmsdbgetrobotsinfo__rosidl_typesupport_fastrtps_cpp.hpp
[2.574s] -- Up-to-date symlink: /home/common/colcon_ws/install/tms_msg_db/include/tms_msg_db/srv/tmsdbgettasklist__rosidl_typesupport_fastrtps_cpp.hpp
[2.574s] -- Up-to-date symlink: /home/common/colcon_ws/install/tms_msg_db/include/tms_msg_db/srv/tmsdbgetunknownobject__rosidl_typesupport_fastrtps_cpp.hpp
[2.574s] -- Up-to-date symlink: /home/common/colcon_ws/install/tms_msg_db/include/tms_msg_db/srv/tmsdbmissingobjectschecker__rosidl_typesupport_fastrtps_cpp.hpp
[2.575s] -- Up-to-date symlink: /home/common/colcon_ws/install/tms_msg_db/include/tms_msg_db/srv/tmsdbobjdt__rosidl_typesupport_fastrtps_cpp.hpp
[2.575s] -- Up-to-date symlink: /home/common/colcon_ws/install/tms_msg_db/lib/libtms_msg_db__rosidl_typesupport_fastrtps_cpp.so
[2.577s] -- Up-to-date symlink: /home/common/colcon_ws/install/tms_msg_db/include/tms_msg_db/msg/tms_data.hpp
[2.577s] -- Up-to-date symlink: /home/common/colcon_ws/install/tms_msg_db/include/tms_msg_db/msg/tms_data__struct.hpp
[2.577s] -- Up-to-date symlink: /home/common/colcon_ws/install/tms_msg_db/include/tms_msg_db/msg/tms_data__traits.hpp
[2.578s] -- Up-to-date symlink: /home/common/colcon_ws/install/tms_msg_db/include/tms_msg_db/msg/tms_data_stamped.hpp
[2.578s] -- Up-to-date symlink: /home/common/colcon_ws/install/tms_msg_db/include/tms_msg_db/msg/tms_data_stamped__struct.hpp
[2.578s] -- Up-to-date symlink: /home/common/colcon_ws/install/tms_msg_db/include/tms_msg_db/msg/tms_data_stamped__traits.hpp
[2.579s] -- Up-to-date symlink: /home/common/colcon_ws/install/tms_msg_db/include/tms_msg_db/msg/tmsdb.hpp
[2.579s] -- Up-to-date symlink: /home/common/colcon_ws/install/tms_msg_db/include/tms_msg_db/msg/tmsdb__struct.hpp
[2.579s] -- Up-to-date symlink: /home/common/colcon_ws/install/tms_msg_db/include/tms_msg_db/msg/tmsdb__traits.hpp
[2.579s] -- Up-to-date symlink: /home/common/colcon_ws/install/tms_msg_db/include/tms_msg_db/msg/tmsdb_stamped.hpp
[2.580s] -- Up-to-date symlink: /home/common/colcon_ws/install/tms_msg_db/include/tms_msg_db/msg/tmsdb_stamped__struct.hpp
[2.580s] -- Up-to-date symlink: /home/common/colcon_ws/install/tms_msg_db/include/tms_msg_db/msg/tmsdb_stamped__traits.hpp
[2.580s] -- Up-to-date symlink: /home/common/colcon_ws/install/tms_msg_db/include/tms_msg_db/srv/tmsdb_get_data.hpp
[2.581s] -- Up-to-date symlink: /home/common/colcon_ws/install/tms_msg_db/include/tms_msg_db/srv/tmsdb_get_data__struct.hpp
[2.581s] -- Up-to-date symlink: /home/common/colcon_ws/install/tms_msg_db/include/tms_msg_db/srv/tmsdb_get_data__traits.hpp
[2.581s] -- Up-to-date symlink: /home/common/colcon_ws/install/tms_msg_db/include/tms_msg_db/srv/tmsdb_objectsdata.hpp
[2.581s] -- Up-to-date symlink: /home/common/colcon_ws/install/tms_msg_db/include/tms_msg_db/srv/tmsdb_objectsdata__struct.hpp
[2.582s] -- Up-to-date symlink: /home/common/colcon_ws/install/tms_msg_db/include/tms_msg_db/srv/tmsdb_objectsdata__traits.hpp
[2.582s] -- Up-to-date symlink: /home/common/colcon_ws/install/tms_msg_db/include/tms_msg_db/srv/tmsdb_planning.hpp
[2.582s] -- Up-to-date symlink: /home/common/colcon_ws/install/tms_msg_db/include/tms_msg_db/srv/tmsdb_planning__struct.hpp
[2.583s] -- Up-to-date symlink: /home/common/colcon_ws/install/tms_msg_db/include/tms_msg_db/srv/tmsdb_planning__traits.hpp
[2.583s] -- Up-to-date symlink: /home/common/colcon_ws/install/tms_msg_db/include/tms_msg_db/srv/tmsdbfileconservation.hpp
[2.583s] -- Up-to-date symlink: /home/common/colcon_ws/install/tms_msg_db/include/tms_msg_db/srv/tmsdbfileconservation__struct.hpp
[2.583s] -- Up-to-date symlink: /home/common/colcon_ws/install/tms_msg_db/include/tms_msg_db/srv/tmsdbfileconservation__traits.hpp
[2.584s] -- Up-to-date symlink: /home/common/colcon_ws/install/tms_msg_db/include/tms_msg_db/srv/tmsdbgetfurnituresinfo.hpp
[2.584s] -- Up-to-date symlink: /home/common/colcon_ws/install/tms_msg_db/include/tms_msg_db/srv/tmsdbgetfurnituresinfo__struct.hpp
[2.584s] -- Up-to-date symlink: /home/common/colcon_ws/install/tms_msg_db/include/tms_msg_db/srv/tmsdbgetfurnituresinfo__traits.hpp
[2.585s] -- Up-to-date symlink: /home/common/colcon_ws/install/tms_msg_db/include/tms_msg_db/srv/tmsdbgetmovablefurnituresinfo.hpp
[2.585s] -- Up-to-date symlink: /home/common/colcon_ws/install/tms_msg_db/include/tms_msg_db/srv/tmsdbgetmovablefurnituresinfo__struct.hpp
[2.585s] -- Up-to-date symlink: /home/common/colcon_ws/install/tms_msg_db/include/tms_msg_db/srv/tmsdbgetmovablefurnituresinfo__traits.hpp
[2.585s] -- Up-to-date symlink: /home/common/colcon_ws/install/tms_msg_db/include/tms_msg_db/srv/tmsdbgetobjectsinfo.hpp
[2.586s] -- Up-to-date symlink: /home/common/colcon_ws/install/tms_msg_db/include/tms_msg_db/srv/tmsdbgetobjectsinfo__struct.hpp
[2.586s] -- Up-to-date symlink: /home/common/colcon_ws/install/tms_msg_db/include/tms_msg_db/srv/tmsdbgetobjectsinfo__traits.hpp
[2.586s] -- Up-to-date symlink: /home/common/colcon_ws/install/tms_msg_db/include/tms_msg_db/srv/tmsdbgetpcdinfo.hpp
[2.587s] -- Up-to-date symlink: /home/common/colcon_ws/install/tms_msg_db/include/tms_msg_db/srv/tmsdbgetpcdinfo__struct.hpp
[2.587s] -- Up-to-date symlink: /home/common/colcon_ws/install/tms_msg_db/include/tms_msg_db/srv/tmsdbgetpcdinfo__traits.hpp
[2.587s] -- Up-to-date symlink: /home/common/colcon_ws/install/tms_msg_db/include/tms_msg_db/srv/tmsdbgetpersonbehaviorinfo.hpp
[2.587s] -- Up-to-date symlink: /home/common/colcon_ws/install/tms_msg_db/include/tms_msg_db/srv/tmsdbgetpersonbehaviorinfo__struct.hpp
[2.588s] -- Up-to-date symlink: /home/common/colcon_ws/install/tms_msg_db/include/tms_msg_db/srv/tmsdbgetpersonbehaviorinfo__traits.hpp
[2.589s] -- Up-to-date symlink: /home/common/colcon_ws/install/tms_msg_db/include/tms_msg_db/srv/tmsdbgetpersoninfo.hpp
[2.589s] -- Up-to-date symlink: /home/common/colcon_ws/install/tms_msg_db/include/tms_msg_db/srv/tmsdbgetpersoninfo__struct.hpp
[2.589s] -- Up-to-date symlink: /home/common/colcon_ws/install/tms_msg_db/include/tms_msg_db/srv/tmsdbgetpersoninfo__traits.hpp
[2.589s] -- Up-to-date symlink: /home/common/colcon_ws/install/tms_msg_db/include/tms_msg_db/srv/tmsdbgetrobotinfo.hpp
[2.589s] -- Up-to-date symlink: /home/common/colcon_ws/install/tms_msg_db/include/tms_msg_db/srv/tmsdbgetrobotinfo__struct.hpp
[2.589s] -- Up-to-date symlink: /home/common/colcon_ws/install/tms_msg_db/include/tms_msg_db/srv/tmsdbgetrobotinfo__traits.hpp
[2.590s] -- Up-to-date symlink: /home/common/colcon_ws/install/tms_msg_db/include/tms_msg_db/srv/tmsdbgetrobotsinfo.hpp
[2.590s] -- Up-to-date symlink: /home/common/colcon_ws/install/tms_msg_db/include/tms_msg_db/srv/tmsdbgetrobotsinfo__struct.hpp
[2.590s] -- Up-to-date symlink: /home/common/colcon_ws/install/tms_msg_db/include/tms_msg_db/srv/tmsdbgetrobotsinfo__traits.hpp
[2.591s] -- Up-to-date symlink: /home/common/colcon_ws/install/tms_msg_db/include/tms_msg_db/srv/tmsdbgettasklist.hpp
[2.591s] -- Up-to-date symlink: /home/common/colcon_ws/install/tms_msg_db/include/tms_msg_db/srv/tmsdbgettasklist__struct.hpp
[2.591s] -- Up-to-date symlink: /home/common/colcon_ws/install/tms_msg_db/include/tms_msg_db/srv/tmsdbgettasklist__traits.hpp
[2.591s] -- Up-to-date symlink: /home/common/colcon_ws/install/tms_msg_db/include/tms_msg_db/srv/tmsdbgetunknownobject.hpp
[2.592s] -- Up-to-date symlink: /home/common/colcon_ws/install/tms_msg_db/include/tms_msg_db/srv/tmsdbgetunknownobject__struct.hpp
[2.592s] -- Up-to-date symlink: /home/common/colcon_ws/install/tms_msg_db/include/tms_msg_db/srv/tmsdbgetunknownobject__traits.hpp
[2.592s] -- Up-to-date symlink: /home/common/colcon_ws/install/tms_msg_db/include/tms_msg_db/srv/tmsdbmissingobjectschecker.hpp
[2.592s] -- Up-to-date symlink: /home/common/colcon_ws/install/tms_msg_db/include/tms_msg_db/srv/tmsdbmissingobjectschecker__struct.hpp
[2.593s] -- Up-to-date symlink: /home/common/colcon_ws/install/tms_msg_db/include/tms_msg_db/srv/tmsdbmissingobjectschecker__traits.hpp
[2.593s] -- Up-to-date symlink: /home/common/colcon_ws/install/tms_msg_db/include/tms_msg_db/srv/tmsdbobjdt.hpp
[2.593s] -- Up-to-date symlink: /home/common/colcon_ws/install/tms_msg_db/include/tms_msg_db/srv/tmsdbobjdt__struct.hpp
[2.594s] -- Up-to-date symlink: /home/common/colcon_ws/install/tms_msg_db/include/tms_msg_db/srv/tmsdbobjdt__traits.hpp
[2.595s] -- Up-to-date symlink: /home/common/colcon_ws/install/tms_msg_db/include/tms_msg_db/msg/rosidl_typesupport_introspection_c__visibility_control.h
[2.595s] -- Up-to-date symlink: /home/common/colcon_ws/install/tms_msg_db/include/tms_msg_db/msg/tms_data__rosidl_typesupport_introspection_c.h
[2.596s] -- Up-to-date symlink: /home/common/colcon_ws/install/tms_msg_db/include/tms_msg_db/msg/tms_data_stamped__rosidl_typesupport_introspection_c.h
[2.596s] -- Up-to-date symlink: /home/common/colcon_ws/install/tms_msg_db/include/tms_msg_db/msg/tmsdb__rosidl_typesupport_introspection_c.h
[2.596s] -- Up-to-date symlink: /home/common/colcon_ws/install/tms_msg_db/include/tms_msg_db/msg/tmsdb_stamped__rosidl_typesupport_introspection_c.h
[2.596s] -- Up-to-date symlink: /home/common/colcon_ws/install/tms_msg_db/include/tms_msg_db/srv/tmsdb_get_data__rosidl_typesupport_introspection_c.h
[2.596s] -- Up-to-date symlink: /home/common/colcon_ws/install/tms_msg_db/include/tms_msg_db/srv/tmsdb_objectsdata__rosidl_typesupport_introspection_c.h
[2.597s] -- Up-to-date symlink: /home/common/colcon_ws/install/tms_msg_db/include/tms_msg_db/srv/tmsdb_planning__rosidl_typesupport_introspection_c.h
[2.597s] -- Up-to-date symlink: /home/common/colcon_ws/install/tms_msg_db/include/tms_msg_db/srv/tmsdbfileconservation__rosidl_typesupport_introspection_c.h
[2.597s] -- Up-to-date symlink: /home/common/colcon_ws/install/tms_msg_db/include/tms_msg_db/srv/tmsdbgetfurnituresinfo__rosidl_typesupport_introspection_c.h
[2.597s] -- Up-to-date symlink: /home/common/colcon_ws/install/tms_msg_db/include/tms_msg_db/srv/tmsdbgetmovablefurnituresinfo__rosidl_typesupport_introspection_c.h
[2.598s] -- Up-to-date symlink: /home/common/colcon_ws/install/tms_msg_db/include/tms_msg_db/srv/tmsdbgetobjectsinfo__rosidl_typesupport_introspection_c.h
[2.598s] -- Up-to-date symlink: /home/common/colcon_ws/install/tms_msg_db/include/tms_msg_db/srv/tmsdbgetpcdinfo__rosidl_typesupport_introspection_c.h
[2.598s] -- Up-to-date symlink: /home/common/colcon_ws/install/tms_msg_db/include/tms_msg_db/srv/tmsdbgetpersonbehaviorinfo__rosidl_typesupport_introspection_c.h
[2.598s] -- Up-to-date symlink: /home/common/colcon_ws/install/tms_msg_db/include/tms_msg_db/srv/tmsdbgetpersoninfo__rosidl_typesupport_introspection_c.h
[2.599s] -- Up-to-date symlink: /home/common/colcon_ws/install/tms_msg_db/include/tms_msg_db/srv/tmsdbgetrobotinfo__rosidl_typesupport_introspection_c.h
[2.599s] -- Up-to-date symlink: /home/common/colcon_ws/install/tms_msg_db/include/tms_msg_db/srv/tmsdbgetrobotsinfo__rosidl_typesupport_introspection_c.h
[2.599s] -- Up-to-date symlink: /home/common/colcon_ws/install/tms_msg_db/include/tms_msg_db/srv/tmsdbgettasklist__rosidl_typesupport_introspection_c.h
[2.599s] -- Up-to-date symlink: /home/common/colcon_ws/install/tms_msg_db/include/tms_msg_db/srv/tmsdbgetunknownobject__rosidl_typesupport_introspection_c.h
[2.600s] -- Up-to-date symlink: /home/common/colcon_ws/install/tms_msg_db/include/tms_msg_db/srv/tmsdbmissingobjectschecker__rosidl_typesupport_introspection_c.h
[2.600s] -- Up-to-date symlink: /home/common/colcon_ws/install/tms_msg_db/include/tms_msg_db/srv/tmsdbobjdt__rosidl_typesupport_introspection_c.h
[2.601s] -- Up-to-date symlink: /home/common/colcon_ws/install/tms_msg_db/lib/libtms_msg_db__rosidl_typesupport_introspection_c.so
[2.602s] -- Up-to-date symlink: /home/common/colcon_ws/install/tms_msg_db/include/tms_msg_db/msg/tms_data__rosidl_typesupport_introspection_cpp.hpp
[2.602s] -- Up-to-date symlink: /home/common/colcon_ws/install/tms_msg_db/include/tms_msg_db/msg/tms_data_stamped__rosidl_typesupport_introspection_cpp.hpp
[2.602s] -- Up-to-date symlink: /home/common/colcon_ws/install/tms_msg_db/include/tms_msg_db/msg/tmsdb__rosidl_typesupport_introspection_cpp.hpp
[2.603s] -- Up-to-date symlink: /home/common/colcon_ws/install/tms_msg_db/include/tms_msg_db/msg/tmsdb_stamped__rosidl_typesupport_introspection_cpp.hpp
[2.603s] -- Up-to-date symlink: /home/common/colcon_ws/install/tms_msg_db/include/tms_msg_db/srv/tmsdb_get_data__rosidl_typesupport_introspection_cpp.hpp
[2.603s] -- Up-to-date symlink: /home/common/colcon_ws/install/tms_msg_db/include/tms_msg_db/srv/tmsdb_objectsdata__rosidl_typesupport_introspection_cpp.hpp
[2.604s] -- Up-to-date symlink: /home/common/colcon_ws/install/tms_msg_db/include/tms_msg_db/srv/tmsdb_planning__rosidl_typesupport_introspection_cpp.hpp
[2.604s] -- Up-to-date symlink: /home/common/colcon_ws/install/tms_msg_db/include/tms_msg_db/srv/tmsdbfileconservation__rosidl_typesupport_introspection_cpp.hpp
[2.604s] -- Up-to-date symlink: /home/common/colcon_ws/install/tms_msg_db/include/tms_msg_db/srv/tmsdbgetfurnituresinfo__rosidl_typesupport_introspection_cpp.hpp
[2.605s] -- Up-to-date symlink: /home/common/colcon_ws/install/tms_msg_db/include/tms_msg_db/srv/tmsdbgetmovablefurnituresinfo__rosidl_typesupport_introspection_cpp.hpp
[2.605s] -- Up-to-date symlink: /home/common/colcon_ws/install/tms_msg_db/include/tms_msg_db/srv/tmsdbgetobjectsinfo__rosidl_typesupport_introspection_cpp.hpp
[2.605s] -- Up-to-date symlink: /home/common/colcon_ws/install/tms_msg_db/include/tms_msg_db/srv/tmsdbgetpcdinfo__rosidl_typesupport_introspection_cpp.hpp
[2.605s] -- Up-to-date symlink: /home/common/colcon_ws/install/tms_msg_db/include/tms_msg_db/srv/tmsdbgetpersonbehaviorinfo__rosidl_typesupport_introspection_cpp.hpp
[2.606s] -- Up-to-date symlink: /home/common/colcon_ws/install/tms_msg_db/include/tms_msg_db/srv/tmsdbgetpersoninfo__rosidl_typesupport_introspection_cpp.hpp
[2.606s] -- Up-to-date symlink: /home/common/colcon_ws/install/tms_msg_db/include/tms_msg_db/srv/tmsdbgetrobotinfo__rosidl_typesupport_introspection_cpp.hpp
[2.606s] -- Up-to-date symlink: /home/common/colcon_ws/install/tms_msg_db/include/tms_msg_db/srv/tmsdbgetrobotsinfo__rosidl_typesupport_introspection_cpp.hpp
[2.607s] -- Up-to-date symlink: /home/common/colcon_ws/install/tms_msg_db/include/tms_msg_db/srv/tmsdbgettasklist__rosidl_typesupport_introspection_cpp.hpp
[2.607s] -- Up-to-date symlink: /home/common/colcon_ws/install/tms_msg_db/include/tms_msg_db/srv/tmsdbgetunknownobject__rosidl_typesupport_introspection_cpp.hpp
[2.607s] -- Up-to-date symlink: /home/common/colcon_ws/install/tms_msg_db/include/tms_msg_db/srv/tmsdbmissingobjectschecker__rosidl_typesupport_introspection_cpp.hpp
[2.608s] -- Up-to-date symlink: /home/common/colcon_ws/install/tms_msg_db/include/tms_msg_db/srv/tmsdbobjdt__rosidl_typesupport_introspection_cpp.hpp
[2.608s] -- Up-to-date symlink: /home/common/colcon_ws/install/tms_msg_db/lib/libtms_msg_db__rosidl_typesupport_introspection_cpp.so
[2.609s] -- Up-to-date symlink: /home/common/colcon_ws/install/tms_msg_db/share/tms_msg_db/environment/pythonpath.sh
[2.609s] -- Up-to-date symlink: /home/common/colcon_ws/install/tms_msg_db/lib/python3.6/site-packages/tms_msg_db/__init__.py
[2.610s] -- Up-to-date symlink: /home/common/colcon_ws/install/tms_msg_db/lib/python3.6/site-packages/tms_msg_db/msg/__init__.py
[2.610s] -- Up-to-date symlink: /home/common/colcon_ws/install/tms_msg_db/lib/python3.6/site-packages/tms_msg_db/msg/_tms_data.py
[2.611s] -- Up-to-date symlink: /home/common/colcon_ws/install/tms_msg_db/lib/python3.6/site-packages/tms_msg_db/msg/_tms_data_stamped.py
[2.611s] -- Up-to-date symlink: /home/common/colcon_ws/install/tms_msg_db/lib/python3.6/site-packages/tms_msg_db/msg/_tmsdb.py
[2.611s] -- Up-to-date symlink: /home/common/colcon_ws/install/tms_msg_db/lib/python3.6/site-packages/tms_msg_db/msg/_tmsdb_stamped.py
[2.612s] -- Up-to-date symlink: /home/common/colcon_ws/install/tms_msg_db/lib/python3.6/site-packages/tms_msg_db/srv/__init__.py
[2.613s] -- Up-to-date symlink: /home/common/colcon_ws/install/tms_msg_db/lib/python3.6/site-packages/tms_msg_db/srv/_tmsdb_get_data.py
[2.613s] -- Up-to-date symlink: /home/common/colcon_ws/install/tms_msg_db/lib/python3.6/site-packages/tms_msg_db/srv/_tmsdb_objectsdata.py
[2.613s] -- Up-to-date symlink: /home/common/colcon_ws/install/tms_msg_db/lib/python3.6/site-packages/tms_msg_db/srv/_tmsdb_planning.py
[2.613s] -- Up-to-date symlink: /home/common/colcon_ws/install/tms_msg_db/lib/python3.6/site-packages/tms_msg_db/srv/_tmsdbfileconservation.py
[2.614s] -- Up-to-date symlink: /home/common/colcon_ws/install/tms_msg_db/lib/python3.6/site-packages/tms_msg_db/srv/_tmsdbgetfurnituresinfo.py
[2.614s] -- Up-to-date symlink: /home/common/colcon_ws/install/tms_msg_db/lib/python3.6/site-packages/tms_msg_db/srv/_tmsdbgetmovablefurnituresinfo.py
[2.614s] -- Up-to-date symlink: /home/common/colcon_ws/install/tms_msg_db/lib/python3.6/site-packages/tms_msg_db/srv/_tmsdbgetobjectsinfo.py
[2.614s] -- Up-to-date symlink: /home/common/colcon_ws/install/tms_msg_db/lib/python3.6/site-packages/tms_msg_db/srv/_tmsdbgetpcdinfo.py
[2.615s] -- Up-to-date symlink: /home/common/colcon_ws/install/tms_msg_db/lib/python3.6/site-packages/tms_msg_db/srv/_tmsdbgetpersonbehaviorinfo.py
[2.615s] -- Up-to-date symlink: /home/common/colcon_ws/install/tms_msg_db/lib/python3.6/site-packages/tms_msg_db/srv/_tmsdbgetpersoninfo.py
[2.615s] -- Up-to-date symlink: /home/common/colcon_ws/install/tms_msg_db/lib/python3.6/site-packages/tms_msg_db/srv/_tmsdbgetrobotinfo.py
[2.616s] -- Up-to-date symlink: /home/common/colcon_ws/install/tms_msg_db/lib/python3.6/site-packages/tms_msg_db/srv/_tmsdbgetrobotsinfo.py
[2.616s] -- Up-to-date symlink: /home/common/colcon_ws/install/tms_msg_db/lib/python3.6/site-packages/tms_msg_db/srv/_tmsdbgettasklist.py
[2.616s] -- Up-to-date symlink: /home/common/colcon_ws/install/tms_msg_db/lib/python3.6/site-packages/tms_msg_db/srv/_tmsdbgetunknownobject.py
[2.616s] -- Up-to-date symlink: /home/common/colcon_ws/install/tms_msg_db/lib/python3.6/site-packages/tms_msg_db/srv/_tmsdbmissingobjectschecker.py
[2.617s] -- Up-to-date symlink: /home/common/colcon_ws/install/tms_msg_db/lib/python3.6/site-packages/tms_msg_db/srv/_tmsdbobjdt.py
[2.617s] -- Up-to-date symlink: /home/common/colcon_ws/install/tms_msg_db/lib/python3.6/site-packages/tms_msg_db/tms_msg_db_s__rosidl_typesupport_c.cpython-36m-x86_64-linux-gnu.so
[2.618s] -- Up-to-date symlink: /home/common/colcon_ws/install/tms_msg_db/lib/python3.6/site-packages/tms_msg_db/tms_msg_db_s__rosidl_typesupport_fastrtps_c.cpython-36m-x86_64-linux-gnu.so
[2.619s] -- Up-to-date symlink: /home/common/colcon_ws/install/tms_msg_db/lib/libtms_msg_db__python.so
[2.619s] -- Up-to-date symlink: /home/common/colcon_ws/install/tms_msg_db/share/tms_msg_db/msg/Tmsdb.idl
[2.619s] -- Up-to-date symlink: /home/common/colcon_ws/install/tms_msg_db/share/tms_msg_db/msg/TmsdbStamped.idl
[2.620s] -- Up-to-date symlink: /home/common/colcon_ws/install/tms_msg_db/share/tms_msg_db/msg/TmsData.idl
[2.620s] -- Up-to-date symlink: /home/common/colcon_ws/install/tms_msg_db/share/tms_msg_db/msg/TmsDataStamped.idl
[2.620s] -- Up-to-date symlink: /home/common/colcon_ws/install/tms_msg_db/share/tms_msg_db/srv/TmsdbGetData.idl
[2.621s] -- Up-to-date symlink: /home/common/colcon_ws/install/tms_msg_db/share/tms_msg_db/srv/Tmsdbgetfurnituresinfo.idl
[2.621s] -- Up-to-date symlink: /home/common/colcon_ws/install/tms_msg_db/share/tms_msg_db/srv/Tmsdbgetmovablefurnituresinfo.idl
[2.622s] -- Up-to-date symlink: /home/common/colcon_ws/install/tms_msg_db/share/tms_msg_db/srv/Tmsdbgetobjectsinfo.idl
[2.622s] -- Up-to-date symlink: /home/common/colcon_ws/install/tms_msg_db/share/tms_msg_db/srv/Tmsdbgetpersoninfo.idl
[2.623s] -- Up-to-date symlink: /home/common/colcon_ws/install/tms_msg_db/share/tms_msg_db/srv/Tmsdbgetrobotsinfo.idl
[2.623s] -- Up-to-date symlink: /home/common/colcon_ws/install/tms_msg_db/share/tms_msg_db/srv/Tmsdbgetrobotinfo.idl
[2.624s] -- Up-to-date symlink: /home/common/colcon_ws/install/tms_msg_db/share/tms_msg_db/srv/Tmsdbgetpersonbehaviorinfo.idl
[2.624s] -- Up-to-date symlink: /home/common/colcon_ws/install/tms_msg_db/share/tms_msg_db/srv/Tmsdbgetpcdinfo.idl
[2.624s] -- Up-to-date symlink: /home/common/colcon_ws/install/tms_msg_db/share/tms_msg_db/srv/Tmsdbgettasklist.idl
[2.625s] -- Up-to-date symlink: /home/common/colcon_ws/install/tms_msg_db/share/tms_msg_db/srv/Tmsdbmissingobjectschecker.idl
[2.625s] -- Up-to-date symlink: /home/common/colcon_ws/install/tms_msg_db/share/tms_msg_db/srv/Tmsdbobjdt.idl
[2.626s] -- Up-to-date symlink: /home/common/colcon_ws/install/tms_msg_db/share/tms_msg_db/srv/TmsdbPlanning.idl
[2.626s] -- Up-to-date symlink: /home/common/colcon_ws/install/tms_msg_db/share/tms_msg_db/srv/Tmsdbfileconservation.idl
[2.627s] -- Up-to-date symlink: /home/common/colcon_ws/install/tms_msg_db/share/tms_msg_db/srv/TmsdbObjectsdata.idl
[2.630s] -- Up-to-date symlink: /home/common/colcon_ws/install/tms_msg_db/share/tms_msg_db/srv/Tmsdbgetunknownobject.idl
[2.631s] -- Up-to-date symlink: /home/common/colcon_ws/install/tms_msg_db/share/tms_msg_db/msg/Tmsdb.msg
[2.632s] -- Up-to-date symlink: /home/common/colcon_ws/install/tms_msg_db/share/tms_msg_db/msg/TmsdbStamped.msg
[2.632s] -- Up-to-date symlink: /home/common/colcon_ws/install/tms_msg_db/share/tms_msg_db/msg/TmsData.msg
[2.633s] -- Up-to-date symlink: /home/common/colcon_ws/install/tms_msg_db/share/tms_msg_db/msg/TmsDataStamped.msg
[2.634s] -- Up-to-date symlink: /home/common/colcon_ws/install/tms_msg_db/share/tms_msg_db/srv/TmsdbGetData.srv
[2.634s] -- Up-to-date symlink: /home/common/colcon_ws/install/tms_msg_db/share/tms_msg_db/srv/TmsdbGetData_Request.msg
[2.636s] -- Up-to-date symlink: /home/common/colcon_ws/install/tms_msg_db/share/tms_msg_db/srv/TmsdbGetData_Response.msg
[2.637s] -- Up-to-date symlink: /home/common/colcon_ws/install/tms_msg_db/share/tms_msg_db/srv/Tmsdbgetfurnituresinfo.srv
[2.637s] -- Up-to-date symlink: /home/common/colcon_ws/install/tms_msg_db/share/tms_msg_db/srv/Tmsdbgetfurnituresinfo_Request.msg
[2.637s] -- Up-to-date symlink: /home/common/colcon_ws/install/tms_msg_db/share/tms_msg_db/srv/Tmsdbgetfurnituresinfo_Response.msg
[2.637s] -- Up-to-date symlink: /home/common/colcon_ws/install/tms_msg_db/share/tms_msg_db/srv/Tmsdbgetmovablefurnituresinfo.srv
[2.637s] -- Up-to-date symlink: /home/common/colcon_ws/install/tms_msg_db/share/tms_msg_db/srv/Tmsdbgetmovablefurnituresinfo_Request.msg
[2.638s] -- Up-to-date symlink: /home/common/colcon_ws/install/tms_msg_db/share/tms_msg_db/srv/Tmsdbgetmovablefurnituresinfo_Response.msg
[2.638s] -- Up-to-date symlink: /home/common/colcon_ws/install/tms_msg_db/share/tms_msg_db/srv/Tmsdbgetobjectsinfo.srv
[2.638s] -- Up-to-date symlink: /home/common/colcon_ws/install/tms_msg_db/share/tms_msg_db/srv/Tmsdbgetobjectsinfo_Request.msg
[2.638s] -- Up-to-date symlink: /home/common/colcon_ws/install/tms_msg_db/share/tms_msg_db/srv/Tmsdbgetobjectsinfo_Response.msg
[2.638s] -- Up-to-date symlink: /home/common/colcon_ws/install/tms_msg_db/share/tms_msg_db/srv/Tmsdbgetpersoninfo.srv
[2.639s] -- Up-to-date symlink: /home/common/colcon_ws/install/tms_msg_db/share/tms_msg_db/srv/Tmsdbgetpersoninfo_Request.msg
[2.639s] -- Up-to-date symlink: /home/common/colcon_ws/install/tms_msg_db/share/tms_msg_db/srv/Tmsdbgetpersoninfo_Response.msg
[2.639s] -- Up-to-date symlink: /home/common/colcon_ws/install/tms_msg_db/share/tms_msg_db/srv/Tmsdbgetrobotsinfo.srv
[2.639s] -- Up-to-date symlink: /home/common/colcon_ws/install/tms_msg_db/share/tms_msg_db/srv/Tmsdbgetrobotsinfo_Request.msg
[2.639s] -- Up-to-date symlink: /home/common/colcon_ws/install/tms_msg_db/share/tms_msg_db/srv/Tmsdbgetrobotsinfo_Response.msg
[2.639s] -- Up-to-date symlink: /home/common/colcon_ws/install/tms_msg_db/share/tms_msg_db/srv/Tmsdbgetrobotinfo.srv
[2.639s] -- Up-to-date symlink: /home/common/colcon_ws/install/tms_msg_db/share/tms_msg_db/srv/Tmsdbgetrobotinfo_Request.msg
[2.640s] -- Up-to-date symlink: /home/common/colcon_ws/install/tms_msg_db/share/tms_msg_db/srv/Tmsdbgetrobotinfo_Response.msg
[2.640s] -- Up-to-date symlink: /home/common/colcon_ws/install/tms_msg_db/share/tms_msg_db/srv/Tmsdbgetpersonbehaviorinfo.srv
[2.640s] -- Up-to-date symlink: /home/common/colcon_ws/install/tms_msg_db/share/tms_msg_db/srv/Tmsdbgetpersonbehaviorinfo_Request.msg
[2.640s] -- Up-to-date symlink: /home/common/colcon_ws/install/tms_msg_db/share/tms_msg_db/srv/Tmsdbgetpersonbehaviorinfo_Response.msg
[2.640s] -- Up-to-date symlink: /home/common/colcon_ws/install/tms_msg_db/share/tms_msg_db/srv/Tmsdbgetpcdinfo.srv
[2.642s] -- Up-to-date symlink: /home/common/colcon_ws/install/tms_msg_db/share/tms_msg_db/srv/Tmsdbgetpcdinfo_Request.msg
[2.642s] -- Up-to-date symlink: /home/common/colcon_ws/install/tms_msg_db/share/tms_msg_db/srv/Tmsdbgetpcdinfo_Response.msg
[2.642s] -- Up-to-date symlink: /home/common/colcon_ws/install/tms_msg_db/share/tms_msg_db/srv/Tmsdbgettasklist.srv
[2.643s] -- Up-to-date symlink: /home/common/colcon_ws/install/tms_msg_db/share/tms_msg_db/srv/Tmsdbgettasklist_Request.msg
[2.644s] -- Up-to-date symlink: /home/common/colcon_ws/install/tms_msg_db/share/tms_msg_db/srv/Tmsdbgettasklist_Response.msg
[2.646s] -- Up-to-date symlink: /home/common/colcon_ws/install/tms_msg_db/share/tms_msg_db/srv/Tmsdbmissingobjectschecker.srv
[2.647s] -- Up-to-date symlink: /home/common/colcon_ws/install/tms_msg_db/share/tms_msg_db/srv/Tmsdbmissingobjectschecker_Request.msg
[2.647s] -- Up-to-date symlink: /home/common/colcon_ws/install/tms_msg_db/share/tms_msg_db/srv/Tmsdbmissingobjectschecker_Response.msg
[2.653s] -- Up-to-date symlink: /home/common/colcon_ws/install/tms_msg_db/share/tms_msg_db/srv/Tmsdbobjdt.srv
[2.653s] -- Up-to-date symlink: /home/common/colcon_ws/install/tms_msg_db/share/tms_msg_db/srv/Tmsdbobjdt_Request.msg
[2.653s] -- Up-to-date symlink: /home/common/colcon_ws/install/tms_msg_db/share/tms_msg_db/srv/Tmsdbobjdt_Response.msg
[2.654s] -- Up-to-date symlink: /home/common/colcon_ws/install/tms_msg_db/share/tms_msg_db/srv/TmsdbPlanning.srv
[2.654s] -- Up-to-date symlink: /home/common/colcon_ws/install/tms_msg_db/share/tms_msg_db/srv/TmsdbPlanning_Request.msg
[2.654s] -- Up-to-date symlink: /home/common/colcon_ws/install/tms_msg_db/share/tms_msg_db/srv/TmsdbPlanning_Response.msg
[2.654s] -- Up-to-date symlink: /home/common/colcon_ws/install/tms_msg_db/share/tms_msg_db/srv/Tmsdbfileconservation.srv
[2.654s] -- Up-to-date symlink: /home/common/colcon_ws/install/tms_msg_db/share/tms_msg_db/srv/Tmsdbfileconservation_Request.msg
[2.654s] -- Up-to-date symlink: /home/common/colcon_ws/install/tms_msg_db/share/tms_msg_db/srv/Tmsdbfileconservation_Response.msg
[2.655s] -- Up-to-date symlink: /home/common/colcon_ws/install/tms_msg_db/share/tms_msg_db/srv/TmsdbObjectsdata.srv
[2.655s] -- Up-to-date symlink: /home/common/colcon_ws/install/tms_msg_db/share/tms_msg_db/srv/TmsdbObjectsdata_Request.msg
[2.655s] -- Up-to-date symlink: /home/common/colcon_ws/install/tms_msg_db/share/tms_msg_db/srv/TmsdbObjectsdata_Response.msg
[2.655s] -- Up-to-date symlink: /home/common/colcon_ws/install/tms_msg_db/share/tms_msg_db/srv/Tmsdbgetunknownobject.srv
[2.655s] -- Up-to-date symlink: /home/common/colcon_ws/install/tms_msg_db/share/tms_msg_db/srv/Tmsdbgetunknownobject_Request.msg
[2.655s] -- Up-to-date symlink: /home/common/colcon_ws/install/tms_msg_db/share/tms_msg_db/srv/Tmsdbgetunknownobject_Response.msg
[2.656s] -- Up-to-date symlink: /home/common/colcon_ws/install/tms_msg_db/share/ament_index/resource_index/package_run_dependencies/tms_msg_db
[2.656s] -- Up-to-date symlink: /home/common/colcon_ws/install/tms_msg_db/share/ament_index/resource_index/parent_prefix_path/tms_msg_db
[2.656s] -- Up-to-date symlink: /home/common/colcon_ws/install/tms_msg_db/share/tms_msg_db/environment/ament_prefix_path.sh
[2.656s] -- Up-to-date symlink: /home/common/colcon_ws/install/tms_msg_db/share/tms_msg_db/environment/path.sh
[2.657s] -- Up-to-date symlink: /home/common/colcon_ws/install/tms_msg_db/share/tms_msg_db/local_setup.bash
[2.658s] -- Up-to-date symlink: /home/common/colcon_ws/install/tms_msg_db/share/tms_msg_db/local_setup.sh
[2.658s] -- Up-to-date symlink: /home/common/colcon_ws/install/tms_msg_db/share/tms_msg_db/local_setup.zsh
[2.659s] -- Up-to-date symlink: /home/common/colcon_ws/install/tms_msg_db/share/ament_index/resource_index/packages/tms_msg_db
[2.661s] -- Up-to-date symlink: /home/common/colcon_ws/install/tms_msg_db/share/tms_msg_db/cmake/rosidl_cmake-extras.cmake
[2.664s] -- Up-to-date symlink: /home/common/colcon_ws/install/tms_msg_db/share/tms_msg_db/cmake/ament_cmake_export_dependencies-extras.cmake
[2.664s] -- Up-to-date symlink: /home/common/colcon_ws/install/tms_msg_db/share/tms_msg_db/cmake/ament_cmake_export_libraries-extras.cmake
[2.665s] -- Up-to-date symlink: /home/common/colcon_ws/install/tms_msg_db/share/tms_msg_db/cmake/ament_cmake_export_include_directories-extras.cmake
[2.665s] -- Up-to-date symlink: /home/common/colcon_ws/install/tms_msg_db/share/tms_msg_db/cmake/tms_msg_dbConfig.cmake
[2.665s] -- Up-to-date symlink: /home/common/colcon_ws/install/tms_msg_db/share/tms_msg_db/cmake/tms_msg_dbConfig-version.cmake
[2.666s] -- Up-to-date symlink: /home/common/colcon_ws/install/tms_msg_db/share/tms_msg_db/package.xml
