[0.128s] -- The C compiler identification is GNU 7.4.0
[0.207s] -- The CXX compiler identification is GNU 7.4.0
[0.221s] -- Check for working C compiler: /usr/bin/cc
[0.300s] -- Check for working C compiler: /usr/bin/cc -- works
[0.301s] -- Detecting C compiler ABI info
[0.394s] -- Detecting C compiler ABI info - done
[0.398s] -- Detecting C compile features
[0.680s] -- Detecting C compile features - done
[0.681s] -- Check for working CXX compiler: /usr/bin/c++
[0.800s] -- Check for working CXX compiler: /usr/bin/c++ -- works
[0.804s] -- Detecting CXX compiler ABI info
[0.928s] -- Detecting CXX compiler ABI info - done
[0.936s] -- Detecting CXX compile features
[1.418s] -- Detecting CXX compile features - done
[1.422s] -- Found ament_cmake: 0.7.4 (/opt/ros/dashing/share/ament_cmake/cmake)
[1.509s] -- Found PythonInterp: /usr/bin/python3 (found suitable version "3.6.9", minimum required is "3") 
[1.509s] -- Using PYTHON_EXECUTABLE: /usr/bin/python3
[1.934s] -- Override CMake install command with custom implementation using symlinks instead of copying resources
[1.976s] -- Found rclcpp: 0.7.12 (/opt/ros/dashing/share/rclcpp/cmake)
[2.021s] -- Found rosidl_adapter: 0.7.8 (/opt/ros/dashing/share/rosidl_adapter/cmake)
[2.097s] -- Found rmw_implementation_cmake: 0.7.2 (/opt/ros/dashing/share/rmw_implementation_cmake/cmake)
[2.103s] -- Using RMW implementation 'rmw_fastrtps_cpp' as default
[2.104s] -- Looking for pthread.h
[2.222s] -- Looking for pthread.h - found
[2.222s] -- Looking for pthread_create
[2.340s] -- Looking for pthread_create - not found
[2.341s] -- Looking for pthread_create in pthreads
[2.437s] -- Looking for pthread_create in pthreads - not found
[2.442s] -- Looking for pthread_create in pthread
[2.562s] -- Looking for pthread_create in pthread - found
[2.562s] -- Found Threads: TRUE  
[2.616s] -- Found sensor_msgs: 0.7.0 (/opt/ros/dashing/share/sensor_msgs/cmake)
[2.819s] -- Boost version: 1.65.1
[2.820s] -- Found the following Boost libraries:
[2.820s] --   system
[3.009s] -- Configuring done
[3.029s] -- Generating done
[3.030s] -- Build files have been written to: /home/common/colcon_ws/build/hls_lfcd_lds_driver
[3.121s] [35m[1mScanning dependencies of target hlds_laser_publisher[0m
[3.166s] [100%] Built target hlds_laser_publisher
[3.340s] [100%] Built target hlds_laser_publisher
[3.374s] [36mInstall the project...[0m
[3.390s] -- Install configuration: ""
[3.391s] -- Execute custom install script
[3.392s] -- Up-to-date symlink: /home/common/colcon_ws/install/hls_lfcd_lds_driver/share/hls_lfcd_lds_driver/launch/hlds_laser.launch.py
[3.392s] -- Up-to-date symlink: /home/common/colcon_ws/install/hls_lfcd_lds_driver/share/hls_lfcd_lds_driver/launch/view_hlds_laser.launch.py
[3.393s] -- Up-to-date symlink: /home/common/colcon_ws/install/hls_lfcd_lds_driver/share/hls_lfcd_lds_driver/rviz/hlds_laser.rviz
[3.393s] -- Up-to-date symlink: /home/common/colcon_ws/install/hls_lfcd_lds_driver/lib/hls_lfcd_lds_driver/hlds_laser_publisher
[3.394s] -- Up-to-date symlink: /home/common/colcon_ws/install/hls_lfcd_lds_driver/share/ament_index/resource_index/package_run_dependencies/hls_lfcd_lds_driver
[3.394s] -- Up-to-date symlink: /home/common/colcon_ws/install/hls_lfcd_lds_driver/share/ament_index/resource_index/parent_prefix_path/hls_lfcd_lds_driver
[3.395s] -- Up-to-date symlink: /home/common/colcon_ws/install/hls_lfcd_lds_driver/share/hls_lfcd_lds_driver/environment/ament_prefix_path.sh
[3.395s] -- Up-to-date symlink: /home/common/colcon_ws/install/hls_lfcd_lds_driver/share/hls_lfcd_lds_driver/environment/path.sh
[3.396s] -- Up-to-date symlink: /home/common/colcon_ws/install/hls_lfcd_lds_driver/share/hls_lfcd_lds_driver/local_setup.bash
[3.396s] -- Up-to-date symlink: /home/common/colcon_ws/install/hls_lfcd_lds_driver/share/hls_lfcd_lds_driver/local_setup.sh
[3.397s] -- Up-to-date symlink: /home/common/colcon_ws/install/hls_lfcd_lds_driver/share/hls_lfcd_lds_driver/local_setup.zsh
[3.397s] -- Up-to-date symlink: /home/common/colcon_ws/install/hls_lfcd_lds_driver/share/ament_index/resource_index/packages/hls_lfcd_lds_driver
[3.398s] -- Up-to-date symlink: /home/common/colcon_ws/install/hls_lfcd_lds_driver/share/hls_lfcd_lds_driver/cmake/ament_cmake_export_dependencies-extras.cmake
[3.398s] -- Up-to-date symlink: /home/common/colcon_ws/install/hls_lfcd_lds_driver/share/hls_lfcd_lds_driver/cmake/ament_cmake_export_include_directories-extras.cmake
[3.399s] -- Up-to-date symlink: /home/common/colcon_ws/install/hls_lfcd_lds_driver/share/hls_lfcd_lds_driver/cmake/hls_lfcd_lds_driverConfig.cmake
[3.399s] -- Up-to-date symlink: /home/common/colcon_ws/install/hls_lfcd_lds_driver/share/hls_lfcd_lds_driver/cmake/hls_lfcd_lds_driverConfig-version.cmake
[3.399s] -- Up-to-date symlink: /home/common/colcon_ws/install/hls_lfcd_lds_driver/share/hls_lfcd_lds_driver/package.xml
