[0.301s] Invoking command in '/home/common/colcon_ws/build/examples_rclcpp_minimal_action_client': CMAKE_PREFIX_PATH=/home/common/colcon_ws/install/turtlebot3_teleop:/home/common/colcon_ws/install/tms_ss_whs1:/home/common/colcon_ws/install/tms_rc_double:/opt/ros/dashing:${CMAKE_PREFIX_PATH} /usr/bin/cmake --build /home/common/colcon_ws/build/examples_rclcpp_minimal_action_client -- -j8 -l8
[0.411s] [ 25%] Built target action_client_member_functions
[0.424s] [ 50%] Built target action_client_not_composable_with_feedback
[0.432s] [ 75%] Built target action_client_not_composable
[0.463s] [100%] Built target action_client_not_composable_with_cancel
[0.486s] Invoked command in '/home/common/colcon_ws/build/examples_rclcpp_minimal_action_client' returned '0': CMAKE_PREFIX_PATH=/home/common/colcon_ws/install/turtlebot3_teleop:/home/common/colcon_ws/install/tms_ss_whs1:/home/common/colcon_ws/install/tms_rc_double:/opt/ros/dashing:${CMAKE_PREFIX_PATH} /usr/bin/cmake --build /home/common/colcon_ws/build/examples_rclcpp_minimal_action_client -- -j8 -l8
[0.672s] Invoking command in '/home/common/colcon_ws/build/examples_rclcpp_minimal_action_client': CMAKE_PREFIX_PATH=/home/common/colcon_ws/install/turtlebot3_teleop:/home/common/colcon_ws/install/tms_ss_whs1:/home/common/colcon_ws/install/tms_rc_double:/opt/ros/dashing:${CMAKE_PREFIX_PATH} /usr/bin/cmake --build /home/common/colcon_ws/build/examples_rclcpp_minimal_action_client --target install -- -j8 -l8
[0.783s] [ 25%] Built target action_client_member_functions
[0.793s] [ 50%] Built target action_client_not_composable
[0.800s] [ 75%] Built target action_client_not_composable_with_cancel
[0.807s] [100%] Built target action_client_not_composable_with_feedback
[0.847s] [36mInstall the project...[0m
[0.869s] -- Install configuration: ""
[0.870s] -- Execute custom install script
[0.871s] -- Up-to-date symlink: /home/common/colcon_ws/install/examples_rclcpp_minimal_action_client/lib/examples_rclcpp_minimal_action_client/action_client_member_functions
[0.872s] -- Up-to-date symlink: /home/common/colcon_ws/install/examples_rclcpp_minimal_action_client/lib/examples_rclcpp_minimal_action_client/action_client_not_composable
[0.872s] -- Up-to-date symlink: /home/common/colcon_ws/install/examples_rclcpp_minimal_action_client/lib/examples_rclcpp_minimal_action_client/action_client_not_composable_with_cancel
[0.873s] -- Up-to-date symlink: /home/common/colcon_ws/install/examples_rclcpp_minimal_action_client/lib/examples_rclcpp_minimal_action_client/action_client_not_composable_with_feedback
[0.874s] -- Up-to-date symlink: /home/common/colcon_ws/install/examples_rclcpp_minimal_action_client/share/ament_index/resource_index/package_run_dependencies/examples_rclcpp_minimal_action_client
[0.875s] -- Up-to-date symlink: /home/common/colcon_ws/install/examples_rclcpp_minimal_action_client/share/ament_index/resource_index/parent_prefix_path/examples_rclcpp_minimal_action_client
[0.875s] -- Up-to-date symlink: /home/common/colcon_ws/install/examples_rclcpp_minimal_action_client/share/examples_rclcpp_minimal_action_client/environment/ament_prefix_path.sh
[0.876s] -- Up-to-date symlink: /home/common/colcon_ws/install/examples_rclcpp_minimal_action_client/share/examples_rclcpp_minimal_action_client/environment/path.sh
[0.877s] -- Up-to-date symlink: /home/common/colcon_ws/install/examples_rclcpp_minimal_action_client/share/examples_rclcpp_minimal_action_client/local_setup.bash
[0.877s] -- Up-to-date symlink: /home/common/colcon_ws/install/examples_rclcpp_minimal_action_client/share/examples_rclcpp_minimal_action_client/local_setup.sh
[0.878s] -- Up-to-date symlink: /home/common/colcon_ws/install/examples_rclcpp_minimal_action_client/share/examples_rclcpp_minimal_action_client/local_setup.zsh
[0.879s] -- Up-to-date symlink: /home/common/colcon_ws/install/examples_rclcpp_minimal_action_client/share/ament_index/resource_index/packages/examples_rclcpp_minimal_action_client
[0.879s] -- Up-to-date symlink: /home/common/colcon_ws/install/examples_rclcpp_minimal_action_client/share/examples_rclcpp_minimal_action_client/cmake/examples_rclcpp_minimal_action_clientConfig.cmake
[0.880s] -- Up-to-date symlink: /home/common/colcon_ws/install/examples_rclcpp_minimal_action_client/share/examples_rclcpp_minimal_action_client/cmake/examples_rclcpp_minimal_action_clientConfig-version.cmake
[0.886s] -- Up-to-date symlink: /home/common/colcon_ws/install/examples_rclcpp_minimal_action_client/share/examples_rclcpp_minimal_action_client/package.xml
[0.902s] Invoked command in '/home/common/colcon_ws/build/examples_rclcpp_minimal_action_client' returned '0': CMAKE_PREFIX_PATH=/home/common/colcon_ws/install/turtlebot3_teleop:/home/common/colcon_ws/install/tms_ss_whs1:/home/common/colcon_ws/install/tms_rc_double:/opt/ros/dashing:${CMAKE_PREFIX_PATH} /usr/bin/cmake --build /home/common/colcon_ws/build/examples_rclcpp_minimal_action_client --target install -- -j8 -l8
