[0.112s] -- The C compiler identification is GNU 7.4.0
[0.202s] -- The CXX compiler identification is GNU 7.4.0
[0.208s] -- Check for working C compiler: /usr/bin/cc
[0.324s] -- Check for working C compiler: /usr/bin/cc -- works
[0.324s] -- Detecting C compiler ABI info
[0.430s] -- Detecting C compiler ABI info - done
[0.439s] -- Detecting C compile features
[0.850s] -- Detecting C compile features - done
[0.853s] -- Check for working CXX compiler: /usr/bin/c++
[0.999s] -- Check for working CXX compiler: /usr/bin/c++ -- works
[1.000s] -- Detecting CXX compiler ABI info
[1.121s] -- Detecting CXX compiler ABI info - done
[1.126s] -- Detecting CXX compile features
[1.594s] -- Detecting CXX compile features - done
[1.597s] -- Found ament_cmake: 0.7.4 (/opt/ros/dashing/share/ament_cmake/cmake)
[1.677s] -- Found PythonInterp: /usr/bin/python3 (found suitable version "3.6.9", minimum required is "3") 
[1.678s] -- Using PYTHON_EXECUTABLE: /usr/bin/python3
[1.986s] -- Override CMake install command with custom implementation using symlinks instead of copying resources
[2.021s] -- Found example_interfaces: 0.7.1 (/opt/ros/dashing/share/example_interfaces/cmake)
[2.040s] -- Found rosidl_adapter: 0.7.8 (/opt/ros/dashing/share/rosidl_adapter/cmake)
[2.099s] -- Found rclcpp: 0.7.12 (/opt/ros/dashing/share/rclcpp/cmake)
[2.114s] -- Found rmw_implementation_cmake: 0.7.2 (/opt/ros/dashing/share/rmw_implementation_cmake/cmake)
[2.117s] -- Using RMW implementation 'rmw_fastrtps_cpp' as default
[2.118s] -- Looking for pthread.h
[2.192s] -- Looking for pthread.h - found
[2.192s] -- Looking for pthread_create
[2.285s] -- Looking for pthread_create - not found
[2.285s] -- Looking for pthread_create in pthreads
[2.356s] -- Looking for pthread_create in pthreads - not found
[2.356s] -- Looking for pthread_create in pthread
[2.430s] -- Looking for pthread_create in pthread - found
[2.431s] -- Found Threads: TRUE  
[2.547s] -- Configuring done
[2.558s] -- Generating done
[2.559s] -- Build files have been written to: /home/common/colcon_ws/build/examples_rclcpp_minimal_service
