[0.171s] [ 10%] Built target tms_msg_rc__rosidl_generator_c
[0.181s] [ 13%] Built target tms_msg_rc__cpp
[0.264s] [ 24%] Built target tms_msg_rc__rosidl_typesupport_fastrtps_cpp
[0.267s] [ 34%] Built target tms_msg_rc__rosidl_typesupport_introspection_c
[0.268s] [ 44%] Built target tms_msg_rc__rosidl_typesupport_introspection_cpp
[0.326s] [ 55%] Built target tms_msg_rc__rosidl_typesupport_cpp
[0.334s] [ 65%] Built target tms_msg_rc__rosidl_typesupport_fastrtps_c
[0.383s] [ 75%] Built target tms_msg_rc__rosidl_typesupport_c
[0.416s] [ 75%] Built target tms_msg_rc
[0.451s] [ 79%] Built target tms_msg_rc__py
[0.501s] [ 86%] Built target tms_msg_rc__python
[0.566s] [ 93%] Built target tms_msg_rc__rosidl_typesupport_fastrtps_c__pyext
[0.586s] [100%] Built target tms_msg_rc__rosidl_typesupport_c__pyext
[0.807s] [ 10%] Built target tms_msg_rc__rosidl_generator_c
[0.809s] [ 13%] Built target tms_msg_rc__cpp
[0.852s] [ 24%] Built target tms_msg_rc__rosidl_typesupport_introspection_c
[0.858s] [ 34%] Built target tms_msg_rc__rosidl_typesupport_introspection_cpp
[0.866s] [ 44%] Built target tms_msg_rc__rosidl_typesupport_fastrtps_cpp
[0.900s] [ 55%] Built target tms_msg_rc__rosidl_typesupport_cpp
[0.906s] [ 65%] Built target tms_msg_rc__rosidl_typesupport_fastrtps_c
[0.942s] [ 75%] Built target tms_msg_rc__rosidl_typesupport_c
[0.973s] [ 75%] Built target tms_msg_rc
[0.997s] [ 79%] Built target tms_msg_rc__py
[1.025s] [ 86%] Built target tms_msg_rc__python
[1.058s] [ 93%] Built target tms_msg_rc__rosidl_typesupport_c__pyext
[1.066s] [100%] Built target tms_msg_rc__rosidl_typesupport_fastrtps_c__pyext
[1.086s] [36mInstall the project...[0m
[1.098s] -- Install configuration: ""
[1.098s] -- Execute custom install script
[1.099s] -- Up-to-date symlink: /home/common/colcon_ws/install/tms_msg_rc/share/ament_index/resource_index/rosidl_interfaces/tms_msg_rc
[1.099s] -- Up-to-date symlink: /home/common/colcon_ws/install/tms_msg_rc/lib/libtms_msg_rc__rosidl_typesupport_c.so
[1.100s] -- Up-to-date symlink: /home/common/colcon_ws/install/tms_msg_rc/share/tms_msg_rc/environment/library_path.sh
[1.100s] -- Up-to-date symlink: /home/common/colcon_ws/install/tms_msg_rc/lib/libtms_msg_rc__rosidl_typesupport_cpp.so
[1.101s] -- Up-to-date symlink: /home/common/colcon_ws/install/tms_msg_rc/include/tms_msg_rc/msg/rosidl_typesupport_fastrtps_c__visibility_control.h
[1.101s] -- Up-to-date symlink: /home/common/colcon_ws/install/tms_msg_rc/include/tms_msg_rc/srv/turtlebot_control__rosidl_typesupport_fastrtps_c.h
[1.102s] -- Up-to-date symlink: /home/common/colcon_ws/install/tms_msg_rc/lib/libtms_msg_rc__rosidl_typesupport_fastrtps_c.so
[1.102s] -- Up-to-date symlink: /home/common/colcon_ws/install/tms_msg_rc/include/tms_msg_rc/msg/rosidl_generator_c__visibility_control.h
[1.102s] -- Up-to-date symlink: /home/common/colcon_ws/install/tms_msg_rc/include/tms_msg_rc/srv/turtlebot_control.h
[1.103s] -- Up-to-date symlink: /home/common/colcon_ws/install/tms_msg_rc/include/tms_msg_rc/srv/turtlebot_control__functions.h
[1.103s] -- Up-to-date symlink: /home/common/colcon_ws/install/tms_msg_rc/include/tms_msg_rc/srv/turtlebot_control__struct.h
[1.103s] -- Up-to-date symlink: /home/common/colcon_ws/install/tms_msg_rc/include/tms_msg_rc/srv/turtlebot_control__type_support.h
[1.104s] -- Up-to-date symlink: /home/common/colcon_ws/install/tms_msg_rc/lib/libtms_msg_rc__rosidl_generator_c.so
[1.104s] -- Up-to-date symlink: /home/common/colcon_ws/install/tms_msg_rc/include/tms_msg_rc/msg/rosidl_typesupport_fastrtps_cpp__visibility_control.h
[1.105s] -- Up-to-date symlink: /home/common/colcon_ws/install/tms_msg_rc/include/tms_msg_rc/srv/turtlebot_control__rosidl_typesupport_fastrtps_cpp.hpp
[1.105s] -- Up-to-date symlink: /home/common/colcon_ws/install/tms_msg_rc/lib/libtms_msg_rc__rosidl_typesupport_fastrtps_cpp.so
[1.106s] -- Up-to-date symlink: /home/common/colcon_ws/install/tms_msg_rc/include/tms_msg_rc/srv/turtlebot_control.hpp
[1.106s] -- Up-to-date symlink: /home/common/colcon_ws/install/tms_msg_rc/include/tms_msg_rc/srv/turtlebot_control__struct.hpp
[1.106s] -- Up-to-date symlink: /home/common/colcon_ws/install/tms_msg_rc/include/tms_msg_rc/srv/turtlebot_control__traits.hpp
[1.107s] -- Up-to-date symlink: /home/common/colcon_ws/install/tms_msg_rc/include/tms_msg_rc/msg/rosidl_typesupport_introspection_c__visibility_control.h
[1.107s] -- Up-to-date symlink: /home/common/colcon_ws/install/tms_msg_rc/include/tms_msg_rc/srv/turtlebot_control__rosidl_typesupport_introspection_c.h
[1.107s] -- Up-to-date symlink: /home/common/colcon_ws/install/tms_msg_rc/lib/libtms_msg_rc__rosidl_typesupport_introspection_c.so
[1.108s] -- Up-to-date symlink: /home/common/colcon_ws/install/tms_msg_rc/include/tms_msg_rc/srv/turtlebot_control__rosidl_typesupport_introspection_cpp.hpp
[1.108s] -- Up-to-date symlink: /home/common/colcon_ws/install/tms_msg_rc/lib/libtms_msg_rc__rosidl_typesupport_introspection_cpp.so
[1.109s] -- Up-to-date symlink: /home/common/colcon_ws/install/tms_msg_rc/share/tms_msg_rc/environment/pythonpath.sh
[1.109s] -- Up-to-date symlink: /home/common/colcon_ws/install/tms_msg_rc/lib/python3.6/site-packages/tms_msg_rc/__init__.py
[1.109s] -- Up-to-date symlink: /home/common/colcon_ws/install/tms_msg_rc/lib/python3.6/site-packages/tms_msg_rc/srv/__init__.py
[1.110s] -- Up-to-date symlink: /home/common/colcon_ws/install/tms_msg_rc/lib/python3.6/site-packages/tms_msg_rc/srv/_turtlebot_control.py
[1.110s] -- Up-to-date symlink: /home/common/colcon_ws/install/tms_msg_rc/lib/python3.6/site-packages/tms_msg_rc/tms_msg_rc_s__rosidl_typesupport_c.cpython-36m-x86_64-linux-gnu.so
[1.111s] -- Up-to-date symlink: /home/common/colcon_ws/install/tms_msg_rc/lib/python3.6/site-packages/tms_msg_rc/tms_msg_rc_s__rosidl_typesupport_fastrtps_c.cpython-36m-x86_64-linux-gnu.so
[1.111s] -- Up-to-date symlink: /home/common/colcon_ws/install/tms_msg_rc/lib/libtms_msg_rc__python.so
[1.112s] -- Up-to-date symlink: /home/common/colcon_ws/install/tms_msg_rc/share/tms_msg_rc/srv/TurtlebotControl.idl
[1.112s] -- Up-to-date symlink: /home/common/colcon_ws/install/tms_msg_rc/share/tms_msg_rc/srv/TurtlebotControl.srv
[1.112s] -- Up-to-date symlink: /home/common/colcon_ws/install/tms_msg_rc/share/tms_msg_rc/srv/TurtlebotControl_Request.msg
[1.113s] -- Up-to-date symlink: /home/common/colcon_ws/install/tms_msg_rc/share/tms_msg_rc/srv/TurtlebotControl_Response.msg
[1.113s] -- Up-to-date symlink: /home/common/colcon_ws/install/tms_msg_rc/share/ament_index/resource_index/package_run_dependencies/tms_msg_rc
[1.113s] -- Up-to-date symlink: /home/common/colcon_ws/install/tms_msg_rc/share/ament_index/resource_index/parent_prefix_path/tms_msg_rc
[1.113s] -- Up-to-date symlink: /home/common/colcon_ws/install/tms_msg_rc/share/tms_msg_rc/environment/ament_prefix_path.sh
[1.114s] -- Up-to-date symlink: /home/common/colcon_ws/install/tms_msg_rc/share/tms_msg_rc/environment/path.sh
[1.114s] -- Up-to-date symlink: /home/common/colcon_ws/install/tms_msg_rc/share/tms_msg_rc/local_setup.bash
[1.114s] -- Up-to-date symlink: /home/common/colcon_ws/install/tms_msg_rc/share/tms_msg_rc/local_setup.sh
[1.114s] -- Up-to-date symlink: /home/common/colcon_ws/install/tms_msg_rc/share/tms_msg_rc/local_setup.zsh
[1.115s] -- Up-to-date symlink: /home/common/colcon_ws/install/tms_msg_rc/share/ament_index/resource_index/packages/tms_msg_rc
[1.115s] -- Up-to-date symlink: /home/common/colcon_ws/install/tms_msg_rc/share/tms_msg_rc/cmake/rosidl_cmake-extras.cmake
[1.115s] -- Up-to-date symlink: /home/common/colcon_ws/install/tms_msg_rc/share/tms_msg_rc/cmake/ament_cmake_export_dependencies-extras.cmake
[1.116s] -- Up-to-date symlink: /home/common/colcon_ws/install/tms_msg_rc/share/tms_msg_rc/cmake/ament_cmake_export_libraries-extras.cmake
[1.116s] -- Up-to-date symlink: /home/common/colcon_ws/install/tms_msg_rc/share/tms_msg_rc/cmake/ament_cmake_export_include_directories-extras.cmake
[1.116s] -- Up-to-date symlink: /home/common/colcon_ws/install/tms_msg_rc/share/tms_msg_rc/cmake/tms_msg_rcConfig.cmake
[1.117s] -- Up-to-date symlink: /home/common/colcon_ws/install/tms_msg_rc/share/tms_msg_rc/cmake/tms_msg_rcConfig-version.cmake
[1.117s] -- Up-to-date symlink: /home/common/colcon_ws/install/tms_msg_rc/share/tms_msg_rc/package.xml
