[0.116s] -- The C compiler identification is GNU 7.4.0
[0.193s] -- The CXX compiler identification is GNU 7.4.0
[0.199s] -- Check for working C compiler: /usr/bin/cc
[0.289s] -- Check for working C compiler: /usr/bin/cc -- works
[0.289s] -- Detecting C compiler ABI info
[0.389s] -- Detecting C compiler ABI info - done
[0.395s] -- Detecting C compile features
[0.677s] -- Detecting C compile features - done
[0.680s] -- Check for working CXX compiler: /usr/bin/c++
[0.787s] -- Check for working CXX compiler: /usr/bin/c++ -- works
[0.787s] -- Detecting CXX compiler ABI info
[0.919s] -- Detecting CXX compiler ABI info - done
[0.929s] -- Detecting CXX compile features
[1.586s] -- Detecting CXX compile features - done
[1.594s] -- Found ament_cmake: 0.7.4 (/opt/ros/dashing/share/ament_cmake/cmake)
[1.663s] -- Found PythonInterp: /usr/bin/python3 (found suitable version "3.6.9", minimum required is "3") 
[1.663s] -- Using PYTHON_EXECUTABLE: /usr/bin/python3
[2.085s] -- Override CMake install command with custom implementation using symlinks instead of copying resources
[2.141s] -- Found urdf: 2.2.0 (/opt/ros/dashing/share/urdf/cmake)
[2.336s] -- Configuring done
[2.339s] -- Generating done
[2.341s] -- Build files have been written to: /home/common/colcon_ws/build/turtlebot3_description
[3.002s] [36mInstall the project...[0m
[3.029s] -- Install configuration: ""
[3.030s] -- Execute custom install script
[3.031s] -- Symlinking: /home/common/colcon_ws/install/turtlebot3_description/share/turtlebot3_description/meshes/bases/burger_base.stl
[3.048s] -- Symlinking: /home/common/colcon_ws/install/turtlebot3_description/share/turtlebot3_description/meshes/bases/waffle_base.stl
[3.093s] -- Symlinking: /home/common/colcon_ws/install/turtlebot3_description/share/turtlebot3_description/meshes/bases/waffle_pi_base.stl
[3.144s] -- Symlinking: /home/common/colcon_ws/install/turtlebot3_description/share/turtlebot3_description/meshes/sensors/astra.dae
[3.161s] -- Symlinking: /home/common/colcon_ws/install/turtlebot3_description/share/turtlebot3_description/meshes/sensors/astra.jpg
[3.178s] -- Symlinking: /home/common/colcon_ws/install/turtlebot3_description/share/turtlebot3_description/meshes/sensors/lds.stl
[3.194s] -- Symlinking: /home/common/colcon_ws/install/turtlebot3_description/share/turtlebot3_description/meshes/sensors/r200.dae
[3.210s] -- Symlinking: /home/common/colcon_ws/install/turtlebot3_description/share/turtlebot3_description/meshes/sensors/r200.jpg
[3.236s] -- Symlinking: /home/common/colcon_ws/install/turtlebot3_description/share/turtlebot3_description/meshes/wheels/left_tire.stl
[3.253s] -- Symlinking: /home/common/colcon_ws/install/turtlebot3_description/share/turtlebot3_description/meshes/wheels/right_tire.stl
[3.271s] -- Symlinking: /home/common/colcon_ws/install/turtlebot3_description/share/turtlebot3_description/rviz/model.rviz
[3.287s] -- Symlinking: /home/common/colcon_ws/install/turtlebot3_description/share/turtlebot3_description/urdf/common_properties.urdf
[3.303s] -- Symlinking: /home/common/colcon_ws/install/turtlebot3_description/share/turtlebot3_description/urdf/turtlebot3_burger.urdf
[3.319s] -- Symlinking: /home/common/colcon_ws/install/turtlebot3_description/share/turtlebot3_description/urdf/turtlebot3_waffle.urdf
[3.336s] -- Symlinking: /home/common/colcon_ws/install/turtlebot3_description/share/turtlebot3_description/urdf/turtlebot3_waffle_pi.urdf
[3.352s] -- Up-to-date symlink: /home/common/colcon_ws/install/turtlebot3_description/share/ament_index/resource_index/package_run_dependencies/turtlebot3_description
[3.353s] -- Up-to-date symlink: /home/common/colcon_ws/install/turtlebot3_description/share/ament_index/resource_index/parent_prefix_path/turtlebot3_description
[3.353s] -- Up-to-date symlink: /home/common/colcon_ws/install/turtlebot3_description/share/turtlebot3_description/environment/ament_prefix_path.sh
[3.354s] -- Up-to-date symlink: /home/common/colcon_ws/install/turtlebot3_description/share/turtlebot3_description/environment/path.sh
[3.355s] -- Up-to-date symlink: /home/common/colcon_ws/install/turtlebot3_description/share/turtlebot3_description/local_setup.bash
[3.355s] -- Up-to-date symlink: /home/common/colcon_ws/install/turtlebot3_description/share/turtlebot3_description/local_setup.sh
[3.356s] -- Up-to-date symlink: /home/common/colcon_ws/install/turtlebot3_description/share/turtlebot3_description/local_setup.zsh
[3.357s] -- Up-to-date symlink: /home/common/colcon_ws/install/turtlebot3_description/share/ament_index/resource_index/packages/turtlebot3_description
[3.358s] -- Up-to-date symlink: /home/common/colcon_ws/install/turtlebot3_description/share/turtlebot3_description/cmake/turtlebot3_descriptionConfig.cmake
[3.358s] -- Up-to-date symlink: /home/common/colcon_ws/install/turtlebot3_description/share/turtlebot3_description/cmake/turtlebot3_descriptionConfig-version.cmake
[3.359s] -- Symlinking: /home/common/colcon_ws/install/turtlebot3_description/share/turtlebot3_description/package.xml
