[0.284s] [  0%] Built target moveit_msgs__cpp
[0.333s] [  0%] [32mBuilding C object CMakeFiles/moveit_msgs__rosidl_generator_c.dir/rosidl_generator_c/moveit_msgs/msg/attached_collision_object__functions.c.o[0m
[0.335s] [  0%] [32mBuilding C object CMakeFiles/moveit_msgs__rosidl_generator_c.dir/rosidl_generator_c/moveit_msgs/msg/collision_object__functions.c.o[0m
[0.338s] [  0%] [32mBuilding C object CMakeFiles/moveit_msgs__rosidl_generator_c.dir/rosidl_generator_c/moveit_msgs/msg/motion_plan_response__functions.c.o[0m
[0.339s] [  0%] [32mBuilding C object CMakeFiles/moveit_msgs__rosidl_generator_c.dir/rosidl_generator_c/moveit_msgs/msg/motion_plan_request__functions.c.o[0m
[0.348s] [  0%] [32mBuilding C object CMakeFiles/moveit_msgs__rosidl_generator_c.dir/rosidl_generator_c/moveit_msgs/msg/display_trajectory__functions.c.o[0m
[0.348s] [  0%] [32mBuilding C object CMakeFiles/moveit_msgs__rosidl_generator_c.dir/rosidl_generator_c/moveit_msgs/msg/display_robot_state__functions.c.o[0m
[0.367s] CMakeFiles/moveit_msgs__rosidl_generator_c.dir/build.make:1617: recipe for target 'CMakeFiles/moveit_msgs__rosidl_generator_c.dir/rosidl_generator_c/moveit_msgs/msg/motion_plan_response__functions.c.o' failed
[0.367s] CMakeFiles/moveit_msgs__rosidl_generator_c.dir/build.make:1281: recipe for target 'CMakeFiles/moveit_msgs__rosidl_generator_c.dir/rosidl_generator_c/moveit_msgs/msg/collision_object__functions.c.o' failed
[0.378s] CMakeFiles/moveit_msgs__rosidl_generator_c.dir/build.make:1593: recipe for target 'CMakeFiles/moveit_msgs__rosidl_generator_c.dir/rosidl_generator_c/moveit_msgs/msg/motion_plan_request__functions.c.o' failed
[0.378s] CMakeFiles/moveit_msgs__rosidl_generator_c.dir/build.make:1233: recipe for target 'CMakeFiles/moveit_msgs__rosidl_generator_c.dir/rosidl_generator_c/moveit_msgs/msg/attached_collision_object__functions.c.o' failed
[0.386s] CMakeFiles/moveit_msgs__rosidl_generator_c.dir/build.make:1401: recipe for target 'CMakeFiles/moveit_msgs__rosidl_generator_c.dir/rosidl_generator_c/moveit_msgs/msg/display_trajectory__functions.c.o' failed
[0.389s] CMakeFiles/moveit_msgs__rosidl_generator_c.dir/build.make:1425: recipe for target 'CMakeFiles/moveit_msgs__rosidl_generator_c.dir/rosidl_generator_c/moveit_msgs/msg/display_robot_state__functions.c.o' failed
[0.392s] CMakeFiles/Makefile2:698: recipe for target 'CMakeFiles/moveit_msgs__rosidl_generator_c.dir/all' failed
[0.410s] [  0%] [32mBuilding CXX object CMakeFiles/moveit_msgs__rosidl_typesupport_introspection_cpp.dir/rosidl_typesupport_introspection_cpp/moveit_msgs/msg/collision_object__type_support.cpp.o[0m
[0.413s] [  0%] [32mBuilding CXX object CMakeFiles/moveit_msgs__rosidl_typesupport_introspection_cpp.dir/rosidl_typesupport_introspection_cpp/moveit_msgs/msg/display_trajectory__type_support.cpp.o[0m
[0.421s] [  0%] [32mBuilding CXX object CMakeFiles/moveit_msgs__rosidl_typesupport_introspection_cpp.dir/rosidl_typesupport_introspection_cpp/moveit_msgs/msg/display_robot_state__type_support.cpp.o[0m
[0.429s] [  0%] [32mBuilding CXX object CMakeFiles/moveit_msgs__rosidl_typesupport_introspection_cpp.dir/rosidl_typesupport_introspection_cpp/moveit_msgs/msg/motion_plan_detailed_response__type_support.cpp.o[0m
[0.430s] [  0%] [32mBuilding CXX object CMakeFiles/moveit_msgs__rosidl_typesupport_introspection_cpp.dir/rosidl_typesupport_introspection_cpp/moveit_msgs/msg/motion_plan_request__type_support.cpp.o[0m
[0.446s] [  0%] [32mBuilding CXX object CMakeFiles/moveit_msgs__rosidl_typesupport_introspection_cpp.dir/rosidl_typesupport_introspection_cpp/moveit_msgs/msg/motion_plan_response__type_support.cpp.o[0m
[0.457s] [  0%] [32mBuilding CXX object CMakeFiles/moveit_msgs__rosidl_typesupport_introspection_cpp.dir/rosidl_typesupport_introspection_cpp/moveit_msgs/msg/attached_collision_object__type_support.cpp.o[0m
[0.472s] [  0%] [32mBuilding CXX object CMakeFiles/moveit_msgs__rosidl_typesupport_fastrtps_cpp.dir/rosidl_typesupport_fastrtps_cpp/moveit_msgs/msg/dds_fastrtps/attached_collision_object__type_support.cpp.o[0m
[0.539s] CMakeFiles/moveit_msgs__rosidl_typesupport_introspection_cpp.dir/build.make:709: recipe for target 'CMakeFiles/moveit_msgs__rosidl_typesupport_introspection_cpp.dir/rosidl_typesupport_introspection_cpp/moveit_msgs/msg/collision_object__type_support.cpp.o' failed
[0.544s] CMakeFiles/moveit_msgs__rosidl_typesupport_introspection_cpp.dir/build.make:853: recipe for target 'CMakeFiles/moveit_msgs__rosidl_typesupport_introspection_cpp.dir/rosidl_typesupport_introspection_cpp/moveit_msgs/msg/display_robot_state__type_support.cpp.o' failed
[0.552s] CMakeFiles/moveit_msgs__rosidl_typesupport_introspection_cpp.dir/build.make:1069: recipe for target 'CMakeFiles/moveit_msgs__rosidl_typesupport_introspection_cpp.dir/rosidl_typesupport_introspection_cpp/moveit_msgs/msg/motion_plan_detailed_response__type_support.cpp.o' failed
[0.560s] CMakeFiles/moveit_msgs__rosidl_typesupport_introspection_cpp.dir/build.make:1045: recipe for target 'CMakeFiles/moveit_msgs__rosidl_typesupport_introspection_cpp.dir/rosidl_typesupport_introspection_cpp/moveit_msgs/msg/motion_plan_response__type_support.cpp.o' failed
[0.565s] CMakeFiles/moveit_msgs__rosidl_typesupport_introspection_cpp.dir/build.make:829: recipe for target 'CMakeFiles/moveit_msgs__rosidl_typesupport_introspection_cpp.dir/rosidl_typesupport_introspection_cpp/moveit_msgs/msg/display_trajectory__type_support.cpp.o' failed
[0.568s] [  0%] [32mBuilding CXX object CMakeFiles/moveit_msgs__rosidl_typesupport_fastrtps_cpp.dir/rosidl_typesupport_fastrtps_cpp/moveit_msgs/msg/dds_fastrtps/display_trajectory__type_support.cpp.o[0m
[0.580s] CMakeFiles/moveit_msgs__rosidl_typesupport_introspection_cpp.dir/build.make:661: recipe for target 'CMakeFiles/moveit_msgs__rosidl_typesupport_introspection_cpp.dir/rosidl_typesupport_introspection_cpp/moveit_msgs/msg/attached_collision_object__type_support.cpp.o' failed
[0.587s] CMakeFiles/moveit_msgs__rosidl_typesupport_introspection_cpp.dir/build.make:1021: recipe for target 'CMakeFiles/moveit_msgs__rosidl_typesupport_introspection_cpp.dir/rosidl_typesupport_introspection_cpp/moveit_msgs/msg/motion_plan_request__type_support.cpp.o' failed
[0.587s] CMakeFiles/Makefile2:110: recipe for target 'CMakeFiles/moveit_msgs__rosidl_typesupport_introspection_cpp.dir/all' failed
[0.598s] [  0%] [32mBuilding CXX object CMakeFiles/moveit_msgs__rosidl_typesupport_fastrtps_cpp.dir/rosidl_typesupport_fastrtps_cpp/moveit_msgs/msg/dds_fastrtps/motion_plan_request__type_support.cpp.o[0m
[0.599s] [  0%] [32mBuilding CXX object CMakeFiles/moveit_msgs__rosidl_typesupport_fastrtps_cpp.dir/rosidl_typesupport_fastrtps_cpp/moveit_msgs/msg/dds_fastrtps/motion_plan_response__type_support.cpp.o[0m
[0.600s] [  1%] [32mBuilding CXX object CMakeFiles/moveit_msgs__rosidl_typesupport_fastrtps_cpp.dir/rosidl_typesupport_fastrtps_cpp/moveit_msgs/msg/dds_fastrtps/collision_object__type_support.cpp.o[0m
[0.623s] [  2%] [32mBuilding CXX object CMakeFiles/moveit_msgs__rosidl_typesupport_fastrtps_cpp.dir/rosidl_typesupport_fastrtps_cpp/moveit_msgs/msg/dds_fastrtps/display_robot_state__type_support.cpp.o[0m
[0.629s] [  3%] [32mBuilding CXX object CMakeFiles/moveit_msgs__rosidl_typesupport_fastrtps_cpp.dir/rosidl_typesupport_fastrtps_cpp/moveit_msgs/msg/dds_fastrtps/move_it_error_codes__type_support.cpp.o[0m
[0.629s] [  3%] [32mBuilding CXX object CMakeFiles/moveit_msgs__rosidl_typesupport_fastrtps_cpp.dir/rosidl_typesupport_fastrtps_cpp/moveit_msgs/msg/dds_fastrtps/motion_plan_detailed_response__type_support.cpp.o[0m
[0.694s] CMakeFiles/moveit_msgs__rosidl_typesupport_fastrtps_cpp.dir/build.make:661: recipe for target 'CMakeFiles/moveit_msgs__rosidl_typesupport_fastrtps_cpp.dir/rosidl_typesupport_fastrtps_cpp/moveit_msgs/msg/dds_fastrtps/attached_collision_object__type_support.cpp.o' failed
[0.712s] CMakeFiles/moveit_msgs__rosidl_typesupport_fastrtps_cpp.dir/build.make:709: recipe for target 'CMakeFiles/moveit_msgs__rosidl_typesupport_fastrtps_cpp.dir/rosidl_typesupport_fastrtps_cpp/moveit_msgs/msg/dds_fastrtps/collision_object__type_support.cpp.o' failed
[0.712s] CMakeFiles/moveit_msgs__rosidl_typesupport_fastrtps_cpp.dir/build.make:829: recipe for target 'CMakeFiles/moveit_msgs__rosidl_typesupport_fastrtps_cpp.dir/rosidl_typesupport_fastrtps_cpp/moveit_msgs/msg/dds_fastrtps/display_trajectory__type_support.cpp.o' failed
[0.755s] CMakeFiles/moveit_msgs__rosidl_typesupport_fastrtps_cpp.dir/build.make:1069: recipe for target 'CMakeFiles/moveit_msgs__rosidl_typesupport_fastrtps_cpp.dir/rosidl_typesupport_fastrtps_cpp/moveit_msgs/msg/dds_fastrtps/motion_plan_detailed_response__type_support.cpp.o' failed
[0.761s] CMakeFiles/moveit_msgs__rosidl_typesupport_fastrtps_cpp.dir/build.make:853: recipe for target 'CMakeFiles/moveit_msgs__rosidl_typesupport_fastrtps_cpp.dir/rosidl_typesupport_fastrtps_cpp/moveit_msgs/msg/dds_fastrtps/display_robot_state__type_support.cpp.o' failed
[0.772s] CMakeFiles/moveit_msgs__rosidl_typesupport_fastrtps_cpp.dir/build.make:1045: recipe for target 'CMakeFiles/moveit_msgs__rosidl_typesupport_fastrtps_cpp.dir/rosidl_typesupport_fastrtps_cpp/moveit_msgs/msg/dds_fastrtps/motion_plan_response__type_support.cpp.o' failed
[0.787s] CMakeFiles/moveit_msgs__rosidl_typesupport_fastrtps_cpp.dir/build.make:1021: recipe for target 'CMakeFiles/moveit_msgs__rosidl_typesupport_fastrtps_cpp.dir/rosidl_typesupport_fastrtps_cpp/moveit_msgs/msg/dds_fastrtps/motion_plan_request__type_support.cpp.o' failed
[1.179s] CMakeFiles/Makefile2:227: recipe for target 'CMakeFiles/moveit_msgs__rosidl_typesupport_fastrtps_cpp.dir/all' failed
[1.180s] Makefile:140: recipe for target 'all' failed
