[0.110s] -- The C compiler identification is GNU 7.4.0
[0.202s] -- The CXX compiler identification is GNU 7.4.0
[0.210s] -- Check for working C compiler: /usr/bin/cc
[0.318s] -- Check for working C compiler: /usr/bin/cc -- works
[0.319s] -- Detecting C compiler ABI info
[0.430s] -- Detecting C compiler ABI info - done
[0.441s] -- Detecting C compile features
[0.831s] -- Detecting C compile features - done
[0.835s] -- Check for working CXX compiler: /usr/bin/c++
[1.029s] -- Check for working CXX compiler: /usr/bin/c++ -- works
[1.029s] -- Detecting CXX compiler ABI info
[1.160s] -- Detecting CXX compiler ABI info - done
[1.169s] -- Detecting CXX compile features
[1.753s] -- Detecting CXX compile features - done
[1.761s] -- Found ament_cmake: 0.7.4 (/opt/ros/dashing/share/ament_cmake/cmake)
[1.841s] -- Found PythonInterp: /usr/bin/python3 (found suitable version "3.6.9", minimum required is "3") 
[1.841s] -- Using PYTHON_EXECUTABLE: /usr/bin/python3
[2.238s] -- Override CMake install command with custom implementation using symlinks instead of copying resources
[2.319s] -- Found example_interfaces: 0.7.1 (/opt/ros/dashing/share/example_interfaces/cmake)
[2.375s] -- Found rosidl_adapter: 0.7.8 (/opt/ros/dashing/share/rosidl_adapter/cmake)
[2.498s] -- Found rclcpp: 0.7.12 (/opt/ros/dashing/share/rclcpp/cmake)
[2.540s] -- Found rmw_implementation_cmake: 0.7.2 (/opt/ros/dashing/share/rmw_implementation_cmake/cmake)
[2.546s] -- Using RMW implementation 'rmw_fastrtps_cpp' as default
[2.547s] -- Looking for pthread.h
[2.715s] -- Looking for pthread.h - found
[2.716s] -- Looking for pthread_create
[2.856s] -- Looking for pthread_create - not found
[2.856s] -- Looking for pthread_create in pthreads
[2.951s] -- Looking for pthread_create in pthreads - not found
[2.952s] -- Looking for pthread_create in pthread
[3.078s] -- Looking for pthread_create in pthread - found
[3.080s] -- Found Threads: TRUE  
[3.155s] -- Found rclcpp_action: 0.7.12 (/opt/ros/dashing/share/rclcpp_action/cmake)
[3.694s] -- Configuring done
[3.762s] -- Generating done
[3.765s] -- Build files have been written to: /home/common/colcon_ws/build/examples_rclcpp_minimal_action_client
[3.853s] [35m[1mScanning dependencies of target action_client_not_composable_with_feedback[0m
[3.859s] [35m[1mScanning dependencies of target action_client_not_composable[0m
[3.871s] [35m[1mScanning dependencies of target action_client_not_composable_with_cancel[0m
[3.878s] [35m[1mScanning dependencies of target action_client_member_functions[0m
[3.902s] [ 25%] Built target action_client_not_composable
[3.918s] [ 50%] Built target action_client_not_composable_with_feedback
[3.921s] [ 75%] Built target action_client_not_composable_with_cancel
[3.926s] [100%] Built target action_client_member_functions
[4.136s] [ 25%] Built target action_client_member_functions
[4.139s] [ 50%] Built target action_client_not_composable
[4.151s] [ 75%] Built target action_client_not_composable_with_feedback
[4.155s] [100%] Built target action_client_not_composable_with_cancel
[4.189s] [36mInstall the project...[0m
[4.205s] -- Install configuration: ""
[4.206s] -- Execute custom install script
[4.207s] -- Up-to-date symlink: /home/common/colcon_ws/install/examples_rclcpp_minimal_action_client/lib/examples_rclcpp_minimal_action_client/action_client_member_functions
[4.207s] -- Up-to-date symlink: /home/common/colcon_ws/install/examples_rclcpp_minimal_action_client/lib/examples_rclcpp_minimal_action_client/action_client_not_composable
[4.208s] -- Up-to-date symlink: /home/common/colcon_ws/install/examples_rclcpp_minimal_action_client/lib/examples_rclcpp_minimal_action_client/action_client_not_composable_with_cancel
[4.208s] -- Up-to-date symlink: /home/common/colcon_ws/install/examples_rclcpp_minimal_action_client/lib/examples_rclcpp_minimal_action_client/action_client_not_composable_with_feedback
[4.209s] -- Up-to-date symlink: /home/common/colcon_ws/install/examples_rclcpp_minimal_action_client/share/ament_index/resource_index/package_run_dependencies/examples_rclcpp_minimal_action_client
[4.210s] -- Up-to-date symlink: /home/common/colcon_ws/install/examples_rclcpp_minimal_action_client/share/ament_index/resource_index/parent_prefix_path/examples_rclcpp_minimal_action_client
[4.210s] -- Up-to-date symlink: /home/common/colcon_ws/install/examples_rclcpp_minimal_action_client/share/examples_rclcpp_minimal_action_client/environment/ament_prefix_path.sh
[4.210s] -- Up-to-date symlink: /home/common/colcon_ws/install/examples_rclcpp_minimal_action_client/share/examples_rclcpp_minimal_action_client/environment/path.sh
[4.210s] -- Up-to-date symlink: /home/common/colcon_ws/install/examples_rclcpp_minimal_action_client/share/examples_rclcpp_minimal_action_client/local_setup.bash
[4.211s] -- Up-to-date symlink: /home/common/colcon_ws/install/examples_rclcpp_minimal_action_client/share/examples_rclcpp_minimal_action_client/local_setup.sh
[4.212s] -- Up-to-date symlink: /home/common/colcon_ws/install/examples_rclcpp_minimal_action_client/share/examples_rclcpp_minimal_action_client/local_setup.zsh
[4.212s] -- Up-to-date symlink: /home/common/colcon_ws/install/examples_rclcpp_minimal_action_client/share/ament_index/resource_index/packages/examples_rclcpp_minimal_action_client
[4.214s] -- Up-to-date symlink: /home/common/colcon_ws/install/examples_rclcpp_minimal_action_client/share/examples_rclcpp_minimal_action_client/cmake/examples_rclcpp_minimal_action_clientConfig.cmake
[4.214s] -- Up-to-date symlink: /home/common/colcon_ws/install/examples_rclcpp_minimal_action_client/share/examples_rclcpp_minimal_action_client/cmake/examples_rclcpp_minimal_action_clientConfig-version.cmake
[4.215s] -- Up-to-date symlink: /home/common/colcon_ws/install/examples_rclcpp_minimal_action_client/share/examples_rclcpp_minimal_action_client/package.xml
