[0.104s] -- The C compiler identification is GNU 7.4.0
[0.187s] -- The CXX compiler identification is GNU 7.4.0
[0.193s] -- Check for working C compiler: /usr/bin/cc
[0.301s] -- Check for working C compiler: /usr/bin/cc -- works
[0.302s] -- Detecting C compiler ABI info
[0.424s] -- Detecting C compiler ABI info - done
[0.433s] -- Detecting C compile features
[0.788s] -- Detecting C compile features - done
[0.792s] -- Check for working CXX compiler: /usr/bin/c++
[0.917s] -- Check for working CXX compiler: /usr/bin/c++ -- works
[0.919s] -- Detecting CXX compiler ABI info
[1.087s] -- Detecting CXX compiler ABI info - done
[1.095s] -- Detecting CXX compile features
[1.707s] -- Detecting CXX compile features - done
[1.711s] -- Found ament_cmake: 0.7.4 (/opt/ros/dashing/share/ament_cmake/cmake)
[1.808s] -- Found PythonInterp: /usr/bin/python3 (found suitable version "3.6.9", minimum required is "3") 
[1.809s] -- Using PYTHON_EXECUTABLE: /usr/bin/python3
[2.231s] -- Override CMake install command with custom implementation using symlinks instead of copying resources
[2.278s] -- Found example_interfaces: 0.7.1 (/opt/ros/dashing/share/example_interfaces/cmake)
[2.312s] -- Found rosidl_adapter: 0.7.8 (/opt/ros/dashing/share/rosidl_adapter/cmake)
[2.403s] -- Found rclcpp: 0.7.12 (/opt/ros/dashing/share/rclcpp/cmake)
[2.430s] -- Found rmw_implementation_cmake: 0.7.2 (/opt/ros/dashing/share/rmw_implementation_cmake/cmake)
[2.440s] -- Using RMW implementation 'rmw_fastrtps_cpp' as default
[2.440s] -- Looking for pthread.h
[2.551s] -- Looking for pthread.h - found
[2.552s] -- Looking for pthread_create
[2.674s] -- Looking for pthread_create - not found
[2.675s] -- Looking for pthread_create in pthreads
[2.770s] -- Looking for pthread_create in pthreads - not found
[2.771s] -- Looking for pthread_create in pthread
[2.885s] -- Looking for pthread_create in pthread - found
[2.887s] -- Found Threads: TRUE  
[2.944s] -- Found rclcpp_action: 0.7.12 (/opt/ros/dashing/share/rclcpp_action/cmake)
[3.319s] -- Configuring done
[3.357s] -- Generating done
[3.360s] -- Build files have been written to: /home/common/colcon_ws/build/examples_rclcpp_minimal_action_server
[3.460s] [35m[1mScanning dependencies of target action_server_member_functions[0m
[3.463s] [35m[1mScanning dependencies of target action_server_not_composable[0m
[3.513s] [ 50%] Built target action_server_not_composable
[3.518s] [100%] Built target action_server_member_functions
[3.719s] [ 50%] Built target action_server_member_functions
[3.733s] [100%] Built target action_server_not_composable
[3.769s] [36mInstall the project...[0m
[3.782s] -- Install configuration: ""
[3.783s] -- Execute custom install script
[3.783s] -- Up-to-date symlink: /home/common/colcon_ws/install/examples_rclcpp_minimal_action_server/lib/examples_rclcpp_minimal_action_server/action_server_not_composable
[3.783s] -- Up-to-date symlink: /home/common/colcon_ws/install/examples_rclcpp_minimal_action_server/lib/examples_rclcpp_minimal_action_server/action_server_member_functions
[3.784s] -- Up-to-date symlink: /home/common/colcon_ws/install/examples_rclcpp_minimal_action_server/share/ament_index/resource_index/package_run_dependencies/examples_rclcpp_minimal_action_server
[3.784s] -- Up-to-date symlink: /home/common/colcon_ws/install/examples_rclcpp_minimal_action_server/share/ament_index/resource_index/parent_prefix_path/examples_rclcpp_minimal_action_server
[3.784s] -- Up-to-date symlink: /home/common/colcon_ws/install/examples_rclcpp_minimal_action_server/share/examples_rclcpp_minimal_action_server/environment/ament_prefix_path.sh
[3.785s] -- Up-to-date symlink: /home/common/colcon_ws/install/examples_rclcpp_minimal_action_server/share/examples_rclcpp_minimal_action_server/environment/path.sh
[3.785s] -- Up-to-date symlink: /home/common/colcon_ws/install/examples_rclcpp_minimal_action_server/share/examples_rclcpp_minimal_action_server/local_setup.bash
[3.785s] -- Up-to-date symlink: /home/common/colcon_ws/install/examples_rclcpp_minimal_action_server/share/examples_rclcpp_minimal_action_server/local_setup.sh
[3.786s] -- Up-to-date symlink: /home/common/colcon_ws/install/examples_rclcpp_minimal_action_server/share/examples_rclcpp_minimal_action_server/local_setup.zsh
[3.786s] -- Up-to-date symlink: /home/common/colcon_ws/install/examples_rclcpp_minimal_action_server/share/ament_index/resource_index/packages/examples_rclcpp_minimal_action_server
[3.786s] -- Up-to-date symlink: /home/common/colcon_ws/install/examples_rclcpp_minimal_action_server/share/examples_rclcpp_minimal_action_server/cmake/examples_rclcpp_minimal_action_serverConfig.cmake
[3.787s] -- Up-to-date symlink: /home/common/colcon_ws/install/examples_rclcpp_minimal_action_server/share/examples_rclcpp_minimal_action_server/cmake/examples_rclcpp_minimal_action_serverConfig-version.cmake
[3.787s] -- Up-to-date symlink: /home/common/colcon_ws/install/examples_rclcpp_minimal_action_server/share/examples_rclcpp_minimal_action_server/package.xml
